2025-03-22 23:07:22,481 : INFO : root : Loading config.
2025-03-22 23:07:22,485 : INFO : YamlMultifileConfigLoader : Machine config file #1: config.yaml
2025-03-22 23:07:22,486 : INFO : ConfigProcessor : Loading config from cache: C:\Users\duffb\AppData\Local\Temp\cadfdee4981114acd6fff59d1071b59b.mpf_cache
2025-03-22 23:07:22,615 : INFO : ConfigProcessor : Loading config from cache: C:\Users\duffb\AppData\Local\Temp\ee7db1e8d011f44c876692bb4657f2e9.mpf_cache
2025-03-22 23:07:22,616 : INFO : ConfigProcessor : Loading config from cache: C:\Users\duffb\AppData\Local\Temp\9f058d482eac17116727d62a93500be7.mpf_cache
2025-03-22 23:07:22,616 : INFO : ConfigProcessor : Loading config from cache: C:\Users\duffb\AppData\Local\Temp\2c9362052ff91db960f514d041b7f4e4.mpf_cache
2025-03-22 23:07:22,617 : INFO : ConfigProcessor : Loading config from cache: C:\Users\duffb\AppData\Local\Temp\9e006ea23aa21ec68e01f6c49afad9f4.mpf_cache
2025-03-22 23:07:22,619 : INFO : ConfigProcessor : Loading config from cache: C:\Users\duffb\AppData\Local\Temp\fd253b339e263587268891c4dd997fbd.mpf_cache
2025-03-22 23:07:22,619 : INFO : ConfigProcessor : Loading config from cache: C:\Users\duffb\AppData\Local\Temp\c114ce798d07012a33b8b14d8f953bb7.mpf_cache
2025-03-22 23:07:22,620 : INFO : ConfigProcessor : Loading config from cache: C:\Users\duffb\AppData\Local\Temp\ef70c2e65c3659b77bacdd3a7a24b233.mpf_cache
2025-03-22 23:07:22,621 : INFO : ConfigProcessor : Loading config from cache: C:\Users\duffb\AppData\Local\Temp\ec6e376f0ea10a5fdf8f7130b4bbbe7c.mpf_cache
2025-03-22 23:07:22,622 : INFO : Machine : Mission Pinball Framework Core Engine v0.57.0
2025-03-22 23:07:22,622 : INFO : Machine : Command line arguments: {'no_load_cache': False, 'create_config_cache': True, 'bcp': True, 'configfile': ['config.yaml'], 'force_assets_load': False, 'platform_integration_test': False, 'jsonlogging': False, 'logfile': 'logs\\2025-03-22-23-07-22-mpf-T0SHIII.log', 'pause': False, 'production': False, 'text_ui': True, 'loglevel': 15, 'consoleloglevel': 20, 'force_platform': None, 'syslog_address': None, 'mc_file_name': None, 'no_sound': False}
2025-03-22 23:07:22,622 : INFO : Machine : MPF path: C:\Users\duffb\.pyenv\pyenv-win\versions\3.11.0\Lib\site-packages\mpf
2025-03-22 23:07:22,622 : INFO : Machine : Machine path: C:\Users\duffb\OneDrive\Documents\Python Envs\PinBallWW1\Machine
2025-03-22 23:07:22,622 : INFO : Machine : Platform: win32
2025-03-22 23:07:22,622 : INFO : Machine : Python executable location: C:\Users\duffb\.pyenv\pyenv-win\versions\3.11.0\python.exe
2025-03-22 23:07:22,622 : INFO : Machine : Python version: 3.11.0 (64-bit)
2025-03-22 23:07:22,624 : INFO : Machine : Initializing MPF...
2025-03-22 23:07:22,837 : INFO : EventManager : Event: ======'machine_var_credits_string'====== Args={'value': 'FREE PLAY', 'prev_value': None, 'change': True}
2025-03-22 23:07:22,899 : INFO : EventManager : Event: ======'machine_var_master_volume'====== Args={'value': 0.5, 'prev_value': None, 'change': True}
2025-03-22 23:07:22,899 : INFO : EventManager : Event: ======'machine_var_player1_score'====== Args={'value': 8000, 'prev_value': None, 'change': True}
2025-03-22 23:07:22,899 : INFO : EventManager : Event: ======'machine_var_player2_score'====== Args={'value': 1000, 'prev_value': None, 'change': True}
2025-03-22 23:07:22,899 : INFO : EventManager : Event: ======'machine_var_mpf_version'====== Args={'value': 'Mission Pinball Framework v0.57.0', 'prev_value': None, 'change': True}
2025-03-22 23:07:22,899 : INFO : EventManager : Event: ======'machine_var_mpf_extended_version'====== Args={'value': 'Mission Pinball Framework v0.57.0, Config version:6, Show version: 6, BCP version:1.1', 'prev_value': None, 'change': True}
2025-03-22 23:07:22,899 : INFO : EventManager : Event: ======'machine_var_python_version'====== Args={'value': '3.11.0', 'prev_value': None, 'change': True}
2025-03-22 23:07:22,912 : INFO : EventManager : Event: ======'machine_var_platform'====== Args={'value': 'Windows-10-10.0.26100-SP0', 'prev_value': None, 'change': True}
2025-03-22 23:07:22,913 : INFO : EventManager : Event: ======'machine_var_platform_system'====== Args={'value': 'Windows', 'prev_value': None, 'change': True}
2025-03-22 23:07:22,913 : INFO : EventManager : Event: ======'machine_var_platform_release'====== Args={'value': '10', 'prev_value': None, 'change': True}
2025-03-22 23:07:22,913 : INFO : EventManager : Event: ======'machine_var_platform_version'====== Args={'value': '10.0.26100', 'prev_value': None, 'change': True}
2025-03-22 23:07:22,913 : INFO : EventManager : Event: ======'machine_var_platform_machine'====== Args={'value': 'AMD64', 'prev_value': None, 'change': True}
2025-03-22 23:07:22,913 : INFO : EventManager : Event: ======'init_phase_1'====== Args={}
2025-03-22 23:07:22,938 : INFO : EventManager : Event: ======'init_phase_2'====== Args={}
2025-03-22 23:07:22,938 : INFO : SwitchController : Found active switch: ('3', <Platform.SmartVirtual>) <switch.s_trough1>
2025-03-22 23:07:22,938 : INFO : SwitchController : Found active switch: ('4', <Platform.SmartVirtual>) <switch.s_trough2>
2025-03-22 23:07:22,938 : INFO : SwitchController : Found active switch: ('5', <Platform.SmartVirtual>) <switch.s_trough3>
2025-03-22 23:07:22,940 : INFO : EventManager : Event: ======'bcp_connection_attempt'====== Args={'name': 'local_display', 'host': 'localhost', 'port': 5050}
2025-03-22 23:07:22,943 : INFO : BCPClientSocket : Connecting BCP to 'local_display' at localhost:5050...
2025-03-22 23:07:25,002 : INFO : BCPClientSocket : Connected BCP to 'local_display' localhost:5050
2025-03-22 23:07:25,004 : INFO : EventManager : Event: ======'bcp_clients_connected'====== Args={}
2025-03-22 23:07:25,293 : INFO : ball_device.bd_trough : BCH: Initial count: 3
2025-03-22 23:07:25,293 : INFO : EventManager : Event: ======'machine_var_mc_version'====== Args={'value': 'MPF-MC v0.57.1', 'prev_value': None, 'change': True}
2025-03-22 23:07:25,293 : INFO : EventManager : Event: ======'machine_var_mc_extended_version'====== Args={'value': 'MPF-MC v0.57.1 (config_version=6, BCP v1.1,                      Requires MPF API compatibility v0.57.0 or newer)', 'prev_value': None, 'change': True}
2025-03-22 23:07:25,295 : INFO : ball_device.bd_trough : State: idle
2025-03-22 23:07:25,347 : INFO : ball_device.bd_plunger_lane : BCH: Initial count: 0
2025-03-22 23:07:25,348 : INFO : ball_device.bd_plunger_lane : State: idle
2025-03-22 23:07:25,389 : INFO : EventManager : Event: ======'init_phase_3'====== Args={}
2025-03-22 23:07:25,400 : INFO : EventManager : Event: ======'init_phase_4'====== Args={}
2025-03-22 23:07:25,400 : INFO : BallController : Initial balls found: 3
2025-03-22 23:07:25,401 : INFO : EventManager : Event: ======'machine_var_audits_events_game_ended'====== Args={'value': 13, 'prev_value': None, 'change': True}
2025-03-22 23:07:25,401 : INFO : EventManager : Event: ======'machine_var_audits_events_game_started'====== Args={'value': 76, 'prev_value': None, 'change': True}
2025-03-22 23:07:25,401 : INFO : EventManager : Event: ======'machine_var_audits_missing_switches_s_Lane2'====== Args={'value': 4, 'prev_value': None, 'change': True}
2025-03-22 23:07:25,401 : INFO : EventManager : Event: ======'machine_var_audits_missing_switches_s_Lane3'====== Args={'value': 4, 'prev_value': None, 'change': True}
2025-03-22 23:07:25,401 : INFO : EventManager : Event: ======'machine_var_audits_missing_switches_s_Lane4'====== Args={'value': 3, 'prev_value': None, 'change': True}
2025-03-22 23:07:25,401 : INFO : EventManager : Event: ======'machine_var_audits_missing_switches_s_Target1'====== Args={'value': 3, 'prev_value': None, 'change': True}
2025-03-22 23:07:25,401 : INFO : EventManager : Event: ======'machine_var_audits_missing_switches_s_Target2'====== Args={'value': 3, 'prev_value': None, 'change': True}
2025-03-22 23:07:25,401 : INFO : EventManager : Event: ======'machine_var_audits_missing_switches_s_Target3'====== Args={'value': 3, 'prev_value': None, 'change': True}
2025-03-22 23:07:25,401 : INFO : EventManager : Event: ======'machine_var_audits_missing_switches_s_Target4'====== Args={'value': 3, 'prev_value': None, 'change': True}
2025-03-22 23:07:25,402 : INFO : EventManager : Event: ======'machine_var_audits_missing_switches_s_drain'====== Args={'value': 6, 'prev_value': None, 'change': True}
2025-03-22 23:07:25,402 : INFO : EventManager : Event: ======'machine_var_audits_missing_switches_s_left_flipper'====== Args={'value': 24, 'prev_value': None, 'change': True}
2025-03-22 23:07:25,402 : INFO : EventManager : Event: ======'machine_var_audits_missing_switches_s_right_flipper'====== Args={'value': 24, 'prev_value': None, 'change': True}
2025-03-22 23:07:25,402 : INFO : EventManager : Event: ======'machine_var_audits_missing_switches_s_start_button'====== Args={'value': 11, 'prev_value': None, 'change': True}
2025-03-22 23:07:25,402 : INFO : EventManager : Event: ======'machine_var_audits_missing_switches_s_trough1'====== Args={'value': 29, 'prev_value': None, 'change': True}
2025-03-22 23:07:25,402 : INFO : EventManager : Event: ======'machine_var_audits_missing_switches_s_trough2'====== Args={'value': 32, 'prev_value': None, 'change': True}
2025-03-22 23:07:25,402 : INFO : EventManager : Event: ======'machine_var_audits_missing_switches_s_trough3'====== Args={'value': 36, 'prev_value': None, 'change': True}
2025-03-22 23:07:25,402 : INFO : EventManager : Event: ======'machine_var_audits_missing_switches_s_trough_enter'====== Args={'value': 31, 'prev_value': None, 'change': True}
2025-03-22 23:07:25,402 : INFO : EventManager : Event: ======'machine_var_audits_player_score'====== Args={'value': {'average': 124, 'top': [8000, 1000, 0, 0, 0, 0, 0, 0, 0, 0], 'total': 16}, 'prev_value': None, 'change': True}
2025-03-22 23:07:25,402 : INFO : EventManager : Event: ======'machine_var_audits_switches_s_Lane1'====== Args={'value': 40, 'prev_value': None, 'change': True}
2025-03-22 23:07:25,402 : INFO : EventManager : Event: ======'machine_var_audits_switches_s_Lane2'====== Args={'value': 26, 'prev_value': None, 'change': True}
2025-03-22 23:07:25,403 : INFO : EventManager : Event: ======'machine_var_audits_switches_s_Lane3'====== Args={'value': 24, 'prev_value': None, 'change': True}
2025-03-22 23:07:25,403 : INFO : EventManager : Event: ======'machine_var_audits_switches_s_Lane4'====== Args={'value': 28, 'prev_value': None, 'change': True}
2025-03-22 23:07:25,403 : INFO : EventManager : Event: ======'machine_var_audits_switches_s_Target1'====== Args={'value': 69, 'prev_value': None, 'change': True}
2025-03-22 23:07:25,403 : INFO : EventManager : Event: ======'machine_var_audits_switches_s_Target2'====== Args={'value': 62, 'prev_value': None, 'change': True}
2025-03-22 23:07:25,403 : INFO : EventManager : Event: ======'machine_var_audits_switches_s_Target3'====== Args={'value': 69, 'prev_value': None, 'change': True}
2025-03-22 23:07:25,403 : INFO : EventManager : Event: ======'machine_var_audits_switches_s_Target4'====== Args={'value': 58, 'prev_value': None, 'change': True}
2025-03-22 23:07:25,403 : INFO : EventManager : Event: ======'machine_var_audits_switches_s_drain'====== Args={'value': 0, 'prev_value': None, 'change': True}
2025-03-22 23:07:25,403 : INFO : EventManager : Event: ======'machine_var_audits_switches_s_launcher_button'====== Args={'value': 154, 'prev_value': None, 'change': True}
2025-03-22 23:07:25,403 : INFO : EventManager : Event: ======'machine_var_audits_switches_s_left_flipper'====== Args={'value': 103, 'prev_value': None, 'change': True}
2025-03-22 23:07:25,404 : INFO : EventManager : Event: ======'machine_var_audits_switches_s_playfield_entry'====== Args={'value': 212, 'prev_value': None, 'change': True}
2025-03-22 23:07:25,404 : INFO : EventManager : Event: ======'machine_var_audits_switches_s_plunger_lane'====== Args={'value': 160, 'prev_value': None, 'change': True}
2025-03-22 23:07:25,404 : INFO : EventManager : Event: ======'machine_var_audits_switches_s_pointTarget'====== Args={'value': 193, 'prev_value': None, 'change': True}
2025-03-22 23:07:25,404 : INFO : EventManager : Event: ======'machine_var_audits_switches_s_right_flipper'====== Args={'value': 95, 'prev_value': None, 'change': True}
2025-03-22 23:07:25,404 : INFO : EventManager : Event: ======'machine_var_audits_switches_s_start_button'====== Args={'value': 0, 'prev_value': None, 'change': True}
2025-03-22 23:07:25,404 : INFO : EventManager : Event: ======'machine_var_audits_switches_s_trough1'====== Args={'value': 109, 'prev_value': None, 'change': True}
2025-03-22 23:07:25,405 : INFO : EventManager : Event: ======'machine_var_audits_switches_s_trough2'====== Args={'value': 17, 'prev_value': None, 'change': True}
2025-03-22 23:07:25,405 : INFO : EventManager : Event: ======'machine_var_audits_switches_s_trough3'====== Args={'value': 14, 'prev_value': None, 'change': True}
2025-03-22 23:07:25,405 : INFO : EventManager : Event: ======'machine_var_audits_switches_s_trough_enter'====== Args={'value': 1, 'prev_value': None, 'change': True}
2025-03-22 23:07:25,406 : INFO : EventManager : Event: ======'init_phase_5'====== Args={}
2025-03-22 23:07:25,444 : INFO : EventManager : Event: ======'init_done'====== Args={}
2025-03-22 23:07:25,444 : INFO : EventManager : Event: ======'machine_reset_phase_1'====== Args={}
2025-03-22 23:07:25,448 : INFO : EventManager : Event: ======'slide_welcome_slide_removed'====== Args={'_from_bcp': True}
2025-03-22 23:07:25,453 : INFO : EventManager : Event: ======'slide_welcome_slide_created'====== Args={'_from_bcp': True}
2025-03-22 23:07:25,454 : INFO : EventManager : Event: ======'machine_reset_phase_2'====== Args={}
2025-03-22 23:07:25,454 : INFO : EventManager : Event: ======'machine_reset_phase_3'====== Args={}
2025-03-22 23:07:25,454 : INFO : EventManager : Event: ======'reset_complete'====== Args={}
2025-03-22 23:07:25,454 : INFO : EventManager : Event: ======'mode_attract_will_start'====== Args={}
2025-03-22 23:07:25,456 : INFO : EventManager : Event: ======'mode_attract_starting'====== Args={}
2025-03-22 23:07:25,456 : INFO : Mode.attract : Started. Priority: 10
2025-03-22 23:07:25,456 : INFO : EventManager : Event: ======'modes_active_modes_changed'====== Args={}
2025-03-22 23:07:25,456 : INFO : EventManager : Event: ======'mode_attract_started'====== Args={}
2025-03-22 23:07:25,457 : INFO : EventManager : Event: ======'cmd_flipper_disable'====== Args={'priority': 0}
2025-03-22 23:07:25,457 : INFO : EventManager : Event: ======'cmd_launcher_disable'====== Args={'priority': 0}
2025-03-22 23:07:25,457 : INFO : EventManager : Event: ======'collecting_balls_complete'====== Args={}
2025-03-22 23:07:25,508 : INFO : EventManager : Event: ======'slide_welcome_slide_active'====== Args={'_from_bcp': True}
2025-03-22 23:07:25,508 : INFO : EventManager : Event: ======'slide_ship_slide_created'====== Args={'_from_bcp': True}
2025-03-22 23:07:25,508 : INFO : EventManager : Event: ======'slide_ship_slide_active'====== Args={'_from_bcp': True}
2025-03-22 23:07:25,509 : INFO : Machine : Starting the main run loop.
2025-03-22 23:07:25,794 : INFO : BcpServer : New client connected.
2025-03-22 23:07:30,485 : INFO : EventManager : Event: ======'slide_starting_slide_created'====== Args={'_from_bcp': True}
2025-03-22 23:07:30,490 : INFO : EventManager : Event: ======'slide_starting_slide_active'====== Args={'_from_bcp': True}
2025-03-22 23:07:35,486 : INFO : EventManager : Event: ======'slide_company_slide_created'====== Args={'_from_bcp': True}
2025-03-22 23:07:35,494 : INFO : EventManager : Event: ======'slide_company_slide_active'====== Args={'_from_bcp': True}
2025-03-22 23:07:40,482 : INFO : EventManager : Event: ======'slide_lastgame_slide_created'====== Args={'_from_bcp': True}
2025-03-22 23:07:40,488 : INFO : EventManager : Event: ======'slide_lastgame_slide_active'====== Args={'_from_bcp': True}
2025-03-22 23:07:45,481 : INFO : EventManager : Event: ======'slide_ship_slide_removed'====== Args={'_from_bcp': True}
2025-03-22 23:07:45,484 : INFO : EventManager : Event: ======'slide_ship_slide_created'====== Args={'_from_bcp': True}
2025-03-22 23:07:45,484 : INFO : EventManager : Event: ======'slide_ship_slide_active'====== Args={'_from_bcp': True}
2025-03-22 23:07:50,476 : INFO : EventManager : Event: ======'slide_starting_slide_removed'====== Args={'_from_bcp': True}
2025-03-22 23:07:50,489 : INFO : EventManager : Event: ======'slide_starting_slide_created'====== Args={'_from_bcp': True}
2025-03-22 23:07:50,492 : INFO : EventManager : Event: ======'slide_starting_slide_active'====== Args={'_from_bcp': True}
2025-03-22 23:07:55,476 : INFO : EventManager : Event: ======'slide_company_slide_removed'====== Args={'_from_bcp': True}
2025-03-22 23:07:55,485 : INFO : EventManager : Event: ======'slide_company_slide_created'====== Args={'_from_bcp': True}
2025-03-22 23:07:55,487 : INFO : EventManager : Event: ======'slide_company_slide_active'====== Args={'_from_bcp': True}
2025-03-22 23:08:00,466 : INFO : EventManager : Event: ======'slide_lastgame_slide_removed'====== Args={'_from_bcp': True}
2025-03-22 23:08:00,470 : INFO : EventManager : Event: ======'slide_lastgame_slide_created'====== Args={'_from_bcp': True}
2025-03-22 23:08:00,471 : INFO : EventManager : Event: ======'slide_lastgame_slide_active'====== Args={'_from_bcp': True}
2025-03-22 23:08:05,472 : INFO : EventManager : Event: ======'slide_ship_slide_removed'====== Args={'_from_bcp': True}
2025-03-22 23:08:05,479 : INFO : EventManager : Event: ======'slide_ship_slide_created'====== Args={'_from_bcp': True}
2025-03-22 23:08:05,490 : INFO : EventManager : Event: ======'slide_ship_slide_active'====== Args={'_from_bcp': True}
2025-03-22 23:08:07,631 : INFO : SwitchController : <<<<<<< 's_launcher_button' active >>>>>>>
2025-03-22 23:08:07,765 : INFO : SwitchController : <<<<<<< 's_launcher_button' inactive >>>>>>>
2025-03-22 23:08:07,872 : INFO : SwitchController : <<<<<<< 's_launcher_button' active >>>>>>>
2025-03-22 23:08:08,178 : INFO : SwitchController : <<<<<<< 's_launcher_button' inactive >>>>>>>
2025-03-22 23:08:08,277 : INFO : SwitchController : <<<<<<< 's_launcher_button' active >>>>>>>
2025-03-22 23:08:08,382 : INFO : SwitchController : <<<<<<< 's_launcher_button' inactive >>>>>>>
2025-03-22 23:08:08,468 : INFO : SwitchController : <<<<<<< 's_launcher_button' active >>>>>>>
2025-03-22 23:08:08,561 : INFO : SwitchController : <<<<<<< 's_launcher_button' inactive >>>>>>>
2025-03-22 23:08:08,639 : INFO : SwitchController : <<<<<<< 's_launcher_button' active >>>>>>>
2025-03-22 23:08:08,758 : INFO : SwitchController : <<<<<<< 's_launcher_button' inactive >>>>>>>
2025-03-22 23:08:10,481 : INFO : EventManager : Event: ======'slide_starting_slide_removed'====== Args={'_from_bcp': True}
2025-03-22 23:08:10,482 : INFO : EventManager : Event: ======'slide_starting_slide_created'====== Args={'_from_bcp': True}
2025-03-22 23:08:10,483 : INFO : EventManager : Event: ======'slide_starting_slide_active'====== Args={'_from_bcp': True}
2025-03-22 23:08:15,473 : INFO : EventManager : Event: ======'slide_company_slide_removed'====== Args={'_from_bcp': True}
2025-03-22 23:08:15,477 : INFO : EventManager : Event: ======'slide_company_slide_created'====== Args={'_from_bcp': True}
2025-03-22 23:08:15,479 : INFO : EventManager : Event: ======'slide_company_slide_active'====== Args={'_from_bcp': True}
2025-03-22 23:08:18,607 : INFO : SwitchController : <<<<<<< 's_start_button' active >>>>>>>
2025-03-22 23:08:18,690 : INFO : SwitchController : <<<<<<< 's_start_button' inactive >>>>>>>
2025-03-22 23:08:18,690 : INFO : EventManager : Event: ======'request_to_start_game'====== Args={}
2025-03-22 23:08:18,698 : INFO : EventManager : Event: ======'game_start'====== Args={'buttons': [], 'hold_time': 0.09300000000803266}
2025-03-22 23:08:18,698 : INFO : EventManager : Event: ======'mode_game_will_start'====== Args={'buttons': [], 'hold_time': 0.09300000000803266}
2025-03-22 23:08:18,699 : INFO : EventManager : Event: ======'mode_game_starting'====== Args={'buttons': [], 'hold_time': 0.09300000000803266}
2025-03-22 23:08:18,699 : INFO : EventManager : Event: ======'mode_attract_will_stop'====== Args={}
2025-03-22 23:08:18,699 : INFO : EventManager : Event: ======'mode_attract_stopping'====== Args={}
2025-03-22 23:08:18,699 : INFO : Mode.attract : Stopped.
2025-03-22 23:08:18,699 : INFO : EventManager : Event: ======'modes_active_modes_changed'====== Args={}
2025-03-22 23:08:18,699 : INFO : EventManager : Event: ======'mode_attract_stopped'====== Args={}
2025-03-22 23:08:18,699 : INFO : EventManager : Event: ======'clear'====== Args={'key': 'attract'}
2025-03-22 23:08:18,699 : INFO : Mode.game : Started. Priority: 20
2025-03-22 23:08:18,699 : INFO : EventManager : Event: ======'modes_active_modes_changed'====== Args={}
2025-03-22 23:08:18,700 : INFO : EventManager : Event: ======'mode_game_started'====== Args={'buttons': [], 'hold_time': 0.09300000000803266}
2025-03-22 23:08:18,701 : INFO : EventManager : Event: ======'game_will_start'====== Args={}
2025-03-22 23:08:18,706 : INFO : EventManager : Event: ======'game_starting'====== Args={'game': <Mode.game>}
2025-03-22 23:08:18,707 : INFO : EventManager : Unordered handler for class <Auditor> on event game_ended with priority 1. Handlers: [RegisteredHandler(callback=<bound method Auditor.disable of <Auditor>>, priority=1, kwargs={}, key=UUID('c276f8d4-49be-4885-b09b-357dd0714a99'), condition=None, blocking_facility=None), RegisteredHandler(callback=<bound method Auditor._save_audits of <Auditor>>, priority=1, kwargs={}, key=UUID('14d10cb3-9fd1-4a3c-bf7e-bf0f363b6200'), condition=None, blocking_facility=None)]. The order of those handlers is not defined and they will be executed in random order. This might lead to race conditions and potential bugs.
2025-03-22 23:08:18,709 : INFO : EventManager : Event: ======'player_add_request'====== Args={}
2025-03-22 23:08:18,709 : INFO : EventManager : Event: ======'player_will_add'====== Args={'number': 1}
2025-03-22 23:08:18,709 : INFO : EventManager : Event: ======'player_adding'====== Args={'player': <Player 1>, 'number': 1}
2025-03-22 23:08:18,709 : INFO : EventManager : Event: ======'player_added'====== Args={'player': <Player 1>, 'num': 1}
2025-03-22 23:08:18,709 : INFO : Mode.game : Player added successfully. Total players: 1
2025-03-22 23:08:18,709 : INFO : EventManager : Event: ======'player_index'====== Args={'value': 0, 'prev_value': 0, 'change': 0, 'player_num': 1}
2025-03-22 23:08:18,709 : INFO : EventManager : Event: ======'player_number'====== Args={'value': 1, 'prev_value': 1, 'change': 0, 'player_num': 1}
2025-03-22 23:08:18,710 : INFO : EventManager : Event: ======'player_score'====== Args={'value': 0, 'prev_value': 0, 'change': 0, 'player_num': 1}
2025-03-22 23:08:18,711 : INFO : EventManager : Event: ======'game_started'====== Args={}
2025-03-22 23:08:18,722 : INFO : EventManager : Event: ======'player_turn_will_start'====== Args={'player': <Player 1>, 'number': 1}
2025-03-22 23:08:18,726 : INFO : EventManager : Event: ======'slide_lastgame_slide_removed'====== Args={'_from_bcp': True}
2025-03-22 23:08:18,726 : INFO : EventManager : Event: ======'slide_ship_slide_removed'====== Args={'_from_bcp': True}
2025-03-22 23:08:18,726 : INFO : EventManager : Event: ======'slide_starting_slide_removed'====== Args={'_from_bcp': True}
2025-03-22 23:08:18,726 : INFO : EventManager : Event: ======'slide_company_slide_removed'====== Args={'_from_bcp': True}
2025-03-22 23:08:18,726 : INFO : EventManager : Event: ======'slide_welcome_slide_active'====== Args={'_from_bcp': True}
2025-03-22 23:08:18,727 : INFO : EventManager : Event: ======'player_turn_starting'====== Args={'player': <Player 1>, 'number': 1}
2025-03-22 23:08:18,727 : INFO : EventManager : Event: ======'player_ball'====== Args={'value': 1, 'prev_value': 0, 'change': 1, 'player_num': 1}
2025-03-22 23:08:18,729 : INFO : EventManager : Event: ======'player_turn_started'====== Args={'player': <Player 1>, 'number': 1}
2025-03-22 23:08:18,729 : INFO : EventManager : Event: ======'ball_will_start'====== Args={'player': 1, 'ball': 1, 'balls_remaining': 2, 'is_extra_ball': False}
2025-03-22 23:08:18,732 : INFO : EventManager : Event: ======'ball_starting'====== Args={'player': 1, 'ball': 1, 'balls_remaining': 2, 'is_extra_ball': False}
2025-03-22 23:08:18,732 : INFO : EventManager : Event: ======'balls_in_play'====== Args={'balls': 1}
2025-03-22 23:08:18,732 : INFO : EventManager : Event: ======'ball_started'====== Args={'player': 1, 'ball': 1, 'balls_remaining': 2, 'is_extra_ball': False}
2025-03-22 23:08:18,734 : INFO : EventManager : Event: ======'mode_intro_will_start'====== Args={'player': 1, 'ball': 1, 'balls_remaining': 2, 'is_extra_ball': False}
2025-03-22 23:08:18,735 : INFO : EventManager : Event: ======'mode_intro_starting'====== Args={'player': 1, 'ball': 1, 'balls_remaining': 2, 'is_extra_ball': False}
2025-03-22 23:08:18,735 : INFO : Mode.intro : Started. Priority: 200
2025-03-22 23:08:18,735 : INFO : EventManager : Event: ======'modes_active_modes_changed'====== Args={}
2025-03-22 23:08:18,735 : INFO : EventManager : Event: ======'mode_intro_started'====== Args={'player': 1, 'ball': 1, 'balls_remaining': 2, 'is_extra_ball': False}
2025-03-22 23:08:18,736 : INFO : EventManager : Event: ======'single_player_ball_started'====== Args={}
2025-03-22 23:08:18,765 : INFO : EventManager : Event: ======'ball_start_target'====== Args={'target': 'playfield'}
2025-03-22 23:08:18,766 : INFO : EventManager : Event: ======'slide_objective_slide_created'====== Args={'_from_bcp': True}
2025-03-22 23:08:18,766 : INFO : EventManager : Event: ======'slide_objective_slide_active'====== Args={'_from_bcp': True}
2025-03-22 23:08:18,766 : INFO : ball_device.bd_plunger_lane : Setting up player-controlled eject. Balls: 1, Target: <playfield.playfield>, player_controlled_eject_event: s_launcher_button_active{mode.base.active}
2025-03-22 23:08:18,767 : INFO : EventManager : Event: ======'balldevice_balls_available'====== Args={}
2025-03-22 23:08:18,767 : INFO : ball_device.bd_trough : State: waiting_for_target_ready
2025-03-22 23:08:18,767 : INFO : EventManager : Event: ======'balldevice_bd_trough_ball_eject_attempt'====== Args={'balls': 1, 'target': <ball_device.bd_plunger_lane>, 'source': <ball_device.bd_trough>, 'mechanical_eject': True, 'num_attempts': 0}
2025-03-22 23:08:18,767 : INFO : ball_device.bd_plunger_lane : State: waiting_for_ball
2025-03-22 23:08:18,767 : INFO : ball_device.bd_trough : State: ejecting
2025-03-22 23:08:18,767 : INFO : ball_device.bd_trough : Ejecting ball to <ball_device.bd_plunger_lane>
2025-03-22 23:08:18,768 : INFO : EventManager : Event: ======'balldevice_bd_trough_ejecting_ball'====== Args={'balls': 1, 'target': <ball_device.bd_plunger_lane>, 'source': <ball_device.bd_trough>, 'mechanical_eject': True, 'num_attempts': 0}
2025-03-22 23:08:18,769 : INFO : ball_device.bd_trough : Wait for ball to leave device
2025-03-22 23:08:18,769 : INFO : coil.c_trough_release : Pulsing Driver for 20ms (1.0 pulse_power)
2025-03-22 23:08:18,769 : INFO : SwitchController : <<<<<<< 's_trough1' inactive >>>>>>>
2025-03-22 23:08:18,775 : INFO : ball_device.bd_trough : State: ball_left
2025-03-22 23:08:18,775 : INFO : ball_device.bd_trough : Ball left
2025-03-22 23:08:18,775 : INFO : ball_device.bd_trough : Wait for confirm with timeout 3.0
2025-03-22 23:08:18,863 : INFO : SwitchController : <<<<<<< 's_plunger_lane' active >>>>>>>
2025-03-22 23:08:18,864 : INFO : EventManager : Event: ======'machine_var_audits_switches_s_plunger_lane'====== Args={'value': 161, 'prev_value': 160, 'change': 1}
2025-03-22 23:08:19,362 : INFO : ball_device.bd_plunger_lane : Received ball from <ball_device.bd_trough>
2025-03-22 23:08:19,363 : INFO : EventManager : Event: ======'balldevice_bd_plunger_lane_ball_enter'====== Args={'new_balls': 1, 'unclaimed_balls': 0, 'new_available_balls': 0, 'device': <ball_device.bd_plunger_lane>}
2025-03-22 23:08:19,367 : INFO : EventManager : Event: ======'balldevice_bd_plunger_lane_ball_entered'====== Args={'new_balls': 0, 'device': <ball_device.bd_plunger_lane>}
2025-03-22 23:08:19,369 : INFO : EventManager : Event: ======'balldevice_bd_plunger_lane_ball_count_changed'====== Args={'balls': 1}
2025-03-22 23:08:19,370 : INFO : ball_device.bd_trough : Got eject confirm
2025-03-22 23:08:19,370 : INFO : ball_device.bd_trough : Eject successful
2025-03-22 23:08:19,370 : INFO : EventManager : Event: ======'balldevice_bd_trough_ball_eject_success'====== Args={'balls': 1, 'target': <ball_device.bd_plunger_lane>}
2025-03-22 23:08:19,371 : INFO : EventManager : Event: ======'balldevice_bd_trough_ball_count_changed'====== Args={'balls': 2}
2025-03-22 23:08:19,372 : INFO : ball_device.bd_trough : State: idle
2025-03-22 23:08:19,372 : INFO : ball_device.bd_plunger_lane : State: waiting_for_target_ready
2025-03-22 23:08:19,373 : INFO : EventManager : Event: ======'balldevice_bd_plunger_lane_ball_eject_attempt'====== Args={'balls': 1, 'target': <playfield.playfield>, 'source': <ball_device.bd_plunger_lane>, 'mechanical_eject': True, 'num_attempts': 0}
2025-03-22 23:08:19,374 : INFO : ball_device.bd_plunger_lane : State: ejecting
2025-03-22 23:08:19,374 : INFO : ball_device.bd_plunger_lane : Ejecting ball to <playfield.playfield>
2025-03-22 23:08:19,374 : INFO : EventManager : Event: ======'balldevice_bd_plunger_lane_ejecting_ball'====== Args={'balls': 1, 'target': <playfield.playfield>, 'source': <ball_device.bd_plunger_lane>, 'mechanical_eject': True, 'num_attempts': 0}
2025-03-22 23:08:19,376 : INFO : ball_device.bd_plunger_lane : Wait for ball to leave device
2025-03-22 23:08:23,745 : INFO : EventManager : Event: ======'slide_objective_slide_removed'====== Args={'_from_bcp': True}
2025-03-22 23:08:23,760 : INFO : EventManager : Event: ======'slide_objective_slide_created'====== Args={'_from_bcp': True}
2025-03-22 23:08:23,763 : INFO : EventManager : Event: ======'slide_objective_slide_active'====== Args={'_from_bcp': True}
2025-03-22 23:08:28,176 : INFO : SwitchController : <<<<<<< 's_launcher_button' active >>>>>>>
2025-03-22 23:08:28,176 : INFO : EventManager : Event: ======'s_launcher_button_active'====== Args={}
2025-03-22 23:08:28,176 : INFO : EventManager : Event: ======'machine_var_audits_switches_s_launcher_button'====== Args={'value': 155, 'prev_value': 154, 'change': 1}
2025-03-22 23:08:28,202 : INFO : SwitchController : <<<<<<< 's_launcher_button' inactive >>>>>>>
2025-03-22 23:08:28,322 : INFO : SwitchController : <<<<<<< 's_launcher_button' active >>>>>>>
2025-03-22 23:08:28,322 : INFO : EventManager : Event: ======'s_launcher_button_active'====== Args={}
2025-03-22 23:08:28,323 : INFO : EventManager : Event: ======'machine_var_audits_switches_s_launcher_button'====== Args={'value': 156, 'prev_value': 155, 'change': 1}
2025-03-22 23:08:28,406 : INFO : SwitchController : <<<<<<< 's_launcher_button' inactive >>>>>>>
2025-03-22 23:08:28,526 : INFO : SwitchController : <<<<<<< 's_launcher_button' active >>>>>>>
2025-03-22 23:08:28,526 : INFO : EventManager : Event: ======'s_launcher_button_active'====== Args={}
2025-03-22 23:08:28,526 : INFO : EventManager : Event: ======'machine_var_audits_switches_s_launcher_button'====== Args={'value': 157, 'prev_value': 156, 'change': 1}
2025-03-22 23:08:28,618 : INFO : SwitchController : <<<<<<< 's_launcher_button' inactive >>>>>>>
2025-03-22 23:08:28,737 : INFO : EventManager : Event: ======'slide_objective_slide_removed'====== Args={'_from_bcp': True}
2025-03-22 23:08:28,754 : INFO : EventManager : Event: ======'slide_objective_slide_created'====== Args={'_from_bcp': True}
2025-03-22 23:08:28,760 : INFO : EventManager : Event: ======'slide_objective_slide_active'====== Args={'_from_bcp': True}
2025-03-22 23:08:28,835 : INFO : SwitchController : <<<<<<< 's_launcher_button' active >>>>>>>
2025-03-22 23:08:28,836 : INFO : EventManager : Event: ======'s_launcher_button_active'====== Args={}
2025-03-22 23:08:28,837 : INFO : EventManager : Event: ======'machine_var_audits_switches_s_launcher_button'====== Args={'value': 158, 'prev_value': 157, 'change': 1}
2025-03-22 23:08:28,916 : INFO : SwitchController : <<<<<<< 's_launcher_button' inactive >>>>>>>
2025-03-22 23:08:29,059 : INFO : SwitchController : <<<<<<< 's_launcher_button' active >>>>>>>
2025-03-22 23:08:29,059 : INFO : EventManager : Event: ======'s_launcher_button_active'====== Args={}
2025-03-22 23:08:29,060 : INFO : EventManager : Event: ======'machine_var_audits_switches_s_launcher_button'====== Args={'value': 159, 'prev_value': 158, 'change': 1}
2025-03-22 23:08:29,159 : INFO : SwitchController : <<<<<<< 's_launcher_button' inactive >>>>>>>
2025-03-22 23:08:33,738 : INFO : EventManager : Event: ======'Intro_end'====== Args={}
2025-03-22 23:08:33,749 : INFO : EventManager : Event: ======'mode_intro_will_stop'====== Args={}
2025-03-22 23:08:33,749 : INFO : EventManager : Event: ======'mode_intro_stopping'====== Args={}
2025-03-22 23:08:33,750 : INFO : Mode.intro : Stopped.
2025-03-22 23:08:33,750 : INFO : EventManager : Event: ======'modes_active_modes_changed'====== Args={}
2025-03-22 23:08:33,753 : INFO : EventManager : Event: ======'mode_intro_stopped'====== Args={}
2025-03-22 23:08:33,755 : INFO : EventManager : Event: ======'clear'====== Args={'key': 'intro'}
2025-03-22 23:08:33,757 : INFO : EventManager : Event: ======'mode_base_will_start'====== Args={}
2025-03-22 23:08:33,761 : INFO : EventManager : Event: ======'mode_base_starting'====== Args={}
2025-03-22 23:08:33,763 : INFO : Mode.base : Started. Priority: 100
2025-03-22 23:08:33,764 : INFO : EventManager : Event: ======'modes_active_modes_changed'====== Args={}
2025-03-22 23:08:33,765 : INFO : EventManager : Event: ======'mode_base_started'====== Args={}
2025-03-22 23:08:33,768 : INFO : EventManager : Event: ======'cmd_flipper_enable'====== Args={'priority': 0}
2025-03-22 23:08:33,769 : INFO : EventManager : Event: ======'cmd_launcher_enable'====== Args={'priority': 0}
2025-03-22 23:08:33,789 : INFO : EventManager : Event: ======'slide_objective_slide_removed'====== Args={'_from_bcp': True}
2025-03-22 23:08:33,791 : INFO : EventManager : Event: ======'slide_welcome_slide_active'====== Args={'_from_bcp': True}
2025-03-22 23:08:33,801 : INFO : EventManager : Event: ======'slide_base.slide_player-mode_base_started_created'====== Args={'_from_bcp': True}
2025-03-22 23:08:33,802 : INFO : EventManager : Event: ======'slide_base.slide_player-mode_base_started_active'====== Args={'_from_bcp': True}
2025-03-22 23:08:46,001 : INFO : SwitchController : <<<<<<< 's_launcher_button' active >>>>>>>
2025-03-22 23:08:46,002 : INFO : EventManager : Event: ======'s_launcher_button_active'====== Args={}
2025-03-22 23:08:46,003 : INFO : EventManager : Event: ======'machine_var_audits_switches_s_launcher_button'====== Args={'value': 160, 'prev_value': 159, 'change': 1}
2025-03-22 23:08:46,010 : INFO : coil.c_autolauncher : Pulsing Driver for 20ms (1.0 pulse_power)
2025-03-22 23:08:46,010 : INFO : SwitchController : <<<<<<< 's_plunger_lane' inactive >>>>>>>
2025-03-22 23:08:46,019 : INFO : ball_device.bd_plunger_lane : State: ball_left
2025-03-22 23:08:46,023 : INFO : ball_device.bd_plunger_lane : Ball left
2025-03-22 23:08:46,023 : INFO : ball_device.bd_plunger_lane : Wait for confirm with timeout 3.0
2025-03-22 23:08:46,050 : INFO : SwitchController : <<<<<<< 's_playfield_entry' active >>>>>>>
2025-03-22 23:08:46,051 : INFO : EventManager : Event: ======'sw_playfield_active'====== Args={}
2025-03-22 23:08:46,051 : INFO : EventManager : Event: ======'machine_var_audits_switches_s_playfield_entry'====== Args={'value': 213, 'prev_value': 212, 'change': 1}
2025-03-22 23:08:46,052 : INFO : EventManager : Event: ======'playfield_active'====== Args={}
2025-03-22 23:08:46,070 : INFO : SwitchController : <<<<<<< 's_playfield_entry' inactive >>>>>>>
2025-03-22 23:08:46,093 : INFO : ball_device.bd_plunger_lane : Got eject confirm
2025-03-22 23:08:46,093 : INFO : ball_device.bd_plunger_lane : Eject successful
2025-03-22 23:08:46,093 : INFO : EventManager : Event: ======'balldevice_bd_plunger_lane_ball_eject_success'====== Args={'balls': 1, 'target': <playfield.playfield>}
2025-03-22 23:08:46,096 : INFO : EventManager : Event: ======'balldevice_playfield_ball_enter'====== Args={'new_balls': 1, 'unclaimed_balls': 1, 'device': <playfield.playfield>}
2025-03-22 23:08:46,096 : INFO : EventManager : Event: ======'playfield_ball_count_change'====== Args={'balls': 1, 'change': 1}
2025-03-22 23:08:46,098 : INFO : EventManager : Event: ======'balldevice_bd_plunger_lane_ball_count_changed'====== Args={'balls': 0}
2025-03-22 23:08:46,113 : INFO : SwitchController : <<<<<<< 's_launcher_button' inactive >>>>>>>
2025-03-22 23:08:46,519 : INFO : ball_device.bd_plunger_lane : State: idle
2025-03-22 23:09:06,591 : INFO : SwitchController : <<<<<<< 's_Lane1' active >>>>>>>
2025-03-22 23:09:06,591 : INFO : EventManager : Event: ======'sw_playfield_active'====== Args={}
2025-03-22 23:09:06,591 : INFO : EventManager : Event: ======'machine_var_audits_switches_s_Lane1'====== Args={'value': 41, 'prev_value': 40, 'change': 1}
2025-03-22 23:09:06,716 : INFO : SwitchController : <<<<<<< 's_Lane1' inactive >>>>>>>
2025-03-22 23:09:06,938 : INFO : SwitchController : <<<<<<< 's_Lane1' active >>>>>>>
2025-03-22 23:09:06,938 : INFO : EventManager : Event: ======'machine_var_audits_switches_s_Lane1'====== Args={'value': 42, 'prev_value': 41, 'change': 1}
2025-03-22 23:09:07,050 : INFO : SwitchController : <<<<<<< 's_Lane1' inactive >>>>>>>
2025-03-22 23:09:07,174 : INFO : SwitchController : <<<<<<< 's_Lane1' active >>>>>>>
2025-03-22 23:09:07,175 : INFO : EventManager : Event: ======'machine_var_audits_switches_s_Lane1'====== Args={'value': 43, 'prev_value': 42, 'change': 1}
2025-03-22 23:09:07,281 : INFO : SwitchController : <<<<<<< 's_Lane1' inactive >>>>>>>
2025-03-22 23:09:07,369 : INFO : SwitchController : <<<<<<< 's_Lane1' active >>>>>>>
2025-03-22 23:09:07,370 : INFO : EventManager : Event: ======'machine_var_audits_switches_s_Lane1'====== Args={'value': 44, 'prev_value': 43, 'change': 1}
2025-03-22 23:09:07,460 : INFO : SwitchController : <<<<<<< 's_Lane1' inactive >>>>>>>
2025-03-22 23:09:07,568 : INFO : SwitchController : <<<<<<< 's_Lane1' active >>>>>>>
2025-03-22 23:09:07,568 : INFO : EventManager : Event: ======'machine_var_audits_switches_s_Lane1'====== Args={'value': 45, 'prev_value': 44, 'change': 1}
2025-03-22 23:09:07,668 : INFO : SwitchController : <<<<<<< 's_Lane1' inactive >>>>>>>
2025-03-22 23:09:07,775 : INFO : SwitchController : <<<<<<< 's_Lane1' active >>>>>>>
2025-03-22 23:09:07,777 : INFO : EventManager : Event: ======'machine_var_audits_switches_s_Lane1'====== Args={'value': 46, 'prev_value': 45, 'change': 1}
2025-03-22 23:09:07,872 : INFO : SwitchController : <<<<<<< 's_Lane1' inactive >>>>>>>
2025-03-22 23:09:08,302 : INFO : SwitchController : <<<<<<< 's_Lane1' active >>>>>>>
2025-03-22 23:09:08,302 : INFO : EventManager : Event: ======'machine_var_audits_switches_s_Lane1'====== Args={'value': 47, 'prev_value': 46, 'change': 1}
2025-03-22 23:09:08,400 : INFO : SwitchController : <<<<<<< 's_Lane1' inactive >>>>>>>
2025-03-22 23:09:12,642 : INFO : SwitchController : <<<<<<< 's_Lane4' active >>>>>>>
2025-03-22 23:09:12,642 : INFO : EventManager : Event: ======'sw_playfield_active'====== Args={}
2025-03-22 23:09:12,643 : INFO : EventManager : Event: ======'machine_var_audits_switches_s_Lane4'====== Args={'value': 29, 'prev_value': 28, 'change': 1}
2025-03-22 23:09:12,761 : INFO : SwitchController : <<<<<<< 's_Lane4' inactive >>>>>>>
2025-03-22 23:09:13,139 : INFO : SwitchController : <<<<<<< 's_Lane4' active >>>>>>>
2025-03-22 23:09:13,139 : INFO : EventManager : Event: ======'sw_playfield_active'====== Args={}
2025-03-22 23:09:13,140 : INFO : EventManager : Event: ======'machine_var_audits_switches_s_Lane4'====== Args={'value': 30, 'prev_value': 29, 'change': 1}
2025-03-22 23:09:13,250 : INFO : SwitchController : <<<<<<< 's_Lane4' inactive >>>>>>>
2025-03-22 23:09:13,386 : INFO : SwitchController : <<<<<<< 's_Lane4' active >>>>>>>
2025-03-22 23:09:13,387 : INFO : EventManager : Event: ======'sw_playfield_active'====== Args={}
2025-03-22 23:09:13,387 : INFO : EventManager : Event: ======'machine_var_audits_switches_s_Lane4'====== Args={'value': 31, 'prev_value': 30, 'change': 1}
2025-03-22 23:09:13,480 : INFO : SwitchController : <<<<<<< 's_Lane4' inactive >>>>>>>
