2025-03-22 20:36:34,748 : INFO : root : Loading config.
2025-03-22 20:36:34,763 : INFO : YamlMultifileConfigLoader : Machine config file #1: config.yaml
2025-03-22 20:36:34,764 : INFO : ConfigProcessor : Loading config from cache: C:\Users\duffb\AppData\Local\Temp\cadfdee4981114acd6fff59d1071b59b.mpf_cache
2025-03-22 20:36:34,876 : INFO : ConfigProcessor : Loading config from cache: C:\Users\duffb\AppData\Local\Temp\ee7db1e8d011f44c876692bb4657f2e9.mpf_cache
2025-03-22 20:36:34,891 : INFO : ConfigProcessor : Loading config from cache: C:\Users\duffb\AppData\Local\Temp\9f058d482eac17116727d62a93500be7.mpf_cache
2025-03-22 20:36:34,907 : INFO : ConfigProcessor : Loading config from cache: C:\Users\duffb\AppData\Local\Temp\2c9362052ff91db960f514d041b7f4e4.mpf_cache
2025-03-22 20:36:34,929 : INFO : ConfigProcessor : Loading config from cache: C:\Users\duffb\AppData\Local\Temp\9e006ea23aa21ec68e01f6c49afad9f4.mpf_cache
2025-03-22 20:36:34,947 : INFO : ConfigProcessor : Loading config from cache: C:\Users\duffb\AppData\Local\Temp\fd253b339e263587268891c4dd997fbd.mpf_cache
2025-03-22 20:36:34,962 : INFO : ConfigProcessor : Loading config from cache: C:\Users\duffb\AppData\Local\Temp\c114ce798d07012a33b8b14d8f953bb7.mpf_cache
2025-03-22 20:36:34,981 : INFO : ConfigProcessor : Loading config from cache: C:\Users\duffb\AppData\Local\Temp\ef70c2e65c3659b77bacdd3a7a24b233.mpf_cache
2025-03-22 20:36:34,999 : INFO : ConfigProcessor : Loading config from cache: C:\Users\duffb\AppData\Local\Temp\ec6e376f0ea10a5fdf8f7130b4bbbe7c.mpf_cache
2025-03-22 20:36:35,022 : INFO : Machine : Mission Pinball Framework Core Engine v0.57.0
2025-03-22 20:36:35,022 : INFO : Machine : Command line arguments: {'no_load_cache': False, 'create_config_cache': True, 'bcp': True, 'configfile': ['config.yaml'], 'force_assets_load': False, 'platform_integration_test': False, 'jsonlogging': False, 'logfile': 'logs\\2025-03-22-20-36-34-mpf-T0SHIII.log', 'pause': False, 'production': False, 'text_ui': True, 'loglevel': 15, 'consoleloglevel': 20, 'force_platform': None, 'syslog_address': None, 'mc_file_name': None, 'no_sound': False}
2025-03-22 20:36:35,023 : INFO : Machine : MPF path: C:\Users\duffb\.pyenv\pyenv-win\versions\3.11.0\Lib\site-packages\mpf
2025-03-22 20:36:35,024 : INFO : Machine : Machine path: C:\Users\duffb\OneDrive\Documents\Python Envs\PinBallWW1\Machine
2025-03-22 20:36:35,024 : INFO : Machine : Platform: win32
2025-03-22 20:36:35,024 : INFO : Machine : Python executable location: C:\Users\duffb\.pyenv\pyenv-win\versions\3.11.0\python.exe
2025-03-22 20:36:35,024 : INFO : Machine : Python version: 3.11.0 (64-bit)
2025-03-22 20:36:35,030 : INFO : Machine : Initializing MPF...
2025-03-22 20:36:35,795 : INFO : EventManager : Event: ======'machine_var_credits_string'====== Args={'value': 'FREE PLAY', 'prev_value': None, 'change': True}
2025-03-22 20:36:35,897 : INFO : EventManager : Event: ======'machine_var_master_volume'====== Args={'value': 0.5, 'prev_value': None, 'change': True}
2025-03-22 20:36:35,897 : INFO : EventManager : Event: ======'machine_var_player1_score'====== Args={'value': 8000, 'prev_value': None, 'change': True}
2025-03-22 20:36:35,897 : INFO : EventManager : Event: ======'machine_var_player2_score'====== Args={'value': 1000, 'prev_value': None, 'change': True}
2025-03-22 20:36:35,898 : INFO : EventManager : Event: ======'machine_var_mpf_version'====== Args={'value': 'Mission Pinball Framework v0.57.0', 'prev_value': None, 'change': True}
2025-03-22 20:36:35,898 : INFO : EventManager : Event: ======'machine_var_mpf_extended_version'====== Args={'value': 'Mission Pinball Framework v0.57.0, Config version:6, Show version: 6, BCP version:1.1', 'prev_value': None, 'change': True}
2025-03-22 20:36:35,898 : INFO : EventManager : Event: ======'machine_var_python_version'====== Args={'value': '3.11.0', 'prev_value': None, 'change': True}
2025-03-22 20:36:35,913 : INFO : EventManager : Event: ======'machine_var_platform'====== Args={'value': 'Windows-10-10.0.26100-SP0', 'prev_value': None, 'change': True}
2025-03-22 20:36:35,913 : INFO : EventManager : Event: ======'machine_var_platform_system'====== Args={'value': 'Windows', 'prev_value': None, 'change': True}
2025-03-22 20:36:35,913 : INFO : EventManager : Event: ======'machine_var_platform_release'====== Args={'value': '10', 'prev_value': None, 'change': True}
2025-03-22 20:36:35,913 : INFO : EventManager : Event: ======'machine_var_platform_version'====== Args={'value': '10.0.26100', 'prev_value': None, 'change': True}
2025-03-22 20:36:35,913 : INFO : EventManager : Event: ======'machine_var_platform_machine'====== Args={'value': 'AMD64', 'prev_value': None, 'change': True}
2025-03-22 20:36:35,913 : INFO : EventManager : Event: ======'init_phase_1'====== Args={}
2025-03-22 20:36:35,940 : INFO : EventManager : Event: ======'init_phase_2'====== Args={}
2025-03-22 20:36:35,940 : INFO : SwitchController : Found active switch: ('3', <Platform.SmartVirtual>) <switch.s_trough1>
2025-03-22 20:36:35,940 : INFO : SwitchController : Found active switch: ('4', <Platform.SmartVirtual>) <switch.s_trough2>
2025-03-22 20:36:35,940 : INFO : SwitchController : Found active switch: ('5', <Platform.SmartVirtual>) <switch.s_trough3>
2025-03-22 20:36:35,943 : INFO : EventManager : Event: ======'bcp_connection_attempt'====== Args={'name': 'local_display', 'host': 'localhost', 'port': 5050}
2025-03-22 20:36:35,945 : INFO : BCPClientSocket : Connecting BCP to 'local_display' at localhost:5050...
2025-03-22 20:37:03,718 : INFO : BCPClientSocket : Connected BCP to 'local_display' localhost:5050
2025-03-22 20:37:03,721 : INFO : EventManager : Event: ======'bcp_clients_connected'====== Args={}
2025-03-22 20:37:04,000 : INFO : EventManager : Event: ======'machine_var_mc_version'====== Args={'value': 'MPF-MC v0.57.1', 'prev_value': None, 'change': True}
2025-03-22 20:37:04,000 : INFO : EventManager : Event: ======'machine_var_mc_extended_version'====== Args={'value': 'MPF-MC v0.57.1 (config_version=6, BCP v1.1,                      Requires MPF API compatibility v0.57.0 or newer)', 'prev_value': None, 'change': True}
2025-03-22 20:37:04,002 : INFO : ball_device.bd_trough : BCH: Initial count: 3
2025-03-22 20:37:04,064 : INFO : ball_device.bd_trough : State: idle
2025-03-22 20:37:04,064 : INFO : ball_device.bd_plunger_lane : BCH: Initial count: 0
2025-03-22 20:37:04,064 : INFO : ball_device.bd_plunger_lane : State: idle
2025-03-22 20:37:04,087 : INFO : EventManager : Event: ======'init_phase_3'====== Args={}
2025-03-22 20:37:04,099 : INFO : EventManager : Event: ======'init_phase_4'====== Args={}
2025-03-22 20:37:04,099 : INFO : BallController : Initial balls found: 3
2025-03-22 20:37:04,100 : INFO : EventManager : Event: ======'machine_var_audits_events_game_ended'====== Args={'value': 13, 'prev_value': None, 'change': True}
2025-03-22 20:37:04,101 : INFO : EventManager : Event: ======'machine_var_audits_events_game_started'====== Args={'value': 65, 'prev_value': None, 'change': True}
2025-03-22 20:37:04,101 : INFO : EventManager : Event: ======'machine_var_audits_missing_switches_s_Lane1'====== Args={'value': 13, 'prev_value': None, 'change': True}
2025-03-22 20:37:04,101 : INFO : EventManager : Event: ======'machine_var_audits_missing_switches_s_Lane2'====== Args={'value': 13, 'prev_value': None, 'change': True}
2025-03-22 20:37:04,101 : INFO : EventManager : Event: ======'machine_var_audits_missing_switches_s_Lane3'====== Args={'value': 13, 'prev_value': None, 'change': True}
2025-03-22 20:37:04,101 : INFO : EventManager : Event: ======'machine_var_audits_missing_switches_s_Lane4'====== Args={'value': 13, 'prev_value': None, 'change': True}
2025-03-22 20:37:04,101 : INFO : EventManager : Event: ======'machine_var_audits_missing_switches_s_Target1'====== Args={'value': 13, 'prev_value': None, 'change': True}
2025-03-22 20:37:04,102 : INFO : EventManager : Event: ======'machine_var_audits_missing_switches_s_Target2'====== Args={'value': 13, 'prev_value': None, 'change': True}
2025-03-22 20:37:04,102 : INFO : EventManager : Event: ======'machine_var_audits_missing_switches_s_Target3'====== Args={'value': 13, 'prev_value': None, 'change': True}
2025-03-22 20:37:04,102 : INFO : EventManager : Event: ======'machine_var_audits_missing_switches_s_Target4'====== Args={'value': 13, 'prev_value': None, 'change': True}
2025-03-22 20:37:04,102 : INFO : EventManager : Event: ======'machine_var_audits_missing_switches_s_drain'====== Args={'value': 6, 'prev_value': None, 'change': True}
2025-03-22 20:37:04,102 : INFO : EventManager : Event: ======'machine_var_audits_missing_switches_s_launcher_button'====== Args={'value': 1, 'prev_value': None, 'change': True}
2025-03-22 20:37:04,102 : INFO : EventManager : Event: ======'machine_var_audits_missing_switches_s_left_flipper'====== Args={'value': 13, 'prev_value': None, 'change': True}
2025-03-22 20:37:04,103 : INFO : EventManager : Event: ======'machine_var_audits_missing_switches_s_playfield_entry'====== Args={'value': 1, 'prev_value': None, 'change': True}
2025-03-22 20:37:04,103 : INFO : EventManager : Event: ======'machine_var_audits_missing_switches_s_right_flipper'====== Args={'value': 13, 'prev_value': None, 'change': True}
2025-03-22 20:37:04,103 : INFO : EventManager : Event: ======'machine_var_audits_missing_switches_s_trough1'====== Args={'value': 18, 'prev_value': None, 'change': True}
2025-03-22 20:37:04,103 : INFO : EventManager : Event: ======'machine_var_audits_missing_switches_s_trough2'====== Args={'value': 21, 'prev_value': None, 'change': True}
2025-03-22 20:37:04,103 : INFO : EventManager : Event: ======'machine_var_audits_missing_switches_s_trough3'====== Args={'value': 25, 'prev_value': None, 'change': True}
2025-03-22 20:37:04,103 : INFO : EventManager : Event: ======'machine_var_audits_missing_switches_s_trough_enter'====== Args={'value': 20, 'prev_value': None, 'change': True}
2025-03-22 20:37:04,103 : INFO : EventManager : Event: ======'machine_var_audits_player_score'====== Args={'value': {'average': 124, 'top': [8000, 1000, 0, 0, 0, 0, 0, 0, 0, 0], 'total': 16}, 'prev_value': None, 'change': True}
2025-03-22 20:37:04,104 : INFO : EventManager : Event: ======'machine_var_audits_switches_s_Lane1'====== Args={'value': 36, 'prev_value': None, 'change': True}
2025-03-22 20:37:04,104 : INFO : EventManager : Event: ======'machine_var_audits_switches_s_Lane2'====== Args={'value': 25, 'prev_value': None, 'change': True}
2025-03-22 20:37:04,104 : INFO : EventManager : Event: ======'machine_var_audits_switches_s_Lane3'====== Args={'value': 22, 'prev_value': None, 'change': True}
2025-03-22 20:37:04,104 : INFO : EventManager : Event: ======'machine_var_audits_switches_s_Lane4'====== Args={'value': 26, 'prev_value': None, 'change': True}
2025-03-22 20:37:04,104 : INFO : EventManager : Event: ======'machine_var_audits_switches_s_Target1'====== Args={'value': 66, 'prev_value': None, 'change': True}
2025-03-22 20:37:04,104 : INFO : EventManager : Event: ======'machine_var_audits_switches_s_Target2'====== Args={'value': 59, 'prev_value': None, 'change': True}
2025-03-22 20:37:04,105 : INFO : EventManager : Event: ======'machine_var_audits_switches_s_Target3'====== Args={'value': 64, 'prev_value': None, 'change': True}
2025-03-22 20:37:04,105 : INFO : EventManager : Event: ======'machine_var_audits_switches_s_Target4'====== Args={'value': 51, 'prev_value': None, 'change': True}
2025-03-22 20:37:04,105 : INFO : EventManager : Event: ======'machine_var_audits_switches_s_drain'====== Args={'value': 0, 'prev_value': None, 'change': True}
2025-03-22 20:37:04,105 : INFO : EventManager : Event: ======'machine_var_audits_switches_s_launcher_button'====== Args={'value': 103, 'prev_value': None, 'change': True}
2025-03-22 20:37:04,105 : INFO : EventManager : Event: ======'machine_var_audits_switches_s_left_flipper'====== Args={'value': 103, 'prev_value': None, 'change': True}
2025-03-22 20:37:04,105 : INFO : EventManager : Event: ======'machine_var_audits_switches_s_playfield_entry'====== Args={'value': 205, 'prev_value': None, 'change': True}
2025-03-22 20:37:04,105 : INFO : EventManager : Event: ======'machine_var_audits_switches_s_plunger_lane'====== Args={'value': 149, 'prev_value': None, 'change': True}
2025-03-22 20:37:04,105 : INFO : EventManager : Event: ======'machine_var_audits_switches_s_pointTarget'====== Args={'value': 193, 'prev_value': None, 'change': True}
2025-03-22 20:37:04,106 : INFO : EventManager : Event: ======'machine_var_audits_switches_s_right_flipper'====== Args={'value': 95, 'prev_value': None, 'change': True}
2025-03-22 20:37:04,106 : INFO : EventManager : Event: ======'machine_var_audits_switches_s_trough1'====== Args={'value': 109, 'prev_value': None, 'change': True}
2025-03-22 20:37:04,106 : INFO : EventManager : Event: ======'machine_var_audits_switches_s_trough2'====== Args={'value': 17, 'prev_value': None, 'change': True}
2025-03-22 20:37:04,106 : INFO : EventManager : Event: ======'machine_var_audits_switches_s_trough3'====== Args={'value': 14, 'prev_value': None, 'change': True}
2025-03-22 20:37:04,106 : INFO : EventManager : Event: ======'machine_var_audits_switches_s_trough_enter'====== Args={'value': 1, 'prev_value': None, 'change': True}
2025-03-22 20:37:04,107 : INFO : EventManager : Event: ======'init_phase_5'====== Args={}
2025-03-22 20:37:04,141 : INFO : EventManager : Event: ======'init_done'====== Args={}
2025-03-22 20:37:04,142 : INFO : EventManager : Event: ======'machine_reset_phase_1'====== Args={}
2025-03-22 20:37:04,162 : INFO : EventManager : Event: ======'slide_welcome_slide_removed'====== Args={'_from_bcp': True}
2025-03-22 20:37:04,162 : INFO : EventManager : Event: ======'slide_welcome_slide_created'====== Args={'_from_bcp': True}
2025-03-22 20:37:04,162 : INFO : EventManager : Event: ======'slide_welcome_slide_active'====== Args={'_from_bcp': True}
2025-03-22 20:37:04,162 : INFO : EventManager : Event: ======'machine_reset_phase_2'====== Args={}
2025-03-22 20:37:04,162 : INFO : EventManager : Event: ======'machine_reset_phase_3'====== Args={}
2025-03-22 20:37:04,162 : INFO : EventManager : Event: ======'reset_complete'====== Args={}
2025-03-22 20:37:04,163 : INFO : EventManager : Event: ======'mode_attract_will_start'====== Args={}
2025-03-22 20:37:04,164 : INFO : EventManager : Event: ======'mode_attract_starting'====== Args={}
2025-03-22 20:37:04,164 : INFO : Mode.attract : Started. Priority: 10
2025-03-22 20:37:04,164 : INFO : EventManager : Event: ======'modes_active_modes_changed'====== Args={}
2025-03-22 20:37:04,164 : INFO : EventManager : Event: ======'mode_attract_started'====== Args={}
2025-03-22 20:37:04,165 : INFO : EventManager : Event: ======'cmd_flipper_disable'====== Args={'priority': 0}
2025-03-22 20:37:04,165 : INFO : EventManager : Event: ======'collecting_balls_complete'====== Args={}
2025-03-22 20:37:04,278 : INFO : EventManager : Event: ======'slide_ship_slide_created'====== Args={'_from_bcp': True}
2025-03-22 20:37:04,278 : INFO : EventManager : Event: ======'slide_ship_slide_active'====== Args={'_from_bcp': True}
2025-03-22 20:37:04,278 : INFO : Machine : Starting the main run loop.
2025-03-22 20:37:04,608 : INFO : BcpServer : New client connected.
2025-03-22 20:37:09,169 : INFO : EventManager : Event: ======'slide_starting_slide_created'====== Args={'_from_bcp': True}
2025-03-22 20:37:09,174 : INFO : EventManager : Event: ======'slide_starting_slide_active'====== Args={'_from_bcp': True}
2025-03-22 20:37:14,183 : INFO : EventManager : Event: ======'slide_company_slide_created'====== Args={'_from_bcp': True}
2025-03-22 20:37:14,184 : INFO : EventManager : Event: ======'slide_company_slide_active'====== Args={'_from_bcp': True}
2025-03-22 20:37:19,177 : INFO : EventManager : Event: ======'slide_lastgame_slide_created'====== Args={'_from_bcp': True}
2025-03-22 20:37:19,179 : INFO : EventManager : Event: ======'slide_lastgame_slide_active'====== Args={'_from_bcp': True}
2025-03-22 20:37:24,177 : INFO : EventManager : Event: ======'slide_ship_slide_removed'====== Args={'_from_bcp': True}
2025-03-22 20:37:24,186 : INFO : EventManager : Event: ======'slide_ship_slide_created'====== Args={'_from_bcp': True}
2025-03-22 20:37:24,187 : INFO : EventManager : Event: ======'slide_ship_slide_active'====== Args={'_from_bcp': True}
2025-03-22 20:37:29,183 : INFO : EventManager : Event: ======'slide_starting_slide_removed'====== Args={'_from_bcp': True}
2025-03-22 20:37:29,184 : INFO : EventManager : Event: ======'slide_starting_slide_created'====== Args={'_from_bcp': True}
2025-03-22 20:37:29,184 : INFO : EventManager : Event: ======'slide_starting_slide_active'====== Args={'_from_bcp': True}
2025-03-22 20:37:34,161 : INFO : EventManager : Event: ======'slide_company_slide_removed'====== Args={'_from_bcp': True}
2025-03-22 20:37:34,169 : INFO : EventManager : Event: ======'slide_company_slide_created'====== Args={'_from_bcp': True}
2025-03-22 20:37:34,171 : INFO : EventManager : Event: ======'slide_company_slide_active'====== Args={'_from_bcp': True}
2025-03-22 20:37:39,183 : INFO : EventManager : Event: ======'slide_lastgame_slide_removed'====== Args={'_from_bcp': True}
2025-03-22 20:37:39,190 : INFO : EventManager : Event: ======'slide_lastgame_slide_created'====== Args={'_from_bcp': True}
2025-03-22 20:37:39,193 : INFO : EventManager : Event: ======'slide_lastgame_slide_active'====== Args={'_from_bcp': True}
2025-03-22 20:37:44,155 : INFO : EventManager : Event: ======'slide_ship_slide_removed'====== Args={'_from_bcp': True}
2025-03-22 20:37:44,165 : INFO : EventManager : Event: ======'slide_ship_slide_created'====== Args={'_from_bcp': True}
2025-03-22 20:37:44,165 : INFO : EventManager : Event: ======'slide_ship_slide_active'====== Args={'_from_bcp': True}
2025-03-22 20:37:49,163 : INFO : EventManager : Event: ======'slide_starting_slide_removed'====== Args={'_from_bcp': True}
2025-03-22 20:37:49,165 : INFO : EventManager : Event: ======'slide_starting_slide_created'====== Args={'_from_bcp': True}
2025-03-22 20:37:49,167 : INFO : EventManager : Event: ======'slide_starting_slide_active'====== Args={'_from_bcp': True}
2025-03-22 20:37:50,545 : INFO : Machine : Shutting down...
2025-03-22 20:37:50,545 : INFO : EventManager : Event: ======'shutdown'====== Args={}
2025-03-22 20:37:50,565 : INFO : root : MPF run loop ended.
