2025-03-21 12:51:02,772 : INFO : root : Loading config.
2025-03-21 12:51:02,776 : INFO : YamlMultifileConfigLoader : Machine config file #1: config.yaml
2025-03-21 12:51:02,777 : INFO : ConfigProcessor : Loading config from cache: C:\Users\duffb\AppData\Local\Temp\cadfdee4981114acd6fff59d1071b59b.mpf_cache
2025-03-21 12:51:02,879 : INFO : ConfigProcessor : Loading config from cache: C:\Users\duffb\AppData\Local\Temp\ee7db1e8d011f44c876692bb4657f2e9.mpf_cache
2025-03-21 12:51:02,880 : INFO : ConfigProcessor : Loading config from cache: C:\Users\duffb\AppData\Local\Temp\9f058d482eac17116727d62a93500be7.mpf_cache
2025-03-21 12:51:02,881 : INFO : ConfigProcessor : Loading config from cache: C:\Users\duffb\AppData\Local\Temp\2c9362052ff91db960f514d041b7f4e4.mpf_cache
2025-03-21 12:51:02,881 : INFO : ConfigProcessor : Loading config from cache: C:\Users\duffb\AppData\Local\Temp\9e006ea23aa21ec68e01f6c49afad9f4.mpf_cache
2025-03-21 12:51:02,882 : INFO : ConfigProcessor : Loading config from cache: C:\Users\duffb\AppData\Local\Temp\fd253b339e263587268891c4dd997fbd.mpf_cache
2025-03-21 12:51:02,883 : INFO : ConfigProcessor : Loading config from cache: C:\Users\duffb\AppData\Local\Temp\c114ce798d07012a33b8b14d8f953bb7.mpf_cache
2025-03-21 12:51:02,884 : WARNING : ConfigProcessor : Config file in cache changed: C:\Users\duffb\OneDrive\Documents\Python Envs\PinBallWW1\Machine\modes\intro\shows\.\intro_display_loop.yaml
2025-03-21 12:51:02,884 : INFO : ConfigProcessor : Loading config from file C:\Users\duffb\OneDrive\Documents\Python Envs\PinBallWW1\Machine\modes\intro\shows\.\intro_display_loop.yaml.
2025-03-21 12:51:02,904 : INFO : ConfigProcessor : Loading config: C:\Users\duffb\OneDrive\Documents\Python Envs\PinBallWW1\Machine\modes\intro\shows\.\intro_display_loop.yaml
2025-03-21 12:51:02,906 : INFO : ConfigProcessor : Config file cache created: C:\Users\duffb\AppData\Local\Temp\ef70c2e65c3659b77bacdd3a7a24b233.mpf_cache
2025-03-21 12:51:02,906 : INFO : ConfigProcessor : Loading config from cache: C:\Users\duffb\AppData\Local\Temp\ec6e376f0ea10a5fdf8f7130b4bbbe7c.mpf_cache
2025-03-21 12:51:02,907 : INFO : Machine : Mission Pinball Framework Core Engine v0.57.0
2025-03-21 12:51:02,907 : INFO : Machine : Command line arguments: {'no_load_cache': False, 'create_config_cache': True, 'bcp': True, 'configfile': ['config.yaml'], 'force_assets_load': False, 'platform_integration_test': False, 'jsonlogging': False, 'logfile': 'logs\\2025-03-21-12-51-02-mpf-T0SHIII.log', 'pause': False, 'production': False, 'text_ui': True, 'loglevel': 15, 'consoleloglevel': 20, 'force_platform': None, 'syslog_address': None, 'mc_file_name': None, 'no_sound': False}
2025-03-21 12:51:02,907 : INFO : Machine : MPF path: C:\Users\duffb\.pyenv\pyenv-win\versions\3.11.0\Lib\site-packages\mpf
2025-03-21 12:51:02,907 : INFO : Machine : Machine path: C:\Users\duffb\OneDrive\Documents\Python Envs\PinBallWW1\Machine
2025-03-21 12:51:02,907 : INFO : Machine : Platform: win32
2025-03-21 12:51:02,907 : INFO : Machine : Python executable location: C:\Users\duffb\.pyenv\pyenv-win\versions\3.11.0\python.exe
2025-03-21 12:51:02,907 : INFO : Machine : Python version: 3.11.0 (64-bit)
2025-03-21 12:51:02,909 : INFO : Machine : Initializing MPF...
2025-03-21 12:51:03,182 : INFO : EventManager : Event: ======'machine_var_credits_string'====== Args={'value': 'FREE PLAY', 'prev_value': None, 'change': True}
2025-03-21 12:51:03,241 : INFO : EventManager : Event: ======'machine_var_master_volume'====== Args={'value': 0.5, 'prev_value': None, 'change': True}
2025-03-21 12:51:03,242 : INFO : EventManager : Event: ======'machine_var_player1_score'====== Args={'value': 8000, 'prev_value': None, 'change': True}
2025-03-21 12:51:03,242 : INFO : EventManager : Event: ======'machine_var_player2_score'====== Args={'value': 1000, 'prev_value': None, 'change': True}
2025-03-21 12:51:03,242 : INFO : EventManager : Event: ======'machine_var_mpf_version'====== Args={'value': 'Mission Pinball Framework v0.57.0', 'prev_value': None, 'change': True}
2025-03-21 12:51:03,242 : INFO : EventManager : Event: ======'machine_var_mpf_extended_version'====== Args={'value': 'Mission Pinball Framework v0.57.0, Config version:6, Show version: 6, BCP version:1.1', 'prev_value': None, 'change': True}
2025-03-21 12:51:03,242 : INFO : EventManager : Event: ======'machine_var_python_version'====== Args={'value': '3.11.0', 'prev_value': None, 'change': True}
2025-03-21 12:51:03,259 : INFO : EventManager : Event: ======'machine_var_platform'====== Args={'value': 'Windows-10-10.0.26100-SP0', 'prev_value': None, 'change': True}
2025-03-21 12:51:03,259 : INFO : EventManager : Event: ======'machine_var_platform_system'====== Args={'value': 'Windows', 'prev_value': None, 'change': True}
2025-03-21 12:51:03,259 : INFO : EventManager : Event: ======'machine_var_platform_release'====== Args={'value': '10', 'prev_value': None, 'change': True}
2025-03-21 12:51:03,259 : INFO : EventManager : Event: ======'machine_var_platform_version'====== Args={'value': '10.0.26100', 'prev_value': None, 'change': True}
2025-03-21 12:51:03,259 : INFO : EventManager : Event: ======'machine_var_platform_machine'====== Args={'value': 'AMD64', 'prev_value': None, 'change': True}
2025-03-21 12:51:03,259 : INFO : EventManager : Event: ======'init_phase_1'====== Args={}
2025-03-21 12:51:03,283 : INFO : EventManager : Event: ======'init_phase_2'====== Args={}
2025-03-21 12:51:03,284 : INFO : SwitchController : Found active switch: ('3', <Platform.SmartVirtual>) <switch.s_trough1>
2025-03-21 12:51:03,284 : INFO : SwitchController : Found active switch: ('4', <Platform.SmartVirtual>) <switch.s_trough2>
2025-03-21 12:51:03,284 : INFO : SwitchController : Found active switch: ('5', <Platform.SmartVirtual>) <switch.s_trough3>
2025-03-21 12:51:03,286 : INFO : EventManager : Event: ======'bcp_connection_attempt'====== Args={'name': 'local_display', 'host': 'localhost', 'port': 5050}
2025-03-21 12:51:03,288 : INFO : BCPClientSocket : Connecting BCP to 'local_display' at localhost:5050...
2025-03-21 12:51:05,336 : INFO : BCPClientSocket : Connected BCP to 'local_display' localhost:5050
2025-03-21 12:51:05,337 : INFO : EventManager : Event: ======'bcp_clients_connected'====== Args={}
2025-03-21 12:51:05,534 : INFO : ball_device.bd_trough : BCH: Initial count: 3
2025-03-21 12:51:05,534 : INFO : ball_device.bd_trough : State: idle
2025-03-21 12:51:05,534 : INFO : ball_device.bd_plunger_lane : BCH: Initial count: 0
2025-03-21 12:51:05,534 : INFO : ball_device.bd_plunger_lane : State: idle
2025-03-21 12:51:05,566 : INFO : EventManager : Event: ======'init_phase_3'====== Args={}
2025-03-21 12:51:05,576 : INFO : EventManager : Event: ======'init_phase_4'====== Args={}
2025-03-21 12:51:05,576 : INFO : BallController : Initial balls found: 3
2025-03-21 12:51:05,577 : INFO : EventManager : Event: ======'machine_var_audits_events_game_ended'====== Args={'value': 13, 'prev_value': None, 'change': True}
2025-03-21 12:51:05,578 : INFO : EventManager : Event: ======'machine_var_audits_events_game_started'====== Args={'value': 55, 'prev_value': None, 'change': True}
2025-03-21 12:51:05,578 : INFO : EventManager : Event: ======'machine_var_audits_missing_switches_s_Lane1'====== Args={'value': 3, 'prev_value': None, 'change': True}
2025-03-21 12:51:05,578 : INFO : EventManager : Event: ======'machine_var_audits_missing_switches_s_Lane2'====== Args={'value': 3, 'prev_value': None, 'change': True}
2025-03-21 12:51:05,578 : INFO : EventManager : Event: ======'machine_var_audits_missing_switches_s_Lane3'====== Args={'value': 3, 'prev_value': None, 'change': True}
2025-03-21 12:51:05,578 : INFO : EventManager : Event: ======'machine_var_audits_missing_switches_s_Lane4'====== Args={'value': 3, 'prev_value': None, 'change': True}
2025-03-21 12:51:05,578 : INFO : EventManager : Event: ======'machine_var_audits_missing_switches_s_Target1'====== Args={'value': 3, 'prev_value': None, 'change': True}
2025-03-21 12:51:05,578 : INFO : EventManager : Event: ======'machine_var_audits_missing_switches_s_Target2'====== Args={'value': 3, 'prev_value': None, 'change': True}
2025-03-21 12:51:05,578 : INFO : EventManager : Event: ======'machine_var_audits_missing_switches_s_Target3'====== Args={'value': 3, 'prev_value': None, 'change': True}
2025-03-21 12:51:05,578 : INFO : EventManager : Event: ======'machine_var_audits_missing_switches_s_Target4'====== Args={'value': 3, 'prev_value': None, 'change': True}
2025-03-21 12:51:05,578 : INFO : EventManager : Event: ======'machine_var_audits_missing_switches_s_drain'====== Args={'value': 6, 'prev_value': None, 'change': True}
2025-03-21 12:51:05,578 : INFO : EventManager : Event: ======'machine_var_audits_missing_switches_s_launcher_button'====== Args={'value': 2, 'prev_value': None, 'change': True}
2025-03-21 12:51:05,579 : INFO : EventManager : Event: ======'machine_var_audits_missing_switches_s_left_flipper'====== Args={'value': 3, 'prev_value': None, 'change': True}
2025-03-21 12:51:05,579 : INFO : EventManager : Event: ======'machine_var_audits_missing_switches_s_playfield_entry'====== Args={'value': 2, 'prev_value': None, 'change': True}
2025-03-21 12:51:05,579 : INFO : EventManager : Event: ======'machine_var_audits_missing_switches_s_right_flipper'====== Args={'value': 3, 'prev_value': None, 'change': True}
2025-03-21 12:51:05,579 : INFO : EventManager : Event: ======'machine_var_audits_missing_switches_s_trough1'====== Args={'value': 8, 'prev_value': None, 'change': True}
2025-03-21 12:51:05,579 : INFO : EventManager : Event: ======'machine_var_audits_missing_switches_s_trough2'====== Args={'value': 11, 'prev_value': None, 'change': True}
2025-03-21 12:51:05,579 : INFO : EventManager : Event: ======'machine_var_audits_missing_switches_s_trough3'====== Args={'value': 15, 'prev_value': None, 'change': True}
2025-03-21 12:51:05,579 : INFO : EventManager : Event: ======'machine_var_audits_missing_switches_s_trough_enter'====== Args={'value': 10, 'prev_value': None, 'change': True}
2025-03-21 12:51:05,579 : INFO : EventManager : Event: ======'machine_var_audits_player_score'====== Args={'value': {'average': 124, 'top': [8000, 1000, 0, 0, 0, 0, 0, 0, 0, 0], 'total': 16}, 'prev_value': None, 'change': True}
2025-03-21 12:51:05,579 : INFO : EventManager : Event: ======'machine_var_audits_switches_s_Lane1'====== Args={'value': 36, 'prev_value': None, 'change': True}
2025-03-21 12:51:05,579 : INFO : EventManager : Event: ======'machine_var_audits_switches_s_Lane2'====== Args={'value': 25, 'prev_value': None, 'change': True}
2025-03-21 12:51:05,579 : INFO : EventManager : Event: ======'machine_var_audits_switches_s_Lane3'====== Args={'value': 22, 'prev_value': None, 'change': True}
2025-03-21 12:51:05,579 : INFO : EventManager : Event: ======'machine_var_audits_switches_s_Lane4'====== Args={'value': 26, 'prev_value': None, 'change': True}
2025-03-21 12:51:05,580 : INFO : EventManager : Event: ======'machine_var_audits_switches_s_Target1'====== Args={'value': 66, 'prev_value': None, 'change': True}
2025-03-21 12:51:05,580 : INFO : EventManager : Event: ======'machine_var_audits_switches_s_Target2'====== Args={'value': 59, 'prev_value': None, 'change': True}
2025-03-21 12:51:05,580 : INFO : EventManager : Event: ======'machine_var_audits_switches_s_Target3'====== Args={'value': 64, 'prev_value': None, 'change': True}
2025-03-21 12:51:05,580 : INFO : EventManager : Event: ======'machine_var_audits_switches_s_Target4'====== Args={'value': 51, 'prev_value': None, 'change': True}
2025-03-21 12:51:05,580 : INFO : EventManager : Event: ======'machine_var_audits_switches_s_drain'====== Args={'value': 0, 'prev_value': None, 'change': True}
2025-03-21 12:51:05,580 : INFO : EventManager : Event: ======'machine_var_audits_switches_s_launcher_button'====== Args={'value': 93, 'prev_value': None, 'change': True}
2025-03-21 12:51:05,580 : INFO : EventManager : Event: ======'machine_var_audits_switches_s_left_flipper'====== Args={'value': 103, 'prev_value': None, 'change': True}
2025-03-21 12:51:05,580 : INFO : EventManager : Event: ======'machine_var_audits_switches_s_playfield_entry'====== Args={'value': 202, 'prev_value': None, 'change': True}
2025-03-21 12:51:05,580 : INFO : EventManager : Event: ======'machine_var_audits_switches_s_plunger_lane'====== Args={'value': 139, 'prev_value': None, 'change': True}
2025-03-21 12:51:05,580 : INFO : EventManager : Event: ======'machine_var_audits_switches_s_pointTarget'====== Args={'value': 193, 'prev_value': None, 'change': True}
2025-03-21 12:51:05,580 : INFO : EventManager : Event: ======'machine_var_audits_switches_s_right_flipper'====== Args={'value': 95, 'prev_value': None, 'change': True}
2025-03-21 12:51:05,580 : INFO : EventManager : Event: ======'machine_var_audits_switches_s_trough1'====== Args={'value': 109, 'prev_value': None, 'change': True}
2025-03-21 12:51:05,581 : INFO : EventManager : Event: ======'machine_var_audits_switches_s_trough2'====== Args={'value': 17, 'prev_value': None, 'change': True}
2025-03-21 12:51:05,581 : INFO : EventManager : Event: ======'machine_var_audits_switches_s_trough3'====== Args={'value': 14, 'prev_value': None, 'change': True}
2025-03-21 12:51:05,581 : INFO : EventManager : Event: ======'machine_var_audits_switches_s_trough_enter'====== Args={'value': 1, 'prev_value': None, 'change': True}
2025-03-21 12:51:05,581 : INFO : EventManager : Event: ======'init_phase_5'====== Args={}
2025-03-21 12:51:05,712 : INFO : EventManager : Event: ======'machine_var_mc_version'====== Args={'value': 'MPF-MC v0.57.1', 'prev_value': None, 'change': True}
2025-03-21 12:51:05,712 : INFO : EventManager : Event: ======'machine_var_mc_extended_version'====== Args={'value': 'MPF-MC v0.57.1 (config_version=6, BCP v1.1,                      Requires MPF API compatibility v0.57.0 or newer)', 'prev_value': None, 'change': True}
2025-03-21 12:51:05,716 : INFO : EventManager : Event: ======'init_done'====== Args={}
2025-03-21 12:51:05,720 : INFO : EventManager : Event: ======'machine_reset_phase_1'====== Args={}
2025-03-21 12:51:05,739 : INFO : EventManager : Event: ======'slide_welcome_slide_removed'====== Args={'_from_bcp': True}
2025-03-21 12:51:05,739 : INFO : EventManager : Event: ======'slide_welcome_slide_created'====== Args={'_from_bcp': True}
2025-03-21 12:51:05,740 : INFO : EventManager : Event: ======'machine_reset_phase_2'====== Args={}
2025-03-21 12:51:05,740 : INFO : EventManager : Event: ======'machine_reset_phase_3'====== Args={}
2025-03-21 12:51:05,740 : INFO : EventManager : Event: ======'slide_welcome_slide_active'====== Args={'_from_bcp': True}
2025-03-21 12:51:05,740 : INFO : EventManager : Event: ======'reset_complete'====== Args={}
2025-03-21 12:51:05,741 : INFO : EventManager : Event: ======'mode_attract_will_start'====== Args={}
2025-03-21 12:51:05,741 : INFO : EventManager : Event: ======'mode_attract_starting'====== Args={}
2025-03-21 12:51:05,741 : INFO : Mode.attract : Started. Priority: 10
2025-03-21 12:51:05,741 : INFO : EventManager : Event: ======'modes_active_modes_changed'====== Args={}
2025-03-21 12:51:05,741 : INFO : EventManager : Event: ======'mode_attract_started'====== Args={}
2025-03-21 12:51:05,742 : INFO : EventManager : Event: ======'collecting_balls_complete'====== Args={}
2025-03-21 12:51:05,780 : INFO : EventManager : Event: ======'slide_ship_slide_created'====== Args={'_from_bcp': True}
2025-03-21 12:51:05,781 : INFO : EventManager : Event: ======'slide_ship_slide_active'====== Args={'_from_bcp': True}
2025-03-21 12:51:05,781 : INFO : Machine : Starting the main run loop.
2025-03-21 12:51:05,928 : INFO : BcpServer : New client connected.
2025-03-21 12:51:10,770 : INFO : EventManager : Event: ======'slide_starting_slide_created'====== Args={'_from_bcp': True}
2025-03-21 12:51:10,784 : INFO : EventManager : Event: ======'slide_starting_slide_active'====== Args={'_from_bcp': True}
2025-03-21 12:51:15,756 : INFO : EventManager : Event: ======'slide_company_slide_created'====== Args={'_from_bcp': True}
2025-03-21 12:51:15,764 : INFO : EventManager : Event: ======'slide_company_slide_active'====== Args={'_from_bcp': True}
2025-03-21 12:51:17,676 : INFO : SwitchController : <<<<<<< 's_launcher_button' active >>>>>>>
2025-03-21 12:51:17,688 : INFO : SwitchController : <<<<<<< 's_launcher_button' inactive >>>>>>>
2025-03-21 12:51:17,688 : INFO : EventManager : Event: ======'request_to_start_game'====== Args={}
2025-03-21 12:51:17,688 : INFO : EventManager : Event: ======'game_start'====== Args={'buttons': [], 'hold_time': 0.01600000000325963}
2025-03-21 12:51:17,690 : INFO : EventManager : Event: ======'mode_game_will_start'====== Args={'buttons': [], 'hold_time': 0.01600000000325963}
2025-03-21 12:51:17,690 : INFO : EventManager : Event: ======'mode_game_starting'====== Args={'buttons': [], 'hold_time': 0.01600000000325963}
2025-03-21 12:51:17,690 : INFO : EventManager : Event: ======'mode_attract_will_stop'====== Args={}
2025-03-21 12:51:17,690 : INFO : EventManager : Event: ======'mode_attract_stopping'====== Args={}
2025-03-21 12:51:17,690 : INFO : Mode.attract : Stopped.
2025-03-21 12:51:17,690 : INFO : EventManager : Event: ======'modes_active_modes_changed'====== Args={}
2025-03-21 12:51:17,691 : INFO : EventManager : Event: ======'mode_attract_stopped'====== Args={}
2025-03-21 12:51:17,691 : INFO : EventManager : Event: ======'clear'====== Args={'key': 'attract'}
2025-03-21 12:51:17,691 : INFO : Mode.game : Started. Priority: 20
2025-03-21 12:51:17,691 : INFO : EventManager : Event: ======'modes_active_modes_changed'====== Args={}
2025-03-21 12:51:17,692 : INFO : EventManager : Event: ======'mode_game_started'====== Args={'buttons': [], 'hold_time': 0.01600000000325963}
2025-03-21 12:51:17,697 : INFO : EventManager : Event: ======'game_will_start'====== Args={}
2025-03-21 12:51:17,698 : INFO : EventManager : Event: ======'game_starting'====== Args={'game': <Mode.game>}
2025-03-21 12:51:17,699 : INFO : EventManager : Unordered handler for class <Auditor> on event game_ended with priority 1. Handlers: [RegisteredHandler(callback=<bound method Auditor.disable of <Auditor>>, priority=1, kwargs={}, key=UUID('d1d7bea5-b86f-4b5e-aa25-57b2e26fc4d3'), condition=None, blocking_facility=None), RegisteredHandler(callback=<bound method Auditor._save_audits of <Auditor>>, priority=1, kwargs={}, key=UUID('c86a6fa4-dd58-428f-a3dd-d9613a9878bd'), condition=None, blocking_facility=None)]. The order of those handlers is not defined and they will be executed in random order. This might lead to race conditions and potential bugs.
2025-03-21 12:51:17,699 : INFO : EventManager : Event: ======'player_add_request'====== Args={}
2025-03-21 12:51:17,700 : INFO : EventManager : Event: ======'player_will_add'====== Args={'number': 1}
2025-03-21 12:51:17,700 : INFO : EventManager : Event: ======'player_adding'====== Args={'player': <Player 1>, 'number': 1}
2025-03-21 12:51:17,700 : INFO : EventManager : Event: ======'player_added'====== Args={'player': <Player 1>, 'num': 1}
2025-03-21 12:51:17,700 : INFO : Mode.game : Player added successfully. Total players: 1
2025-03-21 12:51:17,700 : INFO : EventManager : Event: ======'player_index'====== Args={'value': 0, 'prev_value': 0, 'change': 0, 'player_num': 1}
2025-03-21 12:51:17,700 : INFO : EventManager : Event: ======'player_number'====== Args={'value': 1, 'prev_value': 1, 'change': 0, 'player_num': 1}
2025-03-21 12:51:17,700 : INFO : EventManager : Event: ======'player_score'====== Args={'value': 0, 'prev_value': 0, 'change': 0, 'player_num': 1}
2025-03-21 12:51:17,701 : INFO : EventManager : Event: ======'game_started'====== Args={}
2025-03-21 12:51:17,713 : INFO : EventManager : Event: ======'player_turn_will_start'====== Args={'player': <Player 1>, 'number': 1}
2025-03-21 12:51:17,717 : INFO : EventManager : Event: ======'slide_ship_slide_removed'====== Args={'_from_bcp': True}
2025-03-21 12:51:17,717 : INFO : EventManager : Event: ======'slide_starting_slide_removed'====== Args={'_from_bcp': True}
2025-03-21 12:51:17,717 : INFO : EventManager : Event: ======'slide_company_slide_removed'====== Args={'_from_bcp': True}
2025-03-21 12:51:17,718 : INFO : EventManager : Event: ======'slide_welcome_slide_active'====== Args={'_from_bcp': True}
2025-03-21 12:51:17,718 : INFO : EventManager : Event: ======'player_turn_starting'====== Args={'player': <Player 1>, 'number': 1}
2025-03-21 12:51:17,718 : INFO : EventManager : Event: ======'player_ball'====== Args={'value': 1, 'prev_value': 0, 'change': 1, 'player_num': 1}
2025-03-21 12:51:17,719 : INFO : EventManager : Event: ======'player_turn_started'====== Args={'player': <Player 1>, 'number': 1}
2025-03-21 12:51:17,719 : INFO : EventManager : Event: ======'ball_will_start'====== Args={'player': 1, 'ball': 1, 'balls_remaining': 2, 'is_extra_ball': False}
2025-03-21 12:51:17,722 : INFO : EventManager : Event: ======'ball_starting'====== Args={'player': 1, 'ball': 1, 'balls_remaining': 2, 'is_extra_ball': False}
2025-03-21 12:51:17,723 : INFO : EventManager : Event: ======'balls_in_play'====== Args={'balls': 1}
2025-03-21 12:51:17,724 : INFO : EventManager : Event: ======'ball_started'====== Args={'player': 1, 'ball': 1, 'balls_remaining': 2, 'is_extra_ball': False}
2025-03-21 12:51:17,724 : INFO : EventManager : Event: ======'mode_intro_will_start'====== Args={'player': 1, 'ball': 1, 'balls_remaining': 2, 'is_extra_ball': False}
2025-03-21 12:51:17,724 : INFO : EventManager : Event: ======'mode_intro_starting'====== Args={'player': 1, 'ball': 1, 'balls_remaining': 2, 'is_extra_ball': False}
2025-03-21 12:51:17,724 : INFO : Mode.intro : Started. Priority: 200
2025-03-21 12:51:17,724 : INFO : EventManager : Event: ======'modes_active_modes_changed'====== Args={}
2025-03-21 12:51:17,724 : INFO : EventManager : Event: ======'mode_intro_started'====== Args={'player': 1, 'ball': 1, 'balls_remaining': 2, 'is_extra_ball': False}
2025-03-21 12:51:17,726 : INFO : EventManager : Event: ======'single_player_ball_started'====== Args={}
2025-03-21 12:51:17,766 : INFO : EventManager : Event: ======'ball_start_target'====== Args={'target': 'playfield'}
2025-03-21 12:51:17,766 : INFO : EventManager : Event: ======'slide_objective_slide_created'====== Args={'_from_bcp': True}
2025-03-21 12:51:17,766 : INFO : EventManager : Event: ======'slide_objective_slide_active'====== Args={'_from_bcp': True}
2025-03-21 12:51:17,766 : INFO : ball_device.bd_plunger_lane : Setting up player-controlled eject. Balls: 1, Target: <playfield.playfield>, player_controlled_eject_event: s_launcher_button_active
2025-03-21 12:51:17,767 : INFO : EventManager : Event: ======'balldevice_balls_available'====== Args={}
2025-03-21 12:51:17,767 : INFO : ball_device.bd_trough : State: waiting_for_target_ready
2025-03-21 12:51:17,767 : INFO : EventManager : Event: ======'balldevice_bd_trough_ball_eject_attempt'====== Args={'balls': 1, 'target': <ball_device.bd_plunger_lane>, 'source': <ball_device.bd_trough>, 'mechanical_eject': True, 'num_attempts': 0}
2025-03-21 12:51:17,769 : INFO : ball_device.bd_plunger_lane : State: waiting_for_ball
2025-03-21 12:51:17,769 : INFO : ball_device.bd_trough : State: ejecting
2025-03-21 12:51:17,769 : INFO : ball_device.bd_trough : Ejecting ball to <ball_device.bd_plunger_lane>
2025-03-21 12:51:17,769 : INFO : EventManager : Event: ======'balldevice_bd_trough_ejecting_ball'====== Args={'balls': 1, 'target': <ball_device.bd_plunger_lane>, 'source': <ball_device.bd_trough>, 'mechanical_eject': True, 'num_attempts': 0}
2025-03-21 12:51:17,769 : INFO : ball_device.bd_trough : Wait for ball to leave device
2025-03-21 12:51:17,770 : INFO : coil.c_trough_release : Pulsing Driver for 20ms (1.0 pulse_power)
2025-03-21 12:51:17,770 : INFO : SwitchController : <<<<<<< 's_trough1' inactive >>>>>>>
2025-03-21 12:51:17,775 : INFO : ball_device.bd_trough : State: ball_left
2025-03-21 12:51:17,775 : INFO : ball_device.bd_trough : Ball left
2025-03-21 12:51:17,775 : INFO : ball_device.bd_trough : Wait for confirm with timeout 3.0
2025-03-21 12:51:17,872 : INFO : SwitchController : <<<<<<< 's_plunger_lane' active >>>>>>>
2025-03-21 12:51:17,872 : INFO : EventManager : Event: ======'machine_var_audits_switches_s_plunger_lane'====== Args={'value': 140, 'prev_value': 139, 'change': 1}
2025-03-21 12:51:18,367 : INFO : ball_device.bd_plunger_lane : Received ball from <ball_device.bd_trough>
2025-03-21 12:51:18,368 : INFO : EventManager : Event: ======'balldevice_bd_plunger_lane_ball_enter'====== Args={'new_balls': 1, 'unclaimed_balls': 0, 'new_available_balls': 0, 'device': <ball_device.bd_plunger_lane>}
2025-03-21 12:51:18,370 : INFO : EventManager : Event: ======'balldevice_bd_plunger_lane_ball_entered'====== Args={'new_balls': 0, 'device': <ball_device.bd_plunger_lane>}
2025-03-21 12:51:18,371 : INFO : EventManager : Event: ======'balldevice_bd_plunger_lane_ball_count_changed'====== Args={'balls': 1}
2025-03-21 12:51:18,371 : INFO : ball_device.bd_trough : Got eject confirm
2025-03-21 12:51:18,371 : INFO : ball_device.bd_trough : Eject successful
2025-03-21 12:51:18,371 : INFO : EventManager : Event: ======'balldevice_bd_trough_ball_eject_success'====== Args={'balls': 1, 'target': <ball_device.bd_plunger_lane>}
2025-03-21 12:51:18,373 : INFO : EventManager : Event: ======'balldevice_bd_trough_ball_count_changed'====== Args={'balls': 2}
2025-03-21 12:51:18,374 : INFO : ball_device.bd_trough : State: idle
2025-03-21 12:51:18,374 : INFO : ball_device.bd_plunger_lane : State: waiting_for_target_ready
2025-03-21 12:51:18,374 : INFO : EventManager : Event: ======'balldevice_bd_plunger_lane_ball_eject_attempt'====== Args={'balls': 1, 'target': <playfield.playfield>, 'source': <ball_device.bd_plunger_lane>, 'mechanical_eject': True, 'num_attempts': 0}
2025-03-21 12:51:18,377 : INFO : ball_device.bd_plunger_lane : State: ejecting
2025-03-21 12:51:18,378 : INFO : ball_device.bd_plunger_lane : Ejecting ball to <playfield.playfield>
2025-03-21 12:51:18,378 : INFO : EventManager : Event: ======'balldevice_bd_plunger_lane_ejecting_ball'====== Args={'balls': 1, 'target': <playfield.playfield>, 'source': <ball_device.bd_plunger_lane>, 'mechanical_eject': True, 'num_attempts': 0}
2025-03-21 12:51:18,380 : INFO : ball_device.bd_plunger_lane : Wait for ball to leave device
2025-03-21 12:51:27,711 : INFO : EventManager : Event: ======'slide_objective_slide_removed'====== Args={'_from_bcp': True}
2025-03-21 12:51:27,722 : INFO : EventManager : Event: ======'slide_objective_slide_created'====== Args={'_from_bcp': True}
2025-03-21 12:51:27,726 : INFO : EventManager : Event: ======'slide_objective_slide_active'====== Args={'_from_bcp': True}
2025-03-21 12:51:37,747 : INFO : EventManager : Event: ======'slide_objective_slide_removed'====== Args={'_from_bcp': True}
2025-03-21 12:51:37,751 : INFO : EventManager : Event: ======'slide_objective_slide_created'====== Args={'_from_bcp': True}
2025-03-21 12:51:37,755 : INFO : EventManager : Event: ======'slide_objective_slide_active'====== Args={'_from_bcp': True}
2025-03-21 12:51:47,709 : INFO : EventManager : Event: ======'slide_objective_slide_removed'====== Args={'_from_bcp': True}
2025-03-21 12:51:47,712 : INFO : EventManager : Event: ======'slide_objective_slide_created'====== Args={'_from_bcp': True}
2025-03-21 12:51:47,713 : INFO : EventManager : Event: ======'slide_objective_slide_active'====== Args={'_from_bcp': True}
2025-03-21 12:51:57,754 : INFO : EventManager : Event: ======'slide_objective_slide_removed'====== Args={'_from_bcp': True}
2025-03-21 12:51:57,761 : INFO : EventManager : Event: ======'slide_objective_slide_created'====== Args={'_from_bcp': True}
2025-03-21 12:51:57,768 : INFO : EventManager : Event: ======'slide_objective_slide_active'====== Args={'_from_bcp': True}
2025-03-21 12:52:01,049 : INFO : Machine : Shutting down...
2025-03-21 12:52:01,049 : INFO : EventManager : Event: ======'shutdown'====== Args={}
2025-03-21 12:52:01,051 : INFO : EventManager : Event: ======'mode_game_will_stop'====== Args={}
2025-03-21 12:52:01,051 : INFO : EventManager : Event: ======'mode_game_stopping'====== Args={}
2025-03-21 12:52:01,053 : INFO : EventManager : Event: ======'mode_intro_will_stop'====== Args={}
2025-03-21 12:52:01,053 : INFO : EventManager : Event: ======'mode_intro_stopping'====== Args={}
2025-03-21 12:52:01,053 : INFO : Mode.intro : Stopped.
2025-03-21 12:52:01,053 : INFO : EventManager : Event: ======'modes_active_modes_changed'====== Args={}
2025-03-21 12:52:01,053 : INFO : EventManager : Event: ======'mode_intro_stopped'====== Args={}
2025-03-21 12:52:01,053 : INFO : EventManager : Event: ======'clear'====== Args={'key': 'intro'}
2025-03-21 12:52:01,053 : INFO : EventManager : Event: ======'mode_base_will_start'====== Args={}
2025-03-21 12:52:01,054 : INFO : EventManager : Event: ======'mode_base_starting'====== Args={}
2025-03-21 12:52:01,054 : INFO : Mode.base : Will not start because machine is shutting down.
2025-03-21 12:52:01,054 : INFO : Mode.game : Stopped.
2025-03-21 12:52:01,054 : INFO : EventManager : Event: ======'modes_active_modes_changed'====== Args={}
2025-03-21 12:52:01,054 : INFO : EventManager : Event: ======'mode_game_stopped'====== Args={}
2025-03-21 12:52:01,054 : INFO : EventManager : Event: ======'clear'====== Args={'key': 'game'}
2025-03-21 12:52:01,058 : INFO : root : MPF run loop ended.
