2025-03-05 21:41:38,279 : INFO : root : Loading config.
2025-03-05 21:41:38,282 : INFO : YamlMultifileConfigLoader : Machine config file #1: config.yaml
2025-03-05 21:41:38,282 : WARNING : ConfigProcessor : Config file in cache changed: C:\Users\duffb\OneDrive\Documents\Python Envs\PinBallWW1\Machine\config\config.yaml
2025-03-05 21:41:38,282 : INFO : ConfigProcessor : Loading config from file C:\Users\duffb\.pyenv\pyenv-win\versions\3.11.0\Lib\site-packages\mpf\mpfconfig.yaml.
2025-03-05 21:41:38,291 : INFO : ConfigProcessor : Loading config: C:\Users\duffb\.pyenv\pyenv-win\versions\3.11.0\Lib\site-packages\mpf\mpfconfig.yaml
2025-03-05 21:41:38,292 : INFO : ConfigProcessor : Loading config from file C:\Users\duffb\OneDrive\Documents\Python Envs\PinBallWW1\Machine\config\config.yaml.
2025-03-05 21:41:38,319 : INFO : ConfigProcessor : Loading config: C:\Users\duffb\OneDrive\Documents\Python Envs\PinBallWW1\Machine\config\config.yaml
2025-03-05 21:41:38,320 : INFO : ConfigProcessor : Config file cache created: C:\Users\duffb\AppData\Local\Temp\cadfdee4981114acd6fff59d1071b59b.mpf_cache
2025-03-05 21:41:38,404 : INFO : ConfigProcessor : Loading config from cache: C:\Users\duffb\AppData\Local\Temp\2d51d76727b268a801d8dd7a18b89879.mpf_cache
2025-03-05 21:41:38,405 : INFO : ConfigProcessor : Loading config from cache: C:\Users\duffb\AppData\Local\Temp\9f058d482eac17116727d62a93500be7.mpf_cache
2025-03-05 21:41:38,405 : INFO : Machine : Mission Pinball Framework Core Engine v0.57.0
2025-03-05 21:41:38,405 : INFO : Machine : Command line arguments: {'no_load_cache': False, 'create_config_cache': True, 'bcp': True, 'configfile': ['config.yaml'], 'force_assets_load': False, 'platform_integration_test': False, 'jsonlogging': False, 'logfile': 'logs\\2025-03-05-21-41-38-mpf-T0SHIII.log', 'pause': False, 'production': False, 'text_ui': True, 'loglevel': 15, 'consoleloglevel': 20, 'force_platform': None, 'syslog_address': None, 'mc_file_name': None, 'no_sound': False}
2025-03-05 21:41:38,405 : INFO : Machine : MPF path: C:\Users\duffb\.pyenv\pyenv-win\versions\3.11.0\Lib\site-packages\mpf
2025-03-05 21:41:38,406 : INFO : Machine : Machine path: C:\Users\duffb\OneDrive\Documents\Python Envs\PinBallWW1\Machine
2025-03-05 21:41:38,406 : INFO : Machine : Platform: win32
2025-03-05 21:41:38,406 : INFO : Machine : Python executable location: C:\Users\duffb\.pyenv\pyenv-win\versions\3.11.0\python.exe
2025-03-05 21:41:38,406 : INFO : Machine : Python version: 3.11.0 (64-bit)
2025-03-05 21:41:38,407 : INFO : Machine : Initializing MPF...
2025-03-05 21:41:38,583 : INFO : EventManager : Event: ======'machine_var_credits_string'====== Args={'value': 'FREE PLAY', 'prev_value': None, 'change': True}
2025-03-05 21:41:38,624 : INFO : EventManager : Event: ======'machine_var_master_volume'====== Args={'value': 0.5, 'prev_value': None, 'change': True}
2025-03-05 21:41:38,624 : INFO : EventManager : Event: ======'machine_var_mpf_version'====== Args={'value': 'Mission Pinball Framework v0.57.0', 'prev_value': None, 'change': True}
2025-03-05 21:41:38,624 : INFO : EventManager : Event: ======'machine_var_mpf_extended_version'====== Args={'value': 'Mission Pinball Framework v0.57.0, Config version:6, Show version: 6, BCP version:1.1', 'prev_value': None, 'change': True}
2025-03-05 21:41:38,624 : INFO : EventManager : Event: ======'machine_var_python_version'====== Args={'value': '3.11.0', 'prev_value': None, 'change': True}
2025-03-05 21:41:38,633 : INFO : EventManager : Event: ======'machine_var_platform'====== Args={'value': 'Windows-10-10.0.26100-SP0', 'prev_value': None, 'change': True}
2025-03-05 21:41:38,633 : INFO : EventManager : Event: ======'machine_var_platform_system'====== Args={'value': 'Windows', 'prev_value': None, 'change': True}
2025-03-05 21:41:38,633 : INFO : EventManager : Event: ======'machine_var_platform_release'====== Args={'value': '10', 'prev_value': None, 'change': True}
2025-03-05 21:41:38,633 : INFO : EventManager : Event: ======'machine_var_platform_version'====== Args={'value': '10.0.26100', 'prev_value': None, 'change': True}
2025-03-05 21:41:38,633 : INFO : EventManager : Event: ======'machine_var_platform_machine'====== Args={'value': 'AMD64', 'prev_value': None, 'change': True}
2025-03-05 21:41:38,633 : INFO : EventManager : Event: ======'init_phase_1'====== Args={}
2025-03-05 21:41:38,644 : INFO : EventManager : Event: ======'init_phase_2'====== Args={}
2025-03-05 21:41:38,644 : INFO : SwitchController : Found active switch: ('8', <Platform.SmartVirtual>) <switch.s_trough_enter>
2025-03-05 21:41:38,644 : INFO : SwitchController : Found active switch: ('7', <Platform.SmartVirtual>) <switch.s_trough1>
2025-03-05 21:41:38,644 : INFO : SwitchController : Found active switch: ('10', <Platform.SmartVirtual>) <switch.s_trough2>
2025-03-05 21:41:38,644 : INFO : SwitchController : Found active switch: ('11', <Platform.SmartVirtual>) <switch.s_trough3>
2025-03-05 21:41:38,645 : INFO : EventManager : Event: ======'bcp_connection_attempt'====== Args={'name': 'local_display', 'host': 'localhost', 'port': 5050}
2025-03-05 21:41:38,647 : INFO : BCPClientSocket : Connecting BCP to 'local_display' at localhost:5050...
2025-03-05 21:41:40,690 : INFO : BCPClientSocket : Connected BCP to 'local_display' localhost:5050
2025-03-05 21:41:40,693 : INFO : EventManager : Event: ======'bcp_clients_connected'====== Args={}
2025-03-05 21:41:40,843 : INFO : ball_device.bd_drain : BCH: Initial count: 0
2025-03-05 21:41:40,844 : INFO : EventManager : Event: ======'machine_var_mc_version'====== Args={'value': 'MPF-MC v0.57.1', 'prev_value': None, 'change': True}
2025-03-05 21:41:40,844 : INFO : EventManager : Event: ======'machine_var_mc_extended_version'====== Args={'value': 'MPF-MC v0.57.1 (config_version=6, BCP v1.1,                      Requires MPF API compatibility v0.57.0 or newer)', 'prev_value': None, 'change': True}
2025-03-05 21:41:40,845 : INFO : ball_device.bd_drain : State: idle
2025-03-05 21:41:40,867 : INFO : ball_device.bd_trough : BCH: Initial count: 3
2025-03-05 21:41:40,868 : INFO : ball_device.bd_trough : State: idle
2025-03-05 21:41:40,868 : INFO : ball_device.bd_plunger_lane : BCH: Initial count: 0
2025-03-05 21:41:40,868 : INFO : ball_device.bd_plunger_lane : State: idle
2025-03-05 21:41:40,875 : INFO : EventManager : Event: ======'init_phase_3'====== Args={}
2025-03-05 21:41:40,877 : INFO : EventManager : Event: ======'init_phase_4'====== Args={}
2025-03-05 21:41:40,877 : INFO : BallController : Initial balls found: 3
2025-03-05 21:41:40,878 : INFO : EventManager : Event: ======'machine_var_audits_switches_s_trough_enter'====== Args={'value': 0, 'prev_value': None, 'change': True}
2025-03-05 21:41:40,878 : INFO : EventManager : Event: ======'machine_var_audits_switches_s_right_flipper'====== Args={'value': 0, 'prev_value': None, 'change': True}
2025-03-05 21:41:40,878 : INFO : EventManager : Event: ======'machine_var_audits_switches_s_left_flipper'====== Args={'value': 0, 'prev_value': None, 'change': True}
2025-03-05 21:41:40,878 : INFO : EventManager : Event: ======'machine_var_audits_switches_s_trough2'====== Args={'value': 0, 'prev_value': None, 'change': True}
2025-03-05 21:41:40,878 : INFO : EventManager : Event: ======'machine_var_audits_switches_s_trough3'====== Args={'value': 0, 'prev_value': None, 'change': True}
2025-03-05 21:41:40,878 : INFO : EventManager : Event: ======'machine_var_audits_switches_s_playfield_entry'====== Args={'value': 0, 'prev_value': None, 'change': True}
2025-03-05 21:41:40,879 : INFO : EventManager : Event: ======'machine_var_audits_switches_s_drain'====== Args={'value': 0, 'prev_value': None, 'change': True}
2025-03-05 21:41:40,879 : INFO : EventManager : Event: ======'machine_var_audits_switches_s_trough1'====== Args={'value': 0, 'prev_value': None, 'change': True}
2025-03-05 21:41:40,879 : INFO : EventManager : Event: ======'machine_var_audits_switches_s_launcher_button'====== Args={'value': 0, 'prev_value': None, 'change': True}
2025-03-05 21:41:40,879 : INFO : EventManager : Event: ======'machine_var_audits_switches_s_plunger_lane'====== Args={'value': 0, 'prev_value': None, 'change': True}
2025-03-05 21:41:40,879 : INFO : EventManager : Event: ======'machine_var_audits_events_game_started'====== Args={'value': 0, 'prev_value': None, 'change': True}
2025-03-05 21:41:40,879 : INFO : EventManager : Event: ======'machine_var_audits_events_game_ended'====== Args={'value': 0, 'prev_value': None, 'change': True}
2025-03-05 21:41:40,879 : INFO : EventManager : Event: ======'machine_var_audits_player_score'====== Args={'value': {'top': [], 'average': 0, 'total': 0}, 'prev_value': None, 'change': True}
2025-03-05 21:41:40,880 : INFO : EventManager : Event: ======'init_phase_5'====== Args={}
2025-03-05 21:41:40,891 : INFO : EventManager : Event: ======'init_done'====== Args={}
2025-03-05 21:41:40,891 : INFO : EventManager : Event: ======'machine_reset_phase_1'====== Args={}
2025-03-05 21:41:40,897 : INFO : EventManager : Event: ======'slide_welcome_slide_removed'====== Args={'_from_bcp': True}
2025-03-05 21:41:40,898 : INFO : EventManager : Event: ======'slide_welcome_slide_created'====== Args={'_from_bcp': True}
2025-03-05 21:41:40,899 : INFO : EventManager : Event: ======'machine_reset_phase_2'====== Args={}
2025-03-05 21:41:40,899 : INFO : EventManager : Event: ======'machine_reset_phase_3'====== Args={}
2025-03-05 21:41:40,899 : INFO : EventManager : Event: ======'reset_complete'====== Args={}
2025-03-05 21:41:40,899 : INFO : EventManager : Event: ======'mode_attract_will_start'====== Args={}
2025-03-05 21:41:40,900 : INFO : EventManager : Event: ======'mode_attract_starting'====== Args={}
2025-03-05 21:41:40,900 : INFO : Mode.attract : Started. Priority: 10
2025-03-05 21:41:40,900 : INFO : EventManager : Event: ======'modes_active_modes_changed'====== Args={}
2025-03-05 21:41:40,900 : INFO : EventManager : Event: ======'mode_attract_started'====== Args={}
2025-03-05 21:41:40,900 : INFO : EventManager : Event: ======'collecting_balls_complete'====== Args={}
2025-03-05 21:41:40,917 : INFO : EventManager : Event: ======'slide_welcome_slide_active'====== Args={'_from_bcp': True}
2025-03-05 21:41:40,917 : INFO : Machine : Starting the main run loop.
2025-03-05 21:41:47,595 : INFO : SwitchController : <<<<<<< 's_trough1' inactive >>>>>>>
2025-03-05 21:41:49,713 : WARNING : BcpInterface : Received BCP switch message with invalid switchname: 's_trough_release'
2025-03-05 21:41:49,846 : WARNING : BcpInterface : Received BCP switch message with invalid switchname: 's_trough_release'
2025-03-05 21:41:50,910 : WARNING : BcpInterface : Received BCP switch message with invalid switchname: 's_trough_release'
2025-03-05 21:41:51,082 : WARNING : BcpInterface : Received BCP switch message with invalid switchname: 's_trough_release'
2025-03-05 21:41:51,305 : WARNING : BcpInterface : Received BCP switch message with invalid switchname: 's_trough_release'
2025-03-05 21:41:51,458 : WARNING : BcpInterface : Received BCP switch message with invalid switchname: 's_trough_release'
2025-03-05 21:41:51,809 : WARNING : BcpInterface : Received BCP switch message with invalid switchname: 's_trough_release'
2025-03-05 21:41:51,885 : WARNING : BcpInterface : Received BCP switch message with invalid switchname: 's_trough_release'
2025-03-05 21:41:53,105 : INFO : EventManager : Event: ======'balldevice_bd_trough_ball_count_changed'====== Args={'balls': 2}
2025-03-05 21:41:53,106 : WARNING : ball_device.bd_trough : Ball disappeared while idle. This should not normally happen.
2025-03-05 21:41:53,106 : INFO : EventManager : Event: ======'balldevice_playfield_ball_enter'====== Args={'new_balls': 1, 'unclaimed_balls': 1, 'device': <playfield.playfield>}
2025-03-05 21:41:53,107 : INFO : EventManager : Event: ======'playfield_ball_count_change'====== Args={'balls': 1, 'change': 1}
2025-03-05 21:41:53,109 : INFO : ball_device.bd_trough : 1 ball(s) missing from device. Mechanical eject? False
2025-03-05 21:41:53,110 : INFO : EventManager : Event: ======'balldevice_bd_trough_ball_missing'====== Args={'balls': 1}
2025-03-05 21:41:53,110 : INFO : EventManager : Event: ======'balldevice_ball_missing'====== Args={'balls': 1, 'name': 'bd_trough'}
2025-03-05 21:41:53,317 : INFO : SwitchController : <<<<<<< 's_launcher_button' active >>>>>>>
2025-03-05 21:41:53,440 : INFO : SwitchController : <<<<<<< 's_launcher_button' inactive >>>>>>>
2025-03-05 21:41:54,832 : INFO : SwitchController : <<<<<<< 's_playfield_entry' active >>>>>>>
2025-03-05 21:41:54,832 : INFO : EventManager : Event: ======'sw_playfield_active'====== Args={}
2025-03-05 21:41:54,969 : INFO : SwitchController : <<<<<<< 's_playfield_entry' inactive >>>>>>>
2025-03-05 21:41:57,399 : INFO : SwitchController : <<<<<<< 's_plunger_lane' active >>>>>>>
2025-03-05 21:41:57,523 : INFO : SwitchController : <<<<<<< 's_plunger_lane' inactive >>>>>>>
2025-03-05 21:41:59,546 : INFO : SwitchController : <<<<<<< 's_trough2' inactive >>>>>>>
2025-03-05 21:42:01,575 : INFO : SwitchController : <<<<<<< 's_plunger_lane' active >>>>>>>
2025-03-05 21:42:01,744 : INFO : SwitchController : <<<<<<< 's_plunger_lane' inactive >>>>>>>
2025-03-05 21:42:04,240 : INFO : SwitchController : <<<<<<< 's_right_flipper' active >>>>>>>
2025-03-05 21:42:04,390 : INFO : SwitchController : <<<<<<< 's_right_flipper' inactive >>>>>>>
2025-03-05 21:42:05,061 : INFO : EventManager : Event: ======'balldevice_bd_trough_ball_count_changed'====== Args={'balls': 1}
2025-03-05 21:42:05,061 : WARNING : ball_device.bd_trough : Ball disappeared while idle. This should not normally happen.
2025-03-05 21:42:05,062 : INFO : EventManager : Event: ======'balldevice_playfield_ball_enter'====== Args={'new_balls': 1, 'unclaimed_balls': 1, 'device': <playfield.playfield>}
2025-03-05 21:42:05,062 : INFO : EventManager : Event: ======'playfield_ball_count_change'====== Args={'balls': 2, 'change': 1}
2025-03-05 21:42:05,062 : INFO : ball_device.bd_trough : 1 ball(s) missing from device. Mechanical eject? False
2025-03-05 21:42:05,062 : INFO : EventManager : Event: ======'balldevice_bd_trough_ball_missing'====== Args={'balls': 1}
2025-03-05 21:42:05,063 : INFO : EventManager : Event: ======'balldevice_ball_missing'====== Args={'balls': 1, 'name': 'bd_trough'}
2025-03-05 21:42:06,620 : INFO : SwitchController : <<<<<<< 's_playfield_entry' active >>>>>>>
2025-03-05 21:42:06,620 : INFO : EventManager : Event: ======'sw_playfield_active'====== Args={}
2025-03-05 21:42:06,807 : INFO : SwitchController : <<<<<<< 's_playfield_entry' inactive >>>>>>>
2025-03-05 21:42:08,728 : INFO : SwitchController : <<<<<<< 's_trough3' inactive >>>>>>>
2025-03-05 21:42:09,369 : INFO : SwitchController : <<<<<<< 's_playfield_entry' active >>>>>>>
2025-03-05 21:42:09,369 : INFO : EventManager : Event: ======'sw_playfield_active'====== Args={}
2025-03-05 21:42:09,542 : INFO : SwitchController : <<<<<<< 's_playfield_entry' inactive >>>>>>>
2025-03-05 21:42:12,048 : INFO : SwitchController : <<<<<<< 's_playfield_entry' active >>>>>>>
2025-03-05 21:42:12,048 : INFO : EventManager : Event: ======'sw_playfield_active'====== Args={}
2025-03-05 21:42:12,198 : INFO : SwitchController : <<<<<<< 's_playfield_entry' inactive >>>>>>>
2025-03-05 21:42:14,234 : INFO : EventManager : Event: ======'balldevice_bd_trough_ball_count_changed'====== Args={'balls': 0}
2025-03-05 21:42:14,234 : WARNING : ball_device.bd_trough : Ball disappeared while idle. This should not normally happen.
2025-03-05 21:42:14,235 : INFO : EventManager : Event: ======'balldevice_playfield_ball_enter'====== Args={'new_balls': 1, 'unclaimed_balls': 1, 'device': <playfield.playfield>}
2025-03-05 21:42:14,235 : INFO : EventManager : Event: ======'playfield_ball_count_change'====== Args={'balls': 3, 'change': 1}
2025-03-05 21:42:14,235 : INFO : ball_device.bd_trough : 1 ball(s) missing from device. Mechanical eject? False
2025-03-05 21:42:14,235 : INFO : EventManager : Event: ======'balldevice_bd_trough_ball_missing'====== Args={'balls': 1}
2025-03-05 21:42:14,236 : INFO : EventManager : Event: ======'balldevice_ball_missing'====== Args={'balls': 1, 'name': 'bd_trough'}
2025-03-05 21:42:16,145 : INFO : SwitchController : <<<<<<< 's_trough1' active >>>>>>>
2025-03-05 21:42:16,644 : INFO : EventManager : Event: ======'balldevice_bd_trough_ball_count_changed'====== Args={'balls': 1}
2025-03-05 21:42:16,644 : INFO : ball_device.bd_trough : Received unexpected ball
2025-03-05 21:42:16,644 : INFO : EventManager : Event: ======'balldevice_captured_from_playfield'====== Args={'balls': 1}
2025-03-05 21:42:16,644 : INFO : EventManager : Event: ======'sw_playfield_active'====== Args={'balls': 1}
2025-03-05 21:42:16,644 : INFO : EventManager : Event: ======'playfield_ball_count_change'====== Args={'balls': 2, 'change': -1}
2025-03-05 21:42:16,646 : INFO : EventManager : Event: ======'balldevice_bd_trough_ball_enter'====== Args={'new_balls': 1, 'unclaimed_balls': 1, 'new_available_balls': 1, 'device': <ball_device.bd_trough>}
2025-03-05 21:42:16,646 : INFO : EventManager : Event: ======'ball_drain'====== Args={'device': <ball_device.bd_trough>, 'balls': 1}
2025-03-05 21:42:16,646 : INFO : EventManager : Event: ======'balldevice_balls_available'====== Args={}
2025-03-05 21:42:16,647 : INFO : EventManager : Event: ======'balldevice_bd_trough_ball_entered'====== Args={'new_balls': 1, 'device': <ball_device.bd_trough>}
2025-03-05 21:42:17,861 : INFO : SwitchController : <<<<<<< 's_trough2' active >>>>>>>
2025-03-05 21:42:18,376 : INFO : EventManager : Event: ======'balldevice_bd_trough_ball_count_changed'====== Args={'balls': 2}
2025-03-05 21:42:18,376 : INFO : ball_device.bd_trough : Received unexpected ball
2025-03-05 21:42:18,376 : INFO : EventManager : Event: ======'balldevice_captured_from_playfield'====== Args={'balls': 1}
2025-03-05 21:42:18,377 : INFO : EventManager : Event: ======'sw_playfield_active'====== Args={'balls': 1}
2025-03-05 21:42:18,377 : INFO : EventManager : Event: ======'playfield_ball_count_change'====== Args={'balls': 1, 'change': -1}
2025-03-05 21:42:18,378 : INFO : EventManager : Event: ======'balldevice_bd_trough_ball_enter'====== Args={'new_balls': 1, 'unclaimed_balls': 1, 'new_available_balls': 1, 'device': <ball_device.bd_trough>}
2025-03-05 21:42:18,378 : INFO : EventManager : Event: ======'ball_drain'====== Args={'device': <ball_device.bd_trough>, 'balls': 1}
2025-03-05 21:42:18,379 : INFO : EventManager : Event: ======'balldevice_balls_available'====== Args={}
2025-03-05 21:42:18,379 : INFO : EventManager : Event: ======'balldevice_bd_trough_ball_entered'====== Args={'new_balls': 1, 'device': <ball_device.bd_trough>}
2025-03-05 21:42:19,064 : INFO : SwitchController : <<<<<<< 's_trough3' active >>>>>>>
2025-03-05 21:42:19,579 : INFO : EventManager : Event: ======'balldevice_bd_trough_ball_count_changed'====== Args={'balls': 3}
2025-03-05 21:42:19,580 : INFO : ball_device.bd_trough : Received unexpected ball
2025-03-05 21:42:19,580 : INFO : EventManager : Event: ======'balldevice_captured_from_playfield'====== Args={'balls': 1}
2025-03-05 21:42:19,581 : INFO : EventManager : Event: ======'sw_playfield_active'====== Args={'balls': 1}
2025-03-05 21:42:19,581 : INFO : EventManager : Event: ======'playfield_ball_count_change'====== Args={'balls': 0, 'change': -1}
2025-03-05 21:42:19,582 : INFO : EventManager : Event: ======'balldevice_bd_trough_ball_enter'====== Args={'new_balls': 1, 'unclaimed_balls': 1, 'new_available_balls': 1, 'device': <ball_device.bd_trough>}
2025-03-05 21:42:19,582 : INFO : EventManager : Event: ======'ball_drain'====== Args={'device': <ball_device.bd_trough>, 'balls': 1}
2025-03-05 21:42:19,583 : INFO : EventManager : Event: ======'balldevice_balls_available'====== Args={}
2025-03-05 21:42:19,585 : INFO : EventManager : Event: ======'balldevice_bd_trough_ball_entered'====== Args={'new_balls': 1, 'device': <ball_device.bd_trough>}
2025-03-05 21:42:21,494 : INFO : Machine : Shutting down...
2025-03-05 21:42:21,494 : INFO : EventManager : Event: ======'shutdown'====== Args={}
2025-03-05 21:42:21,497 : INFO : root : MPF run loop ended.
