2025-03-06 21:38:33,849 : kivy : deps: Successfully imported "kivy_deps.gstreamer" 0.3.3
2025-03-06 21:38:33,849 : kivy : deps: Successfully imported "kivy_deps.angle" 0.3.3
2025-03-06 21:38:33,849 : kivy : deps: Successfully imported "kivy_deps.glew" 0.3.1
2025-03-06 21:38:33,849 : kivy : deps: Successfully imported "kivy_deps.sdl2" 0.6.0
2025-03-06 21:38:33,849 : kivy : Kivy: v2.2.1
2025-03-06 21:38:33,849 : kivy : Kivy: Installed at "C:\Users\duffb\.pyenv\pyenv-win\versions\3.11.0\Lib\site-packages\kivy\__init__.py"
2025-03-06 21:38:33,849 : kivy : Python: v3.11.0 (main, Oct 24 2022, 18:26:48) [MSC v.1933 64 bit (AMD64)]
2025-03-06 21:38:33,850 : kivy : Python: Interpreter at "C:\Users\duffb\.pyenv\pyenv-win\versions\3.11.0\python.exe"
2025-03-06 21:38:33,863 : kivy : Factory: 190 symbols loaded
2025-03-06 21:38:34,003 : kivy : ImageLoaderFFPy: Using ffpyplayer 4.5.1
2025-03-06 21:38:34,003 : kivy : Image: Providers: img_tex, img_dds, img_sdl2, img_pil, img_ffpyplayer 
2025-03-06 21:38:34,168 : kivy : VideoGstplayer: Using Gstreamer 1.18.5.0
2025-03-06 21:38:34,168 : kivy : Video: Provider: gstplayer
2025-03-06 21:38:34,196 : root : Loading MPF-MC controller
2025-03-06 21:38:34,210 : YamlMultifileConfigLoader : Machine config file #1: config
2025-03-06 21:38:34,210 : ConfigProcessor : Config file in cache changed: C:\Users\duffb\OneDrive\Documents\Python Envs\PinBallWW1\Machine\config\config
2025-03-06 21:38:34,210 : ConfigProcessor : Loading config from file C:\Users\duffb\.pyenv\pyenv-win\versions\3.11.0\Lib\site-packages\mpfmc\mcconfig.yaml.
2025-03-06 21:38:34,216 : ConfigProcessor : Loading config: C:\Users\duffb\.pyenv\pyenv-win\versions\3.11.0\Lib\site-packages\mpfmc\mcconfig.yaml
2025-03-06 21:38:34,216 : ConfigProcessor : Loading config from file C:\Users\duffb\OneDrive\Documents\Python Envs\PinBallWW1\Machine\config\config.
2025-03-06 21:38:34,220 : ConfigProcessor : Loading config: C:\Users\duffb\OneDrive\Documents\Python Envs\PinBallWW1\Machine\config\config
2025-03-06 21:38:34,221 : ConfigProcessor : Config file cache created: C:\Users\duffb\AppData\Local\Temp\de7a4651692d89380cb727f0a44dc491.mpf_cache
2025-03-06 21:38:34,221 : ConfigProcessor : Loading config from cache: C:\Users\duffb\AppData\Local\Temp\2d51d76727b268a801d8dd7a18b89879.mpf_cache
2025-03-06 21:38:34,222 : ConfigProcessor : Loading config from cache: C:\Users\duffb\AppData\Local\Temp\9f058d482eac17116727d62a93500be7.mpf_cache
2025-03-06 21:38:34,222 : ConfigProcessor : Loading config from cache: C:\Users\duffb\AppData\Local\Temp\9e006ea23aa21ec68e01f6c49afad9f4.mpf_cache
2025-03-06 21:38:34,223 : mpfmc : Mission Pinball Framework Media Controller (MPF-MC) v0.57.1. Requires MPF v0.57.0 or newer.
2025-03-06 21:38:34,223 : mpfmc : Found MPF v0.57.0
2025-03-06 21:38:34,223 : mpfmc : Machine path: C:\Users\duffb\OneDrive\Documents\Python Envs\PinBallWW1\Machine
2025-03-06 21:38:34,223 : mpfmc : Starting clock at 60.0Hz
2025-03-06 21:38:34,239 : kivy : Text: Provider: sdl2
2025-03-06 21:38:34,283 : kivy : Window: Provider: sdl2
2025-03-06 21:38:34,534 : kivy : GL: Using the "OpenGL" graphics system
2025-03-06 21:38:34,535 : kivy : GL: GLEW initialization succeeded
2025-03-06 21:38:34,536 : kivy : GL: Backend used <glew>
2025-03-06 21:38:34,536 : kivy : GL: OpenGL version <b'4.6.0 - Build 31.0.101.5592'>
2025-03-06 21:38:34,536 : kivy : GL: OpenGL vendor <b'Intel'>
2025-03-06 21:38:34,536 : kivy : GL: OpenGL renderer <b'Intel(R) UHD Graphics'>
2025-03-06 21:38:34,536 : kivy : GL: OpenGL parsed version: 4, 6
2025-03-06 21:38:34,536 : kivy : GL: Shading version <b'4.60 - Build 31.0.101.5592'>
2025-03-06 21:38:34,536 : kivy : GL: Texture max size <16384>
2025-03-06 21:38:34,536 : kivy : GL: Texture max units <32>
2025-03-06 21:38:34,561 : kivy : Window: auto add sdl2 input provider
2025-03-06 21:38:34,562 : kivy : Window: virtual keyboard not allowed, single mode, not docked
2025-03-06 21:38:35,017 : AudioInterface : Initialized
2025-03-06 21:38:35,017 : AudioInterface : Loaded SDL 2.26.4
2025-03-06 21:38:35,017 : AudioInterface : Loaded SDL_Mixer 2.6.3
2025-03-06 21:38:35,017 : AudioInterface : Loaded GStreamer 1.18.5.0
2025-03-06 21:38:35,017 : AudioInterface : Loaded GLib 2.62.6
2025-03-06 21:38:35,017 : AudioInterface : Settings requested - rate: 44100, channels: 1, buffer: 2048 samples
2025-03-06 21:38:35,017 : AudioInterface : Settings in use - rate: 44100, channels: 1, buffer: 2048 samples (4096 bytes @ 2 bytes per sample)
2025-03-06 21:38:35,017 : SoundSystem : Setting master volume to 0.0
2025-03-06 21:38:35,017 : AudioInterface : Enabling audio playback
2025-03-06 21:38:35,019 : kivy : Base: Start application main loop
2025-03-06 21:38:35,019 : EventManager : Event: ======'display_window_initialized'====== Args={}
2025-03-06 21:38:35,027 : mpfmc : Display: Setting 'window' as default display
2025-03-06 21:38:35,033 : EventManager : Event: ======'displays_initialized'====== Args={}
2025-03-06 21:38:35,034 : EventManager : Event: ======'slide_window_blank_created'====== Args={}
2025-03-06 21:38:35,034 : EventManager : Event: ======'display_window_ready'====== Args={}
2025-03-06 21:38:35,045 : EventManager : Event: ======'init_phase_1'====== Args={}
2025-03-06 21:38:35,048 : EventManager : Event: ======'mc_ready'====== Args={}
2025-03-06 21:38:35,048 : EventManager : Event: ======'init_phase_2'====== Args={}
2025-03-06 21:38:35,049 : EventManager : Event: ======'init_phase_3'====== Args={}
2025-03-06 21:38:35,051 : EventManager : Event: ======'init_phase_4'====== Args={}
2025-03-06 21:38:35,051 : EventManager : Event: ======'init_phase_5'====== Args={}
2025-03-06 21:38:35,064 : kivy : GL: NPOT texture support is available
2025-03-06 21:38:35,066 : EventManager : Event: ======'loading_assets'====== Args={'total': 1, 'loaded': 1, 'remaining': 0, 'percent': 100}
2025-03-06 21:38:35,066 : AssetManager : Asset loading took: 0.04859328269958496
2025-03-06 21:38:35,066 : EventManager : Event: ======'asset_loading_complete'====== Args={}
2025-03-06 21:38:35,066 : AssetManager : Loading assets: 1/1 (100%)
2025-03-06 21:38:35,066 : EventManager : Event: ======'init_done'====== Args={}
2025-03-06 21:38:35,067 : MPF-MC BCP Server : Starting up on localhost port 5050
2025-03-06 21:38:35,071 : MPF-MC BCP Server : Waiting for a connection...
2025-03-06 21:38:35,072 : EventManager : Event: ======'client_disconnected'====== Args={'host': '127.0.0.1', 'port': 5050}
2025-03-06 21:38:36,043 : MPF-MC BCP Server : Received connection from: 127.0.0.1:50833
2025-03-06 21:38:36,047 : EventManager : Event: ======'client_connected'====== Args={'host': '127.0.0.1', 'port': 50833}
2025-03-06 21:38:36,186 : EventManager : Event: ======'machine_var_credits_string'====== Args={'value': 'FREE PLAY', 'prev_value': None, 'change': True}
2025-03-06 21:38:36,186 : EventManager : Event: ======'machine_var_master_volume'====== Args={'value': 0.5, 'prev_value': None, 'change': True}
2025-03-06 21:38:36,186 : EventManager : Event: ======'machine_var_player1_score'====== Args={'value': 8000, 'prev_value': None, 'change': True}
2025-03-06 21:38:36,186 : EventManager : Event: ======'machine_var_player2_score'====== Args={'value': 1000, 'prev_value': None, 'change': True}
2025-03-06 21:38:36,186 : EventManager : Event: ======'machine_var_mpf_version'====== Args={'value': 'Mission Pinball Framework v0.57.0', 'prev_value': None, 'change': True}
2025-03-06 21:38:36,186 : EventManager : Event: ======'machine_var_mpf_extended_version'====== Args={'value': 'Mission Pinball Framework v0.57.0, Config version:6, Show version: 6, BCP version:1.1', 'prev_value': None, 'change': True}
2025-03-06 21:38:36,186 : EventManager : Event: ======'machine_var_python_version'====== Args={'value': '3.11.0', 'prev_value': None, 'change': True}
2025-03-06 21:38:36,186 : EventManager : Event: ======'machine_var_platform'====== Args={'value': 'Windows-10-10.0.26100-SP0', 'prev_value': None, 'change': True}
2025-03-06 21:38:36,186 : EventManager : Event: ======'machine_var_platform_system'====== Args={'value': 'Windows', 'prev_value': None, 'change': True}
2025-03-06 21:38:36,186 : EventManager : Event: ======'machine_var_platform_release'====== Args={'value': '10', 'prev_value': None, 'change': True}
2025-03-06 21:38:36,186 : EventManager : Event: ======'machine_var_platform_version'====== Args={'value': '10.0.26100', 'prev_value': None, 'change': True}
2025-03-06 21:38:36,186 : EventManager : Event: ======'machine_var_platform_machine'====== Args={'value': 'AMD64', 'prev_value': None, 'change': True}
2025-03-06 21:38:36,186 : EventManager : Event: ======'machine_var_mc_version'====== Args={'value': 'MPF-MC v0.57.1', 'prev_value': None, 'change': True}
2025-03-06 21:38:36,186 : EventManager : Event: ======'machine_var_mc_extended_version'====== Args={'value': 'MPF-MC v0.57.1 (config_version=6, BCP v1.1,                      Requires MPF API compatibility v0.57.0 or newer)', 'prev_value': None, 'change': True}
2025-03-06 21:38:36,187 : EventManager : Event: ======'machine_var_credits_string'====== Args={'value': 'FREE PLAY', 'prev_value': None, 'change': True}
2025-03-06 21:38:36,187 : EventManager : Event: ======'machine_var_master_volume'====== Args={'value': 0.5, 'prev_value': None, 'change': True}
2025-03-06 21:38:36,187 : EventManager : Event: ======'machine_var_player1_score'====== Args={'value': 8000, 'prev_value': None, 'change': True}
2025-03-06 21:38:36,187 : EventManager : Event: ======'machine_var_player2_score'====== Args={'value': 1000, 'prev_value': None, 'change': True}
2025-03-06 21:38:36,187 : EventManager : Event: ======'machine_var_mpf_version'====== Args={'value': 'Mission Pinball Framework v0.57.0', 'prev_value': None, 'change': True}
2025-03-06 21:38:36,187 : EventManager : Event: ======'machine_var_mpf_extended_version'====== Args={'value': 'Mission Pinball Framework v0.57.0, Config version:6, Show version: 6, BCP version:1.1', 'prev_value': None, 'change': True}
2025-03-06 21:38:36,187 : EventManager : Event: ======'machine_var_python_version'====== Args={'value': '3.11.0', 'prev_value': None, 'change': True}
2025-03-06 21:38:36,187 : EventManager : Event: ======'machine_var_platform'====== Args={'value': 'Windows-10-10.0.26100-SP0', 'prev_value': None, 'change': True}
2025-03-06 21:38:36,187 : EventManager : Event: ======'machine_var_platform_system'====== Args={'value': 'Windows', 'prev_value': None, 'change': True}
2025-03-06 21:38:36,187 : EventManager : Event: ======'machine_var_platform_release'====== Args={'value': '10', 'prev_value': None, 'change': True}
2025-03-06 21:38:36,187 : EventManager : Event: ======'machine_var_platform_version'====== Args={'value': '10.0.26100', 'prev_value': None, 'change': True}
2025-03-06 21:38:36,187 : EventManager : Event: ======'machine_var_platform_machine'====== Args={'value': 'AMD64', 'prev_value': None, 'change': True}
2025-03-06 21:38:36,187 : EventManager : Event: ======'machine_var_mc_version'====== Args={'value': 'MPF-MC v0.57.1', 'prev_value': None, 'change': True}
2025-03-06 21:38:36,187 : EventManager : Event: ======'machine_var_mc_extended_version'====== Args={'value': 'MPF-MC v0.57.1 (config_version=6, BCP v1.1,                      Requires MPF API compatibility v0.57.0 or newer)', 'prev_value': None, 'change': True}
2025-03-06 21:38:36,187 : EventManager : Event: ======'machine_var_credits_string'====== Args={'value': 'FREE PLAY', 'prev_value': None, 'change': True}
2025-03-06 21:38:36,187 : EventManager : Event: ======'machine_var_master_volume'====== Args={'value': 0.5, 'prev_value': None, 'change': True}
2025-03-06 21:38:36,187 : EventManager : Event: ======'machine_var_player1_score'====== Args={'value': 8000, 'prev_value': None, 'change': True}
2025-03-06 21:38:36,187 : EventManager : Event: ======'machine_var_player2_score'====== Args={'value': 1000, 'prev_value': None, 'change': True}
2025-03-06 21:38:36,187 : EventManager : Event: ======'machine_var_mpf_version'====== Args={'value': 'Mission Pinball Framework v0.57.0', 'prev_value': None, 'change': True}
2025-03-06 21:38:36,187 : EventManager : Event: ======'machine_var_mpf_extended_version'====== Args={'value': 'Mission Pinball Framework v0.57.0, Config version:6, Show version: 6, BCP version:1.1', 'prev_value': None, 'change': True}
2025-03-06 21:38:36,187 : EventManager : Event: ======'machine_var_python_version'====== Args={'value': '3.11.0', 'prev_value': None, 'change': True}
2025-03-06 21:38:36,187 : EventManager : Event: ======'machine_var_platform'====== Args={'value': 'Windows-10-10.0.26100-SP0', 'prev_value': None, 'change': True}
2025-03-06 21:38:36,187 : EventManager : Event: ======'machine_var_platform_system'====== Args={'value': 'Windows', 'prev_value': None, 'change': True}
2025-03-06 21:38:36,187 : EventManager : Event: ======'machine_var_platform_release'====== Args={'value': '10', 'prev_value': None, 'change': True}
2025-03-06 21:38:36,187 : EventManager : Event: ======'machine_var_platform_version'====== Args={'value': '10.0.26100', 'prev_value': None, 'change': True}
2025-03-06 21:38:36,187 : EventManager : Event: ======'machine_var_platform_machine'====== Args={'value': 'AMD64', 'prev_value': None, 'change': True}
2025-03-06 21:38:36,187 : EventManager : Event: ======'machine_var_mc_version'====== Args={'value': 'MPF-MC v0.57.1', 'prev_value': None, 'change': True}
2025-03-06 21:38:36,187 : EventManager : Event: ======'machine_var_mc_extended_version'====== Args={'value': 'MPF-MC v0.57.1 (config_version=6, BCP v1.1,                      Requires MPF API compatibility v0.57.0 or newer)', 'prev_value': None, 'change': True}
2025-03-06 21:38:36,187 : EventManager : Event: ======'machine_var_credits_string'====== Args={'value': 'FREE PLAY', 'prev_value': None, 'change': True}
2025-03-06 21:38:36,187 : EventManager : Event: ======'machine_var_master_volume'====== Args={'value': 0.5, 'prev_value': None, 'change': True}
2025-03-06 21:38:36,187 : EventManager : Event: ======'machine_var_player1_score'====== Args={'value': 8000, 'prev_value': None, 'change': True}
2025-03-06 21:38:36,188 : EventManager : Event: ======'machine_var_player2_score'====== Args={'value': 1000, 'prev_value': None, 'change': True}
2025-03-06 21:38:36,188 : EventManager : Event: ======'machine_var_mpf_version'====== Args={'value': 'Mission Pinball Framework v0.57.0', 'prev_value': None, 'change': True}
2025-03-06 21:38:36,188 : EventManager : Event: ======'machine_var_mpf_extended_version'====== Args={'value': 'Mission Pinball Framework v0.57.0, Config version:6, Show version: 6, BCP version:1.1', 'prev_value': None, 'change': True}
2025-03-06 21:38:36,188 : EventManager : Event: ======'machine_var_python_version'====== Args={'value': '3.11.0', 'prev_value': None, 'change': True}
2025-03-06 21:38:36,188 : EventManager : Event: ======'machine_var_platform'====== Args={'value': 'Windows-10-10.0.26100-SP0', 'prev_value': None, 'change': True}
2025-03-06 21:38:36,188 : EventManager : Event: ======'machine_var_platform_system'====== Args={'value': 'Windows', 'prev_value': None, 'change': True}
2025-03-06 21:38:36,188 : EventManager : Event: ======'machine_var_platform_release'====== Args={'value': '10', 'prev_value': None, 'change': True}
2025-03-06 21:38:36,188 : EventManager : Event: ======'machine_var_platform_version'====== Args={'value': '10.0.26100', 'prev_value': None, 'change': True}
2025-03-06 21:38:36,188 : EventManager : Event: ======'machine_var_platform_machine'====== Args={'value': 'AMD64', 'prev_value': None, 'change': True}
2025-03-06 21:38:36,188 : EventManager : Event: ======'machine_var_mc_version'====== Args={'value': 'MPF-MC v0.57.1', 'prev_value': None, 'change': True}
2025-03-06 21:38:36,188 : EventManager : Event: ======'machine_var_mc_extended_version'====== Args={'value': 'MPF-MC v0.57.1 (config_version=6, BCP v1.1,                      Requires MPF API compatibility v0.57.0 or newer)', 'prev_value': None, 'change': True}
2025-03-06 21:38:36,188 : SoundSystem : Setting master volume to 0.5
2025-03-06 21:38:36,188 : SoundSystem : Setting master volume to 0.5
2025-03-06 21:38:36,188 : SoundSystem : Setting master volume to 0.5
2025-03-06 21:38:36,188 : SoundSystem : Setting master volume to 0.5
2025-03-06 21:38:36,237 : EventManager : Event: ======'machine_var_audits_events_game_ended'====== Args={'value': 13, 'prev_value': None, 'change': True}
2025-03-06 21:38:36,237 : EventManager : Event: ======'machine_var_audits_events_game_started'====== Args={'value': 27, 'prev_value': None, 'change': True}
2025-03-06 21:38:36,237 : EventManager : Event: ======'machine_var_audits_missing_switches_s_drain'====== Args={'value': 6, 'prev_value': None, 'change': True}
2025-03-06 21:38:36,237 : EventManager : Event: ======'machine_var_audits_missing_switches_s_left_flipper'====== Args={'value': 19, 'prev_value': None, 'change': True}
2025-03-06 21:38:36,237 : EventManager : Event: ======'machine_var_audits_missing_switches_s_playfield_entry'====== Args={'value': 1, 'prev_value': None, 'change': True}
2025-03-06 21:38:36,237 : EventManager : Event: ======'machine_var_audits_missing_switches_s_pointTarget'====== Args={'value': 1, 'prev_value': None, 'change': True}
2025-03-06 21:38:36,237 : EventManager : Event: ======'machine_var_audits_missing_switches_s_right_flipper'====== Args={'value': 20, 'prev_value': None, 'change': True}
2025-03-06 21:38:36,237 : EventManager : Event: ======'machine_var_audits_missing_switches_s_trough1'====== Args={'value': 1, 'prev_value': None, 'change': True}
2025-03-06 21:38:36,237 : EventManager : Event: ======'machine_var_audits_missing_switches_s_trough2'====== Args={'value': 13, 'prev_value': None, 'change': True}
2025-03-06 21:38:36,237 : EventManager : Event: ======'machine_var_audits_missing_switches_s_trough3'====== Args={'value': 20, 'prev_value': None, 'change': True}
2025-03-06 21:38:36,237 : EventManager : Event: ======'machine_var_audits_missing_switches_s_trough_enter'====== Args={'value': 27, 'prev_value': None, 'change': True}
2025-03-06 21:38:36,237 : EventManager : Event: ======'machine_var_audits_player_score'====== Args={'value': {'average': 124, 'top': [8000, 1000, 0, 0, 0, 0, 0, 0, 0, 0], 'total': 16}, 'prev_value': None, 'change': True}
2025-03-06 21:38:36,237 : EventManager : Event: ======'machine_var_audits_switches_s_drain'====== Args={'value': 0, 'prev_value': None, 'change': True}
2025-03-06 21:38:36,237 : EventManager : Event: ======'machine_var_audits_switches_s_launcher_button'====== Args={'value': 15, 'prev_value': None, 'change': True}
2025-03-06 21:38:36,237 : EventManager : Event: ======'machine_var_audits_switches_s_left_flipper'====== Args={'value': 14, 'prev_value': None, 'change': True}
2025-03-06 21:38:36,237 : EventManager : Event: ======'machine_var_audits_switches_s_playfield_entry'====== Args={'value': 151, 'prev_value': None, 'change': True}
2025-03-06 21:38:36,237 : EventManager : Event: ======'machine_var_audits_switches_s_plunger_lane'====== Args={'value': 74, 'prev_value': None, 'change': True}
2025-03-06 21:38:36,237 : EventManager : Event: ======'machine_var_audits_switches_s_pointTarget'====== Args={'value': 14, 'prev_value': None, 'change': True}
2025-03-06 21:38:36,237 : EventManager : Event: ======'machine_var_audits_switches_s_right_flipper'====== Args={'value': 10, 'prev_value': None, 'change': True}
2025-03-06 21:38:36,237 : EventManager : Event: ======'machine_var_audits_switches_s_trough1'====== Args={'value': 51, 'prev_value': None, 'change': True}
2025-03-06 21:38:36,237 : EventManager : Event: ======'machine_var_audits_switches_s_trough2'====== Args={'value': 6, 'prev_value': None, 'change': True}
2025-03-06 21:38:36,237 : EventManager : Event: ======'machine_var_audits_switches_s_trough3'====== Args={'value': 6, 'prev_value': None, 'change': True}
2025-03-06 21:38:36,237 : EventManager : Event: ======'machine_var_audits_switches_s_trough_enter'====== Args={'value': 0, 'prev_value': None, 'change': True}
2025-03-06 21:38:36,249 : EventManager : Event: ======'mc_reset_phase_1'====== Args={}
2025-03-06 21:38:36,249 : EventManager : Event: ======'mc_reset_phase_2'====== Args={}
2025-03-06 21:38:36,249 : EventManager : Event: ======'mc_reset_phase_3'====== Args={}
2025-03-06 21:38:36,249 : EventManager : Event: ======'mc_reset_complete'====== Args={}
2025-03-06 21:38:36,262 : EventManager : Event: ======'slides_play'====== Args={'settings': {'welcome_slide': {'target': None, 'background_color': [0.0, 0.0, 0.0, 1.0], 'priority': None, 'show': True, 'force': False, 'expire': None, 'slide': None, 'tokens': {}, 'action': 'play'}}, 'context': '_global', 'calling_context': 'mode_attract_started', 'priority': 0}
2025-03-06 21:38:36,262 : EventManager : Event: ======'sounds_play'====== Args={'settings': {'main': {'action': 'play', 'priority': None, 'block': False, 'delay': None, 'track': None, 'volume': None, 'ducking': {}, 'pan': None, 'loops': None, 'start_at': None, 'fade_in': None, 'fade_out': None, 'about_to_finish_time': -1.0, 'max_queue_time': -1.0, 'events_when_played': ['use_sound_setting'], 'events_when_stopped': ['use_sound_setting'], 'events_when_looping': ['use_sound_setting'], 'events_when_about_to_finish': ['use_sound_setting'], 'mode_end_action': 'use_sound_setting', 'key': 'use_sound_setting'}}, 'context': '_global', 'calling_context': 'mode_attract_started', 'priority': 0}
2025-03-06 21:38:36,264 : EventManager : Event: ======'slide_welcome_slide_created'====== Args={}
2025-03-06 21:38:36,264 : EventManager : Event: ======'slide_welcome_slide_active'====== Args={}
2025-03-06 21:38:36,284 : EventManager : Event: ======'loading_assets'====== Args={'total': 1, 'loaded': 1, 'remaining': 0, 'percent': 100}
2025-03-06 21:38:36,284 : AssetManager : Asset loading took: 1.2659225463867188
2025-03-06 21:38:36,284 : EventManager : Event: ======'asset_loading_complete'====== Args={}
2025-03-06 21:38:36,284 : AssetManager : Loading assets: 1/1 (100%)
2025-03-06 21:38:39,446 : EventManager : Event: ======'game_started'====== Args={}
2025-03-06 21:38:39,471 : EventManager : Event: ======'sounds_play'====== Args={'settings': {'main': {'action': 'stop', 'priority': None, 'block': False, 'delay': None, 'track': None, 'volume': None, 'ducking': {}, 'pan': None, 'loops': None, 'start_at': None, 'fade_in': None, 'fade_out': None, 'about_to_finish_time': -1.0, 'max_queue_time': -1.0, 'events_when_played': ['use_sound_setting'], 'events_when_stopped': ['use_sound_setting'], 'events_when_looping': ['use_sound_setting'], 'events_when_about_to_finish': ['use_sound_setting'], 'mode_end_action': 'use_sound_setting', 'key': 'use_sound_setting'}}, 'context': '_global', 'calling_context': 'mode_attract_stopped', 'priority': 0}
2025-03-06 21:38:39,473 : EventManager : Event: ======'player_added'====== Args={'player': <Player 1>, 'num': 1}
2025-03-06 21:38:39,474 : EventManager : Event: ======'player_index'====== Args={'value': 0, 'prev_value': 0, 'change': 0, 'player_num': 1}
2025-03-06 21:38:39,474 : EventManager : Event: ======'player_number'====== Args={'value': 1, 'prev_value': 1, 'change': 0, 'player_num': 1}
2025-03-06 21:38:39,475 : EventManager : Event: ======'player_score'====== Args={'value': 0, 'prev_value': 0, 'change': 0, 'player_num': 1}
2025-03-06 21:38:39,496 : EventManager : Event: ======'player_ball'====== Args={'value': 1, 'prev_value': 0, 'change': 1, 'player_num': 1}
2025-03-06 21:38:39,508 : EventManager : Event: ======'player_turn_start'====== Args={'number': 1, 'player': <Player 1>}
2025-03-06 21:38:39,509 : EventManager : Event: ======'slides_play'====== Args={'settings': {'widgets': {'widgets': [{'type': 'text', 'text': 's', '_default_settings': ['type', 'text'], 'x': None, 'y': None, 'anchor_x': 'center', 'anchor_y': 'center', 'round_anchor_x': None, 'round_anchor_y': None, 'opacity': 1.0, 'z': 0, 'reset_animations_events': {}, 'color': [1.0, 1.0, 1.0, 1.0], 'style': [], 'adjust_top': 0, 'adjust_bottom': 0, 'adjust_left': 0, 'adjust_right': 0, 'expire': None, 'key': None, 'widget': None, 'events_when_added': [], 'events_when_removed': [], 'font_size': 15, 'bitmap_font': False, 'font_kerning': True, 'bold': False, 'italic': False, 'number_grouping': False, 'min_digits': 0, 'halign': 'center', 'valign': 'middle', 'rotation': 0, 'scale': 1.0, 'casing': None, 'outline_color': [1.0, 1.0, 1.0, 1.0], 'outline_width': 0, 'animations': None}], 'target': None, 'background_color': [0.0, 0.0, 0.0, 1.0], 'priority': None, 'show': True, 'force': False, 'expire': None, 'slide': None, 'tokens': {}, 'action': 'play'}}, 'context': '_global', 'calling_context': 'ball_started', 'priority': 0, 'player': 1, 'ball': 1, 'balls_remaining': 2, 'is_extra_ball': False}
2025-03-06 21:38:39,509 : EventManager : Event: ======'slides_play'====== Args={'settings': {'widgets': {'widgets': [{'type': 'text', 'text': '(score)', 'number_grouping': True, 'min_digits': 2, 'font_size': 100, '_default_settings': ['type', 'text', 'number_grouping', 'min_digits', 'font_size'], 'x': None, 'y': None, 'anchor_x': 'center', 'anchor_y': 'center', 'round_anchor_x': None, 'round_anchor_y': None, 'opacity': 1.0, 'z': 0, 'reset_animations_events': {}, 'color': [1.0, 1.0, 1.0, 1.0], 'style': [], 'adjust_top': 0, 'adjust_bottom': 0, 'adjust_left': 0, 'adjust_right': 0, 'expire': None, 'key': None, 'widget': None, 'events_when_added': [], 'events_when_removed': [], 'bitmap_font': False, 'font_kerning': True, 'bold': False, 'italic': False, 'halign': 'center', 'valign': 'middle', 'rotation': 0, 'scale': 1.0, 'casing': None, 'outline_color': [1.0, 1.0, 1.0, 1.0], 'outline_width': 0, 'animations': None}, {'type': 'text', 'text': 'PLAYER (number)', 'y': '10', 'x': '10', 'font_size': 50, 'anchor_x': 'left', 'anchor_y': 'bottom', '_default_settings': ['type', 'text', 'y', 'x', 'font_size', 'anchor_x', 'anchor_y'], 'round_anchor_x': None, 'round_anchor_y': None, 'opacity': 1.0, 'z': 0, 'reset_animations_events': {}, 'color': [1.0, 1.0, 1.0, 1.0], 'style': [], 'adjust_top': 0, 'adjust_bottom': 0, 'adjust_left': 0, 'adjust_right': 0, 'expire': None, 'key': None, 'widget': None, 'events_when_added': [], 'events_when_removed': [], 'bitmap_font': False, 'font_kerning': True, 'bold': False, 'italic': False, 'number_grouping': False, 'min_digits': 0, 'halign': 'center', 'valign': 'middle', 'rotation': 0, 'scale': 1.0, 'casing': None, 'outline_color': [1.0, 1.0, 1.0, 1.0], 'outline_width': 0, 'animations': None}, {'type': 'text', 'text': 'BALL (ball)', 'y': '10', 'x': 'right-10', 'anchor_x': 'right', 'anchor_y': 'bottom', 'font_size': 50, '_default_settings': ['type', 'text', 'y', 'x', 'anchor_x', 'anchor_y', 'font_size'], 'round_anchor_x': None, 'round_anchor_y': None, 'opacity': 1.0, 'z': 0, 'reset_animations_events': {}, 'color': [1.0, 1.0, 1.0, 1.0], 'style': [], 'adjust_top': 0, 'adjust_bottom': 0, 'adjust_left': 0, 'adjust_right': 0, 'expire': None, 'key': None, 'widget': None, 'events_when_added': [], 'events_when_removed': [], 'bitmap_font': False, 'font_kerning': True, 'bold': False, 'italic': False, 'number_grouping': False, 'min_digits': 0, 'halign': 'center', 'valign': 'middle', 'rotation': 0, 'scale': 1.0, 'casing': None, 'outline_color': [1.0, 1.0, 1.0, 1.0], 'outline_width': 0, 'animations': None}], 'target': None, 'background_color': [0.0, 0.0, 0.0, 1.0], 'priority': None, 'show': True, 'force': False, 'expire': None, 'slide': None, 'tokens': {}, 'action': 'play'}}, 'context': 'base', 'calling_context': 'mode_base_started', 'priority': 100, 'player': 1, 'ball': 1, 'balls_remaining': 2, 'is_extra_ball': False}
2025-03-06 21:38:39,520 : EventManager : Event: ======'slide__global.slide_player-ball_started_created'====== Args={}
2025-03-06 21:38:39,542 : EventManager : Event: ======'slide_base.slide_player-mode_base_started_created'====== Args={}
2025-03-06 21:38:39,545 : EventManager : Event: ======'slide_base.slide_player-mode_base_started_active'====== Args={}
2025-03-06 21:38:39,650 : EventManager : Event: ======'machine_var_audits_switches_s_plunger_lane'====== Args={'value': 75, 'prev_value': 74, 'change': 1}
2025-03-06 21:38:43,305 : EventManager : Event: ======'machine_var_audits_switches_s_launcher_button'====== Args={'value': 16, 'prev_value': 15, 'change': 1}
2025-03-06 21:38:43,317 : EventManager : Event: ======'player_added'====== Args={'player': <Player 2>, 'num': 2}
2025-03-06 21:38:43,318 : EventManager : Event: ======'player_index'====== Args={'value': 1, 'prev_value': 1, 'change': 0, 'player_num': 2}
2025-03-06 21:38:43,318 : EventManager : Event: ======'player_number'====== Args={'value': 2, 'prev_value': 2, 'change': 0, 'player_num': 2}
2025-03-06 21:38:43,318 : EventManager : Event: ======'player_score'====== Args={'value': 0, 'prev_value': 0, 'change': 0, 'player_num': 2}
2025-03-06 21:38:43,380 : EventManager : Event: ======'machine_var_audits_switches_s_playfield_entry'====== Args={'value': 152, 'prev_value': 151, 'change': 1}
2025-03-06 21:38:46,195 : EventManager : Event: ======'machine_var_audits_switches_s_left_flipper'====== Args={'value': 15, 'prev_value': 14, 'change': 1}
2025-03-06 21:38:46,630 : EventManager : Event: ======'machine_var_audits_switches_s_right_flipper'====== Args={'value': 11, 'prev_value': 10, 'change': 1}
2025-03-06 21:38:48,867 : EventManager : Event: ======'machine_var_audits_switches_s_pointTarget'====== Args={'value': 15, 'prev_value': 14, 'change': 1}
2025-03-06 21:38:48,878 : EventManager : Event: ======'player_score'====== Args={'value': 100, 'prev_value': 0, 'change': 100, 'player_num': 1}
2025-03-06 21:38:50,227 : EventManager : Event: ======'machine_var_audits_switches_s_pointTarget'====== Args={'value': 16, 'prev_value': 15, 'change': 1}
2025-03-06 21:38:50,229 : EventManager : Event: ======'player_score'====== Args={'value': 200, 'prev_value': 100, 'change': 100, 'player_num': 1}
2025-03-06 21:38:51,320 : EventManager : Event: ======'machine_var_audits_switches_s_trough1'====== Args={'value': 52, 'prev_value': 51, 'change': 1}
2025-03-06 21:38:51,642 : EventManager : Event: ======'slides_clear'====== Args={'context': 'base'}
2025-03-06 21:38:51,644 : EventManager : Event: ======'slide_base.slide_player-mode_base_started_removed'====== Args={}
2025-03-06 21:38:51,646 : EventManager : Event: ======'slide__global.slide_player-ball_started_active'====== Args={}
2025-03-06 21:38:51,725 : EventManager : Event: ======'player_ball'====== Args={'value': 1, 'prev_value': 0, 'change': 1, 'player_num': 2}
2025-03-06 21:38:51,725 : EventManager : Event: ======'player_turn_start'====== Args={'number': 2, 'player': <Player 2>}
2025-03-06 21:38:51,737 : EventManager : Event: ======'slides_play'====== Args={'settings': {'widgets': {'widgets': [{'type': 'text', 'text': 's', '_default_settings': ['type', 'text'], 'x': None, 'y': None, 'anchor_x': 'center', 'anchor_y': 'center', 'round_anchor_x': None, 'round_anchor_y': None, 'opacity': 1.0, 'z': 0, 'reset_animations_events': {}, 'color': [1.0, 1.0, 1.0, 1.0], 'style': [], 'adjust_top': 0, 'adjust_bottom': 0, 'adjust_left': 0, 'adjust_right': 0, 'expire': None, 'key': None, 'widget': None, 'events_when_added': [], 'events_when_removed': [], 'font_size': 15, 'bitmap_font': False, 'font_kerning': True, 'bold': False, 'italic': False, 'number_grouping': False, 'min_digits': 0, 'halign': 'center', 'valign': 'middle', 'rotation': 0, 'scale': 1.0, 'casing': None, 'outline_color': [1.0, 1.0, 1.0, 1.0], 'outline_width': 0, 'animations': None}], 'target': None, 'background_color': [0.0, 0.0, 0.0, 1.0], 'priority': None, 'show': True, 'force': False, 'expire': None, 'slide': None, 'tokens': {}, 'action': 'play'}}, 'context': '_global', 'calling_context': 'ball_started', 'priority': 0, 'player': 2, 'ball': 1, 'balls_remaining': 2, 'is_extra_ball': False}
2025-03-06 21:38:51,737 : EventManager : Event: ======'slides_play'====== Args={'settings': {'widgets': {'widgets': [{'type': 'text', 'text': '(score)', 'number_grouping': True, 'min_digits': 2, 'font_size': 100, '_default_settings': ['type', 'text', 'number_grouping', 'min_digits', 'font_size'], 'x': None, 'y': None, 'anchor_x': 'center', 'anchor_y': 'center', 'round_anchor_x': None, 'round_anchor_y': None, 'opacity': 1.0, 'z': 0, 'reset_animations_events': {}, 'color': [1.0, 1.0, 1.0, 1.0], 'style': [], 'adjust_top': 0, 'adjust_bottom': 0, 'adjust_left': 0, 'adjust_right': 0, 'expire': None, 'key': None, 'widget': None, 'events_when_added': [], 'events_when_removed': [], 'bitmap_font': False, 'font_kerning': True, 'bold': False, 'italic': False, 'halign': 'center', 'valign': 'middle', 'rotation': 0, 'scale': 1.0, 'casing': None, 'outline_color': [1.0, 1.0, 1.0, 1.0], 'outline_width': 0, 'animations': None}, {'type': 'text', 'text': 'PLAYER (number)', 'y': '10', 'x': '10', 'font_size': 50, 'anchor_x': 'left', 'anchor_y': 'bottom', '_default_settings': ['type', 'text', 'y', 'x', 'font_size', 'anchor_x', 'anchor_y'], 'round_anchor_x': None, 'round_anchor_y': None, 'opacity': 1.0, 'z': 0, 'reset_animations_events': {}, 'color': [1.0, 1.0, 1.0, 1.0], 'style': [], 'adjust_top': 0, 'adjust_bottom': 0, 'adjust_left': 0, 'adjust_right': 0, 'expire': None, 'key': None, 'widget': None, 'events_when_added': [], 'events_when_removed': [], 'bitmap_font': False, 'font_kerning': True, 'bold': False, 'italic': False, 'number_grouping': False, 'min_digits': 0, 'halign': 'center', 'valign': 'middle', 'rotation': 0, 'scale': 1.0, 'casing': None, 'outline_color': [1.0, 1.0, 1.0, 1.0], 'outline_width': 0, 'animations': None}, {'type': 'text', 'text': 'BALL (ball)', 'y': '10', 'x': 'right-10', 'anchor_x': 'right', 'anchor_y': 'bottom', 'font_size': 50, '_default_settings': ['type', 'text', 'y', 'x', 'anchor_x', 'anchor_y', 'font_size'], 'round_anchor_x': None, 'round_anchor_y': None, 'opacity': 1.0, 'z': 0, 'reset_animations_events': {}, 'color': [1.0, 1.0, 1.0, 1.0], 'style': [], 'adjust_top': 0, 'adjust_bottom': 0, 'adjust_left': 0, 'adjust_right': 0, 'expire': None, 'key': None, 'widget': None, 'events_when_added': [], 'events_when_removed': [], 'bitmap_font': False, 'font_kerning': True, 'bold': False, 'italic': False, 'number_grouping': False, 'min_digits': 0, 'halign': 'center', 'valign': 'middle', 'rotation': 0, 'scale': 1.0, 'casing': None, 'outline_color': [1.0, 1.0, 1.0, 1.0], 'outline_width': 0, 'animations': None}], 'target': None, 'background_color': [0.0, 0.0, 0.0, 1.0], 'priority': None, 'show': True, 'force': False, 'expire': None, 'slide': None, 'tokens': {}, 'action': 'play'}}, 'context': 'base', 'calling_context': 'mode_base_started', 'priority': 100, 'player': 2, 'ball': 1, 'balls_remaining': 2, 'is_extra_ball': False}
2025-03-06 21:38:51,738 : EventManager : Event: ======'slide__global.slide_player-ball_started_removed'====== Args={}
2025-03-06 21:38:51,740 : EventManager : Event: ======'slide__global.slide_player-ball_started_created'====== Args={}
2025-03-06 21:38:51,747 : EventManager : Event: ======'slide_base.slide_player-mode_base_started_created'====== Args={}
2025-03-06 21:38:51,748 : EventManager : Event: ======'slide_base.slide_player-mode_base_started_active'====== Args={}
2025-03-06 21:38:51,864 : EventManager : Event: ======'machine_var_audits_switches_s_plunger_lane'====== Args={'value': 76, 'prev_value': 75, 'change': 1}
2025-03-06 21:38:56,905 : EventManager : Event: ======'machine_var_audits_switches_s_launcher_button'====== Args={'value': 17, 'prev_value': 16, 'change': 1}
2025-03-06 21:38:56,906 : EventManager : Event: ======'player_added'====== Args={'player': <Player 3>, 'num': 3}
2025-03-06 21:38:56,908 : EventManager : Event: ======'player_index'====== Args={'value': 2, 'prev_value': 2, 'change': 0, 'player_num': 3}
2025-03-06 21:38:56,909 : EventManager : Event: ======'player_number'====== Args={'value': 3, 'prev_value': 3, 'change': 0, 'player_num': 3}
2025-03-06 21:38:56,909 : EventManager : Event: ======'player_score'====== Args={'value': 0, 'prev_value': 0, 'change': 0, 'player_num': 3}
2025-03-06 21:38:56,990 : EventManager : Event: ======'machine_var_audits_switches_s_playfield_entry'====== Args={'value': 153, 'prev_value': 152, 'change': 1}
2025-03-06 21:38:58,398 : EventManager : Event: ======'machine_var_audits_switches_s_pointTarget'====== Args={'value': 17, 'prev_value': 16, 'change': 1}
2025-03-06 21:38:58,399 : EventManager : Event: ======'player_score'====== Args={'value': 100, 'prev_value': 0, 'change': 100, 'player_num': 2}
2025-03-06 21:38:59,193 : EventManager : Event: ======'machine_var_audits_switches_s_pointTarget'====== Args={'value': 18, 'prev_value': 17, 'change': 1}
2025-03-06 21:38:59,194 : EventManager : Event: ======'player_score'====== Args={'value': 200, 'prev_value': 100, 'change': 100, 'player_num': 2}
2025-03-06 21:38:59,498 : EventManager : Event: ======'machine_var_audits_switches_s_pointTarget'====== Args={'value': 19, 'prev_value': 18, 'change': 1}
2025-03-06 21:38:59,498 : EventManager : Event: ======'player_score'====== Args={'value': 300, 'prev_value': 200, 'change': 100, 'player_num': 2}
2025-03-06 21:38:59,712 : EventManager : Event: ======'machine_var_audits_switches_s_pointTarget'====== Args={'value': 20, 'prev_value': 19, 'change': 1}
2025-03-06 21:38:59,724 : EventManager : Event: ======'player_score'====== Args={'value': 400, 'prev_value': 300, 'change': 100, 'player_num': 2}
2025-03-06 21:39:01,987 : kivy : Base: Leaving application in progress...
2025-03-06 21:39:01,987 : mpfmc : Stopping...
2025-03-06 21:39:01,987 : EventManager : Event: ======'shutdown'====== Args={}
2025-03-06 21:39:01,987 : AudioInterface : Disabling audio playback
2025-03-06 21:39:02,105 : mpfmc : Loop rate 77.57 Hz
2025-03-06 21:39:02,107 : root : MC run loop ended.
2025-03-06 21:39:02,107 : root : Stopping child threads... (3 remaining)
2025-03-06 21:39:02,831 : mpfmc : Stopping...
2025-03-06 21:39:02,831 : EventManager : Event: ======'shutdown'====== Args={}
2025-03-06 21:39:02,832 : mpfmc : Loop rate 75.54 Hz
2025-03-06 21:39:02,859 : MPF-MC BCP Server : Stopping BCP sending thread
2025-03-06 21:39:02,913 : root : All child threads stopped.
