2025-03-05 20:20:43,034 : INFO : root : Loading config.
2025-03-05 20:20:43,037 : INFO : YamlMultifileConfigLoader : Machine config file #1: config.yaml
2025-03-05 20:20:43,037 : INFO : ConfigProcessor : Loading config from cache: C:\Users\duffb\AppData\Local\Temp\cadfdee4981114acd6fff59d1071b59b.mpf_cache
2025-03-05 20:20:43,119 : DEBUG : YamlMultifileConfigLoader : Loading mode attract from C:\Users\duffb\.pyenv\pyenv-win\versions\3.11.0\Lib\site-packages\mpf\modes\attract\config\attract.yaml
2025-03-05 20:20:43,119 : INFO : ConfigProcessor : Loading config from cache: C:\Users\duffb\AppData\Local\Temp\2d51d76727b268a801d8dd7a18b89879.mpf_cache
2025-03-05 20:20:43,120 : DEBUG : YamlMultifileConfigLoader : Loading mode game from C:\Users\duffb\.pyenv\pyenv-win\versions\3.11.0\Lib\site-packages\mpf\modes\game\config\game.yaml
2025-03-05 20:20:43,120 : INFO : ConfigProcessor : Loading config from cache: C:\Users\duffb\AppData\Local\Temp\9f058d482eac17116727d62a93500be7.mpf_cache
2025-03-05 20:20:43,120 : INFO : Machine : Mission Pinball Framework Core Engine v0.57.0
2025-03-05 20:20:43,120 : INFO : Machine : Command line arguments: {'no_load_cache': False, 'create_config_cache': True, 'bcp': True, 'configfile': ['config.yaml'], 'force_assets_load': False, 'platform_integration_test': False, 'jsonlogging': False, 'logfile': 'logs\\2025-03-05-20-20-43-mpf-T0SHIII.log', 'pause': False, 'production': False, 'text_ui': True, 'loglevel': 10, 'consoleloglevel': 20, 'force_platform': None, 'syslog_address': None, 'mc_file_name': None, 'no_sound': False}
2025-03-05 20:20:43,120 : INFO : Machine : MPF path: C:\Users\duffb\.pyenv\pyenv-win\versions\3.11.0\Lib\site-packages\mpf
2025-03-05 20:20:43,121 : INFO : Machine : Machine path: C:\Users\duffb\OneDrive\Documents\Python Envs\PinBallWW1\Machine
2025-03-05 20:20:43,121 : INFO : Machine : Platform: win32
2025-03-05 20:20:43,121 : INFO : Machine : Python executable location: C:\Users\duffb\.pyenv\pyenv-win\versions\3.11.0\python.exe
2025-03-05 20:20:43,121 : INFO : Machine : Python version: 3.11.0 (64-bit)
2025-03-05 20:20:43,121 : DEBUG : asyncio : Using proactor: IocpProactor
2025-03-05 20:20:43,122 : INFO : Machine : Initializing MPF...
2025-03-05 20:20:43,176 : DEBUG : asciimatics.widgets.layout : Updating: None
2025-03-05 20:20:43,177 : DEBUG : asciimatics.widgets.layout : Updating: None
2025-03-05 20:20:43,177 : DEBUG : asciimatics.widgets.layout : Updating: None
2025-03-05 20:20:43,177 : DEBUG : asciimatics.widgets.layout : Updating: None
2025-03-05 20:20:43,177 : DEBUG : asciimatics.widgets.layout : Updating: None
2025-03-05 20:20:43,177 : DEBUG : asciimatics.widgets.layout : Updating: None
2025-03-05 20:20:43,177 : DEBUG : asciimatics.widgets.layout : Updating: None
2025-03-05 20:20:43,177 : DEBUG : asciimatics.widgets.layout : Updating: None
2025-03-05 20:20:43,177 : DEBUG : asciimatics.widgets.layout : Updating: None
2025-03-05 20:20:43,177 : DEBUG : asciimatics.widgets.layout : Updating: None
2025-03-05 20:20:43,177 : DEBUG : asciimatics.widgets.layout : Updating: None
2025-03-05 20:20:43,177 : DEBUG : asciimatics.widgets.layout : Updating: None
2025-03-05 20:20:43,177 : DEBUG : asciimatics.widgets.widget : Widget blur: <asciimatics.widgets.label.Label object at 0x0000016267457B90>
2025-03-05 20:20:43,177 : DEBUG : asciimatics.widgets.widget : Widget blur: <asciimatics.widgets.label.Label object at 0x0000016267B57C60>
2025-03-05 20:20:43,177 : DEBUG : asciimatics.widgets.widget : Widget blur: <asciimatics.widgets.label.Label object at 0x0000016269505630>
2025-03-05 20:20:43,177 : DEBUG : asciimatics.widgets.layout : Blur: <asciimatics.widgets.layout.Layout object at 0x000001626AAE5D80>
2025-03-05 20:20:43,177 : DEBUG : asciimatics.widgets.layout : Blur: <mpf.core.text_ui.MpfLayout object at 0x000001626AAD0FD0>
2025-03-05 20:20:43,177 : DEBUG : asciimatics.widgets.layout : Updating: None
2025-03-05 20:20:43,177 : DEBUG : asciimatics.widgets.layout : Updating: None
2025-03-05 20:20:43,177 : DEBUG : asciimatics.widgets.layout : Updating: None
2025-03-05 20:20:43,177 : DEBUG : asciimatics.widgets.layout : Updating: None
2025-03-05 20:20:43,177 : DEBUG : asciimatics.widgets.layout : Updating: None
2025-03-05 20:20:43,177 : DEBUG : asciimatics.widgets.layout : Updating: None
2025-03-05 20:20:43,177 : DEBUG : asciimatics.widgets.widget : Widget blur: <asciimatics.widgets.label.Label object at 0x0000016267108BA0>
2025-03-05 20:20:43,177 : DEBUG : asciimatics.widgets.widget : Widget blur: <asciimatics.widgets.label.Label object at 0x0000016267108C70>
2025-03-05 20:20:43,177 : DEBUG : asciimatics.widgets.widget : Widget blur: <asciimatics.widgets.label.Label object at 0x00000162671086C0>
2025-03-05 20:20:43,177 : DEBUG : asciimatics.widgets.widget : Widget blur: <asciimatics.widgets.label.Label object at 0x0000016269506810>
2025-03-05 20:20:43,177 : DEBUG : asciimatics.widgets.widget : Widget blur: <asciimatics.widgets.label.Label object at 0x0000016269506670>
2025-03-05 20:20:43,177 : DEBUG : asciimatics.widgets.widget : Widget blur: <asciimatics.widgets.label.Label object at 0x00000162695058A0>
2025-03-05 20:20:43,178 : DEBUG : asciimatics.widgets.layout : Blur: <asciimatics.widgets.layout.Layout object at 0x000001626AAE5E40>
2025-03-05 20:20:43,178 : DEBUG : asciimatics.widgets.layout : Focus: <asciimatics.widgets.layout.Layout object at 0x000001626AAE5D80>
2025-03-05 20:20:43,178 : DEBUG : asciimatics.widgets.layout : Focus: <mpf.core.text_ui.MpfLayout object at 0x000001626AAD0FD0>
2025-03-05 20:20:43,178 : DEBUG : asciimatics.widgets.layout : Focus: <asciimatics.widgets.layout.Layout object at 0x000001626AAE5E40>
2025-03-05 20:20:43,178 : DEBUG : asciimatics.widgets.frame : Cloning: Test
2025-03-05 20:20:43,178 : DEBUG : asciimatics.widgets.layout : Updating: None
2025-03-05 20:20:43,178 : DEBUG : asciimatics.widgets.layout : Updating: None
2025-03-05 20:20:43,178 : DEBUG : asciimatics.widgets.layout : Updating: None
2025-03-05 20:20:43,178 : DEBUG : asciimatics.widgets.layout : Updating: None
2025-03-05 20:20:43,178 : DEBUG : asciimatics.widgets.layout : Updating: None
2025-03-05 20:20:43,178 : DEBUG : asciimatics.widgets.layout : Updating: None
2025-03-05 20:20:43,178 : DEBUG : asciimatics.widgets.layout : Updating: None
2025-03-05 20:20:43,178 : DEBUG : asciimatics.widgets.layout : Updating: None
2025-03-05 20:20:43,178 : DEBUG : asciimatics.widgets.layout : Updating: None
2025-03-05 20:20:43,178 : DEBUG : asciimatics.widgets.layout : Updating: None
2025-03-05 20:20:43,178 : DEBUG : asciimatics.widgets.layout : Updating: None
2025-03-05 20:20:43,178 : DEBUG : asciimatics.widgets.layout : Updating: None
2025-03-05 20:20:43,178 : DEBUG : asciimatics.widgets.layout : Updating: None
2025-03-05 20:20:43,178 : DEBUG : asciimatics.widgets.layout : Updating: None
2025-03-05 20:20:43,178 : DEBUG : asciimatics.widgets.layout : Updating: None
2025-03-05 20:20:43,178 : DEBUG : asciimatics.widgets.layout : Updating: None
2025-03-05 20:20:43,178 : DEBUG : asciimatics.widgets.layout : Updating: None
2025-03-05 20:20:43,178 : DEBUG : asciimatics.widgets.layout : Updating: None
2025-03-05 20:20:43,179 : DEBUG : asciimatics.screen : Processing key: d
2025-03-05 20:20:43,267 : INFO : EventManager : Event: ======'machine_var_credits_string'====== Args={'value': 'FREE PLAY', 'prev_value': None, 'change': True}
2025-03-05 20:20:43,306 : INFO : EventManager : Event: ======'machine_var_master_volume'====== Args={'value': 0.5, 'prev_value': None, 'change': True}
2025-03-05 20:20:43,306 : INFO : EventManager : Event: ======'machine_var_mpf_version'====== Args={'value': 'Mission Pinball Framework v0.57.0', 'prev_value': None, 'change': True}
2025-03-05 20:20:43,306 : INFO : EventManager : Event: ======'machine_var_mpf_extended_version'====== Args={'value': 'Mission Pinball Framework v0.57.0, Config version:6, Show version: 6, BCP version:1.1', 'prev_value': None, 'change': True}
2025-03-05 20:20:43,306 : INFO : EventManager : Event: ======'machine_var_python_version'====== Args={'value': '3.11.0', 'prev_value': None, 'change': True}
2025-03-05 20:20:43,316 : INFO : EventManager : Event: ======'machine_var_platform'====== Args={'value': 'Windows-10-10.0.26100-SP0', 'prev_value': None, 'change': True}
2025-03-05 20:20:43,317 : INFO : EventManager : Event: ======'machine_var_platform_system'====== Args={'value': 'Windows', 'prev_value': None, 'change': True}
2025-03-05 20:20:43,317 : INFO : EventManager : Event: ======'machine_var_platform_release'====== Args={'value': '10', 'prev_value': None, 'change': True}
2025-03-05 20:20:43,317 : INFO : EventManager : Event: ======'machine_var_platform_version'====== Args={'value': '10.0.26100', 'prev_value': None, 'change': True}
2025-03-05 20:20:43,317 : INFO : EventManager : Event: ======'machine_var_platform_machine'====== Args={'value': 'AMD64', 'prev_value': None, 'change': True}
2025-03-05 20:20:43,317 : INFO : EventManager : Event: ======'init_phase_1'====== Args={}
2025-03-05 20:20:43,322 : DEBUG : ModeController : Loaded mode attract
2025-03-05 20:20:43,325 : DEBUG : ModeController : Loaded mode game
2025-03-05 20:20:43,327 : DEBUG : ball_device.bd_trough : Configuring device with settings: '{'entrance_switch': 's_trough_enter', 'entrance_switch_full_timeout': '500ms', 'ball_capacity': 3, 'eject_coil': 'c_trough_release', 'eject_targets': [<ball_device.bd_plunger_lane>], 'tags': ['trough', 'home'], 'eject_timeouts': [3000], 'debug': True, 'label': '%', 'console_log': 'full', 'file_log': 'full', 'entrance_events': {}, 'idle_missing_ball_timeout': 5.0, 'confirm_eject_type': 'target', 'captures_from': <playfield.playfield>, 'ball_missing_timeouts': [], 'ball_missing_target': <playfield.playfield>, 'confirm_eject_switch': None, 'confirm_eject_event': None, 'max_eject_attempts': 0, 'request_ball_events': {}, 'eject_events': {}, 'eject_all_events': {}, 'mechanical_eject': False, 'player_controlled_eject_event': None, 'ball_search_order': 200, 'auto_fire_on_unexpected_ball': True, 'target_on_unexpected_ball': None}'
2025-03-05 20:20:43,329 : INFO : EventManager : Event: ======'init_phase_2'====== Args={}
2025-03-05 20:20:43,329 : INFO : SwitchController : Found active switch: ('8', <Platform.SmartVirtual>) <switch.s_trough_enter>
2025-03-05 20:20:43,330 : INFO : EventManager : Event: ======'bcp_connection_attempt'====== Args={'name': 'local_display', 'host': 'localhost', 'port': 5050}
2025-03-05 20:20:43,331 : DEBUG : asciimatics.widgets.layout : Updating: message
2025-03-05 20:20:43,331 : DEBUG : asciimatics.widgets.layout : Updating: message
2025-03-05 20:20:43,331 : DEBUG : asciimatics.widgets.widget : Widget blur: <asciimatics.widgets.textbox.TextBox object at 0x000001626AAEA680>
2025-03-05 20:20:43,332 : DEBUG : asciimatics.widgets.layout : Blur: <asciimatics.widgets.layout.Layout object at 0x000001626AC16860>
2025-03-05 20:20:43,332 : DEBUG : asciimatics.widgets.layout : Blur: <asciimatics.widgets.layout.Layout object at 0x000001626AC168C0>
2025-03-05 20:20:43,332 : DEBUG : asciimatics.widgets.layout : Focus: <asciimatics.widgets.layout.Layout object at 0x000001626AC16860>
2025-03-05 20:20:43,332 : DEBUG : asciimatics.widgets.layout : Focus: <asciimatics.widgets.layout.Layout object at 0x000001626AC168C0>
2025-03-05 20:20:43,332 : INFO : BCPClientSocket : Connecting BCP to 'local_display' at localhost:5050...
2025-03-05 20:20:44,198 : DEBUG : asciimatics.screen : Processing mouse: 85, 12
2025-03-05 20:20:44,199 : DEBUG : asciimatics.widgets.frame : New event: MouseEvent (48, -1) 0
2025-03-05 20:20:56,189 : DEBUG : asciimatics.screen : Processing mouse: 71, 12
2025-03-05 20:20:56,189 : DEBUG : asciimatics.widgets.frame : New event: MouseEvent (34, -1) 0
2025-03-05 20:20:57,217 : DEBUG : asciimatics.screen : Processing mouse: 65, 10
2025-03-05 20:20:57,218 : DEBUG : asciimatics.widgets.frame : New event: MouseEvent (28, -3) 0
2025-03-05 20:20:57,219 : DEBUG : asciimatics.screen : Processing mouse: 65, 10
2025-03-05 20:20:57,220 : DEBUG : asciimatics.widgets.frame : New event: MouseEvent (28, -3) 1
2025-03-05 20:20:57,220 : DEBUG : asciimatics.widgets.frame : New event: MouseEvent (65, 10) 1
2025-03-05 20:20:57,220 : DEBUG : asciimatics.widgets.frame : Blurring: [<asciimatics.widgets.popupdialog.PopUpDialog object at 0x000001626AC3A850>, <asciimatics.widgets.frame.Frame object at 0x0000016269914850>]
2025-03-05 20:20:57,222 : DEBUG : asciimatics.screen : Processing mouse: 65, 10
2025-03-05 20:20:57,222 : DEBUG : asciimatics.widgets.frame : New event: MouseEvent (65, 10) 0
2025-03-05 20:20:57,222 : DEBUG : asciimatics.widgets.frame : New event: MouseEvent (28, -3) 0
2025-03-05 20:20:57,224 : DEBUG : asciimatics.screen : Processing mouse: 65, 10
2025-03-05 20:20:57,225 : DEBUG : asciimatics.widgets.frame : New event: MouseEvent (65, 10) 0
2025-03-05 20:20:57,225 : DEBUG : asciimatics.widgets.frame : New event: MouseEvent (28, -3) 0
2025-03-05 20:20:58,197 : DEBUG : asciimatics.screen : Processing mouse: 65, 10
2025-03-05 20:20:58,197 : DEBUG : asciimatics.widgets.frame : New event: MouseEvent (65, 10) 1
2025-03-05 20:20:58,198 : DEBUG : asciimatics.widgets.frame : Blurring: [<asciimatics.widgets.popupdialog.PopUpDialog object at 0x000001626AC3A850>, <asciimatics.widgets.frame.Frame object at 0x0000016269914850>]
2025-03-05 20:20:58,199 : DEBUG : asciimatics.screen : Processing mouse: 65, 10
2025-03-05 20:20:58,199 : DEBUG : asciimatics.widgets.frame : New event: MouseEvent (65, 10) 0
2025-03-05 20:20:58,199 : DEBUG : asciimatics.widgets.frame : New event: MouseEvent (28, -3) 0
2025-03-05 20:20:58,200 : DEBUG : asciimatics.screen : Processing mouse: 64, 10
2025-03-05 20:20:58,200 : DEBUG : asciimatics.widgets.frame : New event: MouseEvent (64, 10) 0
2025-03-05 20:20:58,200 : DEBUG : asciimatics.widgets.frame : New event: MouseEvent (27, -3) 0
2025-03-05 20:21:00,207 : DEBUG : asciimatics.screen : Processing key: d
2025-03-05 20:21:00,208 : DEBUG : asciimatics.widgets.frame : New event: KeyboardEvent: 13
2025-03-05 20:21:00,210 : DEBUG : asciimatics.screen : Processing key: d
2025-03-05 20:21:02,189 : DEBUG : asciimatics.screen : Processing key: 71
2025-03-05 20:21:02,190 : DEBUG : asciimatics.widgets.frame : New event: KeyboardEvent: 113
2025-03-05 20:21:02,192 : DEBUG : asciimatics.screen : Processing key: 71
2025-03-05 20:21:03,207 : DEBUG : asciimatics.screen : Processing key: 65
2025-03-05 20:21:03,208 : DEBUG : asciimatics.widgets.frame : New event: KeyboardEvent: 101
2025-03-05 20:21:03,210 : DEBUG : asciimatics.screen : Processing key: 65
2025-03-05 20:21:03,211 : DEBUG : asciimatics.screen : Processing mouse: 65, 10
2025-03-05 20:21:03,213 : DEBUG : asciimatics.widgets.frame : New event: MouseEvent (65, 10) 0
2025-03-05 20:21:03,213 : DEBUG : asciimatics.widgets.frame : New event: MouseEvent (28, -3) 0
2025-03-05 20:21:03,352 : INFO : Machine : Starting the main run loop.
2025-03-05 20:21:03,353 : INFO : Machine : Shutting down...
2025-03-05 20:21:03,354 : INFO : EventManager : Event: ======'shutdown'====== Args={}
2025-03-05 20:21:03,356 : DEBUG : ball_device.bd_trough : Stopping ball device
2025-03-05 20:21:04,380 : INFO : root : MPF run loop ended.
