2025-03-09 22:32:54,034 : INFO : root : Loading config.
2025-03-09 22:32:54,037 : INFO : YamlMultifileConfigLoader : Machine config file #1: config.yaml
2025-03-09 22:32:54,038 : WARNING : ConfigProcessor : Config file in cache changed: C:\Users\duffb\OneDrive\Documents\Python Envs\PinBallWW1\Machine\config\config.yaml
2025-03-09 22:32:54,038 : INFO : ConfigProcessor : Loading config from file C:\Users\duffb\.pyenv\pyenv-win\versions\3.11.0\Lib\site-packages\mpf\mpfconfig.yaml.
2025-03-09 22:32:54,047 : INFO : ConfigProcessor : Loading config: C:\Users\duffb\.pyenv\pyenv-win\versions\3.11.0\Lib\site-packages\mpf\mpfconfig.yaml
2025-03-09 22:32:54,047 : INFO : ConfigProcessor : Loading config from file C:\Users\duffb\OneDrive\Documents\Python Envs\PinBallWW1\Machine\config\config.yaml.
2025-03-09 22:32:54,071 : INFO : ConfigProcessor : Loading config: C:\Users\duffb\OneDrive\Documents\Python Envs\PinBallWW1\Machine\config\config.yaml
2025-03-09 22:32:54,073 : INFO : ConfigProcessor : Config file cache created: C:\Users\duffb\AppData\Local\Temp\cadfdee4981114acd6fff59d1071b59b.mpf_cache
2025-03-09 22:32:54,164 : INFO : ConfigProcessor : Loading config from cache: C:\Users\duffb\AppData\Local\Temp\ee7db1e8d011f44c876692bb4657f2e9.mpf_cache
2025-03-09 22:32:54,165 : INFO : ConfigProcessor : Loading config from cache: C:\Users\duffb\AppData\Local\Temp\9f058d482eac17116727d62a93500be7.mpf_cache
2025-03-09 22:32:54,166 : INFO : ConfigProcessor : Loading config from cache: C:\Users\duffb\AppData\Local\Temp\9e006ea23aa21ec68e01f6c49afad9f4.mpf_cache
2025-03-09 22:32:54,166 : INFO : ConfigProcessor : Loading config from cache: C:\Users\duffb\AppData\Local\Temp\fd253b339e263587268891c4dd997fbd.mpf_cache
2025-03-09 22:32:54,168 : INFO : Machine : Mission Pinball Framework Core Engine v0.57.0
2025-03-09 22:32:54,168 : INFO : Machine : Command line arguments: {'no_load_cache': False, 'create_config_cache': True, 'bcp': True, 'configfile': ['config.yaml'], 'force_assets_load': False, 'platform_integration_test': False, 'jsonlogging': False, 'logfile': 'logs\\2025-03-09-22-32-54-mpf-T0SHIII.log', 'pause': False, 'production': False, 'text_ui': True, 'loglevel': 15, 'consoleloglevel': 20, 'force_platform': None, 'syslog_address': None, 'mc_file_name': None, 'no_sound': False}
2025-03-09 22:32:54,168 : INFO : Machine : MPF path: C:\Users\duffb\.pyenv\pyenv-win\versions\3.11.0\Lib\site-packages\mpf
2025-03-09 22:32:54,168 : INFO : Machine : Machine path: C:\Users\duffb\OneDrive\Documents\Python Envs\PinBallWW1\Machine
2025-03-09 22:32:54,168 : INFO : Machine : Platform: win32
2025-03-09 22:32:54,168 : INFO : Machine : Python executable location: C:\Users\duffb\.pyenv\pyenv-win\versions\3.11.0\python.exe
2025-03-09 22:32:54,168 : INFO : Machine : Python version: 3.11.0 (64-bit)
2025-03-09 22:32:54,169 : INFO : Machine : Initializing MPF...
2025-03-09 22:32:54,512 : INFO : EventManager : Event: ======'machine_var_credits_string'====== Args={'value': 'FREE PLAY', 'prev_value': None, 'change': True}
2025-03-09 22:32:54,556 : INFO : EventManager : Event: ======'machine_var_master_volume'====== Args={'value': 0.5, 'prev_value': None, 'change': True}
2025-03-09 22:32:54,556 : INFO : EventManager : Event: ======'machine_var_player1_score'====== Args={'value': 8000, 'prev_value': None, 'change': True}
2025-03-09 22:32:54,556 : INFO : EventManager : Event: ======'machine_var_player2_score'====== Args={'value': 1000, 'prev_value': None, 'change': True}
2025-03-09 22:32:54,556 : INFO : EventManager : Event: ======'machine_var_mpf_version'====== Args={'value': 'Mission Pinball Framework v0.57.0', 'prev_value': None, 'change': True}
2025-03-09 22:32:54,556 : INFO : EventManager : Event: ======'machine_var_mpf_extended_version'====== Args={'value': 'Mission Pinball Framework v0.57.0, Config version:6, Show version: 6, BCP version:1.1', 'prev_value': None, 'change': True}
2025-03-09 22:32:54,556 : INFO : EventManager : Event: ======'machine_var_python_version'====== Args={'value': '3.11.0', 'prev_value': None, 'change': True}
2025-03-09 22:32:54,569 : INFO : EventManager : Event: ======'machine_var_platform'====== Args={'value': 'Windows-10-10.0.26100-SP0', 'prev_value': None, 'change': True}
2025-03-09 22:32:54,569 : INFO : EventManager : Event: ======'machine_var_platform_system'====== Args={'value': 'Windows', 'prev_value': None, 'change': True}
2025-03-09 22:32:54,569 : INFO : EventManager : Event: ======'machine_var_platform_release'====== Args={'value': '10', 'prev_value': None, 'change': True}
2025-03-09 22:32:54,569 : INFO : EventManager : Event: ======'machine_var_platform_version'====== Args={'value': '10.0.26100', 'prev_value': None, 'change': True}
2025-03-09 22:32:54,569 : INFO : EventManager : Event: ======'machine_var_platform_machine'====== Args={'value': 'AMD64', 'prev_value': None, 'change': True}
2025-03-09 22:32:54,569 : INFO : EventManager : Event: ======'init_phase_1'====== Args={}
2025-03-09 22:32:54,587 : INFO : EventManager : Event: ======'init_phase_2'====== Args={}
2025-03-09 22:32:54,587 : INFO : SwitchController : Found active switch: ('3', <Platform.SmartVirtual>) <switch.s_trough1>
2025-03-09 22:32:54,587 : INFO : SwitchController : Found active switch: ('4', <Platform.SmartVirtual>) <switch.s_trough2>
2025-03-09 22:32:54,587 : INFO : SwitchController : Found active switch: ('5', <Platform.SmartVirtual>) <switch.s_trough3>
2025-03-09 22:32:54,588 : INFO : EventManager : Event: ======'bcp_connection_attempt'====== Args={'name': 'local_display', 'host': 'localhost', 'port': 5050}
2025-03-09 22:32:54,591 : INFO : BCPClientSocket : Connecting BCP to 'local_display' at localhost:5050...
2025-03-09 22:32:56,668 : INFO : BCPClientSocket : Connected BCP to 'local_display' localhost:5050
2025-03-09 22:32:56,670 : INFO : EventManager : Event: ======'bcp_clients_connected'====== Args={}
2025-03-09 22:32:57,456 : INFO : ball_device.bd_trough : BCH: Initial count: 3
2025-03-09 22:32:57,457 : INFO : EventManager : Event: ======'machine_var_mc_version'====== Args={'value': 'MPF-MC v0.57.1', 'prev_value': None, 'change': True}
2025-03-09 22:32:57,458 : INFO : EventManager : Event: ======'machine_var_mc_extended_version'====== Args={'value': 'MPF-MC v0.57.1 (config_version=6, BCP v1.1,                      Requires MPF API compatibility v0.57.0 or newer)', 'prev_value': None, 'change': True}
2025-03-09 22:32:57,617 : INFO : ball_device.bd_trough : State: idle
2025-03-09 22:32:57,617 : INFO : ball_device.bd_plunger_lane : BCH: Initial count: 0
2025-03-09 22:32:57,617 : INFO : ball_device.bd_plunger_lane : State: idle
2025-03-09 22:32:57,651 : INFO : EventManager : Event: ======'init_phase_3'====== Args={}
2025-03-09 22:32:57,655 : INFO : EventManager : Event: ======'init_phase_4'====== Args={}
2025-03-09 22:32:57,655 : INFO : BallController : Initial balls found: 3
2025-03-09 22:32:57,656 : INFO : EventManager : Event: ======'machine_var_audits_events_game_ended'====== Args={'value': 13, 'prev_value': None, 'change': True}
2025-03-09 22:32:57,657 : INFO : EventManager : Event: ======'machine_var_audits_events_game_started'====== Args={'value': 42, 'prev_value': None, 'change': True}
2025-03-09 22:32:57,657 : INFO : EventManager : Event: ======'machine_var_audits_missing_switches_s_Lane2'====== Args={'value': 2, 'prev_value': None, 'change': True}
2025-03-09 22:32:57,657 : INFO : EventManager : Event: ======'machine_var_audits_missing_switches_s_Lane3'====== Args={'value': 2, 'prev_value': None, 'change': True}
2025-03-09 22:32:57,657 : INFO : EventManager : Event: ======'machine_var_audits_missing_switches_s_drain'====== Args={'value': 6, 'prev_value': None, 'change': True}
2025-03-09 22:32:57,658 : INFO : EventManager : Event: ======'machine_var_audits_missing_switches_s_trough2'====== Args={'value': 2, 'prev_value': None, 'change': True}
2025-03-09 22:32:57,658 : INFO : EventManager : Event: ======'machine_var_audits_missing_switches_s_trough3'====== Args={'value': 2, 'prev_value': None, 'change': True}
2025-03-09 22:32:57,658 : INFO : EventManager : Event: ======'machine_var_audits_missing_switches_s_trough_enter'====== Args={'value': 42, 'prev_value': None, 'change': True}
2025-03-09 22:32:57,658 : INFO : EventManager : Event: ======'machine_var_audits_player_score'====== Args={'value': {'average': 124, 'top': [8000, 1000, 0, 0, 0, 0, 0, 0, 0, 0], 'total': 16}, 'prev_value': None, 'change': True}
2025-03-09 22:32:57,658 : INFO : EventManager : Event: ======'machine_var_audits_switches_s_Lane1'====== Args={'value': 29, 'prev_value': None, 'change': True}
2025-03-09 22:32:57,658 : INFO : EventManager : Event: ======'machine_var_audits_switches_s_Lane2'====== Args={'value': 21, 'prev_value': None, 'change': True}
2025-03-09 22:32:57,658 : INFO : EventManager : Event: ======'machine_var_audits_switches_s_Lane3'====== Args={'value': 19, 'prev_value': None, 'change': True}
2025-03-09 22:32:57,658 : INFO : EventManager : Event: ======'machine_var_audits_switches_s_Lane4'====== Args={'value': 18, 'prev_value': None, 'change': True}
2025-03-09 22:32:57,658 : INFO : EventManager : Event: ======'machine_var_audits_switches_s_Target1'====== Args={'value': 55, 'prev_value': None, 'change': True}
2025-03-09 22:32:57,659 : INFO : EventManager : Event: ======'machine_var_audits_switches_s_Target2'====== Args={'value': 47, 'prev_value': None, 'change': True}
2025-03-09 22:32:57,659 : INFO : EventManager : Event: ======'machine_var_audits_switches_s_Target3'====== Args={'value': 51, 'prev_value': None, 'change': True}
2025-03-09 22:32:57,659 : INFO : EventManager : Event: ======'machine_var_audits_switches_s_Target4'====== Args={'value': 42, 'prev_value': None, 'change': True}
2025-03-09 22:32:57,659 : INFO : EventManager : Event: ======'machine_var_audits_switches_s_drain'====== Args={'value': 0, 'prev_value': None, 'change': True}
2025-03-09 22:32:57,659 : INFO : EventManager : Event: ======'machine_var_audits_switches_s_launcher_button'====== Args={'value': 71, 'prev_value': None, 'change': True}
2025-03-09 22:32:57,659 : INFO : EventManager : Event: ======'machine_var_audits_switches_s_left_flipper'====== Args={'value': 79, 'prev_value': None, 'change': True}
2025-03-09 22:32:57,659 : INFO : EventManager : Event: ======'machine_var_audits_switches_s_playfield_entry'====== Args={'value': 183, 'prev_value': None, 'change': True}
2025-03-09 22:32:57,659 : INFO : EventManager : Event: ======'machine_var_audits_switches_s_plunger_lane'====== Args={'value': 115, 'prev_value': None, 'change': True}
2025-03-09 22:32:57,659 : INFO : EventManager : Event: ======'machine_var_audits_switches_s_pointTarget'====== Args={'value': 193, 'prev_value': None, 'change': True}
2025-03-09 22:32:57,659 : INFO : EventManager : Event: ======'machine_var_audits_switches_s_right_flipper'====== Args={'value': 67, 'prev_value': None, 'change': True}
2025-03-09 22:32:57,660 : INFO : EventManager : Event: ======'machine_var_audits_switches_s_trough1'====== Args={'value': 94, 'prev_value': None, 'change': True}
2025-03-09 22:32:57,660 : INFO : EventManager : Event: ======'machine_var_audits_switches_s_trough2'====== Args={'value': 16, 'prev_value': None, 'change': True}
2025-03-09 22:32:57,660 : INFO : EventManager : Event: ======'machine_var_audits_switches_s_trough3'====== Args={'value': 14, 'prev_value': None, 'change': True}
2025-03-09 22:32:57,660 : INFO : EventManager : Event: ======'machine_var_audits_switches_s_trough_enter'====== Args={'value': 0, 'prev_value': None, 'change': True}
2025-03-09 22:32:57,660 : INFO : EventManager : Event: ======'init_phase_5'====== Args={}
2025-03-09 22:32:57,686 : INFO : EventManager : Event: ======'init_done'====== Args={}
2025-03-09 22:32:57,686 : INFO : EventManager : Event: ======'machine_reset_phase_1'====== Args={}
2025-03-09 22:32:57,687 : INFO : EventManager : Event: ======'slide_welcome_slide_removed'====== Args={'_from_bcp': True}
2025-03-09 22:32:57,689 : INFO : EventManager : Event: ======'slide_welcome_slide_created'====== Args={'_from_bcp': True}
2025-03-09 22:32:57,692 : INFO : EventManager : Event: ======'slide_welcome_slide_active'====== Args={'_from_bcp': True}
2025-03-09 22:32:57,693 : INFO : EventManager : Event: ======'machine_reset_phase_2'====== Args={}
2025-03-09 22:32:57,693 : INFO : EventManager : Event: ======'machine_reset_phase_3'====== Args={}
2025-03-09 22:32:57,693 : INFO : EventManager : Event: ======'reset_complete'====== Args={}
2025-03-09 22:32:57,693 : INFO : EventManager : Event: ======'mode_attract_will_start'====== Args={}
2025-03-09 22:32:57,694 : INFO : EventManager : Event: ======'mode_attract_starting'====== Args={}
2025-03-09 22:32:57,694 : INFO : Mode.attract : Started. Priority: 10
2025-03-09 22:32:57,694 : INFO : EventManager : Event: ======'modes_active_modes_changed'====== Args={}
2025-03-09 22:32:57,694 : INFO : EventManager : Event: ======'mode_attract_started'====== Args={}
2025-03-09 22:32:57,694 : INFO : EventManager : Event: ======'collecting_balls_complete'====== Args={}
2025-03-09 22:32:57,749 : INFO : EventManager : Event: ======'slide_ship_slide_created'====== Args={'_from_bcp': True}
2025-03-09 22:32:57,749 : INFO : EventManager : Event: ======'slide_ship_slide_active'====== Args={'_from_bcp': True}
2025-03-09 22:32:57,749 : INFO : Machine : Starting the main run loop.
2025-03-09 22:33:03,290 : INFO : EventManager : Event: ======'slide_starting_slide_created'====== Args={'_from_bcp': True}
2025-03-09 22:33:03,291 : INFO : EventManager : Event: ======'slide_starting_slide_active'====== Args={'_from_bcp': True}
2025-03-09 22:33:07,713 : INFO : EventManager : Event: ======'slide_company_slide_created'====== Args={'_from_bcp': True}
2025-03-09 22:33:07,717 : INFO : EventManager : Event: ======'slide_company_slide_active'====== Args={'_from_bcp': True}
2025-03-09 22:33:08,145 : INFO : BcpServer : New client connected.
2025-03-09 22:33:12,716 : INFO : EventManager : Event: ======'slide_lastgame_slide_created'====== Args={'_from_bcp': True}
2025-03-09 22:33:12,722 : INFO : EventManager : Event: ======'slide_lastgame_slide_active'====== Args={'_from_bcp': True}
2025-03-09 22:33:17,703 : INFO : EventManager : Event: ======'slide_ship_slide_removed'====== Args={'_from_bcp': True}
2025-03-09 22:33:17,716 : INFO : EventManager : Event: ======'slide_ship_slide_created'====== Args={'_from_bcp': True}
2025-03-09 22:33:17,717 : INFO : EventManager : Event: ======'slide_ship_slide_active'====== Args={'_from_bcp': True}
2025-03-09 22:33:22,699 : INFO : EventManager : Event: ======'slide_starting_slide_removed'====== Args={'_from_bcp': True}
2025-03-09 22:33:22,720 : INFO : EventManager : Event: ======'slide_starting_slide_created'====== Args={'_from_bcp': True}
2025-03-09 22:33:22,728 : INFO : EventManager : Event: ======'slide_starting_slide_active'====== Args={'_from_bcp': True}
2025-03-09 22:33:27,694 : INFO : EventManager : Event: ======'slide_company_slide_removed'====== Args={'_from_bcp': True}
2025-03-09 22:33:27,698 : INFO : EventManager : Event: ======'slide_company_slide_created'====== Args={'_from_bcp': True}
2025-03-09 22:33:27,700 : INFO : EventManager : Event: ======'slide_company_slide_active'====== Args={'_from_bcp': True}
2025-03-09 22:33:32,689 : INFO : EventManager : Event: ======'slide_lastgame_slide_removed'====== Args={'_from_bcp': True}
2025-03-09 22:33:32,703 : INFO : EventManager : Event: ======'slide_lastgame_slide_created'====== Args={'_from_bcp': True}
2025-03-09 22:33:32,719 : INFO : EventManager : Event: ======'slide_lastgame_slide_active'====== Args={'_from_bcp': True}
2025-03-09 22:33:37,715 : INFO : EventManager : Event: ======'slide_ship_slide_removed'====== Args={'_from_bcp': True}
2025-03-09 22:33:37,722 : INFO : EventManager : Event: ======'slide_ship_slide_created'====== Args={'_from_bcp': True}
2025-03-09 22:33:37,725 : INFO : EventManager : Event: ======'slide_ship_slide_active'====== Args={'_from_bcp': True}
2025-03-09 22:33:42,689 : INFO : EventManager : Event: ======'slide_starting_slide_removed'====== Args={'_from_bcp': True}
2025-03-09 22:33:42,713 : INFO : EventManager : Event: ======'slide_starting_slide_created'====== Args={'_from_bcp': True}
2025-03-09 22:33:42,719 : INFO : EventManager : Event: ======'slide_starting_slide_active'====== Args={'_from_bcp': True}
2025-03-09 22:33:47,710 : INFO : EventManager : Event: ======'slide_company_slide_removed'====== Args={'_from_bcp': True}
2025-03-09 22:33:47,715 : INFO : EventManager : Event: ======'slide_company_slide_created'====== Args={'_from_bcp': True}
2025-03-09 22:33:47,717 : INFO : EventManager : Event: ======'slide_company_slide_active'====== Args={'_from_bcp': True}
2025-03-09 22:33:52,710 : INFO : EventManager : Event: ======'slide_lastgame_slide_removed'====== Args={'_from_bcp': True}
2025-03-09 22:33:52,711 : INFO : EventManager : Event: ======'slide_lastgame_slide_created'====== Args={'_from_bcp': True}
2025-03-09 22:33:52,715 : INFO : EventManager : Event: ======'slide_lastgame_slide_active'====== Args={'_from_bcp': True}
2025-03-09 22:33:57,732 : INFO : EventManager : Event: ======'slide_ship_slide_removed'====== Args={'_from_bcp': True}
2025-03-09 22:33:57,733 : INFO : EventManager : Event: ======'slide_ship_slide_created'====== Args={'_from_bcp': True}
2025-03-09 22:33:57,736 : INFO : EventManager : Event: ======'slide_ship_slide_active'====== Args={'_from_bcp': True}
2025-03-09 22:34:02,713 : INFO : EventManager : Event: ======'slide_starting_slide_removed'====== Args={'_from_bcp': True}
2025-03-09 22:34:02,714 : INFO : EventManager : Event: ======'slide_starting_slide_created'====== Args={'_from_bcp': True}
2025-03-09 22:34:02,715 : INFO : EventManager : Event: ======'slide_starting_slide_active'====== Args={'_from_bcp': True}
2025-03-09 22:34:07,693 : INFO : EventManager : Event: ======'slide_company_slide_removed'====== Args={'_from_bcp': True}
2025-03-09 22:34:07,704 : INFO : EventManager : Event: ======'slide_company_slide_created'====== Args={'_from_bcp': True}
2025-03-09 22:34:07,714 : INFO : EventManager : Event: ======'slide_company_slide_active'====== Args={'_from_bcp': True}
2025-03-09 22:34:12,703 : INFO : EventManager : Event: ======'slide_lastgame_slide_removed'====== Args={'_from_bcp': True}
2025-03-09 22:34:12,714 : INFO : EventManager : Event: ======'slide_lastgame_slide_created'====== Args={'_from_bcp': True}
2025-03-09 22:34:12,718 : INFO : EventManager : Event: ======'slide_lastgame_slide_active'====== Args={'_from_bcp': True}
2025-03-09 22:34:17,714 : INFO : EventManager : Event: ======'slide_ship_slide_removed'====== Args={'_from_bcp': True}
2025-03-09 22:34:17,725 : INFO : EventManager : Event: ======'slide_ship_slide_created'====== Args={'_from_bcp': True}
2025-03-09 22:34:17,728 : INFO : EventManager : Event: ======'slide_ship_slide_active'====== Args={'_from_bcp': True}
2025-03-09 22:34:22,719 : INFO : EventManager : Event: ======'slide_starting_slide_removed'====== Args={'_from_bcp': True}
2025-03-09 22:34:22,727 : INFO : EventManager : Event: ======'slide_starting_slide_created'====== Args={'_from_bcp': True}
2025-03-09 22:34:22,732 : INFO : EventManager : Event: ======'slide_starting_slide_active'====== Args={'_from_bcp': True}
2025-03-09 22:34:23,141 : INFO : SwitchController : <<<<<<< 's_Target3' active >>>>>>>
2025-03-09 22:34:23,141 : INFO : EventManager : Event: ======'sw_playfield_active'====== Args={}
2025-03-09 22:34:23,142 : INFO : EventManager : Event: ======'playfield_active'====== Args={}
2025-03-09 22:34:23,144 : INFO : EventManager : Event: ======'unexpected_ball_on_playfield'====== Args={}
2025-03-09 22:34:23,197 : INFO : SwitchController : <<<<<<< 's_Target3' inactive >>>>>>>
2025-03-09 22:34:27,690 : INFO : EventManager : Event: ======'slide_company_slide_removed'====== Args={'_from_bcp': True}
2025-03-09 22:34:27,698 : INFO : EventManager : Event: ======'slide_company_slide_created'====== Args={'_from_bcp': True}
2025-03-09 22:34:27,700 : INFO : EventManager : Event: ======'slide_company_slide_active'====== Args={'_from_bcp': True}
2025-03-09 22:34:32,707 : INFO : EventManager : Event: ======'slide_lastgame_slide_removed'====== Args={'_from_bcp': True}
2025-03-09 22:34:32,708 : INFO : EventManager : Event: ======'slide_lastgame_slide_created'====== Args={'_from_bcp': True}
2025-03-09 22:34:32,710 : INFO : EventManager : Event: ======'slide_lastgame_slide_active'====== Args={'_from_bcp': True}
2025-03-09 22:34:37,705 : INFO : EventManager : Event: ======'slide_ship_slide_removed'====== Args={'_from_bcp': True}
2025-03-09 22:34:37,710 : INFO : EventManager : Event: ======'slide_ship_slide_created'====== Args={'_from_bcp': True}
2025-03-09 22:34:37,710 : INFO : EventManager : Event: ======'slide_ship_slide_active'====== Args={'_from_bcp': True}
2025-03-09 22:34:42,712 : INFO : EventManager : Event: ======'slide_starting_slide_removed'====== Args={'_from_bcp': True}
2025-03-09 22:34:42,719 : INFO : EventManager : Event: ======'slide_starting_slide_created'====== Args={'_from_bcp': True}
2025-03-09 22:34:42,721 : INFO : EventManager : Event: ======'slide_starting_slide_active'====== Args={'_from_bcp': True}
2025-03-09 22:34:47,687 : INFO : EventManager : Event: ======'slide_company_slide_removed'====== Args={'_from_bcp': True}
2025-03-09 22:34:47,696 : INFO : EventManager : Event: ======'slide_company_slide_created'====== Args={'_from_bcp': True}
2025-03-09 22:34:47,700 : INFO : EventManager : Event: ======'slide_company_slide_active'====== Args={'_from_bcp': True}
2025-03-09 22:34:49,254 : INFO : Machine : Shutting down...
2025-03-09 22:34:49,254 : INFO : EventManager : Event: ======'shutdown'====== Args={}
2025-03-09 22:34:49,267 : INFO : root : MPF run loop ended.
