2025-02-24 14:29:23,971 : INFO : root : Loading config.
2025-02-24 14:29:23,974 : INFO : YamlMultifileConfigLoader : Machine config file #1: config.yaml
2025-02-24 14:29:23,976 : INFO : ConfigProcessor : Loading config from cache: C:\Users\duffb\AppData\Local\Temp\cadfdee4981114acd6fff59d1071b59b.mpf_cache
2025-02-24 14:29:24,050 : DEBUG : YamlMultifileConfigLoader : Loading mode attract from C:\Users\duffb\.pyenv\pyenv-win\versions\3.11.0\Lib\site-packages\mpf\modes\attract\config\attract.yaml
2025-02-24 14:29:24,050 : INFO : ConfigProcessor : Loading config from cache: C:\Users\duffb\AppData\Local\Temp\2d51d76727b268a801d8dd7a18b89879.mpf_cache
2025-02-24 14:29:24,051 : DEBUG : YamlMultifileConfigLoader : Loading mode game from C:\Users\duffb\.pyenv\pyenv-win\versions\3.11.0\Lib\site-packages\mpf\modes\game\config\game.yaml
2025-02-24 14:29:24,051 : INFO : ConfigProcessor : Loading config from cache: C:\Users\duffb\AppData\Local\Temp\9f058d482eac17116727d62a93500be7.mpf_cache
2025-02-24 14:29:24,052 : INFO : Machine : Mission Pinball Framework Core Engine v0.57.0
2025-02-24 14:29:24,052 : INFO : Machine : Command line arguments: {'no_load_cache': False, 'create_config_cache': True, 'bcp': False, 'configfile': ['config.yaml'], 'force_assets_load': False, 'platform_integration_test': False, 'jsonlogging': False, 'logfile': 'logs\\2025-02-24-14-29-23-mpf-T0SHIII.log', 'pause': False, 'production': False, 'text_ui': False, 'loglevel': 10, 'consoleloglevel': 20, 'force_platform': None, 'syslog_address': None, 'mc_file_name': None, 'no_sound': False}
2025-02-24 14:29:24,052 : INFO : Machine : MPF path: C:\Users\duffb\.pyenv\pyenv-win\versions\3.11.0\Lib\site-packages\mpf
2025-02-24 14:29:24,052 : INFO : Machine : Machine path: C:\Users\duffb\OneDrive\Documents\Python Envs\PinBallWW1\Machine
2025-02-24 14:29:24,052 : INFO : Machine : Platform: win32
2025-02-24 14:29:24,052 : INFO : Machine : Python executable location: C:\Users\duffb\.pyenv\pyenv-win\versions\3.11.0\python.exe
2025-02-24 14:29:24,052 : INFO : Machine : Python version: 3.11.0 (64-bit)
2025-02-24 14:29:24,053 : DEBUG : asyncio : Using proactor: IocpProactor
2025-02-24 14:29:24,055 : INFO : Machine : Initializing MPF...
2025-02-24 14:29:24,114 : DEBUG : TextUi : Text UI is disabled. TUI option setting: False, Asciimatics loaded: <class 'asciimatics.scene.Scene'>
2025-02-24 14:29:24,124 : INFO : EventManager : Event: ======'machine_var_credits_string'====== Args={'value': 'FREE PLAY', 'prev_value': None, 'change': True}
2025-02-24 14:29:24,163 : INFO : EventManager : Event: ======'machine_var_master_volume'====== Args={'value': 0.5, 'prev_value': None, 'change': True}
2025-02-24 14:29:24,163 : INFO : EventManager : Event: ======'machine_var_mpf_version'====== Args={'value': 'Mission Pinball Framework v0.57.0', 'prev_value': None, 'change': True}
2025-02-24 14:29:24,163 : INFO : EventManager : Event: ======'machine_var_mpf_extended_version'====== Args={'value': 'Mission Pinball Framework v0.57.0, Config version:6, Show version: 6, BCP version:1.1', 'prev_value': None, 'change': True}
2025-02-24 14:29:24,163 : INFO : EventManager : Event: ======'machine_var_python_version'====== Args={'value': '3.11.0', 'prev_value': None, 'change': True}
2025-02-24 14:29:24,174 : INFO : EventManager : Event: ======'machine_var_platform'====== Args={'value': 'Windows-10-10.0.26100-SP0', 'prev_value': None, 'change': True}
2025-02-24 14:29:24,174 : INFO : EventManager : Event: ======'machine_var_platform_system'====== Args={'value': 'Windows', 'prev_value': None, 'change': True}
2025-02-24 14:29:24,174 : INFO : EventManager : Event: ======'machine_var_platform_release'====== Args={'value': '10', 'prev_value': None, 'change': True}
2025-02-24 14:29:24,174 : INFO : EventManager : Event: ======'machine_var_platform_version'====== Args={'value': '10.0.26100', 'prev_value': None, 'change': True}
2025-02-24 14:29:24,174 : INFO : EventManager : Event: ======'machine_var_platform_machine'====== Args={'value': 'AMD64', 'prev_value': None, 'change': True}
2025-02-24 14:29:24,174 : INFO : EventManager : Event: ======'init_phase_1'====== Args={}
2025-02-24 14:29:24,179 : DEBUG : ModeController : Loaded mode game
2025-02-24 14:29:24,188 : DEBUG : ModeController : Loaded mode attract
2025-02-24 14:29:24,192 : INFO : EventManager : Event: ======'init_phase_2'====== Args={}
2025-02-24 14:29:24,192 : INFO : SwitchController : Found active switch: ('8', <Platform.SmartVirtual>) <switch.s_trough_enter>
2025-02-24 14:29:24,193 : INFO : ball_device.bd_drain : BCH: Initial count: 0
2025-02-24 14:29:24,193 : INFO : ball_device.bd_drain : State: idle
2025-02-24 14:29:24,193 : INFO : ball_device.bd_trough : BCH: Initial count: 3
2025-02-24 14:29:24,193 : INFO : ball_device.bd_trough : State: idle
2025-02-24 14:29:24,193 : INFO : ball_device.bd_plunger : BCH: Initial count: 0
2025-02-24 14:29:24,193 : INFO : ball_device.bd_plunger : State: idle
2025-02-24 14:29:24,196 : DEBUG : Machine : "info_lights:" section not found in machine configuration, so the InfoLights will not be used.
2025-02-24 14:29:24,197 : DEBUG : Machine : "switch_player:" section not found in machine configuration, so the SwitchPlayer will not be used.
2025-02-24 14:29:24,199 : DEBUG : Machine : "twitch_client:" section not found in machine configuration, so the TwitchBot will not be used.
2025-02-24 14:29:24,200 : DEBUG : Machine : "virtual_segment_display_connector:" section not found in machine configuration, so the VirtualSegmentDisplayConnector will not be used.
2025-02-24 14:29:24,200 : INFO : EventManager : Event: ======'init_phase_3'====== Args={}
2025-02-24 14:29:24,200 : DEBUG : ShowController : Loading show: flash
2025-02-24 14:29:24,200 : DEBUG : ShowController : Loading show: on
2025-02-24 14:29:24,200 : DEBUG : ShowController : Loading show: off
2025-02-24 14:29:24,200 : DEBUG : ShowController : Loading show: led_color
2025-02-24 14:29:24,200 : DEBUG : ShowController : Loading show: bl_color
2025-02-24 14:29:24,201 : DEBUG : ShowController : Loading show: flash_color
2025-02-24 14:29:24,201 : INFO : EventManager : Event: ======'init_phase_4'====== Args={}
2025-02-24 14:29:24,202 : INFO : BallController : Initial balls found: 3
2025-02-24 14:29:24,202 : INFO : EventManager : Event: ======'machine_var_audits_switches_s_right_flipper'====== Args={'value': 0, 'prev_value': None, 'change': True}
2025-02-24 14:29:24,202 : INFO : EventManager : Event: ======'machine_var_audits_switches_s_trough_enter'====== Args={'value': 0, 'prev_value': None, 'change': True}
2025-02-24 14:29:24,202 : INFO : EventManager : Event: ======'machine_var_audits_switches_s_left_flipper'====== Args={'value': 0, 'prev_value': None, 'change': True}
2025-02-24 14:29:24,202 : INFO : EventManager : Event: ======'machine_var_audits_switches_s_plunger'====== Args={'value': 0, 'prev_value': None, 'change': True}
2025-02-24 14:29:24,202 : INFO : EventManager : Event: ======'machine_var_audits_switches_s_drain'====== Args={'value': 0, 'prev_value': None, 'change': True}
2025-02-24 14:29:24,203 : INFO : EventManager : Event: ======'machine_var_audits_events_game_started'====== Args={'value': 0, 'prev_value': None, 'change': True}
2025-02-24 14:29:24,203 : INFO : EventManager : Event: ======'machine_var_audits_events_game_ended'====== Args={'value': 0, 'prev_value': None, 'change': True}
2025-02-24 14:29:24,203 : INFO : EventManager : Event: ======'machine_var_audits_player_score'====== Args={'value': {'top': [], 'average': 0, 'total': 0}, 'prev_value': None, 'change': True}
2025-02-24 14:29:24,203 : INFO : EventManager : Event: ======'init_phase_5'====== Args={}
2025-02-24 14:29:24,203 : INFO : EventManager : Event: ======'init_done'====== Args={}
2025-02-24 14:29:24,203 : INFO : EventManager : Event: ======'machine_reset_phase_1'====== Args={}
2025-02-24 14:29:24,203 : INFO : EventManager : Event: ======'machine_reset_phase_2'====== Args={}
2025-02-24 14:29:24,203 : INFO : EventManager : Event: ======'machine_reset_phase_3'====== Args={}
2025-02-24 14:29:24,204 : INFO : EventManager : Event: ======'reset_complete'====== Args={}
2025-02-24 14:29:24,204 : INFO : EventManager : Event: ======'mode_attract_will_start'====== Args={}
2025-02-24 14:29:24,204 : INFO : EventManager : Event: ======'mode_attract_starting'====== Args={}
2025-02-24 14:29:24,204 : INFO : Mode.attract : Started. Priority: 10
2025-02-24 14:29:24,204 : INFO : EventManager : Event: ======'modes_active_modes_changed'====== Args={}
2025-02-24 14:29:24,204 : INFO : EventManager : Event: ======'mode_attract_started'====== Args={}
2025-02-24 14:29:24,204 : INFO : EventManager : Event: ======'collecting_balls_complete'====== Args={}
2025-02-24 14:29:24,204 : INFO : Machine : Starting the main run loop.
2025-02-24 14:29:28,524 : INFO : Machine : Shutting down...
2025-02-24 14:29:28,524 : INFO : EventManager : Event: ======'shutdown'====== Args={}
2025-02-24 14:29:28,532 : INFO : root : MPF run loop ended.
