2025-03-22 21:09:00,457 : kivy : deps: Successfully imported "kivy_deps.gstreamer" 0.3.3
2025-03-22 21:09:00,457 : kivy : deps: Successfully imported "kivy_deps.angle" 0.3.3
2025-03-22 21:09:00,457 : kivy : deps: Successfully imported "kivy_deps.glew" 0.3.1
2025-03-22 21:09:00,457 : kivy : deps: Successfully imported "kivy_deps.sdl2" 0.6.0
2025-03-22 21:09:00,457 : kivy : Kivy: v2.2.1
2025-03-22 21:09:00,457 : kivy : Kivy: Installed at "C:\Users\duffb\.pyenv\pyenv-win\versions\3.11.0\Lib\site-packages\kivy\__init__.py"
2025-03-22 21:09:00,457 : kivy : Python: v3.11.0 (main, Oct 24 2022, 18:26:48) [MSC v.1933 64 bit (AMD64)]
2025-03-22 21:09:00,459 : kivy : Python: Interpreter at "C:\Users\duffb\.pyenv\pyenv-win\versions\3.11.0\python.exe"
2025-03-22 21:09:00,482 : kivy : Factory: 190 symbols loaded
2025-03-22 21:09:00,659 : kivy : ImageLoaderFFPy: Using ffpyplayer 4.5.1
2025-03-22 21:09:00,659 : kivy : Image: Providers: img_tex, img_dds, img_sdl2, img_pil, img_ffpyplayer 
2025-03-22 21:09:00,888 : kivy : VideoGstplayer: Using Gstreamer 1.18.5.0
2025-03-22 21:09:00,888 : kivy : Video: Provider: gstplayer
2025-03-22 21:09:00,924 : root : Loading MPF-MC controller
2025-03-22 21:09:00,942 : YamlMultifileConfigLoader : Machine config file #1: config
2025-03-22 21:09:00,942 : ConfigProcessor : Config file in cache changed: C:\Users\duffb\OneDrive\Documents\Python Envs\PinBallWW1\Machine\config\config
2025-03-22 21:09:00,943 : ConfigProcessor : Loading config from file C:\Users\duffb\.pyenv\pyenv-win\versions\3.11.0\Lib\site-packages\mpfmc\mcconfig.yaml.
2025-03-22 21:09:00,951 : ConfigProcessor : Loading config: C:\Users\duffb\.pyenv\pyenv-win\versions\3.11.0\Lib\site-packages\mpfmc\mcconfig.yaml
2025-03-22 21:09:00,951 : ConfigProcessor : Loading config from file C:\Users\duffb\OneDrive\Documents\Python Envs\PinBallWW1\Machine\config\config.
2025-03-22 21:09:00,956 : ConfigProcessor : Loading config: C:\Users\duffb\OneDrive\Documents\Python Envs\PinBallWW1\Machine\config\config
2025-03-22 21:09:00,957 : ConfigProcessor : Config file cache created: C:\Users\duffb\AppData\Local\Temp\de7a4651692d89380cb727f0a44dc491.mpf_cache
2025-03-22 21:09:00,957 : ConfigProcessor : Loading config from cache: C:\Users\duffb\AppData\Local\Temp\ee7db1e8d011f44c876692bb4657f2e9.mpf_cache
2025-03-22 21:09:00,958 : ConfigProcessor : Loading config from cache: C:\Users\duffb\AppData\Local\Temp\9f058d482eac17116727d62a93500be7.mpf_cache
2025-03-22 21:09:00,958 : ConfigProcessor : Loading config from cache: C:\Users\duffb\AppData\Local\Temp\2c9362052ff91db960f514d041b7f4e4.mpf_cache
2025-03-22 21:09:00,959 : ConfigProcessor : Loading config from cache: C:\Users\duffb\AppData\Local\Temp\9e006ea23aa21ec68e01f6c49afad9f4.mpf_cache
2025-03-22 21:09:00,959 : mpfmc : Mission Pinball Framework Media Controller (MPF-MC) v0.57.1. Requires MPF v0.57.0 or newer.
2025-03-22 21:09:00,959 : mpfmc : Found MPF v0.57.0
2025-03-22 21:09:00,959 : mpfmc : Machine path: C:\Users\duffb\OneDrive\Documents\Python Envs\PinBallWW1\Machine
2025-03-22 21:09:00,960 : mpfmc : Starting clock at 60.0Hz
2025-03-22 21:09:00,977 : kivy : Text: Provider: sdl2
2025-03-22 21:09:01,027 : kivy : Window: Provider: sdl2
2025-03-22 21:09:01,264 : kivy : GL: Using the "OpenGL" graphics system
2025-03-22 21:09:01,266 : kivy : GL: GLEW initialization succeeded
2025-03-22 21:09:01,266 : kivy : GL: Backend used <glew>
2025-03-22 21:09:01,266 : kivy : GL: OpenGL version <b'4.6.0 - Build 31.0.101.5592'>
2025-03-22 21:09:01,266 : kivy : GL: OpenGL vendor <b'Intel'>
2025-03-22 21:09:01,266 : kivy : GL: OpenGL renderer <b'Intel(R) UHD Graphics'>
2025-03-22 21:09:01,266 : kivy : GL: OpenGL parsed version: 4, 6
2025-03-22 21:09:01,266 : kivy : GL: Shading version <b'4.60 - Build 31.0.101.5592'>
2025-03-22 21:09:01,266 : kivy : GL: Texture max size <16384>
2025-03-22 21:09:01,266 : kivy : GL: Texture max units <32>
2025-03-22 21:09:01,287 : kivy : Window: auto add sdl2 input provider
2025-03-22 21:09:01,287 : kivy : Window: virtual keyboard not allowed, single mode, not docked
2025-03-22 21:09:01,675 : AudioInterface : Initialized
2025-03-22 21:09:01,675 : AudioInterface : Loaded SDL 2.26.4
2025-03-22 21:09:01,675 : AudioInterface : Loaded SDL_Mixer 2.6.3
2025-03-22 21:09:01,675 : AudioInterface : Loaded GStreamer 1.18.5.0
2025-03-22 21:09:01,675 : AudioInterface : Loaded GLib 2.62.6
2025-03-22 21:09:01,675 : AudioInterface : Settings requested - rate: 44100, channels: 1, buffer: 2048 samples
2025-03-22 21:09:01,675 : AudioInterface : Settings in use - rate: 44100, channels: 1, buffer: 2048 samples (4096 bytes @ 2 bytes per sample)
2025-03-22 21:09:01,676 : SoundSystem : Setting master volume to 0.0
2025-03-22 21:09:01,676 : AudioInterface : Enabling audio playback
2025-03-22 21:09:01,678 : kivy : Base: Start application main loop
2025-03-22 21:09:01,678 : EventManager : Event: ======'display_window_initialized'====== Args={}
2025-03-22 21:09:01,687 : mpfmc : Display: Setting 'window' as default display
2025-03-22 21:09:01,696 : EventManager : Event: ======'displays_initialized'====== Args={}
2025-03-22 21:09:01,697 : EventManager : Event: ======'slide_window_blank_created'====== Args={}
2025-03-22 21:09:01,697 : EventManager : Event: ======'display_window_ready'====== Args={}
2025-03-22 21:09:01,707 : EventManager : Event: ======'init_phase_1'====== Args={}
2025-03-22 21:09:01,710 : EventManager : Event: ======'mc_ready'====== Args={}
2025-03-22 21:09:01,710 : EventManager : Event: ======'init_phase_2'====== Args={}
2025-03-22 21:09:01,711 : EventManager : Event: ======'init_phase_3'====== Args={}
2025-03-22 21:09:01,714 : EventManager : Event: ======'init_phase_4'====== Args={}
2025-03-22 21:09:01,714 : EventManager : Event: ======'init_phase_5'====== Args={}
2025-03-22 21:09:01,754 : kivy : GL: NPOT texture support is available
2025-03-22 21:09:01,765 : EventManager : Event: ======'loading_assets'====== Args={'total': 5, 'loaded': 1, 'remaining': 4, 'percent': 20}
2025-03-22 21:09:01,766 : AssetManager : Loading assets: 1/5 (20%)
2025-03-22 21:09:01,795 : EventManager : Event: ======'loading_assets'====== Args={'total': 5, 'loaded': 5, 'remaining': 0, 'percent': 100}
2025-03-22 21:09:01,796 : AssetManager : Asset loading took: 0.11854004859924316
2025-03-22 21:09:01,796 : EventManager : Event: ======'asset_loading_complete'====== Args={}
2025-03-22 21:09:01,796 : AssetManager : Loading assets: 5/5 (100%)
2025-03-22 21:09:01,796 : EventManager : Event: ======'init_done'====== Args={}
2025-03-22 21:09:01,796 : MPF-MC BCP Server : Starting up on localhost port 5050
2025-03-22 21:09:01,813 : MPF-MC BCP Server : Waiting for a connection...
2025-03-22 21:09:01,825 : EventManager : Event: ======'slide_welcome_slide_created'====== Args={}
2025-03-22 21:09:01,826 : EventManager : Event: ======'slide_welcome_slide_active'====== Args={}
2025-03-22 21:09:01,840 : EventManager : Event: ======'client_disconnected'====== Args={'host': '127.0.0.1', 'port': 5050}
