2025-03-05 22:18:59,680 : kivy : deps: Successfully imported "kivy_deps.gstreamer" 0.3.3
2025-03-05 22:18:59,680 : kivy : deps: Successfully imported "kivy_deps.angle" 0.3.3
2025-03-05 22:18:59,680 : kivy : deps: Successfully imported "kivy_deps.glew" 0.3.1
2025-03-05 22:18:59,680 : kivy : deps: Successfully imported "kivy_deps.sdl2" 0.6.0
2025-03-05 22:18:59,680 : kivy : Kivy: v2.2.1
2025-03-05 22:18:59,680 : kivy : Kivy: Installed at "C:\Users\duffb\.pyenv\pyenv-win\versions\3.11.0\Lib\site-packages\kivy\__init__.py"
2025-03-05 22:18:59,681 : kivy : Python: v3.11.0 (main, Oct 24 2022, 18:26:48) [MSC v.1933 64 bit (AMD64)]
2025-03-05 22:18:59,681 : kivy : Python: Interpreter at "C:\Users\duffb\.pyenv\pyenv-win\versions\3.11.0\python.exe"
2025-03-05 22:18:59,694 : kivy : Factory: 190 symbols loaded
2025-03-05 22:18:59,827 : kivy : ImageLoaderFFPy: Using ffpyplayer 4.5.1
2025-03-05 22:18:59,827 : kivy : Image: Providers: img_tex, img_dds, img_sdl2, img_pil, img_ffpyplayer 
2025-03-05 22:18:59,994 : kivy : VideoGstplayer: Using Gstreamer 1.18.5.0
2025-03-05 22:18:59,994 : kivy : Video: Provider: gstplayer
2025-03-05 22:19:00,101 : root : Loading MPF-MC controller
2025-03-05 22:19:00,116 : YamlMultifileConfigLoader : Machine config file #1: config
2025-03-05 22:19:00,117 : ConfigProcessor : Config file in cache changed: C:\Users\duffb\OneDrive\Documents\Python Envs\PinBallWW1\Machine\config\config
2025-03-05 22:19:00,117 : ConfigProcessor : Loading config from file C:\Users\duffb\.pyenv\pyenv-win\versions\3.11.0\Lib\site-packages\mpfmc\mcconfig.yaml.
2025-03-05 22:19:00,122 : ConfigProcessor : Loading config: C:\Users\duffb\.pyenv\pyenv-win\versions\3.11.0\Lib\site-packages\mpfmc\mcconfig.yaml
2025-03-05 22:19:00,123 : ConfigProcessor : Loading config from file C:\Users\duffb\OneDrive\Documents\Python Envs\PinBallWW1\Machine\config\config.
2025-03-05 22:19:00,125 : ConfigProcessor : Loading config: C:\Users\duffb\OneDrive\Documents\Python Envs\PinBallWW1\Machine\config\config
2025-03-05 22:19:00,126 : ConfigProcessor : Config file cache created: C:\Users\duffb\AppData\Local\Temp\de7a4651692d89380cb727f0a44dc491.mpf_cache
2025-03-05 22:19:00,126 : ConfigProcessor : Loading config from cache: C:\Users\duffb\AppData\Local\Temp\2d51d76727b268a801d8dd7a18b89879.mpf_cache
2025-03-05 22:19:00,127 : ConfigProcessor : Loading config from cache: C:\Users\duffb\AppData\Local\Temp\9f058d482eac17116727d62a93500be7.mpf_cache
2025-03-05 22:19:00,128 : mpfmc : Mission Pinball Framework Media Controller (MPF-MC) v0.57.1. Requires MPF v0.57.0 or newer.
2025-03-05 22:19:00,128 : mpfmc : Found MPF v0.57.0
2025-03-05 22:19:00,128 : mpfmc : Machine path: C:\Users\duffb\OneDrive\Documents\Python Envs\PinBallWW1\Machine
2025-03-05 22:19:00,128 : mpfmc : Starting clock at 60.0Hz
2025-03-05 22:19:00,149 : kivy : Text: Provider: sdl2
2025-03-05 22:19:00,214 : kivy : Window: Provider: sdl2
2025-03-05 22:19:00,437 : kivy : GL: Using the "OpenGL" graphics system
2025-03-05 22:19:00,439 : kivy : GL: GLEW initialization succeeded
2025-03-05 22:19:00,439 : kivy : GL: Backend used <glew>
2025-03-05 22:19:00,439 : kivy : GL: OpenGL version <b'4.6.0 - Build 31.0.101.5592'>
2025-03-05 22:19:00,439 : kivy : GL: OpenGL vendor <b'Intel'>
2025-03-05 22:19:00,439 : kivy : GL: OpenGL renderer <b'Intel(R) UHD Graphics'>
2025-03-05 22:19:00,439 : kivy : GL: OpenGL parsed version: 4, 6
2025-03-05 22:19:00,439 : kivy : GL: Shading version <b'4.60 - Build 31.0.101.5592'>
2025-03-05 22:19:00,440 : kivy : GL: Texture max size <16384>
2025-03-05 22:19:00,440 : kivy : GL: Texture max units <32>
2025-03-05 22:19:00,469 : kivy : Window: auto add sdl2 input provider
2025-03-05 22:19:00,470 : kivy : Window: virtual keyboard not allowed, single mode, not docked
2025-03-05 22:19:00,874 : AudioInterface : Initialized
2025-03-05 22:19:00,874 : AudioInterface : Loaded SDL 2.26.4
2025-03-05 22:19:00,874 : AudioInterface : Loaded SDL_Mixer 2.6.3
2025-03-05 22:19:00,874 : AudioInterface : Loaded GStreamer 1.18.5.0
2025-03-05 22:19:00,874 : AudioInterface : Loaded GLib 2.62.6
2025-03-05 22:19:00,874 : AudioInterface : Settings requested - rate: 44100, channels: 1, buffer: 2048 samples
2025-03-05 22:19:00,875 : AudioInterface : Settings in use - rate: 44100, channels: 1, buffer: 2048 samples (4096 bytes @ 2 bytes per sample)
2025-03-05 22:19:00,875 : SoundSystem : Setting master volume to 0.0
2025-03-05 22:19:00,875 : AudioInterface : Enabling audio playback
2025-03-05 22:19:00,877 : kivy : Base: Start application main loop
2025-03-05 22:19:00,877 : EventManager : Event: ======'display_window_initialized'====== Args={}
2025-03-05 22:19:00,889 : mpfmc : Display: Setting 'window' as default display
2025-03-05 22:19:00,905 : EventManager : Event: ======'displays_initialized'====== Args={}
2025-03-05 22:19:00,906 : EventManager : Event: ======'slide_window_blank_created'====== Args={}
2025-03-05 22:19:00,906 : EventManager : Event: ======'display_window_ready'====== Args={}
2025-03-05 22:19:00,917 : EventManager : Event: ======'init_phase_1'====== Args={}
2025-03-05 22:19:00,920 : EventManager : Event: ======'mc_ready'====== Args={}
2025-03-05 22:19:00,921 : EventManager : Event: ======'init_phase_2'====== Args={}
2025-03-05 22:19:00,922 : EventManager : Event: ======'init_phase_3'====== Args={}
2025-03-05 22:19:00,923 : EventManager : Event: ======'init_phase_4'====== Args={}
2025-03-05 22:19:00,924 : EventManager : Event: ======'init_phase_5'====== Args={}
2025-03-05 22:19:00,943 : kivy : GL: NPOT texture support is available
2025-03-05 22:19:00,964 : EventManager : Event: ======'loading_assets'====== Args={'total': 1, 'loaded': 1, 'remaining': 0, 'percent': 100}
2025-03-05 22:19:00,965 : AssetManager : Asset loading took: 0.0901031494140625
2025-03-05 22:19:00,965 : EventManager : Event: ======'asset_loading_complete'====== Args={}
2025-03-05 22:19:00,965 : AssetManager : Loading assets: 1/1 (100%)
2025-03-05 22:19:00,965 : EventManager : Event: ======'init_done'====== Args={}
2025-03-05 22:19:00,965 : MPF-MC BCP Server : Starting up on localhost port 5050
2025-03-05 22:19:00,969 : MPF-MC BCP Server : Waiting for a connection...
2025-03-05 22:19:00,970 : EventManager : Event: ======'slide_welcome_slide_created'====== Args={}
2025-03-05 22:19:00,971 : EventManager : Event: ======'slide_welcome_slide_active'====== Args={}
2025-03-05 22:19:00,980 : EventManager : Event: ======'client_disconnected'====== Args={'host': '127.0.0.1', 'port': 5050}
2025-03-05 22:19:01,896 : MPF-MC BCP Server : Received connection from: 127.0.0.1:58605
2025-03-05 22:19:01,903 : EventManager : Event: ======'client_connected'====== Args={'host': '127.0.0.1', 'port': 58605}
2025-03-05 22:19:02,003 : EventManager : Event: ======'machine_var_credits_string'====== Args={'value': 'FREE PLAY', 'prev_value': None, 'change': True}
2025-03-05 22:19:02,003 : EventManager : Event: ======'machine_var_master_volume'====== Args={'value': 0.5, 'prev_value': None, 'change': True}
2025-03-05 22:19:02,003 : EventManager : Event: ======'machine_var_player1_score'====== Args={'value': 0, 'prev_value': None, 'change': True}
2025-03-05 22:19:02,003 : EventManager : Event: ======'machine_var_mpf_version'====== Args={'value': 'Mission Pinball Framework v0.57.0', 'prev_value': None, 'change': True}
2025-03-05 22:19:02,003 : EventManager : Event: ======'machine_var_mpf_extended_version'====== Args={'value': 'Mission Pinball Framework v0.57.0, Config version:6, Show version: 6, BCP version:1.1', 'prev_value': None, 'change': True}
2025-03-05 22:19:02,003 : EventManager : Event: ======'machine_var_python_version'====== Args={'value': '3.11.0', 'prev_value': None, 'change': True}
2025-03-05 22:19:02,003 : EventManager : Event: ======'machine_var_platform'====== Args={'value': 'Windows-10-10.0.26100-SP0', 'prev_value': None, 'change': True}
2025-03-05 22:19:02,003 : EventManager : Event: ======'machine_var_platform_system'====== Args={'value': 'Windows', 'prev_value': None, 'change': True}
2025-03-05 22:19:02,003 : EventManager : Event: ======'machine_var_platform_release'====== Args={'value': '10', 'prev_value': None, 'change': True}
2025-03-05 22:19:02,003 : EventManager : Event: ======'machine_var_platform_version'====== Args={'value': '10.0.26100', 'prev_value': None, 'change': True}
2025-03-05 22:19:02,003 : EventManager : Event: ======'machine_var_platform_machine'====== Args={'value': 'AMD64', 'prev_value': None, 'change': True}
2025-03-05 22:19:02,003 : EventManager : Event: ======'machine_var_mc_version'====== Args={'value': 'MPF-MC v0.57.1', 'prev_value': None, 'change': True}
2025-03-05 22:19:02,003 : EventManager : Event: ======'machine_var_mc_extended_version'====== Args={'value': 'MPF-MC v0.57.1 (config_version=6, BCP v1.1,                      Requires MPF API compatibility v0.57.0 or newer)', 'prev_value': None, 'change': True}
2025-03-05 22:19:02,003 : EventManager : Event: ======'machine_var_credits_string'====== Args={'value': 'FREE PLAY', 'prev_value': None, 'change': True}
2025-03-05 22:19:02,003 : EventManager : Event: ======'machine_var_master_volume'====== Args={'value': 0.5, 'prev_value': None, 'change': True}
2025-03-05 22:19:02,003 : EventManager : Event: ======'machine_var_player1_score'====== Args={'value': 0, 'prev_value': None, 'change': True}
2025-03-05 22:19:02,003 : EventManager : Event: ======'machine_var_mpf_version'====== Args={'value': 'Mission Pinball Framework v0.57.0', 'prev_value': None, 'change': True}
2025-03-05 22:19:02,003 : EventManager : Event: ======'machine_var_mpf_extended_version'====== Args={'value': 'Mission Pinball Framework v0.57.0, Config version:6, Show version: 6, BCP version:1.1', 'prev_value': None, 'change': True}
2025-03-05 22:19:02,003 : EventManager : Event: ======'machine_var_python_version'====== Args={'value': '3.11.0', 'prev_value': None, 'change': True}
2025-03-05 22:19:02,003 : EventManager : Event: ======'machine_var_platform'====== Args={'value': 'Windows-10-10.0.26100-SP0', 'prev_value': None, 'change': True}
2025-03-05 22:19:02,003 : EventManager : Event: ======'machine_var_platform_system'====== Args={'value': 'Windows', 'prev_value': None, 'change': True}
2025-03-05 22:19:02,004 : EventManager : Event: ======'machine_var_platform_release'====== Args={'value': '10', 'prev_value': None, 'change': True}
2025-03-05 22:19:02,004 : EventManager : Event: ======'machine_var_platform_version'====== Args={'value': '10.0.26100', 'prev_value': None, 'change': True}
2025-03-05 22:19:02,004 : EventManager : Event: ======'machine_var_platform_machine'====== Args={'value': 'AMD64', 'prev_value': None, 'change': True}
2025-03-05 22:19:02,004 : EventManager : Event: ======'machine_var_mc_version'====== Args={'value': 'MPF-MC v0.57.1', 'prev_value': None, 'change': True}
2025-03-05 22:19:02,004 : EventManager : Event: ======'machine_var_mc_extended_version'====== Args={'value': 'MPF-MC v0.57.1 (config_version=6, BCP v1.1,                      Requires MPF API compatibility v0.57.0 or newer)', 'prev_value': None, 'change': True}
2025-03-05 22:19:02,004 : EventManager : Event: ======'machine_var_credits_string'====== Args={'value': 'FREE PLAY', 'prev_value': None, 'change': True}
2025-03-05 22:19:02,004 : EventManager : Event: ======'machine_var_master_volume'====== Args={'value': 0.5, 'prev_value': None, 'change': True}
2025-03-05 22:19:02,004 : EventManager : Event: ======'machine_var_player1_score'====== Args={'value': 0, 'prev_value': None, 'change': True}
2025-03-05 22:19:02,004 : EventManager : Event: ======'machine_var_mpf_version'====== Args={'value': 'Mission Pinball Framework v0.57.0', 'prev_value': None, 'change': True}
2025-03-05 22:19:02,004 : EventManager : Event: ======'machine_var_mpf_extended_version'====== Args={'value': 'Mission Pinball Framework v0.57.0, Config version:6, Show version: 6, BCP version:1.1', 'prev_value': None, 'change': True}
2025-03-05 22:19:02,004 : EventManager : Event: ======'machine_var_python_version'====== Args={'value': '3.11.0', 'prev_value': None, 'change': True}
2025-03-05 22:19:02,004 : EventManager : Event: ======'machine_var_platform'====== Args={'value': 'Windows-10-10.0.26100-SP0', 'prev_value': None, 'change': True}
2025-03-05 22:19:02,004 : EventManager : Event: ======'machine_var_platform_system'====== Args={'value': 'Windows', 'prev_value': None, 'change': True}
2025-03-05 22:19:02,004 : EventManager : Event: ======'machine_var_platform_release'====== Args={'value': '10', 'prev_value': None, 'change': True}
2025-03-05 22:19:02,004 : EventManager : Event: ======'machine_var_platform_version'====== Args={'value': '10.0.26100', 'prev_value': None, 'change': True}
2025-03-05 22:19:02,004 : EventManager : Event: ======'machine_var_platform_machine'====== Args={'value': 'AMD64', 'prev_value': None, 'change': True}
2025-03-05 22:19:02,004 : EventManager : Event: ======'machine_var_mc_version'====== Args={'value': 'MPF-MC v0.57.1', 'prev_value': None, 'change': True}
2025-03-05 22:19:02,004 : EventManager : Event: ======'machine_var_mc_extended_version'====== Args={'value': 'MPF-MC v0.57.1 (config_version=6, BCP v1.1,                      Requires MPF API compatibility v0.57.0 or newer)', 'prev_value': None, 'change': True}
2025-03-05 22:19:02,004 : EventManager : Event: ======'machine_var_credits_string'====== Args={'value': 'FREE PLAY', 'prev_value': None, 'change': True}
2025-03-05 22:19:02,004 : EventManager : Event: ======'machine_var_master_volume'====== Args={'value': 0.5, 'prev_value': None, 'change': True}
2025-03-05 22:19:02,004 : EventManager : Event: ======'machine_var_player1_score'====== Args={'value': 0, 'prev_value': None, 'change': True}
2025-03-05 22:19:02,004 : EventManager : Event: ======'machine_var_mpf_version'====== Args={'value': 'Mission Pinball Framework v0.57.0', 'prev_value': None, 'change': True}
2025-03-05 22:19:02,004 : EventManager : Event: ======'machine_var_mpf_extended_version'====== Args={'value': 'Mission Pinball Framework v0.57.0, Config version:6, Show version: 6, BCP version:1.1', 'prev_value': None, 'change': True}
2025-03-05 22:19:02,004 : EventManager : Event: ======'machine_var_python_version'====== Args={'value': '3.11.0', 'prev_value': None, 'change': True}
2025-03-05 22:19:02,004 : EventManager : Event: ======'machine_var_platform'====== Args={'value': 'Windows-10-10.0.26100-SP0', 'prev_value': None, 'change': True}
2025-03-05 22:19:02,004 : EventManager : Event: ======'machine_var_platform_system'====== Args={'value': 'Windows', 'prev_value': None, 'change': True}
2025-03-05 22:19:02,004 : EventManager : Event: ======'machine_var_platform_release'====== Args={'value': '10', 'prev_value': None, 'change': True}
2025-03-05 22:19:02,004 : EventManager : Event: ======'machine_var_platform_version'====== Args={'value': '10.0.26100', 'prev_value': None, 'change': True}
2025-03-05 22:19:02,004 : EventManager : Event: ======'machine_var_platform_machine'====== Args={'value': 'AMD64', 'prev_value': None, 'change': True}
2025-03-05 22:19:02,004 : EventManager : Event: ======'machine_var_mc_version'====== Args={'value': 'MPF-MC v0.57.1', 'prev_value': None, 'change': True}
2025-03-05 22:19:02,005 : EventManager : Event: ======'machine_var_mc_extended_version'====== Args={'value': 'MPF-MC v0.57.1 (config_version=6, BCP v1.1,                      Requires MPF API compatibility v0.57.0 or newer)', 'prev_value': None, 'change': True}
2025-03-05 22:19:02,005 : SoundSystem : Setting master volume to 0.5
2025-03-05 22:19:02,005 : SoundSystem : Setting master volume to 0.5
2025-03-05 22:19:02,005 : SoundSystem : Setting master volume to 0.5
2025-03-05 22:19:02,005 : SoundSystem : Setting master volume to 0.5
2025-03-05 22:19:02,052 : EventManager : Event: ======'machine_var_audits_events_game_ended'====== Args={'value': 3, 'prev_value': None, 'change': True}
2025-03-05 22:19:02,052 : EventManager : Event: ======'machine_var_audits_events_game_started'====== Args={'value': 4, 'prev_value': None, 'change': True}
2025-03-05 22:19:02,052 : EventManager : Event: ======'machine_var_audits_missing_switches_s_drain'====== Args={'value': 4, 'prev_value': None, 'change': True}
2025-03-05 22:19:02,052 : EventManager : Event: ======'machine_var_audits_missing_switches_s_launcher_button'====== Args={'value': 2, 'prev_value': None, 'change': True}
2025-03-05 22:19:02,052 : EventManager : Event: ======'machine_var_audits_missing_switches_s_left_flipper'====== Args={'value': 3, 'prev_value': None, 'change': True}
2025-03-05 22:19:02,052 : EventManager : Event: ======'machine_var_audits_missing_switches_s_right_flipper'====== Args={'value': 3, 'prev_value': None, 'change': True}
2025-03-05 22:19:02,052 : EventManager : Event: ======'machine_var_audits_missing_switches_s_trough2'====== Args={'value': 3, 'prev_value': None, 'change': True}
2025-03-05 22:19:02,052 : EventManager : Event: ======'machine_var_audits_missing_switches_s_trough3'====== Args={'value': 4, 'prev_value': None, 'change': True}
2025-03-05 22:19:02,052 : EventManager : Event: ======'machine_var_audits_missing_switches_s_trough_enter'====== Args={'value': 4, 'prev_value': None, 'change': True}
2025-03-05 22:19:02,052 : EventManager : Event: ======'machine_var_audits_player_score'====== Args={'value': {'average': 0, 'top': [0, 0, 0], 'total': 3}, 'prev_value': None, 'change': True}
2025-03-05 22:19:02,052 : EventManager : Event: ======'machine_var_audits_switches_s_drain'====== Args={'value': 0, 'prev_value': None, 'change': True}
2025-03-05 22:19:02,052 : EventManager : Event: ======'machine_var_audits_switches_s_launcher_button'====== Args={'value': 4, 'prev_value': None, 'change': True}
2025-03-05 22:19:02,052 : EventManager : Event: ======'machine_var_audits_switches_s_left_flipper'====== Args={'value': 9, 'prev_value': None, 'change': True}
2025-03-05 22:19:02,052 : EventManager : Event: ======'machine_var_audits_switches_s_playfield_entry'====== Args={'value': 11, 'prev_value': None, 'change': True}
2025-03-05 22:19:02,052 : EventManager : Event: ======'machine_var_audits_switches_s_plunger_lane'====== Args={'value': 20, 'prev_value': None, 'change': True}
2025-03-05 22:19:02,052 : EventManager : Event: ======'machine_var_audits_switches_s_right_flipper'====== Args={'value': 7, 'prev_value': None, 'change': True}
2025-03-05 22:19:02,052 : EventManager : Event: ======'machine_var_audits_switches_s_trough1'====== Args={'value': 9, 'prev_value': None, 'change': True}
2025-03-05 22:19:02,052 : EventManager : Event: ======'machine_var_audits_switches_s_trough2'====== Args={'value': 1, 'prev_value': None, 'change': True}
2025-03-05 22:19:02,052 : EventManager : Event: ======'machine_var_audits_switches_s_trough3'====== Args={'value': 0, 'prev_value': None, 'change': True}
2025-03-05 22:19:02,052 : EventManager : Event: ======'machine_var_audits_switches_s_trough_enter'====== Args={'value': 0, 'prev_value': None, 'change': True}
2025-03-05 22:19:02,064 : EventManager : Event: ======'slides_play'====== Args={'settings': {'welcome_slide': {'target': None, 'background_color': [0.0, 0.0, 0.0, 1.0], 'priority': None, 'show': True, 'force': False, 'expire': None, 'slide': None, 'tokens': {}, 'action': 'play'}}, 'context': '_global', 'calling_context': 'init_done', 'priority': 0}
2025-03-05 22:19:02,064 : EventManager : Event: ======'mc_reset_phase_1'====== Args={}
2025-03-05 22:19:02,064 : EventManager : Event: ======'slide_welcome_slide_removed'====== Args={}
2025-03-05 22:19:02,065 : EventManager : Event: ======'slide_welcome_slide_created'====== Args={}
2025-03-05 22:19:02,066 : EventManager : Event: ======'mc_reset_phase_2'====== Args={}
2025-03-05 22:19:02,066 : EventManager : Event: ======'mc_reset_phase_3'====== Args={}
2025-03-05 22:19:02,066 : EventManager : Event: ======'mc_reset_complete'====== Args={}
2025-03-05 22:19:02,066 : EventManager : Event: ======'slide_welcome_slide_active'====== Args={}
2025-03-05 22:19:02,076 : EventManager : Event: ======'sounds_play'====== Args={'settings': {'main': {'action': 'play', 'priority': None, 'block': False, 'delay': None, 'track': None, 'volume': None, 'ducking': {}, 'pan': None, 'loops': None, 'start_at': None, 'fade_in': None, 'fade_out': None, 'about_to_finish_time': -1.0, 'max_queue_time': -1.0, 'events_when_played': ['use_sound_setting'], 'events_when_stopped': ['use_sound_setting'], 'events_when_looping': ['use_sound_setting'], 'events_when_about_to_finish': ['use_sound_setting'], 'mode_end_action': 'use_sound_setting', 'key': 'use_sound_setting'}}, 'context': '_global', 'calling_context': 'mode_attract_started', 'priority': 0}
2025-03-05 22:19:02,099 : EventManager : Event: ======'loading_assets'====== Args={'total': 1, 'loaded': 1, 'remaining': 0, 'percent': 100}
2025-03-05 22:19:02,099 : AssetManager : Asset loading took: 1.2245643138885498
2025-03-05 22:19:02,099 : EventManager : Event: ======'asset_loading_complete'====== Args={}
2025-03-05 22:19:02,099 : AssetManager : Loading assets: 1/1 (100%)
2025-03-05 22:19:14,909 : EventManager : Event: ======'game_started'====== Args={}
2025-03-05 22:19:14,947 : EventManager : Event: ======'sounds_play'====== Args={'settings': {'main': {'action': 'stop', 'priority': None, 'block': False, 'delay': None, 'track': None, 'volume': None, 'ducking': {}, 'pan': None, 'loops': None, 'start_at': None, 'fade_in': None, 'fade_out': None, 'about_to_finish_time': -1.0, 'max_queue_time': -1.0, 'events_when_played': ['use_sound_setting'], 'events_when_stopped': ['use_sound_setting'], 'events_when_looping': ['use_sound_setting'], 'events_when_about_to_finish': ['use_sound_setting'], 'mode_end_action': 'use_sound_setting', 'key': 'use_sound_setting'}}, 'context': '_global', 'calling_context': 'mode_attract_stopped', 'priority': 0}
2025-03-05 22:19:14,948 : EventManager : Event: ======'player_added'====== Args={'player': <Player 1>, 'num': 1}
2025-03-05 22:19:14,948 : EventManager : Event: ======'player_index'====== Args={'value': 0, 'prev_value': 0, 'change': 0, 'player_num': 1}
2025-03-05 22:19:14,949 : EventManager : Event: ======'player_number'====== Args={'value': 1, 'prev_value': 1, 'change': 0, 'player_num': 1}
2025-03-05 22:19:14,949 : EventManager : Event: ======'player_score'====== Args={'value': 0, 'prev_value': 0, 'change': 0, 'player_num': 1}
2025-03-05 22:19:14,984 : EventManager : Event: ======'player_ball'====== Args={'value': 1, 'prev_value': 0, 'change': 1, 'player_num': 1}
2025-03-05 22:19:14,984 : EventManager : Event: ======'player_turn_start'====== Args={'number': 1, 'player': <Player 1>}
2025-03-05 22:19:14,996 : EventManager : Event: ======'slides_play'====== Args={'settings': {'widgets': {'widgets': [{'type': 'text', 'text': 'PLAYER (number) BALL (ball)', '_default_settings': ['type', 'text'], 'x': None, 'y': None, 'anchor_x': 'center', 'anchor_y': 'center', 'round_anchor_x': None, 'round_anchor_y': None, 'opacity': 1.0, 'z': 0, 'reset_animations_events': {}, 'color': [1.0, 1.0, 1.0, 1.0], 'style': [], 'adjust_top': 0, 'adjust_bottom': 0, 'adjust_left': 0, 'adjust_right': 0, 'expire': None, 'key': None, 'widget': None, 'events_when_added': [], 'events_when_removed': [], 'font_size': 15, 'bitmap_font': False, 'font_kerning': True, 'bold': False, 'italic': False, 'number_grouping': False, 'min_digits': 0, 'halign': 'center', 'valign': 'middle', 'rotation': 0, 'scale': 1.0, 'casing': None, 'outline_color': [1.0, 1.0, 1.0, 1.0], 'outline_width': 0, 'animations': None}], 'target': None, 'background_color': [0.0, 0.0, 0.0, 1.0], 'priority': None, 'show': True, 'force': False, 'expire': None, 'slide': None, 'tokens': {}, 'action': 'play'}}, 'context': '_global', 'calling_context': 'ball_started', 'priority': 0, 'player': 1, 'ball': 1, 'balls_remaining': 2, 'is_extra_ball': False}
2025-03-05 22:19:15,006 : EventManager : Event: ======'slide__global.slide_player-ball_started_created'====== Args={}
2025-03-05 22:19:15,013 : EventManager : Event: ======'slide__global.slide_player-ball_started_active'====== Args={}
2025-03-05 22:19:15,070 : EventManager : Event: ======'machine_var_audits_switches_s_plunger_lane'====== Args={'value': 21, 'prev_value': 20, 'change': 1}
2025-03-05 22:19:15,107 : EventManager : Event: ======'machine_var_audits_switches_s_plunger_lane'====== Args={'value': 22, 'prev_value': 21, 'change': 1}
2025-03-05 22:19:15,705 : EventManager : Event: ======'machine_var_audits_switches_s_playfield_entry'====== Args={'value': 12, 'prev_value': 11, 'change': 1}
2025-03-05 22:19:18,320 : EventManager : Event: ======'machine_var_audits_switches_s_trough1'====== Args={'value': 10, 'prev_value': 9, 'change': 1}
2025-03-05 22:19:18,855 : EventManager : Event: ======'player_ball'====== Args={'value': 2, 'prev_value': 1, 'change': 1, 'player_num': 1}
2025-03-05 22:19:18,868 : EventManager : Event: ======'slides_play'====== Args={'settings': {'widgets': {'widgets': [{'type': 'text', 'text': 'PLAYER (number) BALL (ball)', '_default_settings': ['type', 'text'], 'x': None, 'y': None, 'anchor_x': 'center', 'anchor_y': 'center', 'round_anchor_x': None, 'round_anchor_y': None, 'opacity': 1.0, 'z': 0, 'reset_animations_events': {}, 'color': [1.0, 1.0, 1.0, 1.0], 'style': [], 'adjust_top': 0, 'adjust_bottom': 0, 'adjust_left': 0, 'adjust_right': 0, 'expire': None, 'key': None, 'widget': None, 'events_when_added': [], 'events_when_removed': [], 'font_size': 15, 'bitmap_font': False, 'font_kerning': True, 'bold': False, 'italic': False, 'number_grouping': False, 'min_digits': 0, 'halign': 'center', 'valign': 'middle', 'rotation': 0, 'scale': 1.0, 'casing': None, 'outline_color': [1.0, 1.0, 1.0, 1.0], 'outline_width': 0, 'animations': None}], 'target': None, 'background_color': [0.0, 0.0, 0.0, 1.0], 'priority': None, 'show': True, 'force': False, 'expire': None, 'slide': None, 'tokens': {}, 'action': 'play'}}, 'context': '_global', 'calling_context': 'ball_started', 'priority': 0, 'player': 1, 'ball': 2, 'balls_remaining': 1, 'is_extra_ball': False}
2025-03-05 22:19:18,868 : EventManager : Event: ======'slide__global.slide_player-ball_started_removed'====== Args={}
2025-03-05 22:19:18,871 : EventManager : Event: ======'slide__global.slide_player-ball_started_created'====== Args={}
2025-03-05 22:19:18,873 : EventManager : Event: ======'slide__global.slide_player-ball_started_active'====== Args={}
2025-03-05 22:19:18,939 : EventManager : Event: ======'machine_var_audits_switches_s_plunger_lane'====== Args={'value': 23, 'prev_value': 22, 'change': 1}
2025-03-05 22:19:18,976 : EventManager : Event: ======'machine_var_audits_switches_s_plunger_lane'====== Args={'value': 24, 'prev_value': 23, 'change': 1}
2025-03-05 22:19:19,568 : EventManager : Event: ======'machine_var_audits_switches_s_playfield_entry'====== Args={'value': 13, 'prev_value': 12, 'change': 1}
2025-03-05 22:19:21,866 : EventManager : Event: ======'machine_var_audits_switches_s_trough1'====== Args={'value': 11, 'prev_value': 10, 'change': 1}
2025-03-05 22:19:22,419 : EventManager : Event: ======'player_ball'====== Args={'value': 3, 'prev_value': 2, 'change': 1, 'player_num': 1}
2025-03-05 22:19:22,443 : EventManager : Event: ======'slides_play'====== Args={'settings': {'widgets': {'widgets': [{'type': 'text', 'text': 'PLAYER (number) BALL (ball)', '_default_settings': ['type', 'text'], 'x': None, 'y': None, 'anchor_x': 'center', 'anchor_y': 'center', 'round_anchor_x': None, 'round_anchor_y': None, 'opacity': 1.0, 'z': 0, 'reset_animations_events': {}, 'color': [1.0, 1.0, 1.0, 1.0], 'style': [], 'adjust_top': 0, 'adjust_bottom': 0, 'adjust_left': 0, 'adjust_right': 0, 'expire': None, 'key': None, 'widget': None, 'events_when_added': [], 'events_when_removed': [], 'font_size': 15, 'bitmap_font': False, 'font_kerning': True, 'bold': False, 'italic': False, 'number_grouping': False, 'min_digits': 0, 'halign': 'center', 'valign': 'middle', 'rotation': 0, 'scale': 1.0, 'casing': None, 'outline_color': [1.0, 1.0, 1.0, 1.0], 'outline_width': 0, 'animations': None}], 'target': None, 'background_color': [0.0, 0.0, 0.0, 1.0], 'priority': None, 'show': True, 'force': False, 'expire': None, 'slide': None, 'tokens': {}, 'action': 'play'}}, 'context': '_global', 'calling_context': 'ball_started', 'priority': 0, 'player': 1, 'ball': 3, 'balls_remaining': 0, 'is_extra_ball': False}
2025-03-05 22:19:22,443 : EventManager : Event: ======'slide__global.slide_player-ball_started_removed'====== Args={}
2025-03-05 22:19:22,452 : EventManager : Event: ======'slide__global.slide_player-ball_started_created'====== Args={}
2025-03-05 22:19:22,454 : EventManager : Event: ======'slide__global.slide_player-ball_started_active'====== Args={}
2025-03-05 22:19:22,507 : EventManager : Event: ======'machine_var_audits_switches_s_plunger_lane'====== Args={'value': 25, 'prev_value': 24, 'change': 1}
2025-03-05 22:19:22,569 : EventManager : Event: ======'machine_var_audits_switches_s_plunger_lane'====== Args={'value': 26, 'prev_value': 25, 'change': 1}
2025-03-05 22:19:23,151 : EventManager : Event: ======'machine_var_audits_switches_s_playfield_entry'====== Args={'value': 14, 'prev_value': 13, 'change': 1}
2025-03-05 22:19:35,589 : EventManager : Event: ======'machine_var_audits_switches_s_trough3'====== Args={'value': 1, 'prev_value': 0, 'change': 1}
2025-03-05 22:19:35,936 : EventManager : Event: ======'machine_var_audits_switches_s_trough2'====== Args={'value': 2, 'prev_value': 1, 'change': 1}
2025-03-05 22:19:36,462 : EventManager : Event: ======'sounds_play'====== Args={'settings': {'main': {'action': 'play', 'priority': None, 'block': False, 'delay': None, 'track': None, 'volume': None, 'ducking': {}, 'pan': None, 'loops': None, 'start_at': None, 'fade_in': None, 'fade_out': None, 'about_to_finish_time': -1.0, 'max_queue_time': -1.0, 'events_when_played': ['use_sound_setting'], 'events_when_stopped': ['use_sound_setting'], 'events_when_looping': ['use_sound_setting'], 'events_when_about_to_finish': ['use_sound_setting'], 'mode_end_action': 'use_sound_setting', 'key': 'use_sound_setting'}}, 'context': '_global', 'calling_context': 'mode_attract_started', 'priority': 0}
2025-03-05 22:19:36,486 : EventManager : Event: ======'game_ended'====== Args={}
2025-03-05 22:19:42,003 : EventManager : Event: ======'game_started'====== Args={}
2025-03-05 22:19:42,041 : EventManager : Event: ======'sounds_play'====== Args={'settings': {'main': {'action': 'stop', 'priority': None, 'block': False, 'delay': None, 'track': None, 'volume': None, 'ducking': {}, 'pan': None, 'loops': None, 'start_at': None, 'fade_in': None, 'fade_out': None, 'about_to_finish_time': -1.0, 'max_queue_time': -1.0, 'events_when_played': ['use_sound_setting'], 'events_when_stopped': ['use_sound_setting'], 'events_when_looping': ['use_sound_setting'], 'events_when_about_to_finish': ['use_sound_setting'], 'mode_end_action': 'use_sound_setting', 'key': 'use_sound_setting'}}, 'context': '_global', 'calling_context': 'mode_attract_stopped', 'priority': 0}
2025-03-05 22:19:42,041 : EventManager : Event: ======'player_added'====== Args={'player': <Player 1>, 'num': 1}
2025-03-05 22:19:42,041 : EventManager : Event: ======'player_index'====== Args={'value': 0, 'prev_value': 0, 'change': 0, 'player_num': 1}
2025-03-05 22:19:42,041 : EventManager : Event: ======'player_number'====== Args={'value': 1, 'prev_value': 1, 'change': 0, 'player_num': 1}
2025-03-05 22:19:42,041 : EventManager : Event: ======'player_score'====== Args={'value': 0, 'prev_value': 0, 'change': 0, 'player_num': 1}
2025-03-05 22:19:42,041 : EventManager : Event: ======'player_ball'====== Args={'value': 1, 'prev_value': 0, 'change': 1, 'player_num': 1}
2025-03-05 22:19:42,041 : EventManager : Event: ======'player_turn_start'====== Args={'number': 1, 'player': <Player 1>}
2025-03-05 22:19:42,053 : EventManager : Event: ======'slides_play'====== Args={'settings': {'widgets': {'widgets': [{'type': 'text', 'text': 'PLAYER (number) BALL (ball)', '_default_settings': ['type', 'text'], 'x': None, 'y': None, 'anchor_x': 'center', 'anchor_y': 'center', 'round_anchor_x': None, 'round_anchor_y': None, 'opacity': 1.0, 'z': 0, 'reset_animations_events': {}, 'color': [1.0, 1.0, 1.0, 1.0], 'style': [], 'adjust_top': 0, 'adjust_bottom': 0, 'adjust_left': 0, 'adjust_right': 0, 'expire': None, 'key': None, 'widget': None, 'events_when_added': [], 'events_when_removed': [], 'font_size': 15, 'bitmap_font': False, 'font_kerning': True, 'bold': False, 'italic': False, 'number_grouping': False, 'min_digits': 0, 'halign': 'center', 'valign': 'middle', 'rotation': 0, 'scale': 1.0, 'casing': None, 'outline_color': [1.0, 1.0, 1.0, 1.0], 'outline_width': 0, 'animations': None}], 'target': None, 'background_color': [0.0, 0.0, 0.0, 1.0], 'priority': None, 'show': True, 'force': False, 'expire': None, 'slide': None, 'tokens': {}, 'action': 'play'}}, 'context': '_global', 'calling_context': 'ball_started', 'priority': 0, 'player': 1, 'ball': 1, 'balls_remaining': 2, 'is_extra_ball': False}
2025-03-05 22:19:42,054 : EventManager : Event: ======'slide__global.slide_player-ball_started_removed'====== Args={}
2025-03-05 22:19:42,059 : EventManager : Event: ======'slide__global.slide_player-ball_started_created'====== Args={}
2025-03-05 22:19:42,061 : EventManager : Event: ======'slide__global.slide_player-ball_started_active'====== Args={}
2025-03-05 22:19:42,101 : EventManager : Event: ======'machine_var_audits_switches_s_plunger_lane'====== Args={'value': 27, 'prev_value': 26, 'change': 1}
2025-03-05 22:19:42,163 : EventManager : Event: ======'machine_var_audits_switches_s_plunger_lane'====== Args={'value': 28, 'prev_value': 27, 'change': 1}
2025-03-05 22:19:42,812 : EventManager : Event: ======'machine_var_audits_switches_s_playfield_entry'====== Args={'value': 15, 'prev_value': 14, 'change': 1}
2025-03-05 22:19:50,790 : EventManager : Event: ======'machine_var_audits_switches_s_trough3'====== Args={'value': 2, 'prev_value': 1, 'change': 1}
2025-03-05 22:19:51,335 : EventManager : Event: ======'player_ball'====== Args={'value': 2, 'prev_value': 1, 'change': 1, 'player_num': 1}
2025-03-05 22:19:52,035 : EventManager : Event: ======'machine_var_audits_switches_s_trough2'====== Args={'value': 3, 'prev_value': 2, 'change': 1}
2025-03-05 22:19:54,580 : EventManager : Event: ======'machine_var_audits_switches_s_trough1'====== Args={'value': 12, 'prev_value': 11, 'change': 1}
2025-03-05 22:19:55,381 : EventManager : Event: ======'slides_play'====== Args={'settings': {'widgets': {'widgets': [{'type': 'text', 'text': 'PLAYER (number) BALL (ball)', '_default_settings': ['type', 'text'], 'x': None, 'y': None, 'anchor_x': 'center', 'anchor_y': 'center', 'round_anchor_x': None, 'round_anchor_y': None, 'opacity': 1.0, 'z': 0, 'reset_animations_events': {}, 'color': [1.0, 1.0, 1.0, 1.0], 'style': [], 'adjust_top': 0, 'adjust_bottom': 0, 'adjust_left': 0, 'adjust_right': 0, 'expire': None, 'key': None, 'widget': None, 'events_when_added': [], 'events_when_removed': [], 'font_size': 15, 'bitmap_font': False, 'font_kerning': True, 'bold': False, 'italic': False, 'number_grouping': False, 'min_digits': 0, 'halign': 'center', 'valign': 'middle', 'rotation': 0, 'scale': 1.0, 'casing': None, 'outline_color': [1.0, 1.0, 1.0, 1.0], 'outline_width': 0, 'animations': None}], 'target': None, 'background_color': [0.0, 0.0, 0.0, 1.0], 'priority': None, 'show': True, 'force': False, 'expire': None, 'slide': None, 'tokens': {}, 'action': 'play'}}, 'context': '_global', 'calling_context': 'ball_started', 'priority': 0, 'player': 1, 'ball': 2, 'balls_remaining': 1, 'is_extra_ball': False}
2025-03-05 22:19:55,384 : EventManager : Event: ======'slide__global.slide_player-ball_started_removed'====== Args={}
2025-03-05 22:19:55,393 : EventManager : Event: ======'slide__global.slide_player-ball_started_created'====== Args={}
2025-03-05 22:19:55,396 : EventManager : Event: ======'slide__global.slide_player-ball_started_active'====== Args={}
2025-03-05 22:19:55,463 : EventManager : Event: ======'machine_var_audits_switches_s_plunger_lane'====== Args={'value': 29, 'prev_value': 28, 'change': 1}
2025-03-05 22:19:55,501 : EventManager : Event: ======'machine_var_audits_switches_s_plunger_lane'====== Args={'value': 30, 'prev_value': 29, 'change': 1}
2025-03-05 22:19:56,085 : EventManager : Event: ======'machine_var_audits_switches_s_playfield_entry'====== Args={'value': 16, 'prev_value': 15, 'change': 1}
2025-03-05 22:20:00,281 : EventManager : Event: ======'machine_var_audits_switches_s_trough3'====== Args={'value': 3, 'prev_value': 2, 'change': 1}
2025-03-05 22:20:03,974 : EventManager : Event: ======'machine_var_audits_switches_s_trough1'====== Args={'value': 13, 'prev_value': 12, 'change': 1}
2025-03-05 22:20:04,521 : EventManager : Event: ======'player_ball'====== Args={'value': 3, 'prev_value': 2, 'change': 1, 'player_num': 1}
2025-03-05 22:20:04,541 : EventManager : Event: ======'slides_play'====== Args={'settings': {'widgets': {'widgets': [{'type': 'text', 'text': 'PLAYER (number) BALL (ball)', '_default_settings': ['type', 'text'], 'x': None, 'y': None, 'anchor_x': 'center', 'anchor_y': 'center', 'round_anchor_x': None, 'round_anchor_y': None, 'opacity': 1.0, 'z': 0, 'reset_animations_events': {}, 'color': [1.0, 1.0, 1.0, 1.0], 'style': [], 'adjust_top': 0, 'adjust_bottom': 0, 'adjust_left': 0, 'adjust_right': 0, 'expire': None, 'key': None, 'widget': None, 'events_when_added': [], 'events_when_removed': [], 'font_size': 15, 'bitmap_font': False, 'font_kerning': True, 'bold': False, 'italic': False, 'number_grouping': False, 'min_digits': 0, 'halign': 'center', 'valign': 'middle', 'rotation': 0, 'scale': 1.0, 'casing': None, 'outline_color': [1.0, 1.0, 1.0, 1.0], 'outline_width': 0, 'animations': None}], 'target': None, 'background_color': [0.0, 0.0, 0.0, 1.0], 'priority': None, 'show': True, 'force': False, 'expire': None, 'slide': None, 'tokens': {}, 'action': 'play'}}, 'context': '_global', 'calling_context': 'ball_started', 'priority': 0, 'player': 1, 'ball': 3, 'balls_remaining': 0, 'is_extra_ball': False}
2025-03-05 22:20:04,544 : EventManager : Event: ======'slide__global.slide_player-ball_started_removed'====== Args={}
2025-03-05 22:20:04,554 : EventManager : Event: ======'slide__global.slide_player-ball_started_created'====== Args={}
2025-03-05 22:20:04,556 : EventManager : Event: ======'slide__global.slide_player-ball_started_active'====== Args={}
2025-03-05 22:20:04,629 : EventManager : Event: ======'machine_var_audits_switches_s_plunger_lane'====== Args={'value': 31, 'prev_value': 30, 'change': 1}
2025-03-05 22:20:04,689 : EventManager : Event: ======'machine_var_audits_switches_s_plunger_lane'====== Args={'value': 32, 'prev_value': 31, 'change': 1}
2025-03-05 22:20:05,249 : EventManager : Event: ======'machine_var_audits_switches_s_playfield_entry'====== Args={'value': 17, 'prev_value': 16, 'change': 1}
2025-03-05 22:20:15,581 : EventManager : Event: ======'machine_var_audits_switches_s_trough3'====== Args={'value': 4, 'prev_value': 3, 'change': 1}
2025-03-05 22:20:16,129 : EventManager : Event: ======'sounds_play'====== Args={'settings': {'main': {'action': 'play', 'priority': None, 'block': False, 'delay': None, 'track': None, 'volume': None, 'ducking': {}, 'pan': None, 'loops': None, 'start_at': None, 'fade_in': None, 'fade_out': None, 'about_to_finish_time': -1.0, 'max_queue_time': -1.0, 'events_when_played': ['use_sound_setting'], 'events_when_stopped': ['use_sound_setting'], 'events_when_looping': ['use_sound_setting'], 'events_when_about_to_finish': ['use_sound_setting'], 'mode_end_action': 'use_sound_setting', 'key': 'use_sound_setting'}}, 'context': '_global', 'calling_context': 'mode_attract_started', 'priority': 0}
2025-03-05 22:20:16,167 : EventManager : Event: ======'game_ended'====== Args={}
2025-03-05 22:20:18,064 : kivy : Base: Leaving application in progress...
2025-03-05 22:20:18,424 : mpfmc : Stopping...
2025-03-05 22:20:18,424 : EventManager : Event: ======'shutdown'====== Args={}
2025-03-05 22:20:18,424 : AudioInterface : Disabling audio playback
2025-03-05 22:20:18,424 : mpfmc : Loop rate 78.89 Hz
2025-03-05 22:20:18,425 : root : MC run loop ended.
2025-03-05 22:20:18,425 : root : Stopping child threads... (3 remaining)
2025-03-05 22:20:18,687 : mpfmc : Stopping...
2025-03-05 22:20:18,688 : EventManager : Event: ======'shutdown'====== Args={}
2025-03-05 22:20:18,688 : mpfmc : Loop rate 78.63 Hz
2025-03-05 22:20:18,710 : MPF-MC BCP Server : Stopping BCP sending thread
2025-03-05 22:20:19,229 : root : All child threads stopped.
