2025-03-09 17:40:48,183 : kivy : deps: Successfully imported "kivy_deps.gstreamer" 0.3.3
2025-03-09 17:40:48,183 : kivy : deps: Successfully imported "kivy_deps.angle" 0.3.3
2025-03-09 17:40:48,183 : kivy : deps: Successfully imported "kivy_deps.glew" 0.3.1
2025-03-09 17:40:48,183 : kivy : deps: Successfully imported "kivy_deps.sdl2" 0.6.0
2025-03-09 17:40:48,183 : kivy : Kivy: v2.2.1
2025-03-09 17:40:48,183 : kivy : Kivy: Installed at "C:\Users\duffb\.pyenv\pyenv-win\versions\3.11.0\Lib\site-packages\kivy\__init__.py"
2025-03-09 17:40:48,183 : kivy : Python: v3.11.0 (main, Oct 24 2022, 18:26:48) [MSC v.1933 64 bit (AMD64)]
2025-03-09 17:40:48,184 : kivy : Python: Interpreter at "C:\Users\duffb\.pyenv\pyenv-win\versions\3.11.0\python.exe"
2025-03-09 17:40:48,197 : kivy : Factory: 190 symbols loaded
2025-03-09 17:40:48,361 : kivy : ImageLoaderFFPy: Using ffpyplayer 4.5.1
2025-03-09 17:40:48,361 : kivy : Image: Providers: img_tex, img_dds, img_sdl2, img_pil, img_ffpyplayer 
2025-03-09 17:40:48,561 : kivy : VideoGstplayer: Using Gstreamer 1.18.5.0
2025-03-09 17:40:48,561 : kivy : Video: Provider: gstplayer
2025-03-09 17:40:48,608 : root : Loading MPF-MC controller
2025-03-09 17:40:48,623 : YamlMultifileConfigLoader : Machine config file #1: config
2025-03-09 17:40:48,624 : ConfigProcessor : Config file in cache changed: C:\Users\duffb\OneDrive\Documents\Python Envs\PinBallWW1\Machine\config\config
2025-03-09 17:40:48,624 : ConfigProcessor : Loading config from file C:\Users\duffb\.pyenv\pyenv-win\versions\3.11.0\Lib\site-packages\mpfmc\mcconfig.yaml.
2025-03-09 17:40:48,631 : ConfigProcessor : Loading config: C:\Users\duffb\.pyenv\pyenv-win\versions\3.11.0\Lib\site-packages\mpfmc\mcconfig.yaml
2025-03-09 17:40:48,631 : ConfigProcessor : Loading config from file C:\Users\duffb\OneDrive\Documents\Python Envs\PinBallWW1\Machine\config\config.
2025-03-09 17:40:48,636 : ConfigProcessor : Loading config: C:\Users\duffb\OneDrive\Documents\Python Envs\PinBallWW1\Machine\config\config
2025-03-09 17:40:48,637 : ConfigProcessor : Config file cache created: C:\Users\duffb\AppData\Local\Temp\de7a4651692d89380cb727f0a44dc491.mpf_cache
2025-03-09 17:40:48,637 : ConfigProcessor : Loading config from cache: C:\Users\duffb\AppData\Local\Temp\ee7db1e8d011f44c876692bb4657f2e9.mpf_cache
2025-03-09 17:40:48,638 : ConfigProcessor : Loading config from cache: C:\Users\duffb\AppData\Local\Temp\9f058d482eac17116727d62a93500be7.mpf_cache
2025-03-09 17:40:48,639 : ConfigProcessor : Loading config from cache: C:\Users\duffb\AppData\Local\Temp\9e006ea23aa21ec68e01f6c49afad9f4.mpf_cache
2025-03-09 17:40:48,640 : mpfmc : Mission Pinball Framework Media Controller (MPF-MC) v0.57.1. Requires MPF v0.57.0 or newer.
2025-03-09 17:40:48,640 : mpfmc : Found MPF v0.57.0
2025-03-09 17:40:48,640 : mpfmc : Machine path: C:\Users\duffb\OneDrive\Documents\Python Envs\PinBallWW1\Machine
2025-03-09 17:40:48,640 : mpfmc : Starting clock at 60.0Hz
2025-03-09 17:40:48,669 : kivy : Text: Provider: sdl2
2025-03-09 17:40:48,735 : kivy : Window: Provider: sdl2
2025-03-09 17:40:48,919 : kivy : GL: Using the "OpenGL" graphics system
2025-03-09 17:40:48,920 : kivy : GL: GLEW initialization succeeded
2025-03-09 17:40:48,920 : kivy : GL: Backend used <glew>
2025-03-09 17:40:48,921 : kivy : GL: OpenGL version <b'4.6.0 - Build 31.0.101.5592'>
2025-03-09 17:40:48,921 : kivy : GL: OpenGL vendor <b'Intel'>
2025-03-09 17:40:48,921 : kivy : GL: OpenGL renderer <b'Intel(R) UHD Graphics'>
2025-03-09 17:40:48,921 : kivy : GL: OpenGL parsed version: 4, 6
2025-03-09 17:40:48,921 : kivy : GL: Shading version <b'4.60 - Build 31.0.101.5592'>
2025-03-09 17:40:48,921 : kivy : GL: Texture max size <16384>
2025-03-09 17:40:48,921 : kivy : GL: Texture max units <32>
2025-03-09 17:40:48,950 : kivy : Window: auto add sdl2 input provider
2025-03-09 17:40:48,950 : kivy : Window: virtual keyboard not allowed, single mode, not docked
2025-03-09 17:40:49,375 : AudioInterface : Initialized
2025-03-09 17:40:49,375 : AudioInterface : Loaded SDL 2.26.4
2025-03-09 17:40:49,375 : AudioInterface : Loaded SDL_Mixer 2.6.3
2025-03-09 17:40:49,376 : AudioInterface : Loaded GStreamer 1.18.5.0
2025-03-09 17:40:49,376 : AudioInterface : Loaded GLib 2.62.6
2025-03-09 17:40:49,376 : AudioInterface : Settings requested - rate: 44100, channels: 1, buffer: 2048 samples
2025-03-09 17:40:49,376 : AudioInterface : Settings in use - rate: 44100, channels: 1, buffer: 2048 samples (4096 bytes @ 2 bytes per sample)
2025-03-09 17:40:49,376 : SoundSystem : Setting master volume to 0.0
2025-03-09 17:40:49,376 : AudioInterface : Enabling audio playback
2025-03-09 17:40:49,377 : kivy : Base: Start application main loop
2025-03-09 17:40:49,377 : EventManager : Event: ======'display_window_initialized'====== Args={}
2025-03-09 17:40:49,390 : mpfmc : Display: Setting 'window' as default display
2025-03-09 17:40:49,394 : EventManager : Event: ======'displays_initialized'====== Args={}
2025-03-09 17:40:49,394 : EventManager : Event: ======'slide_window_blank_created'====== Args={}
2025-03-09 17:40:49,394 : EventManager : Event: ======'display_window_ready'====== Args={}
2025-03-09 17:40:49,406 : EventManager : Event: ======'init_phase_1'====== Args={}
2025-03-09 17:40:49,408 : EventManager : Event: ======'mc_ready'====== Args={}
2025-03-09 17:40:49,408 : EventManager : Event: ======'init_phase_2'====== Args={}
2025-03-09 17:40:49,410 : EventManager : Event: ======'init_phase_3'====== Args={}
2025-03-09 17:40:49,412 : EventManager : Event: ======'init_phase_4'====== Args={}
2025-03-09 17:40:49,412 : EventManager : Event: ======'init_phase_5'====== Args={}
2025-03-09 17:40:49,422 : kivy : GL: NPOT texture support is available
2025-03-09 17:40:49,438 : EventManager : Event: ======'loading_assets'====== Args={'total': 5, 'loaded': 1, 'remaining': 4, 'percent': 20}
2025-03-09 17:40:49,439 : AssetManager : Loading assets: 1/5 (20%)
2025-03-09 17:40:49,469 : EventManager : Event: ======'loading_assets'====== Args={'total': 5, 'loaded': 5, 'remaining': 0, 'percent': 100}
2025-03-09 17:40:49,469 : AssetManager : Asset loading took: 0.0927741527557373
2025-03-09 17:40:49,469 : EventManager : Event: ======'asset_loading_complete'====== Args={}
2025-03-09 17:40:49,469 : AssetManager : Loading assets: 5/5 (100%)
2025-03-09 17:40:49,469 : EventManager : Event: ======'init_done'====== Args={}
2025-03-09 17:40:49,469 : MPF-MC BCP Server : Starting up on localhost port 5050
2025-03-09 17:40:49,474 : MPF-MC BCP Server : Waiting for a connection...
2025-03-09 17:40:49,481 : EventManager : Event: ======'slide_welcome_slide_created'====== Args={}
2025-03-09 17:40:49,482 : EventManager : Event: ======'slide_welcome_slide_active'====== Args={}
2025-03-09 17:40:49,484 : EventManager : Event: ======'client_disconnected'====== Args={'host': '127.0.0.1', 'port': 5050}
2025-03-09 17:40:50,518 : MPF-MC BCP Server : Received connection from: 127.0.0.1:61608
2025-03-09 17:40:50,526 : EventManager : Event: ======'client_connected'====== Args={'host': '127.0.0.1', 'port': 61608}
2025-03-09 17:40:50,939 : EventManager : Event: ======'machine_var_credits_string'====== Args={'value': 'FREE PLAY', 'prev_value': None, 'change': True}
2025-03-09 17:40:50,939 : EventManager : Event: ======'machine_var_master_volume'====== Args={'value': 0.5, 'prev_value': None, 'change': True}
2025-03-09 17:40:50,939 : EventManager : Event: ======'machine_var_player1_score'====== Args={'value': 8000, 'prev_value': None, 'change': True}
2025-03-09 17:40:50,939 : EventManager : Event: ======'machine_var_player2_score'====== Args={'value': 1000, 'prev_value': None, 'change': True}
2025-03-09 17:40:50,939 : EventManager : Event: ======'machine_var_mpf_version'====== Args={'value': 'Mission Pinball Framework v0.57.0', 'prev_value': None, 'change': True}
2025-03-09 17:40:50,939 : EventManager : Event: ======'machine_var_mpf_extended_version'====== Args={'value': 'Mission Pinball Framework v0.57.0, Config version:6, Show version: 6, BCP version:1.1', 'prev_value': None, 'change': True}
2025-03-09 17:40:50,939 : EventManager : Event: ======'machine_var_python_version'====== Args={'value': '3.11.0', 'prev_value': None, 'change': True}
2025-03-09 17:40:50,939 : EventManager : Event: ======'machine_var_platform'====== Args={'value': 'Windows-10-10.0.26100-SP0', 'prev_value': None, 'change': True}
2025-03-09 17:40:50,939 : EventManager : Event: ======'machine_var_platform_system'====== Args={'value': 'Windows', 'prev_value': None, 'change': True}
2025-03-09 17:40:50,939 : EventManager : Event: ======'machine_var_platform_release'====== Args={'value': '10', 'prev_value': None, 'change': True}
2025-03-09 17:40:50,939 : EventManager : Event: ======'machine_var_platform_version'====== Args={'value': '10.0.26100', 'prev_value': None, 'change': True}
2025-03-09 17:40:50,939 : EventManager : Event: ======'machine_var_platform_machine'====== Args={'value': 'AMD64', 'prev_value': None, 'change': True}
2025-03-09 17:40:50,939 : EventManager : Event: ======'machine_var_mc_version'====== Args={'value': 'MPF-MC v0.57.1', 'prev_value': None, 'change': True}
2025-03-09 17:40:50,940 : EventManager : Event: ======'machine_var_mc_extended_version'====== Args={'value': 'MPF-MC v0.57.1 (config_version=6, BCP v1.1,                      Requires MPF API compatibility v0.57.0 or newer)', 'prev_value': None, 'change': True}
2025-03-09 17:40:50,940 : EventManager : Event: ======'machine_var_credits_string'====== Args={'value': 'FREE PLAY', 'prev_value': None, 'change': True}
2025-03-09 17:40:50,940 : EventManager : Event: ======'machine_var_master_volume'====== Args={'value': 0.5, 'prev_value': None, 'change': True}
2025-03-09 17:40:50,940 : EventManager : Event: ======'machine_var_player1_score'====== Args={'value': 8000, 'prev_value': None, 'change': True}
2025-03-09 17:40:50,940 : EventManager : Event: ======'machine_var_player2_score'====== Args={'value': 1000, 'prev_value': None, 'change': True}
2025-03-09 17:40:50,940 : EventManager : Event: ======'machine_var_mpf_version'====== Args={'value': 'Mission Pinball Framework v0.57.0', 'prev_value': None, 'change': True}
2025-03-09 17:40:50,940 : EventManager : Event: ======'machine_var_mpf_extended_version'====== Args={'value': 'Mission Pinball Framework v0.57.0, Config version:6, Show version: 6, BCP version:1.1', 'prev_value': None, 'change': True}
2025-03-09 17:40:50,940 : EventManager : Event: ======'machine_var_python_version'====== Args={'value': '3.11.0', 'prev_value': None, 'change': True}
2025-03-09 17:40:50,940 : EventManager : Event: ======'machine_var_platform'====== Args={'value': 'Windows-10-10.0.26100-SP0', 'prev_value': None, 'change': True}
2025-03-09 17:40:50,940 : EventManager : Event: ======'machine_var_platform_system'====== Args={'value': 'Windows', 'prev_value': None, 'change': True}
2025-03-09 17:40:50,940 : EventManager : Event: ======'machine_var_platform_release'====== Args={'value': '10', 'prev_value': None, 'change': True}
2025-03-09 17:40:50,940 : EventManager : Event: ======'machine_var_platform_version'====== Args={'value': '10.0.26100', 'prev_value': None, 'change': True}
2025-03-09 17:40:50,940 : EventManager : Event: ======'machine_var_platform_machine'====== Args={'value': 'AMD64', 'prev_value': None, 'change': True}
2025-03-09 17:40:50,940 : EventManager : Event: ======'machine_var_mc_version'====== Args={'value': 'MPF-MC v0.57.1', 'prev_value': None, 'change': True}
2025-03-09 17:40:50,940 : EventManager : Event: ======'machine_var_mc_extended_version'====== Args={'value': 'MPF-MC v0.57.1 (config_version=6, BCP v1.1,                      Requires MPF API compatibility v0.57.0 or newer)', 'prev_value': None, 'change': True}
2025-03-09 17:40:50,940 : EventManager : Event: ======'machine_var_credits_string'====== Args={'value': 'FREE PLAY', 'prev_value': None, 'change': True}
2025-03-09 17:40:50,940 : EventManager : Event: ======'machine_var_master_volume'====== Args={'value': 0.5, 'prev_value': None, 'change': True}
2025-03-09 17:40:50,940 : EventManager : Event: ======'machine_var_player1_score'====== Args={'value': 8000, 'prev_value': None, 'change': True}
2025-03-09 17:40:50,941 : EventManager : Event: ======'machine_var_player2_score'====== Args={'value': 1000, 'prev_value': None, 'change': True}
2025-03-09 17:40:50,941 : EventManager : Event: ======'machine_var_mpf_version'====== Args={'value': 'Mission Pinball Framework v0.57.0', 'prev_value': None, 'change': True}
2025-03-09 17:40:50,941 : EventManager : Event: ======'machine_var_mpf_extended_version'====== Args={'value': 'Mission Pinball Framework v0.57.0, Config version:6, Show version: 6, BCP version:1.1', 'prev_value': None, 'change': True}
2025-03-09 17:40:50,941 : EventManager : Event: ======'machine_var_python_version'====== Args={'value': '3.11.0', 'prev_value': None, 'change': True}
2025-03-09 17:40:50,941 : EventManager : Event: ======'machine_var_platform'====== Args={'value': 'Windows-10-10.0.26100-SP0', 'prev_value': None, 'change': True}
2025-03-09 17:40:50,941 : EventManager : Event: ======'machine_var_platform_system'====== Args={'value': 'Windows', 'prev_value': None, 'change': True}
2025-03-09 17:40:50,941 : EventManager : Event: ======'machine_var_platform_release'====== Args={'value': '10', 'prev_value': None, 'change': True}
2025-03-09 17:40:50,941 : EventManager : Event: ======'machine_var_platform_version'====== Args={'value': '10.0.26100', 'prev_value': None, 'change': True}
2025-03-09 17:40:50,941 : EventManager : Event: ======'machine_var_platform_machine'====== Args={'value': 'AMD64', 'prev_value': None, 'change': True}
2025-03-09 17:40:50,941 : EventManager : Event: ======'machine_var_mc_version'====== Args={'value': 'MPF-MC v0.57.1', 'prev_value': None, 'change': True}
2025-03-09 17:40:50,941 : EventManager : Event: ======'machine_var_mc_extended_version'====== Args={'value': 'MPF-MC v0.57.1 (config_version=6, BCP v1.1,                      Requires MPF API compatibility v0.57.0 or newer)', 'prev_value': None, 'change': True}
2025-03-09 17:40:50,941 : EventManager : Event: ======'machine_var_credits_string'====== Args={'value': 'FREE PLAY', 'prev_value': None, 'change': True}
2025-03-09 17:40:50,941 : EventManager : Event: ======'machine_var_master_volume'====== Args={'value': 0.5, 'prev_value': None, 'change': True}
2025-03-09 17:40:50,941 : EventManager : Event: ======'machine_var_player1_score'====== Args={'value': 8000, 'prev_value': None, 'change': True}
2025-03-09 17:40:50,941 : EventManager : Event: ======'machine_var_player2_score'====== Args={'value': 1000, 'prev_value': None, 'change': True}
2025-03-09 17:40:50,941 : EventManager : Event: ======'machine_var_mpf_version'====== Args={'value': 'Mission Pinball Framework v0.57.0', 'prev_value': None, 'change': True}
2025-03-09 17:40:50,941 : EventManager : Event: ======'machine_var_mpf_extended_version'====== Args={'value': 'Mission Pinball Framework v0.57.0, Config version:6, Show version: 6, BCP version:1.1', 'prev_value': None, 'change': True}
2025-03-09 17:40:50,941 : EventManager : Event: ======'machine_var_python_version'====== Args={'value': '3.11.0', 'prev_value': None, 'change': True}
2025-03-09 17:40:50,941 : EventManager : Event: ======'machine_var_platform'====== Args={'value': 'Windows-10-10.0.26100-SP0', 'prev_value': None, 'change': True}
2025-03-09 17:40:50,941 : EventManager : Event: ======'machine_var_platform_system'====== Args={'value': 'Windows', 'prev_value': None, 'change': True}
2025-03-09 17:40:50,941 : EventManager : Event: ======'machine_var_platform_release'====== Args={'value': '10', 'prev_value': None, 'change': True}
2025-03-09 17:40:50,941 : EventManager : Event: ======'machine_var_platform_version'====== Args={'value': '10.0.26100', 'prev_value': None, 'change': True}
2025-03-09 17:40:50,941 : EventManager : Event: ======'machine_var_platform_machine'====== Args={'value': 'AMD64', 'prev_value': None, 'change': True}
2025-03-09 17:40:50,941 : EventManager : Event: ======'machine_var_mc_version'====== Args={'value': 'MPF-MC v0.57.1', 'prev_value': None, 'change': True}
2025-03-09 17:40:50,941 : EventManager : Event: ======'machine_var_mc_extended_version'====== Args={'value': 'MPF-MC v0.57.1 (config_version=6, BCP v1.1,                      Requires MPF API compatibility v0.57.0 or newer)', 'prev_value': None, 'change': True}
2025-03-09 17:40:50,941 : SoundSystem : Setting master volume to 0.5
2025-03-09 17:40:50,941 : SoundSystem : Setting master volume to 0.5
2025-03-09 17:40:50,941 : SoundSystem : Setting master volume to 0.5
2025-03-09 17:40:50,942 : SoundSystem : Setting master volume to 0.5
2025-03-09 17:40:50,991 : EventManager : Event: ======'machine_var_audits_events_game_ended'====== Args={'value': 13, 'prev_value': None, 'change': True}
2025-03-09 17:40:50,991 : EventManager : Event: ======'machine_var_audits_events_game_started'====== Args={'value': 37, 'prev_value': None, 'change': True}
2025-03-09 17:40:50,991 : EventManager : Event: ======'machine_var_audits_missing_switches_s_Lane1'====== Args={'value': 1, 'prev_value': None, 'change': True}
2025-03-09 17:40:50,991 : EventManager : Event: ======'machine_var_audits_missing_switches_s_Lane2'====== Args={'value': 1, 'prev_value': None, 'change': True}
2025-03-09 17:40:50,991 : EventManager : Event: ======'machine_var_audits_missing_switches_s_Lane3'====== Args={'value': 1, 'prev_value': None, 'change': True}
2025-03-09 17:40:50,991 : EventManager : Event: ======'machine_var_audits_missing_switches_s_Lane4'====== Args={'value': 1, 'prev_value': None, 'change': True}
2025-03-09 17:40:50,991 : EventManager : Event: ======'machine_var_audits_missing_switches_s_Target1'====== Args={'value': 1, 'prev_value': None, 'change': True}
2025-03-09 17:40:50,991 : EventManager : Event: ======'machine_var_audits_missing_switches_s_Target2'====== Args={'value': 1, 'prev_value': None, 'change': True}
2025-03-09 17:40:50,991 : EventManager : Event: ======'machine_var_audits_missing_switches_s_Target3'====== Args={'value': 1, 'prev_value': None, 'change': True}
2025-03-09 17:40:50,991 : EventManager : Event: ======'machine_var_audits_missing_switches_s_Target4'====== Args={'value': 1, 'prev_value': None, 'change': True}
2025-03-09 17:40:50,991 : EventManager : Event: ======'machine_var_audits_missing_switches_s_drain'====== Args={'value': 6, 'prev_value': None, 'change': True}
2025-03-09 17:40:50,991 : EventManager : Event: ======'machine_var_audits_missing_switches_s_trough2'====== Args={'value': 2, 'prev_value': None, 'change': True}
2025-03-09 17:40:50,991 : EventManager : Event: ======'machine_var_audits_missing_switches_s_trough3'====== Args={'value': 2, 'prev_value': None, 'change': True}
2025-03-09 17:40:50,991 : EventManager : Event: ======'machine_var_audits_missing_switches_s_trough_enter'====== Args={'value': 37, 'prev_value': None, 'change': True}
2025-03-09 17:40:50,991 : EventManager : Event: ======'machine_var_audits_player_score'====== Args={'value': {'average': 124, 'top': [8000, 1000, 0, 0, 0, 0, 0, 0, 0, 0], 'total': 16}, 'prev_value': None, 'change': True}
2025-03-09 17:40:50,991 : EventManager : Event: ======'machine_var_audits_switches_s_Lane1'====== Args={'value': 11, 'prev_value': None, 'change': True}
2025-03-09 17:40:50,991 : EventManager : Event: ======'machine_var_audits_switches_s_Lane2'====== Args={'value': 10, 'prev_value': None, 'change': True}
2025-03-09 17:40:50,991 : EventManager : Event: ======'machine_var_audits_switches_s_Lane3'====== Args={'value': 9, 'prev_value': None, 'change': True}
2025-03-09 17:40:50,991 : EventManager : Event: ======'machine_var_audits_switches_s_Lane4'====== Args={'value': 6, 'prev_value': None, 'change': True}
2025-03-09 17:40:50,991 : EventManager : Event: ======'machine_var_audits_switches_s_Target1'====== Args={'value': 3, 'prev_value': None, 'change': True}
2025-03-09 17:40:50,991 : EventManager : Event: ======'machine_var_audits_switches_s_Target2'====== Args={'value': 3, 'prev_value': None, 'change': True}
2025-03-09 17:40:50,991 : EventManager : Event: ======'machine_var_audits_switches_s_Target3'====== Args={'value': 2, 'prev_value': None, 'change': True}
2025-03-09 17:40:50,991 : EventManager : Event: ======'machine_var_audits_switches_s_Target4'====== Args={'value': 8, 'prev_value': None, 'change': True}
2025-03-09 17:40:50,992 : EventManager : Event: ======'machine_var_audits_switches_s_drain'====== Args={'value': 0, 'prev_value': None, 'change': True}
2025-03-09 17:40:50,992 : EventManager : Event: ======'machine_var_audits_switches_s_launcher_button'====== Args={'value': 60, 'prev_value': None, 'change': True}
2025-03-09 17:40:50,992 : EventManager : Event: ======'machine_var_audits_switches_s_left_flipper'====== Args={'value': 42, 'prev_value': None, 'change': True}
2025-03-09 17:40:50,992 : EventManager : Event: ======'machine_var_audits_switches_s_playfield_entry'====== Args={'value': 179, 'prev_value': None, 'change': True}
2025-03-09 17:40:50,992 : EventManager : Event: ======'machine_var_audits_switches_s_plunger_lane'====== Args={'value': 106, 'prev_value': None, 'change': True}
2025-03-09 17:40:50,992 : EventManager : Event: ======'machine_var_audits_switches_s_pointTarget'====== Args={'value': 193, 'prev_value': None, 'change': True}
2025-03-09 17:40:50,992 : EventManager : Event: ======'machine_var_audits_switches_s_right_flipper'====== Args={'value': 36, 'prev_value': None, 'change': True}
2025-03-09 17:40:50,992 : EventManager : Event: ======'machine_var_audits_switches_s_trough1'====== Args={'value': 87, 'prev_value': None, 'change': True}
2025-03-09 17:40:50,992 : EventManager : Event: ======'machine_var_audits_switches_s_trough2'====== Args={'value': 14, 'prev_value': None, 'change': True}
2025-03-09 17:40:50,992 : EventManager : Event: ======'machine_var_audits_switches_s_trough3'====== Args={'value': 11, 'prev_value': None, 'change': True}
2025-03-09 17:40:50,992 : EventManager : Event: ======'machine_var_audits_switches_s_trough_enter'====== Args={'value': 0, 'prev_value': None, 'change': True}
2025-03-09 17:40:51,004 : EventManager : Event: ======'slides_play'====== Args={'settings': {'welcome_slide': {'target': None, 'background_color': [0.0, 0.0, 0.0, 1.0], 'priority': None, 'show': True, 'force': False, 'expire': None, 'slide': None, 'tokens': {}, 'action': 'play'}}, 'context': '_global', 'calling_context': 'init_done', 'priority': 0}
2025-03-09 17:40:51,004 : EventManager : Event: ======'mc_reset_phase_1'====== Args={}
2025-03-09 17:40:51,004 : EventManager : Event: ======'slide_welcome_slide_removed'====== Args={}
2025-03-09 17:40:51,006 : EventManager : Event: ======'slide_welcome_slide_created'====== Args={}
2025-03-09 17:40:51,006 : EventManager : Event: ======'mc_reset_phase_2'====== Args={}
2025-03-09 17:40:51,006 : EventManager : Event: ======'mc_reset_phase_3'====== Args={}
2025-03-09 17:40:51,006 : EventManager : Event: ======'mc_reset_complete'====== Args={}
2025-03-09 17:40:51,007 : EventManager : Event: ======'slide_welcome_slide_active'====== Args={}
2025-03-09 17:40:51,017 : EventManager : Event: ======'slides_play'====== Args={'settings': {'ship_slide': {'widgets': [{'type': 'image', 'image': 'ship', '_default_settings': ['type', 'image'], 'x': None, 'y': None, 'anchor_x': 'center', 'anchor_y': 'center', 'round_anchor_x': None, 'round_anchor_y': None, 'opacity': 1.0, 'z': 0, 'reset_animations_events': {}, 'color': [1.0, 1.0, 1.0, 1.0], 'style': [], 'adjust_top': 0, 'adjust_bottom': 0, 'adjust_left': 0, 'adjust_right': 0, 'expire': None, 'key': None, 'widget': None, 'events_when_added': [], 'events_when_removed': [], 'fps': 10, 'loops': -1, 'auto_play': True, 'start_frame': 0, 'rotation': 0, 'scale': 1.0, 'animations': None}], 'target': None, 'background_color': [0.0, 0.0, 0.0, 1.0], 'priority': None, 'show': True, 'force': False, 'expire': None, 'slide': None, 'tokens': {}, 'action': 'play'}}, 'context': 'show_1', 'calling_context': 0, 'priority': 10, 'show_tokens': {}, 'start_time': 594683.015}
2025-03-09 17:40:51,017 : EventManager : Event: ======'sounds_play'====== Args={'settings': {'main': {'action': 'play', 'priority': None, 'block': False, 'delay': None, 'track': None, 'volume': None, 'ducking': {}, 'pan': None, 'loops': None, 'start_at': None, 'fade_in': None, 'fade_out': None, 'about_to_finish_time': -1.0, 'max_queue_time': -1.0, 'events_when_played': ['use_sound_setting'], 'events_when_stopped': ['use_sound_setting'], 'events_when_looping': ['use_sound_setting'], 'events_when_about_to_finish': ['use_sound_setting'], 'mode_end_action': 'use_sound_setting', 'key': 'use_sound_setting'}}, 'context': '_global', 'calling_context': 'mode_attract_started', 'priority': 0}
2025-03-09 17:40:51,019 : EventManager : Event: ======'slide_ship_slide_created'====== Args={}
2025-03-09 17:40:51,019 : EventManager : Event: ======'slide_ship_slide_active'====== Args={}
2025-03-09 17:40:51,041 : EventManager : Event: ======'loading_assets'====== Args={'total': 1, 'loaded': 1, 'remaining': 0, 'percent': 100}
2025-03-09 17:40:51,041 : AssetManager : Asset loading took: 1.6648454666137695
2025-03-09 17:40:51,041 : EventManager : Event: ======'asset_loading_complete'====== Args={}
2025-03-09 17:40:51,041 : AssetManager : Loading assets: 1/1 (100%)
2025-03-09 17:40:56,007 : EventManager : Event: ======'slides_play'====== Args={'settings': {'starting_slide': {'widgets': [{'type': 'image', 'image': 'start', 'animations': {'pre_show_slide': [{'property': ['opacity'], 'value': ['0'], 'duration': 0.5, 'relative': False, 'timing': 'after_previous', 'repeat': False, 'easing': 'linear', 'step': 0.0}, {'property': ['opacity'], 'value': ['1'], 'duration': 0.5, 'repeat': True, 'relative': False, 'timing': 'after_previous', 'easing': 'linear', 'step': 0.0}]}, '_default_settings': ['type', 'image', 'animations'], 'x': None, 'y': None, 'anchor_x': 'center', 'anchor_y': 'center', 'round_anchor_x': None, 'round_anchor_y': None, 'opacity': 1.0, 'z': 0, 'reset_animations_events': {}, 'color': [1.0, 1.0, 1.0, 1.0], 'style': [], 'adjust_top': 0, 'adjust_bottom': 0, 'adjust_left': 0, 'adjust_right': 0, 'expire': None, 'key': None, 'widget': None, 'events_when_added': [], 'events_when_removed': [], 'fps': 10, 'loops': -1, 'auto_play': True, 'start_frame': 0, 'rotation': 0, 'scale': 1.0}, {'type': 'image', 'image': 'start_game', '_default_settings': ['type', 'image'], 'x': None, 'y': None, 'anchor_x': 'center', 'anchor_y': 'center', 'round_anchor_x': None, 'round_anchor_y': None, 'opacity': 1.0, 'z': 0, 'reset_animations_events': {}, 'color': [1.0, 1.0, 1.0, 1.0], 'style': [], 'adjust_top': 0, 'adjust_bottom': 0, 'adjust_left': 0, 'adjust_right': 0, 'expire': None, 'key': None, 'widget': None, 'events_when_added': [], 'events_when_removed': [], 'fps': 10, 'loops': -1, 'auto_play': True, 'start_frame': 0, 'rotation': 0, 'scale': 1.0, 'animations': None}], 'transition': {'type': 'push', 'duration': 1.0, 'direction': 'left', 'easing': 'out_quad'}, 'target': None, 'background_color': [0.0, 0.0, 0.0, 1.0], 'priority': None, 'show': True, 'force': False, 'expire': None, 'slide': None, 'tokens': {}, 'action': 'play'}}, 'context': 'show_1', 'calling_context': 1, 'priority': 10, 'show_tokens': {}, 'start_time': 594688.015}
2025-03-09 17:40:56,023 : EventManager : Event: ======'slide_starting_slide_created'====== Args={}
2025-03-09 17:40:56,029 : EventManager : Event: ======'slide_starting_slide_active'====== Args={}
2025-03-09 17:41:01,003 : EventManager : Event: ======'slides_play'====== Args={'settings': {'company_slide': {'widgets': [{'type': 'image', 'image': 'company', '_default_settings': ['type', 'image'], 'x': None, 'y': None, 'anchor_x': 'center', 'anchor_y': 'center', 'round_anchor_x': None, 'round_anchor_y': None, 'opacity': 1.0, 'z': 0, 'reset_animations_events': {}, 'color': [1.0, 1.0, 1.0, 1.0], 'style': [], 'adjust_top': 0, 'adjust_bottom': 0, 'adjust_left': 0, 'adjust_right': 0, 'expire': None, 'key': None, 'widget': None, 'events_when_added': [], 'events_when_removed': [], 'fps': 10, 'loops': -1, 'auto_play': True, 'start_frame': 0, 'rotation': 0, 'scale': 1.0, 'animations': None}, {'type': 'text', 'text': '(machine|player1_score)', 'number_grouping': True, 'min_digits': 2, 'font_size': 50, 'y': '40%', '_default_settings': ['type', 'text', 'number_grouping', 'min_digits', 'font_size', 'y'], 'x': None, 'anchor_x': 'center', 'anchor_y': 'center', 'round_anchor_x': None, 'round_anchor_y': None, 'opacity': 1.0, 'z': 0, 'reset_animations_events': {}, 'color': [1.0, 1.0, 1.0, 1.0], 'style': [], 'adjust_top': 0, 'adjust_bottom': 0, 'adjust_left': 0, 'adjust_right': 0, 'expire': None, 'key': None, 'widget': None, 'events_when_added': [], 'events_when_removed': [], 'bitmap_font': False, 'font_kerning': True, 'bold': False, 'italic': False, 'halign': 'center', 'valign': 'middle', 'rotation': 0, 'scale': 1.0, 'casing': None, 'outline_color': [1.0, 1.0, 1.0, 1.0], 'outline_width': 0, 'animations': None}], 'transition': {'type': 'move_in', 'duration': 1.0, 'direction': 'right', 'easing': 'out_quad'}, 'target': None, 'background_color': [0.0, 0.0, 0.0, 1.0], 'priority': None, 'show': True, 'force': False, 'expire': None, 'slide': None, 'tokens': {}, 'action': 'play'}}, 'context': 'show_1', 'calling_context': 2, 'priority': 10, 'show_tokens': {}, 'start_time': 594693.015}
2025-03-09 17:41:01,014 : EventManager : Event: ======'slide_company_slide_created'====== Args={}
2025-03-09 17:41:01,017 : EventManager : Unordered handler for class <Text Widget text=8,000> on event machine_var_player1_score with priority 1. Handlers: [RegisteredHandler(callback=<bound method Text._machine_var_change of <Text Widget text=8,000>>, priority=1, kwargs={}, key=UUID('335b4f2e-c5ca-485f-a4ed-99e753bdfda5'), condition=None, blocking_facility=None), RegisteredHandler(callback=<bound method Text._machine_var_change of <Text Widget text=8,000>>, priority=1, kwargs={}, key=UUID('2ea3cbe7-3d76-475b-81d8-9418d9f2ef6f'), condition=None, blocking_facility=None)]. The order of those handlers is not defined and they will be executed in random order. This might lead to race conditions and potential bugs.
2025-03-09 17:41:01,020 : EventManager : Event: ======'slide_company_slide_active'====== Args={}
2025-03-09 17:41:06,013 : EventManager : Event: ======'slides_play'====== Args={'settings': {'lastgame_slide': {'widgets': [{'type': 'image', 'image': 'last_game', '_default_settings': ['type', 'image'], 'x': None, 'y': None, 'anchor_x': 'center', 'anchor_y': 'center', 'round_anchor_x': None, 'round_anchor_y': None, 'opacity': 1.0, 'z': 0, 'reset_animations_events': {}, 'color': [1.0, 1.0, 1.0, 1.0], 'style': [], 'adjust_top': 0, 'adjust_bottom': 0, 'adjust_left': 0, 'adjust_right': 0, 'expire': None, 'key': None, 'widget': None, 'events_when_added': [], 'events_when_removed': [], 'fps': 10, 'loops': -1, 'auto_play': True, 'start_frame': 0, 'rotation': 0, 'scale': 1.0, 'animations': None}], 'transition': {'type': 'move_in', 'duration': 1.0, 'direction': 'top', 'easing': 'out_quad'}, 'target': None, 'background_color': [0.0, 0.0, 0.0, 1.0], 'priority': None, 'show': True, 'force': False, 'expire': None, 'slide': None, 'tokens': {}, 'action': 'play'}}, 'context': 'show_1', 'calling_context': 3, 'priority': 10, 'show_tokens': {}, 'start_time': 594698.015}
2025-03-09 17:41:06,022 : EventManager : Event: ======'slide_lastgame_slide_created'====== Args={}
2025-03-09 17:41:06,025 : EventManager : Event: ======'slide_lastgame_slide_active'====== Args={}
2025-03-09 17:41:11,003 : EventManager : Event: ======'slides_play'====== Args={'settings': {'ship_slide': {'widgets': [{'type': 'image', 'image': 'ship', '_default_settings': ['type', 'image'], 'x': None, 'y': None, 'anchor_x': 'center', 'anchor_y': 'center', 'round_anchor_x': None, 'round_anchor_y': None, 'opacity': 1.0, 'z': 0, 'reset_animations_events': {}, 'color': [1.0, 1.0, 1.0, 1.0], 'style': [], 'adjust_top': 0, 'adjust_bottom': 0, 'adjust_left': 0, 'adjust_right': 0, 'expire': None, 'key': None, 'widget': None, 'events_when_added': [], 'events_when_removed': [], 'fps': 10, 'loops': -1, 'auto_play': True, 'start_frame': 0, 'rotation': 0, 'scale': 1.0, 'animations': None}], 'target': None, 'background_color': [0.0, 0.0, 0.0, 1.0], 'priority': None, 'show': True, 'force': False, 'expire': None, 'slide': None, 'tokens': {}, 'action': 'play'}}, 'context': 'show_1', 'calling_context': 0, 'priority': 10, 'show_tokens': {}, 'start_time': 594703.015}
2025-03-09 17:41:11,003 : EventManager : Event: ======'slide_ship_slide_removed'====== Args={}
2025-03-09 17:41:11,005 : EventManager : Event: ======'slide_ship_slide_created'====== Args={}
2025-03-09 17:41:11,005 : EventManager : Event: ======'slide_ship_slide_active'====== Args={}
2025-03-09 17:41:16,034 : EventManager : Event: ======'slides_play'====== Args={'settings': {'starting_slide': {'widgets': [{'type': 'image', 'image': 'start', 'animations': {'pre_show_slide': [{'property': ['opacity'], 'value': ['0'], 'duration': 0.5, 'relative': False, 'timing': 'after_previous', 'repeat': False, 'easing': 'linear', 'step': 0.0}, {'property': ['opacity'], 'value': ['1'], 'duration': 0.5, 'repeat': True, 'relative': False, 'timing': 'after_previous', 'easing': 'linear', 'step': 0.0}]}, '_default_settings': ['type', 'image', 'animations'], 'x': None, 'y': None, 'anchor_x': 'center', 'anchor_y': 'center', 'round_anchor_x': None, 'round_anchor_y': None, 'opacity': 1.0, 'z': 0, 'reset_animations_events': {}, 'color': [1.0, 1.0, 1.0, 1.0], 'style': [], 'adjust_top': 0, 'adjust_bottom': 0, 'adjust_left': 0, 'adjust_right': 0, 'expire': None, 'key': None, 'widget': None, 'events_when_added': [], 'events_when_removed': [], 'fps': 10, 'loops': -1, 'auto_play': True, 'start_frame': 0, 'rotation': 0, 'scale': 1.0}, {'type': 'image', 'image': 'start_game', '_default_settings': ['type', 'image'], 'x': None, 'y': None, 'anchor_x': 'center', 'anchor_y': 'center', 'round_anchor_x': None, 'round_anchor_y': None, 'opacity': 1.0, 'z': 0, 'reset_animations_events': {}, 'color': [1.0, 1.0, 1.0, 1.0], 'style': [], 'adjust_top': 0, 'adjust_bottom': 0, 'adjust_left': 0, 'adjust_right': 0, 'expire': None, 'key': None, 'widget': None, 'events_when_added': [], 'events_when_removed': [], 'fps': 10, 'loops': -1, 'auto_play': True, 'start_frame': 0, 'rotation': 0, 'scale': 1.0, 'animations': None}], 'transition': {'type': 'push', 'duration': 1.0, 'direction': 'left', 'easing': 'out_quad'}, 'target': None, 'background_color': [0.0, 0.0, 0.0, 1.0], 'priority': None, 'show': True, 'force': False, 'expire': None, 'slide': None, 'tokens': {}, 'action': 'play'}}, 'context': 'show_1', 'calling_context': 1, 'priority': 10, 'show_tokens': {}, 'start_time': 594708.015}
2025-03-09 17:41:16,034 : EventManager : Event: ======'slide_starting_slide_removed'====== Args={}
2025-03-09 17:41:16,044 : EventManager : Event: ======'slide_starting_slide_created'====== Args={}
2025-03-09 17:41:16,047 : EventManager : Event: ======'slide_starting_slide_active'====== Args={}
2025-03-09 17:41:21,023 : EventManager : Event: ======'slides_play'====== Args={'settings': {'company_slide': {'widgets': [{'type': 'image', 'image': 'company', '_default_settings': ['type', 'image'], 'x': None, 'y': None, 'anchor_x': 'center', 'anchor_y': 'center', 'round_anchor_x': None, 'round_anchor_y': None, 'opacity': 1.0, 'z': 0, 'reset_animations_events': {}, 'color': [1.0, 1.0, 1.0, 1.0], 'style': [], 'adjust_top': 0, 'adjust_bottom': 0, 'adjust_left': 0, 'adjust_right': 0, 'expire': None, 'key': None, 'widget': None, 'events_when_added': [], 'events_when_removed': [], 'fps': 10, 'loops': -1, 'auto_play': True, 'start_frame': 0, 'rotation': 0, 'scale': 1.0, 'animations': None}, {'type': 'text', 'text': '(machine|player1_score)', 'number_grouping': True, 'min_digits': 2, 'font_size': 50, 'y': '40%', '_default_settings': ['type', 'text', 'number_grouping', 'min_digits', 'font_size', 'y'], 'x': None, 'anchor_x': 'center', 'anchor_y': 'center', 'round_anchor_x': None, 'round_anchor_y': None, 'opacity': 1.0, 'z': 0, 'reset_animations_events': {}, 'color': [1.0, 1.0, 1.0, 1.0], 'style': [], 'adjust_top': 0, 'adjust_bottom': 0, 'adjust_left': 0, 'adjust_right': 0, 'expire': None, 'key': None, 'widget': None, 'events_when_added': [], 'events_when_removed': [], 'bitmap_font': False, 'font_kerning': True, 'bold': False, 'italic': False, 'halign': 'center', 'valign': 'middle', 'rotation': 0, 'scale': 1.0, 'casing': None, 'outline_color': [1.0, 1.0, 1.0, 1.0], 'outline_width': 0, 'animations': None}], 'transition': {'type': 'move_in', 'duration': 1.0, 'direction': 'right', 'easing': 'out_quad'}, 'target': None, 'background_color': [0.0, 0.0, 0.0, 1.0], 'priority': None, 'show': True, 'force': False, 'expire': None, 'slide': None, 'tokens': {}, 'action': 'play'}}, 'context': 'show_1', 'calling_context': 2, 'priority': 10, 'show_tokens': {}, 'start_time': 594713.015}
2025-03-09 17:41:21,024 : EventManager : Event: ======'slide_company_slide_removed'====== Args={}
2025-03-09 17:41:21,039 : EventManager : Event: ======'slide_company_slide_created'====== Args={}
2025-03-09 17:41:21,040 : EventManager : Unordered handler for class <Text Widget text=8,000> on event machine_var_player1_score with priority 1. Handlers: [RegisteredHandler(callback=<bound method Text._machine_var_change of <Text Widget text=8,000>>, priority=1, kwargs={}, key=UUID('543b3082-eb2a-4445-a7a8-287ec49f2cb0'), condition=None, blocking_facility=None), RegisteredHandler(callback=<bound method Text._machine_var_change of <Text Widget text=8,000>>, priority=1, kwargs={}, key=UUID('ac8386a3-7b10-4309-b694-a0596e5493c1'), condition=None, blocking_facility=None)]. The order of those handlers is not defined and they will be executed in random order. This might lead to race conditions and potential bugs.
2025-03-09 17:41:21,041 : EventManager : Event: ======'slide_company_slide_active'====== Args={}
2025-03-09 17:41:26,022 : EventManager : Event: ======'slides_play'====== Args={'settings': {'lastgame_slide': {'widgets': [{'type': 'image', 'image': 'last_game', '_default_settings': ['type', 'image'], 'x': None, 'y': None, 'anchor_x': 'center', 'anchor_y': 'center', 'round_anchor_x': None, 'round_anchor_y': None, 'opacity': 1.0, 'z': 0, 'reset_animations_events': {}, 'color': [1.0, 1.0, 1.0, 1.0], 'style': [], 'adjust_top': 0, 'adjust_bottom': 0, 'adjust_left': 0, 'adjust_right': 0, 'expire': None, 'key': None, 'widget': None, 'events_when_added': [], 'events_when_removed': [], 'fps': 10, 'loops': -1, 'auto_play': True, 'start_frame': 0, 'rotation': 0, 'scale': 1.0, 'animations': None}], 'transition': {'type': 'move_in', 'duration': 1.0, 'direction': 'top', 'easing': 'out_quad'}, 'target': None, 'background_color': [0.0, 0.0, 0.0, 1.0], 'priority': None, 'show': True, 'force': False, 'expire': None, 'slide': None, 'tokens': {}, 'action': 'play'}}, 'context': 'show_1', 'calling_context': 3, 'priority': 10, 'show_tokens': {}, 'start_time': 594718.015}
2025-03-09 17:41:26,024 : EventManager : Event: ======'slide_lastgame_slide_removed'====== Args={}
2025-03-09 17:41:26,032 : EventManager : Event: ======'slide_lastgame_slide_created'====== Args={}
2025-03-09 17:41:26,036 : EventManager : Event: ======'slide_lastgame_slide_active'====== Args={}
2025-03-09 17:41:31,022 : EventManager : Event: ======'slides_play'====== Args={'settings': {'ship_slide': {'widgets': [{'type': 'image', 'image': 'ship', '_default_settings': ['type', 'image'], 'x': None, 'y': None, 'anchor_x': 'center', 'anchor_y': 'center', 'round_anchor_x': None, 'round_anchor_y': None, 'opacity': 1.0, 'z': 0, 'reset_animations_events': {}, 'color': [1.0, 1.0, 1.0, 1.0], 'style': [], 'adjust_top': 0, 'adjust_bottom': 0, 'adjust_left': 0, 'adjust_right': 0, 'expire': None, 'key': None, 'widget': None, 'events_when_added': [], 'events_when_removed': [], 'fps': 10, 'loops': -1, 'auto_play': True, 'start_frame': 0, 'rotation': 0, 'scale': 1.0, 'animations': None}], 'target': None, 'background_color': [0.0, 0.0, 0.0, 1.0], 'priority': None, 'show': True, 'force': False, 'expire': None, 'slide': None, 'tokens': {}, 'action': 'play'}}, 'context': 'show_1', 'calling_context': 0, 'priority': 10, 'show_tokens': {}, 'start_time': 594723.015}
2025-03-09 17:41:31,023 : EventManager : Event: ======'slide_ship_slide_removed'====== Args={}
2025-03-09 17:41:31,033 : EventManager : Event: ======'slide_ship_slide_created'====== Args={}
2025-03-09 17:41:31,034 : EventManager : Event: ======'slide_ship_slide_active'====== Args={}
2025-03-09 17:41:36,016 : EventManager : Event: ======'slides_play'====== Args={'settings': {'starting_slide': {'widgets': [{'type': 'image', 'image': 'start', 'animations': {'pre_show_slide': [{'property': ['opacity'], 'value': ['0'], 'duration': 0.5, 'relative': False, 'timing': 'after_previous', 'repeat': False, 'easing': 'linear', 'step': 0.0}, {'property': ['opacity'], 'value': ['1'], 'duration': 0.5, 'repeat': True, 'relative': False, 'timing': 'after_previous', 'easing': 'linear', 'step': 0.0}]}, '_default_settings': ['type', 'image', 'animations'], 'x': None, 'y': None, 'anchor_x': 'center', 'anchor_y': 'center', 'round_anchor_x': None, 'round_anchor_y': None, 'opacity': 1.0, 'z': 0, 'reset_animations_events': {}, 'color': [1.0, 1.0, 1.0, 1.0], 'style': [], 'adjust_top': 0, 'adjust_bottom': 0, 'adjust_left': 0, 'adjust_right': 0, 'expire': None, 'key': None, 'widget': None, 'events_when_added': [], 'events_when_removed': [], 'fps': 10, 'loops': -1, 'auto_play': True, 'start_frame': 0, 'rotation': 0, 'scale': 1.0}, {'type': 'image', 'image': 'start_game', '_default_settings': ['type', 'image'], 'x': None, 'y': None, 'anchor_x': 'center', 'anchor_y': 'center', 'round_anchor_x': None, 'round_anchor_y': None, 'opacity': 1.0, 'z': 0, 'reset_animations_events': {}, 'color': [1.0, 1.0, 1.0, 1.0], 'style': [], 'adjust_top': 0, 'adjust_bottom': 0, 'adjust_left': 0, 'adjust_right': 0, 'expire': None, 'key': None, 'widget': None, 'events_when_added': [], 'events_when_removed': [], 'fps': 10, 'loops': -1, 'auto_play': True, 'start_frame': 0, 'rotation': 0, 'scale': 1.0, 'animations': None}], 'transition': {'type': 'push', 'duration': 1.0, 'direction': 'left', 'easing': 'out_quad'}, 'target': None, 'background_color': [0.0, 0.0, 0.0, 1.0], 'priority': None, 'show': True, 'force': False, 'expire': None, 'slide': None, 'tokens': {}, 'action': 'play'}}, 'context': 'show_1', 'calling_context': 1, 'priority': 10, 'show_tokens': {}, 'start_time': 594728.015}
2025-03-09 17:41:36,017 : EventManager : Event: ======'slide_starting_slide_removed'====== Args={}
2025-03-09 17:41:36,030 : EventManager : Event: ======'slide_starting_slide_created'====== Args={}
2025-03-09 17:41:36,034 : EventManager : Event: ======'slide_starting_slide_active'====== Args={}
2025-03-09 17:41:41,022 : EventManager : Event: ======'slides_play'====== Args={'settings': {'company_slide': {'widgets': [{'type': 'image', 'image': 'company', '_default_settings': ['type', 'image'], 'x': None, 'y': None, 'anchor_x': 'center', 'anchor_y': 'center', 'round_anchor_x': None, 'round_anchor_y': None, 'opacity': 1.0, 'z': 0, 'reset_animations_events': {}, 'color': [1.0, 1.0, 1.0, 1.0], 'style': [], 'adjust_top': 0, 'adjust_bottom': 0, 'adjust_left': 0, 'adjust_right': 0, 'expire': None, 'key': None, 'widget': None, 'events_when_added': [], 'events_when_removed': [], 'fps': 10, 'loops': -1, 'auto_play': True, 'start_frame': 0, 'rotation': 0, 'scale': 1.0, 'animations': None}, {'type': 'text', 'text': '(machine|player1_score)', 'number_grouping': True, 'min_digits': 2, 'font_size': 50, 'y': '40%', '_default_settings': ['type', 'text', 'number_grouping', 'min_digits', 'font_size', 'y'], 'x': None, 'anchor_x': 'center', 'anchor_y': 'center', 'round_anchor_x': None, 'round_anchor_y': None, 'opacity': 1.0, 'z': 0, 'reset_animations_events': {}, 'color': [1.0, 1.0, 1.0, 1.0], 'style': [], 'adjust_top': 0, 'adjust_bottom': 0, 'adjust_left': 0, 'adjust_right': 0, 'expire': None, 'key': None, 'widget': None, 'events_when_added': [], 'events_when_removed': [], 'bitmap_font': False, 'font_kerning': True, 'bold': False, 'italic': False, 'halign': 'center', 'valign': 'middle', 'rotation': 0, 'scale': 1.0, 'casing': None, 'outline_color': [1.0, 1.0, 1.0, 1.0], 'outline_width': 0, 'animations': None}], 'transition': {'type': 'move_in', 'duration': 1.0, 'direction': 'right', 'easing': 'out_quad'}, 'target': None, 'background_color': [0.0, 0.0, 0.0, 1.0], 'priority': None, 'show': True, 'force': False, 'expire': None, 'slide': None, 'tokens': {}, 'action': 'play'}}, 'context': 'show_1', 'calling_context': 2, 'priority': 10, 'show_tokens': {}, 'start_time': 594733.015}
2025-03-09 17:41:41,023 : EventManager : Event: ======'slide_company_slide_removed'====== Args={}
2025-03-09 17:41:41,031 : EventManager : Event: ======'slide_company_slide_created'====== Args={}
2025-03-09 17:41:41,032 : EventManager : Unordered handler for class <Text Widget text=8,000> on event machine_var_player1_score with priority 1. Handlers: [RegisteredHandler(callback=<bound method Text._machine_var_change of <Text Widget text=8,000>>, priority=1, kwargs={}, key=UUID('38de26ac-d2ed-4ebc-badb-f8b8102307b0'), condition=None, blocking_facility=None), RegisteredHandler(callback=<bound method Text._machine_var_change of <Text Widget text=8,000>>, priority=1, kwargs={}, key=UUID('7564d7e7-65fb-469c-80a1-3ef5cff4bd20'), condition=None, blocking_facility=None)]. The order of those handlers is not defined and they will be executed in random order. This might lead to race conditions and potential bugs.
2025-03-09 17:41:41,034 : EventManager : Event: ======'slide_company_slide_active'====== Args={}
2025-03-09 17:41:46,020 : EventManager : Event: ======'slides_play'====== Args={'settings': {'lastgame_slide': {'widgets': [{'type': 'image', 'image': 'last_game', '_default_settings': ['type', 'image'], 'x': None, 'y': None, 'anchor_x': 'center', 'anchor_y': 'center', 'round_anchor_x': None, 'round_anchor_y': None, 'opacity': 1.0, 'z': 0, 'reset_animations_events': {}, 'color': [1.0, 1.0, 1.0, 1.0], 'style': [], 'adjust_top': 0, 'adjust_bottom': 0, 'adjust_left': 0, 'adjust_right': 0, 'expire': None, 'key': None, 'widget': None, 'events_when_added': [], 'events_when_removed': [], 'fps': 10, 'loops': -1, 'auto_play': True, 'start_frame': 0, 'rotation': 0, 'scale': 1.0, 'animations': None}], 'transition': {'type': 'move_in', 'duration': 1.0, 'direction': 'top', 'easing': 'out_quad'}, 'target': None, 'background_color': [0.0, 0.0, 0.0, 1.0], 'priority': None, 'show': True, 'force': False, 'expire': None, 'slide': None, 'tokens': {}, 'action': 'play'}}, 'context': 'show_1', 'calling_context': 3, 'priority': 10, 'show_tokens': {}, 'start_time': 594738.015}
2025-03-09 17:41:46,021 : EventManager : Event: ======'slide_lastgame_slide_removed'====== Args={}
2025-03-09 17:41:46,032 : EventManager : Event: ======'slide_lastgame_slide_created'====== Args={}
2025-03-09 17:41:46,038 : EventManager : Event: ======'slide_lastgame_slide_active'====== Args={}
2025-03-09 17:41:51,027 : EventManager : Event: ======'slides_play'====== Args={'settings': {'ship_slide': {'widgets': [{'type': 'image', 'image': 'ship', '_default_settings': ['type', 'image'], 'x': None, 'y': None, 'anchor_x': 'center', 'anchor_y': 'center', 'round_anchor_x': None, 'round_anchor_y': None, 'opacity': 1.0, 'z': 0, 'reset_animations_events': {}, 'color': [1.0, 1.0, 1.0, 1.0], 'style': [], 'adjust_top': 0, 'adjust_bottom': 0, 'adjust_left': 0, 'adjust_right': 0, 'expire': None, 'key': None, 'widget': None, 'events_when_added': [], 'events_when_removed': [], 'fps': 10, 'loops': -1, 'auto_play': True, 'start_frame': 0, 'rotation': 0, 'scale': 1.0, 'animations': None}], 'target': None, 'background_color': [0.0, 0.0, 0.0, 1.0], 'priority': None, 'show': True, 'force': False, 'expire': None, 'slide': None, 'tokens': {}, 'action': 'play'}}, 'context': 'show_1', 'calling_context': 0, 'priority': 10, 'show_tokens': {}, 'start_time': 594743.015}
2025-03-09 17:41:51,028 : EventManager : Event: ======'slide_ship_slide_removed'====== Args={}
2025-03-09 17:41:51,035 : EventManager : Event: ======'slide_ship_slide_created'====== Args={}
2025-03-09 17:41:51,039 : EventManager : Event: ======'slide_ship_slide_active'====== Args={}
2025-03-09 17:41:56,013 : EventManager : Event: ======'slides_play'====== Args={'settings': {'starting_slide': {'widgets': [{'type': 'image', 'image': 'start', 'animations': {'pre_show_slide': [{'property': ['opacity'], 'value': ['0'], 'duration': 0.5, 'relative': False, 'timing': 'after_previous', 'repeat': False, 'easing': 'linear', 'step': 0.0}, {'property': ['opacity'], 'value': ['1'], 'duration': 0.5, 'repeat': True, 'relative': False, 'timing': 'after_previous', 'easing': 'linear', 'step': 0.0}]}, '_default_settings': ['type', 'image', 'animations'], 'x': None, 'y': None, 'anchor_x': 'center', 'anchor_y': 'center', 'round_anchor_x': None, 'round_anchor_y': None, 'opacity': 1.0, 'z': 0, 'reset_animations_events': {}, 'color': [1.0, 1.0, 1.0, 1.0], 'style': [], 'adjust_top': 0, 'adjust_bottom': 0, 'adjust_left': 0, 'adjust_right': 0, 'expire': None, 'key': None, 'widget': None, 'events_when_added': [], 'events_when_removed': [], 'fps': 10, 'loops': -1, 'auto_play': True, 'start_frame': 0, 'rotation': 0, 'scale': 1.0}, {'type': 'image', 'image': 'start_game', '_default_settings': ['type', 'image'], 'x': None, 'y': None, 'anchor_x': 'center', 'anchor_y': 'center', 'round_anchor_x': None, 'round_anchor_y': None, 'opacity': 1.0, 'z': 0, 'reset_animations_events': {}, 'color': [1.0, 1.0, 1.0, 1.0], 'style': [], 'adjust_top': 0, 'adjust_bottom': 0, 'adjust_left': 0, 'adjust_right': 0, 'expire': None, 'key': None, 'widget': None, 'events_when_added': [], 'events_when_removed': [], 'fps': 10, 'loops': -1, 'auto_play': True, 'start_frame': 0, 'rotation': 0, 'scale': 1.0, 'animations': None}], 'transition': {'type': 'push', 'duration': 1.0, 'direction': 'left', 'easing': 'out_quad'}, 'target': None, 'background_color': [0.0, 0.0, 0.0, 1.0], 'priority': None, 'show': True, 'force': False, 'expire': None, 'slide': None, 'tokens': {}, 'action': 'play'}}, 'context': 'show_1', 'calling_context': 1, 'priority': 10, 'show_tokens': {}, 'start_time': 594748.015}
2025-03-09 17:41:56,014 : EventManager : Event: ======'slide_starting_slide_removed'====== Args={}
2025-03-09 17:41:56,024 : EventManager : Event: ======'slide_starting_slide_created'====== Args={}
2025-03-09 17:41:56,026 : EventManager : Event: ======'slide_starting_slide_active'====== Args={}
2025-03-09 17:42:01,007 : EventManager : Event: ======'slides_play'====== Args={'settings': {'company_slide': {'widgets': [{'type': 'image', 'image': 'company', '_default_settings': ['type', 'image'], 'x': None, 'y': None, 'anchor_x': 'center', 'anchor_y': 'center', 'round_anchor_x': None, 'round_anchor_y': None, 'opacity': 1.0, 'z': 0, 'reset_animations_events': {}, 'color': [1.0, 1.0, 1.0, 1.0], 'style': [], 'adjust_top': 0, 'adjust_bottom': 0, 'adjust_left': 0, 'adjust_right': 0, 'expire': None, 'key': None, 'widget': None, 'events_when_added': [], 'events_when_removed': [], 'fps': 10, 'loops': -1, 'auto_play': True, 'start_frame': 0, 'rotation': 0, 'scale': 1.0, 'animations': None}, {'type': 'text', 'text': '(machine|player1_score)', 'number_grouping': True, 'min_digits': 2, 'font_size': 50, 'y': '40%', '_default_settings': ['type', 'text', 'number_grouping', 'min_digits', 'font_size', 'y'], 'x': None, 'anchor_x': 'center', 'anchor_y': 'center', 'round_anchor_x': None, 'round_anchor_y': None, 'opacity': 1.0, 'z': 0, 'reset_animations_events': {}, 'color': [1.0, 1.0, 1.0, 1.0], 'style': [], 'adjust_top': 0, 'adjust_bottom': 0, 'adjust_left': 0, 'adjust_right': 0, 'expire': None, 'key': None, 'widget': None, 'events_when_added': [], 'events_when_removed': [], 'bitmap_font': False, 'font_kerning': True, 'bold': False, 'italic': False, 'halign': 'center', 'valign': 'middle', 'rotation': 0, 'scale': 1.0, 'casing': None, 'outline_color': [1.0, 1.0, 1.0, 1.0], 'outline_width': 0, 'animations': None}], 'transition': {'type': 'move_in', 'duration': 1.0, 'direction': 'right', 'easing': 'out_quad'}, 'target': None, 'background_color': [0.0, 0.0, 0.0, 1.0], 'priority': None, 'show': True, 'force': False, 'expire': None, 'slide': None, 'tokens': {}, 'action': 'play'}}, 'context': 'show_1', 'calling_context': 2, 'priority': 10, 'show_tokens': {}, 'start_time': 594753.015}
2025-03-09 17:42:01,010 : EventManager : Event: ======'slide_company_slide_removed'====== Args={}
2025-03-09 17:42:01,019 : EventManager : Event: ======'slide_company_slide_created'====== Args={}
2025-03-09 17:42:01,020 : EventManager : Unordered handler for class <Text Widget text=8,000> on event machine_var_player1_score with priority 1. Handlers: [RegisteredHandler(callback=<bound method Text._machine_var_change of <Text Widget text=8,000>>, priority=1, kwargs={}, key=UUID('3d468fc0-39e4-428e-b731-b18124900d4d'), condition=None, blocking_facility=None), RegisteredHandler(callback=<bound method Text._machine_var_change of <Text Widget text=8,000>>, priority=1, kwargs={}, key=UUID('66fa3cd2-03c3-4d7b-b364-d619b0c4d785'), condition=None, blocking_facility=None)]. The order of those handlers is not defined and they will be executed in random order. This might lead to race conditions and potential bugs.
2025-03-09 17:42:01,023 : EventManager : Event: ======'slide_company_slide_active'====== Args={}
2025-03-09 17:42:04,947 : EventManager : Event: ======'game_started'====== Args={}
2025-03-09 17:42:04,983 : EventManager : Event: ======'slides_clear'====== Args={'context': 'show_1'}
2025-03-09 17:42:04,984 : EventManager : Event: ======'sounds_play'====== Args={'settings': {'main': {'action': 'stop', 'priority': None, 'block': False, 'delay': None, 'track': None, 'volume': None, 'ducking': {}, 'pan': None, 'loops': None, 'start_at': None, 'fade_in': None, 'fade_out': None, 'about_to_finish_time': -1.0, 'max_queue_time': -1.0, 'events_when_played': ['use_sound_setting'], 'events_when_stopped': ['use_sound_setting'], 'events_when_looping': ['use_sound_setting'], 'events_when_about_to_finish': ['use_sound_setting'], 'mode_end_action': 'use_sound_setting', 'key': 'use_sound_setting'}}, 'context': '_global', 'calling_context': 'mode_attract_stopped', 'priority': 0}
2025-03-09 17:42:04,985 : EventManager : Event: ======'slide_lastgame_slide_removed'====== Args={}
2025-03-09 17:42:04,985 : EventManager : Event: ======'slide_ship_slide_removed'====== Args={}
2025-03-09 17:42:04,985 : EventManager : Event: ======'slide_starting_slide_removed'====== Args={}
2025-03-09 17:42:04,986 : EventManager : Event: ======'slide_company_slide_removed'====== Args={}
2025-03-09 17:42:04,986 : EventManager : Event: ======'slide_welcome_slide_active'====== Args={}
2025-03-09 17:42:05,005 : EventManager : Event: ======'player_added'====== Args={'player': <Player 1>, 'num': 1}
2025-03-09 17:42:05,005 : EventManager : Event: ======'player_index'====== Args={'value': 0, 'prev_value': 0, 'change': 0, 'player_num': 1}
2025-03-09 17:42:05,006 : EventManager : Event: ======'player_number'====== Args={'value': 1, 'prev_value': 1, 'change': 0, 'player_num': 1}
2025-03-09 17:42:05,006 : EventManager : Event: ======'player_score'====== Args={'value': 0, 'prev_value': 0, 'change': 0, 'player_num': 1}
2025-03-09 17:42:05,042 : EventManager : Event: ======'player_ball'====== Args={'value': 1, 'prev_value': 0, 'change': 1, 'player_num': 1}
2025-03-09 17:42:05,043 : EventManager : Event: ======'player_turn_start'====== Args={'number': 1, 'player': <Player 1>}
2025-03-09 17:42:05,070 : EventManager : Event: ======'slides_play'====== Args={'settings': {'widgets': {'widgets': [{'type': 'text', 'text': '(score)', 'number_grouping': True, 'min_digits': 2, 'font_size': 100, '_default_settings': ['type', 'text', 'number_grouping', 'min_digits', 'font_size'], 'x': None, 'y': None, 'anchor_x': 'center', 'anchor_y': 'center', 'round_anchor_x': None, 'round_anchor_y': None, 'opacity': 1.0, 'z': 0, 'reset_animations_events': {}, 'color': [1.0, 1.0, 1.0, 1.0], 'style': [], 'adjust_top': 0, 'adjust_bottom': 0, 'adjust_left': 0, 'adjust_right': 0, 'expire': None, 'key': None, 'widget': None, 'events_when_added': [], 'events_when_removed': [], 'bitmap_font': False, 'font_kerning': True, 'bold': False, 'italic': False, 'halign': 'center', 'valign': 'middle', 'rotation': 0, 'scale': 1.0, 'casing': None, 'outline_color': [1.0, 1.0, 1.0, 1.0], 'outline_width': 0, 'animations': None}, {'type': 'text', 'text': 'PLAYER (number)', 'y': '10', 'x': '10', 'font_size': 50, 'anchor_x': 'left', 'anchor_y': 'bottom', '_default_settings': ['type', 'text', 'y', 'x', 'font_size', 'anchor_x', 'anchor_y'], 'round_anchor_x': None, 'round_anchor_y': None, 'opacity': 1.0, 'z': 0, 'reset_animations_events': {}, 'color': [1.0, 1.0, 1.0, 1.0], 'style': [], 'adjust_top': 0, 'adjust_bottom': 0, 'adjust_left': 0, 'adjust_right': 0, 'expire': None, 'key': None, 'widget': None, 'events_when_added': [], 'events_when_removed': [], 'bitmap_font': False, 'font_kerning': True, 'bold': False, 'italic': False, 'number_grouping': False, 'min_digits': 0, 'halign': 'center', 'valign': 'middle', 'rotation': 0, 'scale': 1.0, 'casing': None, 'outline_color': [1.0, 1.0, 1.0, 1.0], 'outline_width': 0, 'animations': None}, {'type': 'text', 'text': 'BALL (ball)', 'y': '10', 'x': 'right-10', 'anchor_x': 'right', 'anchor_y': 'bottom', 'font_size': 50, '_default_settings': ['type', 'text', 'y', 'x', 'anchor_x', 'anchor_y', 'font_size'], 'round_anchor_x': None, 'round_anchor_y': None, 'opacity': 1.0, 'z': 0, 'reset_animations_events': {}, 'color': [1.0, 1.0, 1.0, 1.0], 'style': [], 'adjust_top': 0, 'adjust_bottom': 0, 'adjust_left': 0, 'adjust_right': 0, 'expire': None, 'key': None, 'widget': None, 'events_when_added': [], 'events_when_removed': [], 'bitmap_font': False, 'font_kerning': True, 'bold': False, 'italic': False, 'number_grouping': False, 'min_digits': 0, 'halign': 'center', 'valign': 'middle', 'rotation': 0, 'scale': 1.0, 'casing': None, 'outline_color': [1.0, 1.0, 1.0, 1.0], 'outline_width': 0, 'animations': None}], 'target': None, 'background_color': [0.0, 0.0, 0.0, 1.0], 'priority': None, 'show': True, 'force': False, 'expire': None, 'slide': None, 'tokens': {}, 'action': 'play'}}, 'context': 'base', 'calling_context': 'mode_base_started', 'priority': 100, 'player': 1, 'ball': 1, 'balls_remaining': 2, 'is_extra_ball': False}
2025-03-09 17:42:05,099 : EventManager : Event: ======'slide_base.slide_player-mode_base_started_created'====== Args={}
2025-03-09 17:42:05,114 : EventManager : Event: ======'slide_base.slide_player-mode_base_started_active'====== Args={}
2025-03-09 17:42:05,320 : EventManager : Event: ======'machine_var_audits_switches_s_plunger_lane'====== Args={'value': 107, 'prev_value': 106, 'change': 1}
2025-03-09 17:42:16,171 : EventManager : Event: ======'machine_var_audits_switches_s_trough3'====== Args={'value': 12, 'prev_value': 11, 'change': 1}
2025-03-09 17:42:18,222 : EventManager : Event: ======'machine_var_audits_switches_s_trough1'====== Args={'value': 88, 'prev_value': 87, 'change': 1}
2025-03-09 17:42:25,083 : EventManager : Event: ======'machine_var_audits_switches_s_trough2'====== Args={'value': 15, 'prev_value': 14, 'change': 1}
2025-03-09 17:42:25,714 : EventManager : Event: ======'machine_var_audits_switches_s_trough3'====== Args={'value': 13, 'prev_value': 12, 'change': 1}
2025-03-09 17:42:26,686 : EventManager : Event: ======'machine_var_audits_switches_s_trough1'====== Args={'value': 89, 'prev_value': 88, 'change': 1}
2025-03-09 17:42:27,024 : EventManager : Event: ======'slides_clear'====== Args={'context': 'base'}
2025-03-09 17:42:27,024 : EventManager : Event: ======'slide_base.slide_player-mode_base_started_removed'====== Args={}
2025-03-09 17:42:27,026 : EventManager : Event: ======'slide_welcome_slide_active'====== Args={}
2025-03-09 17:42:27,091 : EventManager : Event: ======'player_ball'====== Args={'value': 2, 'prev_value': 1, 'change': 1, 'player_num': 1}
2025-03-09 17:42:50,095 : kivy : WindowSDL: Window is now on display 1
2025-03-09 17:42:51,192 : EventManager : Event: ======'machine_var_audits_switches_s_left_flipper'====== Args={'value': 43, 'prev_value': 42, 'change': 1}
2025-03-09 17:42:51,391 : EventManager : Event: ======'machine_var_audits_switches_s_right_flipper'====== Args={'value': 37, 'prev_value': 36, 'change': 1}
2025-03-09 17:42:51,602 : EventManager : Event: ======'machine_var_audits_switches_s_left_flipper'====== Args={'value': 44, 'prev_value': 43, 'change': 1}
2025-03-09 17:42:51,804 : EventManager : Event: ======'machine_var_audits_switches_s_right_flipper'====== Args={'value': 38, 'prev_value': 37, 'change': 1}
2025-03-09 17:42:51,929 : EventManager : Event: ======'machine_var_audits_switches_s_left_flipper'====== Args={'value': 45, 'prev_value': 44, 'change': 1}
2025-03-09 17:42:52,098 : EventManager : Event: ======'machine_var_audits_switches_s_right_flipper'====== Args={'value': 39, 'prev_value': 38, 'change': 1}
2025-03-09 17:42:52,214 : EventManager : Event: ======'machine_var_audits_switches_s_left_flipper'====== Args={'value': 46, 'prev_value': 45, 'change': 1}
2025-03-09 17:42:52,399 : EventManager : Event: ======'machine_var_audits_switches_s_right_flipper'====== Args={'value': 40, 'prev_value': 39, 'change': 1}
2025-03-09 17:42:52,484 : EventManager : Event: ======'machine_var_audits_switches_s_left_flipper'====== Args={'value': 47, 'prev_value': 46, 'change': 1}
2025-03-09 17:42:52,634 : EventManager : Event: ======'machine_var_audits_switches_s_right_flipper'====== Args={'value': 41, 'prev_value': 40, 'change': 1}
2025-03-09 17:42:52,752 : EventManager : Event: ======'machine_var_audits_switches_s_left_flipper'====== Args={'value': 48, 'prev_value': 47, 'change': 1}
2025-03-09 17:42:52,890 : EventManager : Event: ======'machine_var_audits_switches_s_right_flipper'====== Args={'value': 42, 'prev_value': 41, 'change': 1}
2025-03-09 17:42:53,016 : EventManager : Event: ======'machine_var_audits_switches_s_left_flipper'====== Args={'value': 49, 'prev_value': 48, 'change': 1}
2025-03-09 17:42:53,174 : EventManager : Event: ======'machine_var_audits_switches_s_right_flipper'====== Args={'value': 43, 'prev_value': 42, 'change': 1}
2025-03-09 17:42:53,273 : EventManager : Event: ======'machine_var_audits_switches_s_left_flipper'====== Args={'value': 50, 'prev_value': 49, 'change': 1}
2025-03-09 17:42:53,442 : EventManager : Event: ======'machine_var_audits_switches_s_right_flipper'====== Args={'value': 44, 'prev_value': 43, 'change': 1}
2025-03-09 17:42:53,554 : EventManager : Event: ======'machine_var_audits_switches_s_left_flipper'====== Args={'value': 51, 'prev_value': 50, 'change': 1}
2025-03-09 17:42:53,655 : EventManager : Event: ======'machine_var_audits_switches_s_right_flipper'====== Args={'value': 45, 'prev_value': 44, 'change': 1}
2025-03-09 17:42:53,823 : EventManager : Event: ======'machine_var_audits_switches_s_left_flipper'====== Args={'value': 52, 'prev_value': 51, 'change': 1}
2025-03-09 17:42:53,964 : EventManager : Event: ======'machine_var_audits_switches_s_right_flipper'====== Args={'value': 46, 'prev_value': 45, 'change': 1}
2025-03-09 17:42:54,059 : EventManager : Event: ======'machine_var_audits_switches_s_left_flipper'====== Args={'value': 53, 'prev_value': 52, 'change': 1}
2025-03-09 17:42:54,223 : EventManager : Event: ======'machine_var_audits_switches_s_right_flipper'====== Args={'value': 47, 'prev_value': 46, 'change': 1}
2025-03-09 17:45:37,411 : EventManager : Event: ======'machine_var_audits_switches_s_Target1'====== Args={'value': 4, 'prev_value': 3, 'change': 1}
2025-03-09 17:45:39,448 : EventManager : Event: ======'machine_var_audits_switches_s_Target1'====== Args={'value': 5, 'prev_value': 4, 'change': 1}
2025-03-09 17:45:42,457 : EventManager : Event: ======'machine_var_audits_switches_s_Target1'====== Args={'value': 6, 'prev_value': 5, 'change': 1}
2025-03-09 17:52:04,242 : kivy : Base: Leaving application in progress...
2025-03-09 17:52:04,242 : mpfmc : Stopping...
2025-03-09 17:52:04,243 : EventManager : Event: ======'shutdown'====== Args={}
2025-03-09 17:52:04,243 : AudioInterface : Disabling audio playback
2025-03-09 17:52:04,354 : mpfmc : Loop rate 79.81 Hz
2025-03-09 17:52:04,358 : root : MC run loop ended.
2025-03-09 17:52:04,358 : root : Stopping child threads... (3 remaining)
2025-03-09 17:52:05,145 : mpfmc : Stopping...
2025-03-09 17:52:05,145 : EventManager : Event: ======'shutdown'====== Args={}
2025-03-09 17:52:05,146 : mpfmc : Loop rate 79.71 Hz
2025-03-09 17:52:05,157 : MPF-MC BCP Server : Stopping BCP sending thread
2025-03-09 17:52:05,166 : root : All child threads stopped.
