2025-02-24 12:05:17,974 : INFO : root : Loading config.
2025-02-24 12:05:17,978 : INFO : YamlMultifileConfigLoader : Machine config file #1: config.yaml
2025-02-24 12:05:17,978 : WARNING : ConfigProcessor : Config file in cache changed: C:\Users\duffb\OneDrive\Documents\Python Envs\PinballWW1\Machine\config\config.yaml
2025-02-24 12:05:17,978 : INFO : ConfigProcessor : Loading config from file C:\Users\duffb\OneDrive\Documents\Python Envs\PinballWW1\mpf\mpf\mpfconfig.yaml.
2025-02-24 12:05:18,020 : INFO : ConfigProcessor : Loading config: C:\Users\duffb\OneDrive\Documents\Python Envs\PinballWW1\mpf\mpf\mpfconfig.yaml
2025-02-24 12:05:18,021 : INFO : ConfigProcessor : Loading config from file C:\Users\duffb\OneDrive\Documents\Python Envs\PinballWW1\Machine\config\config.yaml.
2025-02-24 12:05:18,064 : INFO : ConfigProcessor : Loading config: C:\Users\duffb\OneDrive\Documents\Python Envs\PinballWW1\Machine\config\config.yaml
2025-02-24 12:05:18,066 : INFO : ConfigProcessor : Config file cache created: C:\Users\duffb\AppData\Local\Temp\3afaa59cec570166c159ef3ccf39e5f9.mpf_cache
2025-02-24 12:05:18,264 : INFO : ConfigProcessor : Loading config from cache: C:\Users\duffb\AppData\Local\Temp\575906dbe7623207645ae67e92bb8aef.mpf_cache
2025-02-24 12:05:18,265 : INFO : ConfigProcessor : Loading config from cache: C:\Users\duffb\AppData\Local\Temp\f89525c9467937f322df736101ec6dd8.mpf_cache
2025-02-24 12:05:18,266 : INFO : Machine : Mission Pinball Framework Core Engine v0.80.0.dev6
2025-02-24 12:05:18,267 : INFO : Machine : Command line arguments: {'no_load_cache': False, 'create_config_cache': True, 'bcp': False, 'configfile': ['config.yaml'], 'force_assets_load': False, 'platform_integration_test': False, 'jsonlogging': False, 'logfile': 'logs\\2025-02-24-12-05-17-mpf-T0SHIII.log', 'pause': False, 'production': False, 'text_ui': True, 'loglevel': 15, 'consoleloglevel': 20, 'force_platform': None, 'syslog_address': None, 'full_logfile_path': 'C:\\Users\\duffb\\OneDrive\\Documents\\Python Envs\\PinballWW1\\Machine\\logs\\2025-02-24-12-05-17-mpf-T0SHIII.log'}
2025-02-24 12:05:18,267 : INFO : Machine : MPF path: C:\Users\duffb\OneDrive\Documents\Python Envs\PinballWW1\mpf\mpf
2025-02-24 12:05:18,267 : INFO : Machine : Machine path: C:\Users\duffb\OneDrive\Documents\Python Envs\PinballWW1\Machine
2025-02-24 12:05:18,267 : INFO : Machine : Platform: win32
2025-02-24 12:05:18,267 : INFO : Machine : Python executable location: C:\Users\duffb\OneDrive\Documents\Python Envs\PinballWW1\Scripts\python.exe
2025-02-24 12:05:18,267 : INFO : Machine : Python version: 3.13.1 (64-bit)
2025-02-24 12:05:18,270 : INFO : Machine : Initializing MPF...
2025-02-24 12:05:18,779 : INFO : EventManager : Event: ======'machine_var_credits_string'====== Args={'value': 'FREE PLAY', 'prev_value': None, 'change': True}
2025-02-24 12:05:18,797 : INFO : EventManager : Event: ======'machine_var_master_volume'====== Args={'value': 0.5, 'prev_value': None, 'change': True}
2025-02-24 12:05:18,797 : INFO : EventManager : Event: ======'machine_var_mpf_version'====== Args={'value': 'Mission Pinball Framework v0.80.0.dev6', 'prev_value': None, 'change': True}
2025-02-24 12:05:18,798 : INFO : EventManager : Event: ======'machine_var_mpf_extended_version'====== Args={'value': 'Mission Pinball Framework v0.80.0.dev6, Config version:6, Show version: 6, BCP version:1.1', 'prev_value': None, 'change': True}
2025-02-24 12:05:18,798 : INFO : EventManager : Event: ======'machine_var_python_version'====== Args={'value': '3.13.1', 'prev_value': None, 'change': True}
2025-02-24 12:05:19,053 : INFO : EventManager : Event: ======'machine_var_platform'====== Args={'value': 'Windows-11-10.0.26100-SP0', 'prev_value': None, 'change': True}
2025-02-24 12:05:19,053 : INFO : EventManager : Event: ======'machine_var_platform_system'====== Args={'value': 'Windows', 'prev_value': None, 'change': True}
2025-02-24 12:05:19,053 : INFO : EventManager : Event: ======'machine_var_platform_release'====== Args={'value': '11', 'prev_value': None, 'change': True}
2025-02-24 12:05:19,053 : INFO : EventManager : Event: ======'machine_var_platform_version'====== Args={'value': '10.0.26100', 'prev_value': None, 'change': True}
2025-02-24 12:05:19,054 : INFO : EventManager : Event: ======'machine_var_platform_machine'====== Args={'value': 'AMD64', 'prev_value': None, 'change': True}
2025-02-24 12:05:19,054 : INFO : EventManager : Event: ======'machine_var_log_file_path'====== Args={'value': 'C:\\Users\\duffb\\OneDrive\\Documents\\Python Envs\\PinballWW1\\Machine\\logs\\2025-02-24-12-05-17-mpf-T0SHIII.log', 'prev_value': None, 'change': True}
2025-02-24 12:05:19,054 : INFO : EventManager : Event: ======'init_phase_1'====== Args={}
2025-02-24 12:05:19,094 : INFO : EventManager : Event: ======'init_phase_2'====== Args={}
2025-02-24 12:05:19,113 : INFO : EventManager : Event: ======'init_phase_3'====== Args={}
2025-02-24 12:05:19,115 : INFO : EventManager : Event: ======'init_phase_4'====== Args={}
2025-02-24 12:05:19,117 : INFO : EventManager : Event: ======'machine_var_audits_switches_s_right_flipper'====== Args={'value': 0, 'prev_value': None, 'change': True}
2025-02-24 12:05:19,117 : INFO : EventManager : Event: ======'machine_var_audits_switches_s_left_flipper'====== Args={'value': 0, 'prev_value': None, 'change': True}
2025-02-24 12:05:19,118 : INFO : EventManager : Event: ======'machine_var_audits_events_game_started'====== Args={'value': 0, 'prev_value': None, 'change': True}
2025-02-24 12:05:19,118 : INFO : EventManager : Event: ======'machine_var_audits_events_game_ended'====== Args={'value': 0, 'prev_value': None, 'change': True}
2025-02-24 12:05:19,118 : INFO : EventManager : Event: ======'machine_var_audits_player_score'====== Args={'value': {'top': [], 'average': 0, 'total': 0}, 'prev_value': None, 'change': True}
2025-02-24 12:05:19,118 : INFO : EventManager : Event: ======'init_phase_5'====== Args={}
2025-02-24 12:05:19,119 : INFO : EventManager : Event: ======'init_done'====== Args={}
2025-02-24 12:05:19,119 : INFO : EventManager : Event: ======'machine_reset_phase_1'====== Args={}
2025-02-24 12:05:19,119 : INFO : EventManager : Event: ======'machine_reset_phase_2'====== Args={}
2025-02-24 12:05:19,119 : INFO : EventManager : Event: ======'machine_reset_phase_3'====== Args={}
2025-02-24 12:05:19,120 : INFO : EventManager : Event: ======'reset_complete'====== Args={}
2025-02-24 12:05:19,120 : INFO : EventManager : Event: ======'mode_attract_will_start'====== Args={}
2025-02-24 12:05:19,120 : INFO : EventManager : Event: ======'mode_attract_starting'====== Args={}
2025-02-24 12:05:19,121 : INFO : Mode.attract : Started. Priority: 10
2025-02-24 12:05:19,121 : INFO : EventManager : Event: ======'modes_active_modes_changed'====== Args={}
2025-02-24 12:05:19,121 : INFO : EventManager : Event: ======'mode_attract_started'====== Args={}
2025-02-24 12:05:19,121 : INFO : EventManager : Event: ======'collecting_balls_complete'====== Args={}
2025-02-24 12:05:19,122 : INFO : Machine : Starting the main run loop with active modes: [<Mode.attract>]
2025-02-24 12:10:24,932 : INFO : Machine : Shutting down...
2025-02-24 12:10:24,933 : INFO : EventManager : Event: ======'shutdown'====== Args={}
2025-02-24 12:10:24,939 : INFO : root : MPF run loop ended.
