2025-03-06 20:52:35,820 : INFO : root : Loading config.
2025-03-06 20:52:35,823 : INFO : YamlMultifileConfigLoader : Machine config file #1: config.yaml
2025-03-06 20:52:35,824 : WARNING : ConfigProcessor : Config file in cache changed: C:\Users\duffb\OneDrive\Documents\Python Envs\PinBallWW1\Machine\config\config.yaml
2025-03-06 20:52:35,824 : INFO : ConfigProcessor : Loading config from file C:\Users\duffb\.pyenv\pyenv-win\versions\3.11.0\Lib\site-packages\mpf\mpfconfig.yaml.
2025-03-06 20:52:35,833 : INFO : ConfigProcessor : Loading config: C:\Users\duffb\.pyenv\pyenv-win\versions\3.11.0\Lib\site-packages\mpf\mpfconfig.yaml
2025-03-06 20:52:35,833 : INFO : ConfigProcessor : Loading config from file C:\Users\duffb\OneDrive\Documents\Python Envs\PinBallWW1\Machine\config\config.yaml.
2025-03-06 20:52:35,849 : INFO : ConfigProcessor : Loading config: C:\Users\duffb\OneDrive\Documents\Python Envs\PinBallWW1\Machine\config\config.yaml
2025-03-06 20:52:35,850 : INFO : ConfigProcessor : Config file cache created: C:\Users\duffb\AppData\Local\Temp\cadfdee4981114acd6fff59d1071b59b.mpf_cache
2025-03-06 20:52:35,929 : INFO : ConfigProcessor : Loading config from cache: C:\Users\duffb\AppData\Local\Temp\2d51d76727b268a801d8dd7a18b89879.mpf_cache
2025-03-06 20:52:35,930 : INFO : ConfigProcessor : Loading config from cache: C:\Users\duffb\AppData\Local\Temp\9f058d482eac17116727d62a93500be7.mpf_cache
2025-03-06 20:52:35,931 : WARNING : ConfigProcessor : Config file in cache changed: C:\Users\duffb\OneDrive\Documents\Python Envs\PinBallWW1\Machine\modes\base\config\base.yaml
2025-03-06 20:52:35,931 : INFO : ConfigProcessor : Loading config from file C:\Users\duffb\OneDrive\Documents\Python Envs\PinBallWW1\Machine\modes\base\config\base.yaml.
2025-03-06 20:52:35,942 : INFO : ConfigProcessor : Loading config: C:\Users\duffb\OneDrive\Documents\Python Envs\PinBallWW1\Machine\modes\base\config\base.yaml
2025-03-06 20:52:35,943 : INFO : ConfigProcessor : Config file cache created: C:\Users\duffb\AppData\Local\Temp\9e006ea23aa21ec68e01f6c49afad9f4.mpf_cache
2025-03-06 20:52:35,943 : INFO : Machine : Mission Pinball Framework Core Engine v0.57.0
2025-03-06 20:52:35,943 : INFO : Machine : Command line arguments: {'no_load_cache': False, 'create_config_cache': True, 'bcp': True, 'configfile': ['config.yaml'], 'force_assets_load': False, 'platform_integration_test': False, 'jsonlogging': False, 'logfile': 'logs\\2025-03-06-20-52-35-mpf-T0SHIII.log', 'pause': False, 'production': False, 'text_ui': True, 'loglevel': 15, 'consoleloglevel': 20, 'force_platform': None, 'syslog_address': None, 'mc_file_name': None, 'no_sound': False}
2025-03-06 20:52:35,943 : INFO : Machine : MPF path: C:\Users\duffb\.pyenv\pyenv-win\versions\3.11.0\Lib\site-packages\mpf
2025-03-06 20:52:35,943 : INFO : Machine : Machine path: C:\Users\duffb\OneDrive\Documents\Python Envs\PinBallWW1\Machine
2025-03-06 20:52:35,943 : INFO : Machine : Platform: win32
2025-03-06 20:52:35,943 : INFO : Machine : Python executable location: C:\Users\duffb\.pyenv\pyenv-win\versions\3.11.0\python.exe
2025-03-06 20:52:35,943 : INFO : Machine : Python version: 3.11.0 (64-bit)
2025-03-06 20:52:35,945 : INFO : Machine : Initializing MPF...
2025-03-06 20:52:36,131 : INFO : EventManager : Event: ======'machine_var_credits_string'====== Args={'value': 'FREE PLAY', 'prev_value': None, 'change': True}
2025-03-06 20:52:36,184 : INFO : EventManager : Event: ======'machine_var_master_volume'====== Args={'value': 0.5, 'prev_value': None, 'change': True}
2025-03-06 20:52:36,184 : INFO : EventManager : Event: ======'machine_var_player1_score'====== Args={'value': 0, 'prev_value': None, 'change': True}
2025-03-06 20:52:36,184 : INFO : EventManager : Event: ======'machine_var_mpf_version'====== Args={'value': 'Mission Pinball Framework v0.57.0', 'prev_value': None, 'change': True}
2025-03-06 20:52:36,184 : INFO : EventManager : Event: ======'machine_var_mpf_extended_version'====== Args={'value': 'Mission Pinball Framework v0.57.0, Config version:6, Show version: 6, BCP version:1.1', 'prev_value': None, 'change': True}
2025-03-06 20:52:36,184 : INFO : EventManager : Event: ======'machine_var_python_version'====== Args={'value': '3.11.0', 'prev_value': None, 'change': True}
2025-03-06 20:52:36,196 : INFO : EventManager : Event: ======'machine_var_platform'====== Args={'value': 'Windows-10-10.0.26100-SP0', 'prev_value': None, 'change': True}
2025-03-06 20:52:36,196 : INFO : EventManager : Event: ======'machine_var_platform_system'====== Args={'value': 'Windows', 'prev_value': None, 'change': True}
2025-03-06 20:52:36,196 : INFO : EventManager : Event: ======'machine_var_platform_release'====== Args={'value': '10', 'prev_value': None, 'change': True}
2025-03-06 20:52:36,197 : INFO : EventManager : Event: ======'machine_var_platform_version'====== Args={'value': '10.0.26100', 'prev_value': None, 'change': True}
2025-03-06 20:52:36,197 : INFO : EventManager : Event: ======'machine_var_platform_machine'====== Args={'value': 'AMD64', 'prev_value': None, 'change': True}
2025-03-06 20:52:36,197 : INFO : EventManager : Event: ======'init_phase_1'====== Args={}
2025-03-06 20:52:36,210 : INFO : EventManager : Event: ======'init_phase_2'====== Args={}
2025-03-06 20:52:36,211 : INFO : SwitchController : Found active switch: ('3', <Platform.SmartVirtual>) <switch.s_trough1>
2025-03-06 20:52:36,211 : INFO : SwitchController : Found active switch: ('4', <Platform.SmartVirtual>) <switch.s_trough2>
2025-03-06 20:52:36,211 : INFO : SwitchController : Found active switch: ('5', <Platform.SmartVirtual>) <switch.s_trough3>
2025-03-06 20:52:36,212 : INFO : EventManager : Event: ======'bcp_connection_attempt'====== Args={'name': 'local_display', 'host': 'localhost', 'port': 5050}
2025-03-06 20:52:36,214 : INFO : BCPClientSocket : Connecting BCP to 'local_display' at localhost:5050...
2025-03-06 20:52:38,280 : INFO : BCPClientSocket : Connected BCP to 'local_display' localhost:5050
2025-03-06 20:52:38,280 : INFO : EventManager : Event: ======'bcp_clients_connected'====== Args={}
2025-03-06 20:52:38,427 : INFO : EventManager : Event: ======'machine_var_mc_version'====== Args={'value': 'MPF-MC v0.57.1', 'prev_value': None, 'change': True}
2025-03-06 20:52:38,427 : INFO : EventManager : Event: ======'machine_var_mc_extended_version'====== Args={'value': 'MPF-MC v0.57.1 (config_version=6, BCP v1.1,                      Requires MPF API compatibility v0.57.0 or newer)', 'prev_value': None, 'change': True}
2025-03-06 20:52:38,428 : INFO : ball_device.bd_trough : BCH: Initial count: 3
2025-03-06 20:52:38,452 : INFO : ball_device.bd_trough : State: idle
2025-03-06 20:52:38,452 : INFO : ball_device.bd_plunger_lane : BCH: Initial count: 0
2025-03-06 20:52:38,452 : INFO : ball_device.bd_plunger_lane : State: idle
2025-03-06 20:52:38,475 : INFO : EventManager : Event: ======'init_phase_3'====== Args={}
2025-03-06 20:52:38,477 : INFO : EventManager : Event: ======'init_phase_4'====== Args={}
2025-03-06 20:52:38,477 : INFO : BallController : Initial balls found: 3
2025-03-06 20:52:38,479 : INFO : EventManager : Event: ======'machine_var_audits_events_game_ended'====== Args={'value': 8, 'prev_value': None, 'change': True}
2025-03-06 20:52:38,480 : INFO : EventManager : Event: ======'machine_var_audits_events_game_started'====== Args={'value': 9, 'prev_value': None, 'change': True}
2025-03-06 20:52:38,480 : INFO : EventManager : Event: ======'machine_var_audits_missing_switches_s_drain'====== Args={'value': 6, 'prev_value': None, 'change': True}
2025-03-06 20:52:38,480 : INFO : EventManager : Event: ======'machine_var_audits_missing_switches_s_launcher_button'====== Args={'value': 4, 'prev_value': None, 'change': True}
2025-03-06 20:52:38,480 : INFO : EventManager : Event: ======'machine_var_audits_missing_switches_s_left_flipper'====== Args={'value': 1, 'prev_value': None, 'change': True}
2025-03-06 20:52:38,480 : INFO : EventManager : Event: ======'machine_var_audits_missing_switches_s_right_flipper'====== Args={'value': 2, 'prev_value': None, 'change': True}
2025-03-06 20:52:38,480 : INFO : EventManager : Event: ======'machine_var_audits_missing_switches_s_trough2'====== Args={'value': 2, 'prev_value': None, 'change': True}
2025-03-06 20:52:38,481 : INFO : EventManager : Event: ======'machine_var_audits_missing_switches_s_trough3'====== Args={'value': 2, 'prev_value': None, 'change': True}
2025-03-06 20:52:38,481 : INFO : EventManager : Event: ======'machine_var_audits_missing_switches_s_trough_enter'====== Args={'value': 9, 'prev_value': None, 'change': True}
2025-03-06 20:52:38,481 : INFO : EventManager : Event: ======'machine_var_audits_player_score'====== Args={'value': {'average': 0, 'top': [0, 0, 0, 0, 0, 0, 0, 0], 'total': 8}, 'prev_value': None, 'change': True}
2025-03-06 20:52:38,481 : INFO : EventManager : Event: ======'machine_var_audits_switches_s_drain'====== Args={'value': 0, 'prev_value': None, 'change': True}
2025-03-06 20:52:38,481 : INFO : EventManager : Event: ======'machine_var_audits_switches_s_launcher_button'====== Args={'value': 4, 'prev_value': None, 'change': True}
2025-03-06 20:52:38,481 : INFO : EventManager : Event: ======'machine_var_audits_switches_s_left_flipper'====== Args={'value': 14, 'prev_value': None, 'change': True}
2025-03-06 20:52:38,481 : INFO : EventManager : Event: ======'machine_var_audits_switches_s_playfield_entry'====== Args={'value': 26, 'prev_value': None, 'change': True}
2025-03-06 20:52:38,482 : INFO : EventManager : Event: ======'machine_var_audits_switches_s_plunger_lane'====== Args={'value': 41, 'prev_value': None, 'change': True}
2025-03-06 20:52:38,482 : INFO : EventManager : Event: ======'machine_var_audits_switches_s_right_flipper'====== Args={'value': 10, 'prev_value': None, 'change': True}
2025-03-06 20:52:38,482 : INFO : EventManager : Event: ======'machine_var_audits_switches_s_trough1'====== Args={'value': 22, 'prev_value': None, 'change': True}
2025-03-06 20:52:38,482 : INFO : EventManager : Event: ======'machine_var_audits_switches_s_trough2'====== Args={'value': 4, 'prev_value': None, 'change': True}
2025-03-06 20:52:38,482 : INFO : EventManager : Event: ======'machine_var_audits_switches_s_trough3'====== Args={'value': 6, 'prev_value': None, 'change': True}
2025-03-06 20:52:38,482 : INFO : EventManager : Event: ======'machine_var_audits_switches_s_trough_enter'====== Args={'value': 0, 'prev_value': None, 'change': True}
2025-03-06 20:52:38,483 : INFO : EventManager : Event: ======'init_phase_5'====== Args={}
2025-03-06 20:52:38,499 : INFO : EventManager : Event: ======'init_done'====== Args={}
2025-03-06 20:52:38,499 : INFO : EventManager : Event: ======'machine_reset_phase_1'====== Args={}
2025-03-06 20:52:38,514 : INFO : EventManager : Event: ======'machine_reset_phase_2'====== Args={}
2025-03-06 20:52:38,514 : INFO : EventManager : Event: ======'machine_reset_phase_3'====== Args={}
2025-03-06 20:52:38,515 : INFO : EventManager : Event: ======'reset_complete'====== Args={}
2025-03-06 20:52:38,515 : INFO : EventManager : Event: ======'mode_attract_will_start'====== Args={}
2025-03-06 20:52:38,515 : INFO : EventManager : Event: ======'mode_attract_starting'====== Args={}
2025-03-06 20:52:38,516 : INFO : Mode.attract : Started. Priority: 10
2025-03-06 20:52:38,516 : INFO : EventManager : Event: ======'modes_active_modes_changed'====== Args={}
2025-03-06 20:52:38,516 : INFO : EventManager : Event: ======'mode_attract_started'====== Args={}
2025-03-06 20:52:38,516 : INFO : EventManager : Event: ======'collecting_balls_complete'====== Args={}
2025-03-06 20:52:38,546 : INFO : EventManager : Event: ======'slide_welcome_slide_created'====== Args={'_from_bcp': True}
2025-03-06 20:52:38,548 : INFO : EventManager : Event: ======'slide_welcome_slide_active'====== Args={'_from_bcp': True}
2025-03-06 20:52:38,548 : INFO : Machine : Starting the main run loop.
2025-03-06 20:52:42,985 : INFO : SwitchController : <<<<<<< 's_launcher_button' active >>>>>>>
2025-03-06 20:52:43,070 : INFO : SwitchController : <<<<<<< 's_launcher_button' inactive >>>>>>>
2025-03-06 20:52:43,070 : INFO : EventManager : Event: ======'request_to_start_game'====== Args={}
2025-03-06 20:52:43,071 : INFO : EventManager : Event: ======'game_start'====== Args={'buttons': [], 'hold_time': 0.07900000002700835}
2025-03-06 20:52:43,071 : INFO : EventManager : Event: ======'mode_game_will_start'====== Args={'buttons': [], 'hold_time': 0.07900000002700835}
2025-03-06 20:52:43,071 : INFO : EventManager : Event: ======'mode_game_starting'====== Args={'buttons': [], 'hold_time': 0.07900000002700835}
2025-03-06 20:52:43,071 : INFO : EventManager : Event: ======'mode_attract_will_stop'====== Args={}
2025-03-06 20:52:43,071 : INFO : EventManager : Event: ======'mode_attract_stopping'====== Args={}
2025-03-06 20:52:43,071 : INFO : Mode.attract : Stopped.
2025-03-06 20:52:43,073 : INFO : EventManager : Event: ======'modes_active_modes_changed'====== Args={}
2025-03-06 20:52:43,073 : INFO : EventManager : Event: ======'mode_attract_stopped'====== Args={}
2025-03-06 20:52:43,073 : INFO : EventManager : Event: ======'clear'====== Args={'key': 'attract'}
2025-03-06 20:52:43,074 : INFO : Mode.game : Started. Priority: 20
2025-03-06 20:52:43,074 : INFO : EventManager : Event: ======'modes_active_modes_changed'====== Args={}
2025-03-06 20:52:43,074 : INFO : EventManager : Event: ======'mode_game_started'====== Args={'buttons': [], 'hold_time': 0.07900000002700835}
2025-03-06 20:52:43,086 : INFO : EventManager : Event: ======'game_will_start'====== Args={}
2025-03-06 20:52:43,086 : INFO : EventManager : Event: ======'game_starting'====== Args={'game': <Mode.game>}
2025-03-06 20:52:43,087 : INFO : EventManager : Unordered handler for class <Auditor> on event game_ended with priority 1. Handlers: [RegisteredHandler(callback=<bound method Auditor.disable of <Auditor>>, priority=1, kwargs={}, key=UUID('525d1e1e-9489-427c-97ea-83812ef2adeb'), condition=None, blocking_facility=None), RegisteredHandler(callback=<bound method Auditor._save_audits of <Auditor>>, priority=1, kwargs={}, key=UUID('22b813e2-0eb1-496f-8517-f5a52b685d80'), condition=None, blocking_facility=None)]. The order of those handlers is not defined and they will be executed in random order. This might lead to race conditions and potential bugs.
2025-03-06 20:52:43,087 : INFO : EventManager : Event: ======'player_add_request'====== Args={}
2025-03-06 20:52:43,087 : INFO : EventManager : Event: ======'player_will_add'====== Args={'number': 1}
2025-03-06 20:52:43,088 : INFO : EventManager : Event: ======'player_adding'====== Args={'player': <Player 1>, 'number': 1}
2025-03-06 20:52:43,088 : INFO : EventManager : Event: ======'player_added'====== Args={'player': <Player 1>, 'num': 1}
2025-03-06 20:52:43,088 : INFO : Mode.game : Player added successfully. Total players: 1
2025-03-06 20:52:43,088 : INFO : EventManager : Event: ======'player_index'====== Args={'value': 0, 'prev_value': 0, 'change': 0, 'player_num': 1}
2025-03-06 20:52:43,089 : INFO : EventManager : Event: ======'player_number'====== Args={'value': 1, 'prev_value': 1, 'change': 0, 'player_num': 1}
2025-03-06 20:52:43,089 : INFO : EventManager : Event: ======'player_score'====== Args={'value': 0, 'prev_value': 0, 'change': 0, 'player_num': 1}
2025-03-06 20:52:43,090 : INFO : EventManager : Event: ======'game_started'====== Args={}
2025-03-06 20:52:43,104 : INFO : EventManager : Event: ======'player_turn_will_start'====== Args={'player': <Player 1>, 'number': 1}
2025-03-06 20:52:43,104 : INFO : EventManager : Event: ======'player_turn_starting'====== Args={'player': <Player 1>, 'number': 1}
2025-03-06 20:52:43,104 : INFO : EventManager : Event: ======'player_ball'====== Args={'value': 1, 'prev_value': 0, 'change': 1, 'player_num': 1}
2025-03-06 20:52:43,106 : INFO : EventManager : Event: ======'player_turn_started'====== Args={'player': <Player 1>, 'number': 1}
2025-03-06 20:52:43,110 : INFO : EventManager : Event: ======'ball_will_start'====== Args={'player': 1, 'ball': 1, 'balls_remaining': 2, 'is_extra_ball': False}
2025-03-06 20:52:43,115 : INFO : EventManager : Event: ======'ball_starting'====== Args={'player': 1, 'ball': 1, 'balls_remaining': 2, 'is_extra_ball': False}
2025-03-06 20:52:43,115 : INFO : EventManager : Event: ======'balls_in_play'====== Args={'balls': 1}
2025-03-06 20:52:43,115 : INFO : EventManager : Event: ======'ball_started'====== Args={'player': 1, 'ball': 1, 'balls_remaining': 2, 'is_extra_ball': False}
2025-03-06 20:52:43,116 : INFO : EventManager : Event: ======'mode_base_will_start'====== Args={'player': 1, 'ball': 1, 'balls_remaining': 2, 'is_extra_ball': False}
2025-03-06 20:52:43,116 : INFO : EventManager : Event: ======'mode_base_starting'====== Args={'player': 1, 'ball': 1, 'balls_remaining': 2, 'is_extra_ball': False}
2025-03-06 20:52:43,117 : INFO : Mode.base : Started. Priority: 100
2025-03-06 20:52:43,117 : INFO : EventManager : Event: ======'modes_active_modes_changed'====== Args={}
2025-03-06 20:52:43,117 : INFO : EventManager : Event: ======'mode_base_started'====== Args={'player': 1, 'ball': 1, 'balls_remaining': 2, 'is_extra_ball': False}
2025-03-06 20:52:43,119 : INFO : EventManager : Event: ======'single_player_ball_started'====== Args={}
2025-03-06 20:52:43,158 : INFO : EventManager : Event: ======'ball_start_target'====== Args={'target': 'playfield'}
2025-03-06 20:52:43,158 : INFO : EventManager : Event: ======'slide_base.slide_player-mode_base_started_created'====== Args={'_from_bcp': True}
2025-03-06 20:52:43,158 : INFO : EventManager : Event: ======'slide_base.slide_player-mode_base_started_active'====== Args={'_from_bcp': True}
2025-03-06 20:52:43,158 : INFO : ball_device.bd_plunger_lane : Setting up player-controlled eject. Balls: 1, Target: <playfield.playfield>, player_controlled_eject_event: None
2025-03-06 20:52:43,158 : INFO : ball_device.bd_plunger_lane : Adding 1 ball(s) to the eject_queue with target <playfield.playfield>.
2025-03-06 20:52:43,158 : INFO : EventManager : Event: ======'balldevice_balls_available'====== Args={}
2025-03-06 20:52:43,159 : INFO : ball_device.bd_trough : State: waiting_for_target_ready
2025-03-06 20:52:43,159 : INFO : EventManager : Event: ======'balldevice_bd_trough_ball_eject_attempt'====== Args={'balls': 1, 'target': <ball_device.bd_plunger_lane>, 'source': <ball_device.bd_trough>, 'mechanical_eject': False, 'num_attempts': 0}
2025-03-06 20:52:43,159 : INFO : ball_device.bd_plunger_lane : State: waiting_for_ball
2025-03-06 20:52:43,159 : INFO : ball_device.bd_trough : State: ejecting
2025-03-06 20:52:43,159 : INFO : ball_device.bd_trough : Ejecting ball to <ball_device.bd_plunger_lane>
2025-03-06 20:52:43,159 : INFO : EventManager : Event: ======'balldevice_bd_trough_ejecting_ball'====== Args={'balls': 1, 'target': <ball_device.bd_plunger_lane>, 'source': <ball_device.bd_trough>, 'mechanical_eject': False, 'num_attempts': 0}
2025-03-06 20:52:43,159 : INFO : ball_device.bd_trough : Wait for ball to leave device
2025-03-06 20:52:43,159 : INFO : coil.c_trough_release : Pulsing Driver for 20ms (1.0 pulse_power)
2025-03-06 20:52:43,160 : INFO : SwitchController : <<<<<<< 's_trough1' inactive >>>>>>>
2025-03-06 20:52:43,163 : INFO : ball_device.bd_trough : State: ball_left
2025-03-06 20:52:43,163 : INFO : ball_device.bd_trough : Ball left
2025-03-06 20:52:43,163 : INFO : ball_device.bd_trough : Wait for confirm with timeout 3.0
2025-03-06 20:52:43,275 : INFO : SwitchController : <<<<<<< 's_plunger_lane' active >>>>>>>
2025-03-06 20:52:43,276 : INFO : EventManager : Event: ======'machine_var_audits_switches_s_plunger_lane'====== Args={'value': 42, 'prev_value': 41, 'change': 1}
2025-03-06 20:52:43,779 : INFO : ball_device.bd_plunger_lane : Received ball from <ball_device.bd_trough>
2025-03-06 20:52:43,781 : INFO : EventManager : Event: ======'balldevice_bd_plunger_lane_ball_enter'====== Args={'new_balls': 1, 'unclaimed_balls': 0, 'new_available_balls': 0, 'device': <ball_device.bd_plunger_lane>}
2025-03-06 20:52:43,783 : INFO : EventManager : Event: ======'balldevice_bd_plunger_lane_ball_entered'====== Args={'new_balls': 0, 'device': <ball_device.bd_plunger_lane>}
2025-03-06 20:52:43,783 : INFO : EventManager : Event: ======'balldevice_bd_plunger_lane_ball_count_changed'====== Args={'balls': 1}
2025-03-06 20:52:43,784 : INFO : ball_device.bd_trough : Got eject confirm
2025-03-06 20:52:43,784 : INFO : ball_device.bd_trough : Eject successful
2025-03-06 20:52:43,784 : INFO : EventManager : Event: ======'balldevice_bd_trough_ball_eject_success'====== Args={'balls': 1, 'target': <ball_device.bd_plunger_lane>}
2025-03-06 20:52:43,785 : INFO : ball_device.bd_plunger_lane : State: waiting_for_target_ready
2025-03-06 20:52:43,785 : INFO : EventManager : Event: ======'balldevice_bd_plunger_lane_ball_eject_attempt'====== Args={'balls': 1, 'target': <playfield.playfield>, 'source': <ball_device.bd_plunger_lane>, 'mechanical_eject': False, 'num_attempts': 0}
2025-03-06 20:52:43,786 : INFO : EventManager : Event: ======'balldevice_bd_trough_ball_count_changed'====== Args={'balls': 2}
2025-03-06 20:52:43,786 : INFO : ball_device.bd_trough : State: idle
2025-03-06 20:52:43,786 : INFO : ball_device.bd_plunger_lane : State: ejecting
2025-03-06 20:52:43,788 : INFO : ball_device.bd_plunger_lane : Ejecting ball to <playfield.playfield>
2025-03-06 20:52:43,789 : INFO : EventManager : Event: ======'balldevice_bd_plunger_lane_ejecting_ball'====== Args={'balls': 1, 'target': <playfield.playfield>, 'source': <ball_device.bd_plunger_lane>, 'mechanical_eject': False, 'num_attempts': 0}
2025-03-06 20:52:43,791 : INFO : ball_device.bd_plunger_lane : Wait for ball to leave device
2025-03-06 20:52:43,791 : INFO : coil.c_autolauncher : Pulsing Driver for 20ms (1.0 pulse_power)
2025-03-06 20:52:43,792 : INFO : SwitchController : <<<<<<< 's_plunger_lane' inactive >>>>>>>
2025-03-06 20:52:43,817 : INFO : ball_device.bd_plunger_lane : State: ball_left
2025-03-06 20:52:43,817 : INFO : ball_device.bd_plunger_lane : Ball left
2025-03-06 20:52:43,817 : INFO : ball_device.bd_plunger_lane : Wait for confirm with timeout 3.0
2025-03-06 20:52:43,856 : INFO : SwitchController : <<<<<<< 's_playfield_entry' active >>>>>>>
2025-03-06 20:52:43,857 : INFO : EventManager : Event: ======'sw_playfield_active'====== Args={}
2025-03-06 20:52:43,857 : INFO : EventManager : Event: ======'machine_var_audits_switches_s_playfield_entry'====== Args={'value': 27, 'prev_value': 26, 'change': 1}
2025-03-06 20:52:43,860 : INFO : EventManager : Event: ======'playfield_active'====== Args={}
2025-03-06 20:52:43,878 : INFO : SwitchController : <<<<<<< 's_playfield_entry' inactive >>>>>>>
2025-03-06 20:52:43,885 : INFO : ball_device.bd_plunger_lane : Got eject confirm
2025-03-06 20:52:43,885 : INFO : ball_device.bd_plunger_lane : Eject successful
2025-03-06 20:52:43,885 : INFO : EventManager : Event: ======'balldevice_bd_plunger_lane_ball_eject_success'====== Args={'balls': 1, 'target': <playfield.playfield>}
2025-03-06 20:52:43,886 : INFO : EventManager : Event: ======'balldevice_playfield_ball_enter'====== Args={'new_balls': 1, 'unclaimed_balls': 1, 'device': <playfield.playfield>}
2025-03-06 20:52:43,886 : INFO : EventManager : Event: ======'playfield_ball_count_change'====== Args={'balls': 1, 'change': 1}
2025-03-06 20:52:43,886 : INFO : EventManager : Event: ======'balldevice_bd_plunger_lane_ball_count_changed'====== Args={'balls': 0}
2025-03-06 20:52:44,310 : INFO : ball_device.bd_plunger_lane : State: idle
2025-03-06 20:52:45,876 : INFO : SwitchController : <<<<<<< 's_launcher_button' active >>>>>>>
2025-03-06 20:52:45,877 : INFO : EventManager : Event: ======'sw_start'====== Args={}
2025-03-06 20:52:45,877 : INFO : EventManager : Event: ======'machine_var_audits_switches_s_launcher_button'====== Args={'value': 5, 'prev_value': 4, 'change': 1}
2025-03-06 20:52:45,880 : INFO : EventManager : Event: ======'player_add_request'====== Args={}
2025-03-06 20:52:45,881 : INFO : EventManager : Event: ======'player_will_add'====== Args={'number': 2}
2025-03-06 20:52:45,881 : INFO : EventManager : Event: ======'player_adding'====== Args={'player': <Player 2>, 'number': 2}
2025-03-06 20:52:45,882 : INFO : EventManager : Event: ======'player_added'====== Args={'player': <Player 2>, 'num': 2}
2025-03-06 20:52:45,882 : INFO : Mode.game : Player added successfully. Total players: 2
2025-03-06 20:52:45,882 : INFO : EventManager : Event: ======'multiplayer_game'====== Args={}
2025-03-06 20:52:45,882 : INFO : EventManager : Event: ======'player_index'====== Args={'value': 1, 'prev_value': 1, 'change': 0, 'player_num': 2}
2025-03-06 20:52:45,883 : INFO : EventManager : Event: ======'player_number'====== Args={'value': 2, 'prev_value': 2, 'change': 0, 'player_num': 2}
2025-03-06 20:52:45,883 : INFO : EventManager : Event: ======'player_score'====== Args={'value': 0, 'prev_value': 0, 'change': 0, 'player_num': 2}
2025-03-06 20:52:46,024 : INFO : SwitchController : <<<<<<< 's_launcher_button' inactive >>>>>>>
2025-03-06 20:52:47,580 : INFO : SwitchController : <<<<<<< 's_trough1' active >>>>>>>
2025-03-06 20:52:47,580 : INFO : EventManager : Event: ======'machine_var_audits_switches_s_trough1'====== Args={'value': 23, 'prev_value': 22, 'change': 1}
2025-03-06 20:52:47,900 : INFO : EventManager : Event: ======'balldevice_bd_trough_ball_count_changed'====== Args={'balls': 3}
2025-03-06 20:52:47,901 : INFO : ball_device.bd_trough : Received unexpected ball
2025-03-06 20:52:47,901 : INFO : EventManager : Event: ======'balldevice_captured_from_playfield'====== Args={'balls': 1}
2025-03-06 20:52:47,901 : INFO : EventManager : Event: ======'sw_playfield_active'====== Args={'balls': 1}
2025-03-06 20:52:47,902 : INFO : EventManager : Event: ======'playfield_ball_count_change'====== Args={'balls': 0, 'change': -1}
2025-03-06 20:52:47,903 : INFO : EventManager : Event: ======'balldevice_bd_trough_ball_enter'====== Args={'new_balls': 1, 'unclaimed_balls': 1, 'new_available_balls': 1, 'device': <ball_device.bd_trough>}
2025-03-06 20:52:47,904 : INFO : EventManager : Event: ======'ball_drain'====== Args={'device': <ball_device.bd_trough>, 'balls': 1}
2025-03-06 20:52:47,904 : INFO : EventManager : Event: ======'ball_will_end'====== Args={}
2025-03-06 20:52:47,906 : INFO : EventManager : Event: ======'balldevice_balls_available'====== Args={}
2025-03-06 20:52:47,906 : INFO : EventManager : Event: ======'balldevice_bd_trough_ball_entered'====== Args={'new_balls': 1, 'device': <ball_device.bd_trough>}
2025-03-06 20:52:47,907 : INFO : EventManager : Event: ======'ball_ending'====== Args={}
2025-03-06 20:52:47,908 : INFO : EventManager : Event: ======'mode_base_will_stop'====== Args={}
2025-03-06 20:52:47,908 : INFO : EventManager : Event: ======'mode_base_stopping'====== Args={}
2025-03-06 20:52:47,908 : INFO : Mode.base : Stopped.
2025-03-06 20:52:47,908 : INFO : EventManager : Event: ======'modes_active_modes_changed'====== Args={}
2025-03-06 20:52:47,911 : INFO : EventManager : Event: ======'mode_base_stopped'====== Args={}
2025-03-06 20:52:47,911 : INFO : EventManager : Event: ======'clear'====== Args={'key': 'base'}
2025-03-06 20:52:47,968 : INFO : EventManager : Event: ======'ball_ended'====== Args={}
2025-03-06 20:52:47,970 : INFO : EventManager : Event: ======'slide_base.slide_player-mode_base_started_removed'====== Args={'_from_bcp': True}
2025-03-06 20:52:47,970 : INFO : EventManager : Event: ======'slide_welcome_slide_active'====== Args={'_from_bcp': True}
2025-03-06 20:52:47,970 : INFO : EventManager : Event: ======'player_turn_will_end'====== Args={'player': <Player 1>, 'number': 1}
2025-03-06 20:52:47,975 : INFO : EventManager : Event: ======'player_turn_ending'====== Args={'player': <Player 1>, 'number': 1}
2025-03-06 20:52:47,975 : INFO : EventManager : Event: ======'player_turn_ended'====== Args={'player': <Player 1>, 'number': 1}
2025-03-06 20:52:47,976 : INFO : EventManager : Event: ======'player_turn_will_start'====== Args={'player': <Player 2>, 'number': 2}
2025-03-06 20:52:47,976 : INFO : EventManager : Event: ======'player_turn_starting'====== Args={'player': <Player 2>, 'number': 2}
2025-03-06 20:52:47,976 : INFO : EventManager : Event: ======'player_ball'====== Args={'value': 1, 'prev_value': 0, 'change': 1, 'player_num': 2}
2025-03-06 20:52:47,977 : INFO : EventManager : Event: ======'player_turn_started'====== Args={'player': <Player 2>, 'number': 2}
2025-03-06 20:52:47,978 : INFO : EventManager : Event: ======'ball_will_start'====== Args={'player': 2, 'ball': 1, 'balls_remaining': 2, 'is_extra_ball': False}
2025-03-06 20:52:47,985 : INFO : EventManager : Event: ======'ball_starting'====== Args={'player': 2, 'ball': 1, 'balls_remaining': 2, 'is_extra_ball': False}
2025-03-06 20:52:47,985 : INFO : EventManager : Event: ======'balls_in_play'====== Args={'balls': 1}
2025-03-06 20:52:47,985 : INFO : EventManager : Event: ======'ball_started'====== Args={'player': 2, 'ball': 1, 'balls_remaining': 2, 'is_extra_ball': False}
2025-03-06 20:52:47,985 : INFO : EventManager : Event: ======'mode_base_will_start'====== Args={'player': 2, 'ball': 1, 'balls_remaining': 2, 'is_extra_ball': False}
2025-03-06 20:52:47,986 : INFO : EventManager : Event: ======'mode_base_starting'====== Args={'player': 2, 'ball': 1, 'balls_remaining': 2, 'is_extra_ball': False}
2025-03-06 20:52:47,987 : INFO : Mode.base : Started. Priority: 100
2025-03-06 20:52:47,987 : INFO : EventManager : Event: ======'modes_active_modes_changed'====== Args={}
2025-03-06 20:52:47,987 : INFO : EventManager : Event: ======'mode_base_started'====== Args={'player': 2, 'ball': 1, 'balls_remaining': 2, 'is_extra_ball': False}
2025-03-06 20:52:47,988 : INFO : EventManager : Event: ======'multi_player_ball_started'====== Args={}
2025-03-06 20:52:48,013 : INFO : EventManager : Event: ======'player_2_ball_started'====== Args={}
2025-03-06 20:52:48,019 : INFO : EventManager : Event: ======'slide_base.slide_player-mode_base_started_created'====== Args={'_from_bcp': True}
2025-03-06 20:52:48,019 : INFO : EventManager : Event: ======'slide_base.slide_player-mode_base_started_active'====== Args={'_from_bcp': True}
2025-03-06 20:52:48,024 : INFO : EventManager : Event: ======'ball_start_target'====== Args={'target': 'playfield'}
2025-03-06 20:52:48,024 : INFO : ball_device.bd_plunger_lane : Setting up player-controlled eject. Balls: 1, Target: <playfield.playfield>, player_controlled_eject_event: None
2025-03-06 20:52:48,024 : INFO : ball_device.bd_plunger_lane : Adding 1 ball(s) to the eject_queue with target <playfield.playfield>.
2025-03-06 20:52:48,024 : INFO : EventManager : Event: ======'balldevice_balls_available'====== Args={}
2025-03-06 20:52:48,024 : INFO : ball_device.bd_trough : State: waiting_for_target_ready
2025-03-06 20:52:48,024 : INFO : EventManager : Event: ======'balldevice_bd_trough_ball_eject_attempt'====== Args={'balls': 1, 'target': <ball_device.bd_plunger_lane>, 'source': <ball_device.bd_trough>, 'mechanical_eject': False, 'num_attempts': 0}
2025-03-06 20:52:48,024 : INFO : ball_device.bd_plunger_lane : State: waiting_for_ball
2025-03-06 20:52:48,024 : INFO : ball_device.bd_trough : State: ejecting
2025-03-06 20:52:48,025 : INFO : ball_device.bd_trough : Ejecting ball to <ball_device.bd_plunger_lane>
2025-03-06 20:52:48,025 : INFO : EventManager : Event: ======'balldevice_bd_trough_ejecting_ball'====== Args={'balls': 1, 'target': <ball_device.bd_plunger_lane>, 'source': <ball_device.bd_trough>, 'mechanical_eject': False, 'num_attempts': 0}
2025-03-06 20:52:48,025 : INFO : ball_device.bd_trough : Wait for ball to leave device
2025-03-06 20:52:48,025 : INFO : coil.c_trough_release : Pulsing Driver for 20ms (1.0 pulse_power)
2025-03-06 20:52:48,025 : INFO : SwitchController : <<<<<<< 's_trough1' inactive >>>>>>>
2025-03-06 20:52:48,028 : INFO : ball_device.bd_trough : State: ball_left
2025-03-06 20:52:48,028 : INFO : ball_device.bd_trough : Ball left
2025-03-06 20:52:48,028 : INFO : ball_device.bd_trough : Wait for confirm with timeout 3.0
2025-03-06 20:52:48,131 : INFO : SwitchController : <<<<<<< 's_plunger_lane' active >>>>>>>
2025-03-06 20:52:48,131 : INFO : EventManager : Event: ======'machine_var_audits_switches_s_plunger_lane'====== Args={'value': 43, 'prev_value': 42, 'change': 1}
2025-03-06 20:52:48,645 : INFO : ball_device.bd_plunger_lane : Received ball from <ball_device.bd_trough>
2025-03-06 20:52:48,645 : INFO : EventManager : Event: ======'balldevice_bd_plunger_lane_ball_enter'====== Args={'new_balls': 1, 'unclaimed_balls': 0, 'new_available_balls': 0, 'device': <ball_device.bd_plunger_lane>}
2025-03-06 20:52:48,647 : INFO : EventManager : Event: ======'balldevice_bd_plunger_lane_ball_entered'====== Args={'new_balls': 0, 'device': <ball_device.bd_plunger_lane>}
2025-03-06 20:52:48,647 : INFO : EventManager : Event: ======'balldevice_bd_plunger_lane_ball_count_changed'====== Args={'balls': 1}
2025-03-06 20:52:48,647 : INFO : ball_device.bd_trough : Got eject confirm
2025-03-06 20:52:48,647 : INFO : ball_device.bd_trough : Eject successful
2025-03-06 20:52:48,648 : INFO : EventManager : Event: ======'balldevice_bd_trough_ball_eject_success'====== Args={'balls': 1, 'target': <ball_device.bd_plunger_lane>}
2025-03-06 20:52:48,649 : INFO : ball_device.bd_plunger_lane : State: waiting_for_target_ready
2025-03-06 20:52:48,649 : INFO : EventManager : Event: ======'balldevice_bd_plunger_lane_ball_eject_attempt'====== Args={'balls': 1, 'target': <playfield.playfield>, 'source': <ball_device.bd_plunger_lane>, 'mechanical_eject': False, 'num_attempts': 0}
2025-03-06 20:52:48,650 : INFO : EventManager : Event: ======'balldevice_bd_trough_ball_count_changed'====== Args={'balls': 2}
2025-03-06 20:52:48,650 : INFO : ball_device.bd_trough : State: idle
2025-03-06 20:52:48,651 : INFO : ball_device.bd_plunger_lane : State: ejecting
2025-03-06 20:52:48,651 : INFO : ball_device.bd_plunger_lane : Ejecting ball to <playfield.playfield>
2025-03-06 20:52:48,652 : INFO : EventManager : Event: ======'balldevice_bd_plunger_lane_ejecting_ball'====== Args={'balls': 1, 'target': <playfield.playfield>, 'source': <ball_device.bd_plunger_lane>, 'mechanical_eject': False, 'num_attempts': 0}
2025-03-06 20:52:48,653 : INFO : ball_device.bd_plunger_lane : Wait for ball to leave device
2025-03-06 20:52:48,654 : INFO : coil.c_autolauncher : Pulsing Driver for 20ms (1.0 pulse_power)
2025-03-06 20:52:48,654 : INFO : SwitchController : <<<<<<< 's_plunger_lane' inactive >>>>>>>
2025-03-06 20:52:48,693 : INFO : ball_device.bd_plunger_lane : State: ball_left
2025-03-06 20:52:48,694 : INFO : ball_device.bd_plunger_lane : Ball left
2025-03-06 20:52:48,695 : INFO : ball_device.bd_plunger_lane : Wait for confirm with timeout 3.0
2025-03-06 20:52:48,722 : INFO : SwitchController : <<<<<<< 's_playfield_entry' active >>>>>>>
2025-03-06 20:52:48,724 : INFO : EventManager : Event: ======'sw_playfield_active'====== Args={}
2025-03-06 20:52:48,726 : INFO : EventManager : Event: ======'machine_var_audits_switches_s_playfield_entry'====== Args={'value': 28, 'prev_value': 27, 'change': 1}
2025-03-06 20:52:48,729 : INFO : EventManager : Event: ======'playfield_active'====== Args={}
2025-03-06 20:52:48,751 : INFO : SwitchController : <<<<<<< 's_playfield_entry' inactive >>>>>>>
2025-03-06 20:52:48,782 : INFO : ball_device.bd_plunger_lane : Got eject confirm
2025-03-06 20:52:48,783 : INFO : ball_device.bd_plunger_lane : Eject successful
2025-03-06 20:52:48,783 : INFO : EventManager : Event: ======'balldevice_bd_plunger_lane_ball_eject_success'====== Args={'balls': 1, 'target': <playfield.playfield>}
2025-03-06 20:52:48,784 : INFO : EventManager : Event: ======'balldevice_playfield_ball_enter'====== Args={'new_balls': 1, 'unclaimed_balls': 1, 'device': <playfield.playfield>}
2025-03-06 20:52:48,785 : INFO : EventManager : Event: ======'playfield_ball_count_change'====== Args={'balls': 1, 'change': 1}
2025-03-06 20:52:48,786 : INFO : EventManager : Event: ======'balldevice_bd_plunger_lane_ball_count_changed'====== Args={'balls': 0}
2025-03-06 20:52:49,160 : INFO : ball_device.bd_plunger_lane : State: idle
2025-03-06 20:52:49,505 : INFO : SwitchController : <<<<<<< 's_trough1' active >>>>>>>
2025-03-06 20:52:49,506 : INFO : EventManager : Event: ======'machine_var_audits_switches_s_trough1'====== Args={'value': 24, 'prev_value': 23, 'change': 1}
2025-03-06 20:52:49,814 : INFO : EventManager : Event: ======'balldevice_bd_trough_ball_count_changed'====== Args={'balls': 3}
2025-03-06 20:52:49,815 : INFO : ball_device.bd_trough : Received unexpected ball
2025-03-06 20:52:49,815 : INFO : EventManager : Event: ======'balldevice_captured_from_playfield'====== Args={'balls': 1}
2025-03-06 20:52:49,815 : INFO : EventManager : Event: ======'sw_playfield_active'====== Args={'balls': 1}
2025-03-06 20:52:49,816 : INFO : EventManager : Event: ======'playfield_ball_count_change'====== Args={'balls': 0, 'change': -1}
2025-03-06 20:52:49,816 : INFO : EventManager : Event: ======'balldevice_bd_trough_ball_enter'====== Args={'new_balls': 1, 'unclaimed_balls': 1, 'new_available_balls': 1, 'device': <ball_device.bd_trough>}
2025-03-06 20:52:49,817 : INFO : EventManager : Event: ======'ball_drain'====== Args={'device': <ball_device.bd_trough>, 'balls': 1}
2025-03-06 20:52:49,818 : INFO : EventManager : Event: ======'ball_will_end'====== Args={}
2025-03-06 20:52:49,818 : INFO : EventManager : Event: ======'balldevice_balls_available'====== Args={}
2025-03-06 20:52:49,818 : INFO : EventManager : Event: ======'balldevice_bd_trough_ball_entered'====== Args={'new_balls': 1, 'device': <ball_device.bd_trough>}
2025-03-06 20:52:49,821 : INFO : EventManager : Event: ======'ball_ending'====== Args={}
2025-03-06 20:52:49,823 : INFO : EventManager : Event: ======'mode_base_will_stop'====== Args={}
2025-03-06 20:52:49,823 : INFO : EventManager : Event: ======'mode_base_stopping'====== Args={}
2025-03-06 20:52:49,824 : INFO : Mode.base : Stopped.
2025-03-06 20:52:49,825 : INFO : EventManager : Event: ======'modes_active_modes_changed'====== Args={}
2025-03-06 20:52:49,827 : INFO : EventManager : Event: ======'mode_base_stopped'====== Args={}
2025-03-06 20:52:49,829 : INFO : EventManager : Event: ======'clear'====== Args={'key': 'base'}
2025-03-06 20:52:49,995 : INFO : EventManager : Event: ======'ball_ended'====== Args={}
2025-03-06 20:52:49,996 : INFO : EventManager : Event: ======'slide_base.slide_player-mode_base_started_removed'====== Args={'_from_bcp': True}
2025-03-06 20:52:49,996 : INFO : EventManager : Event: ======'slide_welcome_slide_active'====== Args={'_from_bcp': True}
2025-03-06 20:52:50,046 : INFO : EventManager : Event: ======'player_turn_will_end'====== Args={'player': <Player 2>, 'number': 2}
2025-03-06 20:52:50,046 : INFO : EventManager : Event: ======'player_turn_ending'====== Args={'player': <Player 2>, 'number': 2}
2025-03-06 20:52:50,048 : INFO : EventManager : Event: ======'player_turn_ended'====== Args={'player': <Player 2>, 'number': 2}
2025-03-06 20:52:50,049 : INFO : EventManager : Event: ======'player_turn_will_start'====== Args={'player': <Player 1>, 'number': 1}
2025-03-06 20:52:50,050 : INFO : EventManager : Event: ======'player_turn_starting'====== Args={'player': <Player 1>, 'number': 1}
2025-03-06 20:52:50,050 : INFO : EventManager : Event: ======'player_ball'====== Args={'value': 2, 'prev_value': 1, 'change': 1, 'player_num': 1}
2025-03-06 20:52:50,050 : INFO : EventManager : Event: ======'player_turn_started'====== Args={'player': <Player 1>, 'number': 1}
2025-03-06 20:52:50,051 : INFO : EventManager : Event: ======'ball_will_start'====== Args={'player': 1, 'ball': 2, 'balls_remaining': 1, 'is_extra_ball': False}
2025-03-06 20:52:50,056 : INFO : EventManager : Event: ======'ball_starting'====== Args={'player': 1, 'ball': 2, 'balls_remaining': 1, 'is_extra_ball': False}
2025-03-06 20:52:50,056 : INFO : EventManager : Event: ======'balls_in_play'====== Args={'balls': 1}
2025-03-06 20:52:50,057 : INFO : EventManager : Event: ======'ball_started'====== Args={'player': 1, 'ball': 2, 'balls_remaining': 1, 'is_extra_ball': False}
2025-03-06 20:52:50,057 : INFO : EventManager : Event: ======'mode_base_will_start'====== Args={'player': 1, 'ball': 2, 'balls_remaining': 1, 'is_extra_ball': False}
2025-03-06 20:52:50,057 : INFO : EventManager : Event: ======'mode_base_starting'====== Args={'player': 1, 'ball': 2, 'balls_remaining': 1, 'is_extra_ball': False}
2025-03-06 20:52:50,058 : INFO : Mode.base : Started. Priority: 100
2025-03-06 20:52:50,058 : INFO : EventManager : Event: ======'modes_active_modes_changed'====== Args={}
2025-03-06 20:52:50,058 : INFO : EventManager : Event: ======'mode_base_started'====== Args={'player': 1, 'ball': 2, 'balls_remaining': 1, 'is_extra_ball': False}
2025-03-06 20:52:50,059 : INFO : EventManager : Event: ======'multi_player_ball_started'====== Args={}
2025-03-06 20:52:50,090 : INFO : EventManager : Event: ======'player_1_ball_started'====== Args={}
2025-03-06 20:52:50,091 : INFO : EventManager : Event: ======'slide_base.slide_player-mode_base_started_created'====== Args={'_from_bcp': True}
2025-03-06 20:52:50,091 : INFO : EventManager : Event: ======'slide_base.slide_player-mode_base_started_active'====== Args={'_from_bcp': True}
2025-03-06 20:52:50,091 : INFO : EventManager : Event: ======'ball_start_target'====== Args={'target': 'playfield'}
2025-03-06 20:52:50,091 : INFO : ball_device.bd_plunger_lane : Setting up player-controlled eject. Balls: 1, Target: <playfield.playfield>, player_controlled_eject_event: None
2025-03-06 20:52:50,091 : INFO : ball_device.bd_plunger_lane : Adding 1 ball(s) to the eject_queue with target <playfield.playfield>.
2025-03-06 20:52:50,091 : INFO : EventManager : Event: ======'balldevice_balls_available'====== Args={}
2025-03-06 20:52:50,092 : INFO : ball_device.bd_trough : State: waiting_for_target_ready
2025-03-06 20:52:50,092 : INFO : EventManager : Event: ======'balldevice_bd_trough_ball_eject_attempt'====== Args={'balls': 1, 'target': <ball_device.bd_plunger_lane>, 'source': <ball_device.bd_trough>, 'mechanical_eject': False, 'num_attempts': 0}
2025-03-06 20:52:50,092 : INFO : ball_device.bd_plunger_lane : State: waiting_for_ball
2025-03-06 20:52:50,092 : INFO : ball_device.bd_trough : State: ejecting
2025-03-06 20:52:50,092 : INFO : ball_device.bd_trough : Ejecting ball to <ball_device.bd_plunger_lane>
2025-03-06 20:52:50,092 : INFO : EventManager : Event: ======'balldevice_bd_trough_ejecting_ball'====== Args={'balls': 1, 'target': <ball_device.bd_plunger_lane>, 'source': <ball_device.bd_trough>, 'mechanical_eject': False, 'num_attempts': 0}
2025-03-06 20:52:50,093 : INFO : ball_device.bd_trough : Wait for ball to leave device
2025-03-06 20:52:50,093 : INFO : coil.c_trough_release : Pulsing Driver for 20ms (1.0 pulse_power)
2025-03-06 20:52:50,093 : INFO : SwitchController : <<<<<<< 's_trough1' inactive >>>>>>>
2025-03-06 20:52:50,098 : INFO : ball_device.bd_trough : State: ball_left
2025-03-06 20:52:50,099 : INFO : ball_device.bd_trough : Ball left
2025-03-06 20:52:50,099 : INFO : ball_device.bd_trough : Wait for confirm with timeout 3.0
2025-03-06 20:52:50,201 : INFO : SwitchController : <<<<<<< 's_plunger_lane' active >>>>>>>
2025-03-06 20:52:50,202 : INFO : EventManager : Event: ======'machine_var_audits_switches_s_plunger_lane'====== Args={'value': 44, 'prev_value': 43, 'change': 1}
2025-03-06 20:52:50,719 : INFO : ball_device.bd_plunger_lane : Received ball from <ball_device.bd_trough>
2025-03-06 20:52:50,720 : INFO : EventManager : Event: ======'balldevice_bd_plunger_lane_ball_enter'====== Args={'new_balls': 1, 'unclaimed_balls': 0, 'new_available_balls': 0, 'device': <ball_device.bd_plunger_lane>}
2025-03-06 20:52:50,721 : INFO : EventManager : Event: ======'balldevice_bd_plunger_lane_ball_entered'====== Args={'new_balls': 0, 'device': <ball_device.bd_plunger_lane>}
2025-03-06 20:52:50,721 : INFO : EventManager : Event: ======'balldevice_bd_plunger_lane_ball_count_changed'====== Args={'balls': 1}
2025-03-06 20:52:50,721 : INFO : ball_device.bd_trough : Got eject confirm
2025-03-06 20:52:50,722 : INFO : ball_device.bd_trough : Eject successful
2025-03-06 20:52:50,722 : INFO : EventManager : Event: ======'balldevice_bd_trough_ball_eject_success'====== Args={'balls': 1, 'target': <ball_device.bd_plunger_lane>}
2025-03-06 20:52:50,722 : INFO : ball_device.bd_plunger_lane : State: waiting_for_target_ready
2025-03-06 20:52:50,723 : INFO : EventManager : Event: ======'balldevice_bd_plunger_lane_ball_eject_attempt'====== Args={'balls': 1, 'target': <playfield.playfield>, 'source': <ball_device.bd_plunger_lane>, 'mechanical_eject': False, 'num_attempts': 0}
2025-03-06 20:52:50,723 : INFO : EventManager : Event: ======'balldevice_bd_trough_ball_count_changed'====== Args={'balls': 2}
2025-03-06 20:52:50,723 : INFO : ball_device.bd_trough : State: idle
2025-03-06 20:52:50,724 : INFO : ball_device.bd_plunger_lane : State: ejecting
2025-03-06 20:52:50,725 : INFO : ball_device.bd_plunger_lane : Ejecting ball to <playfield.playfield>
2025-03-06 20:52:50,725 : INFO : EventManager : Event: ======'balldevice_bd_plunger_lane_ejecting_ball'====== Args={'balls': 1, 'target': <playfield.playfield>, 'source': <ball_device.bd_plunger_lane>, 'mechanical_eject': False, 'num_attempts': 0}
2025-03-06 20:52:50,726 : INFO : ball_device.bd_plunger_lane : Wait for ball to leave device
2025-03-06 20:52:50,726 : INFO : coil.c_autolauncher : Pulsing Driver for 20ms (1.0 pulse_power)
2025-03-06 20:52:50,727 : INFO : SwitchController : <<<<<<< 's_plunger_lane' inactive >>>>>>>
2025-03-06 20:52:50,767 : INFO : SwitchController : <<<<<<< 's_playfield_entry' active >>>>>>>
2025-03-06 20:52:50,768 : INFO : EventManager : Event: ======'sw_playfield_active'====== Args={}
2025-03-06 20:52:50,769 : INFO : EventManager : Event: ======'machine_var_audits_switches_s_playfield_entry'====== Args={'value': 29, 'prev_value': 28, 'change': 1}
2025-03-06 20:52:50,773 : INFO : EventManager : Event: ======'playfield_active'====== Args={}
2025-03-06 20:52:50,813 : INFO : SwitchController : <<<<<<< 's_playfield_entry' inactive >>>>>>>
2025-03-06 20:52:50,847 : INFO : ball_device.bd_plunger_lane : State: ball_left
2025-03-06 20:52:50,847 : INFO : ball_device.bd_plunger_lane : Ball left
2025-03-06 20:52:50,847 : INFO : ball_device.bd_plunger_lane : Wait for confirm with timeout 3.0
2025-03-06 20:52:52,661 : INFO : SwitchController : <<<<<<< 's_trough1' active >>>>>>>
2025-03-06 20:52:52,662 : INFO : EventManager : Event: ======'machine_var_audits_switches_s_trough1'====== Args={'value': 25, 'prev_value': 24, 'change': 1}
2025-03-06 20:52:52,967 : INFO : EventManager : Event: ======'balldevice_bd_trough_ball_count_changed'====== Args={'balls': 3}
2025-03-06 20:52:52,968 : INFO : ball_device.bd_trough : Received unexpected ball
2025-03-06 20:52:52,969 : INFO : EventManager : Event: ======'balldevice_captured_from_playfield'====== Args={'balls': 1}
2025-03-06 20:52:52,970 : INFO : EventManager : Event: ======'sw_playfield_active'====== Args={'balls': 1}
2025-03-06 20:52:52,970 : INFO : EventManager : Event: ======'playfield_active'====== Args={}
2025-03-06 20:52:52,971 : INFO : EventManager : Event: ======'playfield_ball_count_change'====== Args={'balls': -1, 'change': -1}
2025-03-06 20:52:52,971 : INFO : EventManager : Event: ======'balldevice_bd_trough_ball_enter'====== Args={'new_balls': 1, 'unclaimed_balls': 1, 'new_available_balls': 1, 'device': <ball_device.bd_trough>}
2025-03-06 20:52:52,973 : INFO : EventManager : Event: ======'ball_drain'====== Args={'device': <ball_device.bd_trough>, 'balls': 1}
2025-03-06 20:52:52,973 : INFO : ball_device.bd_plunger_lane : Got eject confirm
2025-03-06 20:52:52,973 : INFO : ball_device.bd_plunger_lane : Eject successful
2025-03-06 20:52:52,973 : INFO : EventManager : Event: ======'balldevice_bd_plunger_lane_ball_eject_success'====== Args={'balls': 1, 'target': <playfield.playfield>}
2025-03-06 20:52:52,974 : INFO : EventManager : Event: ======'balldevice_playfield_ball_enter'====== Args={'new_balls': 1, 'unclaimed_balls': 1, 'device': <playfield.playfield>}
2025-03-06 20:52:52,974 : INFO : EventManager : Event: ======'playfield_ball_count_change'====== Args={'balls': 0, 'change': 1}
2025-03-06 20:52:52,975 : INFO : EventManager : Event: ======'ball_will_end'====== Args={}
2025-03-06 20:52:52,975 : INFO : EventManager : Event: ======'balldevice_balls_available'====== Args={}
2025-03-06 20:52:52,975 : INFO : EventManager : Event: ======'balldevice_bd_trough_ball_entered'====== Args={'new_balls': 1, 'device': <ball_device.bd_trough>}
2025-03-06 20:52:52,976 : INFO : EventManager : Event: ======'balldevice_bd_plunger_lane_ball_count_changed'====== Args={'balls': 0}
2025-03-06 20:52:52,977 : INFO : ball_device.bd_plunger_lane : State: idle
2025-03-06 20:52:52,977 : INFO : EventManager : Event: ======'ball_ending'====== Args={}
2025-03-06 20:52:52,978 : INFO : EventManager : Event: ======'mode_base_will_stop'====== Args={}
2025-03-06 20:52:52,978 : INFO : EventManager : Event: ======'mode_base_stopping'====== Args={}
2025-03-06 20:52:52,979 : INFO : Mode.base : Stopped.
2025-03-06 20:52:52,979 : INFO : EventManager : Event: ======'modes_active_modes_changed'====== Args={}
2025-03-06 20:52:52,981 : INFO : EventManager : Event: ======'mode_base_stopped'====== Args={}
2025-03-06 20:52:52,981 : INFO : EventManager : Event: ======'clear'====== Args={'key': 'base'}
2025-03-06 20:52:53,023 : INFO : EventManager : Event: ======'ball_ended'====== Args={}
2025-03-06 20:52:53,030 : INFO : EventManager : Event: ======'slide_base.slide_player-mode_base_started_removed'====== Args={'_from_bcp': True}
2025-03-06 20:52:53,030 : INFO : EventManager : Event: ======'slide_welcome_slide_active'====== Args={'_from_bcp': True}
2025-03-06 20:52:53,033 : INFO : EventManager : Event: ======'player_turn_will_end'====== Args={'player': <Player 1>, 'number': 1}
2025-03-06 20:52:53,033 : INFO : EventManager : Event: ======'player_turn_ending'====== Args={'player': <Player 1>, 'number': 1}
2025-03-06 20:52:53,033 : INFO : EventManager : Event: ======'player_turn_ended'====== Args={'player': <Player 1>, 'number': 1}
2025-03-06 20:52:53,033 : INFO : EventManager : Event: ======'player_turn_will_start'====== Args={'player': <Player 2>, 'number': 2}
2025-03-06 20:52:53,033 : INFO : EventManager : Event: ======'player_turn_starting'====== Args={'player': <Player 2>, 'number': 2}
2025-03-06 20:52:53,033 : INFO : EventManager : Event: ======'player_ball'====== Args={'value': 2, 'prev_value': 1, 'change': 1, 'player_num': 2}
2025-03-06 20:52:53,034 : INFO : EventManager : Event: ======'player_turn_started'====== Args={'player': <Player 2>, 'number': 2}
2025-03-06 20:52:53,034 : INFO : EventManager : Event: ======'ball_will_start'====== Args={'player': 2, 'ball': 2, 'balls_remaining': 1, 'is_extra_ball': False}
2025-03-06 20:52:53,036 : INFO : EventManager : Event: ======'ball_starting'====== Args={'player': 2, 'ball': 2, 'balls_remaining': 1, 'is_extra_ball': False}
2025-03-06 20:52:53,036 : INFO : EventManager : Event: ======'balls_in_play'====== Args={'balls': 1}
2025-03-06 20:52:53,036 : INFO : EventManager : Event: ======'ball_started'====== Args={'player': 2, 'ball': 2, 'balls_remaining': 1, 'is_extra_ball': False}
2025-03-06 20:52:53,036 : INFO : EventManager : Event: ======'mode_base_will_start'====== Args={'player': 2, 'ball': 2, 'balls_remaining': 1, 'is_extra_ball': False}
2025-03-06 20:52:53,037 : INFO : EventManager : Event: ======'mode_base_starting'====== Args={'player': 2, 'ball': 2, 'balls_remaining': 1, 'is_extra_ball': False}
2025-03-06 20:52:53,037 : INFO : Mode.base : Started. Priority: 100
2025-03-06 20:52:53,037 : INFO : EventManager : Event: ======'modes_active_modes_changed'====== Args={}
2025-03-06 20:52:53,037 : INFO : EventManager : Event: ======'mode_base_started'====== Args={'player': 2, 'ball': 2, 'balls_remaining': 1, 'is_extra_ball': False}
2025-03-06 20:52:53,037 : INFO : EventManager : Event: ======'multi_player_ball_started'====== Args={}
2025-03-06 20:52:53,049 : INFO : EventManager : Event: ======'player_2_ball_started'====== Args={}
2025-03-06 20:52:53,050 : INFO : EventManager : Event: ======'slide_base.slide_player-mode_base_started_created'====== Args={'_from_bcp': True}
2025-03-06 20:52:53,050 : INFO : EventManager : Event: ======'slide_base.slide_player-mode_base_started_active'====== Args={'_from_bcp': True}
2025-03-06 20:52:53,050 : INFO : EventManager : Event: ======'ball_start_target'====== Args={'target': 'playfield'}
2025-03-06 20:52:53,050 : INFO : ball_device.bd_plunger_lane : Setting up player-controlled eject. Balls: 1, Target: <playfield.playfield>, player_controlled_eject_event: None
2025-03-06 20:52:53,050 : INFO : ball_device.bd_plunger_lane : Adding 1 ball(s) to the eject_queue with target <playfield.playfield>.
2025-03-06 20:52:53,050 : INFO : EventManager : Event: ======'balldevice_balls_available'====== Args={}
2025-03-06 20:52:53,051 : INFO : ball_device.bd_trough : State: waiting_for_target_ready
2025-03-06 20:52:53,051 : INFO : EventManager : Event: ======'balldevice_bd_trough_ball_eject_attempt'====== Args={'balls': 1, 'target': <ball_device.bd_plunger_lane>, 'source': <ball_device.bd_trough>, 'mechanical_eject': False, 'num_attempts': 0}
2025-03-06 20:52:53,051 : INFO : ball_device.bd_plunger_lane : State: waiting_for_ball
2025-03-06 20:52:53,051 : INFO : ball_device.bd_trough : State: ejecting
2025-03-06 20:52:53,051 : INFO : ball_device.bd_trough : Ejecting ball to <ball_device.bd_plunger_lane>
2025-03-06 20:52:53,051 : INFO : EventManager : Event: ======'balldevice_bd_trough_ejecting_ball'====== Args={'balls': 1, 'target': <ball_device.bd_plunger_lane>, 'source': <ball_device.bd_trough>, 'mechanical_eject': False, 'num_attempts': 0}
2025-03-06 20:52:53,051 : INFO : ball_device.bd_trough : Wait for ball to leave device
2025-03-06 20:52:53,051 : INFO : coil.c_trough_release : Pulsing Driver for 20ms (1.0 pulse_power)
2025-03-06 20:52:53,051 : INFO : SwitchController : <<<<<<< 's_trough1' inactive >>>>>>>
2025-03-06 20:52:53,054 : INFO : ball_device.bd_trough : State: ball_left
2025-03-06 20:52:53,054 : INFO : ball_device.bd_trough : Ball left
2025-03-06 20:52:53,054 : INFO : ball_device.bd_trough : Wait for confirm with timeout 3.0
2025-03-06 20:52:53,157 : INFO : SwitchController : <<<<<<< 's_plunger_lane' active >>>>>>>
2025-03-06 20:52:53,159 : INFO : EventManager : Event: ======'machine_var_audits_switches_s_plunger_lane'====== Args={'value': 45, 'prev_value': 44, 'change': 1}
2025-03-06 20:52:53,672 : INFO : ball_device.bd_plunger_lane : Received ball from <ball_device.bd_trough>
2025-03-06 20:52:53,672 : INFO : EventManager : Event: ======'balldevice_bd_plunger_lane_ball_enter'====== Args={'new_balls': 1, 'unclaimed_balls': 0, 'new_available_balls': 0, 'device': <ball_device.bd_plunger_lane>}
2025-03-06 20:52:53,673 : INFO : EventManager : Event: ======'balldevice_bd_plunger_lane_ball_entered'====== Args={'new_balls': 0, 'device': <ball_device.bd_plunger_lane>}
2025-03-06 20:52:53,674 : INFO : EventManager : Event: ======'balldevice_bd_plunger_lane_ball_count_changed'====== Args={'balls': 1}
2025-03-06 20:52:53,674 : INFO : ball_device.bd_trough : Got eject confirm
2025-03-06 20:52:53,674 : INFO : ball_device.bd_trough : Eject successful
2025-03-06 20:52:53,674 : INFO : EventManager : Event: ======'balldevice_bd_trough_ball_eject_success'====== Args={'balls': 1, 'target': <ball_device.bd_plunger_lane>}
2025-03-06 20:52:53,675 : INFO : ball_device.bd_plunger_lane : State: waiting_for_target_ready
2025-03-06 20:52:53,675 : INFO : EventManager : Event: ======'balldevice_bd_plunger_lane_ball_eject_attempt'====== Args={'balls': 1, 'target': <playfield.playfield>, 'source': <ball_device.bd_plunger_lane>, 'mechanical_eject': False, 'num_attempts': 0}
2025-03-06 20:52:53,676 : INFO : EventManager : Event: ======'balldevice_bd_trough_ball_count_changed'====== Args={'balls': 2}
2025-03-06 20:52:53,676 : INFO : ball_device.bd_trough : State: idle
2025-03-06 20:52:53,677 : INFO : ball_device.bd_plunger_lane : State: ejecting
2025-03-06 20:52:53,677 : INFO : ball_device.bd_plunger_lane : Ejecting ball to <playfield.playfield>
2025-03-06 20:52:53,678 : INFO : EventManager : Event: ======'balldevice_bd_plunger_lane_ejecting_ball'====== Args={'balls': 1, 'target': <playfield.playfield>, 'source': <ball_device.bd_plunger_lane>, 'mechanical_eject': False, 'num_attempts': 0}
2025-03-06 20:52:53,680 : INFO : ball_device.bd_plunger_lane : Wait for ball to leave device
2025-03-06 20:52:53,680 : INFO : coil.c_autolauncher : Pulsing Driver for 20ms (1.0 pulse_power)
2025-03-06 20:52:53,681 : INFO : SwitchController : <<<<<<< 's_plunger_lane' inactive >>>>>>>
2025-03-06 20:52:53,712 : INFO : ball_device.bd_plunger_lane : State: ball_left
2025-03-06 20:52:53,713 : INFO : ball_device.bd_plunger_lane : Ball left
2025-03-06 20:52:53,713 : INFO : ball_device.bd_plunger_lane : Wait for confirm with timeout 3.0
2025-03-06 20:52:53,734 : INFO : SwitchController : <<<<<<< 's_playfield_entry' active >>>>>>>
2025-03-06 20:52:53,734 : INFO : EventManager : Event: ======'sw_playfield_active'====== Args={}
2025-03-06 20:52:53,735 : INFO : EventManager : Event: ======'machine_var_audits_switches_s_playfield_entry'====== Args={'value': 30, 'prev_value': 29, 'change': 1}
2025-03-06 20:52:53,737 : INFO : EventManager : Event: ======'playfield_active'====== Args={}
2025-03-06 20:52:53,772 : INFO : SwitchController : <<<<<<< 's_playfield_entry' inactive >>>>>>>
2025-03-06 20:52:53,799 : INFO : ball_device.bd_plunger_lane : Got eject confirm
2025-03-06 20:52:53,799 : INFO : ball_device.bd_plunger_lane : Eject successful
2025-03-06 20:52:53,799 : INFO : EventManager : Event: ======'balldevice_bd_plunger_lane_ball_eject_success'====== Args={'balls': 1, 'target': <playfield.playfield>}
2025-03-06 20:52:53,800 : INFO : EventManager : Event: ======'balldevice_playfield_ball_enter'====== Args={'new_balls': 1, 'unclaimed_balls': 1, 'device': <playfield.playfield>}
2025-03-06 20:52:53,800 : INFO : EventManager : Event: ======'playfield_ball_count_change'====== Args={'balls': 1, 'change': 1}
2025-03-06 20:52:53,800 : INFO : EventManager : Event: ======'balldevice_bd_plunger_lane_ball_count_changed'====== Args={'balls': 0}
2025-03-06 20:52:53,864 : INFO : SwitchController : <<<<<<< 's_trough1' active >>>>>>>
2025-03-06 20:52:53,864 : INFO : EventManager : Event: ======'machine_var_audits_switches_s_trough1'====== Args={'value': 26, 'prev_value': 25, 'change': 1}
2025-03-06 20:52:54,166 : INFO : EventManager : Event: ======'balldevice_bd_trough_ball_count_changed'====== Args={'balls': 3}
2025-03-06 20:52:54,167 : INFO : ball_device.bd_trough : Received unexpected ball
2025-03-06 20:52:54,167 : INFO : EventManager : Event: ======'balldevice_captured_from_playfield'====== Args={'balls': 1}
2025-03-06 20:52:54,167 : INFO : EventManager : Event: ======'sw_playfield_active'====== Args={'balls': 1}
2025-03-06 20:52:54,167 : INFO : EventManager : Event: ======'playfield_ball_count_change'====== Args={'balls': 0, 'change': -1}
2025-03-06 20:52:54,168 : INFO : EventManager : Event: ======'balldevice_bd_trough_ball_enter'====== Args={'new_balls': 1, 'unclaimed_balls': 1, 'new_available_balls': 1, 'device': <ball_device.bd_trough>}
2025-03-06 20:52:54,168 : INFO : EventManager : Event: ======'ball_drain'====== Args={'device': <ball_device.bd_trough>, 'balls': 1}
2025-03-06 20:52:54,170 : INFO : EventManager : Event: ======'ball_will_end'====== Args={}
2025-03-06 20:52:54,170 : INFO : EventManager : Event: ======'balldevice_balls_available'====== Args={}
2025-03-06 20:52:54,170 : INFO : EventManager : Event: ======'balldevice_bd_trough_ball_entered'====== Args={'new_balls': 1, 'device': <ball_device.bd_trough>}
2025-03-06 20:52:54,170 : INFO : EventManager : Event: ======'ball_ending'====== Args={}
2025-03-06 20:52:54,171 : INFO : EventManager : Event: ======'mode_base_will_stop'====== Args={}
2025-03-06 20:52:54,171 : INFO : EventManager : Event: ======'mode_base_stopping'====== Args={}
2025-03-06 20:52:54,171 : INFO : Mode.base : Stopped.
2025-03-06 20:52:54,171 : INFO : EventManager : Event: ======'modes_active_modes_changed'====== Args={}
2025-03-06 20:52:54,172 : INFO : EventManager : Event: ======'mode_base_stopped'====== Args={}
2025-03-06 20:52:54,172 : INFO : EventManager : Event: ======'clear'====== Args={'key': 'base'}
2025-03-06 20:52:54,198 : INFO : EventManager : Event: ======'ball_ended'====== Args={}
2025-03-06 20:52:54,199 : INFO : EventManager : Event: ======'slide_base.slide_player-mode_base_started_removed'====== Args={'_from_bcp': True}
2025-03-06 20:52:54,199 : INFO : EventManager : Event: ======'slide_welcome_slide_active'====== Args={'_from_bcp': True}
2025-03-06 20:52:54,199 : INFO : EventManager : Event: ======'player_turn_will_end'====== Args={'player': <Player 2>, 'number': 2}
2025-03-06 20:52:54,201 : INFO : ball_device.bd_plunger_lane : State: idle
2025-03-06 20:52:54,201 : INFO : EventManager : Event: ======'player_turn_ending'====== Args={'player': <Player 2>, 'number': 2}
2025-03-06 20:52:54,201 : INFO : EventManager : Event: ======'player_turn_ended'====== Args={'player': <Player 2>, 'number': 2}
2025-03-06 20:52:54,201 : INFO : EventManager : Event: ======'player_turn_will_start'====== Args={'player': <Player 1>, 'number': 1}
2025-03-06 20:52:54,201 : INFO : EventManager : Event: ======'player_turn_starting'====== Args={'player': <Player 1>, 'number': 1}
2025-03-06 20:52:54,202 : INFO : EventManager : Event: ======'player_ball'====== Args={'value': 3, 'prev_value': 2, 'change': 1, 'player_num': 1}
2025-03-06 20:52:54,202 : INFO : EventManager : Event: ======'player_turn_started'====== Args={'player': <Player 1>, 'number': 1}
2025-03-06 20:52:54,202 : INFO : EventManager : Event: ======'ball_will_start'====== Args={'player': 1, 'ball': 3, 'balls_remaining': 0, 'is_extra_ball': False}
2025-03-06 20:52:54,205 : INFO : EventManager : Event: ======'ball_starting'====== Args={'player': 1, 'ball': 3, 'balls_remaining': 0, 'is_extra_ball': False}
2025-03-06 20:52:54,205 : INFO : EventManager : Event: ======'balls_in_play'====== Args={'balls': 1}
2025-03-06 20:52:54,205 : INFO : EventManager : Event: ======'ball_started'====== Args={'player': 1, 'ball': 3, 'balls_remaining': 0, 'is_extra_ball': False}
2025-03-06 20:52:54,205 : INFO : EventManager : Event: ======'mode_base_will_start'====== Args={'player': 1, 'ball': 3, 'balls_remaining': 0, 'is_extra_ball': False}
2025-03-06 20:52:54,205 : INFO : EventManager : Event: ======'mode_base_starting'====== Args={'player': 1, 'ball': 3, 'balls_remaining': 0, 'is_extra_ball': False}
2025-03-06 20:52:54,206 : INFO : Mode.base : Started. Priority: 100
2025-03-06 20:52:54,206 : INFO : EventManager : Event: ======'modes_active_modes_changed'====== Args={}
2025-03-06 20:52:54,206 : INFO : EventManager : Event: ======'mode_base_started'====== Args={'player': 1, 'ball': 3, 'balls_remaining': 0, 'is_extra_ball': False}
2025-03-06 20:52:54,206 : INFO : EventManager : Event: ======'multi_player_ball_started'====== Args={}
2025-03-06 20:52:54,218 : INFO : EventManager : Event: ======'player_1_ball_started'====== Args={}
2025-03-06 20:52:54,218 : INFO : EventManager : Event: ======'slide_base.slide_player-mode_base_started_created'====== Args={'_from_bcp': True}
2025-03-06 20:52:54,218 : INFO : EventManager : Event: ======'ball_start_target'====== Args={'target': 'playfield'}
2025-03-06 20:52:54,218 : INFO : ball_device.bd_plunger_lane : Setting up player-controlled eject. Balls: 1, Target: <playfield.playfield>, player_controlled_eject_event: None
2025-03-06 20:52:54,218 : INFO : ball_device.bd_plunger_lane : Adding 1 ball(s) to the eject_queue with target <playfield.playfield>.
2025-03-06 20:52:54,218 : INFO : EventManager : Event: ======'balldevice_balls_available'====== Args={}
2025-03-06 20:52:54,219 : INFO : ball_device.bd_trough : State: waiting_for_target_ready
2025-03-06 20:52:54,219 : INFO : EventManager : Event: ======'balldevice_bd_trough_ball_eject_attempt'====== Args={'balls': 1, 'target': <ball_device.bd_plunger_lane>, 'source': <ball_device.bd_trough>, 'mechanical_eject': False, 'num_attempts': 0}
2025-03-06 20:52:54,219 : INFO : ball_device.bd_plunger_lane : State: waiting_for_ball
2025-03-06 20:52:54,219 : INFO : ball_device.bd_trough : State: ejecting
2025-03-06 20:52:54,219 : INFO : ball_device.bd_trough : Ejecting ball to <ball_device.bd_plunger_lane>
2025-03-06 20:52:54,219 : INFO : EventManager : Event: ======'balldevice_bd_trough_ejecting_ball'====== Args={'balls': 1, 'target': <ball_device.bd_plunger_lane>, 'source': <ball_device.bd_trough>, 'mechanical_eject': False, 'num_attempts': 0}
2025-03-06 20:52:54,219 : INFO : EventManager : Event: ======'slide_base.slide_player-mode_base_started_active'====== Args={'_from_bcp': True}
2025-03-06 20:52:54,219 : INFO : ball_device.bd_trough : Wait for ball to leave device
2025-03-06 20:52:54,219 : INFO : coil.c_trough_release : Pulsing Driver for 20ms (1.0 pulse_power)
2025-03-06 20:52:54,219 : INFO : SwitchController : <<<<<<< 's_trough1' inactive >>>>>>>
2025-03-06 20:52:54,222 : INFO : ball_device.bd_trough : State: ball_left
2025-03-06 20:52:54,222 : INFO : ball_device.bd_trough : Ball left
2025-03-06 20:52:54,222 : INFO : ball_device.bd_trough : Wait for confirm with timeout 3.0
2025-03-06 20:52:54,339 : INFO : SwitchController : <<<<<<< 's_plunger_lane' active >>>>>>>
2025-03-06 20:52:54,340 : INFO : EventManager : Event: ======'machine_var_audits_switches_s_plunger_lane'====== Args={'value': 46, 'prev_value': 45, 'change': 1}
2025-03-06 20:52:54,869 : INFO : ball_device.bd_plunger_lane : Received ball from <ball_device.bd_trough>
2025-03-06 20:52:54,870 : INFO : EventManager : Event: ======'balldevice_bd_plunger_lane_ball_enter'====== Args={'new_balls': 1, 'unclaimed_balls': 0, 'new_available_balls': 0, 'device': <ball_device.bd_plunger_lane>}
2025-03-06 20:52:54,871 : INFO : EventManager : Event: ======'balldevice_bd_plunger_lane_ball_entered'====== Args={'new_balls': 0, 'device': <ball_device.bd_plunger_lane>}
2025-03-06 20:52:54,871 : INFO : EventManager : Event: ======'balldevice_bd_plunger_lane_ball_count_changed'====== Args={'balls': 1}
2025-03-06 20:52:54,871 : INFO : ball_device.bd_trough : Got eject confirm
2025-03-06 20:52:54,871 : INFO : ball_device.bd_trough : Eject successful
2025-03-06 20:52:54,871 : INFO : EventManager : Event: ======'balldevice_bd_trough_ball_eject_success'====== Args={'balls': 1, 'target': <ball_device.bd_plunger_lane>}
2025-03-06 20:52:54,871 : INFO : ball_device.bd_plunger_lane : State: waiting_for_target_ready
2025-03-06 20:52:54,871 : INFO : EventManager : Event: ======'balldevice_bd_plunger_lane_ball_eject_attempt'====== Args={'balls': 1, 'target': <playfield.playfield>, 'source': <ball_device.bd_plunger_lane>, 'mechanical_eject': False, 'num_attempts': 0}
2025-03-06 20:52:54,871 : INFO : EventManager : Event: ======'balldevice_bd_trough_ball_count_changed'====== Args={'balls': 2}
2025-03-06 20:52:54,871 : INFO : ball_device.bd_trough : State: idle
2025-03-06 20:52:54,872 : INFO : ball_device.bd_plunger_lane : State: ejecting
2025-03-06 20:52:54,872 : INFO : ball_device.bd_plunger_lane : Ejecting ball to <playfield.playfield>
2025-03-06 20:52:54,872 : INFO : EventManager : Event: ======'balldevice_bd_plunger_lane_ejecting_ball'====== Args={'balls': 1, 'target': <playfield.playfield>, 'source': <ball_device.bd_plunger_lane>, 'mechanical_eject': False, 'num_attempts': 0}
2025-03-06 20:52:54,873 : INFO : ball_device.bd_plunger_lane : Wait for ball to leave device
2025-03-06 20:52:54,873 : INFO : coil.c_autolauncher : Pulsing Driver for 20ms (1.0 pulse_power)
2025-03-06 20:52:54,873 : INFO : SwitchController : <<<<<<< 's_plunger_lane' inactive >>>>>>>
2025-03-06 20:52:54,879 : INFO : ball_device.bd_plunger_lane : State: ball_left
2025-03-06 20:52:54,879 : INFO : ball_device.bd_plunger_lane : Ball left
2025-03-06 20:52:54,879 : INFO : ball_device.bd_plunger_lane : Wait for confirm with timeout 3.0
2025-03-06 20:52:54,930 : INFO : SwitchController : <<<<<<< 's_playfield_entry' active >>>>>>>
2025-03-06 20:52:54,931 : INFO : EventManager : Event: ======'sw_playfield_active'====== Args={}
2025-03-06 20:52:54,931 : INFO : EventManager : Event: ======'machine_var_audits_switches_s_playfield_entry'====== Args={'value': 31, 'prev_value': 30, 'change': 1}
2025-03-06 20:52:54,933 : INFO : EventManager : Event: ======'playfield_active'====== Args={}
2025-03-06 20:52:54,955 : INFO : SwitchController : <<<<<<< 's_playfield_entry' inactive >>>>>>>
2025-03-06 20:52:54,966 : INFO : ball_device.bd_plunger_lane : Got eject confirm
2025-03-06 20:52:54,966 : INFO : ball_device.bd_plunger_lane : Eject successful
2025-03-06 20:52:54,966 : INFO : EventManager : Event: ======'balldevice_bd_plunger_lane_ball_eject_success'====== Args={'balls': 1, 'target': <playfield.playfield>}
2025-03-06 20:52:54,967 : INFO : EventManager : Event: ======'balldevice_playfield_ball_enter'====== Args={'new_balls': 1, 'unclaimed_balls': 1, 'device': <playfield.playfield>}
2025-03-06 20:52:54,967 : INFO : EventManager : Event: ======'playfield_ball_count_change'====== Args={'balls': 1, 'change': 1}
2025-03-06 20:52:54,967 : INFO : EventManager : Event: ======'balldevice_bd_plunger_lane_ball_count_changed'====== Args={'balls': 0}
2025-03-06 20:52:55,204 : INFO : SwitchController : <<<<<<< 's_trough1' active >>>>>>>
2025-03-06 20:52:55,204 : INFO : EventManager : Event: ======'machine_var_audits_switches_s_trough1'====== Args={'value': 27, 'prev_value': 26, 'change': 1}
2025-03-06 20:52:55,398 : INFO : ball_device.bd_plunger_lane : State: idle
2025-03-06 20:52:55,521 : INFO : EventManager : Event: ======'balldevice_bd_trough_ball_count_changed'====== Args={'balls': 3}
2025-03-06 20:52:55,521 : INFO : ball_device.bd_trough : Received unexpected ball
2025-03-06 20:52:55,521 : INFO : EventManager : Event: ======'balldevice_captured_from_playfield'====== Args={'balls': 1}
2025-03-06 20:52:55,521 : INFO : EventManager : Event: ======'sw_playfield_active'====== Args={'balls': 1}
2025-03-06 20:52:55,521 : INFO : EventManager : Event: ======'playfield_ball_count_change'====== Args={'balls': 0, 'change': -1}
2025-03-06 20:52:55,522 : INFO : EventManager : Event: ======'balldevice_bd_trough_ball_enter'====== Args={'new_balls': 1, 'unclaimed_balls': 1, 'new_available_balls': 1, 'device': <ball_device.bd_trough>}
2025-03-06 20:52:55,523 : INFO : EventManager : Event: ======'ball_drain'====== Args={'device': <ball_device.bd_trough>, 'balls': 1}
2025-03-06 20:52:55,523 : INFO : EventManager : Event: ======'ball_will_end'====== Args={}
2025-03-06 20:52:55,524 : INFO : EventManager : Event: ======'balldevice_balls_available'====== Args={}
2025-03-06 20:52:55,524 : INFO : EventManager : Event: ======'balldevice_bd_trough_ball_entered'====== Args={'new_balls': 1, 'device': <ball_device.bd_trough>}
2025-03-06 20:52:55,524 : INFO : EventManager : Event: ======'ball_ending'====== Args={}
2025-03-06 20:52:55,525 : INFO : EventManager : Event: ======'mode_base_will_stop'====== Args={}
2025-03-06 20:52:55,525 : INFO : EventManager : Event: ======'mode_base_stopping'====== Args={}
2025-03-06 20:52:55,525 : INFO : Mode.base : Stopped.
2025-03-06 20:52:55,525 : INFO : EventManager : Event: ======'modes_active_modes_changed'====== Args={}
2025-03-06 20:52:55,526 : INFO : EventManager : Event: ======'mode_base_stopped'====== Args={}
2025-03-06 20:52:55,526 : INFO : EventManager : Event: ======'clear'====== Args={'key': 'base'}
2025-03-06 20:52:55,582 : INFO : EventManager : Event: ======'ball_ended'====== Args={}
2025-03-06 20:52:55,584 : INFO : EventManager : Event: ======'slide_base.slide_player-mode_base_started_removed'====== Args={'_from_bcp': True}
2025-03-06 20:52:55,584 : INFO : EventManager : Event: ======'slide_welcome_slide_active'====== Args={'_from_bcp': True}
2025-03-06 20:52:55,584 : INFO : EventManager : Event: ======'player_turn_will_end'====== Args={'player': <Player 1>, 'number': 1}
2025-03-06 20:52:55,588 : INFO : EventManager : Event: ======'player_turn_ending'====== Args={'player': <Player 1>, 'number': 1}
2025-03-06 20:52:55,588 : INFO : EventManager : Event: ======'player_turn_ended'====== Args={'player': <Player 1>, 'number': 1}
2025-03-06 20:52:55,588 : INFO : EventManager : Event: ======'player_turn_will_start'====== Args={'player': <Player 2>, 'number': 2}
2025-03-06 20:52:55,588 : INFO : EventManager : Event: ======'player_turn_starting'====== Args={'player': <Player 2>, 'number': 2}
2025-03-06 20:52:55,588 : INFO : EventManager : Event: ======'player_ball'====== Args={'value': 3, 'prev_value': 2, 'change': 1, 'player_num': 2}
2025-03-06 20:52:55,589 : INFO : EventManager : Event: ======'player_turn_started'====== Args={'player': <Player 2>, 'number': 2}
2025-03-06 20:52:55,589 : INFO : EventManager : Event: ======'ball_will_start'====== Args={'player': 2, 'ball': 3, 'balls_remaining': 0, 'is_extra_ball': False}
2025-03-06 20:52:55,592 : INFO : EventManager : Event: ======'ball_starting'====== Args={'player': 2, 'ball': 3, 'balls_remaining': 0, 'is_extra_ball': False}
2025-03-06 20:52:55,592 : INFO : EventManager : Event: ======'balls_in_play'====== Args={'balls': 1}
2025-03-06 20:52:55,592 : INFO : EventManager : Event: ======'ball_started'====== Args={'player': 2, 'ball': 3, 'balls_remaining': 0, 'is_extra_ball': False}
2025-03-06 20:52:55,593 : INFO : EventManager : Event: ======'mode_base_will_start'====== Args={'player': 2, 'ball': 3, 'balls_remaining': 0, 'is_extra_ball': False}
2025-03-06 20:52:55,593 : INFO : EventManager : Event: ======'mode_base_starting'====== Args={'player': 2, 'ball': 3, 'balls_remaining': 0, 'is_extra_ball': False}
2025-03-06 20:52:55,593 : INFO : Mode.base : Started. Priority: 100
2025-03-06 20:52:55,593 : INFO : EventManager : Event: ======'modes_active_modes_changed'====== Args={}
2025-03-06 20:52:55,593 : INFO : EventManager : Event: ======'mode_base_started'====== Args={'player': 2, 'ball': 3, 'balls_remaining': 0, 'is_extra_ball': False}
2025-03-06 20:52:55,594 : INFO : EventManager : Event: ======'multi_player_ball_started'====== Args={}
2025-03-06 20:52:55,606 : INFO : EventManager : Event: ======'player_2_ball_started'====== Args={}
2025-03-06 20:52:55,606 : INFO : EventManager : Event: ======'ball_start_target'====== Args={'target': 'playfield'}
2025-03-06 20:52:55,606 : INFO : ball_device.bd_plunger_lane : Setting up player-controlled eject. Balls: 1, Target: <playfield.playfield>, player_controlled_eject_event: None
2025-03-06 20:52:55,607 : INFO : ball_device.bd_plunger_lane : Adding 1 ball(s) to the eject_queue with target <playfield.playfield>.
2025-03-06 20:52:55,607 : INFO : EventManager : Event: ======'balldevice_balls_available'====== Args={}
2025-03-06 20:52:55,607 : INFO : ball_device.bd_trough : State: waiting_for_target_ready
2025-03-06 20:52:55,607 : INFO : EventManager : Event: ======'balldevice_bd_trough_ball_eject_attempt'====== Args={'balls': 1, 'target': <ball_device.bd_plunger_lane>, 'source': <ball_device.bd_trough>, 'mechanical_eject': False, 'num_attempts': 0}
2025-03-06 20:52:55,607 : INFO : ball_device.bd_plunger_lane : State: waiting_for_ball
2025-03-06 20:52:55,607 : INFO : ball_device.bd_trough : State: ejecting
2025-03-06 20:52:55,607 : INFO : ball_device.bd_trough : Ejecting ball to <ball_device.bd_plunger_lane>
2025-03-06 20:52:55,607 : INFO : EventManager : Event: ======'balldevice_bd_trough_ejecting_ball'====== Args={'balls': 1, 'target': <ball_device.bd_plunger_lane>, 'source': <ball_device.bd_trough>, 'mechanical_eject': False, 'num_attempts': 0}
2025-03-06 20:52:55,607 : INFO : ball_device.bd_trough : Wait for ball to leave device
2025-03-06 20:52:55,607 : INFO : coil.c_trough_release : Pulsing Driver for 20ms (1.0 pulse_power)
2025-03-06 20:52:55,607 : INFO : SwitchController : <<<<<<< 's_trough1' inactive >>>>>>>
2025-03-06 20:52:55,610 : INFO : EventManager : Event: ======'slide_base.slide_player-mode_base_started_created'====== Args={'_from_bcp': True}
2025-03-06 20:52:55,611 : INFO : EventManager : Event: ======'slide_base.slide_player-mode_base_started_active'====== Args={'_from_bcp': True}
2025-03-06 20:52:55,611 : INFO : ball_device.bd_trough : State: ball_left
2025-03-06 20:52:55,611 : INFO : ball_device.bd_trough : Ball left
2025-03-06 20:52:55,611 : INFO : ball_device.bd_trough : Wait for confirm with timeout 3.0
2025-03-06 20:52:55,723 : INFO : SwitchController : <<<<<<< 's_plunger_lane' active >>>>>>>
2025-03-06 20:52:55,724 : INFO : EventManager : Event: ======'machine_var_audits_switches_s_plunger_lane'====== Args={'value': 47, 'prev_value': 46, 'change': 1}
2025-03-06 20:52:56,239 : INFO : ball_device.bd_plunger_lane : Received ball from <ball_device.bd_trough>
2025-03-06 20:52:56,240 : INFO : EventManager : Event: ======'balldevice_bd_plunger_lane_ball_enter'====== Args={'new_balls': 1, 'unclaimed_balls': 0, 'new_available_balls': 0, 'device': <ball_device.bd_plunger_lane>}
2025-03-06 20:52:56,241 : INFO : EventManager : Event: ======'balldevice_bd_plunger_lane_ball_entered'====== Args={'new_balls': 0, 'device': <ball_device.bd_plunger_lane>}
2025-03-06 20:52:56,241 : INFO : EventManager : Event: ======'balldevice_bd_plunger_lane_ball_count_changed'====== Args={'balls': 1}
2025-03-06 20:52:56,241 : INFO : ball_device.bd_trough : Got eject confirm
2025-03-06 20:52:56,241 : INFO : ball_device.bd_trough : Eject successful
2025-03-06 20:52:56,242 : INFO : EventManager : Event: ======'balldevice_bd_trough_ball_eject_success'====== Args={'balls': 1, 'target': <ball_device.bd_plunger_lane>}
2025-03-06 20:52:56,242 : INFO : ball_device.bd_plunger_lane : State: waiting_for_target_ready
2025-03-06 20:52:56,242 : INFO : EventManager : Event: ======'balldevice_bd_plunger_lane_ball_eject_attempt'====== Args={'balls': 1, 'target': <playfield.playfield>, 'source': <ball_device.bd_plunger_lane>, 'mechanical_eject': False, 'num_attempts': 0}
2025-03-06 20:52:56,243 : INFO : EventManager : Event: ======'balldevice_bd_trough_ball_count_changed'====== Args={'balls': 2}
2025-03-06 20:52:56,243 : INFO : ball_device.bd_trough : State: idle
2025-03-06 20:52:56,245 : INFO : ball_device.bd_plunger_lane : State: ejecting
2025-03-06 20:52:56,246 : INFO : ball_device.bd_plunger_lane : Ejecting ball to <playfield.playfield>
2025-03-06 20:52:56,246 : INFO : EventManager : Event: ======'balldevice_bd_plunger_lane_ejecting_ball'====== Args={'balls': 1, 'target': <playfield.playfield>, 'source': <ball_device.bd_plunger_lane>, 'mechanical_eject': False, 'num_attempts': 0}
2025-03-06 20:52:56,247 : INFO : ball_device.bd_plunger_lane : Wait for ball to leave device
2025-03-06 20:52:56,247 : INFO : coil.c_autolauncher : Pulsing Driver for 20ms (1.0 pulse_power)
2025-03-06 20:52:56,248 : INFO : SwitchController : <<<<<<< 's_plunger_lane' inactive >>>>>>>
2025-03-06 20:52:56,273 : INFO : ball_device.bd_plunger_lane : State: ball_left
2025-03-06 20:52:56,273 : INFO : ball_device.bd_plunger_lane : Ball left
2025-03-06 20:52:56,273 : INFO : ball_device.bd_plunger_lane : Wait for confirm with timeout 3.0
2025-03-06 20:52:56,316 : INFO : SwitchController : <<<<<<< 's_playfield_entry' active >>>>>>>
2025-03-06 20:52:56,316 : INFO : EventManager : Event: ======'sw_playfield_active'====== Args={}
2025-03-06 20:52:56,316 : INFO : EventManager : Event: ======'machine_var_audits_switches_s_playfield_entry'====== Args={'value': 32, 'prev_value': 31, 'change': 1}
2025-03-06 20:52:56,316 : INFO : EventManager : Event: ======'playfield_active'====== Args={}
2025-03-06 20:52:56,325 : INFO : SwitchController : <<<<<<< 's_playfield_entry' inactive >>>>>>>
2025-03-06 20:52:56,328 : INFO : ball_device.bd_plunger_lane : Got eject confirm
2025-03-06 20:52:56,328 : INFO : ball_device.bd_plunger_lane : Eject successful
2025-03-06 20:52:56,328 : INFO : EventManager : Event: ======'balldevice_bd_plunger_lane_ball_eject_success'====== Args={'balls': 1, 'target': <playfield.playfield>}
2025-03-06 20:52:56,329 : INFO : EventManager : Event: ======'balldevice_playfield_ball_enter'====== Args={'new_balls': 1, 'unclaimed_balls': 1, 'device': <playfield.playfield>}
2025-03-06 20:52:56,329 : INFO : EventManager : Event: ======'playfield_ball_count_change'====== Args={'balls': 1, 'change': 1}
2025-03-06 20:52:56,329 : INFO : EventManager : Event: ======'balldevice_bd_plunger_lane_ball_count_changed'====== Args={'balls': 0}
2025-03-06 20:52:56,752 : INFO : ball_device.bd_plunger_lane : State: idle
2025-03-06 20:52:57,164 : INFO : SwitchController : <<<<<<< 's_trough1' active >>>>>>>
2025-03-06 20:52:57,165 : INFO : EventManager : Event: ======'machine_var_audits_switches_s_trough1'====== Args={'value': 28, 'prev_value': 27, 'change': 1}
2025-03-06 20:52:57,467 : INFO : EventManager : Event: ======'balldevice_bd_trough_ball_count_changed'====== Args={'balls': 3}
2025-03-06 20:52:57,468 : INFO : ball_device.bd_trough : Received unexpected ball
2025-03-06 20:52:57,468 : INFO : EventManager : Event: ======'balldevice_captured_from_playfield'====== Args={'balls': 1}
2025-03-06 20:52:57,471 : INFO : EventManager : Event: ======'sw_playfield_active'====== Args={'balls': 1}
2025-03-06 20:52:57,471 : INFO : EventManager : Event: ======'playfield_ball_count_change'====== Args={'balls': 0, 'change': -1}
2025-03-06 20:52:57,472 : INFO : EventManager : Event: ======'balldevice_bd_trough_ball_enter'====== Args={'new_balls': 1, 'unclaimed_balls': 1, 'new_available_balls': 1, 'device': <ball_device.bd_trough>}
2025-03-06 20:52:57,474 : INFO : EventManager : Event: ======'ball_drain'====== Args={'device': <ball_device.bd_trough>, 'balls': 1}
2025-03-06 20:52:57,474 : INFO : EventManager : Event: ======'ball_will_end'====== Args={}
2025-03-06 20:52:57,475 : INFO : EventManager : Event: ======'balldevice_balls_available'====== Args={}
2025-03-06 20:52:57,475 : INFO : EventManager : Event: ======'balldevice_bd_trough_ball_entered'====== Args={'new_balls': 1, 'device': <ball_device.bd_trough>}
2025-03-06 20:52:57,476 : INFO : EventManager : Event: ======'ball_ending'====== Args={}
2025-03-06 20:52:57,476 : INFO : EventManager : Event: ======'mode_base_will_stop'====== Args={}
2025-03-06 20:52:57,477 : INFO : EventManager : Event: ======'mode_base_stopping'====== Args={}
2025-03-06 20:52:57,477 : INFO : Mode.base : Stopped.
2025-03-06 20:52:57,477 : INFO : EventManager : Event: ======'modes_active_modes_changed'====== Args={}
2025-03-06 20:52:57,478 : INFO : EventManager : Event: ======'mode_base_stopped'====== Args={}
2025-03-06 20:52:57,478 : INFO : EventManager : Event: ======'clear'====== Args={'key': 'base'}
2025-03-06 20:52:57,528 : INFO : EventManager : Event: ======'ball_ended'====== Args={}
2025-03-06 20:52:57,529 : INFO : EventManager : Event: ======'slide_base.slide_player-mode_base_started_removed'====== Args={'_from_bcp': True}
2025-03-06 20:52:57,529 : INFO : EventManager : Event: ======'slide_welcome_slide_active'====== Args={'_from_bcp': True}
2025-03-06 20:52:57,529 : INFO : EventManager : Event: ======'player_turn_will_end'====== Args={'player': <Player 2>, 'number': 2}
2025-03-06 20:52:57,532 : INFO : EventManager : Event: ======'player_turn_ending'====== Args={'player': <Player 2>, 'number': 2}
2025-03-06 20:52:57,532 : INFO : EventManager : Event: ======'player_turn_ended'====== Args={'player': <Player 2>, 'number': 2}
2025-03-06 20:52:57,533 : INFO : EventManager : Event: ======'game_will_end'====== Args={}
2025-03-06 20:52:57,533 : INFO : EventManager : Event: ======'game_ending'====== Args={}
2025-03-06 20:52:57,533 : INFO : EventManager : Event: ======'machine_var_player2_score'====== Args={'value': 0, 'prev_value': None, 'change': True}
2025-03-06 20:52:57,533 : INFO : EventManager : Event: ======'game_ended'====== Args={}
2025-03-06 20:52:57,533 : INFO : EventManager : Event: ======'mode_game_will_stop'====== Args={}
2025-03-06 20:52:57,533 : INFO : EventManager : Event: ======'mode_game_stopping'====== Args={}
2025-03-06 20:52:57,534 : INFO : EventManager : Event: ======'mode_attract_will_start'====== Args={}
2025-03-06 20:52:57,535 : INFO : EventManager : Event: ======'mode_attract_starting'====== Args={}
2025-03-06 20:52:57,535 : INFO : Mode.attract : Started. Priority: 10
2025-03-06 20:52:57,535 : INFO : EventManager : Event: ======'modes_active_modes_changed'====== Args={}
2025-03-06 20:52:57,535 : INFO : EventManager : Event: ======'mode_attract_started'====== Args={}
2025-03-06 20:52:57,535 : INFO : EventManager : Event: ======'collecting_balls_complete'====== Args={}
2025-03-06 20:52:57,551 : INFO : Mode.game : Stopped.
2025-03-06 20:52:57,551 : INFO : EventManager : Event: ======'modes_active_modes_changed'====== Args={}
2025-03-06 20:52:57,551 : INFO : EventManager : Event: ======'mode_game_stopped'====== Args={}
2025-03-06 20:52:57,551 : INFO : EventManager : Event: ======'clear'====== Args={'key': 'game'}
2025-03-06 20:52:57,563 : INFO : EventManager : Event: ======'slide_welcome_slide_removed'====== Args={'_from_bcp': True}
2025-03-06 20:52:57,563 : INFO : EventManager : Event: ======'slide_welcome_slide_created'====== Args={'_from_bcp': True}
2025-03-06 20:52:57,564 : INFO : EventManager : Event: ======'slide_welcome_slide_active'====== Args={'_from_bcp': True}
2025-03-06 20:53:00,057 : INFO : Machine : Shutting down...
2025-03-06 20:53:00,058 : INFO : EventManager : Event: ======'shutdown'====== Args={}
2025-03-06 20:53:00,069 : INFO : root : MPF run loop ended.
