2025-03-21 13:54:01,325 : INFO : root : Loading config.
2025-03-21 13:54:01,329 : INFO : YamlMultifileConfigLoader : Machine config file #1: config.yaml
2025-03-21 13:54:01,330 : INFO : ConfigProcessor : Loading config from cache: C:\Users\duffb\AppData\Local\Temp\cadfdee4981114acd6fff59d1071b59b.mpf_cache
2025-03-21 13:54:01,470 : INFO : ConfigProcessor : Loading config from cache: C:\Users\duffb\AppData\Local\Temp\ee7db1e8d011f44c876692bb4657f2e9.mpf_cache
2025-03-21 13:54:01,471 : INFO : ConfigProcessor : Loading config from cache: C:\Users\duffb\AppData\Local\Temp\9f058d482eac17116727d62a93500be7.mpf_cache
2025-03-21 13:54:01,472 : WARNING : ConfigProcessor : Config file in cache changed: C:\Users\duffb\OneDrive\Documents\Python Envs\PinBallWW1\Machine\modes\intro\config\intro.yaml
2025-03-21 13:54:01,472 : INFO : ConfigProcessor : Loading config from file C:\Users\duffb\OneDrive\Documents\Python Envs\PinBallWW1\Machine\modes\intro\config\intro.yaml.
2025-03-21 13:54:01,489 : INFO : ConfigProcessor : Loading config: C:\Users\duffb\OneDrive\Documents\Python Envs\PinBallWW1\Machine\modes\intro\config\intro.yaml
2025-03-21 13:54:01,489 : INFO : ConfigProcessor : Config file cache created: C:\Users\duffb\AppData\Local\Temp\2c9362052ff91db960f514d041b7f4e4.mpf_cache
2025-03-21 13:54:01,490 : INFO : ConfigProcessor : Loading config from cache: C:\Users\duffb\AppData\Local\Temp\9e006ea23aa21ec68e01f6c49afad9f4.mpf_cache
2025-03-21 13:54:01,491 : INFO : ConfigProcessor : Loading config from cache: C:\Users\duffb\AppData\Local\Temp\fd253b339e263587268891c4dd997fbd.mpf_cache
2025-03-21 13:54:01,492 : INFO : ConfigProcessor : Loading config from cache: C:\Users\duffb\AppData\Local\Temp\c114ce798d07012a33b8b14d8f953bb7.mpf_cache
2025-03-21 13:54:01,493 : INFO : ConfigProcessor : Loading config from cache: C:\Users\duffb\AppData\Local\Temp\ef70c2e65c3659b77bacdd3a7a24b233.mpf_cache
2025-03-21 13:54:01,507 : INFO : ConfigProcessor : Loading config from cache: C:\Users\duffb\AppData\Local\Temp\ec6e376f0ea10a5fdf8f7130b4bbbe7c.mpf_cache
2025-03-21 13:54:01,508 : INFO : Machine : Mission Pinball Framework Core Engine v0.57.0
2025-03-21 13:54:01,508 : INFO : Machine : Command line arguments: {'no_load_cache': False, 'create_config_cache': True, 'bcp': True, 'configfile': ['config.yaml'], 'force_assets_load': False, 'platform_integration_test': False, 'jsonlogging': False, 'logfile': 'logs\\2025-03-21-13-54-01-mpf-T0SHIII.log', 'pause': False, 'production': False, 'text_ui': True, 'loglevel': 15, 'consoleloglevel': 20, 'force_platform': None, 'syslog_address': None, 'mc_file_name': None, 'no_sound': False}
2025-03-21 13:54:01,508 : INFO : Machine : MPF path: C:\Users\duffb\.pyenv\pyenv-win\versions\3.11.0\Lib\site-packages\mpf
2025-03-21 13:54:01,508 : INFO : Machine : Machine path: C:\Users\duffb\OneDrive\Documents\Python Envs\PinBallWW1\Machine
2025-03-21 13:54:01,508 : INFO : Machine : Platform: win32
2025-03-21 13:54:01,508 : INFO : Machine : Python executable location: C:\Users\duffb\.pyenv\pyenv-win\versions\3.11.0\python.exe
2025-03-21 13:54:01,508 : INFO : Machine : Python version: 3.11.0 (64-bit)
2025-03-21 13:54:01,510 : INFO : Machine : Initializing MPF...
2025-03-21 13:54:01,743 : INFO : EventManager : Event: ======'machine_var_credits_string'====== Args={'value': 'FREE PLAY', 'prev_value': None, 'change': True}
2025-03-21 13:54:01,817 : INFO : EventManager : Event: ======'machine_var_master_volume'====== Args={'value': 0.5, 'prev_value': None, 'change': True}
2025-03-21 13:54:01,817 : INFO : EventManager : Event: ======'machine_var_player1_score'====== Args={'value': 8000, 'prev_value': None, 'change': True}
2025-03-21 13:54:01,817 : INFO : EventManager : Event: ======'machine_var_player2_score'====== Args={'value': 1000, 'prev_value': None, 'change': True}
2025-03-21 13:54:01,817 : INFO : EventManager : Event: ======'machine_var_mpf_version'====== Args={'value': 'Mission Pinball Framework v0.57.0', 'prev_value': None, 'change': True}
2025-03-21 13:54:01,817 : INFO : EventManager : Event: ======'machine_var_mpf_extended_version'====== Args={'value': 'Mission Pinball Framework v0.57.0, Config version:6, Show version: 6, BCP version:1.1', 'prev_value': None, 'change': True}
2025-03-21 13:54:01,817 : INFO : EventManager : Event: ======'machine_var_python_version'====== Args={'value': '3.11.0', 'prev_value': None, 'change': True}
2025-03-21 13:54:01,832 : INFO : EventManager : Event: ======'machine_var_platform'====== Args={'value': 'Windows-10-10.0.26100-SP0', 'prev_value': None, 'change': True}
2025-03-21 13:54:01,832 : INFO : EventManager : Event: ======'machine_var_platform_system'====== Args={'value': 'Windows', 'prev_value': None, 'change': True}
2025-03-21 13:54:01,834 : INFO : EventManager : Event: ======'machine_var_platform_release'====== Args={'value': '10', 'prev_value': None, 'change': True}
2025-03-21 13:54:01,834 : INFO : EventManager : Event: ======'machine_var_platform_version'====== Args={'value': '10.0.26100', 'prev_value': None, 'change': True}
2025-03-21 13:54:01,834 : INFO : EventManager : Event: ======'machine_var_platform_machine'====== Args={'value': 'AMD64', 'prev_value': None, 'change': True}
2025-03-21 13:54:01,834 : INFO : EventManager : Event: ======'init_phase_1'====== Args={}
2025-03-21 13:54:01,865 : INFO : EventManager : Event: ======'init_phase_2'====== Args={}
2025-03-21 13:54:01,865 : INFO : SwitchController : Found active switch: ('3', <Platform.SmartVirtual>) <switch.s_trough1>
2025-03-21 13:54:01,865 : INFO : SwitchController : Found active switch: ('4', <Platform.SmartVirtual>) <switch.s_trough2>
2025-03-21 13:54:01,865 : INFO : SwitchController : Found active switch: ('5', <Platform.SmartVirtual>) <switch.s_trough3>
2025-03-21 13:54:01,868 : INFO : EventManager : Event: ======'bcp_connection_attempt'====== Args={'name': 'local_display', 'host': 'localhost', 'port': 5050}
2025-03-21 13:54:01,870 : INFO : BCPClientSocket : Connecting BCP to 'local_display' at localhost:5050...
2025-03-21 13:54:03,926 : INFO : BCPClientSocket : Connected BCP to 'local_display' localhost:5050
2025-03-21 13:54:03,929 : INFO : EventManager : Event: ======'bcp_clients_connected'====== Args={}
2025-03-21 13:54:04,301 : INFO : EventManager : Event: ======'machine_var_mc_version'====== Args={'value': 'MPF-MC v0.57.1', 'prev_value': None, 'change': True}
2025-03-21 13:54:04,301 : INFO : EventManager : Event: ======'machine_var_mc_extended_version'====== Args={'value': 'MPF-MC v0.57.1 (config_version=6, BCP v1.1,                      Requires MPF API compatibility v0.57.0 or newer)', 'prev_value': None, 'change': True}
2025-03-21 13:54:04,303 : INFO : ball_device.bd_trough : BCH: Initial count: 3
2025-03-21 13:54:04,421 : INFO : ball_device.bd_trough : State: idle
2025-03-21 13:54:04,421 : INFO : ball_device.bd_plunger_lane : BCH: Initial count: 0
2025-03-21 13:54:04,422 : INFO : ball_device.bd_plunger_lane : State: idle
2025-03-21 13:54:04,454 : INFO : EventManager : Event: ======'init_phase_3'====== Args={}
2025-03-21 13:54:04,467 : INFO : EventManager : Event: ======'init_phase_4'====== Args={}
2025-03-21 13:54:04,467 : INFO : BallController : Initial balls found: 3
2025-03-21 13:54:04,468 : INFO : EventManager : Event: ======'machine_var_audits_events_game_ended'====== Args={'value': 13, 'prev_value': None, 'change': True}
2025-03-21 13:54:04,468 : INFO : EventManager : Event: ======'machine_var_audits_events_game_started'====== Args={'value': 60, 'prev_value': None, 'change': True}
2025-03-21 13:54:04,468 : INFO : EventManager : Event: ======'machine_var_audits_missing_switches_s_Lane1'====== Args={'value': 8, 'prev_value': None, 'change': True}
2025-03-21 13:54:04,469 : INFO : EventManager : Event: ======'machine_var_audits_missing_switches_s_Lane2'====== Args={'value': 8, 'prev_value': None, 'change': True}
2025-03-21 13:54:04,469 : INFO : EventManager : Event: ======'machine_var_audits_missing_switches_s_Lane3'====== Args={'value': 8, 'prev_value': None, 'change': True}
2025-03-21 13:54:04,469 : INFO : EventManager : Event: ======'machine_var_audits_missing_switches_s_Lane4'====== Args={'value': 8, 'prev_value': None, 'change': True}
2025-03-21 13:54:04,469 : INFO : EventManager : Event: ======'machine_var_audits_missing_switches_s_Target1'====== Args={'value': 8, 'prev_value': None, 'change': True}
2025-03-21 13:54:04,469 : INFO : EventManager : Event: ======'machine_var_audits_missing_switches_s_Target2'====== Args={'value': 8, 'prev_value': None, 'change': True}
2025-03-21 13:54:04,469 : INFO : EventManager : Event: ======'machine_var_audits_missing_switches_s_Target3'====== Args={'value': 8, 'prev_value': None, 'change': True}
2025-03-21 13:54:04,470 : INFO : EventManager : Event: ======'machine_var_audits_missing_switches_s_Target4'====== Args={'value': 8, 'prev_value': None, 'change': True}
2025-03-21 13:54:04,470 : INFO : EventManager : Event: ======'machine_var_audits_missing_switches_s_drain'====== Args={'value': 6, 'prev_value': None, 'change': True}
2025-03-21 13:54:04,470 : INFO : EventManager : Event: ======'machine_var_audits_missing_switches_s_launcher_button'====== Args={'value': 7, 'prev_value': None, 'change': True}
2025-03-21 13:54:04,470 : INFO : EventManager : Event: ======'machine_var_audits_missing_switches_s_left_flipper'====== Args={'value': 8, 'prev_value': None, 'change': True}
2025-03-21 13:54:04,470 : INFO : EventManager : Event: ======'machine_var_audits_missing_switches_s_playfield_entry'====== Args={'value': 2, 'prev_value': None, 'change': True}
2025-03-21 13:54:04,470 : INFO : EventManager : Event: ======'machine_var_audits_missing_switches_s_right_flipper'====== Args={'value': 8, 'prev_value': None, 'change': True}
2025-03-21 13:54:04,470 : INFO : EventManager : Event: ======'machine_var_audits_missing_switches_s_trough1'====== Args={'value': 13, 'prev_value': None, 'change': True}
2025-03-21 13:54:04,470 : INFO : EventManager : Event: ======'machine_var_audits_missing_switches_s_trough2'====== Args={'value': 16, 'prev_value': None, 'change': True}
2025-03-21 13:54:04,470 : INFO : EventManager : Event: ======'machine_var_audits_missing_switches_s_trough3'====== Args={'value': 20, 'prev_value': None, 'change': True}
2025-03-21 13:54:04,471 : INFO : EventManager : Event: ======'machine_var_audits_missing_switches_s_trough_enter'====== Args={'value': 15, 'prev_value': None, 'change': True}
2025-03-21 13:54:04,472 : INFO : EventManager : Event: ======'machine_var_audits_player_score'====== Args={'value': {'average': 124, 'top': [8000, 1000, 0, 0, 0, 0, 0, 0, 0, 0], 'total': 16}, 'prev_value': None, 'change': True}
2025-03-21 13:54:04,473 : INFO : EventManager : Event: ======'machine_var_audits_switches_s_Lane1'====== Args={'value': 36, 'prev_value': None, 'change': True}
2025-03-21 13:54:04,473 : INFO : EventManager : Event: ======'machine_var_audits_switches_s_Lane2'====== Args={'value': 25, 'prev_value': None, 'change': True}
2025-03-21 13:54:04,475 : INFO : EventManager : Event: ======'machine_var_audits_switches_s_Lane3'====== Args={'value': 22, 'prev_value': None, 'change': True}
2025-03-21 13:54:04,476 : INFO : EventManager : Event: ======'machine_var_audits_switches_s_Lane4'====== Args={'value': 26, 'prev_value': None, 'change': True}
2025-03-21 13:54:04,477 : INFO : EventManager : Event: ======'machine_var_audits_switches_s_Target1'====== Args={'value': 66, 'prev_value': None, 'change': True}
2025-03-21 13:54:04,478 : INFO : EventManager : Event: ======'machine_var_audits_switches_s_Target2'====== Args={'value': 59, 'prev_value': None, 'change': True}
2025-03-21 13:54:04,478 : INFO : EventManager : Event: ======'machine_var_audits_switches_s_Target3'====== Args={'value': 64, 'prev_value': None, 'change': True}
2025-03-21 13:54:04,479 : INFO : EventManager : Event: ======'machine_var_audits_switches_s_Target4'====== Args={'value': 51, 'prev_value': None, 'change': True}
2025-03-21 13:54:04,480 : INFO : EventManager : Event: ======'machine_var_audits_switches_s_drain'====== Args={'value': 0, 'prev_value': None, 'change': True}
2025-03-21 13:54:04,481 : INFO : EventManager : Event: ======'machine_var_audits_switches_s_launcher_button'====== Args={'value': 93, 'prev_value': None, 'change': True}
2025-03-21 13:54:04,482 : INFO : EventManager : Event: ======'machine_var_audits_switches_s_left_flipper'====== Args={'value': 103, 'prev_value': None, 'change': True}
2025-03-21 13:54:04,482 : INFO : EventManager : Event: ======'machine_var_audits_switches_s_playfield_entry'====== Args={'value': 204, 'prev_value': None, 'change': True}
2025-03-21 13:54:04,483 : INFO : EventManager : Event: ======'machine_var_audits_switches_s_plunger_lane'====== Args={'value': 144, 'prev_value': None, 'change': True}
2025-03-21 13:54:04,483 : INFO : EventManager : Event: ======'machine_var_audits_switches_s_pointTarget'====== Args={'value': 193, 'prev_value': None, 'change': True}
2025-03-21 13:54:04,484 : INFO : EventManager : Event: ======'machine_var_audits_switches_s_right_flipper'====== Args={'value': 95, 'prev_value': None, 'change': True}
2025-03-21 13:54:04,485 : INFO : EventManager : Event: ======'machine_var_audits_switches_s_trough1'====== Args={'value': 109, 'prev_value': None, 'change': True}
2025-03-21 13:54:04,485 : INFO : EventManager : Event: ======'machine_var_audits_switches_s_trough2'====== Args={'value': 17, 'prev_value': None, 'change': True}
2025-03-21 13:54:04,486 : INFO : EventManager : Event: ======'machine_var_audits_switches_s_trough3'====== Args={'value': 14, 'prev_value': None, 'change': True}
2025-03-21 13:54:04,488 : INFO : EventManager : Event: ======'machine_var_audits_switches_s_trough_enter'====== Args={'value': 1, 'prev_value': None, 'change': True}
2025-03-21 13:54:04,489 : INFO : EventManager : Event: ======'init_phase_5'====== Args={}
2025-03-21 13:54:04,521 : INFO : EventManager : Event: ======'init_done'====== Args={}
2025-03-21 13:54:04,522 : INFO : EventManager : Event: ======'machine_reset_phase_1'====== Args={}
2025-03-21 13:54:04,526 : INFO : EventManager : Event: ======'slide_welcome_slide_removed'====== Args={'_from_bcp': True}
2025-03-21 13:54:04,527 : INFO : EventManager : Event: ======'slide_welcome_slide_created'====== Args={'_from_bcp': True}
2025-03-21 13:54:04,528 : INFO : EventManager : Event: ======'machine_reset_phase_2'====== Args={}
2025-03-21 13:54:04,528 : INFO : EventManager : Event: ======'machine_reset_phase_3'====== Args={}
2025-03-21 13:54:04,528 : INFO : EventManager : Event: ======'reset_complete'====== Args={}
2025-03-21 13:54:04,528 : INFO : EventManager : Event: ======'mode_attract_will_start'====== Args={}
2025-03-21 13:54:04,530 : INFO : EventManager : Event: ======'mode_attract_starting'====== Args={}
2025-03-21 13:54:04,530 : INFO : Mode.attract : Started. Priority: 10
2025-03-21 13:54:04,530 : INFO : EventManager : Event: ======'modes_active_modes_changed'====== Args={}
2025-03-21 13:54:04,530 : INFO : EventManager : Event: ======'mode_attract_started'====== Args={}
2025-03-21 13:54:04,531 : INFO : EventManager : Event: ======'cmd_flipper_disable'====== Args={'priority': 0}
2025-03-21 13:54:04,532 : INFO : EventManager : Event: ======'collecting_balls_complete'====== Args={}
2025-03-21 13:54:04,585 : INFO : EventManager : Event: ======'slide_welcome_slide_active'====== Args={'_from_bcp': True}
2025-03-21 13:54:04,591 : INFO : EventManager : Event: ======'slide_ship_slide_created'====== Args={'_from_bcp': True}
2025-03-21 13:54:04,591 : INFO : EventManager : Event: ======'slide_ship_slide_active'====== Args={'_from_bcp': True}
2025-03-21 13:54:04,605 : INFO : Machine : Starting the main run loop.
2025-03-21 13:54:04,626 : INFO : BcpServer : New client connected.
2025-03-21 13:54:07,421 : INFO : SwitchController : <<<<<<< 's_launcher_button' active >>>>>>>
2025-03-21 13:54:07,427 : INFO : SwitchController : <<<<<<< 's_launcher_button' inactive >>>>>>>
2025-03-21 13:54:07,427 : INFO : EventManager : Event: ======'request_to_start_game'====== Args={}
2025-03-21 13:54:07,427 : INFO : EventManager : Event: ======'game_start'====== Args={'buttons': [], 'hold_time': 0.0}
2025-03-21 13:54:07,428 : INFO : EventManager : Event: ======'mode_game_will_start'====== Args={'buttons': [], 'hold_time': 0.0}
2025-03-21 13:54:07,428 : INFO : EventManager : Event: ======'mode_game_starting'====== Args={'buttons': [], 'hold_time': 0.0}
2025-03-21 13:54:07,428 : INFO : EventManager : Event: ======'mode_attract_will_stop'====== Args={}
2025-03-21 13:54:07,429 : INFO : EventManager : Event: ======'mode_attract_stopping'====== Args={}
2025-03-21 13:54:07,429 : INFO : Mode.attract : Stopped.
2025-03-21 13:54:07,429 : INFO : EventManager : Event: ======'modes_active_modes_changed'====== Args={}
2025-03-21 13:54:07,429 : INFO : EventManager : Event: ======'mode_attract_stopped'====== Args={}
2025-03-21 13:54:07,429 : INFO : EventManager : Event: ======'clear'====== Args={'key': 'attract'}
2025-03-21 13:54:07,429 : INFO : Mode.game : Started. Priority: 20
2025-03-21 13:54:07,429 : INFO : EventManager : Event: ======'modes_active_modes_changed'====== Args={}
2025-03-21 13:54:07,430 : INFO : EventManager : Event: ======'mode_game_started'====== Args={'buttons': [], 'hold_time': 0.0}
2025-03-21 13:54:07,435 : INFO : EventManager : Event: ======'game_will_start'====== Args={}
2025-03-21 13:54:07,436 : INFO : EventManager : Event: ======'game_starting'====== Args={'game': <Mode.game>}
2025-03-21 13:54:07,438 : INFO : EventManager : Unordered handler for class <Auditor> on event game_ended with priority 1. Handlers: [RegisteredHandler(callback=<bound method Auditor.disable of <Auditor>>, priority=1, kwargs={}, key=UUID('02707dd4-1efc-46ba-82e6-6da0f340fef9'), condition=None, blocking_facility=None), RegisteredHandler(callback=<bound method Auditor._save_audits of <Auditor>>, priority=1, kwargs={}, key=UUID('0aa84e43-0d0f-4244-b99b-35bbdc1cd237'), condition=None, blocking_facility=None)]. The order of those handlers is not defined and they will be executed in random order. This might lead to race conditions and potential bugs.
2025-03-21 13:54:07,438 : INFO : EventManager : Event: ======'player_add_request'====== Args={}
2025-03-21 13:54:07,439 : INFO : EventManager : Event: ======'player_will_add'====== Args={'number': 1}
2025-03-21 13:54:07,439 : INFO : EventManager : Event: ======'player_adding'====== Args={'player': <Player 1>, 'number': 1}
2025-03-21 13:54:07,439 : INFO : EventManager : Event: ======'player_added'====== Args={'player': <Player 1>, 'num': 1}
2025-03-21 13:54:07,439 : INFO : Mode.game : Player added successfully. Total players: 1
2025-03-21 13:54:07,439 : INFO : EventManager : Event: ======'player_index'====== Args={'value': 0, 'prev_value': 0, 'change': 0, 'player_num': 1}
2025-03-21 13:54:07,440 : INFO : EventManager : Event: ======'player_number'====== Args={'value': 1, 'prev_value': 1, 'change': 0, 'player_num': 1}
2025-03-21 13:54:07,440 : INFO : EventManager : Event: ======'player_score'====== Args={'value': 0, 'prev_value': 0, 'change': 0, 'player_num': 1}
2025-03-21 13:54:07,441 : INFO : EventManager : Event: ======'game_started'====== Args={}
2025-03-21 13:54:07,450 : INFO : EventManager : Event: ======'player_turn_will_start'====== Args={'player': <Player 1>, 'number': 1}
2025-03-21 13:54:07,452 : INFO : EventManager : Event: ======'slide_ship_slide_removed'====== Args={'_from_bcp': True}
2025-03-21 13:54:07,453 : INFO : EventManager : Event: ======'slide_welcome_slide_active'====== Args={'_from_bcp': True}
2025-03-21 13:54:07,453 : INFO : EventManager : Event: ======'player_turn_starting'====== Args={'player': <Player 1>, 'number': 1}
2025-03-21 13:54:07,453 : INFO : EventManager : Event: ======'player_ball'====== Args={'value': 1, 'prev_value': 0, 'change': 1, 'player_num': 1}
2025-03-21 13:54:07,453 : INFO : EventManager : Event: ======'player_turn_started'====== Args={'player': <Player 1>, 'number': 1}
2025-03-21 13:54:07,454 : INFO : EventManager : Event: ======'ball_will_start'====== Args={'player': 1, 'ball': 1, 'balls_remaining': 2, 'is_extra_ball': False}
2025-03-21 13:54:07,456 : INFO : EventManager : Event: ======'ball_starting'====== Args={'player': 1, 'ball': 1, 'balls_remaining': 2, 'is_extra_ball': False}
2025-03-21 13:54:07,457 : INFO : EventManager : Event: ======'balls_in_play'====== Args={'balls': 1}
2025-03-21 13:54:07,458 : INFO : EventManager : Event: ======'ball_started'====== Args={'player': 1, 'ball': 1, 'balls_remaining': 2, 'is_extra_ball': False}
2025-03-21 13:54:07,458 : INFO : EventManager : Event: ======'mode_intro_will_start'====== Args={'player': 1, 'ball': 1, 'balls_remaining': 2, 'is_extra_ball': False}
2025-03-21 13:54:07,459 : INFO : EventManager : Event: ======'mode_intro_starting'====== Args={'player': 1, 'ball': 1, 'balls_remaining': 2, 'is_extra_ball': False}
2025-03-21 13:54:07,459 : INFO : Mode.intro : Started. Priority: 200
2025-03-21 13:54:07,459 : INFO : EventManager : Event: ======'modes_active_modes_changed'====== Args={}
2025-03-21 13:54:07,459 : INFO : EventManager : Event: ======'mode_intro_started'====== Args={'player': 1, 'ball': 1, 'balls_remaining': 2, 'is_extra_ball': False}
2025-03-21 13:54:07,460 : INFO : EventManager : Event: ======'single_player_ball_started'====== Args={}
2025-03-21 13:54:07,487 : INFO : EventManager : Event: ======'ball_start_target'====== Args={'target': 'playfield'}
2025-03-21 13:54:07,487 : INFO : EventManager : Event: ======'slide_objective_slide_created'====== Args={'_from_bcp': True}
2025-03-21 13:54:07,488 : INFO : EventManager : Event: ======'slide_objective_slide_active'====== Args={'_from_bcp': True}
2025-03-21 13:54:07,488 : INFO : ball_device.bd_plunger_lane : Setting up player-controlled eject. Balls: 1, Target: <playfield.playfield>, player_controlled_eject_event: s_launcher_button_active
2025-03-21 13:54:07,488 : INFO : EventManager : Event: ======'balldevice_balls_available'====== Args={}
2025-03-21 13:54:07,489 : INFO : ball_device.bd_trough : State: waiting_for_target_ready
2025-03-21 13:54:07,489 : INFO : EventManager : Event: ======'balldevice_bd_trough_ball_eject_attempt'====== Args={'balls': 1, 'target': <ball_device.bd_plunger_lane>, 'source': <ball_device.bd_trough>, 'mechanical_eject': True, 'num_attempts': 0}
2025-03-21 13:54:07,489 : INFO : ball_device.bd_plunger_lane : State: waiting_for_ball
2025-03-21 13:54:07,490 : INFO : ball_device.bd_trough : State: ejecting
2025-03-21 13:54:07,490 : INFO : ball_device.bd_trough : Ejecting ball to <ball_device.bd_plunger_lane>
2025-03-21 13:54:07,490 : INFO : EventManager : Event: ======'balldevice_bd_trough_ejecting_ball'====== Args={'balls': 1, 'target': <ball_device.bd_plunger_lane>, 'source': <ball_device.bd_trough>, 'mechanical_eject': True, 'num_attempts': 0}
2025-03-21 13:54:07,491 : INFO : ball_device.bd_trough : Wait for ball to leave device
2025-03-21 13:54:07,491 : INFO : coil.c_trough_release : Pulsing Driver for 20ms (1.0 pulse_power)
2025-03-21 13:54:07,491 : INFO : SwitchController : <<<<<<< 's_trough1' inactive >>>>>>>
2025-03-21 13:54:07,495 : INFO : ball_device.bd_trough : State: ball_left
2025-03-21 13:54:07,496 : INFO : ball_device.bd_trough : Ball left
2025-03-21 13:54:07,496 : INFO : ball_device.bd_trough : Wait for confirm with timeout 3.0
2025-03-21 13:54:07,602 : INFO : SwitchController : <<<<<<< 's_plunger_lane' active >>>>>>>
2025-03-21 13:54:07,602 : INFO : EventManager : Event: ======'machine_var_audits_switches_s_plunger_lane'====== Args={'value': 145, 'prev_value': 144, 'change': 1}
2025-03-21 13:54:08,120 : INFO : ball_device.bd_plunger_lane : Received ball from <ball_device.bd_trough>
2025-03-21 13:54:08,120 : INFO : EventManager : Event: ======'balldevice_bd_plunger_lane_ball_enter'====== Args={'new_balls': 1, 'unclaimed_balls': 0, 'new_available_balls': 0, 'device': <ball_device.bd_plunger_lane>}
2025-03-21 13:54:08,122 : INFO : EventManager : Event: ======'balldevice_bd_plunger_lane_ball_entered'====== Args={'new_balls': 0, 'device': <ball_device.bd_plunger_lane>}
2025-03-21 13:54:08,123 : INFO : EventManager : Event: ======'balldevice_bd_plunger_lane_ball_count_changed'====== Args={'balls': 1}
2025-03-21 13:54:08,123 : INFO : ball_device.bd_trough : Got eject confirm
2025-03-21 13:54:08,123 : INFO : ball_device.bd_trough : Eject successful
2025-03-21 13:54:08,124 : INFO : EventManager : Event: ======'balldevice_bd_trough_ball_eject_success'====== Args={'balls': 1, 'target': <ball_device.bd_plunger_lane>}
2025-03-21 13:54:08,125 : INFO : EventManager : Event: ======'balldevice_bd_trough_ball_count_changed'====== Args={'balls': 2}
2025-03-21 13:54:08,125 : INFO : ball_device.bd_trough : State: idle
2025-03-21 13:54:08,125 : INFO : ball_device.bd_plunger_lane : State: waiting_for_target_ready
2025-03-21 13:54:08,125 : INFO : EventManager : Event: ======'balldevice_bd_plunger_lane_ball_eject_attempt'====== Args={'balls': 1, 'target': <playfield.playfield>, 'source': <ball_device.bd_plunger_lane>, 'mechanical_eject': True, 'num_attempts': 0}
2025-03-21 13:54:08,126 : INFO : ball_device.bd_plunger_lane : State: ejecting
2025-03-21 13:54:08,128 : INFO : ball_device.bd_plunger_lane : Ejecting ball to <playfield.playfield>
2025-03-21 13:54:08,128 : INFO : EventManager : Event: ======'balldevice_bd_plunger_lane_ejecting_ball'====== Args={'balls': 1, 'target': <playfield.playfield>, 'source': <ball_device.bd_plunger_lane>, 'mechanical_eject': True, 'num_attempts': 0}
2025-03-21 13:54:08,129 : INFO : ball_device.bd_plunger_lane : Wait for ball to leave device
2025-03-21 13:54:12,485 : INFO : EventManager : Event: ======'slide_objective_slide_removed'====== Args={'_from_bcp': True}
2025-03-21 13:54:12,495 : INFO : EventManager : Event: ======'slide_objective_slide_created'====== Args={'_from_bcp': True}
2025-03-21 13:54:12,496 : INFO : EventManager : Event: ======'slide_objective_slide_active'====== Args={'_from_bcp': True}
2025-03-21 13:54:17,478 : INFO : EventManager : Event: ======'slide_objective_slide_removed'====== Args={'_from_bcp': True}
2025-03-21 13:54:17,490 : INFO : EventManager : Event: ======'slide_objective_slide_created'====== Args={'_from_bcp': True}
2025-03-21 13:54:17,496 : INFO : EventManager : Event: ======'slide_objective_slide_active'====== Args={'_from_bcp': True}
2025-03-21 13:54:21,598 : INFO : Machine : Shutting down...
2025-03-21 13:54:21,598 : INFO : EventManager : Event: ======'shutdown'====== Args={}
2025-03-21 13:54:21,601 : INFO : EventManager : Event: ======'mode_game_will_stop'====== Args={}
2025-03-21 13:54:21,601 : INFO : EventManager : Event: ======'mode_game_stopping'====== Args={}
2025-03-21 13:54:21,601 : INFO : EventManager : Event: ======'mode_intro_will_stop'====== Args={}
2025-03-21 13:54:21,602 : INFO : EventManager : Event: ======'mode_intro_stopping'====== Args={}
2025-03-21 13:54:21,602 : INFO : Mode.intro : Stopped.
2025-03-21 13:54:21,602 : INFO : EventManager : Event: ======'modes_active_modes_changed'====== Args={}
2025-03-21 13:54:21,602 : INFO : EventManager : Event: ======'mode_intro_stopped'====== Args={}
2025-03-21 13:54:21,602 : INFO : EventManager : Event: ======'clear'====== Args={'key': 'intro'}
2025-03-21 13:54:21,602 : INFO : EventManager : Event: ======'mode_base_will_start'====== Args={}
2025-03-21 13:54:21,603 : INFO : EventManager : Event: ======'mode_base_starting'====== Args={}
2025-03-21 13:54:21,603 : INFO : Mode.base : Will not start because machine is shutting down.
2025-03-21 13:54:21,603 : INFO : Mode.game : Stopped.
2025-03-21 13:54:21,604 : INFO : EventManager : Event: ======'modes_active_modes_changed'====== Args={}
2025-03-21 13:54:21,604 : INFO : EventManager : Event: ======'mode_game_stopped'====== Args={}
2025-03-21 13:54:21,604 : INFO : EventManager : Event: ======'clear'====== Args={'key': 'game'}
2025-03-21 13:54:21,609 : INFO : root : MPF run loop ended.
