2025-03-21 12:42:50,219 : kivy : deps: Successfully imported "kivy_deps.gstreamer" 0.3.3
2025-03-21 12:42:50,219 : kivy : deps: Successfully imported "kivy_deps.angle" 0.3.3
2025-03-21 12:42:50,219 : kivy : deps: Successfully imported "kivy_deps.glew" 0.3.1
2025-03-21 12:42:50,219 : kivy : deps: Successfully imported "kivy_deps.sdl2" 0.6.0
2025-03-21 12:42:50,219 : kivy : Kivy: v2.2.1
2025-03-21 12:42:50,220 : kivy : Kivy: Installed at "C:\Users\duffb\.pyenv\pyenv-win\versions\3.11.0\Lib\site-packages\kivy\__init__.py"
2025-03-21 12:42:50,220 : kivy : Python: v3.11.0 (main, Oct 24 2022, 18:26:48) [MSC v.1933 64 bit (AMD64)]
2025-03-21 12:42:50,220 : kivy : Python: Interpreter at "C:\Users\duffb\.pyenv\pyenv-win\versions\3.11.0\python.exe"
2025-03-21 12:42:50,237 : kivy : Factory: 190 symbols loaded
2025-03-21 12:42:50,421 : kivy : ImageLoaderFFPy: Using ffpyplayer 4.5.1
2025-03-21 12:42:50,421 : kivy : Image: Providers: img_tex, img_dds, img_sdl2, img_pil, img_ffpyplayer 
2025-03-21 12:42:50,675 : kivy : VideoGstplayer: Using Gstreamer 1.18.5.0
2025-03-21 12:42:50,675 : kivy : Video: Provider: gstplayer
2025-03-21 12:42:50,732 : root : Loading MPF-MC controller
2025-03-21 12:42:50,756 : YamlMultifileConfigLoader : Machine config file #1: config
2025-03-21 12:42:50,757 : ConfigProcessor : Config file in cache changed: C:\Users\duffb\OneDrive\Documents\Python Envs\PinBallWW1\Machine\config\config
2025-03-21 12:42:50,757 : ConfigProcessor : Loading config from file C:\Users\duffb\.pyenv\pyenv-win\versions\3.11.0\Lib\site-packages\mpfmc\mcconfig.yaml.
2025-03-21 12:42:50,766 : ConfigProcessor : Loading config: C:\Users\duffb\.pyenv\pyenv-win\versions\3.11.0\Lib\site-packages\mpfmc\mcconfig.yaml
2025-03-21 12:42:50,766 : ConfigProcessor : Loading config from file C:\Users\duffb\OneDrive\Documents\Python Envs\PinBallWW1\Machine\config\config.
2025-03-21 12:42:50,773 : ConfigProcessor : Loading config: C:\Users\duffb\OneDrive\Documents\Python Envs\PinBallWW1\Machine\config\config
2025-03-21 12:42:50,775 : ConfigProcessor : Config file cache created: C:\Users\duffb\AppData\Local\Temp\de7a4651692d89380cb727f0a44dc491.mpf_cache
2025-03-21 12:42:50,776 : ConfigProcessor : Loading config from cache: C:\Users\duffb\AppData\Local\Temp\ee7db1e8d011f44c876692bb4657f2e9.mpf_cache
2025-03-21 12:42:50,776 : ConfigProcessor : Loading config from cache: C:\Users\duffb\AppData\Local\Temp\9f058d482eac17116727d62a93500be7.mpf_cache
2025-03-21 12:42:50,777 : ConfigProcessor : Loading config from cache: C:\Users\duffb\AppData\Local\Temp\2c9362052ff91db960f514d041b7f4e4.mpf_cache
2025-03-21 12:42:50,778 : ConfigProcessor : Loading config from cache: C:\Users\duffb\AppData\Local\Temp\9e006ea23aa21ec68e01f6c49afad9f4.mpf_cache
2025-03-21 12:42:50,779 : mpfmc : Mission Pinball Framework Media Controller (MPF-MC) v0.57.1. Requires MPF v0.57.0 or newer.
2025-03-21 12:42:50,779 : mpfmc : Found MPF v0.57.0
2025-03-21 12:42:50,779 : mpfmc : Machine path: C:\Users\duffb\OneDrive\Documents\Python Envs\PinBallWW1\Machine
2025-03-21 12:42:50,779 : mpfmc : Starting clock at 60.0Hz
2025-03-21 12:42:50,805 : kivy : Text: Provider: sdl2
2025-03-21 12:42:50,875 : kivy : Window: Provider: sdl2
2025-03-21 12:42:51,163 : kivy : GL: Using the "OpenGL" graphics system
2025-03-21 12:42:51,164 : kivy : GL: GLEW initialization succeeded
2025-03-21 12:42:51,164 : kivy : GL: Backend used <glew>
2025-03-21 12:42:51,164 : kivy : GL: OpenGL version <b'4.6.0 - Build 31.0.101.5592'>
2025-03-21 12:42:51,164 : kivy : GL: OpenGL vendor <b'Intel'>
2025-03-21 12:42:51,164 : kivy : GL: OpenGL renderer <b'Intel(R) UHD Graphics'>
2025-03-21 12:42:51,164 : kivy : GL: OpenGL parsed version: 4, 6
2025-03-21 12:42:51,164 : kivy : GL: Shading version <b'4.60 - Build 31.0.101.5592'>
2025-03-21 12:42:51,164 : kivy : GL: Texture max size <16384>
2025-03-21 12:42:51,164 : kivy : GL: Texture max units <32>
2025-03-21 12:42:51,204 : kivy : Window: auto add sdl2 input provider
2025-03-21 12:42:51,204 : kivy : Window: virtual keyboard not allowed, single mode, not docked
2025-03-21 12:42:51,668 : AudioInterface : Initialized
2025-03-21 12:42:51,668 : AudioInterface : Loaded SDL 2.26.4
2025-03-21 12:42:51,668 : AudioInterface : Loaded SDL_Mixer 2.6.3
2025-03-21 12:42:51,668 : AudioInterface : Loaded GStreamer 1.18.5.0
2025-03-21 12:42:51,668 : AudioInterface : Loaded GLib 2.62.6
2025-03-21 12:42:51,668 : AudioInterface : Settings requested - rate: 44100, channels: 1, buffer: 2048 samples
2025-03-21 12:42:51,668 : AudioInterface : Settings in use - rate: 44100, channels: 1, buffer: 2048 samples (4096 bytes @ 2 bytes per sample)
2025-03-21 12:42:51,668 : SoundSystem : Setting master volume to 0.0
2025-03-21 12:42:51,669 : AudioInterface : Enabling audio playback
2025-03-21 12:42:51,671 : kivy : Base: Start application main loop
2025-03-21 12:42:51,671 : EventManager : Event: ======'display_window_initialized'====== Args={}
2025-03-21 12:42:51,680 : mpfmc : Display: Setting 'window' as default display
2025-03-21 12:42:51,684 : EventManager : Event: ======'displays_initialized'====== Args={}
2025-03-21 12:42:51,684 : EventManager : Event: ======'slide_window_blank_created'====== Args={}
2025-03-21 12:42:51,686 : EventManager : Event: ======'display_window_ready'====== Args={}
2025-03-21 12:42:51,700 : EventManager : Event: ======'init_phase_1'====== Args={}
2025-03-21 12:42:51,703 : EventManager : Event: ======'mc_ready'====== Args={}
2025-03-21 12:42:51,703 : EventManager : Event: ======'init_phase_2'====== Args={}
2025-03-21 12:42:51,704 : EventManager : Event: ======'init_phase_3'====== Args={}
2025-03-21 12:42:51,707 : EventManager : Event: ======'init_phase_4'====== Args={}
2025-03-21 12:42:51,707 : EventManager : Event: ======'init_phase_5'====== Args={}
2025-03-21 12:42:51,750 : kivy : GL: NPOT texture support is available
2025-03-21 12:42:51,754 : EventManager : Event: ======'loading_assets'====== Args={'total': 5, 'loaded': 1, 'remaining': 4, 'percent': 20}
2025-03-21 12:42:51,754 : AssetManager : Loading assets: 1/5 (20%)
2025-03-21 12:42:51,771 : EventManager : Event: ======'loading_assets'====== Args={'total': 5, 'loaded': 5, 'remaining': 0, 'percent': 100}
2025-03-21 12:42:51,772 : AssetManager : Asset loading took: 0.10369348526000977
2025-03-21 12:42:51,772 : EventManager : Event: ======'asset_loading_complete'====== Args={}
2025-03-21 12:42:51,772 : AssetManager : Loading assets: 5/5 (100%)
2025-03-21 12:42:51,772 : EventManager : Event: ======'init_done'====== Args={}
2025-03-21 12:42:51,772 : MPF-MC BCP Server : Starting up on localhost port 5050
2025-03-21 12:42:51,780 : MPF-MC BCP Server : Waiting for a connection...
2025-03-21 12:42:51,786 : EventManager : Event: ======'slide_welcome_slide_created'====== Args={}
2025-03-21 12:42:51,787 : EventManager : Event: ======'slide_welcome_slide_active'====== Args={}
2025-03-21 12:42:51,794 : EventManager : Event: ======'client_disconnected'====== Args={'host': '127.0.0.1', 'port': 5050}
2025-03-21 12:42:52,490 : MPF-MC BCP Server : Received connection from: 127.0.0.1:59216
2025-03-21 12:42:52,497 : EventManager : Event: ======'client_connected'====== Args={'host': '127.0.0.1', 'port': 59216}
2025-03-21 12:42:52,709 : EventManager : Event: ======'machine_var_credits_string'====== Args={'value': 'FREE PLAY', 'prev_value': None, 'change': True}
2025-03-21 12:42:52,709 : EventManager : Event: ======'machine_var_master_volume'====== Args={'value': 0.5, 'prev_value': None, 'change': True}
2025-03-21 12:42:52,709 : EventManager : Event: ======'machine_var_player1_score'====== Args={'value': 8000, 'prev_value': None, 'change': True}
2025-03-21 12:42:52,709 : EventManager : Event: ======'machine_var_player2_score'====== Args={'value': 1000, 'prev_value': None, 'change': True}
2025-03-21 12:42:52,709 : EventManager : Event: ======'machine_var_mpf_version'====== Args={'value': 'Mission Pinball Framework v0.57.0', 'prev_value': None, 'change': True}
2025-03-21 12:42:52,709 : EventManager : Event: ======'machine_var_mpf_extended_version'====== Args={'value': 'Mission Pinball Framework v0.57.0, Config version:6, Show version: 6, BCP version:1.1', 'prev_value': None, 'change': True}
2025-03-21 12:42:52,709 : EventManager : Event: ======'machine_var_python_version'====== Args={'value': '3.11.0', 'prev_value': None, 'change': True}
2025-03-21 12:42:52,709 : EventManager : Event: ======'machine_var_platform'====== Args={'value': 'Windows-10-10.0.26100-SP0', 'prev_value': None, 'change': True}
2025-03-21 12:42:52,709 : EventManager : Event: ======'machine_var_platform_system'====== Args={'value': 'Windows', 'prev_value': None, 'change': True}
2025-03-21 12:42:52,709 : EventManager : Event: ======'machine_var_platform_release'====== Args={'value': '10', 'prev_value': None, 'change': True}
2025-03-21 12:42:52,709 : EventManager : Event: ======'machine_var_platform_version'====== Args={'value': '10.0.26100', 'prev_value': None, 'change': True}
2025-03-21 12:42:52,709 : EventManager : Event: ======'machine_var_platform_machine'====== Args={'value': 'AMD64', 'prev_value': None, 'change': True}
2025-03-21 12:42:52,709 : EventManager : Event: ======'machine_var_mc_version'====== Args={'value': 'MPF-MC v0.57.1', 'prev_value': None, 'change': True}
2025-03-21 12:42:52,709 : EventManager : Event: ======'machine_var_mc_extended_version'====== Args={'value': 'MPF-MC v0.57.1 (config_version=6, BCP v1.1,                      Requires MPF API compatibility v0.57.0 or newer)', 'prev_value': None, 'change': True}
2025-03-21 12:42:52,709 : EventManager : Event: ======'machine_var_credits_string'====== Args={'value': 'FREE PLAY', 'prev_value': None, 'change': True}
2025-03-21 12:42:52,710 : EventManager : Event: ======'machine_var_master_volume'====== Args={'value': 0.5, 'prev_value': None, 'change': True}
2025-03-21 12:42:52,710 : EventManager : Event: ======'machine_var_player1_score'====== Args={'value': 8000, 'prev_value': None, 'change': True}
2025-03-21 12:42:52,710 : EventManager : Event: ======'machine_var_player2_score'====== Args={'value': 1000, 'prev_value': None, 'change': True}
2025-03-21 12:42:52,710 : EventManager : Event: ======'machine_var_mpf_version'====== Args={'value': 'Mission Pinball Framework v0.57.0', 'prev_value': None, 'change': True}
2025-03-21 12:42:52,710 : EventManager : Event: ======'machine_var_mpf_extended_version'====== Args={'value': 'Mission Pinball Framework v0.57.0, Config version:6, Show version: 6, BCP version:1.1', 'prev_value': None, 'change': True}
2025-03-21 12:42:52,710 : EventManager : Event: ======'machine_var_python_version'====== Args={'value': '3.11.0', 'prev_value': None, 'change': True}
2025-03-21 12:42:52,710 : EventManager : Event: ======'machine_var_platform'====== Args={'value': 'Windows-10-10.0.26100-SP0', 'prev_value': None, 'change': True}
2025-03-21 12:42:52,710 : EventManager : Event: ======'machine_var_platform_system'====== Args={'value': 'Windows', 'prev_value': None, 'change': True}
2025-03-21 12:42:52,710 : EventManager : Event: ======'machine_var_platform_release'====== Args={'value': '10', 'prev_value': None, 'change': True}
2025-03-21 12:42:52,710 : EventManager : Event: ======'machine_var_platform_version'====== Args={'value': '10.0.26100', 'prev_value': None, 'change': True}
2025-03-21 12:42:52,710 : EventManager : Event: ======'machine_var_platform_machine'====== Args={'value': 'AMD64', 'prev_value': None, 'change': True}
2025-03-21 12:42:52,710 : EventManager : Event: ======'machine_var_mc_version'====== Args={'value': 'MPF-MC v0.57.1', 'prev_value': None, 'change': True}
2025-03-21 12:42:52,710 : EventManager : Event: ======'machine_var_mc_extended_version'====== Args={'value': 'MPF-MC v0.57.1 (config_version=6, BCP v1.1,                      Requires MPF API compatibility v0.57.0 or newer)', 'prev_value': None, 'change': True}
2025-03-21 12:42:52,710 : EventManager : Event: ======'machine_var_credits_string'====== Args={'value': 'FREE PLAY', 'prev_value': None, 'change': True}
2025-03-21 12:42:52,710 : EventManager : Event: ======'machine_var_master_volume'====== Args={'value': 0.5, 'prev_value': None, 'change': True}
2025-03-21 12:42:52,710 : EventManager : Event: ======'machine_var_player1_score'====== Args={'value': 8000, 'prev_value': None, 'change': True}
2025-03-21 12:42:52,710 : EventManager : Event: ======'machine_var_player2_score'====== Args={'value': 1000, 'prev_value': None, 'change': True}
2025-03-21 12:42:52,710 : EventManager : Event: ======'machine_var_mpf_version'====== Args={'value': 'Mission Pinball Framework v0.57.0', 'prev_value': None, 'change': True}
2025-03-21 12:42:52,710 : EventManager : Event: ======'machine_var_mpf_extended_version'====== Args={'value': 'Mission Pinball Framework v0.57.0, Config version:6, Show version: 6, BCP version:1.1', 'prev_value': None, 'change': True}
2025-03-21 12:42:52,710 : EventManager : Event: ======'machine_var_python_version'====== Args={'value': '3.11.0', 'prev_value': None, 'change': True}
2025-03-21 12:42:52,710 : EventManager : Event: ======'machine_var_platform'====== Args={'value': 'Windows-10-10.0.26100-SP0', 'prev_value': None, 'change': True}
2025-03-21 12:42:52,710 : EventManager : Event: ======'machine_var_platform_system'====== Args={'value': 'Windows', 'prev_value': None, 'change': True}
2025-03-21 12:42:52,710 : EventManager : Event: ======'machine_var_platform_release'====== Args={'value': '10', 'prev_value': None, 'change': True}
2025-03-21 12:42:52,710 : EventManager : Event: ======'machine_var_platform_version'====== Args={'value': '10.0.26100', 'prev_value': None, 'change': True}
2025-03-21 12:42:52,710 : EventManager : Event: ======'machine_var_platform_machine'====== Args={'value': 'AMD64', 'prev_value': None, 'change': True}
2025-03-21 12:42:52,710 : EventManager : Event: ======'machine_var_mc_version'====== Args={'value': 'MPF-MC v0.57.1', 'prev_value': None, 'change': True}
2025-03-21 12:42:52,710 : EventManager : Event: ======'machine_var_mc_extended_version'====== Args={'value': 'MPF-MC v0.57.1 (config_version=6, BCP v1.1,                      Requires MPF API compatibility v0.57.0 or newer)', 'prev_value': None, 'change': True}
2025-03-21 12:42:52,711 : EventManager : Event: ======'machine_var_credits_string'====== Args={'value': 'FREE PLAY', 'prev_value': None, 'change': True}
2025-03-21 12:42:52,711 : EventManager : Event: ======'machine_var_master_volume'====== Args={'value': 0.5, 'prev_value': None, 'change': True}
2025-03-21 12:42:52,711 : EventManager : Event: ======'machine_var_player1_score'====== Args={'value': 8000, 'prev_value': None, 'change': True}
2025-03-21 12:42:52,711 : EventManager : Event: ======'machine_var_player2_score'====== Args={'value': 1000, 'prev_value': None, 'change': True}
2025-03-21 12:42:52,711 : EventManager : Event: ======'machine_var_mpf_version'====== Args={'value': 'Mission Pinball Framework v0.57.0', 'prev_value': None, 'change': True}
2025-03-21 12:42:52,711 : EventManager : Event: ======'machine_var_mpf_extended_version'====== Args={'value': 'Mission Pinball Framework v0.57.0, Config version:6, Show version: 6, BCP version:1.1', 'prev_value': None, 'change': True}
2025-03-21 12:42:52,711 : EventManager : Event: ======'machine_var_python_version'====== Args={'value': '3.11.0', 'prev_value': None, 'change': True}
2025-03-21 12:42:52,711 : EventManager : Event: ======'machine_var_platform'====== Args={'value': 'Windows-10-10.0.26100-SP0', 'prev_value': None, 'change': True}
2025-03-21 12:42:52,711 : EventManager : Event: ======'machine_var_platform_system'====== Args={'value': 'Windows', 'prev_value': None, 'change': True}
2025-03-21 12:42:52,711 : EventManager : Event: ======'machine_var_platform_release'====== Args={'value': '10', 'prev_value': None, 'change': True}
2025-03-21 12:42:52,711 : EventManager : Event: ======'machine_var_platform_version'====== Args={'value': '10.0.26100', 'prev_value': None, 'change': True}
2025-03-21 12:42:52,711 : EventManager : Event: ======'machine_var_platform_machine'====== Args={'value': 'AMD64', 'prev_value': None, 'change': True}
2025-03-21 12:42:52,711 : EventManager : Event: ======'machine_var_mc_version'====== Args={'value': 'MPF-MC v0.57.1', 'prev_value': None, 'change': True}
2025-03-21 12:42:52,711 : EventManager : Event: ======'machine_var_mc_extended_version'====== Args={'value': 'MPF-MC v0.57.1 (config_version=6, BCP v1.1,                      Requires MPF API compatibility v0.57.0 or newer)', 'prev_value': None, 'change': True}
2025-03-21 12:42:52,711 : SoundSystem : Setting master volume to 0.5
2025-03-21 12:42:52,711 : SoundSystem : Setting master volume to 0.5
2025-03-21 12:42:52,712 : SoundSystem : Setting master volume to 0.5
2025-03-21 12:42:52,712 : SoundSystem : Setting master volume to 0.5
2025-03-21 12:42:52,797 : EventManager : Event: ======'machine_var_audits_events_game_ended'====== Args={'value': 13, 'prev_value': None, 'change': True}
2025-03-21 12:42:52,809 : EventManager : Event: ======'machine_var_audits_events_game_started'====== Args={'value': 54, 'prev_value': None, 'change': True}
2025-03-21 12:42:52,809 : EventManager : Event: ======'machine_var_audits_missing_switches_s_Lane1'====== Args={'value': 2, 'prev_value': None, 'change': True}
2025-03-21 12:42:52,809 : EventManager : Event: ======'machine_var_audits_missing_switches_s_Lane2'====== Args={'value': 2, 'prev_value': None, 'change': True}
2025-03-21 12:42:52,809 : EventManager : Event: ======'machine_var_audits_missing_switches_s_Lane3'====== Args={'value': 2, 'prev_value': None, 'change': True}
2025-03-21 12:42:52,809 : EventManager : Event: ======'machine_var_audits_missing_switches_s_Lane4'====== Args={'value': 2, 'prev_value': None, 'change': True}
2025-03-21 12:42:52,809 : EventManager : Event: ======'machine_var_audits_missing_switches_s_Target1'====== Args={'value': 2, 'prev_value': None, 'change': True}
2025-03-21 12:42:52,809 : EventManager : Event: ======'machine_var_audits_missing_switches_s_Target2'====== Args={'value': 2, 'prev_value': None, 'change': True}
2025-03-21 12:42:52,809 : EventManager : Event: ======'machine_var_audits_missing_switches_s_Target3'====== Args={'value': 2, 'prev_value': None, 'change': True}
2025-03-21 12:42:52,809 : EventManager : Event: ======'machine_var_audits_missing_switches_s_Target4'====== Args={'value': 2, 'prev_value': None, 'change': True}
2025-03-21 12:42:52,809 : EventManager : Event: ======'machine_var_audits_missing_switches_s_drain'====== Args={'value': 6, 'prev_value': None, 'change': True}
2025-03-21 12:42:52,809 : EventManager : Event: ======'machine_var_audits_missing_switches_s_launcher_button'====== Args={'value': 1, 'prev_value': None, 'change': True}
2025-03-21 12:42:52,810 : EventManager : Event: ======'machine_var_audits_missing_switches_s_left_flipper'====== Args={'value': 2, 'prev_value': None, 'change': True}
2025-03-21 12:42:52,810 : EventManager : Event: ======'machine_var_audits_missing_switches_s_playfield_entry'====== Args={'value': 1, 'prev_value': None, 'change': True}
2025-03-21 12:42:52,810 : EventManager : Event: ======'machine_var_audits_missing_switches_s_right_flipper'====== Args={'value': 2, 'prev_value': None, 'change': True}
2025-03-21 12:42:52,810 : EventManager : Event: ======'machine_var_audits_missing_switches_s_trough1'====== Args={'value': 7, 'prev_value': None, 'change': True}
2025-03-21 12:42:52,810 : EventManager : Event: ======'machine_var_audits_missing_switches_s_trough2'====== Args={'value': 10, 'prev_value': None, 'change': True}
2025-03-21 12:42:52,810 : EventManager : Event: ======'machine_var_audits_missing_switches_s_trough3'====== Args={'value': 14, 'prev_value': None, 'change': True}
2025-03-21 12:42:52,810 : EventManager : Event: ======'machine_var_audits_missing_switches_s_trough_enter'====== Args={'value': 9, 'prev_value': None, 'change': True}
2025-03-21 12:42:52,810 : EventManager : Event: ======'machine_var_audits_player_score'====== Args={'value': {'average': 124, 'top': [8000, 1000, 0, 0, 0, 0, 0, 0, 0, 0], 'total': 16}, 'prev_value': None, 'change': True}
2025-03-21 12:42:52,810 : EventManager : Event: ======'machine_var_audits_switches_s_Lane1'====== Args={'value': 36, 'prev_value': None, 'change': True}
2025-03-21 12:42:52,810 : EventManager : Event: ======'machine_var_audits_switches_s_Lane2'====== Args={'value': 25, 'prev_value': None, 'change': True}
2025-03-21 12:42:52,810 : EventManager : Event: ======'machine_var_audits_switches_s_Lane3'====== Args={'value': 22, 'prev_value': None, 'change': True}
2025-03-21 12:42:52,810 : EventManager : Event: ======'machine_var_audits_switches_s_Lane4'====== Args={'value': 26, 'prev_value': None, 'change': True}
2025-03-21 12:42:52,810 : EventManager : Event: ======'machine_var_audits_switches_s_Target1'====== Args={'value': 66, 'prev_value': None, 'change': True}
2025-03-21 12:42:52,810 : EventManager : Event: ======'machine_var_audits_switches_s_Target2'====== Args={'value': 59, 'prev_value': None, 'change': True}
2025-03-21 12:42:52,810 : EventManager : Event: ======'machine_var_audits_switches_s_Target3'====== Args={'value': 64, 'prev_value': None, 'change': True}
2025-03-21 12:42:52,810 : EventManager : Event: ======'machine_var_audits_switches_s_Target4'====== Args={'value': 51, 'prev_value': None, 'change': True}
2025-03-21 12:42:52,810 : EventManager : Event: ======'machine_var_audits_switches_s_drain'====== Args={'value': 0, 'prev_value': None, 'change': True}
2025-03-21 12:42:52,810 : EventManager : Event: ======'machine_var_audits_switches_s_launcher_button'====== Args={'value': 93, 'prev_value': None, 'change': True}
2025-03-21 12:42:52,810 : EventManager : Event: ======'machine_var_audits_switches_s_left_flipper'====== Args={'value': 103, 'prev_value': None, 'change': True}
2025-03-21 12:42:52,810 : EventManager : Event: ======'machine_var_audits_switches_s_playfield_entry'====== Args={'value': 202, 'prev_value': None, 'change': True}
2025-03-21 12:42:52,810 : EventManager : Event: ======'machine_var_audits_switches_s_plunger_lane'====== Args={'value': 138, 'prev_value': None, 'change': True}
2025-03-21 12:42:52,810 : EventManager : Event: ======'machine_var_audits_switches_s_pointTarget'====== Args={'value': 193, 'prev_value': None, 'change': True}
2025-03-21 12:42:52,810 : EventManager : Event: ======'machine_var_audits_switches_s_right_flipper'====== Args={'value': 95, 'prev_value': None, 'change': True}
2025-03-21 12:42:52,810 : EventManager : Event: ======'machine_var_audits_switches_s_trough1'====== Args={'value': 109, 'prev_value': None, 'change': True}
2025-03-21 12:42:52,810 : EventManager : Event: ======'machine_var_audits_switches_s_trough2'====== Args={'value': 17, 'prev_value': None, 'change': True}
2025-03-21 12:42:52,810 : EventManager : Event: ======'machine_var_audits_switches_s_trough3'====== Args={'value': 14, 'prev_value': None, 'change': True}
2025-03-21 12:42:52,811 : EventManager : Event: ======'machine_var_audits_switches_s_trough_enter'====== Args={'value': 1, 'prev_value': None, 'change': True}
2025-03-21 12:42:52,836 : EventManager : Event: ======'slides_play'====== Args={'settings': {'welcome_slide': {'target': None, 'background_color': [0.0, 0.0, 0.0, 1.0], 'priority': None, 'show': True, 'force': False, 'expire': None, 'slide': None, 'tokens': {}, 'action': 'play'}}, 'context': '_global', 'calling_context': 'init_done', 'priority': 0}
2025-03-21 12:42:52,836 : EventManager : Event: ======'mc_reset_phase_1'====== Args={}
2025-03-21 12:42:52,836 : EventManager : Event: ======'slide_welcome_slide_removed'====== Args={}
2025-03-21 12:42:52,840 : EventManager : Event: ======'slide_welcome_slide_created'====== Args={}
2025-03-21 12:42:52,840 : EventManager : Event: ======'mc_reset_phase_2'====== Args={}
2025-03-21 12:42:52,840 : EventManager : Event: ======'mc_reset_phase_3'====== Args={}
2025-03-21 12:42:52,840 : EventManager : Event: ======'mc_reset_complete'====== Args={}
2025-03-21 12:42:52,841 : EventManager : Event: ======'slide_welcome_slide_active'====== Args={}
2025-03-21 12:42:52,845 : EventManager : Event: ======'slides_play'====== Args={'settings': {'ship_slide': {'widgets': [{'type': 'image', 'image': 'ship', '_default_settings': ['type', 'image'], 'x': None, 'y': None, 'anchor_x': 'center', 'anchor_y': 'center', 'round_anchor_x': None, 'round_anchor_y': None, 'opacity': 1.0, 'z': 0, 'reset_animations_events': {}, 'color': [1.0, 1.0, 1.0, 1.0], 'style': [], 'adjust_top': 0, 'adjust_bottom': 0, 'adjust_left': 0, 'adjust_right': 0, 'expire': None, 'key': None, 'widget': None, 'events_when_added': [], 'events_when_removed': [], 'fps': 10, 'loops': -1, 'auto_play': True, 'start_frame': 0, 'rotation': 0, 'scale': 1.0, 'animations': None}], 'target': None, 'background_color': [0.0, 0.0, 0.0, 1.0], 'priority': None, 'show': True, 'force': False, 'expire': None, 'slide': None, 'tokens': {}, 'action': 'play'}}, 'context': 'show_2', 'calling_context': 0, 'priority': 10, 'show_tokens': {}, 'start_time': 259048.89}
2025-03-21 12:42:52,845 : EventManager : Event: ======'sounds_play'====== Args={'settings': {'main': {'action': 'play', 'priority': None, 'block': False, 'delay': None, 'track': None, 'volume': None, 'ducking': {}, 'pan': None, 'loops': None, 'start_at': None, 'fade_in': None, 'fade_out': None, 'about_to_finish_time': -1.0, 'max_queue_time': -1.0, 'events_when_played': ['use_sound_setting'], 'events_when_stopped': ['use_sound_setting'], 'events_when_looping': ['use_sound_setting'], 'events_when_about_to_finish': ['use_sound_setting'], 'mode_end_action': 'use_sound_setting', 'key': 'use_sound_setting'}}, 'context': '_global', 'calling_context': 'mode_attract_started', 'priority': 0}
2025-03-21 12:42:52,847 : EventManager : Event: ======'slide_ship_slide_created'====== Args={}
2025-03-21 12:42:52,848 : EventManager : Event: ======'slide_ship_slide_active'====== Args={}
2025-03-21 12:42:52,869 : EventManager : Event: ======'loading_assets'====== Args={'total': 1, 'loaded': 1, 'remaining': 0, 'percent': 100}
2025-03-21 12:42:52,869 : AssetManager : Asset loading took: 1.2008795738220215
2025-03-21 12:42:52,869 : EventManager : Event: ======'asset_loading_complete'====== Args={}
2025-03-21 12:42:52,869 : AssetManager : Loading assets: 1/1 (100%)
2025-03-21 12:42:56,018 : EventManager : Event: ======'game_started'====== Args={}
2025-03-21 12:42:56,044 : EventManager : Event: ======'slides_clear'====== Args={'context': 'show_2'}
2025-03-21 12:42:56,044 : EventManager : Event: ======'sounds_play'====== Args={'settings': {'main': {'action': 'stop', 'priority': None, 'block': False, 'delay': None, 'track': None, 'volume': None, 'ducking': {}, 'pan': None, 'loops': None, 'start_at': None, 'fade_in': None, 'fade_out': None, 'about_to_finish_time': -1.0, 'max_queue_time': -1.0, 'events_when_played': ['use_sound_setting'], 'events_when_stopped': ['use_sound_setting'], 'events_when_looping': ['use_sound_setting'], 'events_when_about_to_finish': ['use_sound_setting'], 'mode_end_action': 'use_sound_setting', 'key': 'use_sound_setting'}}, 'context': '_global', 'calling_context': 'mode_attract_stopped', 'priority': 0}
2025-03-21 12:42:56,044 : EventManager : Event: ======'player_added'====== Args={'player': <Player 1>, 'num': 1}
2025-03-21 12:42:56,044 : EventManager : Event: ======'player_index'====== Args={'value': 0, 'prev_value': 0, 'change': 0, 'player_num': 1}
2025-03-21 12:42:56,044 : EventManager : Event: ======'player_number'====== Args={'value': 1, 'prev_value': 1, 'change': 0, 'player_num': 1}
2025-03-21 12:42:56,044 : EventManager : Event: ======'player_score'====== Args={'value': 0, 'prev_value': 0, 'change': 0, 'player_num': 1}
2025-03-21 12:42:56,044 : EventManager : Event: ======'slide_ship_slide_removed'====== Args={}
2025-03-21 12:42:56,045 : EventManager : Event: ======'slide_welcome_slide_active'====== Args={}
2025-03-21 12:42:56,068 : EventManager : Event: ======'player_ball'====== Args={'value': 1, 'prev_value': 0, 'change': 1, 'player_num': 1}
2025-03-21 12:42:56,068 : EventManager : Event: ======'player_turn_start'====== Args={'number': 1, 'player': <Player 1>}
2025-03-21 12:42:56,081 : EventManager : Event: ======'slides_play'====== Args={'settings': {'objective_slide': {'widgets': [{'type': 'text', 'text': 'Score X amount of points and hit this certain spot on the playfield', 'font_size': 10, 'y': '50%', '_default_settings': ['type', 'text', 'font_size', 'y'], 'x': None, 'anchor_x': 'center', 'anchor_y': 'center', 'round_anchor_x': None, 'round_anchor_y': None, 'opacity': 1.0, 'z': 0, 'reset_animations_events': {}, 'color': [1.0, 1.0, 1.0, 1.0], 'style': [], 'adjust_top': 0, 'adjust_bottom': 0, 'adjust_left': 0, 'adjust_right': 0, 'expire': None, 'key': None, 'widget': None, 'events_when_added': [], 'events_when_removed': [], 'bitmap_font': False, 'font_kerning': True, 'bold': False, 'italic': False, 'number_grouping': False, 'min_digits': 0, 'halign': 'center', 'valign': 'middle', 'rotation': 0, 'scale': 1.0, 'casing': None, 'outline_color': [1.0, 1.0, 1.0, 1.0], 'outline_width': 0, 'animations': None}], 'target': None, 'background_color': [0.0, 0.0, 0.0, 1.0], 'priority': None, 'show': True, 'force': False, 'expire': None, 'slide': None, 'tokens': {}, 'action': 'play'}}, 'context': 'show_4', 'calling_context': 0, 'priority': 200, 'show_tokens': {}, 'start_time': 259052.109}
2025-03-21 12:42:56,084 : EventManager : Event: ======'slide_objective_slide_created'====== Args={}
2025-03-21 12:42:56,085 : EventManager : Event: ======'slide_objective_slide_active'====== Args={}
2025-03-21 12:42:56,220 : EventManager : Event: ======'machine_var_audits_switches_s_plunger_lane'====== Args={'value': 139, 'prev_value': 138, 'change': 1}
2025-03-21 12:42:59,754 : kivy : Base: Leaving application in progress...
2025-03-21 12:42:59,754 : mpfmc : Stopping...
2025-03-21 12:42:59,754 : EventManager : Event: ======'shutdown'====== Args={}
2025-03-21 12:42:59,754 : AudioInterface : Disabling audio playback
2025-03-21 12:42:59,876 : mpfmc : Loop rate 73.85 Hz
2025-03-21 12:42:59,878 : root : MC run loop ended.
2025-03-21 12:42:59,880 : root : Stopping child threads... (2 remaining)
2025-03-21 12:43:00,177 : mpfmc : Stopping...
2025-03-21 12:43:00,178 : EventManager : Event: ======'shutdown'====== Args={}
2025-03-21 12:43:00,178 : mpfmc : Loop rate 71.24 Hz
2025-03-21 12:43:00,181 : MPF-MC BCP Server : Stopping BCP sending thread
2025-03-21 12:43:00,283 : root : All child threads stopped.
