2025-03-06 20:48:22,933 : INFO : root : Loading config.
2025-03-06 20:48:22,936 : INFO : YamlMultifileConfigLoader : Machine config file #1: config.yaml
2025-03-06 20:48:22,937 : WARNING : ConfigProcessor : Config file in cache changed: C:\Users\duffb\OneDrive\Documents\Python Envs\PinBallWW1\Machine\config\config.yaml
2025-03-06 20:48:22,937 : INFO : ConfigProcessor : Loading config from file C:\Users\duffb\.pyenv\pyenv-win\versions\3.11.0\Lib\site-packages\mpf\mpfconfig.yaml.
2025-03-06 20:48:22,945 : INFO : ConfigProcessor : Loading config: C:\Users\duffb\.pyenv\pyenv-win\versions\3.11.0\Lib\site-packages\mpf\mpfconfig.yaml
2025-03-06 20:48:22,946 : INFO : ConfigProcessor : Loading config from file C:\Users\duffb\OneDrive\Documents\Python Envs\PinBallWW1\Machine\config\config.yaml.
2025-03-06 20:48:22,962 : INFO : ConfigProcessor : Loading config: C:\Users\duffb\OneDrive\Documents\Python Envs\PinBallWW1\Machine\config\config.yaml
2025-03-06 20:48:22,963 : INFO : ConfigProcessor : Config file cache created: C:\Users\duffb\AppData\Local\Temp\cadfdee4981114acd6fff59d1071b59b.mpf_cache
2025-03-06 20:48:23,047 : INFO : ConfigProcessor : Loading config from cache: C:\Users\duffb\AppData\Local\Temp\2d51d76727b268a801d8dd7a18b89879.mpf_cache
2025-03-06 20:48:23,048 : INFO : ConfigProcessor : Loading config from cache: C:\Users\duffb\AppData\Local\Temp\9f058d482eac17116727d62a93500be7.mpf_cache
2025-03-06 20:48:23,048 : INFO : ConfigProcessor : Loading config from file C:\Users\duffb\OneDrive\Documents\Python Envs\PinBallWW1\Machine\modes\base\config\base.yaml.
2025-03-06 20:48:23,059 : INFO : ConfigProcessor : Loading config: C:\Users\duffb\OneDrive\Documents\Python Envs\PinBallWW1\Machine\modes\base\config\base.yaml
2025-03-06 20:48:23,060 : INFO : ConfigProcessor : Config file cache created: C:\Users\duffb\AppData\Local\Temp\9e006ea23aa21ec68e01f6c49afad9f4.mpf_cache
2025-03-06 20:48:23,061 : INFO : Machine : Mission Pinball Framework Core Engine v0.57.0
2025-03-06 20:48:23,061 : INFO : Machine : Command line arguments: {'no_load_cache': False, 'create_config_cache': True, 'bcp': True, 'configfile': ['config.yaml'], 'force_assets_load': False, 'platform_integration_test': False, 'jsonlogging': False, 'logfile': 'logs\\2025-03-06-20-48-22-mpf-T0SHIII.log', 'pause': False, 'production': False, 'text_ui': True, 'loglevel': 15, 'consoleloglevel': 20, 'force_platform': None, 'syslog_address': None, 'mc_file_name': None, 'no_sound': False}
2025-03-06 20:48:23,061 : INFO : Machine : MPF path: C:\Users\duffb\.pyenv\pyenv-win\versions\3.11.0\Lib\site-packages\mpf
2025-03-06 20:48:23,061 : INFO : Machine : Machine path: C:\Users\duffb\OneDrive\Documents\Python Envs\PinBallWW1\Machine
2025-03-06 20:48:23,061 : INFO : Machine : Platform: win32
2025-03-06 20:48:23,061 : INFO : Machine : Python executable location: C:\Users\duffb\.pyenv\pyenv-win\versions\3.11.0\python.exe
2025-03-06 20:48:23,061 : INFO : Machine : Python version: 3.11.0 (64-bit)
2025-03-06 20:48:23,064 : INFO : Machine : Initializing MPF...
2025-03-06 20:48:23,221 : INFO : EventManager : Event: ======'machine_var_credits_string'====== Args={'value': 'FREE PLAY', 'prev_value': None, 'change': True}
2025-03-06 20:48:23,266 : INFO : EventManager : Event: ======'machine_var_master_volume'====== Args={'value': 0.5, 'prev_value': None, 'change': True}
2025-03-06 20:48:23,266 : INFO : EventManager : Event: ======'machine_var_player1_score'====== Args={'value': 0, 'prev_value': None, 'change': True}
2025-03-06 20:48:23,266 : INFO : EventManager : Event: ======'machine_var_mpf_version'====== Args={'value': 'Mission Pinball Framework v0.57.0', 'prev_value': None, 'change': True}
2025-03-06 20:48:23,266 : INFO : EventManager : Event: ======'machine_var_mpf_extended_version'====== Args={'value': 'Mission Pinball Framework v0.57.0, Config version:6, Show version: 6, BCP version:1.1', 'prev_value': None, 'change': True}
2025-03-06 20:48:23,266 : INFO : EventManager : Event: ======'machine_var_python_version'====== Args={'value': '3.11.0', 'prev_value': None, 'change': True}
2025-03-06 20:48:23,279 : INFO : EventManager : Event: ======'machine_var_platform'====== Args={'value': 'Windows-10-10.0.26100-SP0', 'prev_value': None, 'change': True}
2025-03-06 20:48:23,279 : INFO : EventManager : Event: ======'machine_var_platform_system'====== Args={'value': 'Windows', 'prev_value': None, 'change': True}
2025-03-06 20:48:23,279 : INFO : EventManager : Event: ======'machine_var_platform_release'====== Args={'value': '10', 'prev_value': None, 'change': True}
2025-03-06 20:48:23,279 : INFO : EventManager : Event: ======'machine_var_platform_version'====== Args={'value': '10.0.26100', 'prev_value': None, 'change': True}
2025-03-06 20:48:23,280 : INFO : EventManager : Event: ======'machine_var_platform_machine'====== Args={'value': 'AMD64', 'prev_value': None, 'change': True}
2025-03-06 20:48:23,280 : INFO : EventManager : Event: ======'init_phase_1'====== Args={}
2025-03-06 20:48:23,311 : INFO : EventManager : Event: ======'init_phase_2'====== Args={}
2025-03-06 20:48:23,311 : INFO : SwitchController : Found active switch: ('3', <Platform.SmartVirtual>) <switch.s_trough1>
2025-03-06 20:48:23,312 : INFO : SwitchController : Found active switch: ('4', <Platform.SmartVirtual>) <switch.s_trough2>
2025-03-06 20:48:23,312 : INFO : SwitchController : Found active switch: ('5', <Platform.SmartVirtual>) <switch.s_trough3>
2025-03-06 20:48:23,313 : INFO : EventManager : Event: ======'bcp_connection_attempt'====== Args={'name': 'local_display', 'host': 'localhost', 'port': 5050}
2025-03-06 20:48:23,315 : INFO : BCPClientSocket : Connecting BCP to 'local_display' at localhost:5050...
2025-03-06 20:48:25,372 : INFO : BCPClientSocket : Connected BCP to 'local_display' localhost:5050
2025-03-06 20:48:25,374 : INFO : EventManager : Event: ======'bcp_clients_connected'====== Args={}
2025-03-06 20:48:25,548 : INFO : ball_device.bd_trough : BCH: Initial count: 3
2025-03-06 20:48:25,548 : INFO : ball_device.bd_trough : State: idle
2025-03-06 20:48:25,550 : INFO : ball_device.bd_plunger_lane : BCH: Initial count: 0
2025-03-06 20:48:25,550 : INFO : ball_device.bd_plunger_lane : State: idle
2025-03-06 20:48:25,575 : INFO : EventManager : Event: ======'init_phase_3'====== Args={}
2025-03-06 20:48:25,578 : INFO : EventManager : Event: ======'init_phase_4'====== Args={}
2025-03-06 20:48:25,578 : INFO : BallController : Initial balls found: 3
2025-03-06 20:48:25,578 : INFO : EventManager : Event: ======'machine_var_audits_events_game_ended'====== Args={'value': 7, 'prev_value': None, 'change': True}
2025-03-06 20:48:25,580 : INFO : EventManager : Event: ======'machine_var_audits_events_game_started'====== Args={'value': 8, 'prev_value': None, 'change': True}
2025-03-06 20:48:25,580 : INFO : EventManager : Event: ======'machine_var_audits_missing_switches_s_drain'====== Args={'value': 6, 'prev_value': None, 'change': True}
2025-03-06 20:48:25,580 : INFO : EventManager : Event: ======'machine_var_audits_missing_switches_s_launcher_button'====== Args={'value': 3, 'prev_value': None, 'change': True}
2025-03-06 20:48:25,580 : INFO : EventManager : Event: ======'machine_var_audits_missing_switches_s_right_flipper'====== Args={'value': 1, 'prev_value': None, 'change': True}
2025-03-06 20:48:25,580 : INFO : EventManager : Event: ======'machine_var_audits_missing_switches_s_trough2'====== Args={'value': 1, 'prev_value': None, 'change': True}
2025-03-06 20:48:25,580 : INFO : EventManager : Event: ======'machine_var_audits_missing_switches_s_trough3'====== Args={'value': 1, 'prev_value': None, 'change': True}
2025-03-06 20:48:25,580 : INFO : EventManager : Event: ======'machine_var_audits_missing_switches_s_trough_enter'====== Args={'value': 8, 'prev_value': None, 'change': True}
2025-03-06 20:48:25,580 : INFO : EventManager : Event: ======'machine_var_audits_player_score'====== Args={'value': {'average': 0, 'top': [0, 0, 0, 0, 0, 0, 0], 'total': 7}, 'prev_value': None, 'change': True}
2025-03-06 20:48:25,580 : INFO : EventManager : Event: ======'machine_var_audits_switches_s_drain'====== Args={'value': 0, 'prev_value': None, 'change': True}
2025-03-06 20:48:25,580 : INFO : EventManager : Event: ======'machine_var_audits_switches_s_launcher_button'====== Args={'value': 4, 'prev_value': None, 'change': True}
2025-03-06 20:48:25,580 : INFO : EventManager : Event: ======'machine_var_audits_switches_s_left_flipper'====== Args={'value': 14, 'prev_value': None, 'change': True}
2025-03-06 20:48:25,580 : INFO : EventManager : Event: ======'machine_var_audits_switches_s_playfield_entry'====== Args={'value': 23, 'prev_value': None, 'change': True}
2025-03-06 20:48:25,580 : INFO : EventManager : Event: ======'machine_var_audits_switches_s_plunger_lane'====== Args={'value': 38, 'prev_value': None, 'change': True}
2025-03-06 20:48:25,580 : INFO : EventManager : Event: ======'machine_var_audits_switches_s_right_flipper'====== Args={'value': 10, 'prev_value': None, 'change': True}
2025-03-06 20:48:25,581 : INFO : EventManager : Event: ======'machine_var_audits_switches_s_trough1'====== Args={'value': 19, 'prev_value': None, 'change': True}
2025-03-06 20:48:25,581 : INFO : EventManager : Event: ======'machine_var_audits_switches_s_trough2'====== Args={'value': 4, 'prev_value': None, 'change': True}
2025-03-06 20:48:25,581 : INFO : EventManager : Event: ======'machine_var_audits_switches_s_trough3'====== Args={'value': 6, 'prev_value': None, 'change': True}
2025-03-06 20:48:25,581 : INFO : EventManager : Event: ======'machine_var_audits_switches_s_trough_enter'====== Args={'value': 0, 'prev_value': None, 'change': True}
2025-03-06 20:48:25,581 : INFO : EventManager : Event: ======'init_phase_5'====== Args={}
2025-03-06 20:48:25,618 : INFO : EventManager : Event: ======'init_done'====== Args={}
2025-03-06 20:48:25,618 : INFO : EventManager : Event: ======'machine_reset_phase_1'====== Args={}
2025-03-06 20:48:28,957 : INFO : EventManager : Event: ======'machine_var_mc_version'====== Args={'value': 'MPF-MC v0.57.1', 'prev_value': None, 'change': True}
2025-03-06 20:48:28,961 : INFO : EventManager : Event: ======'machine_var_mc_extended_version'====== Args={'value': 'MPF-MC v0.57.1 (config_version=6, BCP v1.1,                      Requires MPF API compatibility v0.57.0 or newer)', 'prev_value': None, 'change': True}
2025-03-06 20:48:28,967 : INFO : EventManager : Event: ======'machine_reset_phase_2'====== Args={}
2025-03-06 20:48:28,968 : INFO : EventManager : Event: ======'machine_reset_phase_3'====== Args={}
2025-03-06 20:48:28,968 : INFO : EventManager : Event: ======'reset_complete'====== Args={}
2025-03-06 20:48:28,968 : INFO : EventManager : Event: ======'mode_attract_will_start'====== Args={}
2025-03-06 20:48:28,968 : INFO : EventManager : Event: ======'mode_attract_starting'====== Args={}
2025-03-06 20:48:28,968 : INFO : Mode.attract : Started. Priority: 10
2025-03-06 20:48:28,968 : INFO : EventManager : Event: ======'modes_active_modes_changed'====== Args={}
2025-03-06 20:48:28,968 : INFO : EventManager : Event: ======'mode_attract_started'====== Args={}
2025-03-06 20:48:28,970 : INFO : EventManager : Event: ======'collecting_balls_complete'====== Args={}
2025-03-06 20:48:28,995 : INFO : EventManager : Event: ======'slide_welcome_slide_created'====== Args={'_from_bcp': True}
2025-03-06 20:48:28,995 : INFO : EventManager : Event: ======'slide_welcome_slide_active'====== Args={'_from_bcp': True}
2025-03-06 20:48:28,995 : INFO : Machine : Starting the main run loop.
2025-03-06 20:48:37,195 : INFO : SwitchController : <<<<<<< 's_launcher_button' active >>>>>>>
2025-03-06 20:48:37,293 : INFO : SwitchController : <<<<<<< 's_launcher_button' inactive >>>>>>>
2025-03-06 20:48:37,294 : INFO : EventManager : Event: ======'request_to_start_game'====== Args={}
2025-03-06 20:48:37,296 : INFO : EventManager : Event: ======'game_start'====== Args={'buttons': [], 'hold_time': 0.10899999999674037}
2025-03-06 20:48:37,296 : INFO : EventManager : Event: ======'mode_game_will_start'====== Args={'buttons': [], 'hold_time': 0.10899999999674037}
2025-03-06 20:48:37,298 : INFO : EventManager : Event: ======'mode_game_starting'====== Args={'buttons': [], 'hold_time': 0.10899999999674037}
2025-03-06 20:48:37,298 : INFO : EventManager : Event: ======'mode_attract_will_stop'====== Args={}
2025-03-06 20:48:37,298 : INFO : EventManager : Event: ======'mode_attract_stopping'====== Args={}
2025-03-06 20:48:37,299 : INFO : Mode.attract : Stopped.
2025-03-06 20:48:37,299 : INFO : EventManager : Event: ======'modes_active_modes_changed'====== Args={}
2025-03-06 20:48:37,299 : INFO : EventManager : Event: ======'mode_attract_stopped'====== Args={}
2025-03-06 20:48:37,299 : INFO : EventManager : Event: ======'clear'====== Args={'key': 'attract'}
2025-03-06 20:48:37,299 : INFO : Mode.game : Started. Priority: 20
2025-03-06 20:48:37,300 : INFO : EventManager : Event: ======'modes_active_modes_changed'====== Args={}
2025-03-06 20:48:37,300 : INFO : EventManager : Event: ======'mode_game_started'====== Args={'buttons': [], 'hold_time': 0.10899999999674037}
2025-03-06 20:48:37,320 : INFO : EventManager : Event: ======'game_will_start'====== Args={}
2025-03-06 20:48:37,321 : INFO : EventManager : Event: ======'game_starting'====== Args={'game': <Mode.game>}
2025-03-06 20:48:37,324 : INFO : EventManager : Unordered handler for class <Auditor> on event game_ended with priority 1. Handlers: [RegisteredHandler(callback=<bound method Auditor.disable of <Auditor>>, priority=1, kwargs={}, key=UUID('ae5df4b1-dbeb-4b19-94ed-69669829395a'), condition=None, blocking_facility=None), RegisteredHandler(callback=<bound method Auditor._save_audits of <Auditor>>, priority=1, kwargs={}, key=UUID('627c8920-518a-452e-81c5-30bd77eea199'), condition=None, blocking_facility=None)]. The order of those handlers is not defined and they will be executed in random order. This might lead to race conditions and potential bugs.
2025-03-06 20:48:37,324 : INFO : EventManager : Event: ======'player_add_request'====== Args={}
2025-03-06 20:48:37,324 : INFO : EventManager : Event: ======'player_will_add'====== Args={'number': 1}
2025-03-06 20:48:37,324 : INFO : EventManager : Event: ======'player_adding'====== Args={'player': <Player 1>, 'number': 1}
2025-03-06 20:48:37,324 : INFO : EventManager : Event: ======'player_added'====== Args={'player': <Player 1>, 'num': 1}
2025-03-06 20:48:37,324 : INFO : Mode.game : Player added successfully. Total players: 1
2025-03-06 20:48:37,325 : INFO : EventManager : Event: ======'player_index'====== Args={'value': 0, 'prev_value': 0, 'change': 0, 'player_num': 1}
2025-03-06 20:48:37,325 : INFO : EventManager : Event: ======'player_number'====== Args={'value': 1, 'prev_value': 1, 'change': 0, 'player_num': 1}
2025-03-06 20:48:37,325 : INFO : EventManager : Event: ======'player_score'====== Args={'value': 0, 'prev_value': 0, 'change': 0, 'player_num': 1}
2025-03-06 20:48:37,326 : INFO : EventManager : Event: ======'game_started'====== Args={}
2025-03-06 20:48:37,337 : INFO : EventManager : Event: ======'player_turn_will_start'====== Args={'player': <Player 1>, 'number': 1}
2025-03-06 20:48:37,337 : INFO : EventManager : Event: ======'player_turn_starting'====== Args={'player': <Player 1>, 'number': 1}
2025-03-06 20:48:37,337 : INFO : EventManager : Event: ======'player_ball'====== Args={'value': 1, 'prev_value': 0, 'change': 1, 'player_num': 1}
2025-03-06 20:48:37,338 : INFO : EventManager : Event: ======'player_turn_started'====== Args={'player': <Player 1>, 'number': 1}
2025-03-06 20:48:37,342 : INFO : EventManager : Event: ======'ball_will_start'====== Args={'player': 1, 'ball': 1, 'balls_remaining': 2, 'is_extra_ball': False}
2025-03-06 20:48:37,346 : INFO : EventManager : Event: ======'ball_starting'====== Args={'player': 1, 'ball': 1, 'balls_remaining': 2, 'is_extra_ball': False}
2025-03-06 20:48:37,347 : INFO : EventManager : Event: ======'balls_in_play'====== Args={'balls': 1}
2025-03-06 20:48:37,347 : INFO : EventManager : Event: ======'ball_started'====== Args={'player': 1, 'ball': 1, 'balls_remaining': 2, 'is_extra_ball': False}
2025-03-06 20:48:37,347 : INFO : EventManager : Event: ======'mode_base_will_start'====== Args={'player': 1, 'ball': 1, 'balls_remaining': 2, 'is_extra_ball': False}
2025-03-06 20:48:37,347 : INFO : EventManager : Event: ======'mode_base_starting'====== Args={'player': 1, 'ball': 1, 'balls_remaining': 2, 'is_extra_ball': False}
2025-03-06 20:48:37,348 : INFO : Mode.base : Started. Priority: 100
2025-03-06 20:48:37,348 : INFO : EventManager : Event: ======'modes_active_modes_changed'====== Args={}
2025-03-06 20:48:37,348 : INFO : EventManager : Event: ======'mode_base_started'====== Args={'player': 1, 'ball': 1, 'balls_remaining': 2, 'is_extra_ball': False}
2025-03-06 20:48:37,348 : INFO : EventManager : Event: ======'single_player_ball_started'====== Args={}
2025-03-06 20:48:37,366 : INFO : EventManager : Event: ======'ball_start_target'====== Args={'target': 'playfield'}
2025-03-06 20:48:37,367 : INFO : EventManager : Event: ======'slide__global.slide_player-ball_started_created'====== Args={'_from_bcp': True}
2025-03-06 20:48:37,367 : INFO : EventManager : Event: ======'slide__global.slide_player-ball_started_active'====== Args={'_from_bcp': True}
2025-03-06 20:48:37,367 : INFO : ball_device.bd_plunger_lane : Setting up player-controlled eject. Balls: 1, Target: <playfield.playfield>, player_controlled_eject_event: None
2025-03-06 20:48:37,367 : INFO : ball_device.bd_plunger_lane : Adding 1 ball(s) to the eject_queue with target <playfield.playfield>.
2025-03-06 20:48:37,367 : INFO : EventManager : Event: ======'balldevice_balls_available'====== Args={}
2025-03-06 20:48:37,368 : INFO : ball_device.bd_trough : State: waiting_for_target_ready
2025-03-06 20:48:37,368 : INFO : EventManager : Event: ======'balldevice_bd_trough_ball_eject_attempt'====== Args={'balls': 1, 'target': <ball_device.bd_plunger_lane>, 'source': <ball_device.bd_trough>, 'mechanical_eject': False, 'num_attempts': 0}
2025-03-06 20:48:37,368 : INFO : ball_device.bd_plunger_lane : State: waiting_for_ball
2025-03-06 20:48:37,368 : INFO : ball_device.bd_trough : State: ejecting
2025-03-06 20:48:37,368 : INFO : ball_device.bd_trough : Ejecting ball to <ball_device.bd_plunger_lane>
2025-03-06 20:48:37,368 : INFO : EventManager : Event: ======'balldevice_bd_trough_ejecting_ball'====== Args={'balls': 1, 'target': <ball_device.bd_plunger_lane>, 'source': <ball_device.bd_trough>, 'mechanical_eject': False, 'num_attempts': 0}
2025-03-06 20:48:37,368 : INFO : ball_device.bd_trough : Wait for ball to leave device
2025-03-06 20:48:37,368 : INFO : coil.c_trough_release : Pulsing Driver for 20ms (1.0 pulse_power)
2025-03-06 20:48:37,368 : INFO : SwitchController : <<<<<<< 's_trough1' inactive >>>>>>>
2025-03-06 20:48:37,371 : INFO : ball_device.bd_trough : State: ball_left
2025-03-06 20:48:37,372 : INFO : ball_device.bd_trough : Ball left
2025-03-06 20:48:37,372 : INFO : ball_device.bd_trough : Wait for confirm with timeout 3.0
2025-03-06 20:48:37,479 : INFO : SwitchController : <<<<<<< 's_plunger_lane' active >>>>>>>
2025-03-06 20:48:37,480 : INFO : EventManager : Event: ======'machine_var_audits_switches_s_plunger_lane'====== Args={'value': 39, 'prev_value': 38, 'change': 1}
2025-03-06 20:48:37,993 : INFO : ball_device.bd_plunger_lane : Received ball from <ball_device.bd_trough>
2025-03-06 20:48:37,995 : INFO : EventManager : Event: ======'balldevice_bd_plunger_lane_ball_enter'====== Args={'new_balls': 1, 'unclaimed_balls': 0, 'new_available_balls': 0, 'device': <ball_device.bd_plunger_lane>}
2025-03-06 20:48:37,997 : INFO : EventManager : Event: ======'balldevice_bd_plunger_lane_ball_entered'====== Args={'new_balls': 0, 'device': <ball_device.bd_plunger_lane>}
2025-03-06 20:48:37,998 : INFO : EventManager : Event: ======'balldevice_bd_plunger_lane_ball_count_changed'====== Args={'balls': 1}
2025-03-06 20:48:37,999 : INFO : ball_device.bd_trough : Got eject confirm
2025-03-06 20:48:37,999 : INFO : ball_device.bd_trough : Eject successful
2025-03-06 20:48:38,000 : INFO : EventManager : Event: ======'balldevice_bd_trough_ball_eject_success'====== Args={'balls': 1, 'target': <ball_device.bd_plunger_lane>}
2025-03-06 20:48:38,001 : INFO : ball_device.bd_plunger_lane : State: waiting_for_target_ready
2025-03-06 20:48:38,001 : INFO : EventManager : Event: ======'balldevice_bd_plunger_lane_ball_eject_attempt'====== Args={'balls': 1, 'target': <playfield.playfield>, 'source': <ball_device.bd_plunger_lane>, 'mechanical_eject': False, 'num_attempts': 0}
2025-03-06 20:48:38,002 : INFO : EventManager : Event: ======'balldevice_bd_trough_ball_count_changed'====== Args={'balls': 2}
2025-03-06 20:48:38,002 : INFO : ball_device.bd_trough : State: idle
2025-03-06 20:48:38,005 : INFO : ball_device.bd_plunger_lane : State: ejecting
2025-03-06 20:48:38,005 : INFO : ball_device.bd_plunger_lane : Ejecting ball to <playfield.playfield>
2025-03-06 20:48:38,006 : INFO : EventManager : Event: ======'balldevice_bd_plunger_lane_ejecting_ball'====== Args={'balls': 1, 'target': <playfield.playfield>, 'source': <ball_device.bd_plunger_lane>, 'mechanical_eject': False, 'num_attempts': 0}
2025-03-06 20:48:38,011 : INFO : ball_device.bd_plunger_lane : Wait for ball to leave device
2025-03-06 20:48:38,013 : INFO : coil.c_autolauncher : Pulsing Driver for 20ms (1.0 pulse_power)
2025-03-06 20:48:38,013 : INFO : SwitchController : <<<<<<< 's_plunger_lane' inactive >>>>>>>
2025-03-06 20:48:38,052 : INFO : ball_device.bd_plunger_lane : State: ball_left
2025-03-06 20:48:38,053 : INFO : ball_device.bd_plunger_lane : Ball left
2025-03-06 20:48:38,054 : INFO : ball_device.bd_plunger_lane : Wait for confirm with timeout 3.0
2025-03-06 20:48:38,088 : INFO : SwitchController : <<<<<<< 's_playfield_entry' active >>>>>>>
2025-03-06 20:48:38,088 : INFO : EventManager : Event: ======'sw_playfield_active'====== Args={}
2025-03-06 20:48:38,088 : INFO : EventManager : Event: ======'machine_var_audits_switches_s_playfield_entry'====== Args={'value': 24, 'prev_value': 23, 'change': 1}
2025-03-06 20:48:38,093 : INFO : EventManager : Event: ======'playfield_active'====== Args={}
2025-03-06 20:48:38,136 : INFO : SwitchController : <<<<<<< 's_playfield_entry' inactive >>>>>>>
2025-03-06 20:48:38,186 : INFO : ball_device.bd_plunger_lane : Got eject confirm
2025-03-06 20:48:38,187 : INFO : ball_device.bd_plunger_lane : Eject successful
2025-03-06 20:48:38,187 : INFO : EventManager : Event: ======'balldevice_bd_plunger_lane_ball_eject_success'====== Args={'balls': 1, 'target': <playfield.playfield>}
2025-03-06 20:48:38,188 : INFO : EventManager : Event: ======'balldevice_playfield_ball_enter'====== Args={'new_balls': 1, 'unclaimed_balls': 1, 'device': <playfield.playfield>}
2025-03-06 20:48:38,188 : INFO : EventManager : Event: ======'playfield_ball_count_change'====== Args={'balls': 1, 'change': 1}
2025-03-06 20:48:38,190 : INFO : EventManager : Event: ======'balldevice_bd_plunger_lane_ball_count_changed'====== Args={'balls': 0}
2025-03-06 20:48:38,528 : INFO : ball_device.bd_plunger_lane : State: idle
2025-03-06 20:48:40,384 : INFO : SwitchController : <<<<<<< 's_trough1' active >>>>>>>
2025-03-06 20:48:40,385 : INFO : EventManager : Event: ======'machine_var_audits_switches_s_trough1'====== Args={'value': 20, 'prev_value': 19, 'change': 1}
2025-03-06 20:48:40,713 : INFO : EventManager : Event: ======'balldevice_bd_trough_ball_count_changed'====== Args={'balls': 3}
2025-03-06 20:48:40,714 : INFO : ball_device.bd_trough : Received unexpected ball
2025-03-06 20:48:40,714 : INFO : EventManager : Event: ======'balldevice_captured_from_playfield'====== Args={'balls': 1}
2025-03-06 20:48:40,715 : INFO : EventManager : Event: ======'sw_playfield_active'====== Args={'balls': 1}
2025-03-06 20:48:40,715 : INFO : EventManager : Event: ======'playfield_ball_count_change'====== Args={'balls': 0, 'change': -1}
2025-03-06 20:48:40,716 : INFO : EventManager : Event: ======'balldevice_bd_trough_ball_enter'====== Args={'new_balls': 1, 'unclaimed_balls': 1, 'new_available_balls': 1, 'device': <ball_device.bd_trough>}
2025-03-06 20:48:40,716 : INFO : EventManager : Event: ======'ball_drain'====== Args={'device': <ball_device.bd_trough>, 'balls': 1}
2025-03-06 20:48:40,717 : INFO : EventManager : Event: ======'ball_will_end'====== Args={}
2025-03-06 20:48:40,717 : INFO : EventManager : Event: ======'balldevice_balls_available'====== Args={}
2025-03-06 20:48:40,717 : INFO : EventManager : Event: ======'balldevice_bd_trough_ball_entered'====== Args={'new_balls': 1, 'device': <ball_device.bd_trough>}
2025-03-06 20:48:40,718 : INFO : EventManager : Event: ======'ball_ending'====== Args={}
2025-03-06 20:48:40,719 : INFO : EventManager : Event: ======'mode_base_will_stop'====== Args={}
2025-03-06 20:48:40,719 : INFO : EventManager : Event: ======'mode_base_stopping'====== Args={}
2025-03-06 20:48:40,719 : INFO : Mode.base : Stopped.
2025-03-06 20:48:40,719 : INFO : EventManager : Event: ======'modes_active_modes_changed'====== Args={}
2025-03-06 20:48:40,720 : INFO : EventManager : Event: ======'mode_base_stopped'====== Args={}
2025-03-06 20:48:40,720 : INFO : EventManager : Event: ======'clear'====== Args={'key': 'base'}
2025-03-06 20:48:40,829 : INFO : EventManager : Event: ======'ball_ended'====== Args={}
2025-03-06 20:48:40,830 : INFO : EventManager : Event: ======'player_turn_will_end'====== Args={'player': <Player 1>, 'number': 1}
2025-03-06 20:48:40,833 : INFO : EventManager : Event: ======'player_turn_ending'====== Args={'player': <Player 1>, 'number': 1}
2025-03-06 20:48:40,833 : INFO : EventManager : Event: ======'player_turn_ended'====== Args={'player': <Player 1>, 'number': 1}
2025-03-06 20:48:40,834 : INFO : EventManager : Event: ======'player_turn_will_start'====== Args={'player': <Player 1>, 'number': 1}
2025-03-06 20:48:40,834 : INFO : EventManager : Event: ======'player_turn_starting'====== Args={'player': <Player 1>, 'number': 1}
2025-03-06 20:48:40,834 : INFO : EventManager : Event: ======'player_ball'====== Args={'value': 2, 'prev_value': 1, 'change': 1, 'player_num': 1}
2025-03-06 20:48:40,834 : INFO : EventManager : Event: ======'player_turn_started'====== Args={'player': <Player 1>, 'number': 1}
2025-03-06 20:48:40,835 : INFO : EventManager : Event: ======'ball_will_start'====== Args={'player': 1, 'ball': 2, 'balls_remaining': 1, 'is_extra_ball': False}
2025-03-06 20:48:40,838 : INFO : EventManager : Event: ======'ball_starting'====== Args={'player': 1, 'ball': 2, 'balls_remaining': 1, 'is_extra_ball': False}
2025-03-06 20:48:40,838 : INFO : EventManager : Event: ======'balls_in_play'====== Args={'balls': 1}
2025-03-06 20:48:40,838 : INFO : EventManager : Event: ======'ball_started'====== Args={'player': 1, 'ball': 2, 'balls_remaining': 1, 'is_extra_ball': False}
2025-03-06 20:48:40,838 : INFO : EventManager : Event: ======'mode_base_will_start'====== Args={'player': 1, 'ball': 2, 'balls_remaining': 1, 'is_extra_ball': False}
2025-03-06 20:48:40,838 : INFO : EventManager : Event: ======'mode_base_starting'====== Args={'player': 1, 'ball': 2, 'balls_remaining': 1, 'is_extra_ball': False}
2025-03-06 20:48:40,840 : INFO : Mode.base : Started. Priority: 100
2025-03-06 20:48:40,840 : INFO : EventManager : Event: ======'modes_active_modes_changed'====== Args={}
2025-03-06 20:48:40,840 : INFO : EventManager : Event: ======'mode_base_started'====== Args={'player': 1, 'ball': 2, 'balls_remaining': 1, 'is_extra_ball': False}
2025-03-06 20:48:40,840 : INFO : EventManager : Event: ======'single_player_ball_started'====== Args={}
2025-03-06 20:48:40,855 : INFO : EventManager : Event: ======'ball_start_target'====== Args={'target': 'playfield'}
2025-03-06 20:48:40,855 : INFO : EventManager : Event: ======'slide__global.slide_player-ball_started_removed'====== Args={'_from_bcp': True}
2025-03-06 20:48:40,856 : INFO : EventManager : Event: ======'slide__global.slide_player-ball_started_created'====== Args={'_from_bcp': True}
2025-03-06 20:48:40,856 : INFO : EventManager : Event: ======'slide__global.slide_player-ball_started_active'====== Args={'_from_bcp': True}
2025-03-06 20:48:40,856 : INFO : ball_device.bd_plunger_lane : Setting up player-controlled eject. Balls: 1, Target: <playfield.playfield>, player_controlled_eject_event: None
2025-03-06 20:48:40,856 : INFO : ball_device.bd_plunger_lane : Adding 1 ball(s) to the eject_queue with target <playfield.playfield>.
2025-03-06 20:48:40,856 : INFO : EventManager : Event: ======'balldevice_balls_available'====== Args={}
2025-03-06 20:48:40,856 : INFO : ball_device.bd_trough : State: waiting_for_target_ready
2025-03-06 20:48:40,856 : INFO : EventManager : Event: ======'balldevice_bd_trough_ball_eject_attempt'====== Args={'balls': 1, 'target': <ball_device.bd_plunger_lane>, 'source': <ball_device.bd_trough>, 'mechanical_eject': False, 'num_attempts': 0}
2025-03-06 20:48:40,856 : INFO : ball_device.bd_plunger_lane : State: waiting_for_ball
2025-03-06 20:48:40,856 : INFO : ball_device.bd_trough : State: ejecting
2025-03-06 20:48:40,856 : INFO : ball_device.bd_trough : Ejecting ball to <ball_device.bd_plunger_lane>
2025-03-06 20:48:40,856 : INFO : EventManager : Event: ======'balldevice_bd_trough_ejecting_ball'====== Args={'balls': 1, 'target': <ball_device.bd_plunger_lane>, 'source': <ball_device.bd_trough>, 'mechanical_eject': False, 'num_attempts': 0}
2025-03-06 20:48:40,857 : INFO : ball_device.bd_trough : Wait for ball to leave device
2025-03-06 20:48:40,857 : INFO : coil.c_trough_release : Pulsing Driver for 20ms (1.0 pulse_power)
2025-03-06 20:48:40,857 : INFO : SwitchController : <<<<<<< 's_trough1' inactive >>>>>>>
2025-03-06 20:48:40,860 : INFO : ball_device.bd_trough : State: ball_left
2025-03-06 20:48:40,860 : INFO : ball_device.bd_trough : Ball left
2025-03-06 20:48:40,860 : INFO : ball_device.bd_trough : Wait for confirm with timeout 3.0
2025-03-06 20:48:40,962 : INFO : SwitchController : <<<<<<< 's_plunger_lane' active >>>>>>>
2025-03-06 20:48:40,962 : INFO : EventManager : Event: ======'machine_var_audits_switches_s_plunger_lane'====== Args={'value': 40, 'prev_value': 39, 'change': 1}
2025-03-06 20:48:41,478 : INFO : ball_device.bd_plunger_lane : Received ball from <ball_device.bd_trough>
2025-03-06 20:48:41,479 : INFO : EventManager : Event: ======'balldevice_bd_plunger_lane_ball_enter'====== Args={'new_balls': 1, 'unclaimed_balls': 0, 'new_available_balls': 0, 'device': <ball_device.bd_plunger_lane>}
2025-03-06 20:48:41,480 : INFO : EventManager : Event: ======'balldevice_bd_plunger_lane_ball_entered'====== Args={'new_balls': 0, 'device': <ball_device.bd_plunger_lane>}
2025-03-06 20:48:41,480 : INFO : EventManager : Event: ======'balldevice_bd_plunger_lane_ball_count_changed'====== Args={'balls': 1}
2025-03-06 20:48:41,480 : INFO : ball_device.bd_trough : Got eject confirm
2025-03-06 20:48:41,481 : INFO : ball_device.bd_trough : Eject successful
2025-03-06 20:48:41,481 : INFO : EventManager : Event: ======'balldevice_bd_trough_ball_eject_success'====== Args={'balls': 1, 'target': <ball_device.bd_plunger_lane>}
2025-03-06 20:48:41,481 : INFO : ball_device.bd_plunger_lane : State: waiting_for_target_ready
2025-03-06 20:48:41,482 : INFO : EventManager : Event: ======'balldevice_bd_plunger_lane_ball_eject_attempt'====== Args={'balls': 1, 'target': <playfield.playfield>, 'source': <ball_device.bd_plunger_lane>, 'mechanical_eject': False, 'num_attempts': 0}
2025-03-06 20:48:41,482 : INFO : EventManager : Event: ======'balldevice_bd_trough_ball_count_changed'====== Args={'balls': 2}
2025-03-06 20:48:41,482 : INFO : ball_device.bd_trough : State: idle
2025-03-06 20:48:41,483 : INFO : ball_device.bd_plunger_lane : State: ejecting
2025-03-06 20:48:41,483 : INFO : ball_device.bd_plunger_lane : Ejecting ball to <playfield.playfield>
2025-03-06 20:48:41,483 : INFO : EventManager : Event: ======'balldevice_bd_plunger_lane_ejecting_ball'====== Args={'balls': 1, 'target': <playfield.playfield>, 'source': <ball_device.bd_plunger_lane>, 'mechanical_eject': False, 'num_attempts': 0}
2025-03-06 20:48:41,485 : INFO : ball_device.bd_plunger_lane : Wait for ball to leave device
2025-03-06 20:48:41,485 : INFO : coil.c_autolauncher : Pulsing Driver for 20ms (1.0 pulse_power)
2025-03-06 20:48:41,486 : INFO : SwitchController : <<<<<<< 's_plunger_lane' inactive >>>>>>>
2025-03-06 20:48:41,506 : INFO : ball_device.bd_plunger_lane : State: ball_left
2025-03-06 20:48:41,506 : INFO : ball_device.bd_plunger_lane : Ball left
2025-03-06 20:48:41,506 : INFO : ball_device.bd_plunger_lane : Wait for confirm with timeout 3.0
2025-03-06 20:48:41,555 : INFO : SwitchController : <<<<<<< 's_playfield_entry' active >>>>>>>
2025-03-06 20:48:41,556 : INFO : EventManager : Event: ======'sw_playfield_active'====== Args={}
2025-03-06 20:48:41,556 : INFO : EventManager : Event: ======'machine_var_audits_switches_s_playfield_entry'====== Args={'value': 25, 'prev_value': 24, 'change': 1}
2025-03-06 20:48:41,558 : INFO : EventManager : Event: ======'playfield_active'====== Args={}
2025-03-06 20:48:41,586 : INFO : SwitchController : <<<<<<< 's_playfield_entry' inactive >>>>>>>
2025-03-06 20:48:41,602 : INFO : ball_device.bd_plunger_lane : Got eject confirm
2025-03-06 20:48:41,602 : INFO : ball_device.bd_plunger_lane : Eject successful
2025-03-06 20:48:41,602 : INFO : EventManager : Event: ======'balldevice_bd_plunger_lane_ball_eject_success'====== Args={'balls': 1, 'target': <playfield.playfield>}
2025-03-06 20:48:41,602 : INFO : EventManager : Event: ======'balldevice_playfield_ball_enter'====== Args={'new_balls': 1, 'unclaimed_balls': 1, 'device': <playfield.playfield>}
2025-03-06 20:48:41,603 : INFO : EventManager : Event: ======'playfield_ball_count_change'====== Args={'balls': 1, 'change': 1}
2025-03-06 20:48:41,603 : INFO : EventManager : Event: ======'balldevice_bd_plunger_lane_ball_count_changed'====== Args={'balls': 0}
2025-03-06 20:48:41,678 : INFO : SwitchController : <<<<<<< 's_trough1' active >>>>>>>
2025-03-06 20:48:41,679 : INFO : EventManager : Event: ======'machine_var_audits_switches_s_trough1'====== Args={'value': 21, 'prev_value': 20, 'change': 1}
2025-03-06 20:48:41,992 : INFO : ball_device.bd_plunger_lane : State: idle
2025-03-06 20:48:41,994 : INFO : EventManager : Event: ======'balldevice_bd_trough_ball_count_changed'====== Args={'balls': 3}
2025-03-06 20:48:41,994 : INFO : ball_device.bd_trough : Received unexpected ball
2025-03-06 20:48:41,995 : INFO : EventManager : Event: ======'balldevice_captured_from_playfield'====== Args={'balls': 1}
2025-03-06 20:48:41,995 : INFO : EventManager : Event: ======'sw_playfield_active'====== Args={'balls': 1}
2025-03-06 20:48:41,995 : INFO : EventManager : Event: ======'playfield_ball_count_change'====== Args={'balls': 0, 'change': -1}
2025-03-06 20:48:41,996 : INFO : EventManager : Event: ======'balldevice_bd_trough_ball_enter'====== Args={'new_balls': 1, 'unclaimed_balls': 1, 'new_available_balls': 1, 'device': <ball_device.bd_trough>}
2025-03-06 20:48:41,997 : INFO : EventManager : Event: ======'ball_drain'====== Args={'device': <ball_device.bd_trough>, 'balls': 1}
2025-03-06 20:48:41,997 : INFO : EventManager : Event: ======'ball_will_end'====== Args={}
2025-03-06 20:48:41,997 : INFO : EventManager : Event: ======'balldevice_balls_available'====== Args={}
2025-03-06 20:48:41,997 : INFO : EventManager : Event: ======'balldevice_bd_trough_ball_entered'====== Args={'new_balls': 1, 'device': <ball_device.bd_trough>}
2025-03-06 20:48:41,998 : INFO : EventManager : Event: ======'ball_ending'====== Args={}
2025-03-06 20:48:42,000 : INFO : EventManager : Event: ======'mode_base_will_stop'====== Args={}
2025-03-06 20:48:42,001 : INFO : EventManager : Event: ======'mode_base_stopping'====== Args={}
2025-03-06 20:48:42,001 : INFO : Mode.base : Stopped.
2025-03-06 20:48:42,001 : INFO : EventManager : Event: ======'modes_active_modes_changed'====== Args={}
2025-03-06 20:48:42,002 : INFO : EventManager : Event: ======'mode_base_stopped'====== Args={}
2025-03-06 20:48:42,002 : INFO : EventManager : Event: ======'clear'====== Args={'key': 'base'}
2025-03-06 20:48:42,133 : INFO : EventManager : Event: ======'ball_ended'====== Args={}
2025-03-06 20:48:42,153 : INFO : EventManager : Event: ======'player_turn_will_end'====== Args={'player': <Player 1>, 'number': 1}
2025-03-06 20:48:42,154 : INFO : EventManager : Event: ======'player_turn_ending'====== Args={'player': <Player 1>, 'number': 1}
2025-03-06 20:48:42,154 : INFO : EventManager : Event: ======'player_turn_ended'====== Args={'player': <Player 1>, 'number': 1}
2025-03-06 20:48:42,155 : INFO : EventManager : Event: ======'player_turn_will_start'====== Args={'player': <Player 1>, 'number': 1}
2025-03-06 20:48:42,155 : INFO : EventManager : Event: ======'player_turn_starting'====== Args={'player': <Player 1>, 'number': 1}
2025-03-06 20:48:42,155 : INFO : EventManager : Event: ======'player_ball'====== Args={'value': 3, 'prev_value': 2, 'change': 1, 'player_num': 1}
2025-03-06 20:48:42,156 : INFO : EventManager : Event: ======'player_turn_started'====== Args={'player': <Player 1>, 'number': 1}
2025-03-06 20:48:42,158 : INFO : EventManager : Event: ======'ball_will_start'====== Args={'player': 1, 'ball': 3, 'balls_remaining': 0, 'is_extra_ball': False}
2025-03-06 20:48:42,170 : INFO : EventManager : Event: ======'ball_starting'====== Args={'player': 1, 'ball': 3, 'balls_remaining': 0, 'is_extra_ball': False}
2025-03-06 20:48:42,171 : INFO : EventManager : Event: ======'balls_in_play'====== Args={'balls': 1}
2025-03-06 20:48:42,171 : INFO : EventManager : Event: ======'ball_started'====== Args={'player': 1, 'ball': 3, 'balls_remaining': 0, 'is_extra_ball': False}
2025-03-06 20:48:42,172 : INFO : EventManager : Event: ======'mode_base_will_start'====== Args={'player': 1, 'ball': 3, 'balls_remaining': 0, 'is_extra_ball': False}
2025-03-06 20:48:42,172 : INFO : EventManager : Event: ======'mode_base_starting'====== Args={'player': 1, 'ball': 3, 'balls_remaining': 0, 'is_extra_ball': False}
2025-03-06 20:48:42,173 : INFO : Mode.base : Started. Priority: 100
2025-03-06 20:48:42,173 : INFO : EventManager : Event: ======'modes_active_modes_changed'====== Args={}
2025-03-06 20:48:42,173 : INFO : EventManager : Event: ======'mode_base_started'====== Args={'player': 1, 'ball': 3, 'balls_remaining': 0, 'is_extra_ball': False}
2025-03-06 20:48:42,174 : INFO : EventManager : Event: ======'single_player_ball_started'====== Args={}
2025-03-06 20:48:42,201 : INFO : EventManager : Event: ======'ball_start_target'====== Args={'target': 'playfield'}
2025-03-06 20:48:42,202 : INFO : EventManager : Event: ======'slide__global.slide_player-ball_started_removed'====== Args={'_from_bcp': True}
2025-03-06 20:48:42,202 : INFO : EventManager : Event: ======'slide__global.slide_player-ball_started_created'====== Args={'_from_bcp': True}
2025-03-06 20:48:42,202 : INFO : EventManager : Event: ======'slide__global.slide_player-ball_started_active'====== Args={'_from_bcp': True}
2025-03-06 20:48:42,202 : INFO : ball_device.bd_plunger_lane : Setting up player-controlled eject. Balls: 1, Target: <playfield.playfield>, player_controlled_eject_event: None
2025-03-06 20:48:42,202 : INFO : ball_device.bd_plunger_lane : Adding 1 ball(s) to the eject_queue with target <playfield.playfield>.
2025-03-06 20:48:42,202 : INFO : EventManager : Event: ======'balldevice_balls_available'====== Args={}
2025-03-06 20:48:42,203 : INFO : ball_device.bd_trough : State: waiting_for_target_ready
2025-03-06 20:48:42,203 : INFO : EventManager : Event: ======'balldevice_bd_trough_ball_eject_attempt'====== Args={'balls': 1, 'target': <ball_device.bd_plunger_lane>, 'source': <ball_device.bd_trough>, 'mechanical_eject': False, 'num_attempts': 0}
2025-03-06 20:48:42,203 : INFO : ball_device.bd_plunger_lane : State: waiting_for_ball
2025-03-06 20:48:42,203 : INFO : ball_device.bd_trough : State: ejecting
2025-03-06 20:48:42,203 : INFO : ball_device.bd_trough : Ejecting ball to <ball_device.bd_plunger_lane>
2025-03-06 20:48:42,203 : INFO : EventManager : Event: ======'balldevice_bd_trough_ejecting_ball'====== Args={'balls': 1, 'target': <ball_device.bd_plunger_lane>, 'source': <ball_device.bd_trough>, 'mechanical_eject': False, 'num_attempts': 0}
2025-03-06 20:48:42,203 : INFO : ball_device.bd_trough : Wait for ball to leave device
2025-03-06 20:48:42,203 : INFO : coil.c_trough_release : Pulsing Driver for 20ms (1.0 pulse_power)
2025-03-06 20:48:42,203 : INFO : SwitchController : <<<<<<< 's_trough1' inactive >>>>>>>
2025-03-06 20:48:42,206 : INFO : ball_device.bd_trough : State: ball_left
2025-03-06 20:48:42,206 : INFO : ball_device.bd_trough : Ball left
2025-03-06 20:48:42,206 : INFO : ball_device.bd_trough : Wait for confirm with timeout 3.0
2025-03-06 20:48:42,320 : INFO : SwitchController : <<<<<<< 's_plunger_lane' active >>>>>>>
2025-03-06 20:48:42,320 : INFO : EventManager : Event: ======'machine_var_audits_switches_s_plunger_lane'====== Args={'value': 41, 'prev_value': 40, 'change': 1}
2025-03-06 20:48:42,818 : INFO : ball_device.bd_plunger_lane : Received ball from <ball_device.bd_trough>
2025-03-06 20:48:42,818 : INFO : EventManager : Event: ======'balldevice_bd_plunger_lane_ball_enter'====== Args={'new_balls': 1, 'unclaimed_balls': 0, 'new_available_balls': 0, 'device': <ball_device.bd_plunger_lane>}
2025-03-06 20:48:42,820 : INFO : EventManager : Event: ======'balldevice_bd_plunger_lane_ball_entered'====== Args={'new_balls': 0, 'device': <ball_device.bd_plunger_lane>}
2025-03-06 20:48:42,820 : INFO : EventManager : Event: ======'balldevice_bd_plunger_lane_ball_count_changed'====== Args={'balls': 1}
2025-03-06 20:48:42,820 : INFO : ball_device.bd_trough : Got eject confirm
2025-03-06 20:48:42,820 : INFO : ball_device.bd_trough : Eject successful
2025-03-06 20:48:42,820 : INFO : EventManager : Event: ======'balldevice_bd_trough_ball_eject_success'====== Args={'balls': 1, 'target': <ball_device.bd_plunger_lane>}
2025-03-06 20:48:42,821 : INFO : ball_device.bd_plunger_lane : State: waiting_for_target_ready
2025-03-06 20:48:42,821 : INFO : EventManager : Event: ======'balldevice_bd_plunger_lane_ball_eject_attempt'====== Args={'balls': 1, 'target': <playfield.playfield>, 'source': <ball_device.bd_plunger_lane>, 'mechanical_eject': False, 'num_attempts': 0}
2025-03-06 20:48:42,821 : INFO : EventManager : Event: ======'balldevice_bd_trough_ball_count_changed'====== Args={'balls': 2}
2025-03-06 20:48:42,822 : INFO : ball_device.bd_trough : State: idle
2025-03-06 20:48:42,822 : INFO : ball_device.bd_plunger_lane : State: ejecting
2025-03-06 20:48:42,822 : INFO : ball_device.bd_plunger_lane : Ejecting ball to <playfield.playfield>
2025-03-06 20:48:42,822 : INFO : EventManager : Event: ======'balldevice_bd_plunger_lane_ejecting_ball'====== Args={'balls': 1, 'target': <playfield.playfield>, 'source': <ball_device.bd_plunger_lane>, 'mechanical_eject': False, 'num_attempts': 0}
2025-03-06 20:48:42,823 : INFO : ball_device.bd_plunger_lane : Wait for ball to leave device
2025-03-06 20:48:42,823 : INFO : coil.c_autolauncher : Pulsing Driver for 20ms (1.0 pulse_power)
2025-03-06 20:48:42,823 : INFO : SwitchController : <<<<<<< 's_plunger_lane' inactive >>>>>>>
2025-03-06 20:48:42,834 : INFO : ball_device.bd_plunger_lane : State: ball_left
2025-03-06 20:48:42,835 : INFO : ball_device.bd_plunger_lane : Ball left
2025-03-06 20:48:42,835 : INFO : ball_device.bd_plunger_lane : Wait for confirm with timeout 3.0
2025-03-06 20:48:42,894 : INFO : SwitchController : <<<<<<< 's_playfield_entry' active >>>>>>>
2025-03-06 20:48:42,895 : INFO : EventManager : Event: ======'sw_playfield_active'====== Args={}
2025-03-06 20:48:42,895 : INFO : EventManager : Event: ======'machine_var_audits_switches_s_playfield_entry'====== Args={'value': 26, 'prev_value': 25, 'change': 1}
2025-03-06 20:48:42,897 : INFO : EventManager : Event: ======'playfield_active'====== Args={}
2025-03-06 20:48:42,911 : INFO : SwitchController : <<<<<<< 's_playfield_entry' inactive >>>>>>>
2025-03-06 20:48:42,922 : INFO : ball_device.bd_plunger_lane : Got eject confirm
2025-03-06 20:48:42,922 : INFO : ball_device.bd_plunger_lane : Eject successful
2025-03-06 20:48:42,922 : INFO : EventManager : Event: ======'balldevice_bd_plunger_lane_ball_eject_success'====== Args={'balls': 1, 'target': <playfield.playfield>}
2025-03-06 20:48:42,922 : INFO : EventManager : Event: ======'balldevice_playfield_ball_enter'====== Args={'new_balls': 1, 'unclaimed_balls': 1, 'device': <playfield.playfield>}
2025-03-06 20:48:42,922 : INFO : EventManager : Event: ======'playfield_ball_count_change'====== Args={'balls': 1, 'change': 1}
2025-03-06 20:48:42,922 : INFO : EventManager : Event: ======'balldevice_bd_plunger_lane_ball_count_changed'====== Args={'balls': 0}
2025-03-06 20:48:43,346 : INFO : ball_device.bd_plunger_lane : State: idle
2025-03-06 20:48:44,406 : INFO : SwitchController : <<<<<<< 's_trough1' active >>>>>>>
2025-03-06 20:48:44,408 : INFO : EventManager : Event: ======'machine_var_audits_switches_s_trough1'====== Args={'value': 22, 'prev_value': 21, 'change': 1}
2025-03-06 20:48:44,719 : INFO : EventManager : Event: ======'balldevice_bd_trough_ball_count_changed'====== Args={'balls': 3}
2025-03-06 20:48:44,719 : INFO : ball_device.bd_trough : Received unexpected ball
2025-03-06 20:48:44,720 : INFO : EventManager : Event: ======'balldevice_captured_from_playfield'====== Args={'balls': 1}
2025-03-06 20:48:44,720 : INFO : EventManager : Event: ======'sw_playfield_active'====== Args={'balls': 1}
2025-03-06 20:48:44,720 : INFO : EventManager : Event: ======'playfield_ball_count_change'====== Args={'balls': 0, 'change': -1}
2025-03-06 20:48:44,721 : INFO : EventManager : Event: ======'balldevice_bd_trough_ball_enter'====== Args={'new_balls': 1, 'unclaimed_balls': 1, 'new_available_balls': 1, 'device': <ball_device.bd_trough>}
2025-03-06 20:48:44,721 : INFO : EventManager : Event: ======'ball_drain'====== Args={'device': <ball_device.bd_trough>, 'balls': 1}
2025-03-06 20:48:44,722 : INFO : EventManager : Event: ======'ball_will_end'====== Args={}
2025-03-06 20:48:44,722 : INFO : EventManager : Event: ======'balldevice_balls_available'====== Args={}
2025-03-06 20:48:44,723 : INFO : EventManager : Event: ======'balldevice_bd_trough_ball_entered'====== Args={'new_balls': 1, 'device': <ball_device.bd_trough>}
2025-03-06 20:48:44,724 : INFO : EventManager : Event: ======'ball_ending'====== Args={}
2025-03-06 20:48:44,725 : INFO : EventManager : Event: ======'mode_base_will_stop'====== Args={}
2025-03-06 20:48:44,726 : INFO : EventManager : Event: ======'mode_base_stopping'====== Args={}
2025-03-06 20:48:44,726 : INFO : Mode.base : Stopped.
2025-03-06 20:48:44,727 : INFO : EventManager : Event: ======'modes_active_modes_changed'====== Args={}
2025-03-06 20:48:44,731 : INFO : EventManager : Event: ======'mode_base_stopped'====== Args={}
2025-03-06 20:48:44,732 : INFO : EventManager : Event: ======'clear'====== Args={'key': 'base'}
2025-03-06 20:48:44,781 : INFO : EventManager : Event: ======'ball_ended'====== Args={}
2025-03-06 20:48:44,783 : INFO : EventManager : Event: ======'player_turn_will_end'====== Args={'player': <Player 1>, 'number': 1}
2025-03-06 20:48:44,786 : INFO : EventManager : Event: ======'player_turn_ending'====== Args={'player': <Player 1>, 'number': 1}
2025-03-06 20:48:44,786 : INFO : EventManager : Event: ======'player_turn_ended'====== Args={'player': <Player 1>, 'number': 1}
2025-03-06 20:48:44,786 : INFO : EventManager : Event: ======'game_will_end'====== Args={}
2025-03-06 20:48:44,786 : INFO : EventManager : Event: ======'game_ending'====== Args={}
2025-03-06 20:48:44,786 : INFO : EventManager : Event: ======'game_ended'====== Args={}
2025-03-06 20:48:44,786 : INFO : EventManager : Event: ======'mode_game_will_stop'====== Args={}
2025-03-06 20:48:44,786 : INFO : EventManager : Event: ======'mode_game_stopping'====== Args={}
2025-03-06 20:48:44,786 : INFO : EventManager : Event: ======'mode_attract_will_start'====== Args={}
2025-03-06 20:48:44,787 : INFO : EventManager : Event: ======'mode_attract_starting'====== Args={}
2025-03-06 20:48:44,787 : INFO : Mode.attract : Started. Priority: 10
2025-03-06 20:48:44,787 : INFO : EventManager : Event: ======'modes_active_modes_changed'====== Args={}
2025-03-06 20:48:44,787 : INFO : EventManager : Event: ======'mode_attract_started'====== Args={}
2025-03-06 20:48:44,787 : INFO : EventManager : Event: ======'collecting_balls_complete'====== Args={}
2025-03-06 20:48:44,789 : INFO : Mode.game : Stopped.
2025-03-06 20:48:44,789 : INFO : EventManager : Event: ======'modes_active_modes_changed'====== Args={}
2025-03-06 20:48:44,789 : INFO : EventManager : Event: ======'mode_game_stopped'====== Args={}
2025-03-06 20:48:44,789 : INFO : EventManager : Event: ======'clear'====== Args={'key': 'game'}
2025-03-06 20:48:44,805 : INFO : EventManager : Event: ======'slide_welcome_slide_removed'====== Args={'_from_bcp': True}
2025-03-06 20:48:44,805 : INFO : EventManager : Event: ======'slide_welcome_slide_created'====== Args={'_from_bcp': True}
2025-03-06 20:48:44,806 : INFO : EventManager : Event: ======'slide_welcome_slide_active'====== Args={'_from_bcp': True}
2025-03-06 20:48:47,165 : INFO : Machine : Shutting down...
2025-03-06 20:48:47,165 : INFO : EventManager : Event: ======'shutdown'====== Args={}
2025-03-06 20:48:47,170 : INFO : root : MPF run loop ended.
