2025-03-22 22:53:04,013 : INFO : root : Loading config.
2025-03-22 22:53:04,018 : INFO : YamlMultifileConfigLoader : Machine config file #1: config.yaml
2025-03-22 22:53:04,018 : INFO : ConfigProcessor : Loading config from cache: C:\Users\duffb\AppData\Local\Temp\cadfdee4981114acd6fff59d1071b59b.mpf_cache
2025-03-22 22:53:04,136 : INFO : ConfigProcessor : Loading config from cache: C:\Users\duffb\AppData\Local\Temp\ee7db1e8d011f44c876692bb4657f2e9.mpf_cache
2025-03-22 22:53:04,138 : INFO : ConfigProcessor : Loading config from cache: C:\Users\duffb\AppData\Local\Temp\9f058d482eac17116727d62a93500be7.mpf_cache
2025-03-22 22:53:04,139 : INFO : ConfigProcessor : Loading config from cache: C:\Users\duffb\AppData\Local\Temp\2c9362052ff91db960f514d041b7f4e4.mpf_cache
2025-03-22 22:53:04,141 : INFO : ConfigProcessor : Loading config from cache: C:\Users\duffb\AppData\Local\Temp\9e006ea23aa21ec68e01f6c49afad9f4.mpf_cache
2025-03-22 22:53:04,142 : INFO : ConfigProcessor : Loading config from cache: C:\Users\duffb\AppData\Local\Temp\fd253b339e263587268891c4dd997fbd.mpf_cache
2025-03-22 22:53:04,143 : INFO : ConfigProcessor : Loading config from cache: C:\Users\duffb\AppData\Local\Temp\c114ce798d07012a33b8b14d8f953bb7.mpf_cache
2025-03-22 22:53:04,146 : INFO : ConfigProcessor : Loading config from cache: C:\Users\duffb\AppData\Local\Temp\ef70c2e65c3659b77bacdd3a7a24b233.mpf_cache
2025-03-22 22:53:04,146 : INFO : ConfigProcessor : Loading config from cache: C:\Users\duffb\AppData\Local\Temp\ec6e376f0ea10a5fdf8f7130b4bbbe7c.mpf_cache
2025-03-22 22:53:04,147 : INFO : Machine : Mission Pinball Framework Core Engine v0.57.0
2025-03-22 22:53:04,147 : INFO : Machine : Command line arguments: {'no_load_cache': False, 'create_config_cache': True, 'bcp': True, 'configfile': ['config.yaml'], 'force_assets_load': False, 'platform_integration_test': False, 'jsonlogging': False, 'logfile': 'logs\\2025-03-22-22-53-04-mpf-T0SHIII.log', 'pause': False, 'production': False, 'text_ui': True, 'loglevel': 15, 'consoleloglevel': 20, 'force_platform': None, 'syslog_address': None, 'mc_file_name': None, 'no_sound': False}
2025-03-22 22:53:04,147 : INFO : Machine : MPF path: C:\Users\duffb\.pyenv\pyenv-win\versions\3.11.0\Lib\site-packages\mpf
2025-03-22 22:53:04,147 : INFO : Machine : Machine path: C:\Users\duffb\OneDrive\Documents\Python Envs\PinBallWW1\Machine
2025-03-22 22:53:04,147 : INFO : Machine : Platform: win32
2025-03-22 22:53:04,147 : INFO : Machine : Python executable location: C:\Users\duffb\.pyenv\pyenv-win\versions\3.11.0\python.exe
2025-03-22 22:53:04,147 : INFO : Machine : Python version: 3.11.0 (64-bit)
2025-03-22 22:53:04,149 : INFO : Machine : Initializing MPF...
2025-03-22 22:53:04,381 : INFO : EventManager : Event: ======'machine_var_credits_string'====== Args={'value': 'FREE PLAY', 'prev_value': None, 'change': True}
2025-03-22 22:53:04,438 : INFO : EventManager : Event: ======'machine_var_master_volume'====== Args={'value': 0.5, 'prev_value': None, 'change': True}
2025-03-22 22:53:04,438 : INFO : EventManager : Event: ======'machine_var_player1_score'====== Args={'value': 8000, 'prev_value': None, 'change': True}
2025-03-22 22:53:04,438 : INFO : EventManager : Event: ======'machine_var_player2_score'====== Args={'value': 1000, 'prev_value': None, 'change': True}
2025-03-22 22:53:04,438 : INFO : EventManager : Event: ======'machine_var_mpf_version'====== Args={'value': 'Mission Pinball Framework v0.57.0', 'prev_value': None, 'change': True}
2025-03-22 22:53:04,438 : INFO : EventManager : Event: ======'machine_var_mpf_extended_version'====== Args={'value': 'Mission Pinball Framework v0.57.0, Config version:6, Show version: 6, BCP version:1.1', 'prev_value': None, 'change': True}
2025-03-22 22:53:04,438 : INFO : EventManager : Event: ======'machine_var_python_version'====== Args={'value': '3.11.0', 'prev_value': None, 'change': True}
2025-03-22 22:53:04,454 : INFO : EventManager : Event: ======'machine_var_platform'====== Args={'value': 'Windows-10-10.0.26100-SP0', 'prev_value': None, 'change': True}
2025-03-22 22:53:04,454 : INFO : EventManager : Event: ======'machine_var_platform_system'====== Args={'value': 'Windows', 'prev_value': None, 'change': True}
2025-03-22 22:53:04,454 : INFO : EventManager : Event: ======'machine_var_platform_release'====== Args={'value': '10', 'prev_value': None, 'change': True}
2025-03-22 22:53:04,454 : INFO : EventManager : Event: ======'machine_var_platform_version'====== Args={'value': '10.0.26100', 'prev_value': None, 'change': True}
2025-03-22 22:53:04,454 : INFO : EventManager : Event: ======'machine_var_platform_machine'====== Args={'value': 'AMD64', 'prev_value': None, 'change': True}
2025-03-22 22:53:04,454 : INFO : EventManager : Event: ======'init_phase_1'====== Args={}
2025-03-22 22:53:04,481 : INFO : EventManager : Event: ======'init_phase_2'====== Args={}
2025-03-22 22:53:04,481 : INFO : SwitchController : Found active switch: ('3', <Platform.SmartVirtual>) <switch.s_trough1>
2025-03-22 22:53:04,481 : INFO : SwitchController : Found active switch: ('4', <Platform.SmartVirtual>) <switch.s_trough2>
2025-03-22 22:53:04,481 : INFO : SwitchController : Found active switch: ('5', <Platform.SmartVirtual>) <switch.s_trough3>
2025-03-22 22:53:04,483 : INFO : EventManager : Event: ======'bcp_connection_attempt'====== Args={'name': 'local_display', 'host': 'localhost', 'port': 5050}
2025-03-22 22:53:04,485 : INFO : BCPClientSocket : Connecting BCP to 'local_display' at localhost:5050...
2025-03-22 22:53:06,546 : INFO : BCPClientSocket : Connected BCP to 'local_display' localhost:5050
2025-03-22 22:53:06,547 : INFO : EventManager : Event: ======'bcp_clients_connected'====== Args={}
2025-03-22 22:53:06,771 : INFO : ball_device.bd_trough : BCH: Initial count: 3
2025-03-22 22:53:06,772 : INFO : ball_device.bd_trough : State: idle
2025-03-22 22:53:06,772 : INFO : ball_device.bd_plunger_lane : BCH: Initial count: 0
2025-03-22 22:53:06,772 : INFO : ball_device.bd_plunger_lane : State: idle
2025-03-22 22:53:06,799 : INFO : EventManager : Event: ======'init_phase_3'====== Args={}
2025-03-22 22:53:06,807 : INFO : EventManager : Event: ======'init_phase_4'====== Args={}
2025-03-22 22:53:06,808 : INFO : BallController : Initial balls found: 3
2025-03-22 22:53:06,808 : INFO : EventManager : Event: ======'machine_var_audits_events_game_ended'====== Args={'value': 13, 'prev_value': None, 'change': True}
2025-03-22 22:53:06,809 : INFO : EventManager : Event: ======'machine_var_audits_events_game_started'====== Args={'value': 71, 'prev_value': None, 'change': True}
2025-03-22 22:53:06,809 : INFO : EventManager : Event: ======'machine_var_audits_missing_switches_s_Lane1'====== Args={'value': 19, 'prev_value': None, 'change': True}
2025-03-22 22:53:06,809 : INFO : EventManager : Event: ======'machine_var_audits_missing_switches_s_Lane2'====== Args={'value': 19, 'prev_value': None, 'change': True}
2025-03-22 22:53:06,809 : INFO : EventManager : Event: ======'machine_var_audits_missing_switches_s_Lane3'====== Args={'value': 19, 'prev_value': None, 'change': True}
2025-03-22 22:53:06,809 : INFO : EventManager : Event: ======'machine_var_audits_missing_switches_s_Lane4'====== Args={'value': 19, 'prev_value': None, 'change': True}
2025-03-22 22:53:06,809 : INFO : EventManager : Event: ======'machine_var_audits_missing_switches_s_Target1'====== Args={'value': 19, 'prev_value': None, 'change': True}
2025-03-22 22:53:06,809 : INFO : EventManager : Event: ======'machine_var_audits_missing_switches_s_Target2'====== Args={'value': 19, 'prev_value': None, 'change': True}
2025-03-22 22:53:06,809 : INFO : EventManager : Event: ======'machine_var_audits_missing_switches_s_Target3'====== Args={'value': 19, 'prev_value': None, 'change': True}
2025-03-22 22:53:06,809 : INFO : EventManager : Event: ======'machine_var_audits_missing_switches_s_Target4'====== Args={'value': 19, 'prev_value': None, 'change': True}
2025-03-22 22:53:06,809 : INFO : EventManager : Event: ======'machine_var_audits_missing_switches_s_drain'====== Args={'value': 6, 'prev_value': None, 'change': True}
2025-03-22 22:53:06,809 : INFO : EventManager : Event: ======'machine_var_audits_missing_switches_s_left_flipper'====== Args={'value': 19, 'prev_value': None, 'change': True}
2025-03-22 22:53:06,809 : INFO : EventManager : Event: ======'machine_var_audits_missing_switches_s_right_flipper'====== Args={'value': 19, 'prev_value': None, 'change': True}
2025-03-22 22:53:06,809 : INFO : EventManager : Event: ======'machine_var_audits_missing_switches_s_start_button'====== Args={'value': 6, 'prev_value': None, 'change': True}
2025-03-22 22:53:06,809 : INFO : EventManager : Event: ======'machine_var_audits_missing_switches_s_trough1'====== Args={'value': 24, 'prev_value': None, 'change': True}
2025-03-22 22:53:06,809 : INFO : EventManager : Event: ======'machine_var_audits_missing_switches_s_trough2'====== Args={'value': 27, 'prev_value': None, 'change': True}
2025-03-22 22:53:06,810 : INFO : EventManager : Event: ======'machine_var_audits_missing_switches_s_trough3'====== Args={'value': 31, 'prev_value': None, 'change': True}
2025-03-22 22:53:06,810 : INFO : EventManager : Event: ======'machine_var_audits_missing_switches_s_trough_enter'====== Args={'value': 26, 'prev_value': None, 'change': True}
2025-03-22 22:53:06,810 : INFO : EventManager : Event: ======'machine_var_audits_player_score'====== Args={'value': {'average': 124, 'top': [8000, 1000, 0, 0, 0, 0, 0, 0, 0, 0], 'total': 16}, 'prev_value': None, 'change': True}
2025-03-22 22:53:06,810 : INFO : EventManager : Event: ======'machine_var_audits_switches_s_Lane1'====== Args={'value': 36, 'prev_value': None, 'change': True}
2025-03-22 22:53:06,810 : INFO : EventManager : Event: ======'machine_var_audits_switches_s_Lane2'====== Args={'value': 25, 'prev_value': None, 'change': True}
2025-03-22 22:53:06,810 : INFO : EventManager : Event: ======'machine_var_audits_switches_s_Lane3'====== Args={'value': 22, 'prev_value': None, 'change': True}
2025-03-22 22:53:06,810 : INFO : EventManager : Event: ======'machine_var_audits_switches_s_Lane4'====== Args={'value': 26, 'prev_value': None, 'change': True}
2025-03-22 22:53:06,810 : INFO : EventManager : Event: ======'machine_var_audits_switches_s_Target1'====== Args={'value': 66, 'prev_value': None, 'change': True}
2025-03-22 22:53:06,811 : INFO : EventManager : Event: ======'machine_var_audits_switches_s_Target2'====== Args={'value': 59, 'prev_value': None, 'change': True}
2025-03-22 22:53:06,811 : INFO : EventManager : Event: ======'machine_var_audits_switches_s_Target3'====== Args={'value': 64, 'prev_value': None, 'change': True}
2025-03-22 22:53:06,811 : INFO : EventManager : Event: ======'machine_var_audits_switches_s_Target4'====== Args={'value': 51, 'prev_value': None, 'change': True}
2025-03-22 22:53:06,811 : INFO : EventManager : Event: ======'machine_var_audits_switches_s_drain'====== Args={'value': 0, 'prev_value': None, 'change': True}
2025-03-22 22:53:06,811 : INFO : EventManager : Event: ======'machine_var_audits_switches_s_launcher_button'====== Args={'value': 126, 'prev_value': None, 'change': True}
2025-03-22 22:53:06,811 : INFO : EventManager : Event: ======'machine_var_audits_switches_s_left_flipper'====== Args={'value': 103, 'prev_value': None, 'change': True}
2025-03-22 22:53:06,811 : INFO : EventManager : Event: ======'machine_var_audits_switches_s_playfield_entry'====== Args={'value': 208, 'prev_value': None, 'change': True}
2025-03-22 22:53:06,811 : INFO : EventManager : Event: ======'machine_var_audits_switches_s_plunger_lane'====== Args={'value': 155, 'prev_value': None, 'change': True}
2025-03-22 22:53:06,811 : INFO : EventManager : Event: ======'machine_var_audits_switches_s_pointTarget'====== Args={'value': 193, 'prev_value': None, 'change': True}
2025-03-22 22:53:06,811 : INFO : EventManager : Event: ======'machine_var_audits_switches_s_right_flipper'====== Args={'value': 95, 'prev_value': None, 'change': True}
2025-03-22 22:53:06,811 : INFO : EventManager : Event: ======'machine_var_audits_switches_s_start_button'====== Args={'value': 0, 'prev_value': None, 'change': True}
2025-03-22 22:53:06,811 : INFO : EventManager : Event: ======'machine_var_audits_switches_s_trough1'====== Args={'value': 109, 'prev_value': None, 'change': True}
2025-03-22 22:53:06,811 : INFO : EventManager : Event: ======'machine_var_audits_switches_s_trough2'====== Args={'value': 17, 'prev_value': None, 'change': True}
2025-03-22 22:53:06,811 : INFO : EventManager : Event: ======'machine_var_audits_switches_s_trough3'====== Args={'value': 14, 'prev_value': None, 'change': True}
2025-03-22 22:53:06,811 : INFO : EventManager : Event: ======'machine_var_audits_switches_s_trough_enter'====== Args={'value': 1, 'prev_value': None, 'change': True}
2025-03-22 22:53:06,812 : INFO : EventManager : Event: ======'init_phase_5'====== Args={}
2025-03-22 22:53:06,885 : INFO : EventManager : Event: ======'init_done'====== Args={}
2025-03-22 22:53:06,885 : INFO : EventManager : Event: ======'machine_reset_phase_1'====== Args={}
2025-03-22 22:53:07,088 : INFO : EventManager : Event: ======'machine_var_mc_version'====== Args={'value': 'MPF-MC v0.57.1', 'prev_value': None, 'change': True}
2025-03-22 22:53:07,095 : INFO : EventManager : Event: ======'machine_var_mc_extended_version'====== Args={'value': 'MPF-MC v0.57.1 (config_version=6, BCP v1.1,                      Requires MPF API compatibility v0.57.0 or newer)', 'prev_value': None, 'change': True}
2025-03-22 22:53:07,103 : INFO : EventManager : Event: ======'slide_welcome_slide_removed'====== Args={'_from_bcp': True}
2025-03-22 22:53:07,104 : INFO : EventManager : Event: ======'slide_welcome_slide_created'====== Args={'_from_bcp': True}
2025-03-22 22:53:07,104 : INFO : EventManager : Event: ======'slide_welcome_slide_active'====== Args={'_from_bcp': True}
2025-03-22 22:53:07,104 : INFO : EventManager : Event: ======'machine_reset_phase_2'====== Args={}
2025-03-22 22:53:07,104 : INFO : EventManager : Event: ======'machine_reset_phase_3'====== Args={}
2025-03-22 22:53:07,104 : INFO : EventManager : Event: ======'reset_complete'====== Args={}
2025-03-22 22:53:07,104 : INFO : EventManager : Event: ======'mode_attract_will_start'====== Args={}
2025-03-22 22:53:07,105 : INFO : EventManager : Event: ======'mode_attract_starting'====== Args={}
2025-03-22 22:53:07,105 : INFO : Mode.attract : Started. Priority: 10
2025-03-22 22:53:07,105 : INFO : EventManager : Event: ======'modes_active_modes_changed'====== Args={}
2025-03-22 22:53:07,105 : INFO : EventManager : Event: ======'mode_attract_started'====== Args={}
2025-03-22 22:53:07,105 : INFO : EventManager : Event: ======'cmd_flipper_disable'====== Args={'priority': 0}
2025-03-22 22:53:07,105 : INFO : EventManager : Event: ======'cmd_launcher_disable'====== Args={'priority': 0}
2025-03-22 22:53:07,105 : INFO : EventManager : Event: ======'collecting_balls_complete'====== Args={}
2025-03-22 22:53:07,147 : INFO : EventManager : Event: ======'slide_ship_slide_created'====== Args={'_from_bcp': True}
2025-03-22 22:53:07,147 : INFO : EventManager : Event: ======'slide_ship_slide_active'====== Args={'_from_bcp': True}
2025-03-22 22:53:07,147 : INFO : Machine : Starting the main run loop.
2025-03-22 22:53:07,297 : INFO : BcpServer : New client connected.
2025-03-22 22:53:12,133 : INFO : EventManager : Event: ======'slide_starting_slide_created'====== Args={'_from_bcp': True}
2025-03-22 22:53:12,134 : INFO : EventManager : Event: ======'slide_starting_slide_active'====== Args={'_from_bcp': True}
2025-03-22 22:53:17,133 : INFO : EventManager : Event: ======'slide_company_slide_created'====== Args={'_from_bcp': True}
2025-03-22 22:53:17,139 : INFO : EventManager : Event: ======'slide_company_slide_active'====== Args={'_from_bcp': True}
2025-03-22 22:53:22,136 : INFO : EventManager : Event: ======'slide_lastgame_slide_created'====== Args={'_from_bcp': True}
2025-03-22 22:53:22,149 : INFO : EventManager : Event: ======'slide_lastgame_slide_active'====== Args={'_from_bcp': True}
2025-03-22 22:53:27,103 : INFO : EventManager : Event: ======'slide_ship_slide_removed'====== Args={'_from_bcp': True}
2025-03-22 22:53:27,107 : INFO : EventManager : Event: ======'slide_ship_slide_created'====== Args={'_from_bcp': True}
2025-03-22 22:53:27,110 : INFO : EventManager : Event: ======'slide_ship_slide_active'====== Args={'_from_bcp': True}
2025-03-22 22:53:32,142 : INFO : EventManager : Event: ======'slide_starting_slide_removed'====== Args={'_from_bcp': True}
2025-03-22 22:53:32,147 : INFO : EventManager : Event: ======'slide_starting_slide_created'====== Args={'_from_bcp': True}
2025-03-22 22:53:32,152 : INFO : EventManager : Event: ======'slide_starting_slide_active'====== Args={'_from_bcp': True}
2025-03-22 22:53:37,113 : INFO : EventManager : Event: ======'slide_company_slide_removed'====== Args={'_from_bcp': True}
2025-03-22 22:53:37,114 : INFO : EventManager : Event: ======'slide_company_slide_created'====== Args={'_from_bcp': True}
2025-03-22 22:53:37,115 : INFO : EventManager : Event: ======'slide_company_slide_active'====== Args={'_from_bcp': True}
2025-03-22 22:53:42,107 : INFO : EventManager : Event: ======'slide_lastgame_slide_removed'====== Args={'_from_bcp': True}
2025-03-22 22:53:42,111 : INFO : EventManager : Event: ======'slide_lastgame_slide_created'====== Args={'_from_bcp': True}
2025-03-22 22:53:42,113 : INFO : EventManager : Event: ======'slide_lastgame_slide_active'====== Args={'_from_bcp': True}
2025-03-22 22:53:47,124 : INFO : EventManager : Event: ======'slide_ship_slide_removed'====== Args={'_from_bcp': True}
2025-03-22 22:53:47,137 : INFO : EventManager : Event: ======'slide_ship_slide_created'====== Args={'_from_bcp': True}
2025-03-22 22:53:47,139 : INFO : EventManager : Event: ======'slide_ship_slide_active'====== Args={'_from_bcp': True}
2025-03-22 22:53:52,116 : INFO : EventManager : Event: ======'slide_starting_slide_removed'====== Args={'_from_bcp': True}
2025-03-22 22:53:52,119 : INFO : EventManager : Event: ======'slide_starting_slide_created'====== Args={'_from_bcp': True}
2025-03-22 22:53:52,120 : INFO : EventManager : Event: ======'slide_starting_slide_active'====== Args={'_from_bcp': True}
2025-03-22 22:53:57,111 : INFO : EventManager : Event: ======'slide_company_slide_removed'====== Args={'_from_bcp': True}
2025-03-22 22:53:57,133 : INFO : EventManager : Event: ======'slide_company_slide_created'====== Args={'_from_bcp': True}
2025-03-22 22:53:57,140 : INFO : EventManager : Event: ======'slide_company_slide_active'====== Args={'_from_bcp': True}
2025-03-22 22:54:02,126 : INFO : EventManager : Event: ======'slide_lastgame_slide_removed'====== Args={'_from_bcp': True}
2025-03-22 22:54:02,135 : INFO : EventManager : Event: ======'slide_lastgame_slide_created'====== Args={'_from_bcp': True}
2025-03-22 22:54:02,137 : INFO : EventManager : Event: ======'slide_lastgame_slide_active'====== Args={'_from_bcp': True}
2025-03-22 22:54:07,101 : INFO : EventManager : Event: ======'slide_ship_slide_removed'====== Args={'_from_bcp': True}
2025-03-22 22:54:07,107 : INFO : EventManager : Event: ======'slide_ship_slide_created'====== Args={'_from_bcp': True}
2025-03-22 22:54:07,108 : INFO : EventManager : Event: ======'slide_ship_slide_active'====== Args={'_from_bcp': True}
2025-03-22 22:54:12,117 : INFO : EventManager : Event: ======'slide_starting_slide_removed'====== Args={'_from_bcp': True}
2025-03-22 22:54:12,139 : INFO : EventManager : Event: ======'slide_starting_slide_created'====== Args={'_from_bcp': True}
2025-03-22 22:54:12,146 : INFO : EventManager : Event: ======'slide_starting_slide_active'====== Args={'_from_bcp': True}
2025-03-22 22:54:17,134 : INFO : EventManager : Event: ======'slide_company_slide_removed'====== Args={'_from_bcp': True}
2025-03-22 22:54:17,139 : INFO : EventManager : Event: ======'slide_company_slide_created'====== Args={'_from_bcp': True}
2025-03-22 22:54:17,141 : INFO : EventManager : Event: ======'slide_company_slide_active'====== Args={'_from_bcp': True}
2025-03-22 22:54:19,051 : INFO : SwitchController : <<<<<<< 's_start_button' active >>>>>>>
2025-03-22 22:54:19,079 : INFO : SwitchController : <<<<<<< 's_start_button' inactive >>>>>>>
2025-03-22 22:54:19,079 : INFO : EventManager : Event: ======'request_to_start_game'====== Args={}
2025-03-22 22:54:19,080 : INFO : EventManager : Event: ======'game_start'====== Args={'buttons': [], 'hold_time': 0.014999999999417923}
2025-03-22 22:54:19,080 : INFO : EventManager : Event: ======'mode_game_will_start'====== Args={'buttons': [], 'hold_time': 0.014999999999417923}
2025-03-22 22:54:19,081 : INFO : EventManager : Event: ======'mode_game_starting'====== Args={'buttons': [], 'hold_time': 0.014999999999417923}
2025-03-22 22:54:19,081 : INFO : EventManager : Event: ======'mode_attract_will_stop'====== Args={}
2025-03-22 22:54:19,082 : INFO : EventManager : Event: ======'mode_attract_stopping'====== Args={}
2025-03-22 22:54:19,082 : INFO : Mode.attract : Stopped.
2025-03-22 22:54:19,082 : INFO : EventManager : Event: ======'modes_active_modes_changed'====== Args={}
2025-03-22 22:54:19,082 : INFO : EventManager : Event: ======'mode_attract_stopped'====== Args={}
2025-03-22 22:54:19,082 : INFO : EventManager : Event: ======'clear'====== Args={'key': 'attract'}
2025-03-22 22:54:19,084 : INFO : Mode.game : Started. Priority: 20
2025-03-22 22:54:19,084 : INFO : EventManager : Event: ======'modes_active_modes_changed'====== Args={}
2025-03-22 22:54:19,084 : INFO : EventManager : Event: ======'mode_game_started'====== Args={'buttons': [], 'hold_time': 0.014999999999417923}
2025-03-22 22:54:19,092 : INFO : EventManager : Event: ======'game_will_start'====== Args={}
2025-03-22 22:54:19,092 : INFO : EventManager : Event: ======'game_starting'====== Args={'game': <Mode.game>}
2025-03-22 22:54:19,095 : INFO : EventManager : Unordered handler for class <Auditor> on event game_ended with priority 1. Handlers: [RegisteredHandler(callback=<bound method Auditor.disable of <Auditor>>, priority=1, kwargs={}, key=UUID('23ac008c-5456-40f0-b005-22d3abe08cf5'), condition=None, blocking_facility=None), RegisteredHandler(callback=<bound method Auditor._save_audits of <Auditor>>, priority=1, kwargs={}, key=UUID('a2625e04-4c30-4106-a748-fda78b96c951'), condition=None, blocking_facility=None)]. The order of those handlers is not defined and they will be executed in random order. This might lead to race conditions and potential bugs.
2025-03-22 22:54:19,095 : INFO : EventManager : Event: ======'player_add_request'====== Args={}
2025-03-22 22:54:19,095 : INFO : EventManager : Event: ======'player_will_add'====== Args={'number': 1}
2025-03-22 22:54:19,095 : INFO : EventManager : Event: ======'player_adding'====== Args={'player': <Player 1>, 'number': 1}
2025-03-22 22:54:19,096 : INFO : EventManager : Event: ======'player_added'====== Args={'player': <Player 1>, 'num': 1}
2025-03-22 22:54:19,096 : INFO : Mode.game : Player added successfully. Total players: 1
2025-03-22 22:54:19,096 : INFO : EventManager : Event: ======'player_index'====== Args={'value': 0, 'prev_value': 0, 'change': 0, 'player_num': 1}
2025-03-22 22:54:19,096 : INFO : EventManager : Event: ======'player_number'====== Args={'value': 1, 'prev_value': 1, 'change': 0, 'player_num': 1}
2025-03-22 22:54:19,096 : INFO : EventManager : Event: ======'player_score'====== Args={'value': 0, 'prev_value': 0, 'change': 0, 'player_num': 1}
2025-03-22 22:54:19,097 : INFO : EventManager : Event: ======'game_started'====== Args={}
2025-03-22 22:54:19,110 : INFO : EventManager : Event: ======'player_turn_will_start'====== Args={'player': <Player 1>, 'number': 1}
2025-03-22 22:54:19,115 : INFO : EventManager : Event: ======'slide_lastgame_slide_removed'====== Args={'_from_bcp': True}
2025-03-22 22:54:19,115 : INFO : EventManager : Event: ======'slide_ship_slide_removed'====== Args={'_from_bcp': True}
2025-03-22 22:54:19,115 : INFO : EventManager : Event: ======'slide_starting_slide_removed'====== Args={'_from_bcp': True}
2025-03-22 22:54:19,116 : INFO : EventManager : Event: ======'slide_company_slide_removed'====== Args={'_from_bcp': True}
2025-03-22 22:54:19,116 : INFO : EventManager : Event: ======'slide_welcome_slide_active'====== Args={'_from_bcp': True}
2025-03-22 22:54:19,116 : INFO : EventManager : Event: ======'player_turn_starting'====== Args={'player': <Player 1>, 'number': 1}
2025-03-22 22:54:19,117 : INFO : EventManager : Event: ======'player_ball'====== Args={'value': 1, 'prev_value': 0, 'change': 1, 'player_num': 1}
2025-03-22 22:54:19,117 : INFO : EventManager : Event: ======'player_turn_started'====== Args={'player': <Player 1>, 'number': 1}
2025-03-22 22:54:19,119 : INFO : EventManager : Event: ======'ball_will_start'====== Args={'player': 1, 'ball': 1, 'balls_remaining': 2, 'is_extra_ball': False}
2025-03-22 22:54:19,124 : INFO : EventManager : Event: ======'ball_starting'====== Args={'player': 1, 'ball': 1, 'balls_remaining': 2, 'is_extra_ball': False}
2025-03-22 22:54:19,125 : INFO : EventManager : Event: ======'balls_in_play'====== Args={'balls': 1}
2025-03-22 22:54:19,125 : INFO : EventManager : Event: ======'ball_started'====== Args={'player': 1, 'ball': 1, 'balls_remaining': 2, 'is_extra_ball': False}
2025-03-22 22:54:19,125 : INFO : EventManager : Event: ======'mode_intro_will_start'====== Args={'player': 1, 'ball': 1, 'balls_remaining': 2, 'is_extra_ball': False}
2025-03-22 22:54:19,125 : INFO : EventManager : Event: ======'mode_intro_starting'====== Args={'player': 1, 'ball': 1, 'balls_remaining': 2, 'is_extra_ball': False}
2025-03-22 22:54:19,126 : INFO : Mode.intro : Started. Priority: 200
2025-03-22 22:54:19,126 : INFO : EventManager : Event: ======'modes_active_modes_changed'====== Args={}
2025-03-22 22:54:19,126 : INFO : EventManager : Event: ======'mode_intro_started'====== Args={'player': 1, 'ball': 1, 'balls_remaining': 2, 'is_extra_ball': False}
2025-03-22 22:54:19,126 : INFO : EventManager : Event: ======'single_player_ball_started'====== Args={}
2025-03-22 22:54:19,154 : INFO : EventManager : Event: ======'ball_start_target'====== Args={'target': 'playfield'}
2025-03-22 22:54:19,156 : INFO : EventManager : Event: ======'slide_objective_slide_created'====== Args={'_from_bcp': True}
2025-03-22 22:54:19,156 : INFO : EventManager : Event: ======'slide_objective_slide_active'====== Args={'_from_bcp': True}
2025-03-22 22:54:19,157 : INFO : ball_device.bd_plunger_lane : Setting up player-controlled eject. Balls: 1, Target: <playfield.playfield>, player_controlled_eject_event: s_launcher_button_active{mode.base.active}
2025-03-22 22:54:19,157 : INFO : EventManager : Event: ======'balldevice_balls_available'====== Args={}
2025-03-22 22:54:19,157 : INFO : ball_device.bd_trough : State: waiting_for_target_ready
2025-03-22 22:54:19,158 : INFO : EventManager : Event: ======'balldevice_bd_trough_ball_eject_attempt'====== Args={'balls': 1, 'target': <ball_device.bd_plunger_lane>, 'source': <ball_device.bd_trough>, 'mechanical_eject': True, 'num_attempts': 0}
2025-03-22 22:54:19,158 : INFO : ball_device.bd_plunger_lane : State: waiting_for_ball
2025-03-22 22:54:19,158 : INFO : ball_device.bd_trough : State: ejecting
2025-03-22 22:54:19,158 : INFO : ball_device.bd_trough : Ejecting ball to <ball_device.bd_plunger_lane>
2025-03-22 22:54:19,158 : INFO : EventManager : Event: ======'balldevice_bd_trough_ejecting_ball'====== Args={'balls': 1, 'target': <ball_device.bd_plunger_lane>, 'source': <ball_device.bd_trough>, 'mechanical_eject': True, 'num_attempts': 0}
2025-03-22 22:54:19,159 : INFO : ball_device.bd_trough : Wait for ball to leave device
2025-03-22 22:54:19,159 : INFO : coil.c_trough_release : Pulsing Driver for 20ms (1.0 pulse_power)
2025-03-22 22:54:19,159 : INFO : SwitchController : <<<<<<< 's_trough1' inactive >>>>>>>
2025-03-22 22:54:19,164 : INFO : ball_device.bd_trough : State: ball_left
2025-03-22 22:54:19,164 : INFO : ball_device.bd_trough : Ball left
2025-03-22 22:54:19,164 : INFO : ball_device.bd_trough : Wait for confirm with timeout 3.0
2025-03-22 22:54:19,271 : INFO : SwitchController : <<<<<<< 's_plunger_lane' active >>>>>>>
2025-03-22 22:54:19,272 : INFO : EventManager : Event: ======'machine_var_audits_switches_s_plunger_lane'====== Args={'value': 156, 'prev_value': 155, 'change': 1}
2025-03-22 22:54:19,785 : INFO : ball_device.bd_plunger_lane : Received ball from <ball_device.bd_trough>
2025-03-22 22:54:19,787 : INFO : EventManager : Event: ======'balldevice_bd_plunger_lane_ball_enter'====== Args={'new_balls': 1, 'unclaimed_balls': 0, 'new_available_balls': 0, 'device': <ball_device.bd_plunger_lane>}
2025-03-22 22:54:19,790 : INFO : EventManager : Event: ======'balldevice_bd_plunger_lane_ball_entered'====== Args={'new_balls': 0, 'device': <ball_device.bd_plunger_lane>}
2025-03-22 22:54:19,791 : INFO : EventManager : Event: ======'balldevice_bd_plunger_lane_ball_count_changed'====== Args={'balls': 1}
2025-03-22 22:54:19,792 : INFO : ball_device.bd_trough : Got eject confirm
2025-03-22 22:54:19,794 : INFO : ball_device.bd_trough : Eject successful
2025-03-22 22:54:19,794 : INFO : EventManager : Event: ======'balldevice_bd_trough_ball_eject_success'====== Args={'balls': 1, 'target': <ball_device.bd_plunger_lane>}
2025-03-22 22:54:19,795 : INFO : EventManager : Event: ======'balldevice_bd_trough_ball_count_changed'====== Args={'balls': 2}
2025-03-22 22:54:19,795 : INFO : ball_device.bd_trough : State: idle
2025-03-22 22:54:19,796 : INFO : ball_device.bd_plunger_lane : State: waiting_for_target_ready
2025-03-22 22:54:19,796 : INFO : EventManager : Event: ======'balldevice_bd_plunger_lane_ball_eject_attempt'====== Args={'balls': 1, 'target': <playfield.playfield>, 'source': <ball_device.bd_plunger_lane>, 'mechanical_eject': True, 'num_attempts': 0}
2025-03-22 22:54:19,798 : INFO : ball_device.bd_plunger_lane : State: ejecting
2025-03-22 22:54:19,798 : INFO : ball_device.bd_plunger_lane : Ejecting ball to <playfield.playfield>
2025-03-22 22:54:19,798 : INFO : EventManager : Event: ======'balldevice_bd_plunger_lane_ejecting_ball'====== Args={'balls': 1, 'target': <playfield.playfield>, 'source': <ball_device.bd_plunger_lane>, 'mechanical_eject': True, 'num_attempts': 0}
2025-03-22 22:54:19,800 : INFO : ball_device.bd_plunger_lane : Wait for ball to leave device
2025-03-22 22:54:24,141 : INFO : EventManager : Event: ======'slide_objective_slide_removed'====== Args={'_from_bcp': True}
2025-03-22 22:54:24,144 : INFO : EventManager : Event: ======'slide_objective_slide_created'====== Args={'_from_bcp': True}
2025-03-22 22:54:24,148 : INFO : EventManager : Event: ======'slide_objective_slide_active'====== Args={'_from_bcp': True}
2025-03-22 22:54:29,114 : INFO : EventManager : Event: ======'slide_objective_slide_removed'====== Args={'_from_bcp': True}
2025-03-22 22:54:29,124 : INFO : EventManager : Event: ======'slide_objective_slide_created'====== Args={'_from_bcp': True}
2025-03-22 22:54:29,127 : INFO : EventManager : Event: ======'slide_objective_slide_active'====== Args={'_from_bcp': True}
2025-03-22 22:54:34,109 : INFO : EventManager : Event: ======'mode_intro_stopped'====== Args={}
2025-03-22 22:54:34,113 : INFO : EventManager : Event: ======'mode_base_will_start'====== Args={}
2025-03-22 22:54:34,115 : INFO : EventManager : Event: ======'mode_base_starting'====== Args={}
2025-03-22 22:54:34,116 : INFO : Mode.base : Started. Priority: 100
2025-03-22 22:54:34,116 : INFO : EventManager : Event: ======'modes_active_modes_changed'====== Args={}
2025-03-22 22:54:34,116 : INFO : EventManager : Event: ======'mode_base_started'====== Args={}
2025-03-22 22:54:34,117 : INFO : EventManager : Event: ======'cmd_flipper_enable'====== Args={'priority': 0}
2025-03-22 22:54:34,117 : INFO : EventManager : Event: ======'cmd_launcher_enable'====== Args={'priority': 0}
2025-03-22 22:54:34,174 : INFO : EventManager : Event: ======'slide_objective_slide_removed'====== Args={'_from_bcp': True}
2025-03-22 22:54:34,174 : INFO : EventManager : Event: ======'slide_welcome_slide_active'====== Args={'_from_bcp': True}
2025-03-22 22:54:34,176 : INFO : EventManager : Event: ======'slide_base.slide_player-mode_base_started_created'====== Args={'_from_bcp': True}
2025-03-22 22:54:34,176 : INFO : EventManager : Event: ======'slide_base.slide_player-mode_base_started_active'====== Args={'_from_bcp': True}
2025-03-22 22:54:53,371 : INFO : SwitchController : <<<<<<< 's_launcher_button' active >>>>>>>
2025-03-22 22:54:53,371 : INFO : EventManager : Event: ======'s_launcher_button_active'====== Args={}
2025-03-22 22:54:53,372 : INFO : EventManager : Event: ======'machine_var_audits_switches_s_launcher_button'====== Args={'value': 127, 'prev_value': 126, 'change': 1}
2025-03-22 22:54:53,384 : INFO : coil.c_autolauncher : Pulsing Driver for 20ms (1.0 pulse_power)
2025-03-22 22:54:53,385 : INFO : SwitchController : <<<<<<< 's_plunger_lane' inactive >>>>>>>
2025-03-22 22:54:53,397 : INFO : ball_device.bd_plunger_lane : State: ball_left
2025-03-22 22:54:53,401 : INFO : ball_device.bd_plunger_lane : Ball left
2025-03-22 22:54:53,401 : INFO : ball_device.bd_plunger_lane : Wait for confirm with timeout 3.0
2025-03-22 22:54:53,409 : INFO : SwitchController : <<<<<<< 's_launcher_button' inactive >>>>>>>
2025-03-22 22:54:53,437 : INFO : SwitchController : <<<<<<< 's_playfield_entry' active >>>>>>>
2025-03-22 22:54:53,437 : INFO : EventManager : Event: ======'sw_playfield_active'====== Args={}
2025-03-22 22:54:53,437 : INFO : EventManager : Event: ======'machine_var_audits_switches_s_playfield_entry'====== Args={'value': 209, 'prev_value': 208, 'change': 1}
2025-03-22 22:54:53,437 : INFO : EventManager : Event: ======'playfield_active'====== Args={}
2025-03-22 22:54:53,443 : INFO : SwitchController : <<<<<<< 's_playfield_entry' inactive >>>>>>>
2025-03-22 22:54:53,448 : INFO : ball_device.bd_plunger_lane : Got eject confirm
2025-03-22 22:54:53,448 : INFO : ball_device.bd_plunger_lane : Eject successful
2025-03-22 22:54:53,448 : INFO : EventManager : Event: ======'balldevice_bd_plunger_lane_ball_eject_success'====== Args={'balls': 1, 'target': <playfield.playfield>}
2025-03-22 22:54:53,449 : INFO : EventManager : Event: ======'balldevice_playfield_ball_enter'====== Args={'new_balls': 1, 'unclaimed_balls': 1, 'device': <playfield.playfield>}
2025-03-22 22:54:53,449 : INFO : EventManager : Event: ======'playfield_ball_count_change'====== Args={'balls': 1, 'change': 1}
2025-03-22 22:54:53,449 : INFO : EventManager : Event: ======'balldevice_bd_plunger_lane_ball_count_changed'====== Args={'balls': 0}
2025-03-22 22:54:53,886 : INFO : ball_device.bd_plunger_lane : State: idle
2025-03-22 22:54:57,500 : INFO : SwitchController : <<<<<<< 's_Target1' active >>>>>>>
2025-03-22 22:54:57,500 : INFO : EventManager : Event: ======'s_Target1_active'====== Args={}
2025-03-22 22:54:57,500 : INFO : EventManager : Event: ======'sw_playfield_active'====== Args={}
2025-03-22 22:54:57,501 : INFO : EventManager : Event: ======'machine_var_audits_switches_s_Target1'====== Args={'value': 67, 'prev_value': 66, 'change': 1}
2025-03-22 22:54:57,504 : INFO : EventManager : Event: ======'player_score'====== Args={'value': 250, 'prev_value': 0, 'change': 250, 'player_num': 1, 'source': 'base'}
2025-03-22 22:54:57,605 : INFO : SwitchController : <<<<<<< 's_Target1' inactive >>>>>>>
2025-03-22 22:54:57,922 : INFO : SwitchController : <<<<<<< 's_Target2' active >>>>>>>
2025-03-22 22:54:57,922 : INFO : EventManager : Event: ======'s_Target2_active'====== Args={}
2025-03-22 22:54:57,922 : INFO : EventManager : Event: ======'sw_playfield_active'====== Args={}
2025-03-22 22:54:57,923 : INFO : EventManager : Event: ======'machine_var_audits_switches_s_Target2'====== Args={'value': 60, 'prev_value': 59, 'change': 1}
2025-03-22 22:54:57,927 : INFO : EventManager : Event: ======'player_score'====== Args={'value': 750, 'prev_value': 250, 'change': 500, 'player_num': 1, 'source': 'base'}
2025-03-22 22:54:58,022 : INFO : SwitchController : <<<<<<< 's_Target2' inactive >>>>>>>
2025-03-22 22:54:58,342 : INFO : SwitchController : <<<<<<< 's_Target3' active >>>>>>>
2025-03-22 22:54:58,342 : INFO : EventManager : Event: ======'s_Target3_active'====== Args={}
2025-03-22 22:54:58,343 : INFO : EventManager : Event: ======'sw_playfield_active'====== Args={}
2025-03-22 22:54:58,343 : INFO : EventManager : Event: ======'machine_var_audits_switches_s_Target3'====== Args={'value': 65, 'prev_value': 64, 'change': 1}
2025-03-22 22:54:58,348 : INFO : EventManager : Event: ======'player_score'====== Args={'value': 1750, 'prev_value': 750, 'change': 1000, 'player_num': 1, 'source': 'base'}
2025-03-22 22:54:58,445 : INFO : SwitchController : <<<<<<< 's_Target3' inactive >>>>>>>
2025-03-22 22:54:58,786 : INFO : SwitchController : <<<<<<< 's_Lane3' active >>>>>>>
2025-03-22 22:54:58,786 : INFO : EventManager : Event: ======'sw_playfield_active'====== Args={}
2025-03-22 22:54:58,787 : INFO : EventManager : Event: ======'machine_var_audits_switches_s_Lane3'====== Args={'value': 23, 'prev_value': 22, 'change': 1}
2025-03-22 22:54:58,907 : INFO : SwitchController : <<<<<<< 's_Lane3' inactive >>>>>>>
2025-03-22 22:54:59,741 : INFO : SwitchController : <<<<<<< 's_Target4' active >>>>>>>
2025-03-22 22:54:59,741 : INFO : EventManager : Event: ======'s_Target4_active'====== Args={}
2025-03-22 22:54:59,742 : INFO : EventManager : Event: ======'sw_playfield_active'====== Args={}
2025-03-22 22:54:59,742 : INFO : EventManager : Event: ======'machine_var_audits_switches_s_Target4'====== Args={'value': 52, 'prev_value': 51, 'change': 1}
2025-03-22 22:54:59,745 : INFO : EventManager : Event: ======'player_score'====== Args={'value': 3250, 'prev_value': 1750, 'change': 1500, 'player_num': 1, 'source': 'base'}
2025-03-22 22:54:59,846 : INFO : SwitchController : <<<<<<< 's_Target4' inactive >>>>>>>
2025-03-22 22:54:59,963 : INFO : SwitchController : <<<<<<< 's_Target4' active >>>>>>>
2025-03-22 22:54:59,964 : INFO : EventManager : Event: ======'machine_var_audits_switches_s_Target4'====== Args={'value': 53, 'prev_value': 52, 'change': 1}
2025-03-22 22:55:00,081 : INFO : SwitchController : <<<<<<< 's_Target4' inactive >>>>>>>
2025-03-22 22:55:00,189 : INFO : SwitchController : <<<<<<< 's_Target4' active >>>>>>>
2025-03-22 22:55:00,189 : INFO : EventManager : Event: ======'machine_var_audits_switches_s_Target4'====== Args={'value': 54, 'prev_value': 53, 'change': 1}
2025-03-22 22:55:00,297 : INFO : SwitchController : <<<<<<< 's_Target4' inactive >>>>>>>
2025-03-22 22:55:00,639 : INFO : SwitchController : <<<<<<< 's_Target3' active >>>>>>>
2025-03-22 22:55:00,639 : INFO : EventManager : Event: ======'s_Target3_active'====== Args={}
2025-03-22 22:55:00,639 : INFO : EventManager : Event: ======'sw_playfield_active'====== Args={}
2025-03-22 22:55:00,640 : INFO : EventManager : Event: ======'machine_var_audits_switches_s_Target3'====== Args={'value': 66, 'prev_value': 65, 'change': 1}
2025-03-22 22:55:00,641 : INFO : EventManager : Event: ======'player_score'====== Args={'value': 4250, 'prev_value': 3250, 'change': 1000, 'player_num': 1, 'source': 'base'}
2025-03-22 22:55:00,768 : INFO : SwitchController : <<<<<<< 's_Target3' inactive >>>>>>>
2025-03-22 22:55:01,426 : INFO : SwitchController : <<<<<<< 's_Target2' active >>>>>>>
2025-03-22 22:55:01,427 : INFO : EventManager : Event: ======'s_Target2_active'====== Args={}
2025-03-22 22:55:01,427 : INFO : EventManager : Event: ======'sw_playfield_active'====== Args={}
2025-03-22 22:55:01,427 : INFO : EventManager : Event: ======'machine_var_audits_switches_s_Target2'====== Args={'value': 61, 'prev_value': 60, 'change': 1}
2025-03-22 22:55:01,432 : INFO : EventManager : Event: ======'player_score'====== Args={'value': 4750, 'prev_value': 4250, 'change': 500, 'player_num': 1, 'source': 'base'}
2025-03-22 22:55:01,537 : INFO : SwitchController : <<<<<<< 's_Target2' inactive >>>>>>>
2025-03-22 22:55:01,807 : INFO : SwitchController : <<<<<<< 's_Target1' active >>>>>>>
2025-03-22 22:55:01,808 : INFO : EventManager : Event: ======'s_Target1_active'====== Args={}
2025-03-22 22:55:01,808 : INFO : EventManager : Event: ======'sw_playfield_active'====== Args={}
2025-03-22 22:55:01,809 : INFO : EventManager : Event: ======'machine_var_audits_switches_s_Target1'====== Args={'value': 68, 'prev_value': 67, 'change': 1}
2025-03-22 22:55:01,812 : INFO : EventManager : Event: ======'player_score'====== Args={'value': 5000, 'prev_value': 4750, 'change': 250, 'player_num': 1, 'source': 'base'}
2025-03-22 22:55:01,930 : INFO : SwitchController : <<<<<<< 's_Target1' inactive >>>>>>>
2025-03-22 22:55:02,765 : INFO : SwitchController : <<<<<<< 's_Lane1' active >>>>>>>
2025-03-22 22:55:02,765 : INFO : EventManager : Event: ======'sw_playfield_active'====== Args={}
2025-03-22 22:55:02,766 : INFO : EventManager : Event: ======'machine_var_audits_switches_s_Lane1'====== Args={'value': 37, 'prev_value': 36, 'change': 1}
2025-03-22 22:55:02,899 : INFO : SwitchController : <<<<<<< 's_Lane1' inactive >>>>>>>
2025-03-22 22:55:03,257 : INFO : SwitchController : <<<<<<< 's_Lane2' active >>>>>>>
2025-03-22 22:55:03,257 : INFO : EventManager : Event: ======'sw_playfield_active'====== Args={}
2025-03-22 22:55:03,257 : INFO : EventManager : Event: ======'machine_var_audits_switches_s_Lane2'====== Args={'value': 26, 'prev_value': 25, 'change': 1}
2025-03-22 22:55:03,375 : INFO : SwitchController : <<<<<<< 's_Lane2' inactive >>>>>>>
2025-03-22 22:55:04,821 : INFO : SwitchController : <<<<<<< 's_Lane3' active >>>>>>>
2025-03-22 22:55:04,822 : INFO : EventManager : Event: ======'sw_playfield_active'====== Args={}
2025-03-22 22:55:04,822 : INFO : EventManager : Event: ======'machine_var_audits_switches_s_Lane3'====== Args={'value': 24, 'prev_value': 23, 'change': 1}
2025-03-22 22:55:04,948 : INFO : SwitchController : <<<<<<< 's_Lane3' inactive >>>>>>>
2025-03-22 22:55:20,672 : INFO : SwitchController : <<<<<<< 's_Lane4' active >>>>>>>
2025-03-22 22:55:20,672 : INFO : EventManager : Event: ======'sw_playfield_active'====== Args={}
2025-03-22 22:55:20,672 : INFO : EventManager : Event: ======'machine_var_audits_switches_s_Lane4'====== Args={'value': 27, 'prev_value': 26, 'change': 1}
2025-03-22 22:55:20,802 : INFO : SwitchController : <<<<<<< 's_Lane4' inactive >>>>>>>
