2025-03-06 22:42:20,316 : INFO : root : Loading config.
2025-03-06 22:42:20,320 : INFO : YamlMultifileConfigLoader : Machine config file #1: config.yaml
2025-03-06 22:42:20,320 : INFO : ConfigProcessor : Loading config from cache: C:\Users\duffb\AppData\Local\Temp\cadfdee4981114acd6fff59d1071b59b.mpf_cache
2025-03-06 22:42:20,405 : INFO : ConfigProcessor : Loading config from cache: C:\Users\duffb\AppData\Local\Temp\ee7db1e8d011f44c876692bb4657f2e9.mpf_cache
2025-03-06 22:42:20,406 : INFO : ConfigProcessor : Loading config from cache: C:\Users\duffb\AppData\Local\Temp\9f058d482eac17116727d62a93500be7.mpf_cache
2025-03-06 22:42:20,407 : INFO : ConfigProcessor : Loading config from cache: C:\Users\duffb\AppData\Local\Temp\9e006ea23aa21ec68e01f6c49afad9f4.mpf_cache
2025-03-06 22:42:20,407 : WARNING : ConfigProcessor : Config file in cache changed: C:\Users\duffb\OneDrive\Documents\Python Envs\PinBallWW1\Machine\modes\attract\shows\.\attract_display_loop.yaml
2025-03-06 22:42:20,407 : INFO : ConfigProcessor : Loading config from file C:\Users\duffb\OneDrive\Documents\Python Envs\PinBallWW1\Machine\modes\attract\shows\.\attract_display_loop.yaml.
2025-03-06 22:42:20,431 : INFO : ConfigProcessor : Loading config: C:\Users\duffb\OneDrive\Documents\Python Envs\PinBallWW1\Machine\modes\attract\shows\.\attract_display_loop.yaml
2025-03-06 22:42:20,431 : INFO : ConfigProcessor : Config file cache created: C:\Users\duffb\AppData\Local\Temp\fd253b339e263587268891c4dd997fbd.mpf_cache
2025-03-06 22:42:20,431 : INFO : Machine : Mission Pinball Framework Core Engine v0.57.0
2025-03-06 22:42:20,431 : INFO : Machine : Command line arguments: {'no_load_cache': False, 'create_config_cache': True, 'bcp': True, 'configfile': ['config.yaml'], 'force_assets_load': False, 'platform_integration_test': False, 'jsonlogging': False, 'logfile': 'logs\\2025-03-06-22-42-20-mpf-T0SHIII.log', 'pause': False, 'production': False, 'text_ui': True, 'loglevel': 15, 'consoleloglevel': 20, 'force_platform': None, 'syslog_address': None, 'mc_file_name': None, 'no_sound': False}
2025-03-06 22:42:20,431 : INFO : Machine : MPF path: C:\Users\duffb\.pyenv\pyenv-win\versions\3.11.0\Lib\site-packages\mpf
2025-03-06 22:42:20,431 : INFO : Machine : Machine path: C:\Users\duffb\OneDrive\Documents\Python Envs\PinBallWW1\Machine
2025-03-06 22:42:20,431 : INFO : Machine : Platform: win32
2025-03-06 22:42:20,431 : INFO : Machine : Python executable location: C:\Users\duffb\.pyenv\pyenv-win\versions\3.11.0\python.exe
2025-03-06 22:42:20,431 : INFO : Machine : Python version: 3.11.0 (64-bit)
2025-03-06 22:42:20,434 : INFO : Machine : Initializing MPF...
2025-03-06 22:42:20,711 : INFO : EventManager : Event: ======'machine_var_credits_string'====== Args={'value': 'FREE PLAY', 'prev_value': None, 'change': True}
2025-03-06 22:42:20,754 : INFO : EventManager : Event: ======'machine_var_master_volume'====== Args={'value': 0.5, 'prev_value': None, 'change': True}
2025-03-06 22:42:20,756 : INFO : EventManager : Event: ======'machine_var_player1_score'====== Args={'value': 8000, 'prev_value': None, 'change': True}
2025-03-06 22:42:20,756 : INFO : EventManager : Event: ======'machine_var_player2_score'====== Args={'value': 1000, 'prev_value': None, 'change': True}
2025-03-06 22:42:20,756 : INFO : EventManager : Event: ======'machine_var_mpf_version'====== Args={'value': 'Mission Pinball Framework v0.57.0', 'prev_value': None, 'change': True}
2025-03-06 22:42:20,756 : INFO : EventManager : Event: ======'machine_var_mpf_extended_version'====== Args={'value': 'Mission Pinball Framework v0.57.0, Config version:6, Show version: 6, BCP version:1.1', 'prev_value': None, 'change': True}
2025-03-06 22:42:20,756 : INFO : EventManager : Event: ======'machine_var_python_version'====== Args={'value': '3.11.0', 'prev_value': None, 'change': True}
2025-03-06 22:42:20,767 : INFO : EventManager : Event: ======'machine_var_platform'====== Args={'value': 'Windows-10-10.0.26100-SP0', 'prev_value': None, 'change': True}
2025-03-06 22:42:20,767 : INFO : EventManager : Event: ======'machine_var_platform_system'====== Args={'value': 'Windows', 'prev_value': None, 'change': True}
2025-03-06 22:42:20,767 : INFO : EventManager : Event: ======'machine_var_platform_release'====== Args={'value': '10', 'prev_value': None, 'change': True}
2025-03-06 22:42:20,767 : INFO : EventManager : Event: ======'machine_var_platform_version'====== Args={'value': '10.0.26100', 'prev_value': None, 'change': True}
2025-03-06 22:42:20,767 : INFO : EventManager : Event: ======'machine_var_platform_machine'====== Args={'value': 'AMD64', 'prev_value': None, 'change': True}
2025-03-06 22:42:20,767 : INFO : EventManager : Event: ======'init_phase_1'====== Args={}
2025-03-06 22:42:20,778 : INFO : EventManager : Event: ======'init_phase_2'====== Args={}
2025-03-06 22:42:20,778 : INFO : SwitchController : Found active switch: ('3', <Platform.SmartVirtual>) <switch.s_trough1>
2025-03-06 22:42:20,778 : INFO : SwitchController : Found active switch: ('4', <Platform.SmartVirtual>) <switch.s_trough2>
2025-03-06 22:42:20,778 : INFO : SwitchController : Found active switch: ('5', <Platform.SmartVirtual>) <switch.s_trough3>
2025-03-06 22:42:20,780 : INFO : EventManager : Event: ======'bcp_connection_attempt'====== Args={'name': 'local_display', 'host': 'localhost', 'port': 5050}
2025-03-06 22:42:20,782 : INFO : BCPClientSocket : Connecting BCP to 'local_display' at localhost:5050...
2025-03-06 22:42:22,859 : INFO : BCPClientSocket : Connected BCP to 'local_display' localhost:5050
2025-03-06 22:42:22,861 : INFO : EventManager : Event: ======'bcp_clients_connected'====== Args={}
2025-03-06 22:42:23,274 : INFO : ball_device.bd_trough : BCH: Initial count: 3
2025-03-06 22:42:23,275 : INFO : EventManager : Event: ======'machine_var_mc_version'====== Args={'value': 'MPF-MC v0.57.1', 'prev_value': None, 'change': True}
2025-03-06 22:42:23,275 : INFO : EventManager : Event: ======'machine_var_mc_extended_version'====== Args={'value': 'MPF-MC v0.57.1 (config_version=6, BCP v1.1,                      Requires MPF API compatibility v0.57.0 or newer)', 'prev_value': None, 'change': True}
2025-03-06 22:42:23,277 : INFO : ball_device.bd_trough : State: idle
2025-03-06 22:42:23,351 : INFO : ball_device.bd_plunger_lane : BCH: Initial count: 0
2025-03-06 22:42:23,351 : INFO : ball_device.bd_plunger_lane : State: idle
2025-03-06 22:42:23,360 : INFO : EventManager : Event: ======'init_phase_3'====== Args={}
2025-03-06 22:42:23,362 : INFO : EventManager : Event: ======'init_phase_4'====== Args={}
2025-03-06 22:42:23,363 : INFO : BallController : Initial balls found: 3
2025-03-06 22:42:23,363 : INFO : EventManager : Event: ======'machine_var_audits_events_game_ended'====== Args={'value': 13, 'prev_value': None, 'change': True}
2025-03-06 22:42:23,364 : INFO : EventManager : Event: ======'machine_var_audits_events_game_started'====== Args={'value': 31, 'prev_value': None, 'change': True}
2025-03-06 22:42:23,364 : INFO : EventManager : Event: ======'machine_var_audits_missing_switches_s_drain'====== Args={'value': 6, 'prev_value': None, 'change': True}
2025-03-06 22:42:23,364 : INFO : EventManager : Event: ======'machine_var_audits_missing_switches_s_left_flipper'====== Args={'value': 2, 'prev_value': None, 'change': True}
2025-03-06 22:42:23,364 : INFO : EventManager : Event: ======'machine_var_audits_missing_switches_s_pointTarget'====== Args={'value': 1, 'prev_value': None, 'change': True}
2025-03-06 22:42:23,364 : INFO : EventManager : Event: ======'machine_var_audits_missing_switches_s_right_flipper'====== Args={'value': 2, 'prev_value': None, 'change': True}
2025-03-06 22:42:23,364 : INFO : EventManager : Event: ======'machine_var_audits_missing_switches_s_trough3'====== Args={'value': 24, 'prev_value': None, 'change': True}
2025-03-06 22:42:23,364 : INFO : EventManager : Event: ======'machine_var_audits_missing_switches_s_trough_enter'====== Args={'value': 31, 'prev_value': None, 'change': True}
2025-03-06 22:42:23,364 : INFO : EventManager : Event: ======'machine_var_audits_player_score'====== Args={'value': {'average': 124, 'top': [8000, 1000, 0, 0, 0, 0, 0, 0, 0, 0], 'total': 16}, 'prev_value': None, 'change': True}
2025-03-06 22:42:23,364 : INFO : EventManager : Event: ======'machine_var_audits_switches_s_drain'====== Args={'value': 0, 'prev_value': None, 'change': True}
2025-03-06 22:42:23,364 : INFO : EventManager : Event: ======'machine_var_audits_switches_s_launcher_button'====== Args={'value': 28, 'prev_value': None, 'change': True}
2025-03-06 22:42:23,365 : INFO : EventManager : Event: ======'machine_var_audits_switches_s_left_flipper'====== Args={'value': 16, 'prev_value': None, 'change': True}
2025-03-06 22:42:23,365 : INFO : EventManager : Event: ======'machine_var_audits_switches_s_playfield_entry'====== Args={'value': 159, 'prev_value': None, 'change': True}
2025-03-06 22:42:23,365 : INFO : EventManager : Event: ======'machine_var_audits_switches_s_plunger_lane'====== Args={'value': 84, 'prev_value': None, 'change': True}
2025-03-06 22:42:23,365 : INFO : EventManager : Event: ======'machine_var_audits_switches_s_pointTarget'====== Args={'value': 59, 'prev_value': None, 'change': True}
2025-03-06 22:42:23,365 : INFO : EventManager : Event: ======'machine_var_audits_switches_s_right_flipper'====== Args={'value': 13, 'prev_value': None, 'change': True}
2025-03-06 22:42:23,365 : INFO : EventManager : Event: ======'machine_var_audits_switches_s_trough1'====== Args={'value': 59, 'prev_value': None, 'change': True}
2025-03-06 22:42:23,365 : INFO : EventManager : Event: ======'machine_var_audits_switches_s_trough2'====== Args={'value': 7, 'prev_value': None, 'change': True}
2025-03-06 22:42:23,365 : INFO : EventManager : Event: ======'machine_var_audits_switches_s_trough3'====== Args={'value': 6, 'prev_value': None, 'change': True}
2025-03-06 22:42:23,365 : INFO : EventManager : Event: ======'machine_var_audits_switches_s_trough_enter'====== Args={'value': 0, 'prev_value': None, 'change': True}
2025-03-06 22:42:23,366 : INFO : EventManager : Event: ======'init_phase_5'====== Args={}
2025-03-06 22:42:23,378 : INFO : EventManager : Event: ======'init_done'====== Args={}
2025-03-06 22:42:23,379 : INFO : EventManager : Event: ======'machine_reset_phase_1'====== Args={}
2025-03-06 22:42:23,392 : INFO : EventManager : Event: ======'slide_welcome_slide_removed'====== Args={'_from_bcp': True}
2025-03-06 22:42:23,392 : INFO : EventManager : Event: ======'slide_welcome_slide_created'====== Args={'_from_bcp': True}
2025-03-06 22:42:23,393 : INFO : EventManager : Event: ======'slide_welcome_slide_active'====== Args={'_from_bcp': True}
2025-03-06 22:42:23,394 : INFO : EventManager : Event: ======'machine_reset_phase_2'====== Args={}
2025-03-06 22:42:23,394 : INFO : EventManager : Event: ======'machine_reset_phase_3'====== Args={}
2025-03-06 22:42:23,394 : INFO : EventManager : Event: ======'reset_complete'====== Args={}
2025-03-06 22:42:23,394 : INFO : EventManager : Event: ======'mode_attract_will_start'====== Args={}
2025-03-06 22:42:23,395 : INFO : EventManager : Event: ======'mode_attract_starting'====== Args={}
2025-03-06 22:42:23,395 : INFO : Mode.attract : Started. Priority: 10
2025-03-06 22:42:23,395 : INFO : EventManager : Event: ======'modes_active_modes_changed'====== Args={}
2025-03-06 22:42:23,395 : INFO : EventManager : Event: ======'mode_attract_started'====== Args={}
2025-03-06 22:42:23,395 : INFO : EventManager : Event: ======'collecting_balls_complete'====== Args={}
2025-03-06 22:42:23,418 : INFO : EventManager : Event: ======'slide_ship_slide_created'====== Args={'_from_bcp': True}
2025-03-06 22:42:23,418 : INFO : EventManager : Event: ======'slide_ship_slide_active'====== Args={'_from_bcp': True}
2025-03-06 22:42:23,418 : INFO : Machine : Starting the main run loop.
2025-03-06 22:42:28,417 : INFO : EventManager : Event: ======'slide_starting_slide_created'====== Args={'_from_bcp': True}
2025-03-06 22:42:28,419 : INFO : EventManager : Event: ======'slide_starting_slide_active'====== Args={'_from_bcp': True}
2025-03-06 22:42:33,406 : INFO : EventManager : Event: ======'slide_company_slide_created'====== Args={'_from_bcp': True}
2025-03-06 22:42:33,406 : INFO : EventManager : Event: ======'slide_company_slide_active'====== Args={'_from_bcp': True}
2025-03-06 22:42:38,421 : INFO : EventManager : Event: ======'slide_lastgame_slide_created'====== Args={'_from_bcp': True}
2025-03-06 22:42:38,426 : INFO : EventManager : Event: ======'slide_lastgame_slide_active'====== Args={'_from_bcp': True}
2025-03-06 22:42:42,566 : INFO : SwitchController : <<<<<<< 's_launcher_button' active >>>>>>>
2025-03-06 22:42:42,617 : INFO : SwitchController : <<<<<<< 's_launcher_button' inactive >>>>>>>
2025-03-06 22:42:42,617 : INFO : EventManager : Event: ======'request_to_start_game'====== Args={}
2025-03-06 22:42:42,618 : INFO : EventManager : Event: ======'game_start'====== Args={'buttons': [], 'hold_time': 0.045999999972991645}
2025-03-06 22:42:42,618 : INFO : EventManager : Event: ======'mode_game_will_start'====== Args={'buttons': [], 'hold_time': 0.045999999972991645}
2025-03-06 22:42:42,621 : INFO : EventManager : Event: ======'mode_game_starting'====== Args={'buttons': [], 'hold_time': 0.045999999972991645}
2025-03-06 22:42:42,621 : INFO : EventManager : Event: ======'mode_attract_will_stop'====== Args={}
2025-03-06 22:42:42,621 : INFO : EventManager : Event: ======'mode_attract_stopping'====== Args={}
2025-03-06 22:42:42,622 : INFO : Mode.attract : Stopped.
2025-03-06 22:42:42,623 : INFO : EventManager : Event: ======'modes_active_modes_changed'====== Args={}
2025-03-06 22:42:42,623 : INFO : EventManager : Event: ======'mode_attract_stopped'====== Args={}
2025-03-06 22:42:42,623 : INFO : EventManager : Event: ======'clear'====== Args={'key': 'attract'}
2025-03-06 22:42:42,624 : INFO : Mode.game : Started. Priority: 20
2025-03-06 22:42:42,624 : INFO : EventManager : Event: ======'modes_active_modes_changed'====== Args={}
2025-03-06 22:42:42,624 : INFO : EventManager : Event: ======'mode_game_started'====== Args={'buttons': [], 'hold_time': 0.045999999972991645}
2025-03-06 22:42:42,644 : INFO : EventManager : Event: ======'game_will_start'====== Args={}
2025-03-06 22:42:42,644 : INFO : EventManager : Event: ======'game_starting'====== Args={'game': <Mode.game>}
2025-03-06 22:42:42,645 : INFO : EventManager : Unordered handler for class <Auditor> on event game_ended with priority 1. Handlers: [RegisteredHandler(callback=<bound method Auditor.disable of <Auditor>>, priority=1, kwargs={}, key=UUID('112bc418-d217-4b69-9ccc-f5392efa1576'), condition=None, blocking_facility=None), RegisteredHandler(callback=<bound method Auditor._save_audits of <Auditor>>, priority=1, kwargs={}, key=UUID('6f550500-9444-4df4-a69d-d97efc7004f1'), condition=None, blocking_facility=None)]. The order of those handlers is not defined and they will be executed in random order. This might lead to race conditions and potential bugs.
2025-03-06 22:42:42,645 : INFO : EventManager : Event: ======'player_add_request'====== Args={}
2025-03-06 22:42:42,645 : INFO : EventManager : Event: ======'player_will_add'====== Args={'number': 1}
2025-03-06 22:42:42,646 : INFO : EventManager : Event: ======'player_adding'====== Args={'player': <Player 1>, 'number': 1}
2025-03-06 22:42:42,646 : INFO : EventManager : Event: ======'player_added'====== Args={'player': <Player 1>, 'num': 1}
2025-03-06 22:42:42,646 : INFO : Mode.game : Player added successfully. Total players: 1
2025-03-06 22:42:42,647 : INFO : EventManager : Event: ======'player_index'====== Args={'value': 0, 'prev_value': 0, 'change': 0, 'player_num': 1}
2025-03-06 22:42:42,647 : INFO : EventManager : Event: ======'player_number'====== Args={'value': 1, 'prev_value': 1, 'change': 0, 'player_num': 1}
2025-03-06 22:42:42,647 : INFO : EventManager : Event: ======'player_score'====== Args={'value': 0, 'prev_value': 0, 'change': 0, 'player_num': 1}
2025-03-06 22:42:42,648 : INFO : EventManager : Event: ======'game_started'====== Args={}
2025-03-06 22:42:42,700 : INFO : EventManager : Event: ======'player_turn_will_start'====== Args={'player': <Player 1>, 'number': 1}
2025-03-06 22:42:42,704 : INFO : EventManager : Event: ======'slide_ship_slide_removed'====== Args={'_from_bcp': True}
2025-03-06 22:42:42,706 : INFO : EventManager : Event: ======'slide_starting_slide_removed'====== Args={'_from_bcp': True}
2025-03-06 22:42:42,706 : INFO : EventManager : Event: ======'slide_company_slide_removed'====== Args={'_from_bcp': True}
2025-03-06 22:42:42,706 : INFO : EventManager : Event: ======'slide_lastgame_slide_removed'====== Args={'_from_bcp': True}
2025-03-06 22:42:42,707 : INFO : EventManager : Event: ======'slide_welcome_slide_active'====== Args={'_from_bcp': True}
2025-03-06 22:42:42,707 : INFO : EventManager : Event: ======'player_turn_starting'====== Args={'player': <Player 1>, 'number': 1}
2025-03-06 22:42:42,708 : INFO : EventManager : Event: ======'player_ball'====== Args={'value': 1, 'prev_value': 0, 'change': 1, 'player_num': 1}
2025-03-06 22:42:42,710 : INFO : EventManager : Event: ======'player_turn_started'====== Args={'player': <Player 1>, 'number': 1}
2025-03-06 22:42:42,715 : INFO : EventManager : Event: ======'ball_will_start'====== Args={'player': 1, 'ball': 1, 'balls_remaining': 2, 'is_extra_ball': False}
2025-03-06 22:42:42,727 : INFO : EventManager : Event: ======'ball_starting'====== Args={'player': 1, 'ball': 1, 'balls_remaining': 2, 'is_extra_ball': False}
2025-03-06 22:42:42,728 : INFO : EventManager : Event: ======'balls_in_play'====== Args={'balls': 1}
2025-03-06 22:42:42,728 : INFO : EventManager : Event: ======'ball_started'====== Args={'player': 1, 'ball': 1, 'balls_remaining': 2, 'is_extra_ball': False}
2025-03-06 22:42:42,729 : INFO : EventManager : Event: ======'mode_base_will_start'====== Args={'player': 1, 'ball': 1, 'balls_remaining': 2, 'is_extra_ball': False}
2025-03-06 22:42:42,731 : INFO : EventManager : Event: ======'mode_base_starting'====== Args={'player': 1, 'ball': 1, 'balls_remaining': 2, 'is_extra_ball': False}
2025-03-06 22:42:42,731 : INFO : Mode.base : Started. Priority: 100
2025-03-06 22:42:42,733 : INFO : EventManager : Event: ======'modes_active_modes_changed'====== Args={}
2025-03-06 22:42:42,733 : INFO : EventManager : Event: ======'mode_base_started'====== Args={'player': 1, 'ball': 1, 'balls_remaining': 2, 'is_extra_ball': False}
2025-03-06 22:42:42,736 : INFO : EventManager : Event: ======'single_player_ball_started'====== Args={}
2025-03-06 22:42:42,839 : INFO : EventManager : Event: ======'ball_start_target'====== Args={'target': 'playfield'}
2025-03-06 22:42:42,843 : INFO : EventManager : Event: ======'slide_base.slide_player-mode_base_started_created'====== Args={'_from_bcp': True}
2025-03-06 22:42:42,844 : INFO : EventManager : Event: ======'slide_base.slide_player-mode_base_started_active'====== Args={'_from_bcp': True}
2025-03-06 22:42:42,844 : INFO : ball_device.bd_plunger_lane : Setting up player-controlled eject. Balls: 1, Target: <playfield.playfield>, player_controlled_eject_event: s_launcher_button_active
2025-03-06 22:42:42,846 : INFO : EventManager : Event: ======'balldevice_balls_available'====== Args={}
2025-03-06 22:42:42,847 : INFO : ball_device.bd_trough : State: waiting_for_target_ready
2025-03-06 22:42:42,847 : INFO : EventManager : Event: ======'balldevice_bd_trough_ball_eject_attempt'====== Args={'balls': 1, 'target': <ball_device.bd_plunger_lane>, 'source': <ball_device.bd_trough>, 'mechanical_eject': True, 'num_attempts': 0}
2025-03-06 22:42:42,848 : INFO : ball_device.bd_plunger_lane : State: waiting_for_ball
2025-03-06 22:42:42,848 : INFO : ball_device.bd_trough : State: ejecting
2025-03-06 22:42:42,848 : INFO : ball_device.bd_trough : Ejecting ball to <ball_device.bd_plunger_lane>
2025-03-06 22:42:42,848 : INFO : EventManager : Event: ======'balldevice_bd_trough_ejecting_ball'====== Args={'balls': 1, 'target': <ball_device.bd_plunger_lane>, 'source': <ball_device.bd_trough>, 'mechanical_eject': True, 'num_attempts': 0}
2025-03-06 22:42:42,850 : INFO : ball_device.bd_trough : Wait for ball to leave device
2025-03-06 22:42:42,850 : INFO : coil.c_trough_release : Pulsing Driver for 20ms (1.0 pulse_power)
2025-03-06 22:42:42,850 : INFO : SwitchController : <<<<<<< 's_trough1' inactive >>>>>>>
2025-03-06 22:42:42,868 : INFO : ball_device.bd_trough : State: ball_left
2025-03-06 22:42:42,868 : INFO : ball_device.bd_trough : Ball left
2025-03-06 22:42:42,868 : INFO : ball_device.bd_trough : Wait for confirm with timeout 3.0
2025-03-06 22:42:42,938 : INFO : SwitchController : <<<<<<< 's_plunger_lane' active >>>>>>>
2025-03-06 22:42:42,941 : INFO : EventManager : Event: ======'machine_var_audits_switches_s_plunger_lane'====== Args={'value': 85, 'prev_value': 84, 'change': 1}
2025-03-06 22:42:43,456 : INFO : ball_device.bd_plunger_lane : Received ball from <ball_device.bd_trough>
2025-03-06 22:42:43,457 : INFO : EventManager : Event: ======'balldevice_bd_plunger_lane_ball_enter'====== Args={'new_balls': 1, 'unclaimed_balls': 0, 'new_available_balls': 0, 'device': <ball_device.bd_plunger_lane>}
2025-03-06 22:42:43,457 : INFO : EventManager : Event: ======'balldevice_bd_plunger_lane_ball_entered'====== Args={'new_balls': 0, 'device': <ball_device.bd_plunger_lane>}
2025-03-06 22:42:43,457 : INFO : EventManager : Event: ======'balldevice_bd_plunger_lane_ball_count_changed'====== Args={'balls': 1}
2025-03-06 22:42:43,458 : INFO : ball_device.bd_trough : Got eject confirm
2025-03-06 22:42:43,458 : INFO : ball_device.bd_trough : Eject successful
2025-03-06 22:42:43,458 : INFO : EventManager : Event: ======'balldevice_bd_trough_ball_eject_success'====== Args={'balls': 1, 'target': <ball_device.bd_plunger_lane>}
2025-03-06 22:42:43,459 : INFO : ball_device.bd_plunger_lane : State: waiting_for_target_ready
2025-03-06 22:42:43,459 : INFO : EventManager : Event: ======'balldevice_bd_plunger_lane_ball_eject_attempt'====== Args={'balls': 1, 'target': <playfield.playfield>, 'source': <ball_device.bd_plunger_lane>, 'mechanical_eject': True, 'num_attempts': 0}
2025-03-06 22:42:43,461 : INFO : EventManager : Event: ======'balldevice_bd_trough_ball_count_changed'====== Args={'balls': 2}
2025-03-06 22:42:43,461 : INFO : ball_device.bd_trough : State: idle
2025-03-06 22:42:43,464 : INFO : ball_device.bd_plunger_lane : State: ejecting
2025-03-06 22:42:43,465 : INFO : ball_device.bd_plunger_lane : Ejecting ball to <playfield.playfield>
2025-03-06 22:42:43,466 : INFO : EventManager : Event: ======'balldevice_bd_plunger_lane_ejecting_ball'====== Args={'balls': 1, 'target': <playfield.playfield>, 'source': <ball_device.bd_plunger_lane>, 'mechanical_eject': True, 'num_attempts': 0}
2025-03-06 22:42:43,469 : INFO : ball_device.bd_plunger_lane : Wait for ball to leave device
2025-03-06 22:42:49,557 : INFO : SwitchController : <<<<<<< 's_pointTarget' active >>>>>>>
2025-03-06 22:42:49,558 : INFO : EventManager : Event: ======'s_pointTarget_active'====== Args={}
2025-03-06 22:42:49,558 : INFO : EventManager : Event: ======'sw_playfield_active'====== Args={}
2025-03-06 22:42:49,560 : INFO : EventManager : Event: ======'machine_var_audits_switches_s_pointTarget'====== Args={'value': 60, 'prev_value': 59, 'change': 1}
2025-03-06 22:42:49,564 : INFO : EventManager : Event: ======'player_score'====== Args={'value': 100, 'prev_value': 0, 'change': 100, 'player_num': 1, 'source': 'base'}
2025-03-06 22:42:49,564 : INFO : EventManager : Event: ======'playfield_active'====== Args={}
2025-03-06 22:42:49,713 : INFO : SwitchController : <<<<<<< 's_pointTarget' inactive >>>>>>>
2025-03-06 22:42:50,678 : INFO : SwitchController : <<<<<<< 's_pointTarget' active >>>>>>>
2025-03-06 22:42:50,679 : INFO : EventManager : Event: ======'s_pointTarget_active'====== Args={}
2025-03-06 22:42:50,679 : INFO : EventManager : Event: ======'sw_playfield_active'====== Args={}
2025-03-06 22:42:50,679 : INFO : EventManager : Event: ======'machine_var_audits_switches_s_pointTarget'====== Args={'value': 61, 'prev_value': 60, 'change': 1}
2025-03-06 22:42:50,679 : INFO : EventManager : Event: ======'player_score'====== Args={'value': 200, 'prev_value': 100, 'change': 100, 'player_num': 1, 'source': 'base'}
2025-03-06 22:42:50,680 : INFO : EventManager : Event: ======'playfield_active'====== Args={}
2025-03-06 22:42:50,817 : INFO : SwitchController : <<<<<<< 's_pointTarget' inactive >>>>>>>
2025-03-06 22:42:50,957 : INFO : SwitchController : <<<<<<< 's_pointTarget' active >>>>>>>
2025-03-06 22:42:50,957 : INFO : EventManager : Event: ======'s_pointTarget_active'====== Args={}
2025-03-06 22:42:50,957 : INFO : EventManager : Event: ======'sw_playfield_active'====== Args={}
2025-03-06 22:42:50,957 : INFO : EventManager : Event: ======'machine_var_audits_switches_s_pointTarget'====== Args={'value': 62, 'prev_value': 61, 'change': 1}
2025-03-06 22:42:50,961 : INFO : EventManager : Event: ======'player_score'====== Args={'value': 300, 'prev_value': 200, 'change': 100, 'player_num': 1, 'source': 'base'}
2025-03-06 22:42:50,962 : INFO : EventManager : Event: ======'playfield_active'====== Args={}
2025-03-06 22:42:51,067 : INFO : SwitchController : <<<<<<< 's_pointTarget' inactive >>>>>>>
2025-03-06 22:42:51,207 : INFO : SwitchController : <<<<<<< 's_pointTarget' active >>>>>>>
2025-03-06 22:42:51,208 : INFO : EventManager : Event: ======'s_pointTarget_active'====== Args={}
2025-03-06 22:42:51,208 : INFO : EventManager : Event: ======'sw_playfield_active'====== Args={}
2025-03-06 22:42:51,208 : INFO : EventManager : Event: ======'machine_var_audits_switches_s_pointTarget'====== Args={'value': 63, 'prev_value': 62, 'change': 1}
2025-03-06 22:42:51,210 : INFO : EventManager : Event: ======'player_score'====== Args={'value': 400, 'prev_value': 300, 'change': 100, 'player_num': 1, 'source': 'base'}
2025-03-06 22:42:51,211 : INFO : EventManager : Event: ======'playfield_active'====== Args={}
2025-03-06 22:42:51,335 : INFO : SwitchController : <<<<<<< 's_pointTarget' inactive >>>>>>>
2025-03-06 22:42:51,492 : INFO : SwitchController : <<<<<<< 's_pointTarget' active >>>>>>>
2025-03-06 22:42:51,492 : INFO : EventManager : Event: ======'s_pointTarget_active'====== Args={}
2025-03-06 22:42:51,493 : INFO : EventManager : Event: ======'sw_playfield_active'====== Args={}
2025-03-06 22:42:51,493 : INFO : EventManager : Event: ======'machine_var_audits_switches_s_pointTarget'====== Args={'value': 64, 'prev_value': 63, 'change': 1}
2025-03-06 22:42:51,496 : INFO : EventManager : Event: ======'player_score'====== Args={'value': 500, 'prev_value': 400, 'change': 100, 'player_num': 1, 'source': 'base'}
2025-03-06 22:42:51,499 : INFO : EventManager : Event: ======'playfield_active'====== Args={}
2025-03-06 22:42:51,608 : INFO : SwitchController : <<<<<<< 's_pointTarget' inactive >>>>>>>
2025-03-06 22:42:52,745 : INFO : SwitchController : <<<<<<< 's_trough1' active >>>>>>>
2025-03-06 22:42:52,746 : INFO : EventManager : Event: ======'machine_var_audits_switches_s_trough1'====== Args={'value': 60, 'prev_value': 59, 'change': 1}
2025-03-06 22:42:53,061 : INFO : EventManager : Event: ======'balldevice_bd_trough_ball_count_changed'====== Args={'balls': 3}
2025-03-06 22:42:53,063 : INFO : ball_device.bd_trough : Received unexpected ball
2025-03-06 22:42:53,064 : INFO : EventManager : Event: ======'balldevice_captured_from_playfield'====== Args={'balls': 1}
2025-03-06 22:42:53,066 : INFO : EventManager : Event: ======'sw_playfield_active'====== Args={'balls': 1}
2025-03-06 22:42:53,066 : INFO : EventManager : Event: ======'playfield_active'====== Args={}
2025-03-06 22:42:53,067 : INFO : EventManager : Event: ======'playfield_ball_count_change'====== Args={'balls': -1, 'change': -1}
2025-03-06 22:42:53,067 : INFO : EventManager : Event: ======'balldevice_playfield_ball_enter'====== Args={'new_balls': 1, 'unclaimed_balls': 1, 'device': <playfield.playfield>}
2025-03-06 22:42:53,067 : INFO : EventManager : Event: ======'playfield_ball_count_change'====== Args={'balls': 0, 'change': 1}
2025-03-06 22:42:53,067 : INFO : BallController : Found a new ball which was captured from playfield. Known balls: 4
2025-03-06 22:42:53,067 : INFO : EventManager : Event: ======'found_new_ball'====== Args={}
2025-03-06 22:42:53,067 : INFO : EventManager : Event: ======'balldevice_bd_trough_ball_enter'====== Args={'new_balls': 1, 'unclaimed_balls': 1, 'new_available_balls': 1, 'device': <ball_device.bd_trough>}
2025-03-06 22:42:53,067 : INFO : EventManager : Event: ======'ball_drain'====== Args={'device': <ball_device.bd_trough>, 'balls': 1}
2025-03-06 22:42:53,068 : INFO : EventManager : Event: ======'ball_will_end'====== Args={}
2025-03-06 22:42:53,068 : INFO : EventManager : Event: ======'balldevice_balls_available'====== Args={}
2025-03-06 22:42:53,068 : INFO : EventManager : Event: ======'balldevice_bd_trough_ball_entered'====== Args={'new_balls': 1, 'device': <ball_device.bd_trough>}
2025-03-06 22:42:53,068 : INFO : EventManager : Event: ======'ball_ending'====== Args={}
2025-03-06 22:42:53,068 : INFO : EventManager : Event: ======'mode_base_will_stop'====== Args={}
2025-03-06 22:42:53,068 : INFO : EventManager : Event: ======'mode_base_stopping'====== Args={}
2025-03-06 22:42:53,068 : INFO : Mode.base : Stopped.
2025-03-06 22:42:53,068 : INFO : EventManager : Event: ======'modes_active_modes_changed'====== Args={}
2025-03-06 22:42:53,069 : INFO : EventManager : Event: ======'mode_base_stopped'====== Args={}
2025-03-06 22:42:53,069 : INFO : EventManager : Event: ======'clear'====== Args={'key': 'base'}
2025-03-06 22:42:53,213 : INFO : EventManager : Event: ======'ball_ended'====== Args={}
2025-03-06 22:42:53,218 : INFO : EventManager : Event: ======'slide_base.slide_player-mode_base_started_removed'====== Args={'_from_bcp': True}
2025-03-06 22:42:53,218 : INFO : EventManager : Event: ======'slide_welcome_slide_active'====== Args={'_from_bcp': True}
2025-03-06 22:42:53,218 : INFO : EventManager : Event: ======'player_turn_will_end'====== Args={'player': <Player 1>, 'number': 1}
2025-03-06 22:42:53,236 : INFO : EventManager : Event: ======'player_turn_ending'====== Args={'player': <Player 1>, 'number': 1}
2025-03-06 22:42:53,237 : INFO : EventManager : Event: ======'player_turn_ended'====== Args={'player': <Player 1>, 'number': 1}
2025-03-06 22:42:53,237 : INFO : EventManager : Event: ======'player_turn_will_start'====== Args={'player': <Player 1>, 'number': 1}
2025-03-06 22:42:53,240 : INFO : EventManager : Event: ======'player_turn_starting'====== Args={'player': <Player 1>, 'number': 1}
2025-03-06 22:42:53,240 : INFO : EventManager : Event: ======'player_ball'====== Args={'value': 2, 'prev_value': 1, 'change': 1, 'player_num': 1}
2025-03-06 22:42:53,242 : INFO : EventManager : Event: ======'player_turn_started'====== Args={'player': <Player 1>, 'number': 1}
2025-03-06 22:42:53,243 : INFO : EventManager : Event: ======'ball_will_start'====== Args={'player': 1, 'ball': 2, 'balls_remaining': 1, 'is_extra_ball': False}
2025-03-06 22:42:53,260 : INFO : BallController : Found 1 ball(s) on playfield.
2025-03-06 22:42:53,261 : WARNING : BallController : Playfields still contain balls. Waiting for those to drain.
2025-03-06 22:42:54,274 : INFO : BallController : Found 1 ball(s) on playfield.
2025-03-06 22:42:54,275 : WARNING : BallController : Playfields still contain balls. Waiting for those to drain.
2025-03-06 22:42:55,286 : INFO : BallController : Found 1 ball(s) on playfield.
2025-03-06 22:42:55,287 : WARNING : BallController : Playfields still contain balls. Waiting for those to drain.
2025-03-06 22:42:56,286 : INFO : BallController : Found 1 ball(s) on playfield.
2025-03-06 22:42:56,287 : WARNING : BallController : Playfields still contain balls. Waiting for those to drain.
2025-03-06 22:42:57,283 : INFO : BallController : Found 1 ball(s) on playfield.
2025-03-06 22:42:57,284 : WARNING : BallController : Playfields still contain balls. Waiting for those to drain.
2025-03-06 22:42:58,294 : INFO : BallController : Found 1 ball(s) on playfield.
2025-03-06 22:42:58,295 : WARNING : BallController : Playfields still contain balls. Waiting for those to drain.
2025-03-06 22:42:59,312 : INFO : BallController : Found 1 ball(s) on playfield.
2025-03-06 22:42:59,313 : WARNING : BallController : Playfields still contain balls. Waiting for those to drain.
2025-03-06 22:42:59,435 : INFO : SwitchController : <<<<<<< 's_launcher_button' active >>>>>>>
2025-03-06 22:42:59,436 : INFO : EventManager : Event: ======'s_launcher_button_active'====== Args={}
2025-03-06 22:42:59,436 : INFO : EventManager : Event: ======'sw_start'====== Args={}
2025-03-06 22:42:59,436 : INFO : EventManager : Event: ======'machine_var_audits_switches_s_launcher_button'====== Args={'value': 29, 'prev_value': 28, 'change': 1}
2025-03-06 22:42:59,463 : INFO : coil.c_autolauncher : Pulsing Driver for 20ms (1.0 pulse_power)
2025-03-06 22:42:59,464 : INFO : SwitchController : <<<<<<< 's_plunger_lane' inactive >>>>>>>
2025-03-06 22:42:59,484 : INFO : ball_device.bd_plunger_lane : State: ball_left
2025-03-06 22:42:59,485 : INFO : ball_device.bd_plunger_lane : Ball left
2025-03-06 22:42:59,485 : INFO : ball_device.bd_plunger_lane : Wait for confirm with timeout 3.0
2025-03-06 22:42:59,539 : INFO : SwitchController : <<<<<<< 's_playfield_entry' active >>>>>>>
2025-03-06 22:42:59,540 : INFO : EventManager : Event: ======'sw_playfield_active'====== Args={}
2025-03-06 22:42:59,541 : INFO : EventManager : Event: ======'machine_var_audits_switches_s_playfield_entry'====== Args={'value': 160, 'prev_value': 159, 'change': 1}
2025-03-06 22:42:59,542 : INFO : EventManager : Event: ======'playfield_active'====== Args={}
2025-03-06 22:42:59,562 : INFO : SwitchController : <<<<<<< 's_playfield_entry' inactive >>>>>>>
2025-03-06 22:42:59,567 : INFO : ball_device.bd_plunger_lane : Got eject confirm
2025-03-06 22:42:59,567 : INFO : ball_device.bd_plunger_lane : Eject successful
2025-03-06 22:42:59,567 : INFO : EventManager : Event: ======'balldevice_bd_plunger_lane_ball_eject_success'====== Args={'balls': 1, 'target': <playfield.playfield>}
2025-03-06 22:42:59,568 : INFO : EventManager : Event: ======'balldevice_playfield_ball_enter'====== Args={'new_balls': 1, 'unclaimed_balls': 1, 'device': <playfield.playfield>}
2025-03-06 22:42:59,568 : INFO : EventManager : Event: ======'playfield_ball_count_change'====== Args={'balls': 1, 'change': 1}
2025-03-06 22:42:59,568 : INFO : EventManager : Event: ======'balldevice_bd_plunger_lane_ball_count_changed'====== Args={'balls': 0}
2025-03-06 22:42:59,596 : INFO : SwitchController : <<<<<<< 's_launcher_button' inactive >>>>>>>
2025-03-06 22:42:59,982 : INFO : ball_device.bd_plunger_lane : State: idle
2025-03-06 22:43:00,323 : INFO : BallController : Found 1 ball(s) on playfield.
2025-03-06 22:43:00,323 : WARNING : BallController : Playfields still contain balls. Waiting for those to drain.
2025-03-06 22:43:01,321 : INFO : BallController : Found 1 ball(s) on playfield.
2025-03-06 22:43:01,322 : WARNING : BallController : Playfields still contain balls. Waiting for those to drain.
2025-03-06 22:43:02,344 : INFO : BallController : Found 1 ball(s) on playfield.
2025-03-06 22:43:02,344 : WARNING : BallController : Playfields still contain balls. Waiting for those to drain.
2025-03-06 22:43:02,425 : INFO : SwitchController : <<<<<<< 's_trough2' inactive >>>>>>>
2025-03-06 22:43:03,357 : INFO : BallController : Found 1 ball(s) on playfield.
2025-03-06 22:43:03,358 : WARNING : BallController : Playfields still contain balls. Waiting for those to drain.
2025-03-06 22:43:04,373 : INFO : BallController : Found 1 ball(s) on playfield.
2025-03-06 22:43:04,374 : WARNING : BallController : Playfields still contain balls. Waiting for those to drain.
2025-03-06 22:43:05,384 : INFO : BallController : Found 1 ball(s) on playfield.
2025-03-06 22:43:05,384 : WARNING : BallController : Playfields still contain balls. Waiting for those to drain.
2025-03-06 22:43:05,722 : INFO : SwitchController : <<<<<<< 's_trough3' inactive >>>>>>>
2025-03-06 22:43:06,401 : INFO : BallController : Found 1 ball(s) on playfield.
2025-03-06 22:43:06,402 : WARNING : BallController : Playfields still contain balls. Waiting for those to drain.
2025-03-06 22:43:07,414 : INFO : BallController : Found 1 ball(s) on playfield.
2025-03-06 22:43:07,414 : WARNING : BallController : Playfields still contain balls. Waiting for those to drain.
2025-03-06 22:43:07,700 : INFO : SwitchController : <<<<<<< 's_trough1' inactive >>>>>>>
2025-03-06 22:43:08,427 : INFO : BallController : Found 1 ball(s) on playfield.
2025-03-06 22:43:08,427 : WARNING : BallController : Playfields still contain balls. Waiting for those to drain.
2025-03-06 22:43:09,433 : INFO : BallController : Found 1 ball(s) on playfield.
2025-03-06 22:43:09,434 : WARNING : BallController : Playfields still contain balls. Waiting for those to drain.
2025-03-06 22:43:10,443 : INFO : BallController : Found 1 ball(s) on playfield.
2025-03-06 22:43:10,444 : WARNING : BallController : Playfields still contain balls. Waiting for those to drain.
2025-03-06 22:43:11,361 : INFO : SwitchController : <<<<<<< 's_trough1' active >>>>>>>
2025-03-06 22:43:11,361 : INFO : EventManager : Event: ======'machine_var_audits_switches_s_trough1'====== Args={'value': 61, 'prev_value': 60, 'change': 1}
2025-03-06 22:43:11,441 : INFO : BallController : Found 1 ball(s) on playfield.
2025-03-06 22:43:11,442 : WARNING : BallController : Playfields still contain balls. Waiting for those to drain.
2025-03-06 22:43:12,456 : INFO : BallController : Found 1 ball(s) on playfield.
2025-03-06 22:43:12,457 : WARNING : BallController : Playfields still contain balls. Waiting for those to drain.
2025-03-06 22:43:13,470 : INFO : BallController : Found 1 ball(s) on playfield.
2025-03-06 22:43:13,471 : WARNING : BallController : Playfields still contain balls. Waiting for those to drain.
2025-03-06 22:43:14,480 : INFO : BallController : Found 1 ball(s) on playfield.
2025-03-06 22:43:14,480 : WARNING : BallController : Playfields still contain balls. Waiting for those to drain.
2025-03-06 22:43:15,157 : INFO : SwitchController : <<<<<<< 's_pointTarget' active >>>>>>>
2025-03-06 22:43:15,157 : INFO : EventManager : Event: ======'sw_playfield_active'====== Args={}
2025-03-06 22:43:15,158 : INFO : EventManager : Event: ======'machine_var_audits_switches_s_pointTarget'====== Args={'value': 65, 'prev_value': 64, 'change': 1}
2025-03-06 22:43:15,284 : INFO : SwitchController : <<<<<<< 's_pointTarget' inactive >>>>>>>
2025-03-06 22:43:15,516 : INFO : BallController : Found 1 ball(s) on playfield.
2025-03-06 22:43:15,516 : WARNING : BallController : Playfields still contain balls. Waiting for those to drain.
2025-03-06 22:43:15,685 : INFO : SwitchController : <<<<<<< 's_pointTarget' active >>>>>>>
2025-03-06 22:43:15,685 : INFO : EventManager : Event: ======'sw_playfield_active'====== Args={}
2025-03-06 22:43:15,686 : INFO : EventManager : Event: ======'machine_var_audits_switches_s_pointTarget'====== Args={'value': 66, 'prev_value': 65, 'change': 1}
2025-03-06 22:43:15,832 : INFO : SwitchController : <<<<<<< 's_pointTarget' inactive >>>>>>>
2025-03-06 22:43:16,048 : INFO : SwitchController : <<<<<<< 's_launcher_button' active >>>>>>>
2025-03-06 22:43:16,049 : INFO : EventManager : Event: ======'sw_start'====== Args={}
2025-03-06 22:43:16,049 : INFO : EventManager : Event: ======'machine_var_audits_switches_s_launcher_button'====== Args={'value': 30, 'prev_value': 29, 'change': 1}
2025-03-06 22:43:16,208 : INFO : SwitchController : <<<<<<< 's_launcher_button' inactive >>>>>>>
2025-03-06 22:43:16,469 : INFO : SwitchController : <<<<<<< 's_pointTarget' active >>>>>>>
2025-03-06 22:43:16,470 : INFO : EventManager : Event: ======'sw_playfield_active'====== Args={}
2025-03-06 22:43:16,470 : INFO : EventManager : Event: ======'machine_var_audits_switches_s_pointTarget'====== Args={'value': 67, 'prev_value': 66, 'change': 1}
2025-03-06 22:43:16,528 : INFO : BallController : Found 1 ball(s) on playfield.
2025-03-06 22:43:16,528 : WARNING : BallController : Playfields still contain balls. Waiting for those to drain.
2025-03-06 22:43:16,617 : INFO : SwitchController : <<<<<<< 's_pointTarget' inactive >>>>>>>
2025-03-06 22:43:16,667 : INFO : EventManager : Event: ======'balldevice_bd_trough_ball_count_changed'====== Args={'balls': 1}
2025-03-06 22:43:16,667 : WARNING : ball_device.bd_trough : Ball disappeared while idle. This should not normally happen.
2025-03-06 22:43:16,668 : INFO : EventManager : Event: ======'balldevice_playfield_ball_enter'====== Args={'new_balls': 1, 'unclaimed_balls': 1, 'device': <playfield.playfield>}
2025-03-06 22:43:16,668 : INFO : EventManager : Event: ======'playfield_ball_count_change'====== Args={'balls': 2, 'change': 1}
2025-03-06 22:43:16,668 : INFO : ball_device.bd_trough : 1 ball(s) missing from device. Mechanical eject? False
2025-03-06 22:43:16,668 : INFO : EventManager : Event: ======'balldevice_bd_trough_ball_missing'====== Args={'balls': 1}
2025-03-06 22:43:16,669 : INFO : EventManager : Event: ======'balldevice_ball_missing'====== Args={'balls': 1, 'name': 'bd_trough'}
2025-03-06 22:43:16,670 : WARNING : ball_device.bd_trough : Ball disappeared while idle. This should not normally happen.
2025-03-06 22:43:16,670 : INFO : EventManager : Event: ======'balldevice_playfield_ball_enter'====== Args={'new_balls': 1, 'unclaimed_balls': 1, 'device': <playfield.playfield>}
2025-03-06 22:43:16,670 : INFO : EventManager : Event: ======'playfield_ball_count_change'====== Args={'balls': 3, 'change': 1}
2025-03-06 22:43:16,670 : INFO : ball_device.bd_trough : 1 ball(s) missing from device. Mechanical eject? False
2025-03-06 22:43:16,670 : INFO : EventManager : Event: ======'balldevice_bd_trough_ball_missing'====== Args={'balls': 1}
2025-03-06 22:43:16,670 : INFO : EventManager : Event: ======'balldevice_ball_missing'====== Args={'balls': 1, 'name': 'bd_trough'}
2025-03-06 22:43:16,743 : INFO : SwitchController : <<<<<<< 's_pointTarget' active >>>>>>>
2025-03-06 22:43:16,743 : INFO : EventManager : Event: ======'sw_playfield_active'====== Args={}
2025-03-06 22:43:16,744 : INFO : EventManager : Event: ======'machine_var_audits_switches_s_pointTarget'====== Args={'value': 68, 'prev_value': 67, 'change': 1}
2025-03-06 22:43:16,856 : INFO : SwitchController : <<<<<<< 's_pointTarget' inactive >>>>>>>
2025-03-06 22:43:16,981 : INFO : SwitchController : <<<<<<< 's_pointTarget' active >>>>>>>
2025-03-06 22:43:16,982 : INFO : EventManager : Event: ======'sw_playfield_active'====== Args={}
2025-03-06 22:43:16,982 : INFO : EventManager : Event: ======'machine_var_audits_switches_s_pointTarget'====== Args={'value': 69, 'prev_value': 68, 'change': 1}
2025-03-06 22:43:17,110 : INFO : SwitchController : <<<<<<< 's_pointTarget' inactive >>>>>>>
2025-03-06 22:43:17,207 : INFO : SwitchController : <<<<<<< 's_pointTarget' active >>>>>>>
2025-03-06 22:43:17,207 : INFO : EventManager : Event: ======'sw_playfield_active'====== Args={}
2025-03-06 22:43:17,207 : INFO : EventManager : Event: ======'machine_var_audits_switches_s_pointTarget'====== Args={'value': 70, 'prev_value': 69, 'change': 1}
2025-03-06 22:43:17,322 : INFO : SwitchController : <<<<<<< 's_pointTarget' inactive >>>>>>>
2025-03-06 22:43:17,426 : INFO : SwitchController : <<<<<<< 's_pointTarget' active >>>>>>>
2025-03-06 22:43:17,427 : INFO : EventManager : Event: ======'sw_playfield_active'====== Args={}
2025-03-06 22:43:17,427 : INFO : EventManager : Event: ======'machine_var_audits_switches_s_pointTarget'====== Args={'value': 71, 'prev_value': 70, 'change': 1}
2025-03-06 22:43:17,527 : INFO : BallController : Found 3 ball(s) on playfield.
2025-03-06 22:43:17,527 : WARNING : BallController : Playfields still contain balls. Waiting for those to drain.
2025-03-06 22:43:17,547 : INFO : SwitchController : <<<<<<< 's_pointTarget' inactive >>>>>>>
2025-03-06 22:43:17,780 : INFO : SwitchController : <<<<<<< 's_trough1' inactive >>>>>>>
2025-03-06 22:43:18,454 : INFO : SwitchController : <<<<<<< 's_trough2' active >>>>>>>
2025-03-06 22:43:18,455 : INFO : EventManager : Event: ======'machine_var_audits_switches_s_trough2'====== Args={'value': 8, 'prev_value': 7, 'change': 1}
2025-03-06 22:43:18,525 : INFO : BallController : Found 3 ball(s) on playfield.
2025-03-06 22:43:18,525 : WARNING : BallController : Playfields still contain balls. Waiting for those to drain.
2025-03-06 22:43:19,088 : INFO : SwitchController : <<<<<<< 's_trough3' active >>>>>>>
2025-03-06 22:43:19,089 : INFO : EventManager : Event: ======'machine_var_audits_switches_s_trough3'====== Args={'value': 7, 'prev_value': 6, 'change': 1}
2025-03-06 22:43:19,413 : INFO : EventManager : Event: ======'balldevice_bd_trough_ball_count_changed'====== Args={'balls': 2}
2025-03-06 22:43:19,413 : INFO : ball_device.bd_trough : Received unexpected ball
2025-03-06 22:43:19,414 : INFO : EventManager : Event: ======'balldevice_captured_from_playfield'====== Args={'balls': 1}
2025-03-06 22:43:19,414 : INFO : EventManager : Event: ======'sw_playfield_active'====== Args={'balls': 1}
2025-03-06 22:43:19,414 : INFO : EventManager : Event: ======'playfield_ball_count_change'====== Args={'balls': 2, 'change': -1}
2025-03-06 22:43:19,415 : INFO : EventManager : Event: ======'balldevice_bd_trough_ball_enter'====== Args={'new_balls': 1, 'unclaimed_balls': 1, 'new_available_balls': 1, 'device': <ball_device.bd_trough>}
2025-03-06 22:43:19,416 : INFO : EventManager : Event: ======'ball_drain'====== Args={'device': <ball_device.bd_trough>, 'balls': 1}
2025-03-06 22:43:19,417 : INFO : EventManager : Event: ======'balldevice_balls_available'====== Args={}
2025-03-06 22:43:19,417 : INFO : EventManager : Event: ======'balldevice_bd_trough_ball_entered'====== Args={'new_balls': 1, 'device': <ball_device.bd_trough>}
2025-03-06 22:43:19,556 : INFO : BallController : Found 2 ball(s) on playfield.
2025-03-06 22:43:19,557 : WARNING : BallController : Playfields still contain balls. Waiting for those to drain.
2025-03-06 22:43:19,557 : INFO : SwitchController : <<<<<<< 's_trough1' active >>>>>>>
2025-03-06 22:43:19,557 : INFO : EventManager : Event: ======'machine_var_audits_switches_s_trough1'====== Args={'value': 62, 'prev_value': 61, 'change': 1}
2025-03-06 22:43:19,879 : INFO : EventManager : Event: ======'balldevice_bd_trough_ball_count_changed'====== Args={'balls': 3}
2025-03-06 22:43:19,880 : INFO : ball_device.bd_trough : Received unexpected ball
2025-03-06 22:43:19,880 : INFO : EventManager : Event: ======'balldevice_captured_from_playfield'====== Args={'balls': 1}
2025-03-06 22:43:19,880 : INFO : EventManager : Event: ======'sw_playfield_active'====== Args={'balls': 1}
2025-03-06 22:43:19,881 : INFO : EventManager : Event: ======'playfield_ball_count_change'====== Args={'balls': 1, 'change': -1}
2025-03-06 22:43:19,882 : INFO : EventManager : Event: ======'balldevice_bd_trough_ball_enter'====== Args={'new_balls': 1, 'unclaimed_balls': 1, 'new_available_balls': 1, 'device': <ball_device.bd_trough>}
2025-03-06 22:43:19,882 : INFO : EventManager : Event: ======'ball_drain'====== Args={'device': <ball_device.bd_trough>, 'balls': 1}
2025-03-06 22:43:19,883 : INFO : EventManager : Event: ======'balldevice_balls_available'====== Args={}
2025-03-06 22:43:19,883 : INFO : EventManager : Event: ======'balldevice_bd_trough_ball_entered'====== Args={'new_balls': 1, 'device': <ball_device.bd_trough>}
2025-03-06 22:43:20,555 : INFO : SwitchController : <<<<<<< 's_launcher_button' active >>>>>>>
2025-03-06 22:43:20,555 : INFO : EventManager : Event: ======'sw_start'====== Args={}
2025-03-06 22:43:20,556 : INFO : EventManager : Event: ======'machine_var_audits_switches_s_launcher_button'====== Args={'value': 31, 'prev_value': 30, 'change': 1}
2025-03-06 22:43:20,574 : INFO : BallController : Found 1 ball(s) on playfield.
2025-03-06 22:43:20,574 : WARNING : BallController : Playfields still contain balls. Waiting for those to drain.
2025-03-06 22:43:20,724 : INFO : SwitchController : <<<<<<< 's_launcher_button' inactive >>>>>>>
2025-03-06 22:43:21,357 : INFO : SwitchController : <<<<<<< 's_launcher_button' active >>>>>>>
2025-03-06 22:43:21,357 : INFO : EventManager : Event: ======'sw_start'====== Args={}
2025-03-06 22:43:21,358 : INFO : EventManager : Event: ======'machine_var_audits_switches_s_launcher_button'====== Args={'value': 32, 'prev_value': 31, 'change': 1}
2025-03-06 22:43:21,574 : INFO : SwitchController : <<<<<<< 's_launcher_button' inactive >>>>>>>
2025-03-06 22:43:21,577 : INFO : BallController : Found 1 ball(s) on playfield.
2025-03-06 22:43:21,577 : WARNING : BallController : Playfields still contain balls. Waiting for those to drain.
2025-03-06 22:43:21,817 : INFO : SwitchController : <<<<<<< 's_launcher_button' active >>>>>>>
2025-03-06 22:43:21,817 : INFO : EventManager : Event: ======'sw_start'====== Args={}
2025-03-06 22:43:21,817 : INFO : EventManager : Event: ======'machine_var_audits_switches_s_launcher_button'====== Args={'value': 33, 'prev_value': 32, 'change': 1}
2025-03-06 22:43:21,978 : INFO : SwitchController : <<<<<<< 's_launcher_button' inactive >>>>>>>
2025-03-06 22:43:22,222 : INFO : SwitchController : <<<<<<< 's_launcher_button' active >>>>>>>
2025-03-06 22:43:22,223 : INFO : EventManager : Event: ======'sw_start'====== Args={}
2025-03-06 22:43:22,224 : INFO : EventManager : Event: ======'machine_var_audits_switches_s_launcher_button'====== Args={'value': 34, 'prev_value': 33, 'change': 1}
2025-03-06 22:43:22,325 : INFO : SwitchController : <<<<<<< 's_launcher_button' inactive >>>>>>>
2025-03-06 22:43:22,541 : INFO : SwitchController : <<<<<<< 's_trough1' inactive >>>>>>>
2025-03-06 22:43:22,576 : INFO : BallController : Found 1 ball(s) on playfield.
2025-03-06 22:43:22,577 : WARNING : BallController : Playfields still contain balls. Waiting for those to drain.
2025-03-06 22:43:23,559 : INFO : BallController : Found 1 ball(s) on playfield.
2025-03-06 22:43:23,559 : WARNING : BallController : Playfields still contain balls. Waiting for those to drain.
2025-03-06 22:43:23,944 : INFO : SwitchController : <<<<<<< 's_launcher_button' active >>>>>>>
2025-03-06 22:43:23,944 : INFO : EventManager : Event: ======'sw_start'====== Args={}
2025-03-06 22:43:23,945 : INFO : EventManager : Event: ======'machine_var_audits_switches_s_launcher_button'====== Args={'value': 35, 'prev_value': 34, 'change': 1}
2025-03-06 22:43:24,107 : INFO : SwitchController : <<<<<<< 's_launcher_button' inactive >>>>>>>
2025-03-06 22:43:24,338 : INFO : SwitchController : <<<<<<< 's_launcher_button' active >>>>>>>
2025-03-06 22:43:24,339 : INFO : EventManager : Event: ======'sw_start'====== Args={}
2025-03-06 22:43:24,341 : INFO : EventManager : Event: ======'machine_var_audits_switches_s_launcher_button'====== Args={'value': 36, 'prev_value': 35, 'change': 1}
2025-03-06 22:43:24,521 : INFO : SwitchController : <<<<<<< 's_launcher_button' inactive >>>>>>>
2025-03-06 22:43:24,594 : INFO : BallController : Found 1 ball(s) on playfield.
2025-03-06 22:43:24,594 : WARNING : BallController : Playfields still contain balls. Waiting for those to drain.
2025-03-06 22:43:24,932 : INFO : SwitchController : <<<<<<< 's_launcher_button' active >>>>>>>
2025-03-06 22:43:24,934 : INFO : EventManager : Event: ======'sw_start'====== Args={}
2025-03-06 22:43:24,934 : INFO : EventManager : Event: ======'machine_var_audits_switches_s_launcher_button'====== Args={'value': 37, 'prev_value': 36, 'change': 1}
2025-03-06 22:43:25,086 : INFO : SwitchController : <<<<<<< 's_launcher_button' inactive >>>>>>>
2025-03-06 22:43:25,574 : INFO : SwitchController : <<<<<<< 's_trough3' inactive >>>>>>>
2025-03-06 22:43:25,607 : INFO : BallController : Found 1 ball(s) on playfield.
2025-03-06 22:43:25,608 : WARNING : BallController : Playfields still contain balls. Waiting for those to drain.
2025-03-06 22:43:26,603 : INFO : BallController : Found 1 ball(s) on playfield.
2025-03-06 22:43:26,604 : WARNING : BallController : Playfields still contain balls. Waiting for those to drain.
2025-03-06 22:43:27,561 : INFO : Machine : Shutting down...
2025-03-06 22:43:27,561 : INFO : EventManager : Event: ======'shutdown'====== Args={}
2025-03-06 22:43:27,563 : INFO : EventManager : Event: ======'mode_game_will_stop'====== Args={}
2025-03-06 22:43:27,564 : INFO : EventManager : Event: ======'mode_game_stopping'====== Args={}
2025-03-06 22:43:27,564 : INFO : Mode.game : Stopped.
2025-03-06 22:43:27,564 : INFO : EventManager : Event: ======'modes_active_modes_changed'====== Args={}
2025-03-06 22:43:27,564 : INFO : EventManager : Event: ======'mode_game_stopped'====== Args={}
2025-03-06 22:43:27,564 : INFO : EventManager : Event: ======'clear'====== Args={'key': 'game'}
2025-03-06 22:43:27,566 : INFO : root : MPF run loop ended.
