2025-03-22 22:56:04,731 : INFO : root : Loading config.
2025-03-22 22:56:04,734 : INFO : YamlMultifileConfigLoader : Machine config file #1: config.yaml
2025-03-22 22:56:04,734 : INFO : ConfigProcessor : Loading config from cache: C:\Users\duffb\AppData\Local\Temp\cadfdee4981114acd6fff59d1071b59b.mpf_cache
2025-03-22 22:56:04,824 : INFO : ConfigProcessor : Loading config from cache: C:\Users\duffb\AppData\Local\Temp\ee7db1e8d011f44c876692bb4657f2e9.mpf_cache
2025-03-22 22:56:04,824 : INFO : ConfigProcessor : Loading config from cache: C:\Users\duffb\AppData\Local\Temp\9f058d482eac17116727d62a93500be7.mpf_cache
2025-03-22 22:56:04,825 : INFO : ConfigProcessor : Loading config from cache: C:\Users\duffb\AppData\Local\Temp\2c9362052ff91db960f514d041b7f4e4.mpf_cache
2025-03-22 22:56:04,826 : INFO : ConfigProcessor : Loading config from cache: C:\Users\duffb\AppData\Local\Temp\9e006ea23aa21ec68e01f6c49afad9f4.mpf_cache
2025-03-22 22:56:04,827 : INFO : ConfigProcessor : Loading config from cache: C:\Users\duffb\AppData\Local\Temp\fd253b339e263587268891c4dd997fbd.mpf_cache
2025-03-22 22:56:04,827 : INFO : ConfigProcessor : Loading config from cache: C:\Users\duffb\AppData\Local\Temp\c114ce798d07012a33b8b14d8f953bb7.mpf_cache
2025-03-22 22:56:04,828 : INFO : ConfigProcessor : Loading config from cache: C:\Users\duffb\AppData\Local\Temp\ef70c2e65c3659b77bacdd3a7a24b233.mpf_cache
2025-03-22 22:56:04,829 : INFO : ConfigProcessor : Loading config from cache: C:\Users\duffb\AppData\Local\Temp\ec6e376f0ea10a5fdf8f7130b4bbbe7c.mpf_cache
2025-03-22 22:56:04,829 : INFO : Machine : Mission Pinball Framework Core Engine v0.57.0
2025-03-22 22:56:04,829 : INFO : Machine : Command line arguments: {'no_load_cache': False, 'create_config_cache': True, 'bcp': True, 'configfile': ['config.yaml'], 'force_assets_load': False, 'platform_integration_test': False, 'jsonlogging': False, 'logfile': 'logs\\2025-03-22-22-56-04-mpf-T0SHIII.log', 'pause': False, 'production': False, 'text_ui': True, 'loglevel': 15, 'consoleloglevel': 20, 'force_platform': None, 'syslog_address': None, 'mc_file_name': None, 'no_sound': False}
2025-03-22 22:56:04,829 : INFO : Machine : MPF path: C:\Users\duffb\.pyenv\pyenv-win\versions\3.11.0\Lib\site-packages\mpf
2025-03-22 22:56:04,829 : INFO : Machine : Machine path: C:\Users\duffb\OneDrive\Documents\Python Envs\PinBallWW1\Machine
2025-03-22 22:56:04,829 : INFO : Machine : Platform: win32
2025-03-22 22:56:04,829 : INFO : Machine : Python executable location: C:\Users\duffb\.pyenv\pyenv-win\versions\3.11.0\python.exe
2025-03-22 22:56:04,829 : INFO : Machine : Python version: 3.11.0 (64-bit)
2025-03-22 22:56:04,831 : INFO : Machine : Initializing MPF...
2025-03-22 22:56:05,049 : INFO : EventManager : Event: ======'machine_var_credits_string'====== Args={'value': 'FREE PLAY', 'prev_value': None, 'change': True}
2025-03-22 22:56:05,113 : INFO : EventManager : Event: ======'machine_var_master_volume'====== Args={'value': 0.5, 'prev_value': None, 'change': True}
2025-03-22 22:56:05,113 : INFO : EventManager : Event: ======'machine_var_player1_score'====== Args={'value': 8000, 'prev_value': None, 'change': True}
2025-03-22 22:56:05,113 : INFO : EventManager : Event: ======'machine_var_player2_score'====== Args={'value': 1000, 'prev_value': None, 'change': True}
2025-03-22 22:56:05,113 : INFO : EventManager : Event: ======'machine_var_mpf_version'====== Args={'value': 'Mission Pinball Framework v0.57.0', 'prev_value': None, 'change': True}
2025-03-22 22:56:05,113 : INFO : EventManager : Event: ======'machine_var_mpf_extended_version'====== Args={'value': 'Mission Pinball Framework v0.57.0, Config version:6, Show version: 6, BCP version:1.1', 'prev_value': None, 'change': True}
2025-03-22 22:56:05,113 : INFO : EventManager : Event: ======'machine_var_python_version'====== Args={'value': '3.11.0', 'prev_value': None, 'change': True}
2025-03-22 22:56:05,125 : INFO : EventManager : Event: ======'machine_var_platform'====== Args={'value': 'Windows-10-10.0.26100-SP0', 'prev_value': None, 'change': True}
2025-03-22 22:56:05,125 : INFO : EventManager : Event: ======'machine_var_platform_system'====== Args={'value': 'Windows', 'prev_value': None, 'change': True}
2025-03-22 22:56:05,125 : INFO : EventManager : Event: ======'machine_var_platform_release'====== Args={'value': '10', 'prev_value': None, 'change': True}
2025-03-22 22:56:05,125 : INFO : EventManager : Event: ======'machine_var_platform_version'====== Args={'value': '10.0.26100', 'prev_value': None, 'change': True}
2025-03-22 22:56:05,125 : INFO : EventManager : Event: ======'machine_var_platform_machine'====== Args={'value': 'AMD64', 'prev_value': None, 'change': True}
2025-03-22 22:56:05,125 : INFO : EventManager : Event: ======'init_phase_1'====== Args={}
2025-03-22 22:56:05,146 : INFO : EventManager : Event: ======'init_phase_2'====== Args={}
2025-03-22 22:56:05,147 : INFO : SwitchController : Found active switch: ('3', <Platform.SmartVirtual>) <switch.s_trough1>
2025-03-22 22:56:05,147 : INFO : SwitchController : Found active switch: ('4', <Platform.SmartVirtual>) <switch.s_trough2>
2025-03-22 22:56:05,147 : INFO : SwitchController : Found active switch: ('5', <Platform.SmartVirtual>) <switch.s_trough3>
2025-03-22 22:56:05,150 : INFO : EventManager : Event: ======'bcp_connection_attempt'====== Args={'name': 'local_display', 'host': 'localhost', 'port': 5050}
2025-03-22 22:56:05,153 : INFO : BCPClientSocket : Connecting BCP to 'local_display' at localhost:5050...
2025-03-22 22:56:07,222 : INFO : BCPClientSocket : Connected BCP to 'local_display' localhost:5050
2025-03-22 22:56:07,223 : INFO : EventManager : Event: ======'bcp_clients_connected'====== Args={}
2025-03-22 22:56:07,554 : INFO : EventManager : Event: ======'machine_var_mc_version'====== Args={'value': 'MPF-MC v0.57.1', 'prev_value': None, 'change': True}
2025-03-22 22:56:07,554 : INFO : EventManager : Event: ======'machine_var_mc_extended_version'====== Args={'value': 'MPF-MC v0.57.1 (config_version=6, BCP v1.1,                      Requires MPF API compatibility v0.57.0 or newer)', 'prev_value': None, 'change': True}
2025-03-22 22:56:07,557 : INFO : ball_device.bd_trough : BCH: Initial count: 3
2025-03-22 22:56:07,712 : INFO : ball_device.bd_trough : State: idle
2025-03-22 22:56:07,712 : INFO : ball_device.bd_plunger_lane : BCH: Initial count: 0
2025-03-22 22:56:07,714 : INFO : ball_device.bd_plunger_lane : State: idle
2025-03-22 22:56:07,768 : INFO : EventManager : Event: ======'init_phase_3'====== Args={}
2025-03-22 22:56:07,785 : INFO : EventManager : Event: ======'init_phase_4'====== Args={}
2025-03-22 22:56:07,786 : INFO : BallController : Initial balls found: 3
2025-03-22 22:56:07,787 : INFO : EventManager : Event: ======'machine_var_audits_events_game_ended'====== Args={'value': 13, 'prev_value': None, 'change': True}
2025-03-22 22:56:07,787 : INFO : EventManager : Event: ======'machine_var_audits_events_game_started'====== Args={'value': 72, 'prev_value': None, 'change': True}
2025-03-22 22:56:07,787 : INFO : EventManager : Event: ======'machine_var_audits_missing_switches_s_drain'====== Args={'value': 6, 'prev_value': None, 'change': True}
2025-03-22 22:56:07,788 : INFO : EventManager : Event: ======'machine_var_audits_missing_switches_s_left_flipper'====== Args={'value': 20, 'prev_value': None, 'change': True}
2025-03-22 22:56:07,788 : INFO : EventManager : Event: ======'machine_var_audits_missing_switches_s_right_flipper'====== Args={'value': 20, 'prev_value': None, 'change': True}
2025-03-22 22:56:07,788 : INFO : EventManager : Event: ======'machine_var_audits_missing_switches_s_start_button'====== Args={'value': 7, 'prev_value': None, 'change': True}
2025-03-22 22:56:07,788 : INFO : EventManager : Event: ======'machine_var_audits_missing_switches_s_trough1'====== Args={'value': 25, 'prev_value': None, 'change': True}
2025-03-22 22:56:07,788 : INFO : EventManager : Event: ======'machine_var_audits_missing_switches_s_trough2'====== Args={'value': 28, 'prev_value': None, 'change': True}
2025-03-22 22:56:07,788 : INFO : EventManager : Event: ======'machine_var_audits_missing_switches_s_trough3'====== Args={'value': 32, 'prev_value': None, 'change': True}
2025-03-22 22:56:07,789 : INFO : EventManager : Event: ======'machine_var_audits_missing_switches_s_trough_enter'====== Args={'value': 27, 'prev_value': None, 'change': True}
2025-03-22 22:56:07,789 : INFO : EventManager : Event: ======'machine_var_audits_player_score'====== Args={'value': {'average': 124, 'top': [8000, 1000, 0, 0, 0, 0, 0, 0, 0, 0], 'total': 16}, 'prev_value': None, 'change': True}
2025-03-22 22:56:07,789 : INFO : EventManager : Event: ======'machine_var_audits_switches_s_Lane1'====== Args={'value': 37, 'prev_value': None, 'change': True}
2025-03-22 22:56:07,789 : INFO : EventManager : Event: ======'machine_var_audits_switches_s_Lane2'====== Args={'value': 26, 'prev_value': None, 'change': True}
2025-03-22 22:56:07,790 : INFO : EventManager : Event: ======'machine_var_audits_switches_s_Lane3'====== Args={'value': 24, 'prev_value': None, 'change': True}
2025-03-22 22:56:07,790 : INFO : EventManager : Event: ======'machine_var_audits_switches_s_Lane4'====== Args={'value': 27, 'prev_value': None, 'change': True}
2025-03-22 22:56:07,790 : INFO : EventManager : Event: ======'machine_var_audits_switches_s_Target1'====== Args={'value': 68, 'prev_value': None, 'change': True}
2025-03-22 22:56:07,790 : INFO : EventManager : Event: ======'machine_var_audits_switches_s_Target2'====== Args={'value': 61, 'prev_value': None, 'change': True}
2025-03-22 22:56:07,791 : INFO : EventManager : Event: ======'machine_var_audits_switches_s_Target3'====== Args={'value': 66, 'prev_value': None, 'change': True}
2025-03-22 22:56:07,791 : INFO : EventManager : Event: ======'machine_var_audits_switches_s_Target4'====== Args={'value': 54, 'prev_value': None, 'change': True}
2025-03-22 22:56:07,791 : INFO : EventManager : Event: ======'machine_var_audits_switches_s_drain'====== Args={'value': 0, 'prev_value': None, 'change': True}
2025-03-22 22:56:07,791 : INFO : EventManager : Event: ======'machine_var_audits_switches_s_launcher_button'====== Args={'value': 127, 'prev_value': None, 'change': True}
2025-03-22 22:56:07,792 : INFO : EventManager : Event: ======'machine_var_audits_switches_s_left_flipper'====== Args={'value': 103, 'prev_value': None, 'change': True}
2025-03-22 22:56:07,792 : INFO : EventManager : Event: ======'machine_var_audits_switches_s_playfield_entry'====== Args={'value': 209, 'prev_value': None, 'change': True}
2025-03-22 22:56:07,792 : INFO : EventManager : Event: ======'machine_var_audits_switches_s_plunger_lane'====== Args={'value': 156, 'prev_value': None, 'change': True}
2025-03-22 22:56:07,792 : INFO : EventManager : Event: ======'machine_var_audits_switches_s_pointTarget'====== Args={'value': 193, 'prev_value': None, 'change': True}
2025-03-22 22:56:07,792 : INFO : EventManager : Event: ======'machine_var_audits_switches_s_right_flipper'====== Args={'value': 95, 'prev_value': None, 'change': True}
2025-03-22 22:56:07,792 : INFO : EventManager : Event: ======'machine_var_audits_switches_s_start_button'====== Args={'value': 0, 'prev_value': None, 'change': True}
2025-03-22 22:56:07,792 : INFO : EventManager : Event: ======'machine_var_audits_switches_s_trough1'====== Args={'value': 109, 'prev_value': None, 'change': True}
2025-03-22 22:56:07,793 : INFO : EventManager : Event: ======'machine_var_audits_switches_s_trough2'====== Args={'value': 17, 'prev_value': None, 'change': True}
2025-03-22 22:56:07,793 : INFO : EventManager : Event: ======'machine_var_audits_switches_s_trough3'====== Args={'value': 14, 'prev_value': None, 'change': True}
2025-03-22 22:56:07,794 : INFO : EventManager : Event: ======'machine_var_audits_switches_s_trough_enter'====== Args={'value': 1, 'prev_value': None, 'change': True}
2025-03-22 22:56:07,794 : INFO : EventManager : Event: ======'init_phase_5'====== Args={}
2025-03-22 22:56:07,822 : INFO : EventManager : Event: ======'init_done'====== Args={}
2025-03-22 22:56:07,823 : INFO : EventManager : Event: ======'machine_reset_phase_1'====== Args={}
2025-03-22 22:56:07,829 : INFO : EventManager : Event: ======'slide_welcome_slide_removed'====== Args={'_from_bcp': True}
2025-03-22 22:56:07,831 : INFO : EventManager : Event: ======'slide_welcome_slide_created'====== Args={'_from_bcp': True}
2025-03-22 22:56:07,832 : INFO : EventManager : Event: ======'machine_reset_phase_2'====== Args={}
2025-03-22 22:56:07,832 : INFO : EventManager : Event: ======'machine_reset_phase_3'====== Args={}
2025-03-22 22:56:07,833 : INFO : EventManager : Event: ======'reset_complete'====== Args={}
2025-03-22 22:56:07,833 : INFO : EventManager : Event: ======'mode_attract_will_start'====== Args={}
2025-03-22 22:56:07,833 : INFO : EventManager : Event: ======'mode_attract_starting'====== Args={}
2025-03-22 22:56:07,833 : INFO : Mode.attract : Started. Priority: 10
2025-03-22 22:56:07,833 : INFO : EventManager : Event: ======'modes_active_modes_changed'====== Args={}
2025-03-22 22:56:07,833 : INFO : EventManager : Event: ======'mode_attract_started'====== Args={}
2025-03-22 22:56:07,834 : INFO : EventManager : Event: ======'cmd_flipper_disable'====== Args={'priority': 0}
2025-03-22 22:56:07,834 : INFO : EventManager : Event: ======'cmd_launcher_disable'====== Args={'priority': 0}
2025-03-22 22:56:07,835 : INFO : EventManager : Event: ======'collecting_balls_complete'====== Args={}
2025-03-22 22:56:07,868 : INFO : EventManager : Event: ======'slide_welcome_slide_active'====== Args={'_from_bcp': True}
2025-03-22 22:56:07,869 : INFO : EventManager : Event: ======'slide_ship_slide_created'====== Args={'_from_bcp': True}
2025-03-22 22:56:07,869 : INFO : EventManager : Event: ======'slide_ship_slide_active'====== Args={'_from_bcp': True}
2025-03-22 22:56:07,869 : INFO : Machine : Starting the main run loop.
2025-03-22 22:56:08,108 : INFO : BcpServer : New client connected.
2025-03-22 22:56:12,856 : INFO : EventManager : Event: ======'slide_starting_slide_created'====== Args={'_from_bcp': True}
2025-03-22 22:56:12,862 : INFO : EventManager : Event: ======'slide_starting_slide_active'====== Args={'_from_bcp': True}
2025-03-22 22:56:17,865 : INFO : EventManager : Event: ======'slide_company_slide_created'====== Args={'_from_bcp': True}
2025-03-22 22:56:17,866 : INFO : EventManager : Event: ======'slide_company_slide_active'====== Args={'_from_bcp': True}
2025-03-22 22:56:22,873 : INFO : EventManager : Event: ======'slide_lastgame_slide_created'====== Args={'_from_bcp': True}
2025-03-22 22:56:22,887 : INFO : EventManager : Event: ======'slide_lastgame_slide_active'====== Args={'_from_bcp': True}
2025-03-22 22:56:27,849 : INFO : EventManager : Event: ======'slide_ship_slide_removed'====== Args={'_from_bcp': True}
2025-03-22 22:56:27,859 : INFO : EventManager : Event: ======'slide_ship_slide_created'====== Args={'_from_bcp': True}
2025-03-22 22:56:27,862 : INFO : EventManager : Event: ======'slide_ship_slide_active'====== Args={'_from_bcp': True}
2025-03-22 22:56:32,849 : INFO : EventManager : Event: ======'slide_starting_slide_removed'====== Args={'_from_bcp': True}
2025-03-22 22:56:32,855 : INFO : EventManager : Event: ======'slide_starting_slide_created'====== Args={'_from_bcp': True}
2025-03-22 22:56:32,859 : INFO : EventManager : Event: ======'slide_starting_slide_active'====== Args={'_from_bcp': True}
2025-03-22 22:56:37,868 : INFO : EventManager : Event: ======'slide_company_slide_removed'====== Args={'_from_bcp': True}
2025-03-22 22:56:37,875 : INFO : EventManager : Event: ======'slide_company_slide_created'====== Args={'_from_bcp': True}
2025-03-22 22:56:37,880 : INFO : EventManager : Event: ======'slide_company_slide_active'====== Args={'_from_bcp': True}
2025-03-22 22:56:42,840 : INFO : EventManager : Event: ======'slide_lastgame_slide_removed'====== Args={'_from_bcp': True}
2025-03-22 22:56:42,842 : INFO : EventManager : Event: ======'slide_lastgame_slide_created'====== Args={'_from_bcp': True}
2025-03-22 22:56:42,842 : INFO : EventManager : Event: ======'slide_lastgame_slide_active'====== Args={'_from_bcp': True}
2025-03-22 22:56:47,837 : INFO : EventManager : Event: ======'slide_ship_slide_removed'====== Args={'_from_bcp': True}
2025-03-22 22:56:47,842 : INFO : EventManager : Event: ======'slide_ship_slide_created'====== Args={'_from_bcp': True}
2025-03-22 22:56:47,852 : INFO : EventManager : Event: ======'slide_ship_slide_active'====== Args={'_from_bcp': True}
2025-03-22 22:56:50,283 : INFO : SwitchController : <<<<<<< 's_trough_enter' active >>>>>>>
2025-03-22 22:56:50,298 : INFO : SwitchController : <<<<<<< 's_trough_enter' inactive >>>>>>>
2025-03-22 22:56:52,877 : INFO : EventManager : Event: ======'slide_starting_slide_removed'====== Args={'_from_bcp': True}
2025-03-22 22:56:52,892 : INFO : EventManager : Event: ======'slide_starting_slide_created'====== Args={'_from_bcp': True}
2025-03-22 22:56:52,916 : INFO : EventManager : Event: ======'slide_starting_slide_active'====== Args={'_from_bcp': True}
2025-03-22 22:56:56,332 : INFO : SwitchController : <<<<<<< 's_launcher_button' active >>>>>>>
2025-03-22 22:56:56,434 : INFO : SwitchController : <<<<<<< 's_launcher_button' inactive >>>>>>>
2025-03-22 22:56:56,517 : INFO : SwitchController : <<<<<<< 's_launcher_button' active >>>>>>>
2025-03-22 22:56:56,628 : INFO : SwitchController : <<<<<<< 's_launcher_button' inactive >>>>>>>
2025-03-22 22:56:56,712 : INFO : SwitchController : <<<<<<< 's_launcher_button' active >>>>>>>
2025-03-22 22:56:56,820 : INFO : SwitchController : <<<<<<< 's_launcher_button' inactive >>>>>>>
2025-03-22 22:56:56,914 : INFO : SwitchController : <<<<<<< 's_launcher_button' active >>>>>>>
2025-03-22 22:56:57,011 : INFO : SwitchController : <<<<<<< 's_launcher_button' inactive >>>>>>>
2025-03-22 22:56:57,085 : INFO : SwitchController : <<<<<<< 's_launcher_button' active >>>>>>>
2025-03-22 22:56:57,194 : INFO : SwitchController : <<<<<<< 's_launcher_button' inactive >>>>>>>
2025-03-22 22:56:57,266 : INFO : SwitchController : <<<<<<< 's_launcher_button' active >>>>>>>
2025-03-22 22:56:57,363 : INFO : SwitchController : <<<<<<< 's_launcher_button' inactive >>>>>>>
2025-03-22 22:56:57,434 : INFO : SwitchController : <<<<<<< 's_launcher_button' active >>>>>>>
2025-03-22 22:56:57,536 : INFO : SwitchController : <<<<<<< 's_launcher_button' inactive >>>>>>>
2025-03-22 22:56:57,796 : INFO : SwitchController : <<<<<<< 's_launcher_button' active >>>>>>>
2025-03-22 22:56:57,859 : INFO : EventManager : Event: ======'slide_company_slide_removed'====== Args={'_from_bcp': True}
2025-03-22 22:56:57,860 : INFO : EventManager : Event: ======'slide_company_slide_created'====== Args={'_from_bcp': True}
2025-03-22 22:56:57,860 : INFO : EventManager : Event: ======'slide_company_slide_active'====== Args={'_from_bcp': True}
2025-03-22 22:56:57,881 : INFO : SwitchController : <<<<<<< 's_launcher_button' inactive >>>>>>>
2025-03-22 22:56:58,010 : INFO : SwitchController : <<<<<<< 's_launcher_button' active >>>>>>>
2025-03-22 22:56:58,102 : INFO : SwitchController : <<<<<<< 's_launcher_button' inactive >>>>>>>
2025-03-22 22:56:58,200 : INFO : SwitchController : <<<<<<< 's_launcher_button' active >>>>>>>
2025-03-22 22:56:58,298 : INFO : SwitchController : <<<<<<< 's_launcher_button' inactive >>>>>>>
2025-03-22 22:56:58,371 : INFO : SwitchController : <<<<<<< 's_launcher_button' active >>>>>>>
2025-03-22 22:56:58,481 : INFO : SwitchController : <<<<<<< 's_launcher_button' inactive >>>>>>>
2025-03-22 22:56:58,566 : INFO : SwitchController : <<<<<<< 's_launcher_button' active >>>>>>>
2025-03-22 22:56:58,659 : INFO : SwitchController : <<<<<<< 's_launcher_button' inactive >>>>>>>
2025-03-22 22:56:58,736 : INFO : SwitchController : <<<<<<< 's_launcher_button' active >>>>>>>
2025-03-22 22:56:58,816 : INFO : SwitchController : <<<<<<< 's_launcher_button' inactive >>>>>>>
2025-03-22 22:56:59,147 : INFO : SwitchController : <<<<<<< 's_launcher_button' active >>>>>>>
2025-03-22 22:56:59,222 : INFO : SwitchController : <<<<<<< 's_launcher_button' inactive >>>>>>>
2025-03-22 22:56:59,330 : INFO : SwitchController : <<<<<<< 's_launcher_button' active >>>>>>>
2025-03-22 22:56:59,415 : INFO : SwitchController : <<<<<<< 's_launcher_button' inactive >>>>>>>
2025-03-22 22:57:02,853 : INFO : EventManager : Event: ======'slide_lastgame_slide_removed'====== Args={'_from_bcp': True}
2025-03-22 22:57:02,858 : INFO : EventManager : Event: ======'slide_lastgame_slide_created'====== Args={'_from_bcp': True}
2025-03-22 22:57:02,859 : INFO : EventManager : Event: ======'slide_lastgame_slide_active'====== Args={'_from_bcp': True}
2025-03-22 22:57:07,857 : INFO : EventManager : Event: ======'slide_ship_slide_removed'====== Args={'_from_bcp': True}
2025-03-22 22:57:07,862 : INFO : EventManager : Event: ======'slide_ship_slide_created'====== Args={'_from_bcp': True}
2025-03-22 22:57:07,866 : INFO : EventManager : Event: ======'slide_ship_slide_active'====== Args={'_from_bcp': True}
2025-03-22 22:57:08,798 : INFO : SwitchController : <<<<<<< 's_start_button' active >>>>>>>
2025-03-22 22:57:08,850 : INFO : SwitchController : <<<<<<< 's_start_button' inactive >>>>>>>
2025-03-22 22:57:08,850 : INFO : EventManager : Event: ======'request_to_start_game'====== Args={}
2025-03-22 22:57:08,851 : INFO : EventManager : Event: ======'game_start'====== Args={'buttons': [], 'hold_time': 0.0629999999946449}
2025-03-22 22:57:08,851 : INFO : EventManager : Event: ======'mode_game_will_start'====== Args={'buttons': [], 'hold_time': 0.0629999999946449}
2025-03-22 22:57:08,852 : INFO : EventManager : Event: ======'mode_game_starting'====== Args={'buttons': [], 'hold_time': 0.0629999999946449}
2025-03-22 22:57:08,852 : INFO : EventManager : Event: ======'mode_attract_will_stop'====== Args={}
2025-03-22 22:57:08,852 : INFO : EventManager : Event: ======'mode_attract_stopping'====== Args={}
2025-03-22 22:57:08,852 : INFO : Mode.attract : Stopped.
2025-03-22 22:57:08,853 : INFO : EventManager : Event: ======'modes_active_modes_changed'====== Args={}
2025-03-22 22:57:08,853 : INFO : EventManager : Event: ======'mode_attract_stopped'====== Args={}
2025-03-22 22:57:08,853 : INFO : EventManager : Event: ======'clear'====== Args={'key': 'attract'}
2025-03-22 22:57:08,853 : INFO : Mode.game : Started. Priority: 20
2025-03-22 22:57:08,854 : INFO : EventManager : Event: ======'modes_active_modes_changed'====== Args={}
2025-03-22 22:57:08,854 : INFO : EventManager : Event: ======'mode_game_started'====== Args={'buttons': [], 'hold_time': 0.0629999999946449}
2025-03-22 22:57:08,865 : INFO : EventManager : Event: ======'game_will_start'====== Args={}
2025-03-22 22:57:08,866 : INFO : EventManager : Event: ======'game_starting'====== Args={'game': <Mode.game>}
2025-03-22 22:57:08,866 : INFO : EventManager : Unordered handler for class <Auditor> on event game_ended with priority 1. Handlers: [RegisteredHandler(callback=<bound method Auditor.disable of <Auditor>>, priority=1, kwargs={}, key=UUID('201f06a8-7802-4a29-a2e1-69217b1aaba7'), condition=None, blocking_facility=None), RegisteredHandler(callback=<bound method Auditor._save_audits of <Auditor>>, priority=1, kwargs={}, key=UUID('1a507cda-1474-48c8-b581-873613c7f0d1'), condition=None, blocking_facility=None)]. The order of those handlers is not defined and they will be executed in random order. This might lead to race conditions and potential bugs.
2025-03-22 22:57:08,866 : INFO : EventManager : Event: ======'player_add_request'====== Args={}
2025-03-22 22:57:08,867 : INFO : EventManager : Event: ======'player_will_add'====== Args={'number': 1}
2025-03-22 22:57:08,867 : INFO : EventManager : Event: ======'player_adding'====== Args={'player': <Player 1>, 'number': 1}
2025-03-22 22:57:08,867 : INFO : EventManager : Event: ======'player_added'====== Args={'player': <Player 1>, 'num': 1}
2025-03-22 22:57:08,868 : INFO : Mode.game : Player added successfully. Total players: 1
2025-03-22 22:57:08,868 : INFO : EventManager : Event: ======'player_index'====== Args={'value': 0, 'prev_value': 0, 'change': 0, 'player_num': 1}
2025-03-22 22:57:08,868 : INFO : EventManager : Event: ======'player_number'====== Args={'value': 1, 'prev_value': 1, 'change': 0, 'player_num': 1}
2025-03-22 22:57:08,869 : INFO : EventManager : Event: ======'player_score'====== Args={'value': 0, 'prev_value': 0, 'change': 0, 'player_num': 1}
2025-03-22 22:57:08,869 : INFO : EventManager : Event: ======'slide_starting_slide_removed'====== Args={'_from_bcp': True}
2025-03-22 22:57:08,869 : INFO : EventManager : Event: ======'slide_company_slide_removed'====== Args={'_from_bcp': True}
2025-03-22 22:57:08,869 : INFO : EventManager : Event: ======'slide_lastgame_slide_removed'====== Args={'_from_bcp': True}
2025-03-22 22:57:08,869 : INFO : EventManager : Event: ======'game_started'====== Args={}
2025-03-22 22:57:08,881 : INFO : EventManager : Event: ======'player_turn_will_start'====== Args={'player': <Player 1>, 'number': 1}
2025-03-22 22:57:08,884 : INFO : EventManager : Event: ======'slide_ship_slide_removed'====== Args={'_from_bcp': True}
2025-03-22 22:57:08,884 : INFO : EventManager : Event: ======'slide_welcome_slide_active'====== Args={'_from_bcp': True}
2025-03-22 22:57:08,884 : INFO : EventManager : Event: ======'player_turn_starting'====== Args={'player': <Player 1>, 'number': 1}
2025-03-22 22:57:08,885 : INFO : EventManager : Event: ======'player_ball'====== Args={'value': 1, 'prev_value': 0, 'change': 1, 'player_num': 1}
2025-03-22 22:57:08,885 : INFO : EventManager : Event: ======'player_turn_started'====== Args={'player': <Player 1>, 'number': 1}
2025-03-22 22:57:08,887 : INFO : EventManager : Event: ======'ball_will_start'====== Args={'player': 1, 'ball': 1, 'balls_remaining': 2, 'is_extra_ball': False}
2025-03-22 22:57:08,891 : INFO : EventManager : Event: ======'ball_starting'====== Args={'player': 1, 'ball': 1, 'balls_remaining': 2, 'is_extra_ball': False}
2025-03-22 22:57:08,892 : INFO : EventManager : Event: ======'balls_in_play'====== Args={'balls': 1}
2025-03-22 22:57:08,892 : INFO : EventManager : Event: ======'ball_started'====== Args={'player': 1, 'ball': 1, 'balls_remaining': 2, 'is_extra_ball': False}
2025-03-22 22:57:08,892 : INFO : EventManager : Event: ======'mode_intro_will_start'====== Args={'player': 1, 'ball': 1, 'balls_remaining': 2, 'is_extra_ball': False}
2025-03-22 22:57:08,893 : INFO : EventManager : Event: ======'mode_intro_starting'====== Args={'player': 1, 'ball': 1, 'balls_remaining': 2, 'is_extra_ball': False}
2025-03-22 22:57:08,893 : INFO : Mode.intro : Started. Priority: 200
2025-03-22 22:57:08,893 : INFO : EventManager : Event: ======'modes_active_modes_changed'====== Args={}
2025-03-22 22:57:08,893 : INFO : EventManager : Event: ======'mode_intro_started'====== Args={'player': 1, 'ball': 1, 'balls_remaining': 2, 'is_extra_ball': False}
2025-03-22 22:57:08,894 : INFO : EventManager : Event: ======'single_player_ball_started'====== Args={}
2025-03-22 22:57:08,931 : INFO : EventManager : Event: ======'ball_start_target'====== Args={'target': 'playfield'}
2025-03-22 22:57:08,932 : INFO : EventManager : Event: ======'slide_objective_slide_created'====== Args={'_from_bcp': True}
2025-03-22 22:57:08,932 : INFO : EventManager : Event: ======'slide_objective_slide_active'====== Args={'_from_bcp': True}
2025-03-22 22:57:08,932 : INFO : ball_device.bd_plunger_lane : Setting up player-controlled eject. Balls: 1, Target: <playfield.playfield>, player_controlled_eject_event: s_launcher_button_active{mode.base.active}
2025-03-22 22:57:08,932 : INFO : EventManager : Event: ======'balldevice_balls_available'====== Args={}
2025-03-22 22:57:08,932 : INFO : ball_device.bd_trough : State: waiting_for_target_ready
2025-03-22 22:57:08,932 : INFO : EventManager : Event: ======'balldevice_bd_trough_ball_eject_attempt'====== Args={'balls': 1, 'target': <ball_device.bd_plunger_lane>, 'source': <ball_device.bd_trough>, 'mechanical_eject': True, 'num_attempts': 0}
2025-03-22 22:57:08,933 : INFO : ball_device.bd_plunger_lane : State: waiting_for_ball
2025-03-22 22:57:08,933 : INFO : ball_device.bd_trough : State: ejecting
2025-03-22 22:57:08,933 : INFO : ball_device.bd_trough : Ejecting ball to <ball_device.bd_plunger_lane>
2025-03-22 22:57:08,933 : INFO : EventManager : Event: ======'balldevice_bd_trough_ejecting_ball'====== Args={'balls': 1, 'target': <ball_device.bd_plunger_lane>, 'source': <ball_device.bd_trough>, 'mechanical_eject': True, 'num_attempts': 0}
2025-03-22 22:57:08,934 : INFO : ball_device.bd_trough : Wait for ball to leave device
2025-03-22 22:57:08,934 : INFO : coil.c_trough_release : Pulsing Driver for 20ms (1.0 pulse_power)
2025-03-22 22:57:08,934 : INFO : SwitchController : <<<<<<< 's_trough1' inactive >>>>>>>
2025-03-22 22:57:08,939 : INFO : ball_device.bd_trough : State: ball_left
2025-03-22 22:57:08,940 : INFO : ball_device.bd_trough : Ball left
2025-03-22 22:57:08,940 : INFO : ball_device.bd_trough : Wait for confirm with timeout 3.0
2025-03-22 22:57:09,026 : INFO : SwitchController : <<<<<<< 's_plunger_lane' active >>>>>>>
2025-03-22 22:57:09,026 : INFO : EventManager : Event: ======'machine_var_audits_switches_s_plunger_lane'====== Args={'value': 157, 'prev_value': 156, 'change': 1}
2025-03-22 22:57:09,524 : INFO : ball_device.bd_plunger_lane : Received ball from <ball_device.bd_trough>
2025-03-22 22:57:09,525 : INFO : EventManager : Event: ======'balldevice_bd_plunger_lane_ball_enter'====== Args={'new_balls': 1, 'unclaimed_balls': 0, 'new_available_balls': 0, 'device': <ball_device.bd_plunger_lane>}
2025-03-22 22:57:09,526 : INFO : EventManager : Event: ======'balldevice_bd_plunger_lane_ball_entered'====== Args={'new_balls': 0, 'device': <ball_device.bd_plunger_lane>}
2025-03-22 22:57:09,527 : INFO : EventManager : Event: ======'balldevice_bd_plunger_lane_ball_count_changed'====== Args={'balls': 1}
2025-03-22 22:57:09,527 : INFO : ball_device.bd_trough : Got eject confirm
2025-03-22 22:57:09,527 : INFO : ball_device.bd_trough : Eject successful
2025-03-22 22:57:09,527 : INFO : EventManager : Event: ======'balldevice_bd_trough_ball_eject_success'====== Args={'balls': 1, 'target': <ball_device.bd_plunger_lane>}
2025-03-22 22:57:09,530 : INFO : EventManager : Event: ======'balldevice_bd_trough_ball_count_changed'====== Args={'balls': 2}
2025-03-22 22:57:09,531 : INFO : ball_device.bd_trough : State: idle
2025-03-22 22:57:09,535 : INFO : ball_device.bd_plunger_lane : State: waiting_for_target_ready
2025-03-22 22:57:09,536 : INFO : EventManager : Event: ======'balldevice_bd_plunger_lane_ball_eject_attempt'====== Args={'balls': 1, 'target': <playfield.playfield>, 'source': <ball_device.bd_plunger_lane>, 'mechanical_eject': True, 'num_attempts': 0}
2025-03-22 22:57:09,538 : INFO : ball_device.bd_plunger_lane : State: ejecting
2025-03-22 22:57:09,539 : INFO : ball_device.bd_plunger_lane : Ejecting ball to <playfield.playfield>
2025-03-22 22:57:09,541 : INFO : EventManager : Event: ======'balldevice_bd_plunger_lane_ejecting_ball'====== Args={'balls': 1, 'target': <playfield.playfield>, 'source': <ball_device.bd_plunger_lane>, 'mechanical_eject': True, 'num_attempts': 0}
2025-03-22 22:57:09,545 : INFO : ball_device.bd_plunger_lane : Wait for ball to leave device
2025-03-22 22:57:13,962 : INFO : EventManager : Event: ======'slide_objective_slide_removed'====== Args={'_from_bcp': True}
2025-03-22 22:57:13,964 : INFO : EventManager : Event: ======'slide_objective_slide_created'====== Args={'_from_bcp': True}
2025-03-22 22:57:13,967 : INFO : EventManager : Event: ======'slide_objective_slide_active'====== Args={'_from_bcp': True}
2025-03-22 22:57:18,964 : INFO : EventManager : Event: ======'slide_objective_slide_removed'====== Args={'_from_bcp': True}
2025-03-22 22:57:18,966 : INFO : EventManager : Event: ======'slide_objective_slide_created'====== Args={'_from_bcp': True}
2025-03-22 22:57:18,967 : INFO : EventManager : Event: ======'slide_objective_slide_active'====== Args={'_from_bcp': True}
2025-03-22 22:57:20,237 : INFO : SwitchController : <<<<<<< 's_launcher_button' active >>>>>>>
2025-03-22 22:57:20,237 : INFO : EventManager : Event: ======'s_launcher_button_active'====== Args={}
2025-03-22 22:57:20,237 : INFO : EventManager : Event: ======'machine_var_audits_switches_s_launcher_button'====== Args={'value': 128, 'prev_value': 127, 'change': 1}
2025-03-22 22:57:20,342 : INFO : SwitchController : <<<<<<< 's_launcher_button' inactive >>>>>>>
2025-03-22 22:57:20,489 : INFO : SwitchController : <<<<<<< 's_launcher_button' active >>>>>>>
2025-03-22 22:57:20,489 : INFO : EventManager : Event: ======'s_launcher_button_active'====== Args={}
2025-03-22 22:57:20,490 : INFO : EventManager : Event: ======'machine_var_audits_switches_s_launcher_button'====== Args={'value': 129, 'prev_value': 128, 'change': 1}
2025-03-22 22:57:20,581 : INFO : SwitchController : <<<<<<< 's_launcher_button' inactive >>>>>>>
2025-03-22 22:57:20,721 : INFO : SwitchController : <<<<<<< 's_launcher_button' active >>>>>>>
2025-03-22 22:57:20,722 : INFO : EventManager : Event: ======'s_launcher_button_active'====== Args={}
2025-03-22 22:57:20,723 : INFO : EventManager : Event: ======'machine_var_audits_switches_s_launcher_button'====== Args={'value': 130, 'prev_value': 129, 'change': 1}
2025-03-22 22:57:20,804 : INFO : SwitchController : <<<<<<< 's_launcher_button' inactive >>>>>>>
2025-03-22 22:57:20,938 : INFO : SwitchController : <<<<<<< 's_launcher_button' active >>>>>>>
2025-03-22 22:57:20,938 : INFO : EventManager : Event: ======'s_launcher_button_active'====== Args={}
2025-03-22 22:57:20,938 : INFO : EventManager : Event: ======'machine_var_audits_switches_s_launcher_button'====== Args={'value': 131, 'prev_value': 130, 'change': 1}
2025-03-22 22:57:21,038 : INFO : SwitchController : <<<<<<< 's_launcher_button' inactive >>>>>>>
2025-03-22 22:57:21,139 : INFO : SwitchController : <<<<<<< 's_launcher_button' active >>>>>>>
2025-03-22 22:57:21,139 : INFO : EventManager : Event: ======'s_launcher_button_active'====== Args={}
2025-03-22 22:57:21,141 : INFO : EventManager : Event: ======'machine_var_audits_switches_s_launcher_button'====== Args={'value': 132, 'prev_value': 131, 'change': 1}
2025-03-22 22:57:21,220 : INFO : SwitchController : <<<<<<< 's_launcher_button' inactive >>>>>>>
2025-03-22 22:57:21,315 : INFO : SwitchController : <<<<<<< 's_launcher_button' active >>>>>>>
2025-03-22 22:57:21,317 : INFO : EventManager : Event: ======'s_launcher_button_active'====== Args={}
2025-03-22 22:57:21,318 : INFO : EventManager : Event: ======'machine_var_audits_switches_s_launcher_button'====== Args={'value': 133, 'prev_value': 132, 'change': 1}
2025-03-22 22:57:21,404 : INFO : SwitchController : <<<<<<< 's_launcher_button' inactive >>>>>>>
2025-03-22 22:57:21,499 : INFO : SwitchController : <<<<<<< 's_launcher_button' active >>>>>>>
2025-03-22 22:57:21,499 : INFO : EventManager : Event: ======'s_launcher_button_active'====== Args={}
2025-03-22 22:57:21,501 : INFO : EventManager : Event: ======'machine_var_audits_switches_s_launcher_button'====== Args={'value': 134, 'prev_value': 133, 'change': 1}
2025-03-22 22:57:21,584 : INFO : SwitchController : <<<<<<< 's_launcher_button' inactive >>>>>>>
2025-03-22 22:57:21,658 : INFO : SwitchController : <<<<<<< 's_launcher_button' active >>>>>>>
2025-03-22 22:57:21,658 : INFO : EventManager : Event: ======'s_launcher_button_active'====== Args={}
2025-03-22 22:57:21,658 : INFO : EventManager : Event: ======'machine_var_audits_switches_s_launcher_button'====== Args={'value': 135, 'prev_value': 134, 'change': 1}
2025-03-22 22:57:21,747 : INFO : SwitchController : <<<<<<< 's_launcher_button' inactive >>>>>>>
2025-03-22 22:57:23,901 : INFO : EventManager : Event: ======'mode_intro_stopped'====== Args={}
2025-03-22 22:57:23,927 : INFO : EventManager : Event: ======'mode_base_will_start'====== Args={}
2025-03-22 22:57:23,931 : INFO : EventManager : Event: ======'mode_base_starting'====== Args={}
2025-03-22 22:57:23,933 : INFO : Mode.base : Started. Priority: 100
2025-03-22 22:57:23,933 : INFO : EventManager : Event: ======'modes_active_modes_changed'====== Args={}
2025-03-22 22:57:23,934 : INFO : EventManager : Event: ======'mode_base_started'====== Args={}
2025-03-22 22:57:23,937 : INFO : EventManager : Event: ======'cmd_flipper_enable'====== Args={'priority': 0}
2025-03-22 22:57:23,938 : INFO : EventManager : Event: ======'cmd_launcher_enable'====== Args={'priority': 0}
2025-03-22 22:57:24,000 : INFO : EventManager : Event: ======'slide_objective_slide_removed'====== Args={'_from_bcp': True}
2025-03-22 22:57:24,000 : INFO : EventManager : Event: ======'slide_welcome_slide_active'====== Args={'_from_bcp': True}
2025-03-22 22:57:24,038 : INFO : EventManager : Event: ======'slide_base.slide_player-mode_base_started_created'====== Args={'_from_bcp': True}
2025-03-22 22:57:24,045 : INFO : EventManager : Event: ======'slide_base.slide_player-mode_base_started_active'====== Args={'_from_bcp': True}
2025-03-22 22:57:31,800 : INFO : SwitchController : <<<<<<< 's_launcher_button' active >>>>>>>
2025-03-22 22:57:31,801 : INFO : EventManager : Event: ======'s_launcher_button_active'====== Args={}
2025-03-22 22:57:31,801 : INFO : EventManager : Event: ======'machine_var_audits_switches_s_launcher_button'====== Args={'value': 136, 'prev_value': 135, 'change': 1}
2025-03-22 22:57:31,816 : INFO : coil.c_autolauncher : Pulsing Driver for 20ms (1.0 pulse_power)
2025-03-22 22:57:31,817 : INFO : SwitchController : <<<<<<< 's_plunger_lane' inactive >>>>>>>
2025-03-22 22:57:31,832 : INFO : ball_device.bd_plunger_lane : State: ball_left
2025-03-22 22:57:31,834 : INFO : ball_device.bd_plunger_lane : Ball left
2025-03-22 22:57:31,834 : INFO : ball_device.bd_plunger_lane : Wait for confirm with timeout 3.0
2025-03-22 22:57:31,849 : INFO : SwitchController : <<<<<<< 's_launcher_button' inactive >>>>>>>
2025-03-22 22:57:31,883 : INFO : SwitchController : <<<<<<< 's_playfield_entry' active >>>>>>>
2025-03-22 22:57:31,883 : INFO : EventManager : Event: ======'sw_playfield_active'====== Args={}
2025-03-22 22:57:31,883 : INFO : EventManager : Event: ======'machine_var_audits_switches_s_playfield_entry'====== Args={'value': 210, 'prev_value': 209, 'change': 1}
2025-03-22 22:57:31,885 : INFO : EventManager : Event: ======'playfield_active'====== Args={}
2025-03-22 22:57:31,894 : INFO : SwitchController : <<<<<<< 's_playfield_entry' inactive >>>>>>>
2025-03-22 22:57:31,914 : INFO : ball_device.bd_plunger_lane : Got eject confirm
2025-03-22 22:57:31,914 : INFO : ball_device.bd_plunger_lane : Eject successful
2025-03-22 22:57:31,914 : INFO : EventManager : Event: ======'balldevice_bd_plunger_lane_ball_eject_success'====== Args={'balls': 1, 'target': <playfield.playfield>}
2025-03-22 22:57:31,915 : INFO : EventManager : Event: ======'balldevice_playfield_ball_enter'====== Args={'new_balls': 1, 'unclaimed_balls': 1, 'device': <playfield.playfield>}
2025-03-22 22:57:31,916 : INFO : EventManager : Event: ======'playfield_ball_count_change'====== Args={'balls': 1, 'change': 1}
2025-03-22 22:57:31,916 : INFO : EventManager : Event: ======'balldevice_bd_plunger_lane_ball_count_changed'====== Args={'balls': 0}
2025-03-22 22:57:32,318 : INFO : ball_device.bd_plunger_lane : State: idle
2025-03-22 22:57:55,526 : INFO : SwitchController : <<<<<<< 's_Lane1' active >>>>>>>
2025-03-22 22:57:55,528 : INFO : EventManager : Event: ======'sw_playfield_active'====== Args={}
2025-03-22 22:57:55,530 : INFO : EventManager : Event: ======'machine_var_audits_switches_s_Lane1'====== Args={'value': 38, 'prev_value': 37, 'change': 1}
2025-03-22 22:57:55,647 : INFO : SwitchController : <<<<<<< 's_Lane1' inactive >>>>>>>
2025-03-22 22:58:01,507 : INFO : SwitchController : <<<<<<< 's_Lane4' active >>>>>>>
2025-03-22 22:58:01,507 : INFO : EventManager : Event: ======'sw_playfield_active'====== Args={}
2025-03-22 22:58:01,507 : INFO : EventManager : Event: ======'machine_var_audits_switches_s_Lane4'====== Args={'value': 28, 'prev_value': 27, 'change': 1}
2025-03-22 22:58:01,605 : INFO : SwitchController : <<<<<<< 's_Lane4' inactive >>>>>>>
2025-03-22 22:58:17,708 : INFO : SwitchController : <<<<<<< 's_Target1' active >>>>>>>
2025-03-22 22:58:17,709 : INFO : EventManager : Event: ======'s_Target1_active'====== Args={}
2025-03-22 22:58:17,710 : INFO : EventManager : Event: ======'sw_playfield_active'====== Args={}
2025-03-22 22:58:17,710 : INFO : EventManager : Event: ======'machine_var_audits_switches_s_Target1'====== Args={'value': 69, 'prev_value': 68, 'change': 1}
2025-03-22 22:58:17,712 : INFO : EventManager : Event: ======'player_score'====== Args={'value': 250, 'prev_value': 0, 'change': 250, 'player_num': 1, 'source': 'base'}
2025-03-22 22:58:17,813 : INFO : SwitchController : <<<<<<< 's_Target1' inactive >>>>>>>
2025-03-22 22:58:18,309 : INFO : SwitchController : <<<<<<< 's_Target2' active >>>>>>>
2025-03-22 22:58:18,309 : INFO : EventManager : Event: ======'s_Target2_active'====== Args={}
2025-03-22 22:58:18,311 : INFO : EventManager : Event: ======'sw_playfield_active'====== Args={}
2025-03-22 22:58:18,311 : INFO : EventManager : Event: ======'machine_var_audits_switches_s_Target2'====== Args={'value': 62, 'prev_value': 61, 'change': 1}
2025-03-22 22:58:18,311 : INFO : EventManager : Event: ======'player_score'====== Args={'value': 750, 'prev_value': 250, 'change': 500, 'player_num': 1, 'source': 'base'}
2025-03-22 22:58:18,405 : INFO : SwitchController : <<<<<<< 's_Target2' inactive >>>>>>>
2025-03-22 22:58:18,740 : INFO : SwitchController : <<<<<<< 's_Target3' active >>>>>>>
2025-03-22 22:58:18,741 : INFO : EventManager : Event: ======'s_Target3_active'====== Args={}
2025-03-22 22:58:18,741 : INFO : EventManager : Event: ======'sw_playfield_active'====== Args={}
2025-03-22 22:58:18,741 : INFO : EventManager : Event: ======'machine_var_audits_switches_s_Target3'====== Args={'value': 67, 'prev_value': 66, 'change': 1}
2025-03-22 22:58:18,743 : INFO : EventManager : Event: ======'player_score'====== Args={'value': 1750, 'prev_value': 750, 'change': 1000, 'player_num': 1, 'source': 'base'}
2025-03-22 22:58:18,841 : INFO : SwitchController : <<<<<<< 's_Target3' inactive >>>>>>>
2025-03-22 22:58:19,377 : INFO : SwitchController : <<<<<<< 's_Target4' active >>>>>>>
2025-03-22 22:58:19,377 : INFO : EventManager : Event: ======'s_Target4_active'====== Args={}
2025-03-22 22:58:19,379 : INFO : EventManager : Event: ======'sw_playfield_active'====== Args={}
2025-03-22 22:58:19,379 : INFO : EventManager : Event: ======'machine_var_audits_switches_s_Target4'====== Args={'value': 55, 'prev_value': 54, 'change': 1}
2025-03-22 22:58:19,381 : INFO : EventManager : Event: ======'player_score'====== Args={'value': 3250, 'prev_value': 1750, 'change': 1500, 'player_num': 1, 'source': 'base'}
2025-03-22 22:58:19,488 : INFO : SwitchController : <<<<<<< 's_Target4' inactive >>>>>>>
2025-03-22 22:58:19,911 : INFO : SwitchController : <<<<<<< 's_Target4' active >>>>>>>
2025-03-22 22:58:19,911 : INFO : EventManager : Event: ======'machine_var_audits_switches_s_Target4'====== Args={'value': 56, 'prev_value': 55, 'change': 1}
2025-03-22 22:58:20,017 : INFO : SwitchController : <<<<<<< 's_Target4' inactive >>>>>>>
2025-03-22 22:58:20,109 : INFO : SwitchController : <<<<<<< 's_Target4' active >>>>>>>
2025-03-22 22:58:20,109 : INFO : EventManager : Event: ======'machine_var_audits_switches_s_Target4'====== Args={'value': 57, 'prev_value': 56, 'change': 1}
2025-03-22 22:58:20,233 : INFO : SwitchController : <<<<<<< 's_Target4' inactive >>>>>>>
2025-03-22 22:58:20,322 : INFO : SwitchController : <<<<<<< 's_Target4' active >>>>>>>
2025-03-22 22:58:20,322 : INFO : EventManager : Event: ======'machine_var_audits_switches_s_Target4'====== Args={'value': 58, 'prev_value': 57, 'change': 1}
2025-03-22 22:58:20,434 : INFO : SwitchController : <<<<<<< 's_Target4' inactive >>>>>>>
2025-03-22 22:58:21,035 : INFO : SwitchController : <<<<<<< 's_Target3' active >>>>>>>
2025-03-22 22:58:21,035 : INFO : EventManager : Event: ======'s_Target3_active'====== Args={}
2025-03-22 22:58:21,035 : INFO : EventManager : Event: ======'sw_playfield_active'====== Args={}
2025-03-22 22:58:21,035 : INFO : EventManager : Event: ======'machine_var_audits_switches_s_Target3'====== Args={'value': 68, 'prev_value': 67, 'change': 1}
2025-03-22 22:58:21,037 : INFO : EventManager : Event: ======'player_score'====== Args={'value': 4250, 'prev_value': 3250, 'change': 1000, 'player_num': 1, 'source': 'base'}
2025-03-22 22:58:21,166 : INFO : SwitchController : <<<<<<< 's_Target3' inactive >>>>>>>
2025-03-22 22:58:21,266 : INFO : SwitchController : <<<<<<< 's_Target3' active >>>>>>>
2025-03-22 22:58:21,267 : INFO : EventManager : Event: ======'machine_var_audits_switches_s_Target3'====== Args={'value': 69, 'prev_value': 68, 'change': 1}
2025-03-22 22:58:21,350 : INFO : SwitchController : <<<<<<< 's_Target3' inactive >>>>>>>
