2025-02-24 13:52:17,640 : INFO : root : Loading config.
2025-02-24 13:52:17,643 : INFO : YamlMultifileConfigLoader : Machine config file #1: config.yaml
2025-02-24 13:52:17,644 : WARNING : ConfigProcessor : Config file in cache changed: C:\Users\duffb\OneDrive\Documents\Python Envs\PinBallWW1\Machine\config\config.yaml
2025-02-24 13:52:17,644 : INFO : ConfigProcessor : Loading config from file C:\Users\duffb\.pyenv\pyenv-win\versions\3.11.0\Lib\site-packages\mpf\mpfconfig.yaml.
2025-02-24 13:52:17,652 : INFO : ConfigProcessor : Loading config: C:\Users\duffb\.pyenv\pyenv-win\versions\3.11.0\Lib\site-packages\mpf\mpfconfig.yaml
2025-02-24 13:52:17,653 : INFO : ConfigProcessor : Loading config from file C:\Users\duffb\OneDrive\Documents\Python Envs\PinBallWW1\Machine\config\config.yaml.
2025-02-24 13:52:17,669 : INFO : ConfigProcessor : Loading config: C:\Users\duffb\OneDrive\Documents\Python Envs\PinBallWW1\Machine\config\config.yaml
2025-02-24 13:52:17,671 : INFO : ConfigProcessor : Config file cache created: C:\Users\duffb\AppData\Local\Temp\cadfdee4981114acd6fff59d1071b59b.mpf_cache
2025-02-24 13:52:17,746 : INFO : ConfigProcessor : Loading config from cache: C:\Users\duffb\AppData\Local\Temp\2d51d76727b268a801d8dd7a18b89879.mpf_cache
2025-02-24 13:52:17,746 : INFO : ConfigProcessor : Loading config from cache: C:\Users\duffb\AppData\Local\Temp\9f058d482eac17116727d62a93500be7.mpf_cache
2025-02-24 13:52:17,747 : INFO : Machine : Mission Pinball Framework Core Engine v0.57.0
2025-02-24 13:52:17,747 : INFO : Machine : Command line arguments: {'no_load_cache': False, 'create_config_cache': True, 'bcp': True, 'configfile': ['config.yaml'], 'force_assets_load': False, 'platform_integration_test': False, 'jsonlogging': False, 'logfile': 'logs\\2025-02-24-13-52-17-mpf-T0SHIII.log', 'pause': False, 'production': False, 'text_ui': True, 'loglevel': 15, 'consoleloglevel': 20, 'force_platform': None, 'syslog_address': None, 'mc_file_name': None, 'no_sound': False}
2025-02-24 13:52:17,747 : INFO : Machine : MPF path: C:\Users\duffb\.pyenv\pyenv-win\versions\3.11.0\Lib\site-packages\mpf
2025-02-24 13:52:17,747 : INFO : Machine : Machine path: C:\Users\duffb\OneDrive\Documents\Python Envs\PinBallWW1\Machine
2025-02-24 13:52:17,747 : INFO : Machine : Platform: win32
2025-02-24 13:52:17,747 : INFO : Machine : Python executable location: C:\Users\duffb\.pyenv\pyenv-win\versions\3.11.0\python.exe
2025-02-24 13:52:17,747 : INFO : Machine : Python version: 3.11.0 (64-bit)
2025-02-24 13:52:17,749 : INFO : Machine : Initializing MPF...
2025-02-24 13:52:17,905 : INFO : EventManager : Event: ======'machine_var_credits_string'====== Args={'value': 'FREE PLAY', 'prev_value': None, 'change': True}
2025-02-24 13:52:17,947 : INFO : EventManager : Event: ======'machine_var_master_volume'====== Args={'value': 0.5, 'prev_value': None, 'change': True}
2025-02-24 13:52:17,947 : INFO : EventManager : Event: ======'machine_var_mpf_version'====== Args={'value': 'Mission Pinball Framework v0.57.0', 'prev_value': None, 'change': True}
2025-02-24 13:52:17,947 : INFO : EventManager : Event: ======'machine_var_mpf_extended_version'====== Args={'value': 'Mission Pinball Framework v0.57.0, Config version:6, Show version: 6, BCP version:1.1', 'prev_value': None, 'change': True}
2025-02-24 13:52:17,947 : INFO : EventManager : Event: ======'machine_var_python_version'====== Args={'value': '3.11.0', 'prev_value': None, 'change': True}
2025-02-24 13:52:17,958 : INFO : EventManager : Event: ======'machine_var_platform'====== Args={'value': 'Windows-10-10.0.26100-SP0', 'prev_value': None, 'change': True}
2025-02-24 13:52:17,958 : INFO : EventManager : Event: ======'machine_var_platform_system'====== Args={'value': 'Windows', 'prev_value': None, 'change': True}
2025-02-24 13:52:17,958 : INFO : EventManager : Event: ======'machine_var_platform_release'====== Args={'value': '10', 'prev_value': None, 'change': True}
2025-02-24 13:52:17,958 : INFO : EventManager : Event: ======'machine_var_platform_version'====== Args={'value': '10.0.26100', 'prev_value': None, 'change': True}
2025-02-24 13:52:17,959 : INFO : EventManager : Event: ======'machine_var_platform_machine'====== Args={'value': 'AMD64', 'prev_value': None, 'change': True}
2025-02-24 13:52:17,959 : INFO : EventManager : Event: ======'init_phase_1'====== Args={}
2025-02-24 13:52:17,968 : INFO : EventManager : Event: ======'init_phase_2'====== Args={}
2025-02-24 13:52:17,969 : INFO : EventManager : Event: ======'bcp_connection_attempt'====== Args={'name': 'local_display', 'host': 'localhost', 'port': 5050}
2025-02-24 13:52:17,971 : INFO : BCPClientSocket : Connecting BCP to 'local_display' at localhost:5050...
2025-02-24 13:52:20,010 : INFO : BCPClientSocket : Connected BCP to 'local_display' localhost:5050
2025-02-24 13:52:20,011 : INFO : EventManager : Event: ======'bcp_clients_connected'====== Args={}
2025-02-24 13:52:20,020 : INFO : EventManager : Event: ======'init_phase_3'====== Args={}
2025-02-24 13:52:20,108 : INFO : EventManager : Event: ======'init_phase_4'====== Args={}
2025-02-24 13:52:20,108 : INFO : EventManager : Event: ======'machine_var_mc_version'====== Args={'value': 'MPF-MC v0.57.1', 'prev_value': None, 'change': True}
2025-02-24 13:52:20,108 : INFO : EventManager : Event: ======'machine_var_mc_extended_version'====== Args={'value': 'MPF-MC v0.57.1 (config_version=6, BCP v1.1,                      Requires MPF API compatibility v0.57.0 or newer)', 'prev_value': None, 'change': True}
2025-02-24 13:52:20,127 : INFO : EventManager : Event: ======'machine_var_audits_switches_s_left_flipper'====== Args={'value': 0, 'prev_value': None, 'change': True}
2025-02-24 13:52:20,127 : INFO : EventManager : Event: ======'machine_var_audits_switches_s_right_flipper'====== Args={'value': 0, 'prev_value': None, 'change': True}
2025-02-24 13:52:20,127 : INFO : EventManager : Event: ======'machine_var_audits_events_game_started'====== Args={'value': 0, 'prev_value': None, 'change': True}
2025-02-24 13:52:20,127 : INFO : EventManager : Event: ======'machine_var_audits_events_game_ended'====== Args={'value': 0, 'prev_value': None, 'change': True}
2025-02-24 13:52:20,127 : INFO : EventManager : Event: ======'machine_var_audits_player_score'====== Args={'value': {'top': [], 'average': 0, 'total': 0}, 'prev_value': None, 'change': True}
2025-02-24 13:52:20,128 : INFO : EventManager : Event: ======'init_phase_5'====== Args={}
2025-02-24 13:52:20,133 : INFO : EventManager : Event: ======'init_done'====== Args={}
2025-02-24 13:52:20,133 : INFO : EventManager : Event: ======'machine_reset_phase_1'====== Args={}
2025-02-24 13:52:20,144 : INFO : EventManager : Event: ======'slide_welcome_slide_removed'====== Args={'_from_bcp': True}
2025-02-24 13:52:20,145 : INFO : EventManager : Event: ======'slide_welcome_slide_created'====== Args={'_from_bcp': True}
2025-02-24 13:52:20,146 : INFO : EventManager : Event: ======'slide_welcome_slide_active'====== Args={'_from_bcp': True}
2025-02-24 13:52:20,146 : INFO : EventManager : Event: ======'machine_reset_phase_2'====== Args={}
2025-02-24 13:52:20,146 : INFO : EventManager : Event: ======'machine_reset_phase_3'====== Args={}
2025-02-24 13:52:20,146 : INFO : EventManager : Event: ======'reset_complete'====== Args={}
2025-02-24 13:52:20,146 : INFO : EventManager : Event: ======'mode_attract_will_start'====== Args={}
2025-02-24 13:52:20,147 : INFO : EventManager : Event: ======'mode_attract_starting'====== Args={}
2025-02-24 13:52:20,147 : INFO : Mode.attract : Started. Priority: 10
2025-02-24 13:52:20,147 : INFO : EventManager : Event: ======'modes_active_modes_changed'====== Args={}
2025-02-24 13:52:20,147 : INFO : EventManager : Event: ======'mode_attract_started'====== Args={}
2025-02-24 13:52:20,147 : INFO : EventManager : Event: ======'collecting_balls_complete'====== Args={}
2025-02-24 13:52:20,163 : INFO : Machine : Starting the main run loop.
2025-02-24 13:52:56,617 : INFO : SwitchController : <<<<<<< 's_left_flipper' active >>>>>>>
2025-02-24 13:52:56,777 : INFO : SwitchController : <<<<<<< 's_left_flipper' inactive >>>>>>>
2025-02-24 13:52:56,879 : INFO : SwitchController : <<<<<<< 's_right_flipper' active >>>>>>>
2025-02-24 13:52:57,018 : INFO : SwitchController : <<<<<<< 's_right_flipper' inactive >>>>>>>
2025-02-24 13:52:57,316 : INFO : SwitchController : <<<<<<< 's_left_flipper' active >>>>>>>
2025-02-24 13:52:57,505 : INFO : SwitchController : <<<<<<< 's_left_flipper' inactive >>>>>>>
2025-02-24 13:52:57,758 : INFO : SwitchController : <<<<<<< 's_right_flipper' active >>>>>>>
2025-02-24 13:52:57,925 : INFO : SwitchController : <<<<<<< 's_right_flipper' inactive >>>>>>>
2025-02-24 13:52:58,074 : INFO : SwitchController : <<<<<<< 's_left_flipper' active >>>>>>>
2025-02-24 13:52:58,241 : INFO : SwitchController : <<<<<<< 's_left_flipper' inactive >>>>>>>
2025-02-24 13:52:58,242 : INFO : SwitchController : <<<<<<< 's_right_flipper' active >>>>>>>
2025-02-24 13:52:58,368 : INFO : SwitchController : <<<<<<< 's_left_flipper' active >>>>>>>
2025-02-24 13:52:58,369 : INFO : EventManager : Event: ======'flipper_cancel'====== Args={'triggering_group': 1, 'triggering_switch': 's_left_flipper'}
2025-02-24 13:52:58,402 : INFO : SwitchController : <<<<<<< 's_right_flipper' inactive >>>>>>>
2025-02-24 13:52:58,403 : INFO : EventManager : Event: ======'both_flippers_one'====== Args={'triggering_group': 2, 'triggering_switch': 's_right_flipper'}
2025-02-24 13:52:58,489 : INFO : SwitchController : <<<<<<< 's_left_flipper' inactive >>>>>>>
2025-02-24 13:52:58,491 : INFO : EventManager : Event: ======'both_flippers_inactive'====== Args={'triggering_group': 1, 'triggering_switch': 's_left_flipper'}
2025-02-24 13:52:58,541 : INFO : SwitchController : <<<<<<< 's_right_flipper' active >>>>>>>
2025-02-24 13:52:58,648 : INFO : SwitchController : <<<<<<< 's_right_flipper' inactive >>>>>>>
2025-02-24 13:52:58,650 : INFO : SwitchController : <<<<<<< 's_left_flipper' active >>>>>>>
2025-02-24 13:52:58,752 : INFO : SwitchController : <<<<<<< 's_left_flipper' inactive >>>>>>>
2025-02-24 13:52:58,806 : INFO : SwitchController : <<<<<<< 's_right_flipper' active >>>>>>>
2025-02-24 13:52:58,901 : INFO : SwitchController : <<<<<<< 's_left_flipper' active >>>>>>>
2025-02-24 13:52:58,902 : INFO : EventManager : Event: ======'flipper_cancel'====== Args={'triggering_group': 1, 'triggering_switch': 's_left_flipper'}
2025-02-24 13:52:58,940 : INFO : SwitchController : <<<<<<< 's_right_flipper' inactive >>>>>>>
2025-02-24 13:52:58,941 : INFO : EventManager : Event: ======'both_flippers_one'====== Args={'triggering_group': 2, 'triggering_switch': 's_right_flipper'}
2025-02-24 13:52:59,031 : INFO : SwitchController : <<<<<<< 's_left_flipper' inactive >>>>>>>
2025-02-24 13:52:59,032 : INFO : EventManager : Event: ======'both_flippers_inactive'====== Args={'triggering_group': 1, 'triggering_switch': 's_left_flipper'}
2025-02-24 13:52:59,075 : INFO : SwitchController : <<<<<<< 's_right_flipper' active >>>>>>>
2025-02-24 13:52:59,152 : INFO : SwitchController : <<<<<<< 's_left_flipper' active >>>>>>>
2025-02-24 13:52:59,152 : INFO : EventManager : Event: ======'flipper_cancel'====== Args={'triggering_group': 1, 'triggering_switch': 's_left_flipper'}
2025-02-24 13:52:59,194 : INFO : SwitchController : <<<<<<< 's_right_flipper' inactive >>>>>>>
2025-02-24 13:52:59,195 : INFO : EventManager : Event: ======'both_flippers_one'====== Args={'triggering_group': 2, 'triggering_switch': 's_right_flipper'}
2025-02-24 13:52:59,279 : INFO : SwitchController : <<<<<<< 's_left_flipper' inactive >>>>>>>
2025-02-24 13:52:59,279 : INFO : EventManager : Event: ======'both_flippers_inactive'====== Args={'triggering_group': 1, 'triggering_switch': 's_left_flipper'}
2025-02-24 13:52:59,311 : INFO : SwitchController : <<<<<<< 's_right_flipper' active >>>>>>>
2025-02-24 13:52:59,399 : INFO : SwitchController : <<<<<<< 's_left_flipper' active >>>>>>>
2025-02-24 13:52:59,400 : INFO : EventManager : Event: ======'flipper_cancel'====== Args={'triggering_group': 1, 'triggering_switch': 's_left_flipper'}
2025-02-24 13:52:59,427 : INFO : SwitchController : <<<<<<< 's_right_flipper' inactive >>>>>>>
2025-02-24 13:52:59,428 : INFO : EventManager : Event: ======'both_flippers_one'====== Args={'triggering_group': 2, 'triggering_switch': 's_right_flipper'}
2025-02-24 13:52:59,514 : INFO : SwitchController : <<<<<<< 's_left_flipper' inactive >>>>>>>
2025-02-24 13:52:59,514 : INFO : EventManager : Event: ======'both_flippers_inactive'====== Args={'triggering_group': 1, 'triggering_switch': 's_left_flipper'}
2025-02-24 13:52:59,514 : INFO : SwitchController : <<<<<<< 's_right_flipper' active >>>>>>>
2025-02-24 13:52:59,621 : INFO : SwitchController : <<<<<<< 's_left_flipper' active >>>>>>>
2025-02-24 13:52:59,621 : INFO : EventManager : Event: ======'flipper_cancel'====== Args={'triggering_group': 1, 'triggering_switch': 's_left_flipper'}
2025-02-24 13:52:59,623 : INFO : SwitchController : <<<<<<< 's_right_flipper' inactive >>>>>>>
2025-02-24 13:52:59,624 : INFO : EventManager : Event: ======'both_flippers_one'====== Args={'triggering_group': 2, 'triggering_switch': 's_right_flipper'}
2025-02-24 13:52:59,733 : INFO : SwitchController : <<<<<<< 's_right_flipper' active >>>>>>>
2025-02-24 13:52:59,734 : INFO : EventManager : Event: ======'flipper_cancel'====== Args={'triggering_group': 2, 'triggering_switch': 's_right_flipper'}
2025-02-24 13:52:59,734 : INFO : SwitchController : <<<<<<< 's_left_flipper' inactive >>>>>>>
2025-02-24 13:52:59,734 : INFO : EventManager : Event: ======'both_flippers_one'====== Args={'triggering_group': 1, 'triggering_switch': 's_left_flipper'}
2025-02-24 13:52:59,834 : INFO : SwitchController : <<<<<<< 's_left_flipper' active >>>>>>>
2025-02-24 13:52:59,836 : INFO : EventManager : Event: ======'flipper_cancel'====== Args={'triggering_group': 1, 'triggering_switch': 's_left_flipper'}
2025-02-24 13:52:59,873 : INFO : SwitchController : <<<<<<< 's_right_flipper' inactive >>>>>>>
2025-02-24 13:52:59,873 : INFO : EventManager : Event: ======'both_flippers_one'====== Args={'triggering_group': 2, 'triggering_switch': 's_right_flipper'}
2025-02-24 13:52:59,930 : INFO : SwitchController : <<<<<<< 's_left_flipper' inactive >>>>>>>
2025-02-24 13:52:59,931 : INFO : EventManager : Event: ======'both_flippers_inactive'====== Args={'triggering_group': 1, 'triggering_switch': 's_left_flipper'}
2025-02-24 13:52:59,967 : INFO : SwitchController : <<<<<<< 's_right_flipper' active >>>>>>>
2025-02-24 13:53:00,043 : INFO : SwitchController : <<<<<<< 's_left_flipper' active >>>>>>>
2025-02-24 13:53:00,043 : INFO : EventManager : Event: ======'flipper_cancel'====== Args={'triggering_group': 1, 'triggering_switch': 's_left_flipper'}
2025-02-24 13:53:00,067 : INFO : SwitchController : <<<<<<< 's_right_flipper' inactive >>>>>>>
2025-02-24 13:53:00,067 : INFO : EventManager : Event: ======'both_flippers_one'====== Args={'triggering_group': 2, 'triggering_switch': 's_right_flipper'}
2025-02-24 13:53:00,151 : INFO : SwitchController : <<<<<<< 's_left_flipper' inactive >>>>>>>
2025-02-24 13:53:00,151 : INFO : EventManager : Event: ======'both_flippers_inactive'====== Args={'triggering_group': 1, 'triggering_switch': 's_left_flipper'}
2025-02-24 13:53:00,177 : INFO : SwitchController : <<<<<<< 's_right_flipper' active >>>>>>>
2025-02-24 13:53:00,276 : INFO : SwitchController : <<<<<<< 's_right_flipper' inactive >>>>>>>
2025-02-24 13:53:00,279 : INFO : SwitchController : <<<<<<< 's_left_flipper' active >>>>>>>
2025-02-24 13:53:00,391 : INFO : SwitchController : <<<<<<< 's_right_flipper' active >>>>>>>
2025-02-24 13:53:00,393 : INFO : EventManager : Event: ======'flipper_cancel'====== Args={'triggering_group': 2, 'triggering_switch': 's_right_flipper'}
2025-02-24 13:53:00,419 : INFO : SwitchController : <<<<<<< 's_left_flipper' inactive >>>>>>>
2025-02-24 13:53:00,420 : INFO : EventManager : Event: ======'both_flippers_one'====== Args={'triggering_group': 1, 'triggering_switch': 's_left_flipper'}
2025-02-24 13:53:00,491 : INFO : SwitchController : <<<<<<< 's_right_flipper' inactive >>>>>>>
2025-02-24 13:53:00,491 : INFO : EventManager : Event: ======'both_flippers_inactive'====== Args={'triggering_group': 2, 'triggering_switch': 's_right_flipper'}
2025-02-24 13:53:00,521 : INFO : SwitchController : <<<<<<< 's_left_flipper' active >>>>>>>
2025-02-24 13:53:00,604 : INFO : SwitchController : <<<<<<< 's_left_flipper' inactive >>>>>>>
2025-02-24 13:53:00,605 : INFO : SwitchController : <<<<<<< 's_right_flipper' active >>>>>>>
2025-02-24 13:53:00,700 : INFO : SwitchController : <<<<<<< 's_right_flipper' inactive >>>>>>>
2025-02-24 13:53:00,743 : INFO : SwitchController : <<<<<<< 's_left_flipper' active >>>>>>>
2025-02-24 13:53:00,806 : INFO : SwitchController : <<<<<<< 's_left_flipper' inactive >>>>>>>
2025-02-24 13:53:00,824 : INFO : SwitchController : <<<<<<< 's_right_flipper' active >>>>>>>
2025-02-24 13:53:00,888 : INFO : SwitchController : <<<<<<< 's_right_flipper' inactive >>>>>>>
2025-02-24 13:53:00,908 : INFO : SwitchController : <<<<<<< 's_left_flipper' active >>>>>>>
2025-02-24 13:53:00,977 : INFO : SwitchController : <<<<<<< 's_left_flipper' inactive >>>>>>>
2025-02-24 13:53:01,019 : INFO : SwitchController : <<<<<<< 's_right_flipper' active >>>>>>>
2025-02-24 13:53:01,087 : INFO : SwitchController : <<<<<<< 's_right_flipper' inactive >>>>>>>
2025-02-24 13:53:01,122 : INFO : SwitchController : <<<<<<< 's_left_flipper' active >>>>>>>
2025-02-24 13:53:01,200 : INFO : SwitchController : <<<<<<< 's_left_flipper' inactive >>>>>>>
2025-02-24 13:53:01,200 : INFO : SwitchController : <<<<<<< 's_right_flipper' active >>>>>>>
2025-02-24 13:53:01,285 : INFO : SwitchController : <<<<<<< 's_left_flipper' active >>>>>>>
2025-02-24 13:53:01,287 : INFO : EventManager : Event: ======'flipper_cancel'====== Args={'triggering_group': 1, 'triggering_switch': 's_left_flipper'}
2025-02-24 13:53:01,311 : INFO : SwitchController : <<<<<<< 's_right_flipper' inactive >>>>>>>
2025-02-24 13:53:01,312 : INFO : EventManager : Event: ======'both_flippers_one'====== Args={'triggering_group': 2, 'triggering_switch': 's_right_flipper'}
2025-02-24 13:53:01,386 : INFO : SwitchController : <<<<<<< 's_right_flipper' active >>>>>>>
2025-02-24 13:53:01,387 : INFO : EventManager : Event: ======'flipper_cancel'====== Args={'triggering_group': 2, 'triggering_switch': 's_right_flipper'}
2025-02-24 13:53:01,429 : INFO : SwitchController : <<<<<<< 's_left_flipper' inactive >>>>>>>
2025-02-24 13:53:01,430 : INFO : EventManager : Event: ======'both_flippers_one'====== Args={'triggering_group': 1, 'triggering_switch': 's_left_flipper'}
2025-02-24 13:53:01,470 : INFO : SwitchController : <<<<<<< 's_right_flipper' inactive >>>>>>>
2025-02-24 13:53:01,470 : INFO : EventManager : Event: ======'both_flippers_inactive'====== Args={'triggering_group': 2, 'triggering_switch': 's_right_flipper'}
2025-02-24 13:53:01,513 : INFO : SwitchController : <<<<<<< 's_left_flipper' active >>>>>>>
2025-02-24 13:53:01,604 : INFO : SwitchController : <<<<<<< 's_right_flipper' active >>>>>>>
2025-02-24 13:53:01,604 : INFO : EventManager : Event: ======'flipper_cancel'====== Args={'triggering_group': 2, 'triggering_switch': 's_right_flipper'}
2025-02-24 13:53:01,650 : INFO : SwitchController : <<<<<<< 's_left_flipper' inactive >>>>>>>
2025-02-24 13:53:01,651 : INFO : EventManager : Event: ======'both_flippers_one'====== Args={'triggering_group': 1, 'triggering_switch': 's_left_flipper'}
2025-02-24 13:53:01,706 : INFO : SwitchController : <<<<<<< 's_right_flipper' inactive >>>>>>>
2025-02-24 13:53:01,706 : INFO : EventManager : Event: ======'both_flippers_inactive'====== Args={'triggering_group': 2, 'triggering_switch': 's_right_flipper'}
2025-02-24 13:53:01,784 : INFO : SwitchController : <<<<<<< 's_left_flipper' active >>>>>>>
2025-02-24 13:53:01,831 : INFO : SwitchController : <<<<<<< 's_left_flipper' inactive >>>>>>>
2025-02-24 13:53:03,174 : INFO : SwitchController : <<<<<<< 's_left_flipper' active >>>>>>>
2025-02-24 13:53:03,337 : INFO : SwitchController : <<<<<<< 's_left_flipper' inactive >>>>>>>
2025-02-24 13:53:03,489 : INFO : SwitchController : <<<<<<< 's_right_flipper' active >>>>>>>
2025-02-24 13:53:03,688 : INFO : SwitchController : <<<<<<< 's_right_flipper' inactive >>>>>>>
2025-02-24 13:53:03,823 : INFO : SwitchController : <<<<<<< 's_left_flipper' active >>>>>>>
2025-02-24 13:53:04,000 : INFO : SwitchController : <<<<<<< 's_left_flipper' inactive >>>>>>>
2025-02-24 13:53:04,325 : INFO : SwitchController : <<<<<<< 's_left_flipper' active >>>>>>>
2025-02-24 13:53:04,497 : INFO : SwitchController : <<<<<<< 's_left_flipper' inactive >>>>>>>
2025-02-24 13:53:04,676 : INFO : SwitchController : <<<<<<< 's_left_flipper' active >>>>>>>
2025-02-24 13:53:04,825 : INFO : SwitchController : <<<<<<< 's_left_flipper' inactive >>>>>>>
2025-02-24 13:53:04,887 : INFO : SwitchController : <<<<<<< 's_left_flipper' active >>>>>>>
2025-02-24 13:53:05,026 : INFO : SwitchController : <<<<<<< 's_left_flipper' inactive >>>>>>>
2025-02-24 13:53:05,086 : INFO : SwitchController : <<<<<<< 's_right_flipper' active >>>>>>>
2025-02-24 13:53:05,233 : INFO : SwitchController : <<<<<<< 's_right_flipper' inactive >>>>>>>
2025-02-24 13:53:05,333 : INFO : SwitchController : <<<<<<< 's_right_flipper' active >>>>>>>
2025-02-24 13:53:05,484 : INFO : SwitchController : <<<<<<< 's_right_flipper' inactive >>>>>>>
2025-02-24 13:53:05,556 : INFO : SwitchController : <<<<<<< 's_right_flipper' active >>>>>>>
2025-02-24 13:53:05,700 : INFO : SwitchController : <<<<<<< 's_right_flipper' inactive >>>>>>>
2025-02-24 13:53:05,833 : INFO : SwitchController : <<<<<<< 's_right_flipper' active >>>>>>>
2025-02-24 13:53:05,934 : INFO : SwitchController : <<<<<<< 's_right_flipper' inactive >>>>>>>
2025-02-24 13:53:06,074 : INFO : SwitchController : <<<<<<< 's_right_flipper' active >>>>>>>
2025-02-24 13:53:06,184 : INFO : SwitchController : <<<<<<< 's_right_flipper' inactive >>>>>>>
2025-02-24 13:53:06,336 : INFO : SwitchController : <<<<<<< 's_left_flipper' active >>>>>>>
2025-02-24 13:53:06,477 : INFO : SwitchController : <<<<<<< 's_left_flipper' inactive >>>>>>>
2025-02-24 13:53:06,592 : INFO : SwitchController : <<<<<<< 's_left_flipper' active >>>>>>>
2025-02-24 13:53:06,699 : INFO : SwitchController : <<<<<<< 's_left_flipper' inactive >>>>>>>
2025-02-24 13:53:06,778 : INFO : SwitchController : <<<<<<< 's_left_flipper' active >>>>>>>
2025-02-24 13:53:06,875 : INFO : SwitchController : <<<<<<< 's_left_flipper' inactive >>>>>>>
2025-02-24 13:53:06,969 : INFO : SwitchController : <<<<<<< 's_right_flipper' active >>>>>>>
2025-02-24 13:53:07,084 : INFO : SwitchController : <<<<<<< 's_right_flipper' inactive >>>>>>>
2025-02-24 13:53:07,172 : INFO : SwitchController : <<<<<<< 's_right_flipper' active >>>>>>>
2025-02-24 13:53:07,279 : INFO : SwitchController : <<<<<<< 's_right_flipper' inactive >>>>>>>
2025-02-24 13:53:07,360 : INFO : SwitchController : <<<<<<< 's_right_flipper' active >>>>>>>
2025-02-24 13:53:07,471 : INFO : SwitchController : <<<<<<< 's_right_flipper' inactive >>>>>>>
2025-02-24 13:53:07,533 : INFO : SwitchController : <<<<<<< 's_left_flipper' active >>>>>>>
2025-02-24 13:53:07,706 : INFO : SwitchController : <<<<<<< 's_left_flipper' inactive >>>>>>>
2025-02-24 13:53:07,892 : INFO : SwitchController : <<<<<<< 's_left_flipper' active >>>>>>>
2025-02-24 13:53:08,073 : INFO : SwitchController : <<<<<<< 's_right_flipper' active >>>>>>>
2025-02-24 13:53:08,074 : INFO : EventManager : Event: ======'flipper_cancel'====== Args={'triggering_group': 2, 'triggering_switch': 's_right_flipper'}
2025-02-24 13:53:08,098 : INFO : SwitchController : <<<<<<< 's_left_flipper' inactive >>>>>>>
2025-02-24 13:53:08,098 : INFO : EventManager : Event: ======'both_flippers_one'====== Args={'triggering_group': 1, 'triggering_switch': 's_left_flipper'}
2025-02-24 13:53:08,234 : INFO : SwitchController : <<<<<<< 's_right_flipper' inactive >>>>>>>
2025-02-24 13:53:08,235 : INFO : EventManager : Event: ======'both_flippers_inactive'====== Args={'triggering_group': 2, 'triggering_switch': 's_right_flipper'}
2025-02-24 13:53:08,264 : INFO : SwitchController : <<<<<<< 's_left_flipper' active >>>>>>>
2025-02-24 13:53:08,360 : INFO : SwitchController : <<<<<<< 's_left_flipper' inactive >>>>>>>
2025-02-24 13:53:08,371 : INFO : SwitchController : <<<<<<< 's_right_flipper' active >>>>>>>
2025-02-24 13:53:08,463 : INFO : SwitchController : <<<<<<< 's_right_flipper' inactive >>>>>>>
2025-02-24 13:53:08,839 : INFO : Machine : Shutting down...
2025-02-24 13:53:08,839 : INFO : EventManager : Event: ======'shutdown'====== Args={}
2025-02-24 13:53:08,843 : INFO : root : MPF run loop ended.
