2025-03-10 18:51:21,206 : INFO : root : Loading config.
2025-03-10 18:51:21,210 : INFO : YamlMultifileConfigLoader : Machine config file #1: config.yaml
2025-03-10 18:51:21,210 : WARNING : ConfigProcessor : Config file in cache changed: C:\Users\duffb\OneDrive\Documents\Python Envs\PinBallWW1\Machine\config\config.yaml
2025-03-10 18:51:21,210 : INFO : ConfigProcessor : Loading config from file C:\Users\duffb\.pyenv\pyenv-win\versions\3.11.0\Lib\site-packages\mpf\mpfconfig.yaml.
2025-03-10 18:51:21,219 : INFO : ConfigProcessor : Loading config: C:\Users\duffb\.pyenv\pyenv-win\versions\3.11.0\Lib\site-packages\mpf\mpfconfig.yaml
2025-03-10 18:51:21,219 : INFO : ConfigProcessor : Loading config from file C:\Users\duffb\OneDrive\Documents\Python Envs\PinBallWW1\Machine\config\config.yaml.
2025-03-10 18:51:21,225 : INFO : ConfigProcessor : Loading config: C:\Users\duffb\OneDrive\Documents\Python Envs\PinBallWW1\Machine\config\config.yaml
2025-03-10 18:51:21,227 : INFO : ConfigProcessor : Config file cache created: C:\Users\duffb\AppData\Local\Temp\cadfdee4981114acd6fff59d1071b59b.mpf_cache
2025-03-10 18:51:21,308 : INFO : ConfigProcessor : Loading config from cache: C:\Users\duffb\AppData\Local\Temp\ee7db1e8d011f44c876692bb4657f2e9.mpf_cache
2025-03-10 18:51:21,309 : INFO : ConfigProcessor : Loading config from cache: C:\Users\duffb\AppData\Local\Temp\9f058d482eac17116727d62a93500be7.mpf_cache
2025-03-10 18:51:21,309 : INFO : ConfigProcessor : Loading config from cache: C:\Users\duffb\AppData\Local\Temp\9e006ea23aa21ec68e01f6c49afad9f4.mpf_cache
2025-03-10 18:51:21,310 : INFO : ConfigProcessor : Loading config from cache: C:\Users\duffb\AppData\Local\Temp\fd253b339e263587268891c4dd997fbd.mpf_cache
2025-03-10 18:51:21,310 : INFO : Machine : Mission Pinball Framework Core Engine v0.57.0
2025-03-10 18:51:21,310 : INFO : Machine : Command line arguments: {'no_load_cache': False, 'create_config_cache': True, 'bcp': True, 'configfile': ['config.yaml'], 'force_assets_load': False, 'platform_integration_test': False, 'jsonlogging': False, 'logfile': 'logs\\2025-03-10-18-51-21-mpf-T0SHIII.log', 'pause': False, 'production': False, 'text_ui': True, 'loglevel': 15, 'consoleloglevel': 20, 'force_platform': None, 'syslog_address': None, 'mc_file_name': None, 'no_sound': False}
2025-03-10 18:51:21,310 : INFO : Machine : MPF path: C:\Users\duffb\.pyenv\pyenv-win\versions\3.11.0\Lib\site-packages\mpf
2025-03-10 18:51:21,310 : INFO : Machine : Machine path: C:\Users\duffb\OneDrive\Documents\Python Envs\PinBallWW1\Machine
2025-03-10 18:51:21,310 : INFO : Machine : Platform: win32
2025-03-10 18:51:21,310 : INFO : Machine : Python executable location: C:\Users\duffb\.pyenv\pyenv-win\versions\3.11.0\python.exe
2025-03-10 18:51:21,310 : INFO : Machine : Python version: 3.11.0 (64-bit)
2025-03-10 18:51:21,313 : INFO : Machine : Initializing MPF...
2025-03-10 18:51:21,663 : INFO : EventManager : Event: ======'machine_var_credits_string'====== Args={'value': 'FREE PLAY', 'prev_value': None, 'change': True}
2025-03-10 18:51:21,749 : INFO : EventManager : Event: ======'machine_var_master_volume'====== Args={'value': 0.5, 'prev_value': None, 'change': True}
2025-03-10 18:51:21,749 : INFO : EventManager : Event: ======'machine_var_player1_score'====== Args={'value': 8000, 'prev_value': None, 'change': True}
2025-03-10 18:51:21,749 : INFO : EventManager : Event: ======'machine_var_player2_score'====== Args={'value': 1000, 'prev_value': None, 'change': True}
2025-03-10 18:51:21,749 : INFO : EventManager : Event: ======'machine_var_mpf_version'====== Args={'value': 'Mission Pinball Framework v0.57.0', 'prev_value': None, 'change': True}
2025-03-10 18:51:21,749 : INFO : EventManager : Event: ======'machine_var_mpf_extended_version'====== Args={'value': 'Mission Pinball Framework v0.57.0, Config version:6, Show version: 6, BCP version:1.1', 'prev_value': None, 'change': True}
2025-03-10 18:51:21,749 : INFO : EventManager : Event: ======'machine_var_python_version'====== Args={'value': '3.11.0', 'prev_value': None, 'change': True}
2025-03-10 18:51:21,767 : INFO : EventManager : Event: ======'machine_var_platform'====== Args={'value': 'Windows-10-10.0.26100-SP0', 'prev_value': None, 'change': True}
2025-03-10 18:51:21,767 : INFO : EventManager : Event: ======'machine_var_platform_system'====== Args={'value': 'Windows', 'prev_value': None, 'change': True}
2025-03-10 18:51:21,767 : INFO : EventManager : Event: ======'machine_var_platform_release'====== Args={'value': '10', 'prev_value': None, 'change': True}
2025-03-10 18:51:21,767 : INFO : EventManager : Event: ======'machine_var_platform_version'====== Args={'value': '10.0.26100', 'prev_value': None, 'change': True}
2025-03-10 18:51:21,767 : INFO : EventManager : Event: ======'machine_var_platform_machine'====== Args={'value': 'AMD64', 'prev_value': None, 'change': True}
2025-03-10 18:51:21,767 : INFO : EventManager : Event: ======'init_phase_1'====== Args={}
2025-03-10 18:51:21,785 : INFO : EventManager : Event: ======'init_phase_2'====== Args={}
2025-03-10 18:51:21,785 : INFO : SwitchController : Found active switch: ('3', <Platform.SmartVirtual>) <switch.s_trough1>
2025-03-10 18:51:21,786 : INFO : SwitchController : Found active switch: ('4', <Platform.SmartVirtual>) <switch.s_trough2>
2025-03-10 18:51:21,786 : INFO : SwitchController : Found active switch: ('5', <Platform.SmartVirtual>) <switch.s_trough3>
2025-03-10 18:51:21,788 : INFO : EventManager : Event: ======'bcp_connection_attempt'====== Args={'name': 'local_display', 'host': 'localhost', 'port': 5050}
2025-03-10 18:51:21,790 : INFO : BCPClientSocket : Connecting BCP to 'local_display' at localhost:5050...
2025-03-10 18:51:23,850 : INFO : BCPClientSocket : Connected BCP to 'local_display' localhost:5050
2025-03-10 18:51:23,854 : INFO : EventManager : Event: ======'bcp_clients_connected'====== Args={}
2025-03-10 18:51:24,241 : INFO : EventManager : Event: ======'machine_var_mc_version'====== Args={'value': 'MPF-MC v0.57.1', 'prev_value': None, 'change': True}
2025-03-10 18:51:24,242 : INFO : EventManager : Event: ======'machine_var_mc_extended_version'====== Args={'value': 'MPF-MC v0.57.1 (config_version=6, BCP v1.1,                      Requires MPF API compatibility v0.57.0 or newer)', 'prev_value': None, 'change': True}
2025-03-10 18:51:24,243 : INFO : ball_device.bd_trough : BCH: Initial count: 3
2025-03-10 18:51:24,339 : INFO : ball_device.bd_trough : State: idle
2025-03-10 18:51:24,340 : INFO : ball_device.bd_plunger_lane : BCH: Initial count: 0
2025-03-10 18:51:24,340 : INFO : ball_device.bd_plunger_lane : State: idle
2025-03-10 18:51:24,379 : INFO : EventManager : Event: ======'init_phase_3'====== Args={}
2025-03-10 18:51:24,409 : INFO : EventManager : Event: ======'init_phase_4'====== Args={}
2025-03-10 18:51:24,410 : INFO : BallController : Initial balls found: 3
2025-03-10 18:51:24,412 : INFO : EventManager : Event: ======'machine_var_audits_events_game_ended'====== Args={'value': 13, 'prev_value': None, 'change': True}
2025-03-10 18:51:24,414 : INFO : EventManager : Event: ======'machine_var_audits_events_game_started'====== Args={'value': 47, 'prev_value': None, 'change': True}
2025-03-10 18:51:24,415 : INFO : EventManager : Event: ======'machine_var_audits_missing_switches_s_Lane1'====== Args={'value': 2, 'prev_value': None, 'change': True}
2025-03-10 18:51:24,415 : INFO : EventManager : Event: ======'machine_var_audits_missing_switches_s_Lane2'====== Args={'value': 3, 'prev_value': None, 'change': True}
2025-03-10 18:51:24,416 : INFO : EventManager : Event: ======'machine_var_audits_missing_switches_s_Lane3'====== Args={'value': 3, 'prev_value': None, 'change': True}
2025-03-10 18:51:24,416 : INFO : EventManager : Event: ======'machine_var_audits_missing_switches_s_Lane4'====== Args={'value': 2, 'prev_value': None, 'change': True}
2025-03-10 18:51:24,417 : INFO : EventManager : Event: ======'machine_var_audits_missing_switches_s_Target1'====== Args={'value': 2, 'prev_value': None, 'change': True}
2025-03-10 18:51:24,417 : INFO : EventManager : Event: ======'machine_var_audits_missing_switches_s_Target2'====== Args={'value': 2, 'prev_value': None, 'change': True}
2025-03-10 18:51:24,417 : INFO : EventManager : Event: ======'machine_var_audits_missing_switches_s_Target3'====== Args={'value': 2, 'prev_value': None, 'change': True}
2025-03-10 18:51:24,417 : INFO : EventManager : Event: ======'machine_var_audits_missing_switches_s_Target4'====== Args={'value': 2, 'prev_value': None, 'change': True}
2025-03-10 18:51:24,417 : INFO : EventManager : Event: ======'machine_var_audits_missing_switches_s_drain'====== Args={'value': 6, 'prev_value': None, 'change': True}
2025-03-10 18:51:24,417 : INFO : EventManager : Event: ======'machine_var_audits_missing_switches_s_left_flipper'====== Args={'value': 4, 'prev_value': None, 'change': True}
2025-03-10 18:51:24,419 : INFO : EventManager : Event: ======'machine_var_audits_missing_switches_s_right_flipper'====== Args={'value': 4, 'prev_value': None, 'change': True}
2025-03-10 18:51:24,419 : INFO : EventManager : Event: ======'machine_var_audits_missing_switches_s_trough2'====== Args={'value': 3, 'prev_value': None, 'change': True}
2025-03-10 18:51:24,419 : INFO : EventManager : Event: ======'machine_var_audits_missing_switches_s_trough3'====== Args={'value': 7, 'prev_value': None, 'change': True}
2025-03-10 18:51:24,419 : INFO : EventManager : Event: ======'machine_var_audits_missing_switches_s_trough_enter'====== Args={'value': 2, 'prev_value': None, 'change': True}
2025-03-10 18:51:24,419 : INFO : EventManager : Event: ======'machine_var_audits_player_score'====== Args={'value': {'average': 124, 'top': [8000, 1000, 0, 0, 0, 0, 0, 0, 0, 0], 'total': 16}, 'prev_value': None, 'change': True}
2025-03-10 18:51:24,419 : INFO : EventManager : Event: ======'machine_var_audits_switches_s_Lane1'====== Args={'value': 34, 'prev_value': None, 'change': True}
2025-03-10 18:51:24,419 : INFO : EventManager : Event: ======'machine_var_audits_switches_s_Lane2'====== Args={'value': 23, 'prev_value': None, 'change': True}
2025-03-10 18:51:24,419 : INFO : EventManager : Event: ======'machine_var_audits_switches_s_Lane3'====== Args={'value': 20, 'prev_value': None, 'change': True}
2025-03-10 18:51:24,419 : INFO : EventManager : Event: ======'machine_var_audits_switches_s_Lane4'====== Args={'value': 24, 'prev_value': None, 'change': True}
2025-03-10 18:51:24,419 : INFO : EventManager : Event: ======'machine_var_audits_switches_s_Target1'====== Args={'value': 64, 'prev_value': None, 'change': True}
2025-03-10 18:51:24,420 : INFO : EventManager : Event: ======'machine_var_audits_switches_s_Target2'====== Args={'value': 57, 'prev_value': None, 'change': True}
2025-03-10 18:51:24,420 : INFO : EventManager : Event: ======'machine_var_audits_switches_s_Target3'====== Args={'value': 62, 'prev_value': None, 'change': True}
2025-03-10 18:51:24,420 : INFO : EventManager : Event: ======'machine_var_audits_switches_s_Target4'====== Args={'value': 49, 'prev_value': None, 'change': True}
2025-03-10 18:51:24,420 : INFO : EventManager : Event: ======'machine_var_audits_switches_s_drain'====== Args={'value': 0, 'prev_value': None, 'change': True}
2025-03-10 18:51:24,420 : INFO : EventManager : Event: ======'machine_var_audits_switches_s_launcher_button'====== Args={'value': 89, 'prev_value': None, 'change': True}
2025-03-10 18:51:24,421 : INFO : EventManager : Event: ======'machine_var_audits_switches_s_left_flipper'====== Args={'value': 86, 'prev_value': None, 'change': True}
2025-03-10 18:51:24,421 : INFO : EventManager : Event: ======'machine_var_audits_switches_s_playfield_entry'====== Args={'value': 198, 'prev_value': None, 'change': True}
2025-03-10 18:51:24,421 : INFO : EventManager : Event: ======'machine_var_audits_switches_s_plunger_lane'====== Args={'value': 131, 'prev_value': None, 'change': True}
2025-03-10 18:51:24,421 : INFO : EventManager : Event: ======'machine_var_audits_switches_s_pointTarget'====== Args={'value': 193, 'prev_value': None, 'change': True}
2025-03-10 18:51:24,423 : INFO : EventManager : Event: ======'machine_var_audits_switches_s_right_flipper'====== Args={'value': 73, 'prev_value': None, 'change': True}
2025-03-10 18:51:24,423 : INFO : EventManager : Event: ======'machine_var_audits_switches_s_trough1'====== Args={'value': 109, 'prev_value': None, 'change': True}
2025-03-10 18:51:24,423 : INFO : EventManager : Event: ======'machine_var_audits_switches_s_trough2'====== Args={'value': 17, 'prev_value': None, 'change': True}
2025-03-10 18:51:24,424 : INFO : EventManager : Event: ======'machine_var_audits_switches_s_trough3'====== Args={'value': 14, 'prev_value': None, 'change': True}
2025-03-10 18:51:24,424 : INFO : EventManager : Event: ======'machine_var_audits_switches_s_trough_enter'====== Args={'value': 1, 'prev_value': None, 'change': True}
2025-03-10 18:51:24,425 : INFO : EventManager : Event: ======'init_phase_5'====== Args={}
2025-03-10 18:51:24,470 : INFO : EventManager : Event: ======'init_done'====== Args={}
2025-03-10 18:51:24,471 : INFO : EventManager : Event: ======'machine_reset_phase_1'====== Args={}
2025-03-10 18:51:24,477 : INFO : EventManager : Event: ======'slide_welcome_slide_removed'====== Args={'_from_bcp': True}
2025-03-10 18:51:24,481 : INFO : EventManager : Event: ======'slide_welcome_slide_created'====== Args={'_from_bcp': True}
2025-03-10 18:51:24,484 : INFO : EventManager : Event: ======'machine_reset_phase_2'====== Args={}
2025-03-10 18:51:24,484 : INFO : EventManager : Event: ======'machine_reset_phase_3'====== Args={}
2025-03-10 18:51:24,484 : INFO : EventManager : Event: ======'reset_complete'====== Args={}
2025-03-10 18:51:24,484 : INFO : EventManager : Event: ======'mode_attract_will_start'====== Args={}
2025-03-10 18:51:24,485 : INFO : EventManager : Event: ======'mode_attract_starting'====== Args={}
2025-03-10 18:51:24,485 : INFO : Mode.attract : Started. Priority: 10
2025-03-10 18:51:24,485 : INFO : EventManager : Event: ======'modes_active_modes_changed'====== Args={}
2025-03-10 18:51:24,486 : INFO : EventManager : Event: ======'mode_attract_started'====== Args={}
2025-03-10 18:51:24,487 : INFO : EventManager : Event: ======'collecting_balls_complete'====== Args={}
2025-03-10 18:51:24,535 : INFO : EventManager : Event: ======'slide_welcome_slide_active'====== Args={'_from_bcp': True}
2025-03-10 18:51:24,535 : INFO : EventManager : Event: ======'slide_ship_slide_created'====== Args={'_from_bcp': True}
2025-03-10 18:51:24,535 : INFO : EventManager : Event: ======'slide_ship_slide_active'====== Args={'_from_bcp': True}
2025-03-10 18:51:24,536 : INFO : Machine : Starting the main run loop.
2025-03-10 18:51:29,525 : INFO : EventManager : Event: ======'slide_starting_slide_created'====== Args={'_from_bcp': True}
2025-03-10 18:51:29,526 : INFO : EventManager : Event: ======'slide_starting_slide_active'====== Args={'_from_bcp': True}
2025-03-10 18:51:29,875 : INFO : BcpServer : New client connected.
2025-03-10 18:51:34,529 : INFO : EventManager : Event: ======'slide_company_slide_created'====== Args={'_from_bcp': True}
2025-03-10 18:51:34,535 : INFO : EventManager : Event: ======'slide_company_slide_active'====== Args={'_from_bcp': True}
2025-03-10 18:51:39,511 : INFO : EventManager : Event: ======'slide_lastgame_slide_created'====== Args={'_from_bcp': True}
2025-03-10 18:51:39,518 : INFO : EventManager : Event: ======'slide_lastgame_slide_active'====== Args={'_from_bcp': True}
2025-03-10 18:51:42,170 : INFO : SwitchController : <<<<<<< 's_launcher_button' active >>>>>>>
2025-03-10 18:51:42,256 : INFO : SwitchController : <<<<<<< 's_launcher_button' inactive >>>>>>>
2025-03-10 18:51:42,256 : INFO : EventManager : Event: ======'request_to_start_game'====== Args={}
2025-03-10 18:51:42,256 : INFO : EventManager : Event: ======'game_start'====== Args={'buttons': [], 'hold_time': 0.0940000000409782}
2025-03-10 18:51:42,256 : INFO : EventManager : Event: ======'mode_game_will_start'====== Args={'buttons': [], 'hold_time': 0.0940000000409782}
2025-03-10 18:51:42,257 : INFO : EventManager : Event: ======'mode_game_starting'====== Args={'buttons': [], 'hold_time': 0.0940000000409782}
2025-03-10 18:51:42,257 : INFO : EventManager : Event: ======'mode_attract_will_stop'====== Args={}
2025-03-10 18:51:42,260 : INFO : EventManager : Event: ======'mode_attract_stopping'====== Args={}
2025-03-10 18:51:42,260 : INFO : Mode.attract : Stopped.
2025-03-10 18:51:42,260 : INFO : EventManager : Event: ======'modes_active_modes_changed'====== Args={}
2025-03-10 18:51:42,260 : INFO : EventManager : Event: ======'mode_attract_stopped'====== Args={}
2025-03-10 18:51:42,260 : INFO : EventManager : Event: ======'clear'====== Args={'key': 'attract'}
2025-03-10 18:51:42,260 : INFO : Mode.game : Started. Priority: 20
2025-03-10 18:51:42,260 : INFO : EventManager : Event: ======'modes_active_modes_changed'====== Args={}
2025-03-10 18:51:42,260 : INFO : EventManager : Event: ======'mode_game_started'====== Args={'buttons': [], 'hold_time': 0.0940000000409782}
2025-03-10 18:51:42,268 : INFO : EventManager : Event: ======'game_will_start'====== Args={}
2025-03-10 18:51:42,269 : INFO : EventManager : Event: ======'game_starting'====== Args={'game': <Mode.game>}
2025-03-10 18:51:42,270 : INFO : EventManager : Unordered handler for class <Auditor> on event game_ended with priority 1. Handlers: [RegisteredHandler(callback=<bound method Auditor.disable of <Auditor>>, priority=1, kwargs={}, key=UUID('54d7264c-64a4-4fb6-b4f5-b89df5ac980b'), condition=None, blocking_facility=None), RegisteredHandler(callback=<bound method Auditor._save_audits of <Auditor>>, priority=1, kwargs={}, key=UUID('9ae36dff-52bb-4d45-8f22-4e8ff13cae90'), condition=None, blocking_facility=None)]. The order of those handlers is not defined and they will be executed in random order. This might lead to race conditions and potential bugs.
2025-03-10 18:51:42,270 : INFO : EventManager : Event: ======'player_add_request'====== Args={}
2025-03-10 18:51:42,270 : INFO : EventManager : Event: ======'player_will_add'====== Args={'number': 1}
2025-03-10 18:51:42,270 : INFO : EventManager : Event: ======'player_adding'====== Args={'player': <Player 1>, 'number': 1}
2025-03-10 18:51:42,270 : INFO : EventManager : Event: ======'player_added'====== Args={'player': <Player 1>, 'num': 1}
2025-03-10 18:51:42,271 : INFO : Mode.game : Player added successfully. Total players: 1
2025-03-10 18:51:42,271 : INFO : EventManager : Event: ======'player_index'====== Args={'value': 0, 'prev_value': 0, 'change': 0, 'player_num': 1}
2025-03-10 18:51:42,271 : INFO : EventManager : Event: ======'player_number'====== Args={'value': 1, 'prev_value': 1, 'change': 0, 'player_num': 1}
2025-03-10 18:51:42,272 : INFO : EventManager : Event: ======'player_score'====== Args={'value': 0, 'prev_value': 0, 'change': 0, 'player_num': 1}
2025-03-10 18:51:42,272 : INFO : EventManager : Event: ======'game_started'====== Args={}
2025-03-10 18:51:42,284 : INFO : EventManager : Event: ======'player_turn_will_start'====== Args={'player': <Player 1>, 'number': 1}
2025-03-10 18:51:42,284 : INFO : EventManager : Event: ======'slide_ship_slide_removed'====== Args={'_from_bcp': True}
2025-03-10 18:51:42,284 : INFO : EventManager : Event: ======'slide_starting_slide_removed'====== Args={'_from_bcp': True}
2025-03-10 18:51:42,286 : INFO : EventManager : Event: ======'slide_company_slide_removed'====== Args={'_from_bcp': True}
2025-03-10 18:51:42,286 : INFO : EventManager : Event: ======'slide_lastgame_slide_removed'====== Args={'_from_bcp': True}
2025-03-10 18:51:42,286 : INFO : EventManager : Event: ======'slide_welcome_slide_active'====== Args={'_from_bcp': True}
2025-03-10 18:51:42,288 : INFO : EventManager : Event: ======'player_turn_starting'====== Args={'player': <Player 1>, 'number': 1}
2025-03-10 18:51:42,288 : INFO : EventManager : Event: ======'player_ball'====== Args={'value': 1, 'prev_value': 0, 'change': 1, 'player_num': 1}
2025-03-10 18:51:42,288 : INFO : EventManager : Event: ======'player_turn_started'====== Args={'player': <Player 1>, 'number': 1}
2025-03-10 18:51:42,291 : INFO : EventManager : Event: ======'ball_will_start'====== Args={'player': 1, 'ball': 1, 'balls_remaining': 2, 'is_extra_ball': False}
2025-03-10 18:51:42,295 : INFO : EventManager : Event: ======'ball_starting'====== Args={'player': 1, 'ball': 1, 'balls_remaining': 2, 'is_extra_ball': False}
2025-03-10 18:51:42,295 : INFO : EventManager : Event: ======'balls_in_play'====== Args={'balls': 1}
2025-03-10 18:51:42,296 : INFO : EventManager : Event: ======'ball_started'====== Args={'player': 1, 'ball': 1, 'balls_remaining': 2, 'is_extra_ball': False}
2025-03-10 18:51:42,296 : INFO : EventManager : Event: ======'mode_base_will_start'====== Args={'player': 1, 'ball': 1, 'balls_remaining': 2, 'is_extra_ball': False}
2025-03-10 18:51:42,297 : INFO : EventManager : Event: ======'mode_base_starting'====== Args={'player': 1, 'ball': 1, 'balls_remaining': 2, 'is_extra_ball': False}
2025-03-10 18:51:42,298 : INFO : Mode.base : Started. Priority: 100
2025-03-10 18:51:42,298 : INFO : EventManager : Event: ======'modes_active_modes_changed'====== Args={}
2025-03-10 18:51:42,298 : INFO : EventManager : Event: ======'mode_base_started'====== Args={'player': 1, 'ball': 1, 'balls_remaining': 2, 'is_extra_ball': False}
2025-03-10 18:51:42,299 : INFO : EventManager : Event: ======'single_player_ball_started'====== Args={}
2025-03-10 18:51:42,344 : INFO : EventManager : Event: ======'ball_start_target'====== Args={'target': 'playfield'}
2025-03-10 18:51:42,355 : INFO : EventManager : Event: ======'slide_base.slide_player-mode_base_started_created'====== Args={'_from_bcp': True}
2025-03-10 18:51:42,355 : INFO : EventManager : Event: ======'slide_base.slide_player-mode_base_started_active'====== Args={'_from_bcp': True}
2025-03-10 18:51:42,363 : INFO : ball_device.bd_plunger_lane : Setting up player-controlled eject. Balls: 1, Target: <playfield.playfield>, player_controlled_eject_event: s_launcher_button_active
2025-03-10 18:51:42,363 : INFO : EventManager : Event: ======'balldevice_balls_available'====== Args={}
2025-03-10 18:51:42,364 : INFO : ball_device.bd_trough : State: waiting_for_target_ready
2025-03-10 18:51:42,364 : INFO : EventManager : Event: ======'balldevice_bd_trough_ball_eject_attempt'====== Args={'balls': 1, 'target': <ball_device.bd_plunger_lane>, 'source': <ball_device.bd_trough>, 'mechanical_eject': True, 'num_attempts': 0}
2025-03-10 18:51:42,365 : INFO : ball_device.bd_plunger_lane : State: waiting_for_ball
2025-03-10 18:51:42,365 : INFO : ball_device.bd_trough : State: ejecting
2025-03-10 18:51:42,366 : INFO : ball_device.bd_trough : Ejecting ball to <ball_device.bd_plunger_lane>
2025-03-10 18:51:42,366 : INFO : EventManager : Event: ======'balldevice_bd_trough_ejecting_ball'====== Args={'balls': 1, 'target': <ball_device.bd_plunger_lane>, 'source': <ball_device.bd_trough>, 'mechanical_eject': True, 'num_attempts': 0}
2025-03-10 18:51:42,368 : INFO : ball_device.bd_trough : Wait for ball to leave device
2025-03-10 18:51:42,368 : INFO : coil.c_trough_release : Pulsing Driver for 20ms (1.0 pulse_power)
2025-03-10 18:51:42,369 : INFO : SwitchController : <<<<<<< 's_trough1' inactive >>>>>>>
2025-03-10 18:51:42,375 : INFO : ball_device.bd_trough : State: ball_left
2025-03-10 18:51:42,375 : INFO : ball_device.bd_trough : Ball left
2025-03-10 18:51:42,375 : INFO : ball_device.bd_trough : Wait for confirm with timeout 3.0
2025-03-10 18:51:42,469 : INFO : SwitchController : <<<<<<< 's_plunger_lane' active >>>>>>>
2025-03-10 18:51:42,469 : INFO : EventManager : Event: ======'machine_var_audits_switches_s_plunger_lane'====== Args={'value': 132, 'prev_value': 131, 'change': 1}
2025-03-10 18:51:42,982 : INFO : ball_device.bd_plunger_lane : Received ball from <ball_device.bd_trough>
2025-03-10 18:51:42,982 : INFO : EventManager : Event: ======'balldevice_bd_plunger_lane_ball_enter'====== Args={'new_balls': 1, 'unclaimed_balls': 0, 'new_available_balls': 0, 'device': <ball_device.bd_plunger_lane>}
2025-03-10 18:51:42,983 : INFO : EventManager : Event: ======'balldevice_bd_plunger_lane_ball_entered'====== Args={'new_balls': 0, 'device': <ball_device.bd_plunger_lane>}
2025-03-10 18:51:42,983 : INFO : EventManager : Event: ======'balldevice_bd_plunger_lane_ball_count_changed'====== Args={'balls': 1}
2025-03-10 18:51:42,983 : INFO : ball_device.bd_trough : Got eject confirm
2025-03-10 18:51:42,983 : INFO : ball_device.bd_trough : Eject successful
2025-03-10 18:51:42,985 : INFO : EventManager : Event: ======'balldevice_bd_trough_ball_eject_success'====== Args={'balls': 1, 'target': <ball_device.bd_plunger_lane>}
2025-03-10 18:51:42,985 : INFO : EventManager : Event: ======'balldevice_bd_trough_ball_count_changed'====== Args={'balls': 2}
2025-03-10 18:51:42,985 : INFO : ball_device.bd_trough : State: idle
2025-03-10 18:51:42,986 : INFO : ball_device.bd_plunger_lane : State: waiting_for_target_ready
2025-03-10 18:51:42,986 : INFO : EventManager : Event: ======'balldevice_bd_plunger_lane_ball_eject_attempt'====== Args={'balls': 1, 'target': <playfield.playfield>, 'source': <ball_device.bd_plunger_lane>, 'mechanical_eject': True, 'num_attempts': 0}
2025-03-10 18:51:42,987 : INFO : ball_device.bd_plunger_lane : State: ejecting
2025-03-10 18:51:42,988 : INFO : ball_device.bd_plunger_lane : Ejecting ball to <playfield.playfield>
2025-03-10 18:51:42,988 : INFO : EventManager : Event: ======'balldevice_bd_plunger_lane_ejecting_ball'====== Args={'balls': 1, 'target': <playfield.playfield>, 'source': <ball_device.bd_plunger_lane>, 'mechanical_eject': True, 'num_attempts': 0}
2025-03-10 18:51:42,989 : INFO : ball_device.bd_plunger_lane : Wait for ball to leave device
2025-03-10 18:51:44,314 : INFO : SwitchController : <<<<<<< 's_right_flipper' active >>>>>>>
2025-03-10 18:51:44,314 : INFO : EventManager : Event: ======'machine_var_audits_switches_s_right_flipper'====== Args={'value': 74, 'prev_value': 73, 'change': 1}
2025-03-10 18:51:44,444 : INFO : SwitchController : <<<<<<< 's_right_flipper' inactive >>>>>>>
2025-03-10 18:51:45,393 : INFO : SwitchController : <<<<<<< 's_left_flipper' active >>>>>>>
2025-03-10 18:51:45,393 : INFO : EventManager : Event: ======'machine_var_audits_switches_s_left_flipper'====== Args={'value': 87, 'prev_value': 86, 'change': 1}
2025-03-10 18:51:45,537 : INFO : SwitchController : <<<<<<< 's_left_flipper' inactive >>>>>>>
2025-03-10 18:51:45,698 : INFO : SwitchController : <<<<<<< 's_left_flipper' active >>>>>>>
2025-03-10 18:51:45,698 : INFO : EventManager : Event: ======'machine_var_audits_switches_s_left_flipper'====== Args={'value': 88, 'prev_value': 87, 'change': 1}
2025-03-10 18:51:45,801 : INFO : SwitchController : <<<<<<< 's_left_flipper' inactive >>>>>>>
2025-03-10 18:51:45,897 : INFO : SwitchController : <<<<<<< 's_left_flipper' active >>>>>>>
2025-03-10 18:51:45,897 : INFO : EventManager : Event: ======'machine_var_audits_switches_s_left_flipper'====== Args={'value': 89, 'prev_value': 88, 'change': 1}
2025-03-10 18:51:46,020 : INFO : SwitchController : <<<<<<< 's_left_flipper' inactive >>>>>>>
2025-03-10 18:51:46,154 : INFO : SwitchController : <<<<<<< 's_left_flipper' active >>>>>>>
2025-03-10 18:51:46,155 : INFO : EventManager : Event: ======'machine_var_audits_switches_s_left_flipper'====== Args={'value': 90, 'prev_value': 89, 'change': 1}
2025-03-10 18:51:46,299 : INFO : SwitchController : <<<<<<< 's_left_flipper' inactive >>>>>>>
2025-03-10 18:51:46,420 : INFO : SwitchController : <<<<<<< 's_left_flipper' active >>>>>>>
2025-03-10 18:51:46,420 : INFO : EventManager : Event: ======'machine_var_audits_switches_s_left_flipper'====== Args={'value': 91, 'prev_value': 90, 'change': 1}
2025-03-10 18:51:46,566 : INFO : SwitchController : <<<<<<< 's_left_flipper' inactive >>>>>>>
2025-03-10 18:51:47,944 : INFO : SwitchController : <<<<<<< 's_right_flipper' active >>>>>>>
2025-03-10 18:51:47,945 : INFO : EventManager : Event: ======'machine_var_audits_switches_s_right_flipper'====== Args={'value': 75, 'prev_value': 74, 'change': 1}
2025-03-10 18:51:48,026 : INFO : SwitchController : <<<<<<< 's_right_flipper' inactive >>>>>>>
2025-03-10 18:51:48,200 : INFO : SwitchController : <<<<<<< 's_right_flipper' active >>>>>>>
2025-03-10 18:51:48,200 : INFO : EventManager : Event: ======'machine_var_audits_switches_s_right_flipper'====== Args={'value': 76, 'prev_value': 75, 'change': 1}
2025-03-10 18:51:48,315 : INFO : SwitchController : <<<<<<< 's_right_flipper' inactive >>>>>>>
2025-03-10 18:51:48,410 : INFO : SwitchController : <<<<<<< 's_right_flipper' active >>>>>>>
2025-03-10 18:51:48,410 : INFO : EventManager : Event: ======'machine_var_audits_switches_s_right_flipper'====== Args={'value': 77, 'prev_value': 76, 'change': 1}
2025-03-10 18:51:48,518 : INFO : SwitchController : <<<<<<< 's_right_flipper' inactive >>>>>>>
2025-03-10 18:51:48,628 : INFO : SwitchController : <<<<<<< 's_right_flipper' active >>>>>>>
2025-03-10 18:51:48,628 : INFO : EventManager : Event: ======'machine_var_audits_switches_s_right_flipper'====== Args={'value': 78, 'prev_value': 77, 'change': 1}
2025-03-10 18:51:48,716 : INFO : SwitchController : <<<<<<< 's_right_flipper' inactive >>>>>>>
2025-03-10 18:51:48,840 : INFO : SwitchController : <<<<<<< 's_right_flipper' active >>>>>>>
2025-03-10 18:51:48,840 : INFO : EventManager : Event: ======'machine_var_audits_switches_s_right_flipper'====== Args={'value': 79, 'prev_value': 78, 'change': 1}
2025-03-10 18:51:48,970 : INFO : SwitchController : <<<<<<< 's_right_flipper' inactive >>>>>>>
2025-03-10 18:51:49,070 : INFO : SwitchController : <<<<<<< 's_right_flipper' active >>>>>>>
2025-03-10 18:51:49,070 : INFO : EventManager : Event: ======'machine_var_audits_switches_s_right_flipper'====== Args={'value': 80, 'prev_value': 79, 'change': 1}
2025-03-10 18:51:49,171 : INFO : SwitchController : <<<<<<< 's_right_flipper' inactive >>>>>>>
2025-03-10 18:51:49,307 : INFO : SwitchController : <<<<<<< 's_right_flipper' active >>>>>>>
2025-03-10 18:51:49,308 : INFO : EventManager : Event: ======'machine_var_audits_switches_s_right_flipper'====== Args={'value': 81, 'prev_value': 80, 'change': 1}
2025-03-10 18:51:49,409 : INFO : SwitchController : <<<<<<< 's_right_flipper' inactive >>>>>>>
2025-03-10 18:51:49,522 : INFO : SwitchController : <<<<<<< 's_right_flipper' active >>>>>>>
2025-03-10 18:51:49,522 : INFO : EventManager : Event: ======'machine_var_audits_switches_s_right_flipper'====== Args={'value': 82, 'prev_value': 81, 'change': 1}
2025-03-10 18:51:49,641 : INFO : SwitchController : <<<<<<< 's_right_flipper' inactive >>>>>>>
2025-03-10 18:51:49,720 : INFO : SwitchController : <<<<<<< 's_right_flipper' active >>>>>>>
2025-03-10 18:51:49,720 : INFO : EventManager : Event: ======'machine_var_audits_switches_s_right_flipper'====== Args={'value': 83, 'prev_value': 82, 'change': 1}
2025-03-10 18:51:49,819 : INFO : SwitchController : <<<<<<< 's_right_flipper' inactive >>>>>>>
2025-03-10 18:51:49,928 : INFO : SwitchController : <<<<<<< 's_right_flipper' active >>>>>>>
2025-03-10 18:51:49,929 : INFO : EventManager : Event: ======'machine_var_audits_switches_s_right_flipper'====== Args={'value': 84, 'prev_value': 83, 'change': 1}
2025-03-10 18:51:50,030 : INFO : SwitchController : <<<<<<< 's_right_flipper' inactive >>>>>>>
2025-03-10 18:51:50,145 : INFO : SwitchController : <<<<<<< 's_right_flipper' active >>>>>>>
2025-03-10 18:51:50,145 : INFO : EventManager : Event: ======'machine_var_audits_switches_s_right_flipper'====== Args={'value': 85, 'prev_value': 84, 'change': 1}
2025-03-10 18:51:50,270 : INFO : SwitchController : <<<<<<< 's_right_flipper' inactive >>>>>>>
2025-03-10 18:51:51,379 : INFO : SwitchController : <<<<<<< 's_left_flipper' active >>>>>>>
2025-03-10 18:51:51,379 : INFO : EventManager : Event: ======'machine_var_audits_switches_s_left_flipper'====== Args={'value': 92, 'prev_value': 91, 'change': 1}
2025-03-10 18:51:51,448 : INFO : SwitchController : <<<<<<< 's_left_flipper' inactive >>>>>>>
2025-03-10 18:51:51,536 : INFO : SwitchController : <<<<<<< 's_left_flipper' active >>>>>>>
2025-03-10 18:51:51,537 : INFO : EventManager : Event: ======'machine_var_audits_switches_s_left_flipper'====== Args={'value': 93, 'prev_value': 92, 'change': 1}
2025-03-10 18:51:51,634 : INFO : SwitchController : <<<<<<< 's_left_flipper' inactive >>>>>>>
2025-03-10 18:51:51,723 : INFO : SwitchController : <<<<<<< 's_left_flipper' active >>>>>>>
2025-03-10 18:51:51,726 : INFO : EventManager : Event: ======'machine_var_audits_switches_s_left_flipper'====== Args={'value': 94, 'prev_value': 93, 'change': 1}
2025-03-10 18:51:51,985 : INFO : SwitchController : <<<<<<< 's_left_flipper' inactive >>>>>>>
2025-03-10 18:51:52,080 : INFO : SwitchController : <<<<<<< 's_left_flipper' active >>>>>>>
2025-03-10 18:51:52,081 : INFO : EventManager : Event: ======'machine_var_audits_switches_s_left_flipper'====== Args={'value': 95, 'prev_value': 94, 'change': 1}
2025-03-10 18:51:52,182 : INFO : SwitchController : <<<<<<< 's_left_flipper' inactive >>>>>>>
2025-03-10 18:51:52,845 : INFO : SwitchController : <<<<<<< 's_right_flipper' active >>>>>>>
2025-03-10 18:51:52,848 : INFO : EventManager : Event: ======'machine_var_audits_switches_s_right_flipper'====== Args={'value': 86, 'prev_value': 85, 'change': 1}
2025-03-10 18:51:52,950 : INFO : SwitchController : <<<<<<< 's_right_flipper' inactive >>>>>>>
2025-03-10 18:51:53,192 : INFO : SwitchController : <<<<<<< 's_right_flipper' active >>>>>>>
2025-03-10 18:51:53,193 : INFO : EventManager : Event: ======'machine_var_audits_switches_s_right_flipper'====== Args={'value': 87, 'prev_value': 86, 'change': 1}
2025-03-10 18:51:53,291 : INFO : SwitchController : <<<<<<< 's_right_flipper' inactive >>>>>>>
2025-03-10 18:51:53,371 : INFO : SwitchController : <<<<<<< 's_right_flipper' active >>>>>>>
2025-03-10 18:51:53,372 : INFO : EventManager : Event: ======'machine_var_audits_switches_s_right_flipper'====== Args={'value': 88, 'prev_value': 87, 'change': 1}
2025-03-10 18:51:53,454 : INFO : SwitchController : <<<<<<< 's_right_flipper' inactive >>>>>>>
2025-03-10 18:51:57,389 : INFO : Machine : Shutting down...
2025-03-10 18:51:57,389 : INFO : EventManager : Event: ======'shutdown'====== Args={}
2025-03-10 18:51:57,392 : INFO : EventManager : Event: ======'mode_game_will_stop'====== Args={}
2025-03-10 18:51:57,392 : INFO : EventManager : Event: ======'mode_game_stopping'====== Args={}
2025-03-10 18:51:57,393 : INFO : EventManager : Event: ======'mode_base_will_stop'====== Args={}
2025-03-10 18:51:57,393 : INFO : EventManager : Event: ======'mode_base_stopping'====== Args={}
2025-03-10 18:51:57,393 : INFO : Mode.base : Stopped.
2025-03-10 18:51:57,393 : INFO : EventManager : Event: ======'modes_active_modes_changed'====== Args={}
2025-03-10 18:51:57,394 : INFO : EventManager : Event: ======'mode_base_stopped'====== Args={}
2025-03-10 18:51:57,394 : INFO : EventManager : Event: ======'clear'====== Args={'key': 'base'}
2025-03-10 18:51:57,394 : INFO : Mode.game : Stopped.
2025-03-10 18:51:57,394 : INFO : EventManager : Event: ======'modes_active_modes_changed'====== Args={}
2025-03-10 18:51:57,394 : INFO : EventManager : Event: ======'mode_game_stopped'====== Args={}
2025-03-10 18:51:57,394 : INFO : EventManager : Event: ======'clear'====== Args={'key': 'game'}
2025-03-10 18:51:57,398 : INFO : root : MPF run loop ended.
