2025-03-22 23:10:18,875 : kivy : deps: Successfully imported "kivy_deps.gstreamer" 0.3.3
2025-03-22 23:10:18,875 : kivy : deps: Successfully imported "kivy_deps.angle" 0.3.3
2025-03-22 23:10:18,875 : kivy : deps: Successfully imported "kivy_deps.glew" 0.3.1
2025-03-22 23:10:18,875 : kivy : deps: Successfully imported "kivy_deps.sdl2" 0.6.0
2025-03-22 23:10:18,875 : kivy : Kivy: v2.2.1
2025-03-22 23:10:18,875 : kivy : Kivy: Installed at "C:\Users\duffb\.pyenv\pyenv-win\versions\3.11.0\Lib\site-packages\kivy\__init__.py"
2025-03-22 23:10:18,875 : kivy : Python: v3.11.0 (main, Oct 24 2022, 18:26:48) [MSC v.1933 64 bit (AMD64)]
2025-03-22 23:10:18,877 : kivy : Python: Interpreter at "C:\Users\duffb\.pyenv\pyenv-win\versions\3.11.0\python.exe"
2025-03-22 23:10:18,894 : kivy : Factory: 190 symbols loaded
2025-03-22 23:10:19,095 : kivy : ImageLoaderFFPy: Using ffpyplayer 4.5.1
2025-03-22 23:10:19,095 : kivy : Image: Providers: img_tex, img_dds, img_sdl2, img_pil, img_ffpyplayer 
2025-03-22 23:10:19,324 : kivy : VideoGstplayer: Using Gstreamer 1.18.5.0
2025-03-22 23:10:19,324 : kivy : Video: Provider: gstplayer
2025-03-22 23:10:19,374 : root : Loading MPF-MC controller
2025-03-22 23:10:19,396 : YamlMultifileConfigLoader : Machine config file #1: config
2025-03-22 23:10:19,396 : ConfigProcessor : Config file in cache changed: C:\Users\duffb\OneDrive\Documents\Python Envs\PinBallWW1\Machine\config\config
2025-03-22 23:10:19,396 : ConfigProcessor : Loading config from file C:\Users\duffb\.pyenv\pyenv-win\versions\3.11.0\Lib\site-packages\mpfmc\mcconfig.yaml.
2025-03-22 23:10:19,403 : ConfigProcessor : Loading config: C:\Users\duffb\.pyenv\pyenv-win\versions\3.11.0\Lib\site-packages\mpfmc\mcconfig.yaml
2025-03-22 23:10:19,403 : ConfigProcessor : Loading config from file C:\Users\duffb\OneDrive\Documents\Python Envs\PinBallWW1\Machine\config\config.
2025-03-22 23:10:19,409 : ConfigProcessor : Loading config: C:\Users\duffb\OneDrive\Documents\Python Envs\PinBallWW1\Machine\config\config
2025-03-22 23:10:19,412 : ConfigProcessor : Config file cache created: C:\Users\duffb\AppData\Local\Temp\de7a4651692d89380cb727f0a44dc491.mpf_cache
2025-03-22 23:10:19,412 : ConfigProcessor : Loading config from cache: C:\Users\duffb\AppData\Local\Temp\ee7db1e8d011f44c876692bb4657f2e9.mpf_cache
2025-03-22 23:10:19,412 : ConfigProcessor : Loading config from cache: C:\Users\duffb\AppData\Local\Temp\9f058d482eac17116727d62a93500be7.mpf_cache
2025-03-22 23:10:19,413 : ConfigProcessor : Loading config from cache: C:\Users\duffb\AppData\Local\Temp\2c9362052ff91db960f514d041b7f4e4.mpf_cache
2025-03-22 23:10:19,414 : ConfigProcessor : Loading config from cache: C:\Users\duffb\AppData\Local\Temp\9e006ea23aa21ec68e01f6c49afad9f4.mpf_cache
2025-03-22 23:10:19,414 : mpfmc : Mission Pinball Framework Media Controller (MPF-MC) v0.57.1. Requires MPF v0.57.0 or newer.
2025-03-22 23:10:19,414 : mpfmc : Found MPF v0.57.0
2025-03-22 23:10:19,414 : mpfmc : Machine path: C:\Users\duffb\OneDrive\Documents\Python Envs\PinBallWW1\Machine
2025-03-22 23:10:19,414 : mpfmc : Starting clock at 60.0Hz
2025-03-22 23:10:19,436 : kivy : Text: Provider: sdl2
2025-03-22 23:10:19,508 : kivy : Window: Provider: sdl2
2025-03-22 23:10:19,780 : kivy : GL: Using the "OpenGL" graphics system
2025-03-22 23:10:19,782 : kivy : GL: GLEW initialization succeeded
2025-03-22 23:10:19,782 : kivy : GL: Backend used <glew>
2025-03-22 23:10:19,782 : kivy : GL: OpenGL version <b'4.6.0 - Build 31.0.101.5592'>
2025-03-22 23:10:19,782 : kivy : GL: OpenGL vendor <b'Intel'>
2025-03-22 23:10:19,782 : kivy : GL: OpenGL renderer <b'Intel(R) UHD Graphics'>
2025-03-22 23:10:19,782 : kivy : GL: OpenGL parsed version: 4, 6
2025-03-22 23:10:19,782 : kivy : GL: Shading version <b'4.60 - Build 31.0.101.5592'>
2025-03-22 23:10:19,782 : kivy : GL: Texture max size <16384>
2025-03-22 23:10:19,782 : kivy : GL: Texture max units <32>
2025-03-22 23:10:19,808 : kivy : Window: auto add sdl2 input provider
2025-03-22 23:10:19,808 : kivy : Window: virtual keyboard not allowed, single mode, not docked
2025-03-22 23:10:20,213 : AudioInterface : Initialized
2025-03-22 23:10:20,214 : AudioInterface : Loaded SDL 2.26.4
2025-03-22 23:10:20,214 : AudioInterface : Loaded SDL_Mixer 2.6.3
2025-03-22 23:10:20,214 : AudioInterface : Loaded GStreamer 1.18.5.0
2025-03-22 23:10:20,214 : AudioInterface : Loaded GLib 2.62.6
2025-03-22 23:10:20,214 : AudioInterface : Settings requested - rate: 44100, channels: 1, buffer: 2048 samples
2025-03-22 23:10:20,214 : AudioInterface : Settings in use - rate: 44100, channels: 1, buffer: 2048 samples (4096 bytes @ 2 bytes per sample)
2025-03-22 23:10:20,214 : SoundSystem : Setting master volume to 0.0
2025-03-22 23:10:20,214 : AudioInterface : Enabling audio playback
2025-03-22 23:10:20,216 : kivy : Base: Start application main loop
2025-03-22 23:10:20,217 : EventManager : Event: ======'display_window_initialized'====== Args={}
2025-03-22 23:10:20,224 : mpfmc : Display: Setting 'window' as default display
2025-03-22 23:10:20,231 : EventManager : Event: ======'displays_initialized'====== Args={}
2025-03-22 23:10:20,234 : EventManager : Event: ======'slide_window_blank_created'====== Args={}
2025-03-22 23:10:20,234 : EventManager : Event: ======'display_window_ready'====== Args={}
2025-03-22 23:10:20,247 : EventManager : Event: ======'init_phase_1'====== Args={}
2025-03-22 23:10:20,251 : EventManager : Event: ======'mc_ready'====== Args={}
2025-03-22 23:10:20,251 : EventManager : Event: ======'init_phase_2'====== Args={}
2025-03-22 23:10:20,253 : EventManager : Event: ======'init_phase_3'====== Args={}
2025-03-22 23:10:20,255 : EventManager : Event: ======'init_phase_4'====== Args={}
2025-03-22 23:10:20,255 : EventManager : Event: ======'init_phase_5'====== Args={}
2025-03-22 23:10:20,315 : kivy : GL: NPOT texture support is available
2025-03-22 23:10:20,319 : EventManager : Event: ======'loading_assets'====== Args={'total': 5, 'loaded': 1, 'remaining': 4, 'percent': 20}
2025-03-22 23:10:20,319 : AssetManager : Loading assets: 1/5 (20%)
2025-03-22 23:10:20,325 : EventManager : Event: ======'loading_assets'====== Args={'total': 5, 'loaded': 5, 'remaining': 0, 'percent': 100}
2025-03-22 23:10:20,325 : AssetManager : Asset loading took: 0.11142325401306152
2025-03-22 23:10:20,326 : EventManager : Event: ======'asset_loading_complete'====== Args={}
2025-03-22 23:10:20,326 : AssetManager : Loading assets: 5/5 (100%)
2025-03-22 23:10:20,326 : EventManager : Event: ======'init_done'====== Args={}
2025-03-22 23:10:20,326 : MPF-MC BCP Server : Starting up on localhost port 5050
2025-03-22 23:10:20,331 : MPF-MC BCP Server : Waiting for a connection...
2025-03-22 23:10:20,336 : EventManager : Event: ======'slide_welcome_slide_created'====== Args={}
2025-03-22 23:10:20,337 : EventManager : Event: ======'slide_welcome_slide_active'====== Args={}
2025-03-22 23:10:20,339 : EventManager : Event: ======'client_disconnected'====== Args={'host': '127.0.0.1', 'port': 5050}
2025-03-22 23:10:21,141 : MPF-MC BCP Server : Received connection from: 127.0.0.1:50295
2025-03-22 23:10:21,179 : EventManager : Event: ======'client_connected'====== Args={'host': '127.0.0.1', 'port': 50295}
2025-03-22 23:10:21,688 : EventManager : Event: ======'machine_var_credits_string'====== Args={'value': 'FREE PLAY', 'prev_value': None, 'change': True}
2025-03-22 23:10:21,688 : EventManager : Event: ======'machine_var_master_volume'====== Args={'value': 0.5, 'prev_value': None, 'change': True}
2025-03-22 23:10:21,689 : EventManager : Event: ======'machine_var_player1_score'====== Args={'value': 8000, 'prev_value': None, 'change': True}
2025-03-22 23:10:21,689 : EventManager : Event: ======'machine_var_player2_score'====== Args={'value': 1000, 'prev_value': None, 'change': True}
2025-03-22 23:10:21,689 : EventManager : Event: ======'machine_var_mpf_version'====== Args={'value': 'Mission Pinball Framework v0.57.0', 'prev_value': None, 'change': True}
2025-03-22 23:10:21,689 : EventManager : Event: ======'machine_var_mpf_extended_version'====== Args={'value': 'Mission Pinball Framework v0.57.0, Config version:6, Show version: 6, BCP version:1.1', 'prev_value': None, 'change': True}
2025-03-22 23:10:21,689 : EventManager : Event: ======'machine_var_python_version'====== Args={'value': '3.11.0', 'prev_value': None, 'change': True}
2025-03-22 23:10:21,689 : EventManager : Event: ======'machine_var_platform'====== Args={'value': 'Windows-10-10.0.26100-SP0', 'prev_value': None, 'change': True}
2025-03-22 23:10:21,689 : EventManager : Event: ======'machine_var_platform_system'====== Args={'value': 'Windows', 'prev_value': None, 'change': True}
2025-03-22 23:10:21,689 : EventManager : Event: ======'machine_var_platform_release'====== Args={'value': '10', 'prev_value': None, 'change': True}
2025-03-22 23:10:21,689 : EventManager : Event: ======'machine_var_platform_version'====== Args={'value': '10.0.26100', 'prev_value': None, 'change': True}
2025-03-22 23:10:21,689 : EventManager : Event: ======'machine_var_platform_machine'====== Args={'value': 'AMD64', 'prev_value': None, 'change': True}
2025-03-22 23:10:21,689 : EventManager : Event: ======'machine_var_mc_version'====== Args={'value': 'MPF-MC v0.57.1', 'prev_value': None, 'change': True}
2025-03-22 23:10:21,689 : EventManager : Event: ======'machine_var_mc_extended_version'====== Args={'value': 'MPF-MC v0.57.1 (config_version=6, BCP v1.1,                      Requires MPF API compatibility v0.57.0 or newer)', 'prev_value': None, 'change': True}
2025-03-22 23:10:21,689 : EventManager : Event: ======'machine_var_credits_string'====== Args={'value': 'FREE PLAY', 'prev_value': None, 'change': True}
2025-03-22 23:10:21,689 : EventManager : Event: ======'machine_var_master_volume'====== Args={'value': 0.5, 'prev_value': None, 'change': True}
2025-03-22 23:10:21,689 : EventManager : Event: ======'machine_var_player1_score'====== Args={'value': 8000, 'prev_value': None, 'change': True}
2025-03-22 23:10:21,689 : EventManager : Event: ======'machine_var_player2_score'====== Args={'value': 1000, 'prev_value': None, 'change': True}
2025-03-22 23:10:21,689 : EventManager : Event: ======'machine_var_mpf_version'====== Args={'value': 'Mission Pinball Framework v0.57.0', 'prev_value': None, 'change': True}
2025-03-22 23:10:21,689 : EventManager : Event: ======'machine_var_mpf_extended_version'====== Args={'value': 'Mission Pinball Framework v0.57.0, Config version:6, Show version: 6, BCP version:1.1', 'prev_value': None, 'change': True}
2025-03-22 23:10:21,689 : EventManager : Event: ======'machine_var_python_version'====== Args={'value': '3.11.0', 'prev_value': None, 'change': True}
2025-03-22 23:10:21,689 : EventManager : Event: ======'machine_var_platform'====== Args={'value': 'Windows-10-10.0.26100-SP0', 'prev_value': None, 'change': True}
2025-03-22 23:10:21,689 : EventManager : Event: ======'machine_var_platform_system'====== Args={'value': 'Windows', 'prev_value': None, 'change': True}
2025-03-22 23:10:21,689 : EventManager : Event: ======'machine_var_platform_release'====== Args={'value': '10', 'prev_value': None, 'change': True}
2025-03-22 23:10:21,689 : EventManager : Event: ======'machine_var_platform_version'====== Args={'value': '10.0.26100', 'prev_value': None, 'change': True}
2025-03-22 23:10:21,689 : EventManager : Event: ======'machine_var_platform_machine'====== Args={'value': 'AMD64', 'prev_value': None, 'change': True}
2025-03-22 23:10:21,689 : EventManager : Event: ======'machine_var_mc_version'====== Args={'value': 'MPF-MC v0.57.1', 'prev_value': None, 'change': True}
2025-03-22 23:10:21,689 : EventManager : Event: ======'machine_var_mc_extended_version'====== Args={'value': 'MPF-MC v0.57.1 (config_version=6, BCP v1.1,                      Requires MPF API compatibility v0.57.0 or newer)', 'prev_value': None, 'change': True}
2025-03-22 23:10:21,689 : EventManager : Event: ======'machine_var_credits_string'====== Args={'value': 'FREE PLAY', 'prev_value': None, 'change': True}
2025-03-22 23:10:21,689 : EventManager : Event: ======'machine_var_master_volume'====== Args={'value': 0.5, 'prev_value': None, 'change': True}
2025-03-22 23:10:21,689 : EventManager : Event: ======'machine_var_player1_score'====== Args={'value': 8000, 'prev_value': None, 'change': True}
2025-03-22 23:10:21,689 : EventManager : Event: ======'machine_var_player2_score'====== Args={'value': 1000, 'prev_value': None, 'change': True}
2025-03-22 23:10:21,689 : EventManager : Event: ======'machine_var_mpf_version'====== Args={'value': 'Mission Pinball Framework v0.57.0', 'prev_value': None, 'change': True}
2025-03-22 23:10:21,689 : EventManager : Event: ======'machine_var_mpf_extended_version'====== Args={'value': 'Mission Pinball Framework v0.57.0, Config version:6, Show version: 6, BCP version:1.1', 'prev_value': None, 'change': True}
2025-03-22 23:10:21,689 : EventManager : Event: ======'machine_var_python_version'====== Args={'value': '3.11.0', 'prev_value': None, 'change': True}
2025-03-22 23:10:21,689 : EventManager : Event: ======'machine_var_platform'====== Args={'value': 'Windows-10-10.0.26100-SP0', 'prev_value': None, 'change': True}
2025-03-22 23:10:21,689 : EventManager : Event: ======'machine_var_platform_system'====== Args={'value': 'Windows', 'prev_value': None, 'change': True}
2025-03-22 23:10:21,689 : EventManager : Event: ======'machine_var_platform_release'====== Args={'value': '10', 'prev_value': None, 'change': True}
2025-03-22 23:10:21,691 : EventManager : Event: ======'machine_var_platform_version'====== Args={'value': '10.0.26100', 'prev_value': None, 'change': True}
2025-03-22 23:10:21,691 : EventManager : Event: ======'machine_var_platform_machine'====== Args={'value': 'AMD64', 'prev_value': None, 'change': True}
2025-03-22 23:10:21,691 : EventManager : Event: ======'machine_var_mc_version'====== Args={'value': 'MPF-MC v0.57.1', 'prev_value': None, 'change': True}
2025-03-22 23:10:21,691 : EventManager : Event: ======'machine_var_mc_extended_version'====== Args={'value': 'MPF-MC v0.57.1 (config_version=6, BCP v1.1,                      Requires MPF API compatibility v0.57.0 or newer)', 'prev_value': None, 'change': True}
2025-03-22 23:10:21,691 : EventManager : Event: ======'machine_var_credits_string'====== Args={'value': 'FREE PLAY', 'prev_value': None, 'change': True}
2025-03-22 23:10:21,691 : EventManager : Event: ======'machine_var_master_volume'====== Args={'value': 0.5, 'prev_value': None, 'change': True}
2025-03-22 23:10:21,691 : EventManager : Event: ======'machine_var_player1_score'====== Args={'value': 8000, 'prev_value': None, 'change': True}
2025-03-22 23:10:21,691 : EventManager : Event: ======'machine_var_player2_score'====== Args={'value': 1000, 'prev_value': None, 'change': True}
2025-03-22 23:10:21,691 : EventManager : Event: ======'machine_var_mpf_version'====== Args={'value': 'Mission Pinball Framework v0.57.0', 'prev_value': None, 'change': True}
2025-03-22 23:10:21,691 : EventManager : Event: ======'machine_var_mpf_extended_version'====== Args={'value': 'Mission Pinball Framework v0.57.0, Config version:6, Show version: 6, BCP version:1.1', 'prev_value': None, 'change': True}
2025-03-22 23:10:21,691 : EventManager : Event: ======'machine_var_python_version'====== Args={'value': '3.11.0', 'prev_value': None, 'change': True}
2025-03-22 23:10:21,691 : EventManager : Event: ======'machine_var_platform'====== Args={'value': 'Windows-10-10.0.26100-SP0', 'prev_value': None, 'change': True}
2025-03-22 23:10:21,691 : EventManager : Event: ======'machine_var_platform_system'====== Args={'value': 'Windows', 'prev_value': None, 'change': True}
2025-03-22 23:10:21,691 : EventManager : Event: ======'machine_var_platform_release'====== Args={'value': '10', 'prev_value': None, 'change': True}
2025-03-22 23:10:21,691 : EventManager : Event: ======'machine_var_platform_version'====== Args={'value': '10.0.26100', 'prev_value': None, 'change': True}
2025-03-22 23:10:21,691 : EventManager : Event: ======'machine_var_platform_machine'====== Args={'value': 'AMD64', 'prev_value': None, 'change': True}
2025-03-22 23:10:21,691 : EventManager : Event: ======'machine_var_mc_version'====== Args={'value': 'MPF-MC v0.57.1', 'prev_value': None, 'change': True}
2025-03-22 23:10:21,691 : EventManager : Event: ======'machine_var_mc_extended_version'====== Args={'value': 'MPF-MC v0.57.1 (config_version=6, BCP v1.1,                      Requires MPF API compatibility v0.57.0 or newer)', 'prev_value': None, 'change': True}
2025-03-22 23:10:21,692 : EventManager : Event: ======'machine_var_audits_events_game_ended'====== Args={'value': 13, 'prev_value': None, 'change': True}
2025-03-22 23:10:21,692 : EventManager : Event: ======'machine_var_audits_events_game_started'====== Args={'value': 77, 'prev_value': None, 'change': True}
2025-03-22 23:10:21,692 : EventManager : Event: ======'machine_var_audits_missing_switches_s_Lane2'====== Args={'value': 5, 'prev_value': None, 'change': True}
2025-03-22 23:10:21,692 : EventManager : Event: ======'machine_var_audits_missing_switches_s_Lane3'====== Args={'value': 5, 'prev_value': None, 'change': True}
2025-03-22 23:10:21,692 : EventManager : Event: ======'machine_var_audits_missing_switches_s_Target1'====== Args={'value': 4, 'prev_value': None, 'change': True}
2025-03-22 23:10:21,692 : EventManager : Event: ======'machine_var_audits_missing_switches_s_Target2'====== Args={'value': 4, 'prev_value': None, 'change': True}
2025-03-22 23:10:21,692 : EventManager : Event: ======'machine_var_audits_missing_switches_s_Target3'====== Args={'value': 4, 'prev_value': None, 'change': True}
2025-03-22 23:10:21,692 : EventManager : Event: ======'machine_var_audits_missing_switches_s_Target4'====== Args={'value': 4, 'prev_value': None, 'change': True}
2025-03-22 23:10:21,692 : EventManager : Event: ======'machine_var_audits_missing_switches_s_drain'====== Args={'value': 6, 'prev_value': None, 'change': True}
2025-03-22 23:10:21,692 : EventManager : Event: ======'machine_var_audits_missing_switches_s_left_flipper'====== Args={'value': 25, 'prev_value': None, 'change': True}
2025-03-22 23:10:21,692 : EventManager : Event: ======'machine_var_audits_missing_switches_s_right_flipper'====== Args={'value': 25, 'prev_value': None, 'change': True}
2025-03-22 23:10:21,692 : EventManager : Event: ======'machine_var_audits_missing_switches_s_start_button'====== Args={'value': 12, 'prev_value': None, 'change': True}
2025-03-22 23:10:21,692 : EventManager : Event: ======'machine_var_audits_missing_switches_s_trough1'====== Args={'value': 30, 'prev_value': None, 'change': True}
2025-03-22 23:10:21,692 : EventManager : Event: ======'machine_var_audits_missing_switches_s_trough2'====== Args={'value': 33, 'prev_value': None, 'change': True}
2025-03-22 23:10:21,692 : EventManager : Event: ======'machine_var_audits_missing_switches_s_trough3'====== Args={'value': 37, 'prev_value': None, 'change': True}
2025-03-22 23:10:21,692 : EventManager : Event: ======'machine_var_audits_missing_switches_s_trough_enter'====== Args={'value': 32, 'prev_value': None, 'change': True}
2025-03-22 23:10:21,692 : EventManager : Event: ======'machine_var_audits_player_score'====== Args={'value': {'average': 124, 'top': [8000, 1000, 0, 0, 0, 0, 0, 0, 0, 0], 'total': 16}, 'prev_value': None, 'change': True}
2025-03-22 23:10:21,692 : EventManager : Event: ======'machine_var_audits_switches_s_Lane1'====== Args={'value': 47, 'prev_value': None, 'change': True}
2025-03-22 23:10:21,692 : EventManager : Event: ======'machine_var_audits_switches_s_Lane2'====== Args={'value': 26, 'prev_value': None, 'change': True}
2025-03-22 23:10:21,692 : EventManager : Event: ======'machine_var_audits_switches_s_Lane3'====== Args={'value': 24, 'prev_value': None, 'change': True}
2025-03-22 23:10:21,692 : EventManager : Event: ======'machine_var_audits_switches_s_Lane4'====== Args={'value': 31, 'prev_value': None, 'change': True}
2025-03-22 23:10:21,692 : EventManager : Event: ======'machine_var_audits_switches_s_Target1'====== Args={'value': 69, 'prev_value': None, 'change': True}
2025-03-22 23:10:21,692 : EventManager : Event: ======'machine_var_audits_switches_s_Target2'====== Args={'value': 62, 'prev_value': None, 'change': True}
2025-03-22 23:10:21,692 : EventManager : Event: ======'machine_var_audits_switches_s_Target3'====== Args={'value': 69, 'prev_value': None, 'change': True}
2025-03-22 23:10:21,692 : EventManager : Event: ======'machine_var_audits_switches_s_Target4'====== Args={'value': 58, 'prev_value': None, 'change': True}
2025-03-22 23:10:21,692 : EventManager : Event: ======'machine_var_audits_switches_s_drain'====== Args={'value': 0, 'prev_value': None, 'change': True}
2025-03-22 23:10:21,692 : EventManager : Event: ======'machine_var_audits_switches_s_launcher_button'====== Args={'value': 160, 'prev_value': None, 'change': True}
2025-03-22 23:10:21,692 : EventManager : Event: ======'machine_var_audits_switches_s_left_flipper'====== Args={'value': 103, 'prev_value': None, 'change': True}
2025-03-22 23:10:21,693 : EventManager : Event: ======'machine_var_audits_switches_s_playfield_entry'====== Args={'value': 213, 'prev_value': None, 'change': True}
2025-03-22 23:10:21,693 : EventManager : Event: ======'machine_var_audits_switches_s_plunger_lane'====== Args={'value': 161, 'prev_value': None, 'change': True}
2025-03-22 23:10:21,693 : EventManager : Event: ======'machine_var_audits_switches_s_pointTarget'====== Args={'value': 193, 'prev_value': None, 'change': True}
2025-03-22 23:10:21,693 : EventManager : Event: ======'machine_var_audits_switches_s_right_flipper'====== Args={'value': 95, 'prev_value': None, 'change': True}
2025-03-22 23:10:21,693 : EventManager : Event: ======'machine_var_audits_switches_s_start_button'====== Args={'value': 0, 'prev_value': None, 'change': True}
2025-03-22 23:10:21,693 : EventManager : Event: ======'machine_var_audits_switches_s_trough1'====== Args={'value': 109, 'prev_value': None, 'change': True}
2025-03-22 23:10:21,693 : EventManager : Event: ======'machine_var_audits_switches_s_trough2'====== Args={'value': 17, 'prev_value': None, 'change': True}
2025-03-22 23:10:21,693 : EventManager : Event: ======'machine_var_audits_switches_s_trough3'====== Args={'value': 14, 'prev_value': None, 'change': True}
2025-03-22 23:10:21,693 : EventManager : Event: ======'machine_var_audits_switches_s_trough_enter'====== Args={'value': 1, 'prev_value': None, 'change': True}
2025-03-22 23:10:21,693 : EventManager : Event: ======'slides_play'====== Args={'settings': {'welcome_slide': {'target': None, 'background_color': [0.0, 0.0, 0.0, 1.0], 'priority': None, 'show': True, 'force': False, 'expire': None, 'slide': None, 'tokens': {}, 'action': 'play'}}, 'context': '_global', 'calling_context': 'init_done', 'priority': 0}
2025-03-22 23:10:21,693 : EventManager : Event: ======'mc_reset_phase_1'====== Args={}
2025-03-22 23:10:21,693 : SoundSystem : Setting master volume to 0.5
2025-03-22 23:10:21,693 : SoundSystem : Setting master volume to 0.5
2025-03-22 23:10:21,693 : SoundSystem : Setting master volume to 0.5
2025-03-22 23:10:21,693 : SoundSystem : Setting master volume to 0.5
2025-03-22 23:10:21,693 : EventManager : Event: ======'slide_welcome_slide_removed'====== Args={}
2025-03-22 23:10:21,696 : EventManager : Event: ======'slide_welcome_slide_created'====== Args={}
2025-03-22 23:10:21,696 : EventManager : Event: ======'mc_reset_phase_2'====== Args={}
2025-03-22 23:10:21,698 : EventManager : Event: ======'mc_reset_phase_3'====== Args={}
2025-03-22 23:10:21,698 : EventManager : Event: ======'mc_reset_complete'====== Args={}
2025-03-22 23:10:21,700 : EventManager : Event: ======'slide_welcome_slide_active'====== Args={}
2025-03-22 23:10:21,712 : EventManager : Event: ======'slides_play'====== Args={'settings': {'ship_slide': {'widgets': [{'type': 'image', 'image': 'ship', '_default_settings': ['type', 'image'], 'x': None, 'y': None, 'anchor_x': 'center', 'anchor_y': 'center', 'round_anchor_x': None, 'round_anchor_y': None, 'opacity': 1.0, 'z': 0, 'reset_animations_events': {}, 'color': [1.0, 1.0, 1.0, 1.0], 'style': [], 'adjust_top': 0, 'adjust_bottom': 0, 'adjust_left': 0, 'adjust_right': 0, 'expire': None, 'key': None, 'widget': None, 'events_when_added': [], 'events_when_removed': [], 'fps': 10, 'loops': -1, 'auto_play': True, 'start_frame': 0, 'rotation': 0, 'scale': 1.0, 'animations': None}], 'target': None, 'background_color': [0.0, 0.0, 0.0, 1.0], 'priority': None, 'show': True, 'force': False, 'expire': None, 'slide': None, 'tokens': {}, 'action': 'play'}}, 'context': 'show_2', 'calling_context': 0, 'priority': 10, 'show_tokens': {}, 'start_time': 87448.671}
2025-03-22 23:10:21,712 : EventManager : Event: ======'sounds_play'====== Args={'settings': {'main': {'action': 'play', 'priority': None, 'block': False, 'delay': None, 'track': None, 'volume': None, 'ducking': {}, 'pan': None, 'loops': None, 'start_at': None, 'fade_in': None, 'fade_out': None, 'about_to_finish_time': -1.0, 'max_queue_time': -1.0, 'events_when_played': ['use_sound_setting'], 'events_when_stopped': ['use_sound_setting'], 'events_when_looping': ['use_sound_setting'], 'events_when_about_to_finish': ['use_sound_setting'], 'mode_end_action': 'use_sound_setting', 'key': 'use_sound_setting'}}, 'context': '_global', 'calling_context': 'mode_attract_started', 'priority': 0}
2025-03-22 23:10:21,714 : EventManager : Event: ======'slide_ship_slide_created'====== Args={}
2025-03-22 23:10:21,719 : EventManager : Event: ======'slide_ship_slide_active'====== Args={}
2025-03-22 23:10:22,257 : kivy : WindowSDL: Window is now on display 1
2025-03-22 23:10:22,259 : EventManager : Event: ======'loading_assets'====== Args={'total': 1, 'loaded': 1, 'remaining': 0, 'percent': 100}
2025-03-22 23:10:22,259 : AssetManager : Asset loading took: 2.045588731765747
2025-03-22 23:10:22,259 : EventManager : Event: ======'asset_loading_complete'====== Args={}
2025-03-22 23:10:22,259 : AssetManager : Loading assets: 1/1 (100%)
2025-03-22 23:10:26,683 : EventManager : Event: ======'slides_play'====== Args={'settings': {'starting_slide': {'widgets': [{'type': 'image', 'image': 'start', 'animations': {'pre_show_slide': [{'property': ['opacity'], 'value': ['0'], 'duration': 0.5, 'relative': False, 'timing': 'after_previous', 'repeat': False, 'easing': 'linear', 'step': 0.0}, {'property': ['opacity'], 'value': ['1'], 'duration': 0.5, 'repeat': True, 'relative': False, 'timing': 'after_previous', 'easing': 'linear', 'step': 0.0}]}, '_default_settings': ['type', 'image', 'animations'], 'x': None, 'y': None, 'anchor_x': 'center', 'anchor_y': 'center', 'round_anchor_x': None, 'round_anchor_y': None, 'opacity': 1.0, 'z': 0, 'reset_animations_events': {}, 'color': [1.0, 1.0, 1.0, 1.0], 'style': [], 'adjust_top': 0, 'adjust_bottom': 0, 'adjust_left': 0, 'adjust_right': 0, 'expire': None, 'key': None, 'widget': None, 'events_when_added': [], 'events_when_removed': [], 'fps': 10, 'loops': -1, 'auto_play': True, 'start_frame': 0, 'rotation': 0, 'scale': 1.0}, {'type': 'image', 'image': 'start_game', '_default_settings': ['type', 'image'], 'x': None, 'y': None, 'anchor_x': 'center', 'anchor_y': 'center', 'round_anchor_x': None, 'round_anchor_y': None, 'opacity': 1.0, 'z': 0, 'reset_animations_events': {}, 'color': [1.0, 1.0, 1.0, 1.0], 'style': [], 'adjust_top': 0, 'adjust_bottom': 0, 'adjust_left': 0, 'adjust_right': 0, 'expire': None, 'key': None, 'widget': None, 'events_when_added': [], 'events_when_removed': [], 'fps': 10, 'loops': -1, 'auto_play': True, 'start_frame': 0, 'rotation': 0, 'scale': 1.0, 'animations': None}], 'transition': {'type': 'push', 'duration': 1.0, 'direction': 'left', 'easing': 'out_quad'}, 'target': None, 'background_color': [0.0, 0.0, 0.0, 1.0], 'priority': None, 'show': True, 'force': False, 'expire': None, 'slide': None, 'tokens': {}, 'action': 'play'}}, 'context': 'show_2', 'calling_context': 1, 'priority': 10, 'show_tokens': {}, 'start_time': 87453.671}
2025-03-22 23:10:26,685 : EventManager : Event: ======'slide_starting_slide_created'====== Args={}
2025-03-22 23:10:26,686 : EventManager : Event: ======'slide_starting_slide_active'====== Args={}
2025-03-22 23:10:31,698 : EventManager : Event: ======'slides_play'====== Args={'settings': {'company_slide': {'widgets': [{'type': 'image', 'image': 'company', '_default_settings': ['type', 'image'], 'x': None, 'y': None, 'anchor_x': 'center', 'anchor_y': 'center', 'round_anchor_x': None, 'round_anchor_y': None, 'opacity': 1.0, 'z': 0, 'reset_animations_events': {}, 'color': [1.0, 1.0, 1.0, 1.0], 'style': [], 'adjust_top': 0, 'adjust_bottom': 0, 'adjust_left': 0, 'adjust_right': 0, 'expire': None, 'key': None, 'widget': None, 'events_when_added': [], 'events_when_removed': [], 'fps': 10, 'loops': -1, 'auto_play': True, 'start_frame': 0, 'rotation': 0, 'scale': 1.0, 'animations': None}, {'type': 'text', 'text': '(machine|player1_score)', 'number_grouping': True, 'min_digits': 2, 'font_size': 50, 'y': '40%', '_default_settings': ['type', 'text', 'number_grouping', 'min_digits', 'font_size', 'y'], 'x': None, 'anchor_x': 'center', 'anchor_y': 'center', 'round_anchor_x': None, 'round_anchor_y': None, 'opacity': 1.0, 'z': 0, 'reset_animations_events': {}, 'color': [1.0, 1.0, 1.0, 1.0], 'style': [], 'adjust_top': 0, 'adjust_bottom': 0, 'adjust_left': 0, 'adjust_right': 0, 'expire': None, 'key': None, 'widget': None, 'events_when_added': [], 'events_when_removed': [], 'bitmap_font': False, 'font_kerning': True, 'bold': False, 'italic': False, 'halign': 'center', 'valign': 'middle', 'rotation': 0, 'scale': 1.0, 'casing': None, 'outline_color': [1.0, 1.0, 1.0, 1.0], 'outline_width': 0, 'animations': None}], 'transition': {'type': 'move_in', 'duration': 1.0, 'direction': 'right', 'easing': 'out_quad'}, 'target': None, 'background_color': [0.0, 0.0, 0.0, 1.0], 'priority': None, 'show': True, 'force': False, 'expire': None, 'slide': None, 'tokens': {}, 'action': 'play'}}, 'context': 'show_2', 'calling_context': 2, 'priority': 10, 'show_tokens': {}, 'start_time': 87458.671}
2025-03-22 23:10:31,720 : EventManager : Event: ======'slide_company_slide_created'====== Args={}
2025-03-22 23:10:31,722 : EventManager : Unordered handler for class <Text Widget text=8,000> on event machine_var_player1_score with priority 1. Handlers: [RegisteredHandler(callback=<bound method Text._machine_var_change of <Text Widget text=8,000>>, priority=1, kwargs={}, key=UUID('77e21d00-6b3e-493a-980c-d7723462581b'), condition=None, blocking_facility=None), RegisteredHandler(callback=<bound method Text._machine_var_change of <Text Widget text=8,000>>, priority=1, kwargs={}, key=UUID('dbd81e95-c530-4553-9de7-89801a56e330'), condition=None, blocking_facility=None)]. The order of those handlers is not defined and they will be executed in random order. This might lead to race conditions and potential bugs.
2025-03-22 23:10:31,733 : EventManager : Event: ======'slide_company_slide_active'====== Args={}
2025-03-22 23:10:36,704 : EventManager : Event: ======'slides_play'====== Args={'settings': {'lastgame_slide': {'widgets': [{'type': 'image', 'image': 'last_game', '_default_settings': ['type', 'image'], 'x': None, 'y': None, 'anchor_x': 'center', 'anchor_y': 'center', 'round_anchor_x': None, 'round_anchor_y': None, 'opacity': 1.0, 'z': 0, 'reset_animations_events': {}, 'color': [1.0, 1.0, 1.0, 1.0], 'style': [], 'adjust_top': 0, 'adjust_bottom': 0, 'adjust_left': 0, 'adjust_right': 0, 'expire': None, 'key': None, 'widget': None, 'events_when_added': [], 'events_when_removed': [], 'fps': 10, 'loops': -1, 'auto_play': True, 'start_frame': 0, 'rotation': 0, 'scale': 1.0, 'animations': None}], 'transition': {'type': 'move_in', 'duration': 1.0, 'direction': 'top', 'easing': 'out_quad'}, 'target': None, 'background_color': [0.0, 0.0, 0.0, 1.0], 'priority': None, 'show': True, 'force': False, 'expire': None, 'slide': None, 'tokens': {}, 'action': 'play'}}, 'context': 'show_2', 'calling_context': 3, 'priority': 10, 'show_tokens': {}, 'start_time': 87463.671}
2025-03-22 23:10:36,706 : EventManager : Event: ======'slide_lastgame_slide_created'====== Args={}
2025-03-22 23:10:36,706 : EventManager : Event: ======'slide_lastgame_slide_active'====== Args={}
2025-03-22 23:10:41,704 : EventManager : Event: ======'slides_play'====== Args={'settings': {'ship_slide': {'widgets': [{'type': 'image', 'image': 'ship', '_default_settings': ['type', 'image'], 'x': None, 'y': None, 'anchor_x': 'center', 'anchor_y': 'center', 'round_anchor_x': None, 'round_anchor_y': None, 'opacity': 1.0, 'z': 0, 'reset_animations_events': {}, 'color': [1.0, 1.0, 1.0, 1.0], 'style': [], 'adjust_top': 0, 'adjust_bottom': 0, 'adjust_left': 0, 'adjust_right': 0, 'expire': None, 'key': None, 'widget': None, 'events_when_added': [], 'events_when_removed': [], 'fps': 10, 'loops': -1, 'auto_play': True, 'start_frame': 0, 'rotation': 0, 'scale': 1.0, 'animations': None}], 'target': None, 'background_color': [0.0, 0.0, 0.0, 1.0], 'priority': None, 'show': True, 'force': False, 'expire': None, 'slide': None, 'tokens': {}, 'action': 'play'}}, 'context': 'show_2', 'calling_context': 0, 'priority': 10, 'show_tokens': {}, 'start_time': 87468.671}
2025-03-22 23:10:41,705 : EventManager : Event: ======'slide_ship_slide_removed'====== Args={}
2025-03-22 23:10:41,715 : EventManager : Event: ======'slide_ship_slide_created'====== Args={}
2025-03-22 23:10:41,716 : EventManager : Event: ======'slide_ship_slide_active'====== Args={}
2025-03-22 23:10:46,696 : EventManager : Event: ======'slides_play'====== Args={'settings': {'starting_slide': {'widgets': [{'type': 'image', 'image': 'start', 'animations': {'pre_show_slide': [{'property': ['opacity'], 'value': ['0'], 'duration': 0.5, 'relative': False, 'timing': 'after_previous', 'repeat': False, 'easing': 'linear', 'step': 0.0}, {'property': ['opacity'], 'value': ['1'], 'duration': 0.5, 'repeat': True, 'relative': False, 'timing': 'after_previous', 'easing': 'linear', 'step': 0.0}]}, '_default_settings': ['type', 'image', 'animations'], 'x': None, 'y': None, 'anchor_x': 'center', 'anchor_y': 'center', 'round_anchor_x': None, 'round_anchor_y': None, 'opacity': 1.0, 'z': 0, 'reset_animations_events': {}, 'color': [1.0, 1.0, 1.0, 1.0], 'style': [], 'adjust_top': 0, 'adjust_bottom': 0, 'adjust_left': 0, 'adjust_right': 0, 'expire': None, 'key': None, 'widget': None, 'events_when_added': [], 'events_when_removed': [], 'fps': 10, 'loops': -1, 'auto_play': True, 'start_frame': 0, 'rotation': 0, 'scale': 1.0}, {'type': 'image', 'image': 'start_game', '_default_settings': ['type', 'image'], 'x': None, 'y': None, 'anchor_x': 'center', 'anchor_y': 'center', 'round_anchor_x': None, 'round_anchor_y': None, 'opacity': 1.0, 'z': 0, 'reset_animations_events': {}, 'color': [1.0, 1.0, 1.0, 1.0], 'style': [], 'adjust_top': 0, 'adjust_bottom': 0, 'adjust_left': 0, 'adjust_right': 0, 'expire': None, 'key': None, 'widget': None, 'events_when_added': [], 'events_when_removed': [], 'fps': 10, 'loops': -1, 'auto_play': True, 'start_frame': 0, 'rotation': 0, 'scale': 1.0, 'animations': None}], 'transition': {'type': 'push', 'duration': 1.0, 'direction': 'left', 'easing': 'out_quad'}, 'target': None, 'background_color': [0.0, 0.0, 0.0, 1.0], 'priority': None, 'show': True, 'force': False, 'expire': None, 'slide': None, 'tokens': {}, 'action': 'play'}}, 'context': 'show_2', 'calling_context': 1, 'priority': 10, 'show_tokens': {}, 'start_time': 87473.671}
2025-03-22 23:10:46,696 : EventManager : Event: ======'slide_starting_slide_removed'====== Args={}
2025-03-22 23:10:46,702 : EventManager : Event: ======'slide_starting_slide_created'====== Args={}
2025-03-22 23:10:46,702 : EventManager : Event: ======'slide_starting_slide_active'====== Args={}
2025-03-22 23:10:51,680 : EventManager : Event: ======'slides_play'====== Args={'settings': {'company_slide': {'widgets': [{'type': 'image', 'image': 'company', '_default_settings': ['type', 'image'], 'x': None, 'y': None, 'anchor_x': 'center', 'anchor_y': 'center', 'round_anchor_x': None, 'round_anchor_y': None, 'opacity': 1.0, 'z': 0, 'reset_animations_events': {}, 'color': [1.0, 1.0, 1.0, 1.0], 'style': [], 'adjust_top': 0, 'adjust_bottom': 0, 'adjust_left': 0, 'adjust_right': 0, 'expire': None, 'key': None, 'widget': None, 'events_when_added': [], 'events_when_removed': [], 'fps': 10, 'loops': -1, 'auto_play': True, 'start_frame': 0, 'rotation': 0, 'scale': 1.0, 'animations': None}, {'type': 'text', 'text': '(machine|player1_score)', 'number_grouping': True, 'min_digits': 2, 'font_size': 50, 'y': '40%', '_default_settings': ['type', 'text', 'number_grouping', 'min_digits', 'font_size', 'y'], 'x': None, 'anchor_x': 'center', 'anchor_y': 'center', 'round_anchor_x': None, 'round_anchor_y': None, 'opacity': 1.0, 'z': 0, 'reset_animations_events': {}, 'color': [1.0, 1.0, 1.0, 1.0], 'style': [], 'adjust_top': 0, 'adjust_bottom': 0, 'adjust_left': 0, 'adjust_right': 0, 'expire': None, 'key': None, 'widget': None, 'events_when_added': [], 'events_when_removed': [], 'bitmap_font': False, 'font_kerning': True, 'bold': False, 'italic': False, 'halign': 'center', 'valign': 'middle', 'rotation': 0, 'scale': 1.0, 'casing': None, 'outline_color': [1.0, 1.0, 1.0, 1.0], 'outline_width': 0, 'animations': None}], 'transition': {'type': 'move_in', 'duration': 1.0, 'direction': 'right', 'easing': 'out_quad'}, 'target': None, 'background_color': [0.0, 0.0, 0.0, 1.0], 'priority': None, 'show': True, 'force': False, 'expire': None, 'slide': None, 'tokens': {}, 'action': 'play'}}, 'context': 'show_2', 'calling_context': 2, 'priority': 10, 'show_tokens': {}, 'start_time': 87478.671}
2025-03-22 23:10:51,683 : EventManager : Event: ======'slide_company_slide_removed'====== Args={}
2025-03-22 23:10:51,698 : EventManager : Event: ======'slide_company_slide_created'====== Args={}
2025-03-22 23:10:51,698 : EventManager : Unordered handler for class <Text Widget text=8,000> on event machine_var_player1_score with priority 1. Handlers: [RegisteredHandler(callback=<bound method Text._machine_var_change of <Text Widget text=8,000>>, priority=1, kwargs={}, key=UUID('0342f516-690b-4d46-8916-50c643fb736c'), condition=None, blocking_facility=None), RegisteredHandler(callback=<bound method Text._machine_var_change of <Text Widget text=8,000>>, priority=1, kwargs={}, key=UUID('545ddbed-360d-4254-8e0f-534d7519dc7b'), condition=None, blocking_facility=None)]. The order of those handlers is not defined and they will be executed in random order. This might lead to race conditions and potential bugs.
2025-03-22 23:10:51,699 : EventManager : Event: ======'slide_company_slide_active'====== Args={}
2025-03-22 23:10:56,695 : EventManager : Event: ======'slides_play'====== Args={'settings': {'lastgame_slide': {'widgets': [{'type': 'image', 'image': 'last_game', '_default_settings': ['type', 'image'], 'x': None, 'y': None, 'anchor_x': 'center', 'anchor_y': 'center', 'round_anchor_x': None, 'round_anchor_y': None, 'opacity': 1.0, 'z': 0, 'reset_animations_events': {}, 'color': [1.0, 1.0, 1.0, 1.0], 'style': [], 'adjust_top': 0, 'adjust_bottom': 0, 'adjust_left': 0, 'adjust_right': 0, 'expire': None, 'key': None, 'widget': None, 'events_when_added': [], 'events_when_removed': [], 'fps': 10, 'loops': -1, 'auto_play': True, 'start_frame': 0, 'rotation': 0, 'scale': 1.0, 'animations': None}], 'transition': {'type': 'move_in', 'duration': 1.0, 'direction': 'top', 'easing': 'out_quad'}, 'target': None, 'background_color': [0.0, 0.0, 0.0, 1.0], 'priority': None, 'show': True, 'force': False, 'expire': None, 'slide': None, 'tokens': {}, 'action': 'play'}}, 'context': 'show_2', 'calling_context': 3, 'priority': 10, 'show_tokens': {}, 'start_time': 87483.671}
2025-03-22 23:10:56,698 : EventManager : Event: ======'slide_lastgame_slide_removed'====== Args={}
2025-03-22 23:10:56,711 : EventManager : Event: ======'slide_lastgame_slide_created'====== Args={}
2025-03-22 23:10:56,714 : EventManager : Event: ======'slide_lastgame_slide_active'====== Args={}
2025-03-22 23:11:01,681 : EventManager : Event: ======'slides_play'====== Args={'settings': {'ship_slide': {'widgets': [{'type': 'image', 'image': 'ship', '_default_settings': ['type', 'image'], 'x': None, 'y': None, 'anchor_x': 'center', 'anchor_y': 'center', 'round_anchor_x': None, 'round_anchor_y': None, 'opacity': 1.0, 'z': 0, 'reset_animations_events': {}, 'color': [1.0, 1.0, 1.0, 1.0], 'style': [], 'adjust_top': 0, 'adjust_bottom': 0, 'adjust_left': 0, 'adjust_right': 0, 'expire': None, 'key': None, 'widget': None, 'events_when_added': [], 'events_when_removed': [], 'fps': 10, 'loops': -1, 'auto_play': True, 'start_frame': 0, 'rotation': 0, 'scale': 1.0, 'animations': None}], 'target': None, 'background_color': [0.0, 0.0, 0.0, 1.0], 'priority': None, 'show': True, 'force': False, 'expire': None, 'slide': None, 'tokens': {}, 'action': 'play'}}, 'context': 'show_2', 'calling_context': 0, 'priority': 10, 'show_tokens': {}, 'start_time': 87488.671}
2025-03-22 23:11:01,683 : EventManager : Event: ======'slide_ship_slide_removed'====== Args={}
2025-03-22 23:11:01,705 : EventManager : Event: ======'slide_ship_slide_created'====== Args={}
2025-03-22 23:11:01,712 : EventManager : Event: ======'slide_ship_slide_active'====== Args={}
2025-03-22 23:11:06,698 : EventManager : Event: ======'slides_play'====== Args={'settings': {'starting_slide': {'widgets': [{'type': 'image', 'image': 'start', 'animations': {'pre_show_slide': [{'property': ['opacity'], 'value': ['0'], 'duration': 0.5, 'relative': False, 'timing': 'after_previous', 'repeat': False, 'easing': 'linear', 'step': 0.0}, {'property': ['opacity'], 'value': ['1'], 'duration': 0.5, 'repeat': True, 'relative': False, 'timing': 'after_previous', 'easing': 'linear', 'step': 0.0}]}, '_default_settings': ['type', 'image', 'animations'], 'x': None, 'y': None, 'anchor_x': 'center', 'anchor_y': 'center', 'round_anchor_x': None, 'round_anchor_y': None, 'opacity': 1.0, 'z': 0, 'reset_animations_events': {}, 'color': [1.0, 1.0, 1.0, 1.0], 'style': [], 'adjust_top': 0, 'adjust_bottom': 0, 'adjust_left': 0, 'adjust_right': 0, 'expire': None, 'key': None, 'widget': None, 'events_when_added': [], 'events_when_removed': [], 'fps': 10, 'loops': -1, 'auto_play': True, 'start_frame': 0, 'rotation': 0, 'scale': 1.0}, {'type': 'image', 'image': 'start_game', '_default_settings': ['type', 'image'], 'x': None, 'y': None, 'anchor_x': 'center', 'anchor_y': 'center', 'round_anchor_x': None, 'round_anchor_y': None, 'opacity': 1.0, 'z': 0, 'reset_animations_events': {}, 'color': [1.0, 1.0, 1.0, 1.0], 'style': [], 'adjust_top': 0, 'adjust_bottom': 0, 'adjust_left': 0, 'adjust_right': 0, 'expire': None, 'key': None, 'widget': None, 'events_when_added': [], 'events_when_removed': [], 'fps': 10, 'loops': -1, 'auto_play': True, 'start_frame': 0, 'rotation': 0, 'scale': 1.0, 'animations': None}], 'transition': {'type': 'push', 'duration': 1.0, 'direction': 'left', 'easing': 'out_quad'}, 'target': None, 'background_color': [0.0, 0.0, 0.0, 1.0], 'priority': None, 'show': True, 'force': False, 'expire': None, 'slide': None, 'tokens': {}, 'action': 'play'}}, 'context': 'show_2', 'calling_context': 1, 'priority': 10, 'show_tokens': {}, 'start_time': 87493.671}
2025-03-22 23:11:06,699 : EventManager : Event: ======'slide_starting_slide_removed'====== Args={}
2025-03-22 23:11:06,711 : EventManager : Event: ======'slide_starting_slide_created'====== Args={}
2025-03-22 23:11:06,712 : EventManager : Event: ======'slide_starting_slide_active'====== Args={}
2025-03-22 23:11:11,718 : EventManager : Event: ======'slides_play'====== Args={'settings': {'company_slide': {'widgets': [{'type': 'image', 'image': 'company', '_default_settings': ['type', 'image'], 'x': None, 'y': None, 'anchor_x': 'center', 'anchor_y': 'center', 'round_anchor_x': None, 'round_anchor_y': None, 'opacity': 1.0, 'z': 0, 'reset_animations_events': {}, 'color': [1.0, 1.0, 1.0, 1.0], 'style': [], 'adjust_top': 0, 'adjust_bottom': 0, 'adjust_left': 0, 'adjust_right': 0, 'expire': None, 'key': None, 'widget': None, 'events_when_added': [], 'events_when_removed': [], 'fps': 10, 'loops': -1, 'auto_play': True, 'start_frame': 0, 'rotation': 0, 'scale': 1.0, 'animations': None}, {'type': 'text', 'text': '(machine|player1_score)', 'number_grouping': True, 'min_digits': 2, 'font_size': 50, 'y': '40%', '_default_settings': ['type', 'text', 'number_grouping', 'min_digits', 'font_size', 'y'], 'x': None, 'anchor_x': 'center', 'anchor_y': 'center', 'round_anchor_x': None, 'round_anchor_y': None, 'opacity': 1.0, 'z': 0, 'reset_animations_events': {}, 'color': [1.0, 1.0, 1.0, 1.0], 'style': [], 'adjust_top': 0, 'adjust_bottom': 0, 'adjust_left': 0, 'adjust_right': 0, 'expire': None, 'key': None, 'widget': None, 'events_when_added': [], 'events_when_removed': [], 'bitmap_font': False, 'font_kerning': True, 'bold': False, 'italic': False, 'halign': 'center', 'valign': 'middle', 'rotation': 0, 'scale': 1.0, 'casing': None, 'outline_color': [1.0, 1.0, 1.0, 1.0], 'outline_width': 0, 'animations': None}], 'transition': {'type': 'move_in', 'duration': 1.0, 'direction': 'right', 'easing': 'out_quad'}, 'target': None, 'background_color': [0.0, 0.0, 0.0, 1.0], 'priority': None, 'show': True, 'force': False, 'expire': None, 'slide': None, 'tokens': {}, 'action': 'play'}}, 'context': 'show_2', 'calling_context': 2, 'priority': 10, 'show_tokens': {}, 'start_time': 87498.671}
2025-03-22 23:11:11,726 : EventManager : Event: ======'slide_company_slide_removed'====== Args={}
2025-03-22 23:11:11,733 : EventManager : Event: ======'slide_company_slide_created'====== Args={}
2025-03-22 23:11:11,733 : EventManager : Unordered handler for class <Text Widget text=8,000> on event machine_var_player1_score with priority 1. Handlers: [RegisteredHandler(callback=<bound method Text._machine_var_change of <Text Widget text=8,000>>, priority=1, kwargs={}, key=UUID('dd06251c-4278-41eb-a23c-9883ef4dd961'), condition=None, blocking_facility=None), RegisteredHandler(callback=<bound method Text._machine_var_change of <Text Widget text=8,000>>, priority=1, kwargs={}, key=UUID('fee2ed3a-d22b-44ea-8ac7-9707ab1f0475'), condition=None, blocking_facility=None)]. The order of those handlers is not defined and they will be executed in random order. This might lead to race conditions and potential bugs.
2025-03-22 23:11:11,740 : EventManager : Event: ======'slide_company_slide_active'====== Args={}
2025-03-22 23:11:16,686 : EventManager : Event: ======'slides_play'====== Args={'settings': {'lastgame_slide': {'widgets': [{'type': 'image', 'image': 'last_game', '_default_settings': ['type', 'image'], 'x': None, 'y': None, 'anchor_x': 'center', 'anchor_y': 'center', 'round_anchor_x': None, 'round_anchor_y': None, 'opacity': 1.0, 'z': 0, 'reset_animations_events': {}, 'color': [1.0, 1.0, 1.0, 1.0], 'style': [], 'adjust_top': 0, 'adjust_bottom': 0, 'adjust_left': 0, 'adjust_right': 0, 'expire': None, 'key': None, 'widget': None, 'events_when_added': [], 'events_when_removed': [], 'fps': 10, 'loops': -1, 'auto_play': True, 'start_frame': 0, 'rotation': 0, 'scale': 1.0, 'animations': None}], 'transition': {'type': 'move_in', 'duration': 1.0, 'direction': 'top', 'easing': 'out_quad'}, 'target': None, 'background_color': [0.0, 0.0, 0.0, 1.0], 'priority': None, 'show': True, 'force': False, 'expire': None, 'slide': None, 'tokens': {}, 'action': 'play'}}, 'context': 'show_2', 'calling_context': 3, 'priority': 10, 'show_tokens': {}, 'start_time': 87503.671}
2025-03-22 23:11:16,687 : EventManager : Event: ======'slide_lastgame_slide_removed'====== Args={}
2025-03-22 23:11:16,690 : EventManager : Event: ======'slide_lastgame_slide_created'====== Args={}
2025-03-22 23:11:16,691 : EventManager : Event: ======'slide_lastgame_slide_active'====== Args={}
2025-03-22 23:11:19,271 : EventManager : Event: ======'game_started'====== Args={}
2025-03-22 23:11:19,283 : EventManager : Event: ======'slides_clear'====== Args={'context': 'show_2'}
2025-03-22 23:11:19,283 : EventManager : Event: ======'sounds_play'====== Args={'settings': {'main': {'action': 'stop', 'priority': None, 'block': False, 'delay': None, 'track': None, 'volume': None, 'ducking': {}, 'pan': None, 'loops': None, 'start_at': None, 'fade_in': None, 'fade_out': None, 'about_to_finish_time': -1.0, 'max_queue_time': -1.0, 'events_when_played': ['use_sound_setting'], 'events_when_stopped': ['use_sound_setting'], 'events_when_looping': ['use_sound_setting'], 'events_when_about_to_finish': ['use_sound_setting'], 'mode_end_action': 'use_sound_setting', 'key': 'use_sound_setting'}}, 'context': '_global', 'calling_context': 'mode_attract_stopped', 'priority': 0}
2025-03-22 23:11:19,283 : EventManager : Event: ======'player_added'====== Args={'player': <Player 1>, 'num': 1}
2025-03-22 23:11:19,283 : EventManager : Event: ======'player_index'====== Args={'value': 0, 'prev_value': 0, 'change': 0, 'player_num': 1}
2025-03-22 23:11:19,283 : EventManager : Event: ======'player_number'====== Args={'value': 1, 'prev_value': 1, 'change': 0, 'player_num': 1}
2025-03-22 23:11:19,283 : EventManager : Event: ======'player_score'====== Args={'value': 0, 'prev_value': 0, 'change': 0, 'player_num': 1}
2025-03-22 23:11:19,283 : EventManager : Event: ======'slide_ship_slide_removed'====== Args={}
2025-03-22 23:11:19,284 : EventManager : Event: ======'slide_starting_slide_removed'====== Args={}
2025-03-22 23:11:19,284 : EventManager : Event: ======'slide_company_slide_removed'====== Args={}
2025-03-22 23:11:19,284 : EventManager : Event: ======'slide_lastgame_slide_removed'====== Args={}
2025-03-22 23:11:19,286 : EventManager : Event: ======'slide_welcome_slide_active'====== Args={}
2025-03-22 23:11:19,321 : EventManager : Event: ======'player_ball'====== Args={'value': 1, 'prev_value': 0, 'change': 1, 'player_num': 1}
2025-03-22 23:11:19,321 : EventManager : Event: ======'player_turn_start'====== Args={'number': 1, 'player': <Player 1>}
2025-03-22 23:11:19,333 : EventManager : Event: ======'slides_play'====== Args={'settings': {'objective_slide': {'widgets': [{'type': 'text', 'text': 'You are currently on the first island.', 'font_size': 20, 'y': '50%', '_default_settings': ['type', 'text', 'font_size', 'y'], 'x': None, 'anchor_x': 'center', 'anchor_y': 'center', 'round_anchor_x': None, 'round_anchor_y': None, 'opacity': 1.0, 'z': 0, 'reset_animations_events': {}, 'color': [1.0, 1.0, 1.0, 1.0], 'style': [], 'adjust_top': 0, 'adjust_bottom': 0, 'adjust_left': 0, 'adjust_right': 0, 'expire': None, 'key': None, 'widget': None, 'events_when_added': [], 'events_when_removed': [], 'bitmap_font': False, 'font_kerning': True, 'bold': False, 'italic': False, 'number_grouping': False, 'min_digits': 0, 'halign': 'center', 'valign': 'middle', 'rotation': 0, 'scale': 1.0, 'casing': None, 'outline_color': [1.0, 1.0, 1.0, 1.0], 'outline_width': 0, 'animations': None}], 'target': None, 'background_color': [0.0, 0.0, 0.0, 1.0], 'priority': None, 'show': True, 'force': False, 'expire': None, 'slide': None, 'tokens': {}, 'action': 'play'}}, 'context': 'show_4', 'calling_context': 0, 'priority': 200, 'show_tokens': {}, 'start_time': 87506.296}
2025-03-22 23:11:19,340 : EventManager : Event: ======'slide_objective_slide_created'====== Args={}
2025-03-22 23:11:19,341 : EventManager : Event: ======'slide_objective_slide_active'====== Args={}
2025-03-22 23:11:19,481 : EventManager : Event: ======'machine_var_audits_switches_s_plunger_lane'====== Args={'value': 162, 'prev_value': 161, 'change': 1}
2025-03-22 23:11:24,325 : EventManager : Event: ======'slides_play'====== Args={'settings': {'objective_slide': {'widgets': [{'type': 'text', 'text': 'Score 10k points and hit 3 point targets!', 'font_size': 20, 'y': '50%', '_default_settings': ['type', 'text', 'font_size', 'y'], 'x': None, 'anchor_x': 'center', 'anchor_y': 'center', 'round_anchor_x': None, 'round_anchor_y': None, 'opacity': 1.0, 'z': 0, 'reset_animations_events': {}, 'color': [1.0, 1.0, 1.0, 1.0], 'style': [], 'adjust_top': 0, 'adjust_bottom': 0, 'adjust_left': 0, 'adjust_right': 0, 'expire': None, 'key': None, 'widget': None, 'events_when_added': [], 'events_when_removed': [], 'bitmap_font': False, 'font_kerning': True, 'bold': False, 'italic': False, 'number_grouping': False, 'min_digits': 0, 'halign': 'center', 'valign': 'middle', 'rotation': 0, 'scale': 1.0, 'casing': None, 'outline_color': [1.0, 1.0, 1.0, 1.0], 'outline_width': 0, 'animations': None}], 'target': None, 'background_color': [0.0, 0.0, 0.0, 1.0], 'priority': None, 'show': True, 'force': False, 'expire': None, 'slide': None, 'tokens': {}, 'action': 'play'}}, 'context': 'show_4', 'calling_context': 1, 'priority': 200, 'show_tokens': {}, 'start_time': 87511.296}
2025-03-22 23:11:24,326 : EventManager : Event: ======'slide_objective_slide_removed'====== Args={}
2025-03-22 23:11:24,338 : EventManager : Event: ======'slide_objective_slide_created'====== Args={}
2025-03-22 23:11:24,340 : EventManager : Event: ======'slide_objective_slide_active'====== Args={}
2025-03-22 23:11:29,314 : EventManager : Event: ======'slides_play'====== Args={'settings': {'objective_slide': {'widgets': [{'type': 'text', 'text': 'Go get them soldier!!!', 'font_size': 20, 'y': '50%', '_default_settings': ['type', 'text', 'font_size', 'y'], 'x': None, 'anchor_x': 'center', 'anchor_y': 'center', 'round_anchor_x': None, 'round_anchor_y': None, 'opacity': 1.0, 'z': 0, 'reset_animations_events': {}, 'color': [1.0, 1.0, 1.0, 1.0], 'style': [], 'adjust_top': 0, 'adjust_bottom': 0, 'adjust_left': 0, 'adjust_right': 0, 'expire': None, 'key': None, 'widget': None, 'events_when_added': [], 'events_when_removed': [], 'bitmap_font': False, 'font_kerning': True, 'bold': False, 'italic': False, 'number_grouping': False, 'min_digits': 0, 'halign': 'center', 'valign': 'middle', 'rotation': 0, 'scale': 1.0, 'casing': None, 'outline_color': [1.0, 1.0, 1.0, 1.0], 'outline_width': 0, 'animations': None}], 'target': None, 'background_color': [0.0, 0.0, 0.0, 1.0], 'priority': None, 'show': True, 'force': False, 'expire': None, 'slide': None, 'tokens': {}, 'action': 'play'}}, 'context': 'show_4', 'calling_context': 2, 'priority': 200, 'show_tokens': {}, 'start_time': 87516.296}
2025-03-22 23:11:29,318 : EventManager : Event: ======'slide_objective_slide_removed'====== Args={}
2025-03-22 23:11:29,326 : EventManager : Event: ======'slide_objective_slide_created'====== Args={}
2025-03-22 23:11:29,327 : EventManager : Event: ======'slide_objective_slide_active'====== Args={}
2025-03-22 23:11:29,927 : EventManager : Event: ======'machine_var_audits_switches_s_launcher_button'====== Args={'value': 161, 'prev_value': 160, 'change': 1}
2025-03-22 23:11:30,112 : EventManager : Event: ======'machine_var_audits_switches_s_launcher_button'====== Args={'value': 162, 'prev_value': 161, 'change': 1}
2025-03-22 23:11:30,325 : EventManager : Event: ======'machine_var_audits_switches_s_launcher_button'====== Args={'value': 163, 'prev_value': 162, 'change': 1}
2025-03-22 23:11:30,550 : EventManager : Event: ======'machine_var_audits_switches_s_launcher_button'====== Args={'value': 164, 'prev_value': 163, 'change': 1}
2025-03-22 23:11:30,766 : EventManager : Event: ======'machine_var_audits_switches_s_launcher_button'====== Args={'value': 165, 'prev_value': 164, 'change': 1}
2025-03-22 23:11:30,992 : EventManager : Event: ======'machine_var_audits_switches_s_launcher_button'====== Args={'value': 166, 'prev_value': 165, 'change': 1}
2025-03-22 23:11:31,206 : EventManager : Event: ======'machine_var_audits_switches_s_launcher_button'====== Args={'value': 167, 'prev_value': 166, 'change': 1}
2025-03-22 23:11:31,516 : EventManager : Event: ======'machine_var_audits_switches_s_launcher_button'====== Args={'value': 168, 'prev_value': 167, 'change': 1}
2025-03-22 23:11:31,779 : EventManager : Event: ======'machine_var_audits_switches_s_launcher_button'====== Args={'value': 169, 'prev_value': 168, 'change': 1}
2025-03-22 23:11:34,331 : EventManager : Event: ======'slides_clear'====== Args={'context': 'show_4'}
2025-03-22 23:11:34,336 : EventManager : Event: ======'slide_objective_slide_removed'====== Args={}
2025-03-22 23:11:34,338 : EventManager : Event: ======'slide_welcome_slide_active'====== Args={}
2025-03-22 23:11:34,352 : EventManager : Event: ======'slides_play'====== Args={'settings': {'widgets': {'widgets': [{'type': 'text', 'text': '(score)', 'number_grouping': True, 'min_digits': 2, 'font_size': 100, '_default_settings': ['type', 'text', 'number_grouping', 'min_digits', 'font_size'], 'x': None, 'y': None, 'anchor_x': 'center', 'anchor_y': 'center', 'round_anchor_x': None, 'round_anchor_y': None, 'opacity': 1.0, 'z': 0, 'reset_animations_events': {}, 'color': [1.0, 1.0, 1.0, 1.0], 'style': [], 'adjust_top': 0, 'adjust_bottom': 0, 'adjust_left': 0, 'adjust_right': 0, 'expire': None, 'key': None, 'widget': None, 'events_when_added': [], 'events_when_removed': [], 'bitmap_font': False, 'font_kerning': True, 'bold': False, 'italic': False, 'halign': 'center', 'valign': 'middle', 'rotation': 0, 'scale': 1.0, 'casing': None, 'outline_color': [1.0, 1.0, 1.0, 1.0], 'outline_width': 0, 'animations': None}, {'type': 'text', 'text': 'PLAYER (ball)', 'y': '10', 'x': '10', 'font_size': 50, 'anchor_x': 'left', 'anchor_y': 'bottom', '_default_settings': ['type', 'text', 'y', 'x', 'font_size', 'anchor_x', 'anchor_y'], 'round_anchor_x': None, 'round_anchor_y': None, 'opacity': 1.0, 'z': 0, 'reset_animations_events': {}, 'color': [1.0, 1.0, 1.0, 1.0], 'style': [], 'adjust_top': 0, 'adjust_bottom': 0, 'adjust_left': 0, 'adjust_right': 0, 'expire': None, 'key': None, 'widget': None, 'events_when_added': [], 'events_when_removed': [], 'bitmap_font': False, 'font_kerning': True, 'bold': False, 'italic': False, 'number_grouping': False, 'min_digits': 0, 'halign': 'center', 'valign': 'middle', 'rotation': 0, 'scale': 1.0, 'casing': None, 'outline_color': [1.0, 1.0, 1.0, 1.0], 'outline_width': 0, 'animations': None}, {'type': 'text', 'text': 'BALL (number)', 'y': '10', 'x': 'right-10', 'anchor_x': 'right', 'anchor_y': 'bottom', 'font_size': 50, '_default_settings': ['type', 'text', 'y', 'x', 'anchor_x', 'anchor_y', 'font_size'], 'round_anchor_x': None, 'round_anchor_y': None, 'opacity': 1.0, 'z': 0, 'reset_animations_events': {}, 'color': [1.0, 1.0, 1.0, 1.0], 'style': [], 'adjust_top': 0, 'adjust_bottom': 0, 'adjust_left': 0, 'adjust_right': 0, 'expire': None, 'key': None, 'widget': None, 'events_when_added': [], 'events_when_removed': [], 'bitmap_font': False, 'font_kerning': True, 'bold': False, 'italic': False, 'number_grouping': False, 'min_digits': 0, 'halign': 'center', 'valign': 'middle', 'rotation': 0, 'scale': 1.0, 'casing': None, 'outline_color': [1.0, 1.0, 1.0, 1.0], 'outline_width': 0, 'animations': None}], 'target': None, 'background_color': [0.0, 0.0, 0.0, 1.0], 'priority': None, 'show': True, 'force': False, 'expire': None, 'slide': None, 'tokens': {}, 'action': 'play'}}, 'context': 'base', 'calling_context': 'mode_base_started', 'priority': 100}
2025-03-22 23:11:34,392 : EventManager : Event: ======'slide_base.slide_player-mode_base_started_created'====== Args={}
2025-03-22 23:11:34,397 : EventManager : Event: ======'slide_base.slide_player-mode_base_started_active'====== Args={}
