2025-03-19 13:53:57,171 : kivy : deps: Successfully imported "kivy_deps.gstreamer" 0.3.3
2025-03-19 13:53:57,171 : kivy : deps: Successfully imported "kivy_deps.angle" 0.3.3
2025-03-19 13:53:57,171 : kivy : deps: Successfully imported "kivy_deps.glew" 0.3.1
2025-03-19 13:53:57,171 : kivy : deps: Successfully imported "kivy_deps.sdl2" 0.6.0
2025-03-19 13:53:57,171 : kivy : Kivy: v2.2.1
2025-03-19 13:53:57,171 : kivy : Kivy: Installed at "C:\Users\duffb\.pyenv\pyenv-win\versions\3.11.0\Lib\site-packages\kivy\__init__.py"
2025-03-19 13:53:57,171 : kivy : Python: v3.11.0 (main, Oct 24 2022, 18:26:48) [MSC v.1933 64 bit (AMD64)]
2025-03-19 13:53:57,172 : kivy : Python: Interpreter at "C:\Users\duffb\.pyenv\pyenv-win\versions\3.11.0\python.exe"
2025-03-19 13:53:57,193 : kivy : Factory: 190 symbols loaded
2025-03-19 13:53:57,379 : kivy : ImageLoaderFFPy: Using ffpyplayer 4.5.1
2025-03-19 13:53:57,379 : kivy : Image: Providers: img_tex, img_dds, img_sdl2, img_pil, img_ffpyplayer 
2025-03-19 13:53:57,679 : kivy : VideoGstplayer: Using Gstreamer 1.18.5.0
2025-03-19 13:53:57,680 : kivy : Video: Provider: gstplayer
2025-03-19 13:53:57,730 : root : Loading MPF-MC controller
2025-03-19 13:53:57,754 : YamlMultifileConfigLoader : Machine config file #1: config
2025-03-19 13:53:57,756 : ConfigProcessor : Config file in cache changed: C:\Users\duffb\OneDrive\Documents\Python Envs\PinBallWW1\Machine\config\config
2025-03-19 13:53:57,756 : ConfigProcessor : Loading config from file C:\Users\duffb\.pyenv\pyenv-win\versions\3.11.0\Lib\site-packages\mpfmc\mcconfig.yaml.
2025-03-19 13:53:57,767 : ConfigProcessor : Loading config: C:\Users\duffb\.pyenv\pyenv-win\versions\3.11.0\Lib\site-packages\mpfmc\mcconfig.yaml
2025-03-19 13:53:57,767 : ConfigProcessor : Loading config from file C:\Users\duffb\OneDrive\Documents\Python Envs\PinBallWW1\Machine\config\config.
2025-03-19 13:53:57,772 : ConfigProcessor : Loading config: C:\Users\duffb\OneDrive\Documents\Python Envs\PinBallWW1\Machine\config\config
2025-03-19 13:53:57,774 : ConfigProcessor : Config file cache created: C:\Users\duffb\AppData\Local\Temp\de7a4651692d89380cb727f0a44dc491.mpf_cache
2025-03-19 13:53:57,776 : ConfigProcessor : Loading config from cache: C:\Users\duffb\AppData\Local\Temp\ee7db1e8d011f44c876692bb4657f2e9.mpf_cache
2025-03-19 13:53:57,778 : ConfigProcessor : Loading config from cache: C:\Users\duffb\AppData\Local\Temp\9f058d482eac17116727d62a93500be7.mpf_cache
2025-03-19 13:53:57,778 : ConfigProcessor : Loading config from cache: C:\Users\duffb\AppData\Local\Temp\2c9362052ff91db960f514d041b7f4e4.mpf_cache
2025-03-19 13:53:57,779 : ConfigProcessor : Loading config from cache: C:\Users\duffb\AppData\Local\Temp\9e006ea23aa21ec68e01f6c49afad9f4.mpf_cache
2025-03-19 13:53:57,779 : mpfmc : Mission Pinball Framework Media Controller (MPF-MC) v0.57.1. Requires MPF v0.57.0 or newer.
2025-03-19 13:53:57,779 : mpfmc : Found MPF v0.57.0
2025-03-19 13:53:57,779 : mpfmc : Machine path: C:\Users\duffb\OneDrive\Documents\Python Envs\PinBallWW1\Machine
2025-03-19 13:53:57,781 : mpfmc : Starting clock at 60.0Hz
2025-03-19 13:53:57,801 : kivy : Text: Provider: sdl2
2025-03-19 13:53:57,855 : kivy : Window: Provider: sdl2
2025-03-19 13:53:58,211 : kivy : GL: Using the "OpenGL" graphics system
2025-03-19 13:53:58,214 : kivy : GL: GLEW initialization succeeded
2025-03-19 13:53:58,215 : kivy : GL: Backend used <glew>
2025-03-19 13:53:58,215 : kivy : GL: OpenGL version <b'4.6.0 - Build 31.0.101.5592'>
2025-03-19 13:53:58,215 : kivy : GL: OpenGL vendor <b'Intel'>
2025-03-19 13:53:58,215 : kivy : GL: OpenGL renderer <b'Intel(R) UHD Graphics'>
2025-03-19 13:53:58,215 : kivy : GL: OpenGL parsed version: 4, 6
2025-03-19 13:53:58,215 : kivy : GL: Shading version <b'4.60 - Build 31.0.101.5592'>
2025-03-19 13:53:58,216 : kivy : GL: Texture max size <16384>
2025-03-19 13:53:58,216 : kivy : GL: Texture max units <32>
2025-03-19 13:53:58,243 : kivy : Window: auto add sdl2 input provider
2025-03-19 13:53:58,244 : kivy : Window: virtual keyboard not allowed, single mode, not docked
2025-03-19 13:53:58,676 : AudioInterface : Initialized
2025-03-19 13:53:58,676 : AudioInterface : Loaded SDL 2.26.4
2025-03-19 13:53:58,676 : AudioInterface : Loaded SDL_Mixer 2.6.3
2025-03-19 13:53:58,676 : AudioInterface : Loaded GStreamer 1.18.5.0
2025-03-19 13:53:58,676 : AudioInterface : Loaded GLib 2.62.6
2025-03-19 13:53:58,676 : AudioInterface : Settings requested - rate: 44100, channels: 1, buffer: 2048 samples
2025-03-19 13:53:58,676 : AudioInterface : Settings in use - rate: 44100, channels: 1, buffer: 2048 samples (4096 bytes @ 2 bytes per sample)
2025-03-19 13:53:58,677 : SoundSystem : Setting master volume to 0.0
2025-03-19 13:53:58,677 : AudioInterface : Enabling audio playback
2025-03-19 13:53:58,679 : kivy : Base: Start application main loop
2025-03-19 13:53:58,679 : EventManager : Event: ======'display_window_initialized'====== Args={}
2025-03-19 13:53:58,691 : mpfmc : Display: Setting 'window' as default display
2025-03-19 13:53:58,697 : EventManager : Event: ======'displays_initialized'====== Args={}
2025-03-19 13:53:58,698 : EventManager : Event: ======'slide_window_blank_created'====== Args={}
2025-03-19 13:53:58,699 : EventManager : Event: ======'display_window_ready'====== Args={}
2025-03-19 13:53:58,713 : EventManager : Event: ======'init_phase_1'====== Args={}
2025-03-19 13:53:58,716 : EventManager : Event: ======'mc_ready'====== Args={}
2025-03-19 13:53:58,716 : EventManager : Event: ======'init_phase_2'====== Args={}
2025-03-19 13:53:58,718 : EventManager : Event: ======'init_phase_3'====== Args={}
2025-03-19 13:53:58,720 : EventManager : Event: ======'init_phase_4'====== Args={}
2025-03-19 13:53:58,720 : EventManager : Event: ======'init_phase_5'====== Args={}
2025-03-19 13:53:58,732 : kivy : GL: NPOT texture support is available
2025-03-19 13:53:58,740 : EventManager : Event: ======'loading_assets'====== Args={'total': 5, 'loaded': 1, 'remaining': 4, 'percent': 20}
2025-03-19 13:53:58,741 : AssetManager : Loading assets: 1/5 (20%)
2025-03-19 13:53:58,765 : EventManager : Event: ======'loading_assets'====== Args={'total': 5, 'loaded': 5, 'remaining': 0, 'percent': 100}
2025-03-19 13:53:58,765 : AssetManager : Asset loading took: 0.08771824836730957
2025-03-19 13:53:58,765 : EventManager : Event: ======'asset_loading_complete'====== Args={}
2025-03-19 13:53:58,765 : AssetManager : Loading assets: 5/5 (100%)
2025-03-19 13:53:58,765 : EventManager : Event: ======'init_done'====== Args={}
2025-03-19 13:53:58,765 : MPF-MC BCP Server : Starting up on localhost port 5050
2025-03-19 13:53:58,770 : MPF-MC BCP Server : Waiting for a connection...
2025-03-19 13:53:58,774 : EventManager : Event: ======'slide_welcome_slide_created'====== Args={}
2025-03-19 13:53:58,775 : EventManager : Event: ======'slide_welcome_slide_active'====== Args={}
2025-03-19 13:53:58,779 : EventManager : Event: ======'client_disconnected'====== Args={'host': '127.0.0.1', 'port': 5050}
2025-03-19 13:53:59,626 : MPF-MC BCP Server : Received connection from: 127.0.0.1:53391
2025-03-19 13:53:59,630 : EventManager : Event: ======'client_connected'====== Args={'host': '127.0.0.1', 'port': 53391}
2025-03-19 13:53:59,679 : mpfmc : Shutting down due to child thread crash
2025-03-19 13:53:59,679 : mpfmc : Crash details: Traceback (most recent call last):
  File "C:\Users\duffb\.pyenv\pyenv-win\versions\3.11.0\Lib\site-packages\mpfmc\core\bcp_server.py", line 153, in run
    data_read = self.connection.recv(8192)
                ^^^^^^^^^^^^^^^^^^^^^^^^^^
ConnectionResetError: [WinError 10054] An existing connection was forcibly closed by the remote host

2025-03-19 13:53:59,679 : mpfmc : Stopping...
2025-03-19 13:53:59,679 : EventManager : Event: ======'shutdown'====== Args={}
2025-03-19 13:53:59,679 : AudioInterface : Disabling audio playback
2025-03-19 13:53:59,795 : mpfmc : Loop rate 67.17 Hz
2025-03-19 13:53:59,795 : kivy : Base: Leaving application in progress...
2025-03-19 13:53:59,795 : mpfmc : Stopping...
2025-03-19 13:53:59,795 : EventManager : Event: ======'shutdown'====== Args={}
2025-03-19 13:53:59,795 : mpfmc : Loop rate 67.14 Hz
2025-03-19 13:53:59,796 : root : MC run loop ended.
2025-03-19 13:53:59,796 : root : Stopping child threads... (1 remaining)
2025-03-19 13:54:00,632 : MPF-MC BCP Server : Stopping BCP sending thread
2025-03-19 13:54:00,701 : root : All child threads stopped.
