2025-03-06 22:27:30,178 : INFO : root : Loading config.
2025-03-06 22:27:30,181 : INFO : YamlMultifileConfigLoader : Machine config file #1: config.yaml
2025-03-06 22:27:30,181 : WARNING : ConfigProcessor : Config file in cache changed: C:\Users\duffb\OneDrive\Documents\Python Envs\PinBallWW1\Machine\config\config.yaml
2025-03-06 22:27:30,181 : INFO : ConfigProcessor : Loading config from file C:\Users\duffb\.pyenv\pyenv-win\versions\3.11.0\Lib\site-packages\mpf\mpfconfig.yaml.
2025-03-06 22:27:30,191 : INFO : ConfigProcessor : Loading config: C:\Users\duffb\.pyenv\pyenv-win\versions\3.11.0\Lib\site-packages\mpf\mpfconfig.yaml
2025-03-06 22:27:30,191 : INFO : ConfigProcessor : Loading config from file C:\Users\duffb\OneDrive\Documents\Python Envs\PinBallWW1\Machine\config\config.yaml.
2025-03-06 22:27:30,208 : INFO : ConfigProcessor : Loading config: C:\Users\duffb\OneDrive\Documents\Python Envs\PinBallWW1\Machine\config\config.yaml
2025-03-06 22:27:30,210 : INFO : ConfigProcessor : Config file cache created: C:\Users\duffb\AppData\Local\Temp\cadfdee4981114acd6fff59d1071b59b.mpf_cache
2025-03-06 22:27:30,285 : WARNING : ConfigProcessor : Config file in cache changed: C:\Users\duffb\OneDrive\Documents\Python Envs\PinBallWW1\Machine\modes\attract\config\attract.yaml
2025-03-06 22:27:30,286 : INFO : ConfigProcessor : Loading config from file C:\Users\duffb\.pyenv\pyenv-win\versions\3.11.0\Lib\site-packages\mpf\modes\attract\config\attract.yaml.
2025-03-06 22:27:30,286 : INFO : ConfigProcessor : Loading config: C:\Users\duffb\.pyenv\pyenv-win\versions\3.11.0\Lib\site-packages\mpf\modes\attract\config\attract.yaml
2025-03-06 22:27:30,286 : INFO : ConfigProcessor : Loading config from file C:\Users\duffb\OneDrive\Documents\Python Envs\PinBallWW1\Machine\modes\attract\config\attract.yaml.
2025-03-06 22:27:30,299 : INFO : ConfigProcessor : Loading config: C:\Users\duffb\OneDrive\Documents\Python Envs\PinBallWW1\Machine\modes\attract\config\attract.yaml
2025-03-06 22:27:30,299 : INFO : ConfigProcessor : Config file cache created: C:\Users\duffb\AppData\Local\Temp\ee7db1e8d011f44c876692bb4657f2e9.mpf_cache
2025-03-06 22:27:30,300 : INFO : ConfigProcessor : Loading config from cache: C:\Users\duffb\AppData\Local\Temp\9f058d482eac17116727d62a93500be7.mpf_cache
2025-03-06 22:27:30,301 : INFO : ConfigProcessor : Loading config from cache: C:\Users\duffb\AppData\Local\Temp\9e006ea23aa21ec68e01f6c49afad9f4.mpf_cache
2025-03-06 22:27:30,301 : WARNING : ConfigProcessor : Config file in cache changed: C:\Users\duffb\OneDrive\Documents\Python Envs\PinBallWW1\Machine\modes\attract\shows\.\attract_display_loop.yaml
2025-03-06 22:27:30,301 : INFO : ConfigProcessor : Loading config from file C:\Users\duffb\OneDrive\Documents\Python Envs\PinBallWW1\Machine\modes\attract\shows\.\attract_display_loop.yaml.
2025-03-06 22:27:30,315 : INFO : ConfigProcessor : Loading config: C:\Users\duffb\OneDrive\Documents\Python Envs\PinBallWW1\Machine\modes\attract\shows\.\attract_display_loop.yaml
2025-03-06 22:27:30,316 : INFO : ConfigProcessor : Config file cache created: C:\Users\duffb\AppData\Local\Temp\fd253b339e263587268891c4dd997fbd.mpf_cache
2025-03-06 22:27:30,316 : INFO : Machine : Mission Pinball Framework Core Engine v0.57.0
2025-03-06 22:27:30,316 : INFO : Machine : Command line arguments: {'no_load_cache': False, 'create_config_cache': True, 'bcp': True, 'configfile': ['config.yaml'], 'force_assets_load': False, 'platform_integration_test': False, 'jsonlogging': False, 'logfile': 'logs\\2025-03-06-22-27-30-mpf-T0SHIII.log', 'pause': False, 'production': False, 'text_ui': True, 'loglevel': 15, 'consoleloglevel': 20, 'force_platform': None, 'syslog_address': None, 'mc_file_name': None, 'no_sound': False}
2025-03-06 22:27:30,316 : INFO : Machine : MPF path: C:\Users\duffb\.pyenv\pyenv-win\versions\3.11.0\Lib\site-packages\mpf
2025-03-06 22:27:30,316 : INFO : Machine : Machine path: C:\Users\duffb\OneDrive\Documents\Python Envs\PinBallWW1\Machine
2025-03-06 22:27:30,316 : INFO : Machine : Platform: win32
2025-03-06 22:27:30,316 : INFO : Machine : Python executable location: C:\Users\duffb\.pyenv\pyenv-win\versions\3.11.0\python.exe
2025-03-06 22:27:30,316 : INFO : Machine : Python version: 3.11.0 (64-bit)
2025-03-06 22:27:30,318 : INFO : Machine : Initializing MPF...
2025-03-06 22:27:30,494 : INFO : EventManager : Event: ======'machine_var_credits_string'====== Args={'value': 'FREE PLAY', 'prev_value': None, 'change': True}
2025-03-06 22:27:30,541 : INFO : EventManager : Event: ======'machine_var_master_volume'====== Args={'value': 0.5, 'prev_value': None, 'change': True}
2025-03-06 22:27:30,541 : INFO : EventManager : Event: ======'machine_var_player1_score'====== Args={'value': 8000, 'prev_value': None, 'change': True}
2025-03-06 22:27:30,541 : INFO : EventManager : Event: ======'machine_var_player2_score'====== Args={'value': 1000, 'prev_value': None, 'change': True}
2025-03-06 22:27:30,541 : INFO : EventManager : Event: ======'machine_var_mpf_version'====== Args={'value': 'Mission Pinball Framework v0.57.0', 'prev_value': None, 'change': True}
2025-03-06 22:27:30,541 : INFO : EventManager : Event: ======'machine_var_mpf_extended_version'====== Args={'value': 'Mission Pinball Framework v0.57.0, Config version:6, Show version: 6, BCP version:1.1', 'prev_value': None, 'change': True}
2025-03-06 22:27:30,542 : INFO : EventManager : Event: ======'machine_var_python_version'====== Args={'value': '3.11.0', 'prev_value': None, 'change': True}
2025-03-06 22:27:30,551 : INFO : EventManager : Event: ======'machine_var_platform'====== Args={'value': 'Windows-10-10.0.26100-SP0', 'prev_value': None, 'change': True}
2025-03-06 22:27:30,551 : INFO : EventManager : Event: ======'machine_var_platform_system'====== Args={'value': 'Windows', 'prev_value': None, 'change': True}
2025-03-06 22:27:30,551 : INFO : EventManager : Event: ======'machine_var_platform_release'====== Args={'value': '10', 'prev_value': None, 'change': True}
2025-03-06 22:27:30,551 : INFO : EventManager : Event: ======'machine_var_platform_version'====== Args={'value': '10.0.26100', 'prev_value': None, 'change': True}
2025-03-06 22:27:30,551 : INFO : EventManager : Event: ======'machine_var_platform_machine'====== Args={'value': 'AMD64', 'prev_value': None, 'change': True}
2025-03-06 22:27:30,551 : INFO : EventManager : Event: ======'init_phase_1'====== Args={}
2025-03-06 22:27:30,562 : INFO : EventManager : Event: ======'init_phase_2'====== Args={}
2025-03-06 22:27:30,562 : INFO : SwitchController : Found active switch: ('3', <Platform.SmartVirtual>) <switch.s_trough1>
2025-03-06 22:27:30,562 : INFO : SwitchController : Found active switch: ('4', <Platform.SmartVirtual>) <switch.s_trough2>
2025-03-06 22:27:30,562 : INFO : SwitchController : Found active switch: ('5', <Platform.SmartVirtual>) <switch.s_trough3>
2025-03-06 22:27:30,564 : INFO : EventManager : Event: ======'bcp_connection_attempt'====== Args={'name': 'local_display', 'host': 'localhost', 'port': 5050}
2025-03-06 22:27:30,566 : INFO : BCPClientSocket : Connecting BCP to 'local_display' at localhost:5050...
2025-03-06 22:27:32,628 : INFO : BCPClientSocket : Connected BCP to 'local_display' localhost:5050
2025-03-06 22:27:32,630 : INFO : EventManager : Event: ======'bcp_clients_connected'====== Args={}
2025-03-06 22:27:32,812 : INFO : ball_device.bd_trough : BCH: Initial count: 3
2025-03-06 22:27:32,813 : INFO : EventManager : Event: ======'machine_var_mc_version'====== Args={'value': 'MPF-MC v0.57.1', 'prev_value': None, 'change': True}
2025-03-06 22:27:32,813 : INFO : EventManager : Event: ======'machine_var_mc_extended_version'====== Args={'value': 'MPF-MC v0.57.1 (config_version=6, BCP v1.1,                      Requires MPF API compatibility v0.57.0 or newer)', 'prev_value': None, 'change': True}
2025-03-06 22:27:32,814 : INFO : ball_device.bd_trough : State: idle
2025-03-06 22:27:32,835 : INFO : ball_device.bd_plunger_lane : BCH: Initial count: 0
2025-03-06 22:27:32,835 : INFO : ball_device.bd_plunger_lane : State: idle
2025-03-06 22:27:32,842 : INFO : EventManager : Event: ======'init_phase_3'====== Args={}
2025-03-06 22:27:32,845 : INFO : EventManager : Event: ======'init_phase_4'====== Args={}
2025-03-06 22:27:32,845 : INFO : BallController : Initial balls found: 3
2025-03-06 22:27:32,845 : INFO : EventManager : Event: ======'machine_var_audits_events_game_ended'====== Args={'value': 13, 'prev_value': None, 'change': True}
2025-03-06 22:27:32,846 : INFO : EventManager : Event: ======'machine_var_audits_events_game_started'====== Args={'value': 28, 'prev_value': None, 'change': True}
2025-03-06 22:27:32,846 : INFO : EventManager : Event: ======'machine_var_audits_missing_switches_s_drain'====== Args={'value': 6, 'prev_value': None, 'change': True}
2025-03-06 22:27:32,846 : INFO : EventManager : Event: ======'machine_var_audits_missing_switches_s_trough2'====== Args={'value': 14, 'prev_value': None, 'change': True}
2025-03-06 22:27:32,846 : INFO : EventManager : Event: ======'machine_var_audits_missing_switches_s_trough3'====== Args={'value': 21, 'prev_value': None, 'change': True}
2025-03-06 22:27:32,846 : INFO : EventManager : Event: ======'machine_var_audits_missing_switches_s_trough_enter'====== Args={'value': 28, 'prev_value': None, 'change': True}
2025-03-06 22:27:32,846 : INFO : EventManager : Event: ======'machine_var_audits_player_score'====== Args={'value': {'average': 124, 'top': [8000, 1000, 0, 0, 0, 0, 0, 0, 0, 0], 'total': 16}, 'prev_value': None, 'change': True}
2025-03-06 22:27:32,846 : INFO : EventManager : Event: ======'machine_var_audits_switches_s_drain'====== Args={'value': 0, 'prev_value': None, 'change': True}
2025-03-06 22:27:32,846 : INFO : EventManager : Event: ======'machine_var_audits_switches_s_launcher_button'====== Args={'value': 17, 'prev_value': None, 'change': True}
2025-03-06 22:27:32,847 : INFO : EventManager : Event: ======'machine_var_audits_switches_s_left_flipper'====== Args={'value': 15, 'prev_value': None, 'change': True}
2025-03-06 22:27:32,847 : INFO : EventManager : Event: ======'machine_var_audits_switches_s_playfield_entry'====== Args={'value': 153, 'prev_value': None, 'change': True}
2025-03-06 22:27:32,847 : INFO : EventManager : Event: ======'machine_var_audits_switches_s_plunger_lane'====== Args={'value': 76, 'prev_value': None, 'change': True}
2025-03-06 22:27:32,847 : INFO : EventManager : Event: ======'machine_var_audits_switches_s_pointTarget'====== Args={'value': 20, 'prev_value': None, 'change': True}
2025-03-06 22:27:32,847 : INFO : EventManager : Event: ======'machine_var_audits_switches_s_right_flipper'====== Args={'value': 11, 'prev_value': None, 'change': True}
2025-03-06 22:27:32,847 : INFO : EventManager : Event: ======'machine_var_audits_switches_s_trough1'====== Args={'value': 52, 'prev_value': None, 'change': True}
2025-03-06 22:27:32,847 : INFO : EventManager : Event: ======'machine_var_audits_switches_s_trough2'====== Args={'value': 6, 'prev_value': None, 'change': True}
2025-03-06 22:27:32,847 : INFO : EventManager : Event: ======'machine_var_audits_switches_s_trough3'====== Args={'value': 6, 'prev_value': None, 'change': True}
2025-03-06 22:27:32,847 : INFO : EventManager : Event: ======'machine_var_audits_switches_s_trough_enter'====== Args={'value': 0, 'prev_value': None, 'change': True}
2025-03-06 22:27:32,848 : INFO : EventManager : Event: ======'init_phase_5'====== Args={}
2025-03-06 22:27:32,859 : INFO : EventManager : Event: ======'init_done'====== Args={}
2025-03-06 22:27:32,859 : INFO : EventManager : Event: ======'machine_reset_phase_1'====== Args={}
2025-03-06 22:27:32,867 : INFO : EventManager : Event: ======'slide_welcome_slide_removed'====== Args={'_from_bcp': True}
2025-03-06 22:27:32,868 : INFO : EventManager : Event: ======'slide_welcome_slide_created'====== Args={'_from_bcp': True}
2025-03-06 22:27:32,868 : INFO : EventManager : Event: ======'machine_reset_phase_2'====== Args={}
2025-03-06 22:27:32,868 : INFO : EventManager : Event: ======'machine_reset_phase_3'====== Args={}
2025-03-06 22:27:32,868 : INFO : EventManager : Event: ======'reset_complete'====== Args={}
2025-03-06 22:27:32,868 : INFO : EventManager : Event: ======'mode_attract_will_start'====== Args={}
2025-03-06 22:27:32,869 : INFO : EventManager : Event: ======'mode_attract_starting'====== Args={}
2025-03-06 22:27:32,869 : INFO : Mode.attract : Started. Priority: 10
2025-03-06 22:27:32,869 : INFO : EventManager : Event: ======'modes_active_modes_changed'====== Args={}
2025-03-06 22:27:32,869 : INFO : EventManager : Event: ======'mode_attract_started'====== Args={}
2025-03-06 22:27:32,870 : INFO : EventManager : Event: ======'collecting_balls_complete'====== Args={}
2025-03-06 22:27:32,892 : INFO : EventManager : Event: ======'slide_welcome_slide_active'====== Args={'_from_bcp': True}
2025-03-06 22:27:32,892 : INFO : EventManager : Event: ======'slide_ship_slide_created'====== Args={'_from_bcp': True}
2025-03-06 22:27:32,892 : INFO : EventManager : Event: ======'slide_ship_slide_active'====== Args={'_from_bcp': True}
2025-03-06 22:27:32,892 : INFO : Machine : Starting the main run loop.
2025-03-06 22:27:36,080 : INFO : EventManager : Event: ======'slide_start_slide_created'====== Args={'_from_bcp': True}
2025-03-06 22:27:36,081 : INFO : EventManager : Event: ======'slide_start_slide_active'====== Args={'_from_bcp': True}
2025-03-06 22:27:38,903 : INFO : EventManager : Event: ======'slide_company_slide_created'====== Args={'_from_bcp': True}
2025-03-06 22:27:38,903 : INFO : EventManager : Event: ======'slide_company_slide_active'====== Args={'_from_bcp': True}
2025-03-06 22:27:41,900 : INFO : EventManager : Event: ======'slide_lastgame_slide_created'====== Args={'_from_bcp': True}
2025-03-06 22:27:41,901 : INFO : EventManager : Event: ======'slide_lastgame_slide_active'====== Args={'_from_bcp': True}
2025-03-06 22:27:44,901 : INFO : EventManager : Event: ======'slide_ship_slide_removed'====== Args={'_from_bcp': True}
2025-03-06 22:27:44,906 : INFO : EventManager : Event: ======'slide_ship_slide_created'====== Args={'_from_bcp': True}
2025-03-06 22:27:44,906 : INFO : EventManager : Event: ======'slide_ship_slide_active'====== Args={'_from_bcp': True}
2025-03-06 22:27:45,726 : INFO : SwitchController : <<<<<<< 's_launcher_button' active >>>>>>>
2025-03-06 22:27:45,826 : INFO : SwitchController : <<<<<<< 's_launcher_button' inactive >>>>>>>
2025-03-06 22:27:45,826 : INFO : EventManager : Event: ======'request_to_start_game'====== Args={}
2025-03-06 22:27:45,827 : INFO : EventManager : Event: ======'game_start'====== Args={'buttons': [], 'hold_time': 0.0940000000409782}
2025-03-06 22:27:45,828 : INFO : EventManager : Event: ======'mode_game_will_start'====== Args={'buttons': [], 'hold_time': 0.0940000000409782}
2025-03-06 22:27:45,831 : INFO : EventManager : Event: ======'mode_game_starting'====== Args={'buttons': [], 'hold_time': 0.0940000000409782}
2025-03-06 22:27:45,831 : INFO : EventManager : Event: ======'mode_attract_will_stop'====== Args={}
2025-03-06 22:27:45,831 : INFO : EventManager : Event: ======'mode_attract_stopping'====== Args={}
2025-03-06 22:27:45,832 : INFO : Mode.attract : Stopped.
2025-03-06 22:27:45,832 : INFO : EventManager : Event: ======'modes_active_modes_changed'====== Args={}
2025-03-06 22:27:45,832 : INFO : EventManager : Event: ======'mode_attract_stopped'====== Args={}
2025-03-06 22:27:45,833 : INFO : EventManager : Event: ======'clear'====== Args={'key': 'attract'}
2025-03-06 22:27:45,834 : INFO : Mode.game : Started. Priority: 20
2025-03-06 22:27:45,834 : INFO : EventManager : Event: ======'modes_active_modes_changed'====== Args={}
2025-03-06 22:27:45,834 : INFO : EventManager : Event: ======'mode_game_started'====== Args={'buttons': [], 'hold_time': 0.0940000000409782}
2025-03-06 22:27:45,866 : INFO : EventManager : Event: ======'game_will_start'====== Args={}
2025-03-06 22:27:45,868 : INFO : EventManager : Event: ======'game_starting'====== Args={'game': <Mode.game>}
2025-03-06 22:27:45,871 : INFO : EventManager : Unordered handler for class <Auditor> on event game_ended with priority 1. Handlers: [RegisteredHandler(callback=<bound method Auditor.disable of <Auditor>>, priority=1, kwargs={}, key=UUID('56f12e17-bf2a-4297-88a4-c8b02b359161'), condition=None, blocking_facility=None), RegisteredHandler(callback=<bound method Auditor._save_audits of <Auditor>>, priority=1, kwargs={}, key=UUID('676e45c3-5f79-441a-81a1-ca85266f03a9'), condition=None, blocking_facility=None)]. The order of those handlers is not defined and they will be executed in random order. This might lead to race conditions and potential bugs.
2025-03-06 22:27:45,872 : INFO : EventManager : Event: ======'player_add_request'====== Args={}
2025-03-06 22:27:45,872 : INFO : EventManager : Event: ======'player_will_add'====== Args={'number': 1}
2025-03-06 22:27:45,873 : INFO : EventManager : Event: ======'player_adding'====== Args={'player': <Player 1>, 'number': 1}
2025-03-06 22:27:45,873 : INFO : EventManager : Event: ======'player_added'====== Args={'player': <Player 1>, 'num': 1}
2025-03-06 22:27:45,875 : INFO : Mode.game : Player added successfully. Total players: 1
2025-03-06 22:27:45,877 : INFO : EventManager : Event: ======'player_index'====== Args={'value': 0, 'prev_value': 0, 'change': 0, 'player_num': 1}
2025-03-06 22:27:45,877 : INFO : EventManager : Event: ======'player_number'====== Args={'value': 1, 'prev_value': 1, 'change': 0, 'player_num': 1}
2025-03-06 22:27:45,878 : INFO : EventManager : Event: ======'player_score'====== Args={'value': 0, 'prev_value': 0, 'change': 0, 'player_num': 1}
2025-03-06 22:27:45,881 : INFO : EventManager : Event: ======'game_started'====== Args={}
2025-03-06 22:27:45,933 : INFO : EventManager : Event: ======'player_turn_will_start'====== Args={'player': <Player 1>, 'number': 1}
2025-03-06 22:27:45,938 : INFO : EventManager : Event: ======'slide_start_slide_removed'====== Args={'_from_bcp': True}
2025-03-06 22:27:45,939 : INFO : EventManager : Event: ======'slide_company_slide_removed'====== Args={'_from_bcp': True}
2025-03-06 22:27:45,939 : INFO : EventManager : Event: ======'slide_lastgame_slide_removed'====== Args={'_from_bcp': True}
2025-03-06 22:27:45,939 : INFO : EventManager : Event: ======'slide_ship_slide_removed'====== Args={'_from_bcp': True}
2025-03-06 22:27:45,939 : INFO : EventManager : Event: ======'slide_welcome_slide_active'====== Args={'_from_bcp': True}
2025-03-06 22:27:45,939 : INFO : EventManager : Event: ======'player_turn_starting'====== Args={'player': <Player 1>, 'number': 1}
2025-03-06 22:27:45,940 : INFO : EventManager : Event: ======'player_ball'====== Args={'value': 1, 'prev_value': 0, 'change': 1, 'player_num': 1}
2025-03-06 22:27:45,941 : INFO : EventManager : Event: ======'player_turn_started'====== Args={'player': <Player 1>, 'number': 1}
2025-03-06 22:27:45,943 : INFO : EventManager : Event: ======'ball_will_start'====== Args={'player': 1, 'ball': 1, 'balls_remaining': 2, 'is_extra_ball': False}
2025-03-06 22:27:45,953 : INFO : EventManager : Event: ======'ball_starting'====== Args={'player': 1, 'ball': 1, 'balls_remaining': 2, 'is_extra_ball': False}
2025-03-06 22:27:45,953 : INFO : EventManager : Event: ======'balls_in_play'====== Args={'balls': 1}
2025-03-06 22:27:45,953 : INFO : EventManager : Event: ======'ball_started'====== Args={'player': 1, 'ball': 1, 'balls_remaining': 2, 'is_extra_ball': False}
2025-03-06 22:27:45,954 : INFO : EventManager : Event: ======'mode_base_will_start'====== Args={'player': 1, 'ball': 1, 'balls_remaining': 2, 'is_extra_ball': False}
2025-03-06 22:27:45,955 : INFO : EventManager : Event: ======'mode_base_starting'====== Args={'player': 1, 'ball': 1, 'balls_remaining': 2, 'is_extra_ball': False}
2025-03-06 22:27:45,958 : INFO : Mode.base : Started. Priority: 100
2025-03-06 22:27:45,958 : INFO : EventManager : Event: ======'modes_active_modes_changed'====== Args={}
2025-03-06 22:27:45,958 : INFO : EventManager : Event: ======'mode_base_started'====== Args={'player': 1, 'ball': 1, 'balls_remaining': 2, 'is_extra_ball': False}
2025-03-06 22:27:45,960 : INFO : EventManager : Event: ======'single_player_ball_started'====== Args={}
2025-03-06 22:27:46,012 : INFO : EventManager : Event: ======'ball_start_target'====== Args={'target': 'playfield'}
2025-03-06 22:27:46,013 : INFO : EventManager : Event: ======'slide_base.slide_player-mode_base_started_created'====== Args={'_from_bcp': True}
2025-03-06 22:27:46,013 : INFO : EventManager : Event: ======'slide_base.slide_player-mode_base_started_active'====== Args={'_from_bcp': True}
2025-03-06 22:27:46,013 : INFO : ball_device.bd_plunger_lane : Setting up player-controlled eject. Balls: 1, Target: <playfield.playfield>, player_controlled_eject_event: s_launcher_button_active
2025-03-06 22:27:46,013 : INFO : EventManager : Event: ======'balldevice_balls_available'====== Args={}
2025-03-06 22:27:46,013 : INFO : ball_device.bd_trough : State: waiting_for_target_ready
2025-03-06 22:27:46,013 : INFO : EventManager : Event: ======'balldevice_bd_trough_ball_eject_attempt'====== Args={'balls': 1, 'target': <ball_device.bd_plunger_lane>, 'source': <ball_device.bd_trough>, 'mechanical_eject': True, 'num_attempts': 0}
2025-03-06 22:27:46,014 : INFO : ball_device.bd_plunger_lane : State: waiting_for_ball
2025-03-06 22:27:46,014 : INFO : ball_device.bd_trough : State: ejecting
2025-03-06 22:27:46,014 : INFO : ball_device.bd_trough : Ejecting ball to <ball_device.bd_plunger_lane>
2025-03-06 22:27:46,014 : INFO : EventManager : Event: ======'balldevice_bd_trough_ejecting_ball'====== Args={'balls': 1, 'target': <ball_device.bd_plunger_lane>, 'source': <ball_device.bd_trough>, 'mechanical_eject': True, 'num_attempts': 0}
2025-03-06 22:27:46,015 : INFO : ball_device.bd_trough : Wait for ball to leave device
2025-03-06 22:27:46,015 : INFO : coil.c_trough_release : Pulsing Driver for 20ms (1.0 pulse_power)
2025-03-06 22:27:46,015 : INFO : SwitchController : <<<<<<< 's_trough1' inactive >>>>>>>
2025-03-06 22:27:46,019 : INFO : ball_device.bd_trough : State: ball_left
2025-03-06 22:27:46,019 : INFO : ball_device.bd_trough : Ball left
2025-03-06 22:27:46,019 : INFO : ball_device.bd_trough : Wait for confirm with timeout 3.0
2025-03-06 22:27:46,126 : INFO : SwitchController : <<<<<<< 's_plunger_lane' active >>>>>>>
2025-03-06 22:27:46,127 : INFO : EventManager : Event: ======'machine_var_audits_switches_s_plunger_lane'====== Args={'value': 77, 'prev_value': 76, 'change': 1}
2025-03-06 22:27:46,642 : INFO : ball_device.bd_plunger_lane : Received ball from <ball_device.bd_trough>
2025-03-06 22:27:46,643 : INFO : EventManager : Event: ======'balldevice_bd_plunger_lane_ball_enter'====== Args={'new_balls': 1, 'unclaimed_balls': 0, 'new_available_balls': 0, 'device': <ball_device.bd_plunger_lane>}
2025-03-06 22:27:46,645 : INFO : EventManager : Event: ======'balldevice_bd_plunger_lane_ball_entered'====== Args={'new_balls': 0, 'device': <ball_device.bd_plunger_lane>}
2025-03-06 22:27:46,646 : INFO : EventManager : Event: ======'balldevice_bd_plunger_lane_ball_count_changed'====== Args={'balls': 1}
2025-03-06 22:27:46,646 : INFO : ball_device.bd_trough : Got eject confirm
2025-03-06 22:27:46,647 : INFO : ball_device.bd_trough : Eject successful
2025-03-06 22:27:46,647 : INFO : EventManager : Event: ======'balldevice_bd_trough_ball_eject_success'====== Args={'balls': 1, 'target': <ball_device.bd_plunger_lane>}
2025-03-06 22:27:46,648 : INFO : ball_device.bd_plunger_lane : State: waiting_for_target_ready
2025-03-06 22:27:46,649 : INFO : EventManager : Event: ======'balldevice_bd_plunger_lane_ball_eject_attempt'====== Args={'balls': 1, 'target': <playfield.playfield>, 'source': <ball_device.bd_plunger_lane>, 'mechanical_eject': True, 'num_attempts': 0}
2025-03-06 22:27:46,650 : INFO : EventManager : Event: ======'balldevice_bd_trough_ball_count_changed'====== Args={'balls': 2}
2025-03-06 22:27:46,650 : INFO : ball_device.bd_trough : State: idle
2025-03-06 22:27:46,652 : INFO : ball_device.bd_plunger_lane : State: ejecting
2025-03-06 22:27:46,652 : INFO : ball_device.bd_plunger_lane : Ejecting ball to <playfield.playfield>
2025-03-06 22:27:46,653 : INFO : EventManager : Event: ======'balldevice_bd_plunger_lane_ejecting_ball'====== Args={'balls': 1, 'target': <playfield.playfield>, 'source': <ball_device.bd_plunger_lane>, 'mechanical_eject': True, 'num_attempts': 0}
2025-03-06 22:27:46,655 : INFO : ball_device.bd_plunger_lane : Wait for ball to leave device
2025-03-06 22:27:47,968 : INFO : SwitchController : <<<<<<< 's_pointTarget' active >>>>>>>
2025-03-06 22:27:47,969 : INFO : EventManager : Event: ======'s_pointTarget_active'====== Args={}
2025-03-06 22:27:47,969 : INFO : EventManager : Event: ======'sw_playfield_active'====== Args={}
2025-03-06 22:27:47,969 : INFO : EventManager : Event: ======'machine_var_audits_switches_s_pointTarget'====== Args={'value': 21, 'prev_value': 20, 'change': 1}
2025-03-06 22:27:47,971 : INFO : EventManager : Event: ======'player_score'====== Args={'value': 100, 'prev_value': 0, 'change': 100, 'player_num': 1, 'source': 'base'}
2025-03-06 22:27:47,972 : INFO : EventManager : Event: ======'playfield_active'====== Args={}
2025-03-06 22:27:48,052 : INFO : SwitchController : <<<<<<< 's_pointTarget' inactive >>>>>>>
2025-03-06 22:27:48,173 : INFO : SwitchController : <<<<<<< 's_pointTarget' active >>>>>>>
2025-03-06 22:27:48,173 : INFO : EventManager : Event: ======'s_pointTarget_active'====== Args={}
2025-03-06 22:27:48,175 : INFO : EventManager : Event: ======'sw_playfield_active'====== Args={}
2025-03-06 22:27:48,175 : INFO : EventManager : Event: ======'machine_var_audits_switches_s_pointTarget'====== Args={'value': 22, 'prev_value': 21, 'change': 1}
2025-03-06 22:27:48,178 : INFO : EventManager : Event: ======'player_score'====== Args={'value': 200, 'prev_value': 100, 'change': 100, 'player_num': 1, 'source': 'base'}
2025-03-06 22:27:48,181 : INFO : EventManager : Event: ======'playfield_active'====== Args={}
2025-03-06 22:27:48,255 : INFO : SwitchController : <<<<<<< 's_pointTarget' inactive >>>>>>>
2025-03-06 22:27:48,427 : INFO : SwitchController : <<<<<<< 's_pointTarget' active >>>>>>>
2025-03-06 22:27:48,427 : INFO : EventManager : Event: ======'s_pointTarget_active'====== Args={}
2025-03-06 22:27:48,427 : INFO : EventManager : Event: ======'sw_playfield_active'====== Args={}
2025-03-06 22:27:48,427 : INFO : EventManager : Event: ======'machine_var_audits_switches_s_pointTarget'====== Args={'value': 23, 'prev_value': 22, 'change': 1}
2025-03-06 22:27:48,428 : INFO : EventManager : Event: ======'player_score'====== Args={'value': 300, 'prev_value': 200, 'change': 100, 'player_num': 1, 'source': 'base'}
2025-03-06 22:27:48,429 : INFO : EventManager : Event: ======'playfield_active'====== Args={}
2025-03-06 22:27:48,502 : INFO : SwitchController : <<<<<<< 's_pointTarget' inactive >>>>>>>
2025-03-06 22:27:49,173 : INFO : SwitchController : <<<<<<< 's_pointTarget' active >>>>>>>
2025-03-06 22:27:49,174 : INFO : EventManager : Event: ======'s_pointTarget_active'====== Args={}
2025-03-06 22:27:49,174 : INFO : EventManager : Event: ======'sw_playfield_active'====== Args={}
2025-03-06 22:27:49,174 : INFO : EventManager : Event: ======'machine_var_audits_switches_s_pointTarget'====== Args={'value': 24, 'prev_value': 23, 'change': 1}
2025-03-06 22:27:49,175 : INFO : EventManager : Event: ======'player_score'====== Args={'value': 400, 'prev_value': 300, 'change': 100, 'player_num': 1, 'source': 'base'}
2025-03-06 22:27:49,176 : INFO : EventManager : Event: ======'playfield_active'====== Args={}
2025-03-06 22:27:49,651 : INFO : SwitchController : <<<<<<< 's_pointTarget' inactive >>>>>>>
2025-03-06 22:27:49,756 : INFO : SwitchController : <<<<<<< 's_pointTarget' active >>>>>>>
2025-03-06 22:27:49,758 : INFO : EventManager : Event: ======'s_pointTarget_active'====== Args={}
2025-03-06 22:27:49,758 : INFO : EventManager : Event: ======'sw_playfield_active'====== Args={}
2025-03-06 22:27:49,758 : INFO : EventManager : Event: ======'machine_var_audits_switches_s_pointTarget'====== Args={'value': 25, 'prev_value': 24, 'change': 1}
2025-03-06 22:27:49,760 : INFO : EventManager : Event: ======'player_score'====== Args={'value': 500, 'prev_value': 400, 'change': 100, 'player_num': 1, 'source': 'base'}
2025-03-06 22:27:49,761 : INFO : EventManager : Event: ======'playfield_active'====== Args={}
2025-03-06 22:27:49,845 : INFO : SwitchController : <<<<<<< 's_pointTarget' inactive >>>>>>>
2025-03-06 22:27:49,923 : INFO : SwitchController : <<<<<<< 's_pointTarget' active >>>>>>>
2025-03-06 22:27:49,925 : INFO : EventManager : Event: ======'s_pointTarget_active'====== Args={}
2025-03-06 22:27:49,925 : INFO : EventManager : Event: ======'sw_playfield_active'====== Args={}
2025-03-06 22:27:49,926 : INFO : EventManager : Event: ======'machine_var_audits_switches_s_pointTarget'====== Args={'value': 26, 'prev_value': 25, 'change': 1}
2025-03-06 22:27:49,926 : INFO : EventManager : Event: ======'player_score'====== Args={'value': 600, 'prev_value': 500, 'change': 100, 'player_num': 1, 'source': 'base'}
2025-03-06 22:27:49,926 : INFO : EventManager : Event: ======'playfield_active'====== Args={}
2025-03-06 22:27:50,030 : INFO : SwitchController : <<<<<<< 's_pointTarget' inactive >>>>>>>
2025-03-06 22:27:50,103 : INFO : SwitchController : <<<<<<< 's_pointTarget' active >>>>>>>
2025-03-06 22:27:50,105 : INFO : EventManager : Event: ======'s_pointTarget_active'====== Args={}
2025-03-06 22:27:50,105 : INFO : EventManager : Event: ======'sw_playfield_active'====== Args={}
2025-03-06 22:27:50,105 : INFO : EventManager : Event: ======'machine_var_audits_switches_s_pointTarget'====== Args={'value': 27, 'prev_value': 26, 'change': 1}
2025-03-06 22:27:50,106 : INFO : EventManager : Event: ======'player_score'====== Args={'value': 700, 'prev_value': 600, 'change': 100, 'player_num': 1, 'source': 'base'}
2025-03-06 22:27:50,106 : INFO : EventManager : Event: ======'playfield_active'====== Args={}
2025-03-06 22:27:50,193 : INFO : SwitchController : <<<<<<< 's_pointTarget' inactive >>>>>>>
2025-03-06 22:27:50,295 : INFO : SwitchController : <<<<<<< 's_pointTarget' active >>>>>>>
2025-03-06 22:27:50,296 : INFO : EventManager : Event: ======'s_pointTarget_active'====== Args={}
2025-03-06 22:27:50,296 : INFO : EventManager : Event: ======'sw_playfield_active'====== Args={}
2025-03-06 22:27:50,297 : INFO : EventManager : Event: ======'machine_var_audits_switches_s_pointTarget'====== Args={'value': 28, 'prev_value': 27, 'change': 1}
2025-03-06 22:27:50,300 : INFO : EventManager : Event: ======'player_score'====== Args={'value': 800, 'prev_value': 700, 'change': 100, 'player_num': 1, 'source': 'base'}
2025-03-06 22:27:50,301 : INFO : EventManager : Event: ======'playfield_active'====== Args={}
2025-03-06 22:27:50,368 : INFO : SwitchController : <<<<<<< 's_pointTarget' inactive >>>>>>>
2025-03-06 22:27:50,453 : INFO : SwitchController : <<<<<<< 's_pointTarget' active >>>>>>>
2025-03-06 22:27:50,453 : INFO : EventManager : Event: ======'s_pointTarget_active'====== Args={}
2025-03-06 22:27:50,453 : INFO : EventManager : Event: ======'sw_playfield_active'====== Args={}
2025-03-06 22:27:50,453 : INFO : EventManager : Event: ======'machine_var_audits_switches_s_pointTarget'====== Args={'value': 29, 'prev_value': 28, 'change': 1}
2025-03-06 22:27:50,457 : INFO : EventManager : Event: ======'player_score'====== Args={'value': 900, 'prev_value': 800, 'change': 100, 'player_num': 1, 'source': 'base'}
2025-03-06 22:27:50,459 : INFO : EventManager : Event: ======'playfield_active'====== Args={}
2025-03-06 22:27:50,555 : INFO : SwitchController : <<<<<<< 's_pointTarget' inactive >>>>>>>
2025-03-06 22:27:50,632 : INFO : SwitchController : <<<<<<< 's_pointTarget' active >>>>>>>
2025-03-06 22:27:50,632 : INFO : EventManager : Event: ======'s_pointTarget_active'====== Args={}
2025-03-06 22:27:50,632 : INFO : EventManager : Event: ======'sw_playfield_active'====== Args={}
2025-03-06 22:27:50,633 : INFO : EventManager : Event: ======'machine_var_audits_switches_s_pointTarget'====== Args={'value': 30, 'prev_value': 29, 'change': 1}
2025-03-06 22:27:50,634 : INFO : EventManager : Event: ======'player_score'====== Args={'value': 1000, 'prev_value': 900, 'change': 100, 'player_num': 1, 'source': 'base'}
2025-03-06 22:27:50,635 : INFO : EventManager : Event: ======'playfield_active'====== Args={}
2025-03-06 22:27:50,718 : INFO : SwitchController : <<<<<<< 's_pointTarget' inactive >>>>>>>
2025-03-06 22:27:50,822 : INFO : SwitchController : <<<<<<< 's_pointTarget' active >>>>>>>
2025-03-06 22:27:50,822 : INFO : EventManager : Event: ======'s_pointTarget_active'====== Args={}
2025-03-06 22:27:50,822 : INFO : EventManager : Event: ======'sw_playfield_active'====== Args={}
2025-03-06 22:27:50,823 : INFO : EventManager : Event: ======'machine_var_audits_switches_s_pointTarget'====== Args={'value': 31, 'prev_value': 30, 'change': 1}
2025-03-06 22:27:50,825 : INFO : EventManager : Event: ======'player_score'====== Args={'value': 1100, 'prev_value': 1000, 'change': 100, 'player_num': 1, 'source': 'base'}
2025-03-06 22:27:50,827 : INFO : EventManager : Event: ======'playfield_active'====== Args={}
2025-03-06 22:27:50,906 : INFO : SwitchController : <<<<<<< 's_pointTarget' inactive >>>>>>>
2025-03-06 22:27:51,026 : INFO : SwitchController : <<<<<<< 's_pointTarget' active >>>>>>>
2025-03-06 22:27:51,027 : INFO : EventManager : Event: ======'s_pointTarget_active'====== Args={}
2025-03-06 22:27:51,027 : INFO : EventManager : Event: ======'sw_playfield_active'====== Args={}
2025-03-06 22:27:51,027 : INFO : EventManager : Event: ======'machine_var_audits_switches_s_pointTarget'====== Args={'value': 32, 'prev_value': 31, 'change': 1}
2025-03-06 22:27:51,030 : INFO : EventManager : Event: ======'player_score'====== Args={'value': 1200, 'prev_value': 1100, 'change': 100, 'player_num': 1, 'source': 'base'}
2025-03-06 22:27:51,031 : INFO : EventManager : Event: ======'playfield_active'====== Args={}
2025-03-06 22:27:51,102 : INFO : SwitchController : <<<<<<< 's_pointTarget' inactive >>>>>>>
2025-03-06 22:27:51,217 : INFO : SwitchController : <<<<<<< 's_pointTarget' active >>>>>>>
2025-03-06 22:27:51,217 : INFO : EventManager : Event: ======'s_pointTarget_active'====== Args={}
2025-03-06 22:27:51,217 : INFO : EventManager : Event: ======'sw_playfield_active'====== Args={}
2025-03-06 22:27:51,217 : INFO : EventManager : Event: ======'machine_var_audits_switches_s_pointTarget'====== Args={'value': 33, 'prev_value': 32, 'change': 1}
2025-03-06 22:27:51,221 : INFO : EventManager : Event: ======'player_score'====== Args={'value': 1300, 'prev_value': 1200, 'change': 100, 'player_num': 1, 'source': 'base'}
2025-03-06 22:27:51,224 : INFO : EventManager : Event: ======'playfield_active'====== Args={}
2025-03-06 22:27:51,325 : INFO : SwitchController : <<<<<<< 's_pointTarget' inactive >>>>>>>
2025-03-06 22:27:51,638 : INFO : SwitchController : <<<<<<< 's_trough1' active >>>>>>>
2025-03-06 22:27:51,639 : INFO : EventManager : Event: ======'machine_var_audits_switches_s_trough1'====== Args={'value': 53, 'prev_value': 52, 'change': 1}
2025-03-06 22:27:51,954 : INFO : EventManager : Event: ======'balldevice_bd_trough_ball_count_changed'====== Args={'balls': 3}
2025-03-06 22:27:51,954 : INFO : ball_device.bd_trough : Received unexpected ball
2025-03-06 22:27:51,955 : INFO : EventManager : Event: ======'balldevice_captured_from_playfield'====== Args={'balls': 1}
2025-03-06 22:27:51,955 : INFO : EventManager : Event: ======'sw_playfield_active'====== Args={'balls': 1}
2025-03-06 22:27:51,955 : INFO : EventManager : Event: ======'playfield_active'====== Args={}
2025-03-06 22:27:51,955 : INFO : EventManager : Event: ======'playfield_ball_count_change'====== Args={'balls': -1, 'change': -1}
2025-03-06 22:27:51,956 : INFO : EventManager : Event: ======'balldevice_playfield_ball_enter'====== Args={'new_balls': 1, 'unclaimed_balls': 1, 'device': <playfield.playfield>}
2025-03-06 22:27:51,956 : INFO : EventManager : Event: ======'playfield_ball_count_change'====== Args={'balls': 0, 'change': 1}
2025-03-06 22:27:51,956 : INFO : BallController : Found a new ball which was captured from playfield. Known balls: 4
2025-03-06 22:27:51,956 : INFO : EventManager : Event: ======'found_new_ball'====== Args={}
2025-03-06 22:27:51,957 : INFO : EventManager : Event: ======'balldevice_bd_trough_ball_enter'====== Args={'new_balls': 1, 'unclaimed_balls': 1, 'new_available_balls': 1, 'device': <ball_device.bd_trough>}
2025-03-06 22:27:51,957 : INFO : EventManager : Event: ======'ball_drain'====== Args={'device': <ball_device.bd_trough>, 'balls': 1}
2025-03-06 22:27:51,958 : INFO : EventManager : Event: ======'ball_will_end'====== Args={}
2025-03-06 22:27:51,958 : INFO : EventManager : Event: ======'balldevice_balls_available'====== Args={}
2025-03-06 22:27:51,958 : INFO : EventManager : Event: ======'balldevice_bd_trough_ball_entered'====== Args={'new_balls': 1, 'device': <ball_device.bd_trough>}
2025-03-06 22:27:51,959 : INFO : EventManager : Event: ======'ball_ending'====== Args={}
2025-03-06 22:27:51,960 : INFO : EventManager : Event: ======'mode_base_will_stop'====== Args={}
2025-03-06 22:27:51,960 : INFO : EventManager : Event: ======'mode_base_stopping'====== Args={}
2025-03-06 22:27:51,960 : INFO : Mode.base : Stopped.
2025-03-06 22:27:51,961 : INFO : EventManager : Event: ======'modes_active_modes_changed'====== Args={}
2025-03-06 22:27:51,963 : INFO : EventManager : Event: ======'mode_base_stopped'====== Args={}
2025-03-06 22:27:51,965 : INFO : EventManager : Event: ======'clear'====== Args={'key': 'base'}
2025-03-06 22:27:52,071 : INFO : EventManager : Event: ======'ball_ended'====== Args={}
2025-03-06 22:27:52,073 : INFO : EventManager : Event: ======'slide_base.slide_player-mode_base_started_removed'====== Args={'_from_bcp': True}
2025-03-06 22:27:52,073 : INFO : EventManager : Event: ======'slide_welcome_slide_active'====== Args={'_from_bcp': True}
2025-03-06 22:27:52,074 : INFO : EventManager : Event: ======'player_turn_will_end'====== Args={'player': <Player 1>, 'number': 1}
2025-03-06 22:27:52,075 : INFO : EventManager : Event: ======'player_turn_ending'====== Args={'player': <Player 1>, 'number': 1}
2025-03-06 22:27:52,075 : INFO : EventManager : Event: ======'player_turn_ended'====== Args={'player': <Player 1>, 'number': 1}
2025-03-06 22:27:52,075 : INFO : EventManager : Event: ======'player_turn_will_start'====== Args={'player': <Player 1>, 'number': 1}
2025-03-06 22:27:52,075 : INFO : EventManager : Event: ======'player_turn_starting'====== Args={'player': <Player 1>, 'number': 1}
2025-03-06 22:27:52,076 : INFO : EventManager : Event: ======'player_ball'====== Args={'value': 2, 'prev_value': 1, 'change': 1, 'player_num': 1}
2025-03-06 22:27:52,076 : INFO : EventManager : Event: ======'player_turn_started'====== Args={'player': <Player 1>, 'number': 1}
2025-03-06 22:27:52,077 : INFO : EventManager : Event: ======'ball_will_start'====== Args={'player': 1, 'ball': 2, 'balls_remaining': 1, 'is_extra_ball': False}
2025-03-06 22:27:52,079 : INFO : BallController : Found 1 ball(s) on playfield.
2025-03-06 22:27:52,079 : WARNING : BallController : Playfields still contain balls. Waiting for those to drain.
2025-03-06 22:27:53,075 : INFO : BallController : Found 1 ball(s) on playfield.
2025-03-06 22:27:53,075 : WARNING : BallController : Playfields still contain balls. Waiting for those to drain.
2025-03-06 22:27:54,089 : INFO : BallController : Found 1 ball(s) on playfield.
2025-03-06 22:27:54,090 : WARNING : BallController : Playfields still contain balls. Waiting for those to drain.
2025-03-06 22:27:55,103 : INFO : BallController : Found 1 ball(s) on playfield.
2025-03-06 22:27:55,105 : WARNING : BallController : Playfields still contain balls. Waiting for those to drain.
2025-03-06 22:27:56,122 : INFO : BallController : Found 1 ball(s) on playfield.
2025-03-06 22:27:56,122 : WARNING : BallController : Playfields still contain balls. Waiting for those to drain.
2025-03-06 22:27:56,921 : INFO : SwitchController : <<<<<<< 's_trough1' inactive >>>>>>>
2025-03-06 22:27:57,120 : INFO : BallController : Found 1 ball(s) on playfield.
2025-03-06 22:27:57,120 : WARNING : BallController : Playfields still contain balls. Waiting for those to drain.
2025-03-06 22:27:58,121 : INFO : BallController : Found 1 ball(s) on playfield.
2025-03-06 22:27:58,122 : WARNING : BallController : Playfields still contain balls. Waiting for those to drain.
2025-03-06 22:27:58,308 : INFO : SwitchController : <<<<<<< 's_launcher_button' active >>>>>>>
2025-03-06 22:27:58,309 : INFO : EventManager : Event: ======'s_launcher_button_active'====== Args={}
2025-03-06 22:27:58,310 : INFO : EventManager : Event: ======'sw_start'====== Args={}
2025-03-06 22:27:58,310 : INFO : EventManager : Event: ======'machine_var_audits_switches_s_launcher_button'====== Args={'value': 18, 'prev_value': 17, 'change': 1}
2025-03-06 22:27:58,333 : INFO : coil.c_autolauncher : Pulsing Driver for 20ms (1.0 pulse_power)
2025-03-06 22:27:58,333 : INFO : SwitchController : <<<<<<< 's_plunger_lane' inactive >>>>>>>
2025-03-06 22:27:58,355 : INFO : ball_device.bd_plunger_lane : State: ball_left
2025-03-06 22:27:58,355 : INFO : ball_device.bd_plunger_lane : Ball left
2025-03-06 22:27:58,355 : INFO : ball_device.bd_plunger_lane : Wait for confirm with timeout 3.0
2025-03-06 22:27:58,410 : INFO : SwitchController : <<<<<<< 's_playfield_entry' active >>>>>>>
2025-03-06 22:27:58,410 : INFO : EventManager : Event: ======'sw_playfield_active'====== Args={}
2025-03-06 22:27:58,411 : INFO : EventManager : Event: ======'machine_var_audits_switches_s_playfield_entry'====== Args={'value': 154, 'prev_value': 153, 'change': 1}
2025-03-06 22:27:58,411 : INFO : EventManager : Event: ======'playfield_active'====== Args={}
2025-03-06 22:27:58,427 : INFO : SwitchController : <<<<<<< 's_playfield_entry' inactive >>>>>>>
2025-03-06 22:27:58,437 : INFO : ball_device.bd_plunger_lane : Got eject confirm
2025-03-06 22:27:58,437 : INFO : ball_device.bd_plunger_lane : Eject successful
2025-03-06 22:27:58,437 : INFO : EventManager : Event: ======'balldevice_bd_plunger_lane_ball_eject_success'====== Args={'balls': 1, 'target': <playfield.playfield>}
2025-03-06 22:27:58,438 : INFO : EventManager : Event: ======'balldevice_playfield_ball_enter'====== Args={'new_balls': 1, 'unclaimed_balls': 1, 'device': <playfield.playfield>}
2025-03-06 22:27:58,438 : INFO : EventManager : Event: ======'playfield_ball_count_change'====== Args={'balls': 1, 'change': 1}
2025-03-06 22:27:58,438 : INFO : SwitchController : <<<<<<< 's_launcher_button' inactive >>>>>>>
2025-03-06 22:27:58,438 : INFO : EventManager : Event: ======'balldevice_bd_plunger_lane_ball_count_changed'====== Args={'balls': 0}
2025-03-06 22:27:58,839 : INFO : ball_device.bd_plunger_lane : State: idle
2025-03-06 22:27:59,133 : INFO : BallController : Found 1 ball(s) on playfield.
2025-03-06 22:27:59,134 : WARNING : BallController : Playfields still contain balls. Waiting for those to drain.
2025-03-06 22:28:00,147 : INFO : BallController : Found 1 ball(s) on playfield.
2025-03-06 22:28:00,148 : WARNING : BallController : Playfields still contain balls. Waiting for those to drain.
2025-03-06 22:28:00,159 : INFO : SwitchController : <<<<<<< 's_launcher_button' active >>>>>>>
2025-03-06 22:28:00,160 : INFO : EventManager : Event: ======'sw_start'====== Args={}
2025-03-06 22:28:00,160 : INFO : EventManager : Event: ======'machine_var_audits_switches_s_launcher_button'====== Args={'value': 19, 'prev_value': 18, 'change': 1}
2025-03-06 22:28:00,346 : INFO : SwitchController : <<<<<<< 's_launcher_button' inactive >>>>>>>
2025-03-06 22:28:00,782 : INFO : SwitchController : <<<<<<< 's_pointTarget' active >>>>>>>
2025-03-06 22:28:00,783 : INFO : EventManager : Event: ======'sw_playfield_active'====== Args={}
2025-03-06 22:28:00,783 : INFO : EventManager : Event: ======'machine_var_audits_switches_s_pointTarget'====== Args={'value': 34, 'prev_value': 33, 'change': 1}
2025-03-06 22:28:00,953 : INFO : SwitchController : <<<<<<< 's_pointTarget' inactive >>>>>>>
2025-03-06 22:28:01,140 : INFO : BallController : Found 1 ball(s) on playfield.
2025-03-06 22:28:01,141 : WARNING : BallController : Playfields still contain balls. Waiting for those to drain.
2025-03-06 22:28:01,855 : INFO : SwitchController : <<<<<<< 's_right_flipper' active >>>>>>>
2025-03-06 22:28:01,857 : INFO : EventManager : Event: ======'machine_var_audits_switches_s_right_flipper'====== Args={'value': 12, 'prev_value': 11, 'change': 1}
2025-03-06 22:28:02,035 : INFO : SwitchController : <<<<<<< 's_right_flipper' inactive >>>>>>>
2025-03-06 22:28:02,155 : INFO : BallController : Found 1 ball(s) on playfield.
2025-03-06 22:28:02,156 : WARNING : BallController : Playfields still contain balls. Waiting for those to drain.
2025-03-06 22:28:02,421 : INFO : EventManager : Event: ======'balldevice_bd_trough_ball_count_changed'====== Args={'balls': 2}
2025-03-06 22:28:02,421 : WARNING : ball_device.bd_trough : Ball disappeared while idle. This should not normally happen.
2025-03-06 22:28:02,421 : INFO : EventManager : Event: ======'balldevice_playfield_ball_enter'====== Args={'new_balls': 1, 'unclaimed_balls': 1, 'device': <playfield.playfield>}
2025-03-06 22:28:02,421 : INFO : EventManager : Event: ======'playfield_ball_count_change'====== Args={'balls': 2, 'change': 1}
2025-03-06 22:28:02,422 : INFO : ball_device.bd_trough : 1 ball(s) missing from device. Mechanical eject? False
2025-03-06 22:28:02,422 : INFO : EventManager : Event: ======'balldevice_bd_trough_ball_missing'====== Args={'balls': 1}
2025-03-06 22:28:02,422 : INFO : EventManager : Event: ======'balldevice_ball_missing'====== Args={'balls': 1, 'name': 'bd_trough'}
2025-03-06 22:28:02,479 : INFO : SwitchController : <<<<<<< 's_left_flipper' active >>>>>>>
2025-03-06 22:28:02,480 : INFO : EventManager : Event: ======'machine_var_audits_switches_s_left_flipper'====== Args={'value': 16, 'prev_value': 15, 'change': 1}
2025-03-06 22:28:02,648 : INFO : SwitchController : <<<<<<< 's_left_flipper' inactive >>>>>>>
2025-03-06 22:28:03,136 : INFO : SwitchController : <<<<<<< 's_right_flipper' active >>>>>>>
2025-03-06 22:28:03,137 : INFO : EventManager : Event: ======'machine_var_audits_switches_s_right_flipper'====== Args={'value': 13, 'prev_value': 12, 'change': 1}
2025-03-06 22:28:03,139 : INFO : BallController : Found 2 ball(s) on playfield.
2025-03-06 22:28:03,140 : WARNING : BallController : Playfields still contain balls. Waiting for those to drain.
2025-03-06 22:28:03,290 : INFO : SwitchController : <<<<<<< 's_right_flipper' inactive >>>>>>>
2025-03-06 22:28:04,140 : INFO : BallController : Found 2 ball(s) on playfield.
2025-03-06 22:28:04,142 : WARNING : BallController : Playfields still contain balls. Waiting for those to drain.
2025-03-06 22:28:04,433 : INFO : Machine : Shutting down...
2025-03-06 22:28:04,433 : INFO : EventManager : Event: ======'shutdown'====== Args={}
2025-03-06 22:28:04,440 : INFO : EventManager : Event: ======'mode_game_will_stop'====== Args={}
2025-03-06 22:28:04,440 : INFO : EventManager : Event: ======'mode_game_stopping'====== Args={}
2025-03-06 22:28:04,443 : INFO : Mode.game : Stopped.
2025-03-06 22:28:04,444 : INFO : EventManager : Event: ======'modes_active_modes_changed'====== Args={}
2025-03-06 22:28:04,444 : INFO : EventManager : Event: ======'mode_game_stopped'====== Args={}
2025-03-06 22:28:04,445 : INFO : EventManager : Event: ======'clear'====== Args={'key': 'game'}
2025-03-06 22:28:04,456 : INFO : root : MPF run loop ended.
