2025-03-22 22:53:04,290 : kivy : deps: Successfully imported "kivy_deps.gstreamer" 0.3.3
2025-03-22 22:53:04,290 : kivy : deps: Successfully imported "kivy_deps.angle" 0.3.3
2025-03-22 22:53:04,290 : kivy : deps: Successfully imported "kivy_deps.glew" 0.3.1
2025-03-22 22:53:04,291 : kivy : deps: Successfully imported "kivy_deps.sdl2" 0.6.0
2025-03-22 22:53:04,291 : kivy : Kivy: v2.2.1
2025-03-22 22:53:04,291 : kivy : Kivy: Installed at "C:\Users\duffb\.pyenv\pyenv-win\versions\3.11.0\Lib\site-packages\kivy\__init__.py"
2025-03-22 22:53:04,291 : kivy : Python: v3.11.0 (main, Oct 24 2022, 18:26:48) [MSC v.1933 64 bit (AMD64)]
2025-03-22 22:53:04,292 : kivy : Python: Interpreter at "C:\Users\duffb\.pyenv\pyenv-win\versions\3.11.0\python.exe"
2025-03-22 22:53:04,310 : kivy : Factory: 190 symbols loaded
2025-03-22 22:53:04,486 : kivy : ImageLoaderFFPy: Using ffpyplayer 4.5.1
2025-03-22 22:53:04,486 : kivy : Image: Providers: img_tex, img_dds, img_sdl2, img_pil, img_ffpyplayer 
2025-03-22 22:53:04,684 : kivy : VideoGstplayer: Using Gstreamer 1.18.5.0
2025-03-22 22:53:04,684 : kivy : Video: Provider: gstplayer
2025-03-22 22:53:04,725 : root : Loading MPF-MC controller
2025-03-22 22:53:04,740 : YamlMultifileConfigLoader : Machine config file #1: config
2025-03-22 22:53:04,741 : ConfigProcessor : Config file in cache changed: C:\Users\duffb\OneDrive\Documents\Python Envs\PinBallWW1\Machine\config\config
2025-03-22 22:53:04,741 : ConfigProcessor : Loading config from file C:\Users\duffb\.pyenv\pyenv-win\versions\3.11.0\Lib\site-packages\mpfmc\mcconfig.yaml.
2025-03-22 22:53:04,748 : ConfigProcessor : Loading config: C:\Users\duffb\.pyenv\pyenv-win\versions\3.11.0\Lib\site-packages\mpfmc\mcconfig.yaml
2025-03-22 22:53:04,748 : ConfigProcessor : Loading config from file C:\Users\duffb\OneDrive\Documents\Python Envs\PinBallWW1\Machine\config\config.
2025-03-22 22:53:04,754 : ConfigProcessor : Loading config: C:\Users\duffb\OneDrive\Documents\Python Envs\PinBallWW1\Machine\config\config
2025-03-22 22:53:04,755 : ConfigProcessor : Config file cache created: C:\Users\duffb\AppData\Local\Temp\de7a4651692d89380cb727f0a44dc491.mpf_cache
2025-03-22 22:53:04,756 : ConfigProcessor : Loading config from cache: C:\Users\duffb\AppData\Local\Temp\ee7db1e8d011f44c876692bb4657f2e9.mpf_cache
2025-03-22 22:53:04,757 : ConfigProcessor : Loading config from cache: C:\Users\duffb\AppData\Local\Temp\9f058d482eac17116727d62a93500be7.mpf_cache
2025-03-22 22:53:04,758 : ConfigProcessor : Loading config from cache: C:\Users\duffb\AppData\Local\Temp\2c9362052ff91db960f514d041b7f4e4.mpf_cache
2025-03-22 22:53:04,758 : ConfigProcessor : Loading config from cache: C:\Users\duffb\AppData\Local\Temp\9e006ea23aa21ec68e01f6c49afad9f4.mpf_cache
2025-03-22 22:53:04,759 : mpfmc : Mission Pinball Framework Media Controller (MPF-MC) v0.57.1. Requires MPF v0.57.0 or newer.
2025-03-22 22:53:04,759 : mpfmc : Found MPF v0.57.0
2025-03-22 22:53:04,759 : mpfmc : Machine path: C:\Users\duffb\OneDrive\Documents\Python Envs\PinBallWW1\Machine
2025-03-22 22:53:04,759 : mpfmc : Starting clock at 60.0Hz
2025-03-22 22:53:04,777 : kivy : Text: Provider: sdl2
2025-03-22 22:53:04,841 : kivy : Window: Provider: sdl2
2025-03-22 22:53:05,080 : kivy : GL: Using the "OpenGL" graphics system
2025-03-22 22:53:05,082 : kivy : GL: GLEW initialization succeeded
2025-03-22 22:53:05,082 : kivy : GL: Backend used <glew>
2025-03-22 22:53:05,082 : kivy : GL: OpenGL version <b'4.6.0 - Build 31.0.101.5592'>
2025-03-22 22:53:05,082 : kivy : GL: OpenGL vendor <b'Intel'>
2025-03-22 22:53:05,082 : kivy : GL: OpenGL renderer <b'Intel(R) UHD Graphics'>
2025-03-22 22:53:05,082 : kivy : GL: OpenGL parsed version: 4, 6
2025-03-22 22:53:05,082 : kivy : GL: Shading version <b'4.60 - Build 31.0.101.5592'>
2025-03-22 22:53:05,082 : kivy : GL: Texture max size <16384>
2025-03-22 22:53:05,082 : kivy : GL: Texture max units <32>
2025-03-22 22:53:05,104 : kivy : Window: auto add sdl2 input provider
2025-03-22 22:53:05,105 : kivy : Window: virtual keyboard not allowed, single mode, not docked
2025-03-22 22:53:05,549 : AudioInterface : Initialized
2025-03-22 22:53:05,549 : AudioInterface : Loaded SDL 2.26.4
2025-03-22 22:53:05,549 : AudioInterface : Loaded SDL_Mixer 2.6.3
2025-03-22 22:53:05,549 : AudioInterface : Loaded GStreamer 1.18.5.0
2025-03-22 22:53:05,549 : AudioInterface : Loaded GLib 2.62.6
2025-03-22 22:53:05,549 : AudioInterface : Settings requested - rate: 44100, channels: 1, buffer: 2048 samples
2025-03-22 22:53:05,549 : AudioInterface : Settings in use - rate: 44100, channels: 1, buffer: 2048 samples (4096 bytes @ 2 bytes per sample)
2025-03-22 22:53:05,549 : SoundSystem : Setting master volume to 0.0
2025-03-22 22:53:05,549 : AudioInterface : Enabling audio playback
2025-03-22 22:53:05,554 : kivy : Base: Start application main loop
2025-03-22 22:53:05,554 : EventManager : Event: ======'display_window_initialized'====== Args={}
2025-03-22 22:53:05,564 : mpfmc : Display: Setting 'window' as default display
2025-03-22 22:53:05,580 : EventManager : Event: ======'displays_initialized'====== Args={}
2025-03-22 22:53:05,581 : EventManager : Event: ======'slide_window_blank_created'====== Args={}
2025-03-22 22:53:05,581 : EventManager : Event: ======'display_window_ready'====== Args={}
2025-03-22 22:53:05,593 : EventManager : Event: ======'init_phase_1'====== Args={}
2025-03-22 22:53:05,595 : EventManager : Event: ======'mc_ready'====== Args={}
2025-03-22 22:53:05,595 : EventManager : Event: ======'init_phase_2'====== Args={}
2025-03-22 22:53:05,598 : EventManager : Event: ======'init_phase_3'====== Args={}
2025-03-22 22:53:05,599 : EventManager : Event: ======'init_phase_4'====== Args={}
2025-03-22 22:53:05,600 : EventManager : Event: ======'init_phase_5'====== Args={}
2025-03-22 22:53:05,616 : kivy : GL: NPOT texture support is available
2025-03-22 22:53:05,628 : EventManager : Event: ======'loading_assets'====== Args={'total': 5, 'loaded': 1, 'remaining': 4, 'percent': 20}
2025-03-22 22:53:05,628 : AssetManager : Loading assets: 1/5 (20%)
2025-03-22 22:53:05,638 : EventManager : Event: ======'loading_assets'====== Args={'total': 5, 'loaded': 5, 'remaining': 0, 'percent': 100}
2025-03-22 22:53:05,638 : AssetManager : Asset loading took: 0.08884191513061523
2025-03-22 22:53:05,638 : EventManager : Event: ======'asset_loading_complete'====== Args={}
2025-03-22 22:53:05,638 : AssetManager : Loading assets: 5/5 (100%)
2025-03-22 22:53:05,638 : EventManager : Event: ======'init_done'====== Args={}
2025-03-22 22:53:05,638 : MPF-MC BCP Server : Starting up on localhost port 5050
2025-03-22 22:53:05,644 : MPF-MC BCP Server : Waiting for a connection...
2025-03-22 22:53:05,648 : EventManager : Event: ======'slide_welcome_slide_created'====== Args={}
2025-03-22 22:53:05,649 : EventManager : Event: ======'slide_welcome_slide_active'====== Args={}
2025-03-22 22:53:05,654 : EventManager : Event: ======'client_disconnected'====== Args={'host': '127.0.0.1', 'port': 5050}
2025-03-22 22:53:06,546 : MPF-MC BCP Server : Received connection from: 127.0.0.1:50093
2025-03-22 22:53:07,087 : EventManager : Event: ======'client_connected'====== Args={'host': '127.0.0.1', 'port': 50093}
2025-03-22 22:53:07,087 : EventManager : Event: ======'slides_play'====== Args={'settings': {'welcome_slide': {'target': None, 'background_color': [0.0, 0.0, 0.0, 1.0], 'priority': None, 'show': True, 'force': False, 'expire': None, 'slide': None, 'tokens': {}, 'action': 'play'}}, 'context': '_global', 'calling_context': 'init_done', 'priority': 0}
2025-03-22 22:53:07,087 : EventManager : Event: ======'mc_reset_phase_1'====== Args={}
2025-03-22 22:53:07,088 : EventManager : Event: ======'slide_welcome_slide_removed'====== Args={}
2025-03-22 22:53:07,091 : EventManager : Event: ======'slide_welcome_slide_created'====== Args={}
2025-03-22 22:53:07,092 : EventManager : Event: ======'mc_reset_phase_2'====== Args={}
2025-03-22 22:53:07,093 : EventManager : Event: ======'mc_reset_phase_3'====== Args={}
2025-03-22 22:53:07,093 : EventManager : Event: ======'mc_reset_complete'====== Args={}
2025-03-22 22:53:07,094 : EventManager : Event: ======'slide_welcome_slide_active'====== Args={}
2025-03-22 22:53:07,111 : EventManager : Event: ======'machine_var_credits_string'====== Args={'value': 'FREE PLAY', 'prev_value': None, 'change': True}
2025-03-22 22:53:07,112 : EventManager : Event: ======'machine_var_master_volume'====== Args={'value': 0.5, 'prev_value': None, 'change': True}
2025-03-22 22:53:07,113 : EventManager : Event: ======'machine_var_player1_score'====== Args={'value': 8000, 'prev_value': None, 'change': True}
2025-03-22 22:53:07,113 : EventManager : Event: ======'machine_var_player2_score'====== Args={'value': 1000, 'prev_value': None, 'change': True}
2025-03-22 22:53:07,113 : EventManager : Event: ======'machine_var_mpf_version'====== Args={'value': 'Mission Pinball Framework v0.57.0', 'prev_value': None, 'change': True}
2025-03-22 22:53:07,113 : EventManager : Event: ======'machine_var_mpf_extended_version'====== Args={'value': 'Mission Pinball Framework v0.57.0, Config version:6, Show version: 6, BCP version:1.1', 'prev_value': None, 'change': True}
2025-03-22 22:53:07,113 : EventManager : Event: ======'machine_var_python_version'====== Args={'value': '3.11.0', 'prev_value': None, 'change': True}
2025-03-22 22:53:07,113 : EventManager : Event: ======'machine_var_platform'====== Args={'value': 'Windows-10-10.0.26100-SP0', 'prev_value': None, 'change': True}
2025-03-22 22:53:07,113 : EventManager : Event: ======'machine_var_platform_system'====== Args={'value': 'Windows', 'prev_value': None, 'change': True}
2025-03-22 22:53:07,113 : EventManager : Event: ======'machine_var_platform_release'====== Args={'value': '10', 'prev_value': None, 'change': True}
2025-03-22 22:53:07,113 : EventManager : Event: ======'machine_var_platform_version'====== Args={'value': '10.0.26100', 'prev_value': None, 'change': True}
2025-03-22 22:53:07,114 : EventManager : Event: ======'machine_var_platform_machine'====== Args={'value': 'AMD64', 'prev_value': None, 'change': True}
2025-03-22 22:53:07,114 : EventManager : Event: ======'machine_var_audits_events_game_ended'====== Args={'value': 13, 'prev_value': None, 'change': True}
2025-03-22 22:53:07,114 : EventManager : Event: ======'machine_var_audits_events_game_started'====== Args={'value': 71, 'prev_value': None, 'change': True}
2025-03-22 22:53:07,114 : EventManager : Event: ======'machine_var_audits_missing_switches_s_Lane1'====== Args={'value': 19, 'prev_value': None, 'change': True}
2025-03-22 22:53:07,114 : EventManager : Event: ======'machine_var_audits_missing_switches_s_Lane2'====== Args={'value': 19, 'prev_value': None, 'change': True}
2025-03-22 22:53:07,114 : EventManager : Event: ======'machine_var_audits_missing_switches_s_Lane3'====== Args={'value': 19, 'prev_value': None, 'change': True}
2025-03-22 22:53:07,114 : EventManager : Event: ======'machine_var_audits_missing_switches_s_Lane4'====== Args={'value': 19, 'prev_value': None, 'change': True}
2025-03-22 22:53:07,114 : EventManager : Event: ======'machine_var_audits_missing_switches_s_Target1'====== Args={'value': 19, 'prev_value': None, 'change': True}
2025-03-22 22:53:07,114 : EventManager : Event: ======'machine_var_audits_missing_switches_s_Target2'====== Args={'value': 19, 'prev_value': None, 'change': True}
2025-03-22 22:53:07,114 : EventManager : Event: ======'machine_var_audits_missing_switches_s_Target3'====== Args={'value': 19, 'prev_value': None, 'change': True}
2025-03-22 22:53:07,114 : EventManager : Event: ======'machine_var_audits_missing_switches_s_Target4'====== Args={'value': 19, 'prev_value': None, 'change': True}
2025-03-22 22:53:07,114 : EventManager : Event: ======'machine_var_audits_missing_switches_s_drain'====== Args={'value': 6, 'prev_value': None, 'change': True}
2025-03-22 22:53:07,114 : EventManager : Event: ======'machine_var_audits_missing_switches_s_left_flipper'====== Args={'value': 19, 'prev_value': None, 'change': True}
2025-03-22 22:53:07,114 : EventManager : Event: ======'machine_var_audits_missing_switches_s_right_flipper'====== Args={'value': 19, 'prev_value': None, 'change': True}
2025-03-22 22:53:07,115 : EventManager : Event: ======'machine_var_audits_missing_switches_s_start_button'====== Args={'value': 6, 'prev_value': None, 'change': True}
2025-03-22 22:53:07,115 : EventManager : Event: ======'machine_var_audits_missing_switches_s_trough1'====== Args={'value': 24, 'prev_value': None, 'change': True}
2025-03-22 22:53:07,115 : EventManager : Event: ======'machine_var_audits_missing_switches_s_trough2'====== Args={'value': 27, 'prev_value': None, 'change': True}
2025-03-22 22:53:07,115 : EventManager : Event: ======'machine_var_audits_missing_switches_s_trough3'====== Args={'value': 31, 'prev_value': None, 'change': True}
2025-03-22 22:53:07,115 : EventManager : Event: ======'machine_var_audits_missing_switches_s_trough_enter'====== Args={'value': 26, 'prev_value': None, 'change': True}
2025-03-22 22:53:07,115 : EventManager : Event: ======'machine_var_audits_player_score'====== Args={'value': {'average': 124, 'top': [8000, 1000, 0, 0, 0, 0, 0, 0, 0, 0], 'total': 16}, 'prev_value': None, 'change': True}
2025-03-22 22:53:07,115 : EventManager : Event: ======'machine_var_audits_switches_s_Lane1'====== Args={'value': 36, 'prev_value': None, 'change': True}
2025-03-22 22:53:07,115 : EventManager : Event: ======'machine_var_audits_switches_s_Lane2'====== Args={'value': 25, 'prev_value': None, 'change': True}
2025-03-22 22:53:07,115 : EventManager : Event: ======'machine_var_audits_switches_s_Lane3'====== Args={'value': 22, 'prev_value': None, 'change': True}
2025-03-22 22:53:07,115 : EventManager : Event: ======'machine_var_audits_switches_s_Lane4'====== Args={'value': 26, 'prev_value': None, 'change': True}
2025-03-22 22:53:07,115 : EventManager : Event: ======'machine_var_audits_switches_s_Target1'====== Args={'value': 66, 'prev_value': None, 'change': True}
2025-03-22 22:53:07,115 : EventManager : Event: ======'machine_var_audits_switches_s_Target2'====== Args={'value': 59, 'prev_value': None, 'change': True}
2025-03-22 22:53:07,115 : EventManager : Event: ======'machine_var_audits_switches_s_Target3'====== Args={'value': 64, 'prev_value': None, 'change': True}
2025-03-22 22:53:07,115 : EventManager : Event: ======'machine_var_audits_switches_s_Target4'====== Args={'value': 51, 'prev_value': None, 'change': True}
2025-03-22 22:53:07,115 : EventManager : Event: ======'machine_var_audits_switches_s_drain'====== Args={'value': 0, 'prev_value': None, 'change': True}
2025-03-22 22:53:07,115 : EventManager : Event: ======'machine_var_audits_switches_s_launcher_button'====== Args={'value': 126, 'prev_value': None, 'change': True}
2025-03-22 22:53:07,115 : EventManager : Event: ======'machine_var_audits_switches_s_left_flipper'====== Args={'value': 103, 'prev_value': None, 'change': True}
2025-03-22 22:53:07,115 : EventManager : Event: ======'machine_var_audits_switches_s_playfield_entry'====== Args={'value': 208, 'prev_value': None, 'change': True}
2025-03-22 22:53:07,116 : EventManager : Event: ======'machine_var_audits_switches_s_plunger_lane'====== Args={'value': 155, 'prev_value': None, 'change': True}
2025-03-22 22:53:07,116 : EventManager : Event: ======'machine_var_audits_switches_s_pointTarget'====== Args={'value': 193, 'prev_value': None, 'change': True}
2025-03-22 22:53:07,116 : EventManager : Event: ======'machine_var_audits_switches_s_right_flipper'====== Args={'value': 95, 'prev_value': None, 'change': True}
2025-03-22 22:53:07,116 : EventManager : Event: ======'machine_var_audits_switches_s_start_button'====== Args={'value': 0, 'prev_value': None, 'change': True}
2025-03-22 22:53:07,116 : EventManager : Event: ======'machine_var_audits_switches_s_trough1'====== Args={'value': 109, 'prev_value': None, 'change': True}
2025-03-22 22:53:07,116 : EventManager : Event: ======'machine_var_audits_switches_s_trough2'====== Args={'value': 17, 'prev_value': None, 'change': True}
2025-03-22 22:53:07,116 : EventManager : Event: ======'machine_var_audits_switches_s_trough3'====== Args={'value': 14, 'prev_value': None, 'change': True}
2025-03-22 22:53:07,116 : EventManager : Event: ======'machine_var_audits_switches_s_trough_enter'====== Args={'value': 1, 'prev_value': None, 'change': True}
2025-03-22 22:53:07,116 : EventManager : Event: ======'machine_var_mc_version'====== Args={'value': 'MPF-MC v0.57.1', 'prev_value': None, 'change': True}
2025-03-22 22:53:07,116 : EventManager : Event: ======'machine_var_mc_extended_version'====== Args={'value': 'MPF-MC v0.57.1 (config_version=6, BCP v1.1,                      Requires MPF API compatibility v0.57.0 or newer)', 'prev_value': None, 'change': True}
2025-03-22 22:53:07,116 : EventManager : Event: ======'machine_var_credits_string'====== Args={'value': 'FREE PLAY', 'prev_value': None, 'change': True}
2025-03-22 22:53:07,116 : EventManager : Event: ======'machine_var_master_volume'====== Args={'value': 0.5, 'prev_value': None, 'change': True}
2025-03-22 22:53:07,116 : EventManager : Event: ======'machine_var_player1_score'====== Args={'value': 8000, 'prev_value': None, 'change': True}
2025-03-22 22:53:07,116 : EventManager : Event: ======'machine_var_player2_score'====== Args={'value': 1000, 'prev_value': None, 'change': True}
2025-03-22 22:53:07,116 : EventManager : Event: ======'machine_var_mpf_version'====== Args={'value': 'Mission Pinball Framework v0.57.0', 'prev_value': None, 'change': True}
2025-03-22 22:53:07,116 : EventManager : Event: ======'machine_var_mpf_extended_version'====== Args={'value': 'Mission Pinball Framework v0.57.0, Config version:6, Show version: 6, BCP version:1.1', 'prev_value': None, 'change': True}
2025-03-22 22:53:07,116 : EventManager : Event: ======'machine_var_python_version'====== Args={'value': '3.11.0', 'prev_value': None, 'change': True}
2025-03-22 22:53:07,116 : EventManager : Event: ======'machine_var_platform'====== Args={'value': 'Windows-10-10.0.26100-SP0', 'prev_value': None, 'change': True}
2025-03-22 22:53:07,116 : EventManager : Event: ======'machine_var_platform_system'====== Args={'value': 'Windows', 'prev_value': None, 'change': True}
2025-03-22 22:53:07,116 : EventManager : Event: ======'machine_var_platform_release'====== Args={'value': '10', 'prev_value': None, 'change': True}
2025-03-22 22:53:07,116 : EventManager : Event: ======'machine_var_platform_version'====== Args={'value': '10.0.26100', 'prev_value': None, 'change': True}
2025-03-22 22:53:07,117 : EventManager : Event: ======'machine_var_platform_machine'====== Args={'value': 'AMD64', 'prev_value': None, 'change': True}
2025-03-22 22:53:07,117 : EventManager : Event: ======'machine_var_audits_events_game_ended'====== Args={'value': 13, 'prev_value': None, 'change': True}
2025-03-22 22:53:07,117 : EventManager : Event: ======'machine_var_audits_events_game_started'====== Args={'value': 71, 'prev_value': None, 'change': True}
2025-03-22 22:53:07,117 : EventManager : Event: ======'machine_var_audits_missing_switches_s_Lane1'====== Args={'value': 19, 'prev_value': None, 'change': True}
2025-03-22 22:53:07,117 : EventManager : Event: ======'machine_var_audits_missing_switches_s_Lane2'====== Args={'value': 19, 'prev_value': None, 'change': True}
2025-03-22 22:53:07,117 : EventManager : Event: ======'machine_var_audits_missing_switches_s_Lane3'====== Args={'value': 19, 'prev_value': None, 'change': True}
2025-03-22 22:53:07,117 : EventManager : Event: ======'machine_var_audits_missing_switches_s_Lane4'====== Args={'value': 19, 'prev_value': None, 'change': True}
2025-03-22 22:53:07,117 : EventManager : Event: ======'machine_var_audits_missing_switches_s_Target1'====== Args={'value': 19, 'prev_value': None, 'change': True}
2025-03-22 22:53:07,117 : EventManager : Event: ======'machine_var_audits_missing_switches_s_Target2'====== Args={'value': 19, 'prev_value': None, 'change': True}
2025-03-22 22:53:07,117 : EventManager : Event: ======'machine_var_audits_missing_switches_s_Target3'====== Args={'value': 19, 'prev_value': None, 'change': True}
2025-03-22 22:53:07,117 : EventManager : Event: ======'machine_var_audits_missing_switches_s_Target4'====== Args={'value': 19, 'prev_value': None, 'change': True}
2025-03-22 22:53:07,117 : EventManager : Event: ======'machine_var_audits_missing_switches_s_drain'====== Args={'value': 6, 'prev_value': None, 'change': True}
2025-03-22 22:53:07,117 : EventManager : Event: ======'machine_var_audits_missing_switches_s_left_flipper'====== Args={'value': 19, 'prev_value': None, 'change': True}
2025-03-22 22:53:07,117 : EventManager : Event: ======'machine_var_audits_missing_switches_s_right_flipper'====== Args={'value': 19, 'prev_value': None, 'change': True}
2025-03-22 22:53:07,117 : EventManager : Event: ======'machine_var_audits_missing_switches_s_start_button'====== Args={'value': 6, 'prev_value': None, 'change': True}
2025-03-22 22:53:07,117 : EventManager : Event: ======'machine_var_audits_missing_switches_s_trough1'====== Args={'value': 24, 'prev_value': None, 'change': True}
2025-03-22 22:53:07,117 : EventManager : Event: ======'machine_var_audits_missing_switches_s_trough2'====== Args={'value': 27, 'prev_value': None, 'change': True}
2025-03-22 22:53:07,117 : EventManager : Event: ======'machine_var_audits_missing_switches_s_trough3'====== Args={'value': 31, 'prev_value': None, 'change': True}
2025-03-22 22:53:07,117 : EventManager : Event: ======'machine_var_audits_missing_switches_s_trough_enter'====== Args={'value': 26, 'prev_value': None, 'change': True}
2025-03-22 22:53:07,117 : EventManager : Event: ======'machine_var_audits_player_score'====== Args={'value': {'average': 124, 'top': [8000, 1000, 0, 0, 0, 0, 0, 0, 0, 0], 'total': 16}, 'prev_value': None, 'change': True}
2025-03-22 22:53:07,117 : EventManager : Event: ======'machine_var_audits_switches_s_Lane1'====== Args={'value': 36, 'prev_value': None, 'change': True}
2025-03-22 22:53:07,117 : EventManager : Event: ======'machine_var_audits_switches_s_Lane2'====== Args={'value': 25, 'prev_value': None, 'change': True}
2025-03-22 22:53:07,117 : EventManager : Event: ======'machine_var_audits_switches_s_Lane3'====== Args={'value': 22, 'prev_value': None, 'change': True}
2025-03-22 22:53:07,117 : EventManager : Event: ======'machine_var_audits_switches_s_Lane4'====== Args={'value': 26, 'prev_value': None, 'change': True}
2025-03-22 22:53:07,118 : EventManager : Event: ======'machine_var_audits_switches_s_Target1'====== Args={'value': 66, 'prev_value': None, 'change': True}
2025-03-22 22:53:07,118 : EventManager : Event: ======'machine_var_audits_switches_s_Target2'====== Args={'value': 59, 'prev_value': None, 'change': True}
2025-03-22 22:53:07,118 : EventManager : Event: ======'machine_var_audits_switches_s_Target3'====== Args={'value': 64, 'prev_value': None, 'change': True}
2025-03-22 22:53:07,118 : EventManager : Event: ======'machine_var_audits_switches_s_Target4'====== Args={'value': 51, 'prev_value': None, 'change': True}
2025-03-22 22:53:07,118 : EventManager : Event: ======'machine_var_audits_switches_s_drain'====== Args={'value': 0, 'prev_value': None, 'change': True}
2025-03-22 22:53:07,118 : EventManager : Event: ======'machine_var_audits_switches_s_launcher_button'====== Args={'value': 126, 'prev_value': None, 'change': True}
2025-03-22 22:53:07,118 : EventManager : Event: ======'machine_var_audits_switches_s_left_flipper'====== Args={'value': 103, 'prev_value': None, 'change': True}
2025-03-22 22:53:07,118 : EventManager : Event: ======'machine_var_audits_switches_s_playfield_entry'====== Args={'value': 208, 'prev_value': None, 'change': True}
2025-03-22 22:53:07,118 : EventManager : Event: ======'machine_var_audits_switches_s_plunger_lane'====== Args={'value': 155, 'prev_value': None, 'change': True}
2025-03-22 22:53:07,118 : EventManager : Event: ======'machine_var_audits_switches_s_pointTarget'====== Args={'value': 193, 'prev_value': None, 'change': True}
2025-03-22 22:53:07,118 : EventManager : Event: ======'machine_var_audits_switches_s_right_flipper'====== Args={'value': 95, 'prev_value': None, 'change': True}
2025-03-22 22:53:07,118 : EventManager : Event: ======'machine_var_audits_switches_s_start_button'====== Args={'value': 0, 'prev_value': None, 'change': True}
2025-03-22 22:53:07,118 : EventManager : Event: ======'machine_var_audits_switches_s_trough1'====== Args={'value': 109, 'prev_value': None, 'change': True}
2025-03-22 22:53:07,118 : EventManager : Event: ======'machine_var_audits_switches_s_trough2'====== Args={'value': 17, 'prev_value': None, 'change': True}
2025-03-22 22:53:07,118 : EventManager : Event: ======'machine_var_audits_switches_s_trough3'====== Args={'value': 14, 'prev_value': None, 'change': True}
2025-03-22 22:53:07,118 : EventManager : Event: ======'machine_var_audits_switches_s_trough_enter'====== Args={'value': 1, 'prev_value': None, 'change': True}
2025-03-22 22:53:07,118 : EventManager : Event: ======'machine_var_mc_version'====== Args={'value': 'MPF-MC v0.57.1', 'prev_value': None, 'change': True}
2025-03-22 22:53:07,118 : EventManager : Event: ======'machine_var_mc_extended_version'====== Args={'value': 'MPF-MC v0.57.1 (config_version=6, BCP v1.1,                      Requires MPF API compatibility v0.57.0 or newer)', 'prev_value': None, 'change': True}
2025-03-22 22:53:07,118 : EventManager : Event: ======'machine_var_credits_string'====== Args={'value': 'FREE PLAY', 'prev_value': None, 'change': True}
2025-03-22 22:53:07,118 : EventManager : Event: ======'machine_var_master_volume'====== Args={'value': 0.5, 'prev_value': None, 'change': True}
2025-03-22 22:53:07,118 : EventManager : Event: ======'machine_var_player1_score'====== Args={'value': 8000, 'prev_value': None, 'change': True}
2025-03-22 22:53:07,118 : EventManager : Event: ======'machine_var_player2_score'====== Args={'value': 1000, 'prev_value': None, 'change': True}
2025-03-22 22:53:07,118 : EventManager : Event: ======'machine_var_mpf_version'====== Args={'value': 'Mission Pinball Framework v0.57.0', 'prev_value': None, 'change': True}
2025-03-22 22:53:07,118 : EventManager : Event: ======'machine_var_mpf_extended_version'====== Args={'value': 'Mission Pinball Framework v0.57.0, Config version:6, Show version: 6, BCP version:1.1', 'prev_value': None, 'change': True}
2025-03-22 22:53:07,118 : EventManager : Event: ======'machine_var_python_version'====== Args={'value': '3.11.0', 'prev_value': None, 'change': True}
2025-03-22 22:53:07,119 : EventManager : Event: ======'machine_var_platform'====== Args={'value': 'Windows-10-10.0.26100-SP0', 'prev_value': None, 'change': True}
2025-03-22 22:53:07,119 : EventManager : Event: ======'machine_var_platform_system'====== Args={'value': 'Windows', 'prev_value': None, 'change': True}
2025-03-22 22:53:07,119 : EventManager : Event: ======'machine_var_platform_release'====== Args={'value': '10', 'prev_value': None, 'change': True}
2025-03-22 22:53:07,119 : EventManager : Event: ======'machine_var_platform_version'====== Args={'value': '10.0.26100', 'prev_value': None, 'change': True}
2025-03-22 22:53:07,119 : EventManager : Event: ======'machine_var_platform_machine'====== Args={'value': 'AMD64', 'prev_value': None, 'change': True}
2025-03-22 22:53:07,119 : EventManager : Event: ======'machine_var_audits_events_game_ended'====== Args={'value': 13, 'prev_value': None, 'change': True}
2025-03-22 22:53:07,119 : EventManager : Event: ======'machine_var_audits_events_game_started'====== Args={'value': 71, 'prev_value': None, 'change': True}
2025-03-22 22:53:07,119 : EventManager : Event: ======'machine_var_audits_missing_switches_s_Lane1'====== Args={'value': 19, 'prev_value': None, 'change': True}
2025-03-22 22:53:07,119 : EventManager : Event: ======'machine_var_audits_missing_switches_s_Lane2'====== Args={'value': 19, 'prev_value': None, 'change': True}
2025-03-22 22:53:07,119 : EventManager : Event: ======'machine_var_audits_missing_switches_s_Lane3'====== Args={'value': 19, 'prev_value': None, 'change': True}
2025-03-22 22:53:07,119 : EventManager : Event: ======'machine_var_audits_missing_switches_s_Lane4'====== Args={'value': 19, 'prev_value': None, 'change': True}
2025-03-22 22:53:07,119 : EventManager : Event: ======'machine_var_audits_missing_switches_s_Target1'====== Args={'value': 19, 'prev_value': None, 'change': True}
2025-03-22 22:53:07,119 : EventManager : Event: ======'machine_var_audits_missing_switches_s_Target2'====== Args={'value': 19, 'prev_value': None, 'change': True}
2025-03-22 22:53:07,119 : EventManager : Event: ======'machine_var_audits_missing_switches_s_Target3'====== Args={'value': 19, 'prev_value': None, 'change': True}
2025-03-22 22:53:07,119 : EventManager : Event: ======'machine_var_audits_missing_switches_s_Target4'====== Args={'value': 19, 'prev_value': None, 'change': True}
2025-03-22 22:53:07,119 : EventManager : Event: ======'machine_var_audits_missing_switches_s_drain'====== Args={'value': 6, 'prev_value': None, 'change': True}
2025-03-22 22:53:07,119 : EventManager : Event: ======'machine_var_audits_missing_switches_s_left_flipper'====== Args={'value': 19, 'prev_value': None, 'change': True}
2025-03-22 22:53:07,119 : EventManager : Event: ======'machine_var_audits_missing_switches_s_right_flipper'====== Args={'value': 19, 'prev_value': None, 'change': True}
2025-03-22 22:53:07,119 : EventManager : Event: ======'machine_var_audits_missing_switches_s_start_button'====== Args={'value': 6, 'prev_value': None, 'change': True}
2025-03-22 22:53:07,119 : EventManager : Event: ======'machine_var_audits_missing_switches_s_trough1'====== Args={'value': 24, 'prev_value': None, 'change': True}
2025-03-22 22:53:07,119 : EventManager : Event: ======'machine_var_audits_missing_switches_s_trough2'====== Args={'value': 27, 'prev_value': None, 'change': True}
2025-03-22 22:53:07,119 : EventManager : Event: ======'machine_var_audits_missing_switches_s_trough3'====== Args={'value': 31, 'prev_value': None, 'change': True}
2025-03-22 22:53:07,119 : EventManager : Event: ======'machine_var_audits_missing_switches_s_trough_enter'====== Args={'value': 26, 'prev_value': None, 'change': True}
2025-03-22 22:53:07,120 : EventManager : Event: ======'machine_var_audits_player_score'====== Args={'value': {'average': 124, 'top': [8000, 1000, 0, 0, 0, 0, 0, 0, 0, 0], 'total': 16}, 'prev_value': None, 'change': True}
2025-03-22 22:53:07,120 : EventManager : Event: ======'machine_var_audits_switches_s_Lane1'====== Args={'value': 36, 'prev_value': None, 'change': True}
2025-03-22 22:53:07,120 : EventManager : Event: ======'machine_var_audits_switches_s_Lane2'====== Args={'value': 25, 'prev_value': None, 'change': True}
2025-03-22 22:53:07,120 : EventManager : Event: ======'machine_var_audits_switches_s_Lane3'====== Args={'value': 22, 'prev_value': None, 'change': True}
2025-03-22 22:53:07,120 : EventManager : Event: ======'machine_var_audits_switches_s_Lane4'====== Args={'value': 26, 'prev_value': None, 'change': True}
2025-03-22 22:53:07,120 : EventManager : Event: ======'machine_var_audits_switches_s_Target1'====== Args={'value': 66, 'prev_value': None, 'change': True}
2025-03-22 22:53:07,120 : EventManager : Event: ======'machine_var_audits_switches_s_Target2'====== Args={'value': 59, 'prev_value': None, 'change': True}
2025-03-22 22:53:07,120 : EventManager : Event: ======'machine_var_audits_switches_s_Target3'====== Args={'value': 64, 'prev_value': None, 'change': True}
2025-03-22 22:53:07,120 : EventManager : Event: ======'machine_var_audits_switches_s_Target4'====== Args={'value': 51, 'prev_value': None, 'change': True}
2025-03-22 22:53:07,120 : EventManager : Event: ======'machine_var_audits_switches_s_drain'====== Args={'value': 0, 'prev_value': None, 'change': True}
2025-03-22 22:53:07,120 : EventManager : Event: ======'machine_var_audits_switches_s_launcher_button'====== Args={'value': 126, 'prev_value': None, 'change': True}
2025-03-22 22:53:07,120 : EventManager : Event: ======'machine_var_audits_switches_s_left_flipper'====== Args={'value': 103, 'prev_value': None, 'change': True}
2025-03-22 22:53:07,120 : EventManager : Event: ======'machine_var_audits_switches_s_playfield_entry'====== Args={'value': 208, 'prev_value': None, 'change': True}
2025-03-22 22:53:07,120 : EventManager : Event: ======'machine_var_audits_switches_s_plunger_lane'====== Args={'value': 155, 'prev_value': None, 'change': True}
2025-03-22 22:53:07,120 : EventManager : Event: ======'machine_var_audits_switches_s_pointTarget'====== Args={'value': 193, 'prev_value': None, 'change': True}
2025-03-22 22:53:07,120 : EventManager : Event: ======'machine_var_audits_switches_s_right_flipper'====== Args={'value': 95, 'prev_value': None, 'change': True}
2025-03-22 22:53:07,120 : EventManager : Event: ======'machine_var_audits_switches_s_start_button'====== Args={'value': 0, 'prev_value': None, 'change': True}
2025-03-22 22:53:07,120 : EventManager : Event: ======'machine_var_audits_switches_s_trough1'====== Args={'value': 109, 'prev_value': None, 'change': True}
2025-03-22 22:53:07,120 : EventManager : Event: ======'machine_var_audits_switches_s_trough2'====== Args={'value': 17, 'prev_value': None, 'change': True}
2025-03-22 22:53:07,120 : EventManager : Event: ======'machine_var_audits_switches_s_trough3'====== Args={'value': 14, 'prev_value': None, 'change': True}
2025-03-22 22:53:07,120 : EventManager : Event: ======'machine_var_audits_switches_s_trough_enter'====== Args={'value': 1, 'prev_value': None, 'change': True}
2025-03-22 22:53:07,120 : EventManager : Event: ======'machine_var_mc_version'====== Args={'value': 'MPF-MC v0.57.1', 'prev_value': None, 'change': True}
2025-03-22 22:53:07,121 : EventManager : Event: ======'machine_var_mc_extended_version'====== Args={'value': 'MPF-MC v0.57.1 (config_version=6, BCP v1.1,                      Requires MPF API compatibility v0.57.0 or newer)', 'prev_value': None, 'change': True}
2025-03-22 22:53:07,121 : EventManager : Event: ======'machine_var_credits_string'====== Args={'value': 'FREE PLAY', 'prev_value': None, 'change': True}
2025-03-22 22:53:07,121 : EventManager : Event: ======'machine_var_master_volume'====== Args={'value': 0.5, 'prev_value': None, 'change': True}
2025-03-22 22:53:07,121 : EventManager : Event: ======'machine_var_player1_score'====== Args={'value': 8000, 'prev_value': None, 'change': True}
2025-03-22 22:53:07,121 : EventManager : Event: ======'machine_var_player2_score'====== Args={'value': 1000, 'prev_value': None, 'change': True}
2025-03-22 22:53:07,121 : EventManager : Event: ======'machine_var_mpf_version'====== Args={'value': 'Mission Pinball Framework v0.57.0', 'prev_value': None, 'change': True}
2025-03-22 22:53:07,121 : EventManager : Event: ======'machine_var_mpf_extended_version'====== Args={'value': 'Mission Pinball Framework v0.57.0, Config version:6, Show version: 6, BCP version:1.1', 'prev_value': None, 'change': True}
2025-03-22 22:53:07,121 : EventManager : Event: ======'machine_var_python_version'====== Args={'value': '3.11.0', 'prev_value': None, 'change': True}
2025-03-22 22:53:07,121 : EventManager : Event: ======'machine_var_platform'====== Args={'value': 'Windows-10-10.0.26100-SP0', 'prev_value': None, 'change': True}
2025-03-22 22:53:07,121 : EventManager : Event: ======'machine_var_platform_system'====== Args={'value': 'Windows', 'prev_value': None, 'change': True}
2025-03-22 22:53:07,121 : EventManager : Event: ======'machine_var_platform_release'====== Args={'value': '10', 'prev_value': None, 'change': True}
2025-03-22 22:53:07,121 : EventManager : Event: ======'machine_var_platform_version'====== Args={'value': '10.0.26100', 'prev_value': None, 'change': True}
2025-03-22 22:53:07,121 : EventManager : Event: ======'machine_var_platform_machine'====== Args={'value': 'AMD64', 'prev_value': None, 'change': True}
2025-03-22 22:53:07,121 : EventManager : Event: ======'machine_var_audits_events_game_ended'====== Args={'value': 13, 'prev_value': None, 'change': True}
2025-03-22 22:53:07,121 : EventManager : Event: ======'machine_var_audits_events_game_started'====== Args={'value': 71, 'prev_value': None, 'change': True}
2025-03-22 22:53:07,121 : EventManager : Event: ======'machine_var_audits_missing_switches_s_Lane1'====== Args={'value': 19, 'prev_value': None, 'change': True}
2025-03-22 22:53:07,121 : EventManager : Event: ======'machine_var_audits_missing_switches_s_Lane2'====== Args={'value': 19, 'prev_value': None, 'change': True}
2025-03-22 22:53:07,121 : EventManager : Event: ======'machine_var_audits_missing_switches_s_Lane3'====== Args={'value': 19, 'prev_value': None, 'change': True}
2025-03-22 22:53:07,121 : EventManager : Event: ======'machine_var_audits_missing_switches_s_Lane4'====== Args={'value': 19, 'prev_value': None, 'change': True}
2025-03-22 22:53:07,121 : EventManager : Event: ======'machine_var_audits_missing_switches_s_Target1'====== Args={'value': 19, 'prev_value': None, 'change': True}
2025-03-22 22:53:07,121 : EventManager : Event: ======'machine_var_audits_missing_switches_s_Target2'====== Args={'value': 19, 'prev_value': None, 'change': True}
2025-03-22 22:53:07,121 : EventManager : Event: ======'machine_var_audits_missing_switches_s_Target3'====== Args={'value': 19, 'prev_value': None, 'change': True}
2025-03-22 22:53:07,121 : EventManager : Event: ======'machine_var_audits_missing_switches_s_Target4'====== Args={'value': 19, 'prev_value': None, 'change': True}
2025-03-22 22:53:07,122 : EventManager : Event: ======'machine_var_audits_missing_switches_s_drain'====== Args={'value': 6, 'prev_value': None, 'change': True}
2025-03-22 22:53:07,122 : EventManager : Event: ======'machine_var_audits_missing_switches_s_left_flipper'====== Args={'value': 19, 'prev_value': None, 'change': True}
2025-03-22 22:53:07,122 : EventManager : Event: ======'machine_var_audits_missing_switches_s_right_flipper'====== Args={'value': 19, 'prev_value': None, 'change': True}
2025-03-22 22:53:07,122 : EventManager : Event: ======'machine_var_audits_missing_switches_s_start_button'====== Args={'value': 6, 'prev_value': None, 'change': True}
2025-03-22 22:53:07,122 : EventManager : Event: ======'machine_var_audits_missing_switches_s_trough1'====== Args={'value': 24, 'prev_value': None, 'change': True}
2025-03-22 22:53:07,122 : EventManager : Event: ======'machine_var_audits_missing_switches_s_trough2'====== Args={'value': 27, 'prev_value': None, 'change': True}
2025-03-22 22:53:07,122 : EventManager : Event: ======'machine_var_audits_missing_switches_s_trough3'====== Args={'value': 31, 'prev_value': None, 'change': True}
2025-03-22 22:53:07,122 : EventManager : Event: ======'machine_var_audits_missing_switches_s_trough_enter'====== Args={'value': 26, 'prev_value': None, 'change': True}
2025-03-22 22:53:07,122 : EventManager : Event: ======'machine_var_audits_player_score'====== Args={'value': {'average': 124, 'top': [8000, 1000, 0, 0, 0, 0, 0, 0, 0, 0], 'total': 16}, 'prev_value': None, 'change': True}
2025-03-22 22:53:07,122 : EventManager : Event: ======'machine_var_audits_switches_s_Lane1'====== Args={'value': 36, 'prev_value': None, 'change': True}
2025-03-22 22:53:07,122 : EventManager : Event: ======'machine_var_audits_switches_s_Lane2'====== Args={'value': 25, 'prev_value': None, 'change': True}
2025-03-22 22:53:07,122 : EventManager : Event: ======'machine_var_audits_switches_s_Lane3'====== Args={'value': 22, 'prev_value': None, 'change': True}
2025-03-22 22:53:07,122 : EventManager : Event: ======'machine_var_audits_switches_s_Lane4'====== Args={'value': 26, 'prev_value': None, 'change': True}
2025-03-22 22:53:07,122 : EventManager : Event: ======'machine_var_audits_switches_s_Target1'====== Args={'value': 66, 'prev_value': None, 'change': True}
2025-03-22 22:53:07,122 : EventManager : Event: ======'machine_var_audits_switches_s_Target2'====== Args={'value': 59, 'prev_value': None, 'change': True}
2025-03-22 22:53:07,122 : EventManager : Event: ======'machine_var_audits_switches_s_Target3'====== Args={'value': 64, 'prev_value': None, 'change': True}
2025-03-22 22:53:07,122 : EventManager : Event: ======'machine_var_audits_switches_s_Target4'====== Args={'value': 51, 'prev_value': None, 'change': True}
2025-03-22 22:53:07,122 : EventManager : Event: ======'machine_var_audits_switches_s_drain'====== Args={'value': 0, 'prev_value': None, 'change': True}
2025-03-22 22:53:07,123 : EventManager : Event: ======'machine_var_audits_switches_s_launcher_button'====== Args={'value': 126, 'prev_value': None, 'change': True}
2025-03-22 22:53:07,123 : EventManager : Event: ======'machine_var_audits_switches_s_left_flipper'====== Args={'value': 103, 'prev_value': None, 'change': True}
2025-03-22 22:53:07,123 : EventManager : Event: ======'machine_var_audits_switches_s_playfield_entry'====== Args={'value': 208, 'prev_value': None, 'change': True}
2025-03-22 22:53:07,123 : EventManager : Event: ======'machine_var_audits_switches_s_plunger_lane'====== Args={'value': 155, 'prev_value': None, 'change': True}
2025-03-22 22:53:07,123 : EventManager : Event: ======'machine_var_audits_switches_s_pointTarget'====== Args={'value': 193, 'prev_value': None, 'change': True}
2025-03-22 22:53:07,123 : EventManager : Event: ======'machine_var_audits_switches_s_right_flipper'====== Args={'value': 95, 'prev_value': None, 'change': True}
2025-03-22 22:53:07,123 : EventManager : Event: ======'machine_var_audits_switches_s_start_button'====== Args={'value': 0, 'prev_value': None, 'change': True}
2025-03-22 22:53:07,123 : EventManager : Event: ======'machine_var_audits_switches_s_trough1'====== Args={'value': 109, 'prev_value': None, 'change': True}
2025-03-22 22:53:07,123 : EventManager : Event: ======'machine_var_audits_switches_s_trough2'====== Args={'value': 17, 'prev_value': None, 'change': True}
2025-03-22 22:53:07,123 : EventManager : Event: ======'machine_var_audits_switches_s_trough3'====== Args={'value': 14, 'prev_value': None, 'change': True}
2025-03-22 22:53:07,123 : EventManager : Event: ======'machine_var_audits_switches_s_trough_enter'====== Args={'value': 1, 'prev_value': None, 'change': True}
2025-03-22 22:53:07,123 : EventManager : Event: ======'machine_var_mc_version'====== Args={'value': 'MPF-MC v0.57.1', 'prev_value': None, 'change': True}
2025-03-22 22:53:07,123 : EventManager : Event: ======'machine_var_mc_extended_version'====== Args={'value': 'MPF-MC v0.57.1 (config_version=6, BCP v1.1,                      Requires MPF API compatibility v0.57.0 or newer)', 'prev_value': None, 'change': True}
2025-03-22 22:53:07,123 : EventManager : Event: ======'slides_play'====== Args={'settings': {'ship_slide': {'widgets': [{'type': 'image', 'image': 'ship', '_default_settings': ['type', 'image'], 'x': None, 'y': None, 'anchor_x': 'center', 'anchor_y': 'center', 'round_anchor_x': None, 'round_anchor_y': None, 'opacity': 1.0, 'z': 0, 'reset_animations_events': {}, 'color': [1.0, 1.0, 1.0, 1.0], 'style': [], 'adjust_top': 0, 'adjust_bottom': 0, 'adjust_left': 0, 'adjust_right': 0, 'expire': None, 'key': None, 'widget': None, 'events_when_added': [], 'events_when_removed': [], 'fps': 10, 'loops': -1, 'auto_play': True, 'start_frame': 0, 'rotation': 0, 'scale': 1.0, 'animations': None}], 'target': None, 'background_color': [0.0, 0.0, 0.0, 1.0], 'priority': None, 'show': True, 'force': False, 'expire': None, 'slide': None, 'tokens': {}, 'action': 'play'}}, 'context': 'show_2', 'calling_context': 0, 'priority': 10, 'show_tokens': {}, 'start_time': 86414.078}
2025-03-22 22:53:07,123 : EventManager : Event: ======'sounds_play'====== Args={'settings': {'main': {'action': 'play', 'priority': None, 'block': False, 'delay': None, 'track': None, 'volume': None, 'ducking': {}, 'pan': None, 'loops': None, 'start_at': None, 'fade_in': None, 'fade_out': None, 'about_to_finish_time': -1.0, 'max_queue_time': -1.0, 'events_when_played': ['use_sound_setting'], 'events_when_stopped': ['use_sound_setting'], 'events_when_looping': ['use_sound_setting'], 'events_when_about_to_finish': ['use_sound_setting'], 'mode_end_action': 'use_sound_setting', 'key': 'use_sound_setting'}}, 'context': '_global', 'calling_context': 'mode_attract_started', 'priority': 0}
2025-03-22 22:53:07,123 : SoundSystem : Setting master volume to 0.5
2025-03-22 22:53:07,124 : SoundSystem : Setting master volume to 0.5
2025-03-22 22:53:07,124 : SoundSystem : Setting master volume to 0.5
2025-03-22 22:53:07,124 : SoundSystem : Setting master volume to 0.5
2025-03-22 22:53:07,126 : EventManager : Event: ======'slide_ship_slide_created'====== Args={}
2025-03-22 22:53:07,127 : EventManager : Event: ======'slide_ship_slide_active'====== Args={}
2025-03-22 22:53:07,761 : EventManager : Event: ======'loading_assets'====== Args={'total': 1, 'loaded': 1, 'remaining': 0, 'percent': 100}
2025-03-22 22:53:07,761 : AssetManager : Asset loading took: 2.21173357963562
2025-03-22 22:53:07,761 : EventManager : Event: ======'asset_loading_complete'====== Args={}
2025-03-22 22:53:07,761 : AssetManager : Loading assets: 1/1 (100%)
2025-03-22 22:53:08,162 : kivy : WindowSDL: Window is now on display 1
2025-03-22 22:53:12,130 : EventManager : Event: ======'slides_play'====== Args={'settings': {'starting_slide': {'widgets': [{'type': 'image', 'image': 'start', 'animations': {'pre_show_slide': [{'property': ['opacity'], 'value': ['0'], 'duration': 0.5, 'relative': False, 'timing': 'after_previous', 'repeat': False, 'easing': 'linear', 'step': 0.0}, {'property': ['opacity'], 'value': ['1'], 'duration': 0.5, 'repeat': True, 'relative': False, 'timing': 'after_previous', 'easing': 'linear', 'step': 0.0}]}, '_default_settings': ['type', 'image', 'animations'], 'x': None, 'y': None, 'anchor_x': 'center', 'anchor_y': 'center', 'round_anchor_x': None, 'round_anchor_y': None, 'opacity': 1.0, 'z': 0, 'reset_animations_events': {}, 'color': [1.0, 1.0, 1.0, 1.0], 'style': [], 'adjust_top': 0, 'adjust_bottom': 0, 'adjust_left': 0, 'adjust_right': 0, 'expire': None, 'key': None, 'widget': None, 'events_when_added': [], 'events_when_removed': [], 'fps': 10, 'loops': -1, 'auto_play': True, 'start_frame': 0, 'rotation': 0, 'scale': 1.0}, {'type': 'image', 'image': 'start_game', '_default_settings': ['type', 'image'], 'x': None, 'y': None, 'anchor_x': 'center', 'anchor_y': 'center', 'round_anchor_x': None, 'round_anchor_y': None, 'opacity': 1.0, 'z': 0, 'reset_animations_events': {}, 'color': [1.0, 1.0, 1.0, 1.0], 'style': [], 'adjust_top': 0, 'adjust_bottom': 0, 'adjust_left': 0, 'adjust_right': 0, 'expire': None, 'key': None, 'widget': None, 'events_when_added': [], 'events_when_removed': [], 'fps': 10, 'loops': -1, 'auto_play': True, 'start_frame': 0, 'rotation': 0, 'scale': 1.0, 'animations': None}], 'transition': {'type': 'push', 'duration': 1.0, 'direction': 'left', 'easing': 'out_quad'}, 'target': None, 'background_color': [0.0, 0.0, 0.0, 1.0], 'priority': None, 'show': True, 'force': False, 'expire': None, 'slide': None, 'tokens': {}, 'action': 'play'}}, 'context': 'show_2', 'calling_context': 1, 'priority': 10, 'show_tokens': {}, 'start_time': 86419.078}
2025-03-22 22:53:12,133 : EventManager : Event: ======'slide_starting_slide_created'====== Args={}
2025-03-22 22:53:12,134 : EventManager : Event: ======'slide_starting_slide_active'====== Args={}
2025-03-22 22:53:17,128 : EventManager : Event: ======'slides_play'====== Args={'settings': {'company_slide': {'widgets': [{'type': 'image', 'image': 'company', '_default_settings': ['type', 'image'], 'x': None, 'y': None, 'anchor_x': 'center', 'anchor_y': 'center', 'round_anchor_x': None, 'round_anchor_y': None, 'opacity': 1.0, 'z': 0, 'reset_animations_events': {}, 'color': [1.0, 1.0, 1.0, 1.0], 'style': [], 'adjust_top': 0, 'adjust_bottom': 0, 'adjust_left': 0, 'adjust_right': 0, 'expire': None, 'key': None, 'widget': None, 'events_when_added': [], 'events_when_removed': [], 'fps': 10, 'loops': -1, 'auto_play': True, 'start_frame': 0, 'rotation': 0, 'scale': 1.0, 'animations': None}, {'type': 'text', 'text': '(machine|player1_score)', 'number_grouping': True, 'min_digits': 2, 'font_size': 50, 'y': '40%', '_default_settings': ['type', 'text', 'number_grouping', 'min_digits', 'font_size', 'y'], 'x': None, 'anchor_x': 'center', 'anchor_y': 'center', 'round_anchor_x': None, 'round_anchor_y': None, 'opacity': 1.0, 'z': 0, 'reset_animations_events': {}, 'color': [1.0, 1.0, 1.0, 1.0], 'style': [], 'adjust_top': 0, 'adjust_bottom': 0, 'adjust_left': 0, 'adjust_right': 0, 'expire': None, 'key': None, 'widget': None, 'events_when_added': [], 'events_when_removed': [], 'bitmap_font': False, 'font_kerning': True, 'bold': False, 'italic': False, 'halign': 'center', 'valign': 'middle', 'rotation': 0, 'scale': 1.0, 'casing': None, 'outline_color': [1.0, 1.0, 1.0, 1.0], 'outline_width': 0, 'animations': None}], 'transition': {'type': 'move_in', 'duration': 1.0, 'direction': 'right', 'easing': 'out_quad'}, 'target': None, 'background_color': [0.0, 0.0, 0.0, 1.0], 'priority': None, 'show': True, 'force': False, 'expire': None, 'slide': None, 'tokens': {}, 'action': 'play'}}, 'context': 'show_2', 'calling_context': 2, 'priority': 10, 'show_tokens': {}, 'start_time': 86424.078}
2025-03-22 22:53:17,132 : EventManager : Event: ======'slide_company_slide_created'====== Args={}
2025-03-22 22:53:17,133 : EventManager : Unordered handler for class <Text Widget text=8,000> on event machine_var_player1_score with priority 1. Handlers: [RegisteredHandler(callback=<bound method Text._machine_var_change of <Text Widget text=8,000>>, priority=1, kwargs={}, key=UUID('ba27e015-3685-41ca-9cb6-f68742cea81b'), condition=None, blocking_facility=None), RegisteredHandler(callback=<bound method Text._machine_var_change of <Text Widget text=8,000>>, priority=1, kwargs={}, key=UUID('fd2a9a0c-acf9-4af5-aac5-bf534a4f0b40'), condition=None, blocking_facility=None)]. The order of those handlers is not defined and they will be executed in random order. This might lead to race conditions and potential bugs.
2025-03-22 22:53:17,137 : EventManager : Event: ======'slide_company_slide_active'====== Args={}
2025-03-22 22:53:22,125 : EventManager : Event: ======'slides_play'====== Args={'settings': {'lastgame_slide': {'widgets': [{'type': 'image', 'image': 'last_game', '_default_settings': ['type', 'image'], 'x': None, 'y': None, 'anchor_x': 'center', 'anchor_y': 'center', 'round_anchor_x': None, 'round_anchor_y': None, 'opacity': 1.0, 'z': 0, 'reset_animations_events': {}, 'color': [1.0, 1.0, 1.0, 1.0], 'style': [], 'adjust_top': 0, 'adjust_bottom': 0, 'adjust_left': 0, 'adjust_right': 0, 'expire': None, 'key': None, 'widget': None, 'events_when_added': [], 'events_when_removed': [], 'fps': 10, 'loops': -1, 'auto_play': True, 'start_frame': 0, 'rotation': 0, 'scale': 1.0, 'animations': None}], 'transition': {'type': 'move_in', 'duration': 1.0, 'direction': 'top', 'easing': 'out_quad'}, 'target': None, 'background_color': [0.0, 0.0, 0.0, 1.0], 'priority': None, 'show': True, 'force': False, 'expire': None, 'slide': None, 'tokens': {}, 'action': 'play'}}, 'context': 'show_2', 'calling_context': 3, 'priority': 10, 'show_tokens': {}, 'start_time': 86429.078}
2025-03-22 22:53:22,132 : EventManager : Event: ======'slide_lastgame_slide_created'====== Args={}
2025-03-22 22:53:22,139 : EventManager : Event: ======'slide_lastgame_slide_active'====== Args={}
2025-03-22 22:53:27,102 : EventManager : Event: ======'slides_play'====== Args={'settings': {'ship_slide': {'widgets': [{'type': 'image', 'image': 'ship', '_default_settings': ['type', 'image'], 'x': None, 'y': None, 'anchor_x': 'center', 'anchor_y': 'center', 'round_anchor_x': None, 'round_anchor_y': None, 'opacity': 1.0, 'z': 0, 'reset_animations_events': {}, 'color': [1.0, 1.0, 1.0, 1.0], 'style': [], 'adjust_top': 0, 'adjust_bottom': 0, 'adjust_left': 0, 'adjust_right': 0, 'expire': None, 'key': None, 'widget': None, 'events_when_added': [], 'events_when_removed': [], 'fps': 10, 'loops': -1, 'auto_play': True, 'start_frame': 0, 'rotation': 0, 'scale': 1.0, 'animations': None}], 'target': None, 'background_color': [0.0, 0.0, 0.0, 1.0], 'priority': None, 'show': True, 'force': False, 'expire': None, 'slide': None, 'tokens': {}, 'action': 'play'}}, 'context': 'show_2', 'calling_context': 0, 'priority': 10, 'show_tokens': {}, 'start_time': 86434.078}
2025-03-22 22:53:27,102 : EventManager : Event: ======'slide_ship_slide_removed'====== Args={}
2025-03-22 22:53:27,106 : EventManager : Event: ======'slide_ship_slide_created'====== Args={}
2025-03-22 22:53:27,107 : EventManager : Event: ======'slide_ship_slide_active'====== Args={}
2025-03-22 22:53:32,123 : EventManager : Event: ======'slides_play'====== Args={'settings': {'starting_slide': {'widgets': [{'type': 'image', 'image': 'start', 'animations': {'pre_show_slide': [{'property': ['opacity'], 'value': ['0'], 'duration': 0.5, 'relative': False, 'timing': 'after_previous', 'repeat': False, 'easing': 'linear', 'step': 0.0}, {'property': ['opacity'], 'value': ['1'], 'duration': 0.5, 'repeat': True, 'relative': False, 'timing': 'after_previous', 'easing': 'linear', 'step': 0.0}]}, '_default_settings': ['type', 'image', 'animations'], 'x': None, 'y': None, 'anchor_x': 'center', 'anchor_y': 'center', 'round_anchor_x': None, 'round_anchor_y': None, 'opacity': 1.0, 'z': 0, 'reset_animations_events': {}, 'color': [1.0, 1.0, 1.0, 1.0], 'style': [], 'adjust_top': 0, 'adjust_bottom': 0, 'adjust_left': 0, 'adjust_right': 0, 'expire': None, 'key': None, 'widget': None, 'events_when_added': [], 'events_when_removed': [], 'fps': 10, 'loops': -1, 'auto_play': True, 'start_frame': 0, 'rotation': 0, 'scale': 1.0}, {'type': 'image', 'image': 'start_game', '_default_settings': ['type', 'image'], 'x': None, 'y': None, 'anchor_x': 'center', 'anchor_y': 'center', 'round_anchor_x': None, 'round_anchor_y': None, 'opacity': 1.0, 'z': 0, 'reset_animations_events': {}, 'color': [1.0, 1.0, 1.0, 1.0], 'style': [], 'adjust_top': 0, 'adjust_bottom': 0, 'adjust_left': 0, 'adjust_right': 0, 'expire': None, 'key': None, 'widget': None, 'events_when_added': [], 'events_when_removed': [], 'fps': 10, 'loops': -1, 'auto_play': True, 'start_frame': 0, 'rotation': 0, 'scale': 1.0, 'animations': None}], 'transition': {'type': 'push', 'duration': 1.0, 'direction': 'left', 'easing': 'out_quad'}, 'target': None, 'background_color': [0.0, 0.0, 0.0, 1.0], 'priority': None, 'show': True, 'force': False, 'expire': None, 'slide': None, 'tokens': {}, 'action': 'play'}}, 'context': 'show_2', 'calling_context': 1, 'priority': 10, 'show_tokens': {}, 'start_time': 86439.078}
2025-03-22 22:53:32,126 : EventManager : Event: ======'slide_starting_slide_removed'====== Args={}
2025-03-22 22:53:32,139 : EventManager : Event: ======'slide_starting_slide_created'====== Args={}
2025-03-22 22:53:32,145 : EventManager : Event: ======'slide_starting_slide_active'====== Args={}
2025-03-22 22:53:37,111 : EventManager : Event: ======'slides_play'====== Args={'settings': {'company_slide': {'widgets': [{'type': 'image', 'image': 'company', '_default_settings': ['type', 'image'], 'x': None, 'y': None, 'anchor_x': 'center', 'anchor_y': 'center', 'round_anchor_x': None, 'round_anchor_y': None, 'opacity': 1.0, 'z': 0, 'reset_animations_events': {}, 'color': [1.0, 1.0, 1.0, 1.0], 'style': [], 'adjust_top': 0, 'adjust_bottom': 0, 'adjust_left': 0, 'adjust_right': 0, 'expire': None, 'key': None, 'widget': None, 'events_when_added': [], 'events_when_removed': [], 'fps': 10, 'loops': -1, 'auto_play': True, 'start_frame': 0, 'rotation': 0, 'scale': 1.0, 'animations': None}, {'type': 'text', 'text': '(machine|player1_score)', 'number_grouping': True, 'min_digits': 2, 'font_size': 50, 'y': '40%', '_default_settings': ['type', 'text', 'number_grouping', 'min_digits', 'font_size', 'y'], 'x': None, 'anchor_x': 'center', 'anchor_y': 'center', 'round_anchor_x': None, 'round_anchor_y': None, 'opacity': 1.0, 'z': 0, 'reset_animations_events': {}, 'color': [1.0, 1.0, 1.0, 1.0], 'style': [], 'adjust_top': 0, 'adjust_bottom': 0, 'adjust_left': 0, 'adjust_right': 0, 'expire': None, 'key': None, 'widget': None, 'events_when_added': [], 'events_when_removed': [], 'bitmap_font': False, 'font_kerning': True, 'bold': False, 'italic': False, 'halign': 'center', 'valign': 'middle', 'rotation': 0, 'scale': 1.0, 'casing': None, 'outline_color': [1.0, 1.0, 1.0, 1.0], 'outline_width': 0, 'animations': None}], 'transition': {'type': 'move_in', 'duration': 1.0, 'direction': 'right', 'easing': 'out_quad'}, 'target': None, 'background_color': [0.0, 0.0, 0.0, 1.0], 'priority': None, 'show': True, 'force': False, 'expire': None, 'slide': None, 'tokens': {}, 'action': 'play'}}, 'context': 'show_2', 'calling_context': 2, 'priority': 10, 'show_tokens': {}, 'start_time': 86444.078}
2025-03-22 22:53:37,111 : EventManager : Event: ======'slide_company_slide_removed'====== Args={}
2025-03-22 22:53:37,114 : EventManager : Event: ======'slide_company_slide_created'====== Args={}
2025-03-22 22:53:37,114 : EventManager : Unordered handler for class <Text Widget text=8,000> on event machine_var_player1_score with priority 1. Handlers: [RegisteredHandler(callback=<bound method Text._machine_var_change of <Text Widget text=8,000>>, priority=1, kwargs={}, key=UUID('d7be2cee-5c1f-48f9-8946-31bd72c56f8e'), condition=None, blocking_facility=None), RegisteredHandler(callback=<bound method Text._machine_var_change of <Text Widget text=8,000>>, priority=1, kwargs={}, key=UUID('5bd7d27e-9971-4dec-bd59-c58cb2651376'), condition=None, blocking_facility=None)]. The order of those handlers is not defined and they will be executed in random order. This might lead to race conditions and potential bugs.
2025-03-22 22:53:37,115 : EventManager : Event: ======'slide_company_slide_active'====== Args={}
2025-03-22 22:53:42,105 : EventManager : Event: ======'slides_play'====== Args={'settings': {'lastgame_slide': {'widgets': [{'type': 'image', 'image': 'last_game', '_default_settings': ['type', 'image'], 'x': None, 'y': None, 'anchor_x': 'center', 'anchor_y': 'center', 'round_anchor_x': None, 'round_anchor_y': None, 'opacity': 1.0, 'z': 0, 'reset_animations_events': {}, 'color': [1.0, 1.0, 1.0, 1.0], 'style': [], 'adjust_top': 0, 'adjust_bottom': 0, 'adjust_left': 0, 'adjust_right': 0, 'expire': None, 'key': None, 'widget': None, 'events_when_added': [], 'events_when_removed': [], 'fps': 10, 'loops': -1, 'auto_play': True, 'start_frame': 0, 'rotation': 0, 'scale': 1.0, 'animations': None}], 'transition': {'type': 'move_in', 'duration': 1.0, 'direction': 'top', 'easing': 'out_quad'}, 'target': None, 'background_color': [0.0, 0.0, 0.0, 1.0], 'priority': None, 'show': True, 'force': False, 'expire': None, 'slide': None, 'tokens': {}, 'action': 'play'}}, 'context': 'show_2', 'calling_context': 3, 'priority': 10, 'show_tokens': {}, 'start_time': 86449.078}
2025-03-22 22:53:42,106 : EventManager : Event: ======'slide_lastgame_slide_removed'====== Args={}
2025-03-22 22:53:42,111 : EventManager : Event: ======'slide_lastgame_slide_created'====== Args={}
2025-03-22 22:53:42,112 : EventManager : Event: ======'slide_lastgame_slide_active'====== Args={}
2025-03-22 22:53:47,122 : EventManager : Event: ======'slides_play'====== Args={'settings': {'ship_slide': {'widgets': [{'type': 'image', 'image': 'ship', '_default_settings': ['type', 'image'], 'x': None, 'y': None, 'anchor_x': 'center', 'anchor_y': 'center', 'round_anchor_x': None, 'round_anchor_y': None, 'opacity': 1.0, 'z': 0, 'reset_animations_events': {}, 'color': [1.0, 1.0, 1.0, 1.0], 'style': [], 'adjust_top': 0, 'adjust_bottom': 0, 'adjust_left': 0, 'adjust_right': 0, 'expire': None, 'key': None, 'widget': None, 'events_when_added': [], 'events_when_removed': [], 'fps': 10, 'loops': -1, 'auto_play': True, 'start_frame': 0, 'rotation': 0, 'scale': 1.0, 'animations': None}], 'target': None, 'background_color': [0.0, 0.0, 0.0, 1.0], 'priority': None, 'show': True, 'force': False, 'expire': None, 'slide': None, 'tokens': {}, 'action': 'play'}}, 'context': 'show_2', 'calling_context': 0, 'priority': 10, 'show_tokens': {}, 'start_time': 86454.078}
2025-03-22 22:53:47,123 : EventManager : Event: ======'slide_ship_slide_removed'====== Args={}
2025-03-22 22:53:47,135 : EventManager : Event: ======'slide_ship_slide_created'====== Args={}
2025-03-22 22:53:47,136 : EventManager : Event: ======'slide_ship_slide_active'====== Args={}
2025-03-22 22:53:52,116 : EventManager : Event: ======'slides_play'====== Args={'settings': {'starting_slide': {'widgets': [{'type': 'image', 'image': 'start', 'animations': {'pre_show_slide': [{'property': ['opacity'], 'value': ['0'], 'duration': 0.5, 'relative': False, 'timing': 'after_previous', 'repeat': False, 'easing': 'linear', 'step': 0.0}, {'property': ['opacity'], 'value': ['1'], 'duration': 0.5, 'repeat': True, 'relative': False, 'timing': 'after_previous', 'easing': 'linear', 'step': 0.0}]}, '_default_settings': ['type', 'image', 'animations'], 'x': None, 'y': None, 'anchor_x': 'center', 'anchor_y': 'center', 'round_anchor_x': None, 'round_anchor_y': None, 'opacity': 1.0, 'z': 0, 'reset_animations_events': {}, 'color': [1.0, 1.0, 1.0, 1.0], 'style': [], 'adjust_top': 0, 'adjust_bottom': 0, 'adjust_left': 0, 'adjust_right': 0, 'expire': None, 'key': None, 'widget': None, 'events_when_added': [], 'events_when_removed': [], 'fps': 10, 'loops': -1, 'auto_play': True, 'start_frame': 0, 'rotation': 0, 'scale': 1.0}, {'type': 'image', 'image': 'start_game', '_default_settings': ['type', 'image'], 'x': None, 'y': None, 'anchor_x': 'center', 'anchor_y': 'center', 'round_anchor_x': None, 'round_anchor_y': None, 'opacity': 1.0, 'z': 0, 'reset_animations_events': {}, 'color': [1.0, 1.0, 1.0, 1.0], 'style': [], 'adjust_top': 0, 'adjust_bottom': 0, 'adjust_left': 0, 'adjust_right': 0, 'expire': None, 'key': None, 'widget': None, 'events_when_added': [], 'events_when_removed': [], 'fps': 10, 'loops': -1, 'auto_play': True, 'start_frame': 0, 'rotation': 0, 'scale': 1.0, 'animations': None}], 'transition': {'type': 'push', 'duration': 1.0, 'direction': 'left', 'easing': 'out_quad'}, 'target': None, 'background_color': [0.0, 0.0, 0.0, 1.0], 'priority': None, 'show': True, 'force': False, 'expire': None, 'slide': None, 'tokens': {}, 'action': 'play'}}, 'context': 'show_2', 'calling_context': 1, 'priority': 10, 'show_tokens': {}, 'start_time': 86459.078}
2025-03-22 22:53:52,116 : EventManager : Event: ======'slide_starting_slide_removed'====== Args={}
2025-03-22 22:53:52,119 : EventManager : Event: ======'slide_starting_slide_created'====== Args={}
2025-03-22 22:53:52,120 : EventManager : Event: ======'slide_starting_slide_active'====== Args={}
2025-03-22 22:53:57,109 : EventManager : Event: ======'slides_play'====== Args={'settings': {'company_slide': {'widgets': [{'type': 'image', 'image': 'company', '_default_settings': ['type', 'image'], 'x': None, 'y': None, 'anchor_x': 'center', 'anchor_y': 'center', 'round_anchor_x': None, 'round_anchor_y': None, 'opacity': 1.0, 'z': 0, 'reset_animations_events': {}, 'color': [1.0, 1.0, 1.0, 1.0], 'style': [], 'adjust_top': 0, 'adjust_bottom': 0, 'adjust_left': 0, 'adjust_right': 0, 'expire': None, 'key': None, 'widget': None, 'events_when_added': [], 'events_when_removed': [], 'fps': 10, 'loops': -1, 'auto_play': True, 'start_frame': 0, 'rotation': 0, 'scale': 1.0, 'animations': None}, {'type': 'text', 'text': '(machine|player1_score)', 'number_grouping': True, 'min_digits': 2, 'font_size': 50, 'y': '40%', '_default_settings': ['type', 'text', 'number_grouping', 'min_digits', 'font_size', 'y'], 'x': None, 'anchor_x': 'center', 'anchor_y': 'center', 'round_anchor_x': None, 'round_anchor_y': None, 'opacity': 1.0, 'z': 0, 'reset_animations_events': {}, 'color': [1.0, 1.0, 1.0, 1.0], 'style': [], 'adjust_top': 0, 'adjust_bottom': 0, 'adjust_left': 0, 'adjust_right': 0, 'expire': None, 'key': None, 'widget': None, 'events_when_added': [], 'events_when_removed': [], 'bitmap_font': False, 'font_kerning': True, 'bold': False, 'italic': False, 'halign': 'center', 'valign': 'middle', 'rotation': 0, 'scale': 1.0, 'casing': None, 'outline_color': [1.0, 1.0, 1.0, 1.0], 'outline_width': 0, 'animations': None}], 'transition': {'type': 'move_in', 'duration': 1.0, 'direction': 'right', 'easing': 'out_quad'}, 'target': None, 'background_color': [0.0, 0.0, 0.0, 1.0], 'priority': None, 'show': True, 'force': False, 'expire': None, 'slide': None, 'tokens': {}, 'action': 'play'}}, 'context': 'show_2', 'calling_context': 2, 'priority': 10, 'show_tokens': {}, 'start_time': 86464.078}
2025-03-22 22:53:57,110 : EventManager : Event: ======'slide_company_slide_removed'====== Args={}
2025-03-22 22:53:57,131 : EventManager : Event: ======'slide_company_slide_created'====== Args={}
2025-03-22 22:53:57,134 : EventManager : Unordered handler for class <Text Widget text=8,000> on event machine_var_player1_score with priority 1. Handlers: [RegisteredHandler(callback=<bound method Text._machine_var_change of <Text Widget text=8,000>>, priority=1, kwargs={}, key=UUID('a19946cb-425a-46fa-bd3d-ae8426e53007'), condition=None, blocking_facility=None), RegisteredHandler(callback=<bound method Text._machine_var_change of <Text Widget text=8,000>>, priority=1, kwargs={}, key=UUID('912128e3-3691-4575-b394-87e16d1a3a5e'), condition=None, blocking_facility=None)]. The order of those handlers is not defined and they will be executed in random order. This might lead to race conditions and potential bugs.
2025-03-22 22:53:57,139 : EventManager : Event: ======'slide_company_slide_active'====== Args={}
2025-03-22 22:54:02,124 : EventManager : Event: ======'slides_play'====== Args={'settings': {'lastgame_slide': {'widgets': [{'type': 'image', 'image': 'last_game', '_default_settings': ['type', 'image'], 'x': None, 'y': None, 'anchor_x': 'center', 'anchor_y': 'center', 'round_anchor_x': None, 'round_anchor_y': None, 'opacity': 1.0, 'z': 0, 'reset_animations_events': {}, 'color': [1.0, 1.0, 1.0, 1.0], 'style': [], 'adjust_top': 0, 'adjust_bottom': 0, 'adjust_left': 0, 'adjust_right': 0, 'expire': None, 'key': None, 'widget': None, 'events_when_added': [], 'events_when_removed': [], 'fps': 10, 'loops': -1, 'auto_play': True, 'start_frame': 0, 'rotation': 0, 'scale': 1.0, 'animations': None}], 'transition': {'type': 'move_in', 'duration': 1.0, 'direction': 'top', 'easing': 'out_quad'}, 'target': None, 'background_color': [0.0, 0.0, 0.0, 1.0], 'priority': None, 'show': True, 'force': False, 'expire': None, 'slide': None, 'tokens': {}, 'action': 'play'}}, 'context': 'show_2', 'calling_context': 3, 'priority': 10, 'show_tokens': {}, 'start_time': 86469.078}
2025-03-22 22:54:02,124 : EventManager : Event: ======'slide_lastgame_slide_removed'====== Args={}
2025-03-22 22:54:02,133 : EventManager : Event: ======'slide_lastgame_slide_created'====== Args={}
2025-03-22 22:54:02,135 : EventManager : Event: ======'slide_lastgame_slide_active'====== Args={}
2025-03-22 22:54:07,099 : EventManager : Event: ======'slides_play'====== Args={'settings': {'ship_slide': {'widgets': [{'type': 'image', 'image': 'ship', '_default_settings': ['type', 'image'], 'x': None, 'y': None, 'anchor_x': 'center', 'anchor_y': 'center', 'round_anchor_x': None, 'round_anchor_y': None, 'opacity': 1.0, 'z': 0, 'reset_animations_events': {}, 'color': [1.0, 1.0, 1.0, 1.0], 'style': [], 'adjust_top': 0, 'adjust_bottom': 0, 'adjust_left': 0, 'adjust_right': 0, 'expire': None, 'key': None, 'widget': None, 'events_when_added': [], 'events_when_removed': [], 'fps': 10, 'loops': -1, 'auto_play': True, 'start_frame': 0, 'rotation': 0, 'scale': 1.0, 'animations': None}], 'target': None, 'background_color': [0.0, 0.0, 0.0, 1.0], 'priority': None, 'show': True, 'force': False, 'expire': None, 'slide': None, 'tokens': {}, 'action': 'play'}}, 'context': 'show_2', 'calling_context': 0, 'priority': 10, 'show_tokens': {}, 'start_time': 86474.078}
2025-03-22 22:54:07,100 : EventManager : Event: ======'slide_ship_slide_removed'====== Args={}
2025-03-22 22:54:07,105 : EventManager : Event: ======'slide_ship_slide_created'====== Args={}
2025-03-22 22:54:07,108 : EventManager : Event: ======'slide_ship_slide_active'====== Args={}
2025-03-22 22:54:12,112 : EventManager : Event: ======'slides_play'====== Args={'settings': {'starting_slide': {'widgets': [{'type': 'image', 'image': 'start', 'animations': {'pre_show_slide': [{'property': ['opacity'], 'value': ['0'], 'duration': 0.5, 'relative': False, 'timing': 'after_previous', 'repeat': False, 'easing': 'linear', 'step': 0.0}, {'property': ['opacity'], 'value': ['1'], 'duration': 0.5, 'repeat': True, 'relative': False, 'timing': 'after_previous', 'easing': 'linear', 'step': 0.0}]}, '_default_settings': ['type', 'image', 'animations'], 'x': None, 'y': None, 'anchor_x': 'center', 'anchor_y': 'center', 'round_anchor_x': None, 'round_anchor_y': None, 'opacity': 1.0, 'z': 0, 'reset_animations_events': {}, 'color': [1.0, 1.0, 1.0, 1.0], 'style': [], 'adjust_top': 0, 'adjust_bottom': 0, 'adjust_left': 0, 'adjust_right': 0, 'expire': None, 'key': None, 'widget': None, 'events_when_added': [], 'events_when_removed': [], 'fps': 10, 'loops': -1, 'auto_play': True, 'start_frame': 0, 'rotation': 0, 'scale': 1.0}, {'type': 'image', 'image': 'start_game', '_default_settings': ['type', 'image'], 'x': None, 'y': None, 'anchor_x': 'center', 'anchor_y': 'center', 'round_anchor_x': None, 'round_anchor_y': None, 'opacity': 1.0, 'z': 0, 'reset_animations_events': {}, 'color': [1.0, 1.0, 1.0, 1.0], 'style': [], 'adjust_top': 0, 'adjust_bottom': 0, 'adjust_left': 0, 'adjust_right': 0, 'expire': None, 'key': None, 'widget': None, 'events_when_added': [], 'events_when_removed': [], 'fps': 10, 'loops': -1, 'auto_play': True, 'start_frame': 0, 'rotation': 0, 'scale': 1.0, 'animations': None}], 'transition': {'type': 'push', 'duration': 1.0, 'direction': 'left', 'easing': 'out_quad'}, 'target': None, 'background_color': [0.0, 0.0, 0.0, 1.0], 'priority': None, 'show': True, 'force': False, 'expire': None, 'slide': None, 'tokens': {}, 'action': 'play'}}, 'context': 'show_2', 'calling_context': 1, 'priority': 10, 'show_tokens': {}, 'start_time': 86479.078}
2025-03-22 22:54:12,116 : EventManager : Event: ======'slide_starting_slide_removed'====== Args={}
2025-03-22 22:54:12,138 : EventManager : Event: ======'slide_starting_slide_created'====== Args={}
2025-03-22 22:54:12,142 : EventManager : Event: ======'slide_starting_slide_active'====== Args={}
2025-03-22 22:54:17,131 : EventManager : Event: ======'slides_play'====== Args={'settings': {'company_slide': {'widgets': [{'type': 'image', 'image': 'company', '_default_settings': ['type', 'image'], 'x': None, 'y': None, 'anchor_x': 'center', 'anchor_y': 'center', 'round_anchor_x': None, 'round_anchor_y': None, 'opacity': 1.0, 'z': 0, 'reset_animations_events': {}, 'color': [1.0, 1.0, 1.0, 1.0], 'style': [], 'adjust_top': 0, 'adjust_bottom': 0, 'adjust_left': 0, 'adjust_right': 0, 'expire': None, 'key': None, 'widget': None, 'events_when_added': [], 'events_when_removed': [], 'fps': 10, 'loops': -1, 'auto_play': True, 'start_frame': 0, 'rotation': 0, 'scale': 1.0, 'animations': None}, {'type': 'text', 'text': '(machine|player1_score)', 'number_grouping': True, 'min_digits': 2, 'font_size': 50, 'y': '40%', '_default_settings': ['type', 'text', 'number_grouping', 'min_digits', 'font_size', 'y'], 'x': None, 'anchor_x': 'center', 'anchor_y': 'center', 'round_anchor_x': None, 'round_anchor_y': None, 'opacity': 1.0, 'z': 0, 'reset_animations_events': {}, 'color': [1.0, 1.0, 1.0, 1.0], 'style': [], 'adjust_top': 0, 'adjust_bottom': 0, 'adjust_left': 0, 'adjust_right': 0, 'expire': None, 'key': None, 'widget': None, 'events_when_added': [], 'events_when_removed': [], 'bitmap_font': False, 'font_kerning': True, 'bold': False, 'italic': False, 'halign': 'center', 'valign': 'middle', 'rotation': 0, 'scale': 1.0, 'casing': None, 'outline_color': [1.0, 1.0, 1.0, 1.0], 'outline_width': 0, 'animations': None}], 'transition': {'type': 'move_in', 'duration': 1.0, 'direction': 'right', 'easing': 'out_quad'}, 'target': None, 'background_color': [0.0, 0.0, 0.0, 1.0], 'priority': None, 'show': True, 'force': False, 'expire': None, 'slide': None, 'tokens': {}, 'action': 'play'}}, 'context': 'show_2', 'calling_context': 2, 'priority': 10, 'show_tokens': {}, 'start_time': 86484.078}
2025-03-22 22:54:17,134 : EventManager : Event: ======'slide_company_slide_removed'====== Args={}
2025-03-22 22:54:17,139 : EventManager : Event: ======'slide_company_slide_created'====== Args={}
2025-03-22 22:54:17,139 : EventManager : Unordered handler for class <Text Widget text=8,000> on event machine_var_player1_score with priority 1. Handlers: [RegisteredHandler(callback=<bound method Text._machine_var_change of <Text Widget text=8,000>>, priority=1, kwargs={}, key=UUID('158553f6-54c3-4596-bee4-0ee644ccd40d'), condition=None, blocking_facility=None), RegisteredHandler(callback=<bound method Text._machine_var_change of <Text Widget text=8,000>>, priority=1, kwargs={}, key=UUID('1617078d-2f95-4d6b-a2e9-0ceff342cc78'), condition=None, blocking_facility=None)]. The order of those handlers is not defined and they will be executed in random order. This might lead to race conditions and potential bugs.
2025-03-22 22:54:17,141 : EventManager : Event: ======'slide_company_slide_active'====== Args={}
2025-03-22 22:54:19,084 : EventManager : Event: ======'game_started'====== Args={}
2025-03-22 22:54:19,096 : EventManager : Event: ======'slides_clear'====== Args={'context': 'show_2'}
2025-03-22 22:54:19,096 : EventManager : Event: ======'sounds_play'====== Args={'settings': {'main': {'action': 'stop', 'priority': None, 'block': False, 'delay': None, 'track': None, 'volume': None, 'ducking': {}, 'pan': None, 'loops': None, 'start_at': None, 'fade_in': None, 'fade_out': None, 'about_to_finish_time': -1.0, 'max_queue_time': -1.0, 'events_when_played': ['use_sound_setting'], 'events_when_stopped': ['use_sound_setting'], 'events_when_looping': ['use_sound_setting'], 'events_when_about_to_finish': ['use_sound_setting'], 'mode_end_action': 'use_sound_setting', 'key': 'use_sound_setting'}}, 'context': '_global', 'calling_context': 'mode_attract_stopped', 'priority': 0}
2025-03-22 22:54:19,096 : EventManager : Event: ======'slide_lastgame_slide_removed'====== Args={}
2025-03-22 22:54:19,096 : EventManager : Event: ======'slide_ship_slide_removed'====== Args={}
2025-03-22 22:54:19,097 : EventManager : Event: ======'slide_starting_slide_removed'====== Args={}
2025-03-22 22:54:19,097 : EventManager : Event: ======'slide_company_slide_removed'====== Args={}
2025-03-22 22:54:19,097 : EventManager : Event: ======'slide_welcome_slide_active'====== Args={}
2025-03-22 22:54:19,109 : EventManager : Event: ======'player_added'====== Args={'player': <Player 1>, 'num': 1}
2025-03-22 22:54:19,109 : EventManager : Event: ======'player_index'====== Args={'value': 0, 'prev_value': 0, 'change': 0, 'player_num': 1}
2025-03-22 22:54:19,109 : EventManager : Event: ======'player_number'====== Args={'value': 1, 'prev_value': 1, 'change': 0, 'player_num': 1}
2025-03-22 22:54:19,109 : EventManager : Event: ======'player_score'====== Args={'value': 0, 'prev_value': 0, 'change': 0, 'player_num': 1}
2025-03-22 22:54:19,121 : EventManager : Event: ======'player_ball'====== Args={'value': 1, 'prev_value': 0, 'change': 1, 'player_num': 1}
2025-03-22 22:54:19,121 : EventManager : Event: ======'player_turn_start'====== Args={'number': 1, 'player': <Player 1>}
2025-03-22 22:54:19,133 : EventManager : Event: ======'slides_play'====== Args={'settings': {'objective_slide': {'widgets': [{'type': 'text', 'text': 'You are currently on the first island.', 'font_size': 20, 'y': '50%', '_default_settings': ['type', 'text', 'font_size', 'y'], 'x': None, 'anchor_x': 'center', 'anchor_y': 'center', 'round_anchor_x': None, 'round_anchor_y': None, 'opacity': 1.0, 'z': 0, 'reset_animations_events': {}, 'color': [1.0, 1.0, 1.0, 1.0], 'style': [], 'adjust_top': 0, 'adjust_bottom': 0, 'adjust_left': 0, 'adjust_right': 0, 'expire': None, 'key': None, 'widget': None, 'events_when_added': [], 'events_when_removed': [], 'bitmap_font': False, 'font_kerning': True, 'bold': False, 'italic': False, 'number_grouping': False, 'min_digits': 0, 'halign': 'center', 'valign': 'middle', 'rotation': 0, 'scale': 1.0, 'casing': None, 'outline_color': [1.0, 1.0, 1.0, 1.0], 'outline_width': 0, 'animations': None}], 'target': None, 'background_color': [0.0, 0.0, 0.0, 1.0], 'priority': None, 'show': True, 'force': False, 'expire': None, 'slide': None, 'tokens': {}, 'action': 'play'}}, 'context': 'show_4', 'calling_context': 0, 'priority': 200, 'show_tokens': {}, 'start_time': 86486.093}
2025-03-22 22:54:19,139 : EventManager : Event: ======'slide_objective_slide_created'====== Args={}
2025-03-22 22:54:19,141 : EventManager : Event: ======'slide_objective_slide_active'====== Args={}
2025-03-22 22:54:19,280 : EventManager : Event: ======'machine_var_audits_switches_s_plunger_lane'====== Args={'value': 156, 'prev_value': 155, 'change': 1}
2025-03-22 22:54:24,124 : EventManager : Event: ======'slides_play'====== Args={'settings': {'objective_slide': {'widgets': [{'type': 'text', 'text': 'Score 10k points and hit 3 point targets!', 'font_size': 20, 'y': '50%', '_default_settings': ['type', 'text', 'font_size', 'y'], 'x': None, 'anchor_x': 'center', 'anchor_y': 'center', 'round_anchor_x': None, 'round_anchor_y': None, 'opacity': 1.0, 'z': 0, 'reset_animations_events': {}, 'color': [1.0, 1.0, 1.0, 1.0], 'style': [], 'adjust_top': 0, 'adjust_bottom': 0, 'adjust_left': 0, 'adjust_right': 0, 'expire': None, 'key': None, 'widget': None, 'events_when_added': [], 'events_when_removed': [], 'bitmap_font': False, 'font_kerning': True, 'bold': False, 'italic': False, 'number_grouping': False, 'min_digits': 0, 'halign': 'center', 'valign': 'middle', 'rotation': 0, 'scale': 1.0, 'casing': None, 'outline_color': [1.0, 1.0, 1.0, 1.0], 'outline_width': 0, 'animations': None}], 'target': None, 'background_color': [0.0, 0.0, 0.0, 1.0], 'priority': None, 'show': True, 'force': False, 'expire': None, 'slide': None, 'tokens': {}, 'action': 'play'}}, 'context': 'show_4', 'calling_context': 1, 'priority': 200, 'show_tokens': {}, 'start_time': 86491.093}
2025-03-22 22:54:24,126 : EventManager : Event: ======'slide_objective_slide_removed'====== Args={}
2025-03-22 22:54:24,142 : EventManager : Event: ======'slide_objective_slide_created'====== Args={}
2025-03-22 22:54:24,148 : EventManager : Event: ======'slide_objective_slide_active'====== Args={}
2025-03-22 22:54:29,111 : EventManager : Event: ======'slides_play'====== Args={'settings': {'objective_slide': {'widgets': [{'type': 'text', 'text': 'Go get them soldier!!!', 'font_size': 20, 'y': '50%', '_default_settings': ['type', 'text', 'font_size', 'y'], 'x': None, 'anchor_x': 'center', 'anchor_y': 'center', 'round_anchor_x': None, 'round_anchor_y': None, 'opacity': 1.0, 'z': 0, 'reset_animations_events': {}, 'color': [1.0, 1.0, 1.0, 1.0], 'style': [], 'adjust_top': 0, 'adjust_bottom': 0, 'adjust_left': 0, 'adjust_right': 0, 'expire': None, 'key': None, 'widget': None, 'events_when_added': [], 'events_when_removed': [], 'bitmap_font': False, 'font_kerning': True, 'bold': False, 'italic': False, 'number_grouping': False, 'min_digits': 0, 'halign': 'center', 'valign': 'middle', 'rotation': 0, 'scale': 1.0, 'casing': None, 'outline_color': [1.0, 1.0, 1.0, 1.0], 'outline_width': 0, 'animations': None}], 'target': None, 'background_color': [0.0, 0.0, 0.0, 1.0], 'priority': None, 'show': True, 'force': False, 'expire': None, 'slide': None, 'tokens': {}, 'action': 'play'}}, 'context': 'show_4', 'calling_context': 2, 'priority': 200, 'show_tokens': {}, 'start_time': 86496.093}
2025-03-22 22:54:29,112 : EventManager : Event: ======'slide_objective_slide_removed'====== Args={}
2025-03-22 22:54:29,122 : EventManager : Event: ======'slide_objective_slide_created'====== Args={}
2025-03-22 22:54:29,126 : EventManager : Event: ======'slide_objective_slide_active'====== Args={}
2025-03-22 22:54:34,119 : EventManager : Event: ======'slides_clear'====== Args={'context': 'show_4'}
2025-03-22 22:54:34,121 : EventManager : Event: ======'slide_objective_slide_removed'====== Args={}
2025-03-22 22:54:34,122 : EventManager : Event: ======'slide_welcome_slide_active'====== Args={}
2025-03-22 22:54:34,130 : EventManager : Event: ======'slides_play'====== Args={'settings': {'widgets': {'widgets': [{'type': 'text', 'text': '(score)', 'number_grouping': True, 'min_digits': 2, 'font_size': 100, '_default_settings': ['type', 'text', 'number_grouping', 'min_digits', 'font_size'], 'x': None, 'y': None, 'anchor_x': 'center', 'anchor_y': 'center', 'round_anchor_x': None, 'round_anchor_y': None, 'opacity': 1.0, 'z': 0, 'reset_animations_events': {}, 'color': [1.0, 1.0, 1.0, 1.0], 'style': [], 'adjust_top': 0, 'adjust_bottom': 0, 'adjust_left': 0, 'adjust_right': 0, 'expire': None, 'key': None, 'widget': None, 'events_when_added': [], 'events_when_removed': [], 'bitmap_font': False, 'font_kerning': True, 'bold': False, 'italic': False, 'halign': 'center', 'valign': 'middle', 'rotation': 0, 'scale': 1.0, 'casing': None, 'outline_color': [1.0, 1.0, 1.0, 1.0], 'outline_width': 0, 'animations': None}, {'type': 'text', 'text': 'PLAYER (ball)', 'y': '10', 'x': '10', 'font_size': 50, 'anchor_x': 'left', 'anchor_y': 'bottom', '_default_settings': ['type', 'text', 'y', 'x', 'font_size', 'anchor_x', 'anchor_y'], 'round_anchor_x': None, 'round_anchor_y': None, 'opacity': 1.0, 'z': 0, 'reset_animations_events': {}, 'color': [1.0, 1.0, 1.0, 1.0], 'style': [], 'adjust_top': 0, 'adjust_bottom': 0, 'adjust_left': 0, 'adjust_right': 0, 'expire': None, 'key': None, 'widget': None, 'events_when_added': [], 'events_when_removed': [], 'bitmap_font': False, 'font_kerning': True, 'bold': False, 'italic': False, 'number_grouping': False, 'min_digits': 0, 'halign': 'center', 'valign': 'middle', 'rotation': 0, 'scale': 1.0, 'casing': None, 'outline_color': [1.0, 1.0, 1.0, 1.0], 'outline_width': 0, 'animations': None}, {'type': 'text', 'text': 'BALL (number)', 'y': '10', 'x': 'right-10', 'anchor_x': 'right', 'anchor_y': 'bottom', 'font_size': 50, '_default_settings': ['type', 'text', 'y', 'x', 'anchor_x', 'anchor_y', 'font_size'], 'round_anchor_x': None, 'round_anchor_y': None, 'opacity': 1.0, 'z': 0, 'reset_animations_events': {}, 'color': [1.0, 1.0, 1.0, 1.0], 'style': [], 'adjust_top': 0, 'adjust_bottom': 0, 'adjust_left': 0, 'adjust_right': 0, 'expire': None, 'key': None, 'widget': None, 'events_when_added': [], 'events_when_removed': [], 'bitmap_font': False, 'font_kerning': True, 'bold': False, 'italic': False, 'number_grouping': False, 'min_digits': 0, 'halign': 'center', 'valign': 'middle', 'rotation': 0, 'scale': 1.0, 'casing': None, 'outline_color': [1.0, 1.0, 1.0, 1.0], 'outline_width': 0, 'animations': None}], 'target': None, 'background_color': [0.0, 0.0, 0.0, 1.0], 'priority': None, 'show': True, 'force': False, 'expire': None, 'slide': None, 'tokens': {}, 'action': 'play'}}, 'context': 'base', 'calling_context': 'mode_base_started', 'priority': 100}
2025-03-22 22:54:34,144 : EventManager : Event: ======'slide_base.slide_player-mode_base_started_created'====== Args={}
2025-03-22 22:54:34,148 : EventManager : Event: ======'slide_base.slide_player-mode_base_started_active'====== Args={}
2025-03-22 22:54:53,380 : EventManager : Event: ======'machine_var_audits_switches_s_launcher_button'====== Args={'value': 127, 'prev_value': 126, 'change': 1}
2025-03-22 22:54:53,450 : EventManager : Event: ======'machine_var_audits_switches_s_playfield_entry'====== Args={'value': 209, 'prev_value': 208, 'change': 1}
2025-03-22 22:54:57,504 : EventManager : Event: ======'machine_var_audits_switches_s_Target1'====== Args={'value': 67, 'prev_value': 66, 'change': 1}
2025-03-22 22:54:57,517 : EventManager : Event: ======'player_score'====== Args={'value': 250, 'prev_value': 0, 'change': 250, 'player_num': 1}
2025-03-22 22:54:57,935 : EventManager : Event: ======'machine_var_audits_switches_s_Target2'====== Args={'value': 60, 'prev_value': 59, 'change': 1}
2025-03-22 22:54:57,937 : EventManager : Event: ======'player_score'====== Args={'value': 750, 'prev_value': 250, 'change': 500, 'player_num': 1}
2025-03-22 22:54:58,354 : EventManager : Event: ======'machine_var_audits_switches_s_Target3'====== Args={'value': 65, 'prev_value': 64, 'change': 1}
2025-03-22 22:54:58,354 : EventManager : Event: ======'player_score'====== Args={'value': 1750, 'prev_value': 750, 'change': 1000, 'player_num': 1}
2025-03-22 22:54:58,797 : EventManager : Event: ======'machine_var_audits_switches_s_Lane3'====== Args={'value': 23, 'prev_value': 22, 'change': 1}
2025-03-22 22:54:59,744 : EventManager : Event: ======'machine_var_audits_switches_s_Target4'====== Args={'value': 52, 'prev_value': 51, 'change': 1}
2025-03-22 22:54:59,757 : EventManager : Event: ======'player_score'====== Args={'value': 3250, 'prev_value': 1750, 'change': 1500, 'player_num': 1}
2025-03-22 22:54:59,966 : EventManager : Event: ======'machine_var_audits_switches_s_Target4'====== Args={'value': 53, 'prev_value': 52, 'change': 1}
2025-03-22 22:55:00,192 : EventManager : Event: ======'machine_var_audits_switches_s_Target4'====== Args={'value': 54, 'prev_value': 53, 'change': 1}
2025-03-22 22:55:00,652 : EventManager : Event: ======'machine_var_audits_switches_s_Target3'====== Args={'value': 66, 'prev_value': 65, 'change': 1}
2025-03-22 22:55:00,652 : EventManager : Event: ======'player_score'====== Args={'value': 4250, 'prev_value': 3250, 'change': 1000, 'player_num': 1}
2025-03-22 22:55:01,429 : EventManager : Event: ======'machine_var_audits_switches_s_Target2'====== Args={'value': 61, 'prev_value': 60, 'change': 1}
2025-03-22 22:55:01,441 : EventManager : Event: ======'player_score'====== Args={'value': 4750, 'prev_value': 4250, 'change': 500, 'player_num': 1}
2025-03-22 22:55:01,817 : EventManager : Event: ======'machine_var_audits_switches_s_Target1'====== Args={'value': 68, 'prev_value': 67, 'change': 1}
2025-03-22 22:55:01,817 : EventManager : Event: ======'player_score'====== Args={'value': 5000, 'prev_value': 4750, 'change': 250, 'player_num': 1}
2025-03-22 22:55:02,777 : EventManager : Event: ======'machine_var_audits_switches_s_Lane1'====== Args={'value': 37, 'prev_value': 36, 'change': 1}
2025-03-22 22:55:03,266 : EventManager : Event: ======'machine_var_audits_switches_s_Lane2'====== Args={'value': 26, 'prev_value': 25, 'change': 1}
2025-03-22 22:55:04,831 : EventManager : Event: ======'machine_var_audits_switches_s_Lane3'====== Args={'value': 24, 'prev_value': 23, 'change': 1}
2025-03-22 22:55:20,678 : EventManager : Event: ======'machine_var_audits_switches_s_Lane4'====== Args={'value': 27, 'prev_value': 26, 'change': 1}
