2025-03-09 22:32:54,273 : kivy : deps: Successfully imported "kivy_deps.gstreamer" 0.3.3
2025-03-09 22:32:54,273 : kivy : deps: Successfully imported "kivy_deps.angle" 0.3.3
2025-03-09 22:32:54,273 : kivy : deps: Successfully imported "kivy_deps.glew" 0.3.1
2025-03-09 22:32:54,273 : kivy : deps: Successfully imported "kivy_deps.sdl2" 0.6.0
2025-03-09 22:32:54,273 : kivy : Kivy: v2.2.1
2025-03-09 22:32:54,273 : kivy : Kivy: Installed at "C:\Users\duffb\.pyenv\pyenv-win\versions\3.11.0\Lib\site-packages\kivy\__init__.py"
2025-03-09 22:32:54,273 : kivy : Python: v3.11.0 (main, Oct 24 2022, 18:26:48) [MSC v.1933 64 bit (AMD64)]
2025-03-09 22:32:54,275 : kivy : Python: Interpreter at "C:\Users\duffb\.pyenv\pyenv-win\versions\3.11.0\python.exe"
2025-03-09 22:32:54,289 : kivy : Factory: 190 symbols loaded
2025-03-09 22:32:54,437 : kivy : ImageLoaderFFPy: Using ffpyplayer 4.5.1
2025-03-09 22:32:54,437 : kivy : Image: Providers: img_tex, img_dds, img_sdl2, img_pil, img_ffpyplayer 
2025-03-09 22:32:54,628 : kivy : VideoGstplayer: Using Gstreamer 1.18.5.0
2025-03-09 22:32:54,628 : kivy : Video: Provider: gstplayer
2025-03-09 22:32:54,665 : root : Loading MPF-MC controller
2025-03-09 22:32:54,680 : YamlMultifileConfigLoader : Machine config file #1: config
2025-03-09 22:32:54,680 : ConfigProcessor : Config file in cache changed: C:\Users\duffb\OneDrive\Documents\Python Envs\PinBallWW1\Machine\config\config
2025-03-09 22:32:54,680 : ConfigProcessor : Loading config from file C:\Users\duffb\.pyenv\pyenv-win\versions\3.11.0\Lib\site-packages\mpfmc\mcconfig.yaml.
2025-03-09 22:32:54,686 : ConfigProcessor : Loading config: C:\Users\duffb\.pyenv\pyenv-win\versions\3.11.0\Lib\site-packages\mpfmc\mcconfig.yaml
2025-03-09 22:32:54,687 : ConfigProcessor : Loading config from file C:\Users\duffb\OneDrive\Documents\Python Envs\PinBallWW1\Machine\config\config.
2025-03-09 22:32:54,690 : ConfigProcessor : Loading config: C:\Users\duffb\OneDrive\Documents\Python Envs\PinBallWW1\Machine\config\config
2025-03-09 22:32:54,691 : ConfigProcessor : Config file cache created: C:\Users\duffb\AppData\Local\Temp\de7a4651692d89380cb727f0a44dc491.mpf_cache
2025-03-09 22:32:54,692 : ConfigProcessor : Loading config from cache: C:\Users\duffb\AppData\Local\Temp\ee7db1e8d011f44c876692bb4657f2e9.mpf_cache
2025-03-09 22:32:54,692 : ConfigProcessor : Loading config from cache: C:\Users\duffb\AppData\Local\Temp\9f058d482eac17116727d62a93500be7.mpf_cache
2025-03-09 22:32:54,693 : ConfigProcessor : Loading config from cache: C:\Users\duffb\AppData\Local\Temp\9e006ea23aa21ec68e01f6c49afad9f4.mpf_cache
2025-03-09 22:32:54,693 : mpfmc : Mission Pinball Framework Media Controller (MPF-MC) v0.57.1. Requires MPF v0.57.0 or newer.
2025-03-09 22:32:54,693 : mpfmc : Found MPF v0.57.0
2025-03-09 22:32:54,693 : mpfmc : Machine path: C:\Users\duffb\OneDrive\Documents\Python Envs\PinBallWW1\Machine
2025-03-09 22:32:54,693 : mpfmc : Starting clock at 60.0Hz
2025-03-09 22:32:54,713 : kivy : Text: Provider: sdl2
2025-03-09 22:32:54,822 : kivy : Window: Provider: sdl2
2025-03-09 22:32:55,211 : kivy : GL: Using the "OpenGL" graphics system
2025-03-09 22:32:55,212 : kivy : GL: GLEW initialization succeeded
2025-03-09 22:32:55,213 : kivy : GL: Backend used <glew>
2025-03-09 22:32:55,213 : kivy : GL: OpenGL version <b'4.6.0 - Build 31.0.101.5592'>
2025-03-09 22:32:55,213 : kivy : GL: OpenGL vendor <b'Intel'>
2025-03-09 22:32:55,213 : kivy : GL: OpenGL renderer <b'Intel(R) UHD Graphics'>
2025-03-09 22:32:55,213 : kivy : GL: OpenGL parsed version: 4, 6
2025-03-09 22:32:55,213 : kivy : GL: Shading version <b'4.60 - Build 31.0.101.5592'>
2025-03-09 22:32:55,213 : kivy : GL: Texture max size <16384>
2025-03-09 22:32:55,213 : kivy : GL: Texture max units <32>
2025-03-09 22:32:55,239 : kivy : Window: auto add sdl2 input provider
2025-03-09 22:32:55,239 : kivy : Window: virtual keyboard not allowed, single mode, not docked
2025-03-09 22:32:55,744 : AudioInterface : Initialized
2025-03-09 22:32:55,744 : AudioInterface : Loaded SDL 2.26.4
2025-03-09 22:32:55,745 : AudioInterface : Loaded SDL_Mixer 2.6.3
2025-03-09 22:32:55,745 : AudioInterface : Loaded GStreamer 1.18.5.0
2025-03-09 22:32:55,745 : AudioInterface : Loaded GLib 2.62.6
2025-03-09 22:32:55,745 : AudioInterface : Settings requested - rate: 44100, channels: 1, buffer: 2048 samples
2025-03-09 22:32:55,745 : AudioInterface : Settings in use - rate: 44100, channels: 1, buffer: 2048 samples (4096 bytes @ 2 bytes per sample)
2025-03-09 22:32:55,745 : SoundSystem : Setting master volume to 0.0
2025-03-09 22:32:55,745 : AudioInterface : Enabling audio playback
2025-03-09 22:32:55,747 : kivy : Base: Start application main loop
2025-03-09 22:32:55,748 : EventManager : Event: ======'display_window_initialized'====== Args={}
2025-03-09 22:32:55,755 : mpfmc : Display: Setting 'window' as default display
2025-03-09 22:32:55,767 : EventManager : Event: ======'displays_initialized'====== Args={}
2025-03-09 22:32:55,768 : EventManager : Event: ======'slide_window_blank_created'====== Args={}
2025-03-09 22:32:55,769 : EventManager : Event: ======'display_window_ready'====== Args={}
2025-03-09 22:32:55,780 : EventManager : Event: ======'init_phase_1'====== Args={}
2025-03-09 22:32:55,784 : EventManager : Event: ======'mc_ready'====== Args={}
2025-03-09 22:32:55,784 : EventManager : Event: ======'init_phase_2'====== Args={}
2025-03-09 22:32:55,785 : EventManager : Event: ======'init_phase_3'====== Args={}
2025-03-09 22:32:55,787 : EventManager : Event: ======'init_phase_4'====== Args={}
2025-03-09 22:32:55,787 : EventManager : Event: ======'init_phase_5'====== Args={}
2025-03-09 22:32:55,804 : kivy : GL: NPOT texture support is available
2025-03-09 22:32:55,817 : EventManager : Event: ======'loading_assets'====== Args={'total': 5, 'loaded': 1, 'remaining': 4, 'percent': 20}
2025-03-09 22:32:55,817 : AssetManager : Loading assets: 1/5 (20%)
2025-03-09 22:32:55,831 : EventManager : Event: ======'loading_assets'====== Args={'total': 5, 'loaded': 5, 'remaining': 0, 'percent': 100}
2025-03-09 22:32:55,831 : AssetManager : Asset loading took: 0.08448958396911621
2025-03-09 22:32:55,831 : EventManager : Event: ======'asset_loading_complete'====== Args={}
2025-03-09 22:32:55,832 : AssetManager : Loading assets: 5/5 (100%)
2025-03-09 22:32:55,832 : EventManager : Event: ======'init_done'====== Args={}
2025-03-09 22:32:55,832 : MPF-MC BCP Server : Starting up on localhost port 5050
2025-03-09 22:32:55,836 : MPF-MC BCP Server : Waiting for a connection...
2025-03-09 22:32:55,841 : EventManager : Event: ======'slide_welcome_slide_created'====== Args={}
2025-03-09 22:32:55,842 : EventManager : Event: ======'slide_welcome_slide_active'====== Args={}
2025-03-09 22:32:55,845 : EventManager : Event: ======'client_disconnected'====== Args={'host': '127.0.0.1', 'port': 5050}
2025-03-09 22:32:56,670 : MPF-MC BCP Server : Received connection from: 127.0.0.1:49832
2025-03-09 22:32:56,678 : EventManager : Event: ======'client_connected'====== Args={'host': '127.0.0.1', 'port': 49832}
2025-03-09 22:32:57,624 : EventManager : Event: ======'machine_var_credits_string'====== Args={'value': 'FREE PLAY', 'prev_value': None, 'change': True}
2025-03-09 22:32:57,624 : EventManager : Event: ======'machine_var_master_volume'====== Args={'value': 0.5, 'prev_value': None, 'change': True}
2025-03-09 22:32:57,624 : EventManager : Event: ======'machine_var_player1_score'====== Args={'value': 8000, 'prev_value': None, 'change': True}
2025-03-09 22:32:57,624 : EventManager : Event: ======'machine_var_player2_score'====== Args={'value': 1000, 'prev_value': None, 'change': True}
2025-03-09 22:32:57,624 : EventManager : Event: ======'machine_var_mpf_version'====== Args={'value': 'Mission Pinball Framework v0.57.0', 'prev_value': None, 'change': True}
2025-03-09 22:32:57,624 : EventManager : Event: ======'machine_var_mpf_extended_version'====== Args={'value': 'Mission Pinball Framework v0.57.0, Config version:6, Show version: 6, BCP version:1.1', 'prev_value': None, 'change': True}
2025-03-09 22:32:57,625 : EventManager : Event: ======'machine_var_python_version'====== Args={'value': '3.11.0', 'prev_value': None, 'change': True}
2025-03-09 22:32:57,625 : EventManager : Event: ======'machine_var_platform'====== Args={'value': 'Windows-10-10.0.26100-SP0', 'prev_value': None, 'change': True}
2025-03-09 22:32:57,625 : EventManager : Event: ======'machine_var_platform_system'====== Args={'value': 'Windows', 'prev_value': None, 'change': True}
2025-03-09 22:32:57,625 : EventManager : Event: ======'machine_var_platform_release'====== Args={'value': '10', 'prev_value': None, 'change': True}
2025-03-09 22:32:57,626 : EventManager : Event: ======'machine_var_platform_version'====== Args={'value': '10.0.26100', 'prev_value': None, 'change': True}
2025-03-09 22:32:57,626 : EventManager : Event: ======'machine_var_platform_machine'====== Args={'value': 'AMD64', 'prev_value': None, 'change': True}
2025-03-09 22:32:57,626 : EventManager : Event: ======'machine_var_mc_version'====== Args={'value': 'MPF-MC v0.57.1', 'prev_value': None, 'change': True}
2025-03-09 22:32:57,626 : EventManager : Event: ======'machine_var_mc_extended_version'====== Args={'value': 'MPF-MC v0.57.1 (config_version=6, BCP v1.1,                      Requires MPF API compatibility v0.57.0 or newer)', 'prev_value': None, 'change': True}
2025-03-09 22:32:57,626 : EventManager : Event: ======'machine_var_credits_string'====== Args={'value': 'FREE PLAY', 'prev_value': None, 'change': True}
2025-03-09 22:32:57,626 : EventManager : Event: ======'machine_var_master_volume'====== Args={'value': 0.5, 'prev_value': None, 'change': True}
2025-03-09 22:32:57,626 : EventManager : Event: ======'machine_var_player1_score'====== Args={'value': 8000, 'prev_value': None, 'change': True}
2025-03-09 22:32:57,626 : EventManager : Event: ======'machine_var_player2_score'====== Args={'value': 1000, 'prev_value': None, 'change': True}
2025-03-09 22:32:57,626 : EventManager : Event: ======'machine_var_mpf_version'====== Args={'value': 'Mission Pinball Framework v0.57.0', 'prev_value': None, 'change': True}
2025-03-09 22:32:57,626 : EventManager : Event: ======'machine_var_mpf_extended_version'====== Args={'value': 'Mission Pinball Framework v0.57.0, Config version:6, Show version: 6, BCP version:1.1', 'prev_value': None, 'change': True}
2025-03-09 22:32:57,626 : EventManager : Event: ======'machine_var_python_version'====== Args={'value': '3.11.0', 'prev_value': None, 'change': True}
2025-03-09 22:32:57,626 : EventManager : Event: ======'machine_var_platform'====== Args={'value': 'Windows-10-10.0.26100-SP0', 'prev_value': None, 'change': True}
2025-03-09 22:32:57,626 : EventManager : Event: ======'machine_var_platform_system'====== Args={'value': 'Windows', 'prev_value': None, 'change': True}
2025-03-09 22:32:57,626 : EventManager : Event: ======'machine_var_platform_release'====== Args={'value': '10', 'prev_value': None, 'change': True}
2025-03-09 22:32:57,626 : EventManager : Event: ======'machine_var_platform_version'====== Args={'value': '10.0.26100', 'prev_value': None, 'change': True}
2025-03-09 22:32:57,626 : EventManager : Event: ======'machine_var_platform_machine'====== Args={'value': 'AMD64', 'prev_value': None, 'change': True}
2025-03-09 22:32:57,626 : EventManager : Event: ======'machine_var_mc_version'====== Args={'value': 'MPF-MC v0.57.1', 'prev_value': None, 'change': True}
2025-03-09 22:32:57,626 : EventManager : Event: ======'machine_var_mc_extended_version'====== Args={'value': 'MPF-MC v0.57.1 (config_version=6, BCP v1.1,                      Requires MPF API compatibility v0.57.0 or newer)', 'prev_value': None, 'change': True}
2025-03-09 22:32:57,626 : EventManager : Event: ======'machine_var_credits_string'====== Args={'value': 'FREE PLAY', 'prev_value': None, 'change': True}
2025-03-09 22:32:57,626 : EventManager : Event: ======'machine_var_master_volume'====== Args={'value': 0.5, 'prev_value': None, 'change': True}
2025-03-09 22:32:57,626 : EventManager : Event: ======'machine_var_player1_score'====== Args={'value': 8000, 'prev_value': None, 'change': True}
2025-03-09 22:32:57,626 : EventManager : Event: ======'machine_var_player2_score'====== Args={'value': 1000, 'prev_value': None, 'change': True}
2025-03-09 22:32:57,626 : EventManager : Event: ======'machine_var_mpf_version'====== Args={'value': 'Mission Pinball Framework v0.57.0', 'prev_value': None, 'change': True}
2025-03-09 22:32:57,627 : EventManager : Event: ======'machine_var_mpf_extended_version'====== Args={'value': 'Mission Pinball Framework v0.57.0, Config version:6, Show version: 6, BCP version:1.1', 'prev_value': None, 'change': True}
2025-03-09 22:32:57,627 : EventManager : Event: ======'machine_var_python_version'====== Args={'value': '3.11.0', 'prev_value': None, 'change': True}
2025-03-09 22:32:57,627 : EventManager : Event: ======'machine_var_platform'====== Args={'value': 'Windows-10-10.0.26100-SP0', 'prev_value': None, 'change': True}
2025-03-09 22:32:57,627 : EventManager : Event: ======'machine_var_platform_system'====== Args={'value': 'Windows', 'prev_value': None, 'change': True}
2025-03-09 22:32:57,627 : EventManager : Event: ======'machine_var_platform_release'====== Args={'value': '10', 'prev_value': None, 'change': True}
2025-03-09 22:32:57,627 : EventManager : Event: ======'machine_var_platform_version'====== Args={'value': '10.0.26100', 'prev_value': None, 'change': True}
2025-03-09 22:32:57,627 : EventManager : Event: ======'machine_var_platform_machine'====== Args={'value': 'AMD64', 'prev_value': None, 'change': True}
2025-03-09 22:32:57,627 : EventManager : Event: ======'machine_var_mc_version'====== Args={'value': 'MPF-MC v0.57.1', 'prev_value': None, 'change': True}
2025-03-09 22:32:57,627 : EventManager : Event: ======'machine_var_mc_extended_version'====== Args={'value': 'MPF-MC v0.57.1 (config_version=6, BCP v1.1,                      Requires MPF API compatibility v0.57.0 or newer)', 'prev_value': None, 'change': True}
2025-03-09 22:32:57,627 : EventManager : Event: ======'machine_var_credits_string'====== Args={'value': 'FREE PLAY', 'prev_value': None, 'change': True}
2025-03-09 22:32:57,627 : EventManager : Event: ======'machine_var_master_volume'====== Args={'value': 0.5, 'prev_value': None, 'change': True}
2025-03-09 22:32:57,627 : EventManager : Event: ======'machine_var_player1_score'====== Args={'value': 8000, 'prev_value': None, 'change': True}
2025-03-09 22:32:57,627 : EventManager : Event: ======'machine_var_player2_score'====== Args={'value': 1000, 'prev_value': None, 'change': True}
2025-03-09 22:32:57,627 : EventManager : Event: ======'machine_var_mpf_version'====== Args={'value': 'Mission Pinball Framework v0.57.0', 'prev_value': None, 'change': True}
2025-03-09 22:32:57,627 : EventManager : Event: ======'machine_var_mpf_extended_version'====== Args={'value': 'Mission Pinball Framework v0.57.0, Config version:6, Show version: 6, BCP version:1.1', 'prev_value': None, 'change': True}
2025-03-09 22:32:57,627 : EventManager : Event: ======'machine_var_python_version'====== Args={'value': '3.11.0', 'prev_value': None, 'change': True}
2025-03-09 22:32:57,627 : EventManager : Event: ======'machine_var_platform'====== Args={'value': 'Windows-10-10.0.26100-SP0', 'prev_value': None, 'change': True}
2025-03-09 22:32:57,627 : EventManager : Event: ======'machine_var_platform_system'====== Args={'value': 'Windows', 'prev_value': None, 'change': True}
2025-03-09 22:32:57,627 : EventManager : Event: ======'machine_var_platform_release'====== Args={'value': '10', 'prev_value': None, 'change': True}
2025-03-09 22:32:57,627 : EventManager : Event: ======'machine_var_platform_version'====== Args={'value': '10.0.26100', 'prev_value': None, 'change': True}
2025-03-09 22:32:57,627 : EventManager : Event: ======'machine_var_platform_machine'====== Args={'value': 'AMD64', 'prev_value': None, 'change': True}
2025-03-09 22:32:57,627 : EventManager : Event: ======'machine_var_mc_version'====== Args={'value': 'MPF-MC v0.57.1', 'prev_value': None, 'change': True}
2025-03-09 22:32:57,627 : EventManager : Event: ======'machine_var_mc_extended_version'====== Args={'value': 'MPF-MC v0.57.1 (config_version=6, BCP v1.1,                      Requires MPF API compatibility v0.57.0 or newer)', 'prev_value': None, 'change': True}
2025-03-09 22:32:57,628 : SoundSystem : Setting master volume to 0.5
2025-03-09 22:32:57,628 : SoundSystem : Setting master volume to 0.5
2025-03-09 22:32:57,628 : SoundSystem : Setting master volume to 0.5
2025-03-09 22:32:57,628 : SoundSystem : Setting master volume to 0.5
2025-03-09 22:32:57,661 : EventManager : Event: ======'machine_var_audits_events_game_ended'====== Args={'value': 13, 'prev_value': None, 'change': True}
2025-03-09 22:32:57,661 : EventManager : Event: ======'machine_var_audits_events_game_started'====== Args={'value': 42, 'prev_value': None, 'change': True}
2025-03-09 22:32:57,661 : EventManager : Event: ======'machine_var_audits_missing_switches_s_Lane2'====== Args={'value': 2, 'prev_value': None, 'change': True}
2025-03-09 22:32:57,661 : EventManager : Event: ======'machine_var_audits_missing_switches_s_Lane3'====== Args={'value': 2, 'prev_value': None, 'change': True}
2025-03-09 22:32:57,661 : EventManager : Event: ======'machine_var_audits_missing_switches_s_drain'====== Args={'value': 6, 'prev_value': None, 'change': True}
2025-03-09 22:32:57,661 : EventManager : Event: ======'machine_var_audits_missing_switches_s_trough2'====== Args={'value': 2, 'prev_value': None, 'change': True}
2025-03-09 22:32:57,661 : EventManager : Event: ======'machine_var_audits_missing_switches_s_trough3'====== Args={'value': 2, 'prev_value': None, 'change': True}
2025-03-09 22:32:57,661 : EventManager : Event: ======'machine_var_audits_missing_switches_s_trough_enter'====== Args={'value': 42, 'prev_value': None, 'change': True}
2025-03-09 22:32:57,661 : EventManager : Event: ======'machine_var_audits_player_score'====== Args={'value': {'average': 124, 'top': [8000, 1000, 0, 0, 0, 0, 0, 0, 0, 0], 'total': 16}, 'prev_value': None, 'change': True}
2025-03-09 22:32:57,661 : EventManager : Event: ======'machine_var_audits_switches_s_Lane1'====== Args={'value': 29, 'prev_value': None, 'change': True}
2025-03-09 22:32:57,661 : EventManager : Event: ======'machine_var_audits_switches_s_Lane2'====== Args={'value': 21, 'prev_value': None, 'change': True}
2025-03-09 22:32:57,661 : EventManager : Event: ======'machine_var_audits_switches_s_Lane3'====== Args={'value': 19, 'prev_value': None, 'change': True}
2025-03-09 22:32:57,661 : EventManager : Event: ======'machine_var_audits_switches_s_Lane4'====== Args={'value': 18, 'prev_value': None, 'change': True}
2025-03-09 22:32:57,661 : EventManager : Event: ======'machine_var_audits_switches_s_Target1'====== Args={'value': 55, 'prev_value': None, 'change': True}
2025-03-09 22:32:57,662 : EventManager : Event: ======'machine_var_audits_switches_s_Target2'====== Args={'value': 47, 'prev_value': None, 'change': True}
2025-03-09 22:32:57,662 : EventManager : Event: ======'machine_var_audits_switches_s_Target3'====== Args={'value': 51, 'prev_value': None, 'change': True}
2025-03-09 22:32:57,662 : EventManager : Event: ======'machine_var_audits_switches_s_Target4'====== Args={'value': 42, 'prev_value': None, 'change': True}
2025-03-09 22:32:57,662 : EventManager : Event: ======'machine_var_audits_switches_s_drain'====== Args={'value': 0, 'prev_value': None, 'change': True}
2025-03-09 22:32:57,662 : EventManager : Event: ======'machine_var_audits_switches_s_launcher_button'====== Args={'value': 71, 'prev_value': None, 'change': True}
2025-03-09 22:32:57,663 : EventManager : Event: ======'machine_var_audits_switches_s_left_flipper'====== Args={'value': 79, 'prev_value': None, 'change': True}
2025-03-09 22:32:57,663 : EventManager : Event: ======'machine_var_audits_switches_s_playfield_entry'====== Args={'value': 183, 'prev_value': None, 'change': True}
2025-03-09 22:32:57,663 : EventManager : Event: ======'machine_var_audits_switches_s_plunger_lane'====== Args={'value': 115, 'prev_value': None, 'change': True}
2025-03-09 22:32:57,663 : EventManager : Event: ======'machine_var_audits_switches_s_pointTarget'====== Args={'value': 193, 'prev_value': None, 'change': True}
2025-03-09 22:32:57,663 : EventManager : Event: ======'machine_var_audits_switches_s_right_flipper'====== Args={'value': 67, 'prev_value': None, 'change': True}
2025-03-09 22:32:57,663 : EventManager : Event: ======'machine_var_audits_switches_s_trough1'====== Args={'value': 94, 'prev_value': None, 'change': True}
2025-03-09 22:32:57,663 : EventManager : Event: ======'machine_var_audits_switches_s_trough2'====== Args={'value': 16, 'prev_value': None, 'change': True}
2025-03-09 22:32:57,664 : EventManager : Event: ======'machine_var_audits_switches_s_trough3'====== Args={'value': 14, 'prev_value': None, 'change': True}
2025-03-09 22:32:57,664 : EventManager : Event: ======'machine_var_audits_switches_s_trough_enter'====== Args={'value': 0, 'prev_value': None, 'change': True}
2025-03-09 22:32:57,687 : EventManager : Event: ======'slides_play'====== Args={'settings': {'welcome_slide': {'target': None, 'background_color': [0.0, 0.0, 0.0, 1.0], 'priority': None, 'show': True, 'force': False, 'expire': None, 'slide': None, 'tokens': {}, 'action': 'play'}}, 'context': '_global', 'calling_context': 'init_done', 'priority': 0}
2025-03-09 22:32:57,687 : EventManager : Event: ======'mc_reset_phase_1'====== Args={}
2025-03-09 22:32:57,687 : EventManager : Event: ======'slide_welcome_slide_removed'====== Args={}
2025-03-09 22:32:57,689 : EventManager : Event: ======'slide_welcome_slide_created'====== Args={}
2025-03-09 22:32:57,689 : EventManager : Event: ======'mc_reset_phase_2'====== Args={}
2025-03-09 22:32:57,690 : EventManager : Event: ======'mc_reset_phase_3'====== Args={}
2025-03-09 22:32:57,690 : EventManager : Event: ======'mc_reset_complete'====== Args={}
2025-03-09 22:32:57,691 : EventManager : Event: ======'slide_welcome_slide_active'====== Args={}
2025-03-09 22:32:57,699 : EventManager : Event: ======'slides_play'====== Args={'settings': {'ship_slide': {'widgets': [{'type': 'image', 'image': 'ship', '_default_settings': ['type', 'image'], 'x': None, 'y': None, 'anchor_x': 'center', 'anchor_y': 'center', 'round_anchor_x': None, 'round_anchor_y': None, 'opacity': 1.0, 'z': 0, 'reset_animations_events': {}, 'color': [1.0, 1.0, 1.0, 1.0], 'style': [], 'adjust_top': 0, 'adjust_bottom': 0, 'adjust_left': 0, 'adjust_right': 0, 'expire': None, 'key': None, 'widget': None, 'events_when_added': [], 'events_when_removed': [], 'fps': 10, 'loops': -1, 'auto_play': True, 'start_frame': 0, 'rotation': 0, 'scale': 1.0, 'animations': None}], 'target': None, 'background_color': [0.0, 0.0, 0.0, 1.0], 'priority': None, 'show': True, 'force': False, 'expire': None, 'slide': None, 'tokens': {}, 'action': 'play'}}, 'context': 'show_1', 'calling_context': 0, 'priority': 10, 'show_tokens': {}, 'start_time': 612209.687}
2025-03-09 22:32:57,699 : EventManager : Event: ======'sounds_play'====== Args={'settings': {'main': {'action': 'play', 'priority': None, 'block': False, 'delay': None, 'track': None, 'volume': None, 'ducking': {}, 'pan': None, 'loops': None, 'start_at': None, 'fade_in': None, 'fade_out': None, 'about_to_finish_time': -1.0, 'max_queue_time': -1.0, 'events_when_played': ['use_sound_setting'], 'events_when_stopped': ['use_sound_setting'], 'events_when_looping': ['use_sound_setting'], 'events_when_about_to_finish': ['use_sound_setting'], 'mode_end_action': 'use_sound_setting', 'key': 'use_sound_setting'}}, 'context': '_global', 'calling_context': 'mode_attract_started', 'priority': 0}
2025-03-09 22:32:57,700 : EventManager : Event: ======'slide_ship_slide_created'====== Args={}
2025-03-09 22:32:57,701 : EventManager : Event: ======'slide_ship_slide_active'====== Args={}
2025-03-09 22:32:57,748 : EventManager : Event: ======'loading_assets'====== Args={'total': 1, 'loaded': 1, 'remaining': 0, 'percent': 100}
2025-03-09 22:32:57,748 : AssetManager : Asset loading took: 2.002153158187866
2025-03-09 22:32:57,748 : EventManager : Event: ======'asset_loading_complete'====== Args={}
2025-03-09 22:32:57,748 : AssetManager : Loading assets: 1/1 (100%)
2025-03-09 22:33:00,562 : kivy : WindowSDL: Window is now on display 1
2025-03-09 22:33:03,284 : EventManager : Event: ======'slides_play'====== Args={'settings': {'starting_slide': {'widgets': [{'type': 'image', 'image': 'start', 'animations': {'pre_show_slide': [{'property': ['opacity'], 'value': ['0'], 'duration': 0.5, 'relative': False, 'timing': 'after_previous', 'repeat': False, 'easing': 'linear', 'step': 0.0}, {'property': ['opacity'], 'value': ['1'], 'duration': 0.5, 'repeat': True, 'relative': False, 'timing': 'after_previous', 'easing': 'linear', 'step': 0.0}]}, '_default_settings': ['type', 'image', 'animations'], 'x': None, 'y': None, 'anchor_x': 'center', 'anchor_y': 'center', 'round_anchor_x': None, 'round_anchor_y': None, 'opacity': 1.0, 'z': 0, 'reset_animations_events': {}, 'color': [1.0, 1.0, 1.0, 1.0], 'style': [], 'adjust_top': 0, 'adjust_bottom': 0, 'adjust_left': 0, 'adjust_right': 0, 'expire': None, 'key': None, 'widget': None, 'events_when_added': [], 'events_when_removed': [], 'fps': 10, 'loops': -1, 'auto_play': True, 'start_frame': 0, 'rotation': 0, 'scale': 1.0}, {'type': 'image', 'image': 'start_game', '_default_settings': ['type', 'image'], 'x': None, 'y': None, 'anchor_x': 'center', 'anchor_y': 'center', 'round_anchor_x': None, 'round_anchor_y': None, 'opacity': 1.0, 'z': 0, 'reset_animations_events': {}, 'color': [1.0, 1.0, 1.0, 1.0], 'style': [], 'adjust_top': 0, 'adjust_bottom': 0, 'adjust_left': 0, 'adjust_right': 0, 'expire': None, 'key': None, 'widget': None, 'events_when_added': [], 'events_when_removed': [], 'fps': 10, 'loops': -1, 'auto_play': True, 'start_frame': 0, 'rotation': 0, 'scale': 1.0, 'animations': None}], 'transition': {'type': 'push', 'duration': 1.0, 'direction': 'left', 'easing': 'out_quad'}, 'target': None, 'background_color': [0.0, 0.0, 0.0, 1.0], 'priority': None, 'show': True, 'force': False, 'expire': None, 'slide': None, 'tokens': {}, 'action': 'play'}}, 'context': 'show_1', 'calling_context': 1, 'priority': 10, 'show_tokens': {}, 'start_time': 612214.687}
2025-03-09 22:33:03,289 : EventManager : Event: ======'slide_starting_slide_created'====== Args={}
2025-03-09 22:33:03,290 : EventManager : Event: ======'slide_starting_slide_active'====== Args={}
2025-03-09 22:33:07,708 : EventManager : Event: ======'slides_play'====== Args={'settings': {'company_slide': {'widgets': [{'type': 'image', 'image': 'company', '_default_settings': ['type', 'image'], 'x': None, 'y': None, 'anchor_x': 'center', 'anchor_y': 'center', 'round_anchor_x': None, 'round_anchor_y': None, 'opacity': 1.0, 'z': 0, 'reset_animations_events': {}, 'color': [1.0, 1.0, 1.0, 1.0], 'style': [], 'adjust_top': 0, 'adjust_bottom': 0, 'adjust_left': 0, 'adjust_right': 0, 'expire': None, 'key': None, 'widget': None, 'events_when_added': [], 'events_when_removed': [], 'fps': 10, 'loops': -1, 'auto_play': True, 'start_frame': 0, 'rotation': 0, 'scale': 1.0, 'animations': None}, {'type': 'text', 'text': '(machine|player1_score)', 'number_grouping': True, 'min_digits': 2, 'font_size': 50, 'y': '40%', '_default_settings': ['type', 'text', 'number_grouping', 'min_digits', 'font_size', 'y'], 'x': None, 'anchor_x': 'center', 'anchor_y': 'center', 'round_anchor_x': None, 'round_anchor_y': None, 'opacity': 1.0, 'z': 0, 'reset_animations_events': {}, 'color': [1.0, 1.0, 1.0, 1.0], 'style': [], 'adjust_top': 0, 'adjust_bottom': 0, 'adjust_left': 0, 'adjust_right': 0, 'expire': None, 'key': None, 'widget': None, 'events_when_added': [], 'events_when_removed': [], 'bitmap_font': False, 'font_kerning': True, 'bold': False, 'italic': False, 'halign': 'center', 'valign': 'middle', 'rotation': 0, 'scale': 1.0, 'casing': None, 'outline_color': [1.0, 1.0, 1.0, 1.0], 'outline_width': 0, 'animations': None}], 'transition': {'type': 'move_in', 'duration': 1.0, 'direction': 'right', 'easing': 'out_quad'}, 'target': None, 'background_color': [0.0, 0.0, 0.0, 1.0], 'priority': None, 'show': True, 'force': False, 'expire': None, 'slide': None, 'tokens': {}, 'action': 'play'}}, 'context': 'show_1', 'calling_context': 2, 'priority': 10, 'show_tokens': {}, 'start_time': 612219.687}
2025-03-09 22:33:07,713 : EventManager : Event: ======'slide_company_slide_created'====== Args={}
2025-03-09 22:33:07,715 : EventManager : Unordered handler for class <Text Widget text=8,000> on event machine_var_player1_score with priority 1. Handlers: [RegisteredHandler(callback=<bound method Text._machine_var_change of <Text Widget text=8,000>>, priority=1, kwargs={}, key=UUID('4a235af2-04cf-49ca-b915-e042a8a00cb9'), condition=None, blocking_facility=None), RegisteredHandler(callback=<bound method Text._machine_var_change of <Text Widget text=8,000>>, priority=1, kwargs={}, key=UUID('c20e04d2-3ada-4d01-8499-a230d86a183e'), condition=None, blocking_facility=None)]. The order of those handlers is not defined and they will be executed in random order. This might lead to race conditions and potential bugs.
2025-03-09 22:33:07,717 : EventManager : Event: ======'slide_company_slide_active'====== Args={}
2025-03-09 22:33:12,704 : EventManager : Event: ======'slides_play'====== Args={'settings': {'lastgame_slide': {'widgets': [{'type': 'image', 'image': 'last_game', '_default_settings': ['type', 'image'], 'x': None, 'y': None, 'anchor_x': 'center', 'anchor_y': 'center', 'round_anchor_x': None, 'round_anchor_y': None, 'opacity': 1.0, 'z': 0, 'reset_animations_events': {}, 'color': [1.0, 1.0, 1.0, 1.0], 'style': [], 'adjust_top': 0, 'adjust_bottom': 0, 'adjust_left': 0, 'adjust_right': 0, 'expire': None, 'key': None, 'widget': None, 'events_when_added': [], 'events_when_removed': [], 'fps': 10, 'loops': -1, 'auto_play': True, 'start_frame': 0, 'rotation': 0, 'scale': 1.0, 'animations': None}], 'transition': {'type': 'move_in', 'duration': 1.0, 'direction': 'top', 'easing': 'out_quad'}, 'target': None, 'background_color': [0.0, 0.0, 0.0, 1.0], 'priority': None, 'show': True, 'force': False, 'expire': None, 'slide': None, 'tokens': {}, 'action': 'play'}}, 'context': 'show_1', 'calling_context': 3, 'priority': 10, 'show_tokens': {}, 'start_time': 612224.687}
2025-03-09 22:33:12,712 : EventManager : Event: ======'slide_lastgame_slide_created'====== Args={}
2025-03-09 22:33:12,717 : EventManager : Event: ======'slide_lastgame_slide_active'====== Args={}
2025-03-09 22:33:17,698 : EventManager : Event: ======'slides_play'====== Args={'settings': {'ship_slide': {'widgets': [{'type': 'image', 'image': 'ship', '_default_settings': ['type', 'image'], 'x': None, 'y': None, 'anchor_x': 'center', 'anchor_y': 'center', 'round_anchor_x': None, 'round_anchor_y': None, 'opacity': 1.0, 'z': 0, 'reset_animations_events': {}, 'color': [1.0, 1.0, 1.0, 1.0], 'style': [], 'adjust_top': 0, 'adjust_bottom': 0, 'adjust_left': 0, 'adjust_right': 0, 'expire': None, 'key': None, 'widget': None, 'events_when_added': [], 'events_when_removed': [], 'fps': 10, 'loops': -1, 'auto_play': True, 'start_frame': 0, 'rotation': 0, 'scale': 1.0, 'animations': None}], 'target': None, 'background_color': [0.0, 0.0, 0.0, 1.0], 'priority': None, 'show': True, 'force': False, 'expire': None, 'slide': None, 'tokens': {}, 'action': 'play'}}, 'context': 'show_1', 'calling_context': 0, 'priority': 10, 'show_tokens': {}, 'start_time': 612229.687}
2025-03-09 22:33:17,701 : EventManager : Event: ======'slide_ship_slide_removed'====== Args={}
2025-03-09 22:33:17,708 : EventManager : Event: ======'slide_ship_slide_created'====== Args={}
2025-03-09 22:33:17,709 : EventManager : Event: ======'slide_ship_slide_active'====== Args={}
2025-03-09 22:33:22,692 : EventManager : Event: ======'slides_play'====== Args={'settings': {'starting_slide': {'widgets': [{'type': 'image', 'image': 'start', 'animations': {'pre_show_slide': [{'property': ['opacity'], 'value': ['0'], 'duration': 0.5, 'relative': False, 'timing': 'after_previous', 'repeat': False, 'easing': 'linear', 'step': 0.0}, {'property': ['opacity'], 'value': ['1'], 'duration': 0.5, 'repeat': True, 'relative': False, 'timing': 'after_previous', 'easing': 'linear', 'step': 0.0}]}, '_default_settings': ['type', 'image', 'animations'], 'x': None, 'y': None, 'anchor_x': 'center', 'anchor_y': 'center', 'round_anchor_x': None, 'round_anchor_y': None, 'opacity': 1.0, 'z': 0, 'reset_animations_events': {}, 'color': [1.0, 1.0, 1.0, 1.0], 'style': [], 'adjust_top': 0, 'adjust_bottom': 0, 'adjust_left': 0, 'adjust_right': 0, 'expire': None, 'key': None, 'widget': None, 'events_when_added': [], 'events_when_removed': [], 'fps': 10, 'loops': -1, 'auto_play': True, 'start_frame': 0, 'rotation': 0, 'scale': 1.0}, {'type': 'image', 'image': 'start_game', '_default_settings': ['type', 'image'], 'x': None, 'y': None, 'anchor_x': 'center', 'anchor_y': 'center', 'round_anchor_x': None, 'round_anchor_y': None, 'opacity': 1.0, 'z': 0, 'reset_animations_events': {}, 'color': [1.0, 1.0, 1.0, 1.0], 'style': [], 'adjust_top': 0, 'adjust_bottom': 0, 'adjust_left': 0, 'adjust_right': 0, 'expire': None, 'key': None, 'widget': None, 'events_when_added': [], 'events_when_removed': [], 'fps': 10, 'loops': -1, 'auto_play': True, 'start_frame': 0, 'rotation': 0, 'scale': 1.0, 'animations': None}], 'transition': {'type': 'push', 'duration': 1.0, 'direction': 'left', 'easing': 'out_quad'}, 'target': None, 'background_color': [0.0, 0.0, 0.0, 1.0], 'priority': None, 'show': True, 'force': False, 'expire': None, 'slide': None, 'tokens': {}, 'action': 'play'}}, 'context': 'show_1', 'calling_context': 1, 'priority': 10, 'show_tokens': {}, 'start_time': 612234.687}
2025-03-09 22:33:22,697 : EventManager : Event: ======'slide_starting_slide_removed'====== Args={}
2025-03-09 22:33:22,719 : EventManager : Event: ======'slide_starting_slide_created'====== Args={}
2025-03-09 22:33:22,726 : EventManager : Event: ======'slide_starting_slide_active'====== Args={}
2025-03-09 22:33:27,692 : EventManager : Event: ======'slides_play'====== Args={'settings': {'company_slide': {'widgets': [{'type': 'image', 'image': 'company', '_default_settings': ['type', 'image'], 'x': None, 'y': None, 'anchor_x': 'center', 'anchor_y': 'center', 'round_anchor_x': None, 'round_anchor_y': None, 'opacity': 1.0, 'z': 0, 'reset_animations_events': {}, 'color': [1.0, 1.0, 1.0, 1.0], 'style': [], 'adjust_top': 0, 'adjust_bottom': 0, 'adjust_left': 0, 'adjust_right': 0, 'expire': None, 'key': None, 'widget': None, 'events_when_added': [], 'events_when_removed': [], 'fps': 10, 'loops': -1, 'auto_play': True, 'start_frame': 0, 'rotation': 0, 'scale': 1.0, 'animations': None}, {'type': 'text', 'text': '(machine|player1_score)', 'number_grouping': True, 'min_digits': 2, 'font_size': 50, 'y': '40%', '_default_settings': ['type', 'text', 'number_grouping', 'min_digits', 'font_size', 'y'], 'x': None, 'anchor_x': 'center', 'anchor_y': 'center', 'round_anchor_x': None, 'round_anchor_y': None, 'opacity': 1.0, 'z': 0, 'reset_animations_events': {}, 'color': [1.0, 1.0, 1.0, 1.0], 'style': [], 'adjust_top': 0, 'adjust_bottom': 0, 'adjust_left': 0, 'adjust_right': 0, 'expire': None, 'key': None, 'widget': None, 'events_when_added': [], 'events_when_removed': [], 'bitmap_font': False, 'font_kerning': True, 'bold': False, 'italic': False, 'halign': 'center', 'valign': 'middle', 'rotation': 0, 'scale': 1.0, 'casing': None, 'outline_color': [1.0, 1.0, 1.0, 1.0], 'outline_width': 0, 'animations': None}], 'transition': {'type': 'move_in', 'duration': 1.0, 'direction': 'right', 'easing': 'out_quad'}, 'target': None, 'background_color': [0.0, 0.0, 0.0, 1.0], 'priority': None, 'show': True, 'force': False, 'expire': None, 'slide': None, 'tokens': {}, 'action': 'play'}}, 'context': 'show_1', 'calling_context': 2, 'priority': 10, 'show_tokens': {}, 'start_time': 612239.687}
2025-03-09 22:33:27,693 : EventManager : Event: ======'slide_company_slide_removed'====== Args={}
2025-03-09 22:33:27,697 : EventManager : Event: ======'slide_company_slide_created'====== Args={}
2025-03-09 22:33:27,698 : EventManager : Unordered handler for class <Text Widget text=8,000> on event machine_var_player1_score with priority 1. Handlers: [RegisteredHandler(callback=<bound method Text._machine_var_change of <Text Widget text=8,000>>, priority=1, kwargs={}, key=UUID('fa00642f-ffc3-45a9-a07d-ed789c1f5a91'), condition=None, blocking_facility=None), RegisteredHandler(callback=<bound method Text._machine_var_change of <Text Widget text=8,000>>, priority=1, kwargs={}, key=UUID('afd32b1d-3d07-4b0e-a487-940cb2d0fd82'), condition=None, blocking_facility=None)]. The order of those handlers is not defined and they will be executed in random order. This might lead to race conditions and potential bugs.
2025-03-09 22:33:27,699 : EventManager : Event: ======'slide_company_slide_active'====== Args={}
2025-03-09 22:33:32,684 : EventManager : Event: ======'slides_play'====== Args={'settings': {'lastgame_slide': {'widgets': [{'type': 'image', 'image': 'last_game', '_default_settings': ['type', 'image'], 'x': None, 'y': None, 'anchor_x': 'center', 'anchor_y': 'center', 'round_anchor_x': None, 'round_anchor_y': None, 'opacity': 1.0, 'z': 0, 'reset_animations_events': {}, 'color': [1.0, 1.0, 1.0, 1.0], 'style': [], 'adjust_top': 0, 'adjust_bottom': 0, 'adjust_left': 0, 'adjust_right': 0, 'expire': None, 'key': None, 'widget': None, 'events_when_added': [], 'events_when_removed': [], 'fps': 10, 'loops': -1, 'auto_play': True, 'start_frame': 0, 'rotation': 0, 'scale': 1.0, 'animations': None}], 'transition': {'type': 'move_in', 'duration': 1.0, 'direction': 'top', 'easing': 'out_quad'}, 'target': None, 'background_color': [0.0, 0.0, 0.0, 1.0], 'priority': None, 'show': True, 'force': False, 'expire': None, 'slide': None, 'tokens': {}, 'action': 'play'}}, 'context': 'show_1', 'calling_context': 3, 'priority': 10, 'show_tokens': {}, 'start_time': 612244.687}
2025-03-09 22:33:32,686 : EventManager : Event: ======'slide_lastgame_slide_removed'====== Args={}
2025-03-09 22:33:32,700 : EventManager : Event: ======'slide_lastgame_slide_created'====== Args={}
2025-03-09 22:33:32,707 : EventManager : Event: ======'slide_lastgame_slide_active'====== Args={}
2025-03-09 22:33:37,711 : EventManager : Event: ======'slides_play'====== Args={'settings': {'ship_slide': {'widgets': [{'type': 'image', 'image': 'ship', '_default_settings': ['type', 'image'], 'x': None, 'y': None, 'anchor_x': 'center', 'anchor_y': 'center', 'round_anchor_x': None, 'round_anchor_y': None, 'opacity': 1.0, 'z': 0, 'reset_animations_events': {}, 'color': [1.0, 1.0, 1.0, 1.0], 'style': [], 'adjust_top': 0, 'adjust_bottom': 0, 'adjust_left': 0, 'adjust_right': 0, 'expire': None, 'key': None, 'widget': None, 'events_when_added': [], 'events_when_removed': [], 'fps': 10, 'loops': -1, 'auto_play': True, 'start_frame': 0, 'rotation': 0, 'scale': 1.0, 'animations': None}], 'target': None, 'background_color': [0.0, 0.0, 0.0, 1.0], 'priority': None, 'show': True, 'force': False, 'expire': None, 'slide': None, 'tokens': {}, 'action': 'play'}}, 'context': 'show_1', 'calling_context': 0, 'priority': 10, 'show_tokens': {}, 'start_time': 612249.687}
2025-03-09 22:33:37,714 : EventManager : Event: ======'slide_ship_slide_removed'====== Args={}
2025-03-09 22:33:37,721 : EventManager : Event: ======'slide_ship_slide_created'====== Args={}
2025-03-09 22:33:37,722 : EventManager : Event: ======'slide_ship_slide_active'====== Args={}
2025-03-09 22:33:42,688 : EventManager : Event: ======'slides_play'====== Args={'settings': {'starting_slide': {'widgets': [{'type': 'image', 'image': 'start', 'animations': {'pre_show_slide': [{'property': ['opacity'], 'value': ['0'], 'duration': 0.5, 'relative': False, 'timing': 'after_previous', 'repeat': False, 'easing': 'linear', 'step': 0.0}, {'property': ['opacity'], 'value': ['1'], 'duration': 0.5, 'repeat': True, 'relative': False, 'timing': 'after_previous', 'easing': 'linear', 'step': 0.0}]}, '_default_settings': ['type', 'image', 'animations'], 'x': None, 'y': None, 'anchor_x': 'center', 'anchor_y': 'center', 'round_anchor_x': None, 'round_anchor_y': None, 'opacity': 1.0, 'z': 0, 'reset_animations_events': {}, 'color': [1.0, 1.0, 1.0, 1.0], 'style': [], 'adjust_top': 0, 'adjust_bottom': 0, 'adjust_left': 0, 'adjust_right': 0, 'expire': None, 'key': None, 'widget': None, 'events_when_added': [], 'events_when_removed': [], 'fps': 10, 'loops': -1, 'auto_play': True, 'start_frame': 0, 'rotation': 0, 'scale': 1.0}, {'type': 'image', 'image': 'start_game', '_default_settings': ['type', 'image'], 'x': None, 'y': None, 'anchor_x': 'center', 'anchor_y': 'center', 'round_anchor_x': None, 'round_anchor_y': None, 'opacity': 1.0, 'z': 0, 'reset_animations_events': {}, 'color': [1.0, 1.0, 1.0, 1.0], 'style': [], 'adjust_top': 0, 'adjust_bottom': 0, 'adjust_left': 0, 'adjust_right': 0, 'expire': None, 'key': None, 'widget': None, 'events_when_added': [], 'events_when_removed': [], 'fps': 10, 'loops': -1, 'auto_play': True, 'start_frame': 0, 'rotation': 0, 'scale': 1.0, 'animations': None}], 'transition': {'type': 'push', 'duration': 1.0, 'direction': 'left', 'easing': 'out_quad'}, 'target': None, 'background_color': [0.0, 0.0, 0.0, 1.0], 'priority': None, 'show': True, 'force': False, 'expire': None, 'slide': None, 'tokens': {}, 'action': 'play'}}, 'context': 'show_1', 'calling_context': 1, 'priority': 10, 'show_tokens': {}, 'start_time': 612254.687}
2025-03-09 22:33:42,688 : EventManager : Event: ======'slide_starting_slide_removed'====== Args={}
2025-03-09 22:33:42,702 : EventManager : Event: ======'slide_starting_slide_created'====== Args={}
2025-03-09 22:33:42,711 : EventManager : Event: ======'slide_starting_slide_active'====== Args={}
2025-03-09 22:33:47,708 : EventManager : Event: ======'slides_play'====== Args={'settings': {'company_slide': {'widgets': [{'type': 'image', 'image': 'company', '_default_settings': ['type', 'image'], 'x': None, 'y': None, 'anchor_x': 'center', 'anchor_y': 'center', 'round_anchor_x': None, 'round_anchor_y': None, 'opacity': 1.0, 'z': 0, 'reset_animations_events': {}, 'color': [1.0, 1.0, 1.0, 1.0], 'style': [], 'adjust_top': 0, 'adjust_bottom': 0, 'adjust_left': 0, 'adjust_right': 0, 'expire': None, 'key': None, 'widget': None, 'events_when_added': [], 'events_when_removed': [], 'fps': 10, 'loops': -1, 'auto_play': True, 'start_frame': 0, 'rotation': 0, 'scale': 1.0, 'animations': None}, {'type': 'text', 'text': '(machine|player1_score)', 'number_grouping': True, 'min_digits': 2, 'font_size': 50, 'y': '40%', '_default_settings': ['type', 'text', 'number_grouping', 'min_digits', 'font_size', 'y'], 'x': None, 'anchor_x': 'center', 'anchor_y': 'center', 'round_anchor_x': None, 'round_anchor_y': None, 'opacity': 1.0, 'z': 0, 'reset_animations_events': {}, 'color': [1.0, 1.0, 1.0, 1.0], 'style': [], 'adjust_top': 0, 'adjust_bottom': 0, 'adjust_left': 0, 'adjust_right': 0, 'expire': None, 'key': None, 'widget': None, 'events_when_added': [], 'events_when_removed': [], 'bitmap_font': False, 'font_kerning': True, 'bold': False, 'italic': False, 'halign': 'center', 'valign': 'middle', 'rotation': 0, 'scale': 1.0, 'casing': None, 'outline_color': [1.0, 1.0, 1.0, 1.0], 'outline_width': 0, 'animations': None}], 'transition': {'type': 'move_in', 'duration': 1.0, 'direction': 'right', 'easing': 'out_quad'}, 'target': None, 'background_color': [0.0, 0.0, 0.0, 1.0], 'priority': None, 'show': True, 'force': False, 'expire': None, 'slide': None, 'tokens': {}, 'action': 'play'}}, 'context': 'show_1', 'calling_context': 2, 'priority': 10, 'show_tokens': {}, 'start_time': 612259.687}
2025-03-09 22:33:47,709 : EventManager : Event: ======'slide_company_slide_removed'====== Args={}
2025-03-09 22:33:47,714 : EventManager : Event: ======'slide_company_slide_created'====== Args={}
2025-03-09 22:33:47,715 : EventManager : Unordered handler for class <Text Widget text=8,000> on event machine_var_player1_score with priority 1. Handlers: [RegisteredHandler(callback=<bound method Text._machine_var_change of <Text Widget text=8,000>>, priority=1, kwargs={}, key=UUID('36c9d771-6d52-433d-8588-644eafce77c2'), condition=None, blocking_facility=None), RegisteredHandler(callback=<bound method Text._machine_var_change of <Text Widget text=8,000>>, priority=1, kwargs={}, key=UUID('cb117531-d69e-43eb-801a-63780bc02285'), condition=None, blocking_facility=None)]. The order of those handlers is not defined and they will be executed in random order. This might lead to race conditions and potential bugs.
2025-03-09 22:33:47,717 : EventManager : Event: ======'slide_company_slide_active'====== Args={}
2025-03-09 22:33:52,708 : EventManager : Event: ======'slides_play'====== Args={'settings': {'lastgame_slide': {'widgets': [{'type': 'image', 'image': 'last_game', '_default_settings': ['type', 'image'], 'x': None, 'y': None, 'anchor_x': 'center', 'anchor_y': 'center', 'round_anchor_x': None, 'round_anchor_y': None, 'opacity': 1.0, 'z': 0, 'reset_animations_events': {}, 'color': [1.0, 1.0, 1.0, 1.0], 'style': [], 'adjust_top': 0, 'adjust_bottom': 0, 'adjust_left': 0, 'adjust_right': 0, 'expire': None, 'key': None, 'widget': None, 'events_when_added': [], 'events_when_removed': [], 'fps': 10, 'loops': -1, 'auto_play': True, 'start_frame': 0, 'rotation': 0, 'scale': 1.0, 'animations': None}], 'transition': {'type': 'move_in', 'duration': 1.0, 'direction': 'top', 'easing': 'out_quad'}, 'target': None, 'background_color': [0.0, 0.0, 0.0, 1.0], 'priority': None, 'show': True, 'force': False, 'expire': None, 'slide': None, 'tokens': {}, 'action': 'play'}}, 'context': 'show_1', 'calling_context': 3, 'priority': 10, 'show_tokens': {}, 'start_time': 612264.687}
2025-03-09 22:33:52,708 : EventManager : Event: ======'slide_lastgame_slide_removed'====== Args={}
2025-03-09 22:33:52,711 : EventManager : Event: ======'slide_lastgame_slide_created'====== Args={}
2025-03-09 22:33:52,712 : EventManager : Event: ======'slide_lastgame_slide_active'====== Args={}
2025-03-09 22:33:57,714 : EventManager : Event: ======'slides_play'====== Args={'settings': {'ship_slide': {'widgets': [{'type': 'image', 'image': 'ship', '_default_settings': ['type', 'image'], 'x': None, 'y': None, 'anchor_x': 'center', 'anchor_y': 'center', 'round_anchor_x': None, 'round_anchor_y': None, 'opacity': 1.0, 'z': 0, 'reset_animations_events': {}, 'color': [1.0, 1.0, 1.0, 1.0], 'style': [], 'adjust_top': 0, 'adjust_bottom': 0, 'adjust_left': 0, 'adjust_right': 0, 'expire': None, 'key': None, 'widget': None, 'events_when_added': [], 'events_when_removed': [], 'fps': 10, 'loops': -1, 'auto_play': True, 'start_frame': 0, 'rotation': 0, 'scale': 1.0, 'animations': None}], 'target': None, 'background_color': [0.0, 0.0, 0.0, 1.0], 'priority': None, 'show': True, 'force': False, 'expire': None, 'slide': None, 'tokens': {}, 'action': 'play'}}, 'context': 'show_1', 'calling_context': 0, 'priority': 10, 'show_tokens': {}, 'start_time': 612269.687}
2025-03-09 22:33:57,717 : EventManager : Event: ======'slide_ship_slide_removed'====== Args={}
2025-03-09 22:33:57,720 : EventManager : Event: ======'slide_ship_slide_created'====== Args={}
2025-03-09 22:33:57,721 : EventManager : Event: ======'slide_ship_slide_active'====== Args={}
2025-03-09 22:34:02,698 : EventManager : Event: ======'slides_play'====== Args={'settings': {'starting_slide': {'widgets': [{'type': 'image', 'image': 'start', 'animations': {'pre_show_slide': [{'property': ['opacity'], 'value': ['0'], 'duration': 0.5, 'relative': False, 'timing': 'after_previous', 'repeat': False, 'easing': 'linear', 'step': 0.0}, {'property': ['opacity'], 'value': ['1'], 'duration': 0.5, 'repeat': True, 'relative': False, 'timing': 'after_previous', 'easing': 'linear', 'step': 0.0}]}, '_default_settings': ['type', 'image', 'animations'], 'x': None, 'y': None, 'anchor_x': 'center', 'anchor_y': 'center', 'round_anchor_x': None, 'round_anchor_y': None, 'opacity': 1.0, 'z': 0, 'reset_animations_events': {}, 'color': [1.0, 1.0, 1.0, 1.0], 'style': [], 'adjust_top': 0, 'adjust_bottom': 0, 'adjust_left': 0, 'adjust_right': 0, 'expire': None, 'key': None, 'widget': None, 'events_when_added': [], 'events_when_removed': [], 'fps': 10, 'loops': -1, 'auto_play': True, 'start_frame': 0, 'rotation': 0, 'scale': 1.0}, {'type': 'image', 'image': 'start_game', '_default_settings': ['type', 'image'], 'x': None, 'y': None, 'anchor_x': 'center', 'anchor_y': 'center', 'round_anchor_x': None, 'round_anchor_y': None, 'opacity': 1.0, 'z': 0, 'reset_animations_events': {}, 'color': [1.0, 1.0, 1.0, 1.0], 'style': [], 'adjust_top': 0, 'adjust_bottom': 0, 'adjust_left': 0, 'adjust_right': 0, 'expire': None, 'key': None, 'widget': None, 'events_when_added': [], 'events_when_removed': [], 'fps': 10, 'loops': -1, 'auto_play': True, 'start_frame': 0, 'rotation': 0, 'scale': 1.0, 'animations': None}], 'transition': {'type': 'push', 'duration': 1.0, 'direction': 'left', 'easing': 'out_quad'}, 'target': None, 'background_color': [0.0, 0.0, 0.0, 1.0], 'priority': None, 'show': True, 'force': False, 'expire': None, 'slide': None, 'tokens': {}, 'action': 'play'}}, 'context': 'show_1', 'calling_context': 1, 'priority': 10, 'show_tokens': {}, 'start_time': 612274.687}
2025-03-09 22:34:02,702 : EventManager : Event: ======'slide_starting_slide_removed'====== Args={}
2025-03-09 22:34:02,710 : EventManager : Event: ======'slide_starting_slide_created'====== Args={}
2025-03-09 22:34:02,711 : EventManager : Event: ======'slide_starting_slide_active'====== Args={}
2025-03-09 22:34:07,688 : EventManager : Event: ======'slides_play'====== Args={'settings': {'company_slide': {'widgets': [{'type': 'image', 'image': 'company', '_default_settings': ['type', 'image'], 'x': None, 'y': None, 'anchor_x': 'center', 'anchor_y': 'center', 'round_anchor_x': None, 'round_anchor_y': None, 'opacity': 1.0, 'z': 0, 'reset_animations_events': {}, 'color': [1.0, 1.0, 1.0, 1.0], 'style': [], 'adjust_top': 0, 'adjust_bottom': 0, 'adjust_left': 0, 'adjust_right': 0, 'expire': None, 'key': None, 'widget': None, 'events_when_added': [], 'events_when_removed': [], 'fps': 10, 'loops': -1, 'auto_play': True, 'start_frame': 0, 'rotation': 0, 'scale': 1.0, 'animations': None}, {'type': 'text', 'text': '(machine|player1_score)', 'number_grouping': True, 'min_digits': 2, 'font_size': 50, 'y': '40%', '_default_settings': ['type', 'text', 'number_grouping', 'min_digits', 'font_size', 'y'], 'x': None, 'anchor_x': 'center', 'anchor_y': 'center', 'round_anchor_x': None, 'round_anchor_y': None, 'opacity': 1.0, 'z': 0, 'reset_animations_events': {}, 'color': [1.0, 1.0, 1.0, 1.0], 'style': [], 'adjust_top': 0, 'adjust_bottom': 0, 'adjust_left': 0, 'adjust_right': 0, 'expire': None, 'key': None, 'widget': None, 'events_when_added': [], 'events_when_removed': [], 'bitmap_font': False, 'font_kerning': True, 'bold': False, 'italic': False, 'halign': 'center', 'valign': 'middle', 'rotation': 0, 'scale': 1.0, 'casing': None, 'outline_color': [1.0, 1.0, 1.0, 1.0], 'outline_width': 0, 'animations': None}], 'transition': {'type': 'move_in', 'duration': 1.0, 'direction': 'right', 'easing': 'out_quad'}, 'target': None, 'background_color': [0.0, 0.0, 0.0, 1.0], 'priority': None, 'show': True, 'force': False, 'expire': None, 'slide': None, 'tokens': {}, 'action': 'play'}}, 'context': 'show_1', 'calling_context': 2, 'priority': 10, 'show_tokens': {}, 'start_time': 612279.687}
2025-03-09 22:34:07,689 : EventManager : Event: ======'slide_company_slide_removed'====== Args={}
2025-03-09 22:34:07,702 : EventManager : Event: ======'slide_company_slide_created'====== Args={}
2025-03-09 22:34:07,705 : EventManager : Unordered handler for class <Text Widget text=8,000> on event machine_var_player1_score with priority 1. Handlers: [RegisteredHandler(callback=<bound method Text._machine_var_change of <Text Widget text=8,000>>, priority=1, kwargs={}, key=UUID('5314af78-1586-47ae-837e-2f5443a2f369'), condition=None, blocking_facility=None), RegisteredHandler(callback=<bound method Text._machine_var_change of <Text Widget text=8,000>>, priority=1, kwargs={}, key=UUID('4027744e-f348-4ea6-90aa-414f6d0d8d3c'), condition=None, blocking_facility=None)]. The order of those handlers is not defined and they will be executed in random order. This might lead to race conditions and potential bugs.
2025-03-09 22:34:07,709 : EventManager : Event: ======'slide_company_slide_active'====== Args={}
2025-03-09 22:34:12,699 : EventManager : Event: ======'slides_play'====== Args={'settings': {'lastgame_slide': {'widgets': [{'type': 'image', 'image': 'last_game', '_default_settings': ['type', 'image'], 'x': None, 'y': None, 'anchor_x': 'center', 'anchor_y': 'center', 'round_anchor_x': None, 'round_anchor_y': None, 'opacity': 1.0, 'z': 0, 'reset_animations_events': {}, 'color': [1.0, 1.0, 1.0, 1.0], 'style': [], 'adjust_top': 0, 'adjust_bottom': 0, 'adjust_left': 0, 'adjust_right': 0, 'expire': None, 'key': None, 'widget': None, 'events_when_added': [], 'events_when_removed': [], 'fps': 10, 'loops': -1, 'auto_play': True, 'start_frame': 0, 'rotation': 0, 'scale': 1.0, 'animations': None}], 'transition': {'type': 'move_in', 'duration': 1.0, 'direction': 'top', 'easing': 'out_quad'}, 'target': None, 'background_color': [0.0, 0.0, 0.0, 1.0], 'priority': None, 'show': True, 'force': False, 'expire': None, 'slide': None, 'tokens': {}, 'action': 'play'}}, 'context': 'show_1', 'calling_context': 3, 'priority': 10, 'show_tokens': {}, 'start_time': 612284.687}
2025-03-09 22:34:12,701 : EventManager : Event: ======'slide_lastgame_slide_removed'====== Args={}
2025-03-09 22:34:12,712 : EventManager : Event: ======'slide_lastgame_slide_created'====== Args={}
2025-03-09 22:34:12,716 : EventManager : Event: ======'slide_lastgame_slide_active'====== Args={}
2025-03-09 22:34:17,711 : EventManager : Event: ======'slides_play'====== Args={'settings': {'ship_slide': {'widgets': [{'type': 'image', 'image': 'ship', '_default_settings': ['type', 'image'], 'x': None, 'y': None, 'anchor_x': 'center', 'anchor_y': 'center', 'round_anchor_x': None, 'round_anchor_y': None, 'opacity': 1.0, 'z': 0, 'reset_animations_events': {}, 'color': [1.0, 1.0, 1.0, 1.0], 'style': [], 'adjust_top': 0, 'adjust_bottom': 0, 'adjust_left': 0, 'adjust_right': 0, 'expire': None, 'key': None, 'widget': None, 'events_when_added': [], 'events_when_removed': [], 'fps': 10, 'loops': -1, 'auto_play': True, 'start_frame': 0, 'rotation': 0, 'scale': 1.0, 'animations': None}], 'target': None, 'background_color': [0.0, 0.0, 0.0, 1.0], 'priority': None, 'show': True, 'force': False, 'expire': None, 'slide': None, 'tokens': {}, 'action': 'play'}}, 'context': 'show_1', 'calling_context': 0, 'priority': 10, 'show_tokens': {}, 'start_time': 612289.687}
2025-03-09 22:34:17,713 : EventManager : Event: ======'slide_ship_slide_removed'====== Args={}
2025-03-09 22:34:17,724 : EventManager : Event: ======'slide_ship_slide_created'====== Args={}
2025-03-09 22:34:17,725 : EventManager : Event: ======'slide_ship_slide_active'====== Args={}
2025-03-09 22:34:22,717 : EventManager : Event: ======'slides_play'====== Args={'settings': {'starting_slide': {'widgets': [{'type': 'image', 'image': 'start', 'animations': {'pre_show_slide': [{'property': ['opacity'], 'value': ['0'], 'duration': 0.5, 'relative': False, 'timing': 'after_previous', 'repeat': False, 'easing': 'linear', 'step': 0.0}, {'property': ['opacity'], 'value': ['1'], 'duration': 0.5, 'repeat': True, 'relative': False, 'timing': 'after_previous', 'easing': 'linear', 'step': 0.0}]}, '_default_settings': ['type', 'image', 'animations'], 'x': None, 'y': None, 'anchor_x': 'center', 'anchor_y': 'center', 'round_anchor_x': None, 'round_anchor_y': None, 'opacity': 1.0, 'z': 0, 'reset_animations_events': {}, 'color': [1.0, 1.0, 1.0, 1.0], 'style': [], 'adjust_top': 0, 'adjust_bottom': 0, 'adjust_left': 0, 'adjust_right': 0, 'expire': None, 'key': None, 'widget': None, 'events_when_added': [], 'events_when_removed': [], 'fps': 10, 'loops': -1, 'auto_play': True, 'start_frame': 0, 'rotation': 0, 'scale': 1.0}, {'type': 'image', 'image': 'start_game', '_default_settings': ['type', 'image'], 'x': None, 'y': None, 'anchor_x': 'center', 'anchor_y': 'center', 'round_anchor_x': None, 'round_anchor_y': None, 'opacity': 1.0, 'z': 0, 'reset_animations_events': {}, 'color': [1.0, 1.0, 1.0, 1.0], 'style': [], 'adjust_top': 0, 'adjust_bottom': 0, 'adjust_left': 0, 'adjust_right': 0, 'expire': None, 'key': None, 'widget': None, 'events_when_added': [], 'events_when_removed': [], 'fps': 10, 'loops': -1, 'auto_play': True, 'start_frame': 0, 'rotation': 0, 'scale': 1.0, 'animations': None}], 'transition': {'type': 'push', 'duration': 1.0, 'direction': 'left', 'easing': 'out_quad'}, 'target': None, 'background_color': [0.0, 0.0, 0.0, 1.0], 'priority': None, 'show': True, 'force': False, 'expire': None, 'slide': None, 'tokens': {}, 'action': 'play'}}, 'context': 'show_1', 'calling_context': 1, 'priority': 10, 'show_tokens': {}, 'start_time': 612294.687}
2025-03-09 22:34:22,718 : EventManager : Event: ======'slide_starting_slide_removed'====== Args={}
2025-03-09 22:34:22,723 : EventManager : Event: ======'slide_starting_slide_created'====== Args={}
2025-03-09 22:34:22,725 : EventManager : Event: ======'slide_starting_slide_active'====== Args={}
2025-03-09 22:34:27,688 : EventManager : Event: ======'slides_play'====== Args={'settings': {'company_slide': {'widgets': [{'type': 'image', 'image': 'company', '_default_settings': ['type', 'image'], 'x': None, 'y': None, 'anchor_x': 'center', 'anchor_y': 'center', 'round_anchor_x': None, 'round_anchor_y': None, 'opacity': 1.0, 'z': 0, 'reset_animations_events': {}, 'color': [1.0, 1.0, 1.0, 1.0], 'style': [], 'adjust_top': 0, 'adjust_bottom': 0, 'adjust_left': 0, 'adjust_right': 0, 'expire': None, 'key': None, 'widget': None, 'events_when_added': [], 'events_when_removed': [], 'fps': 10, 'loops': -1, 'auto_play': True, 'start_frame': 0, 'rotation': 0, 'scale': 1.0, 'animations': None}, {'type': 'text', 'text': '(machine|player1_score)', 'number_grouping': True, 'min_digits': 2, 'font_size': 50, 'y': '40%', '_default_settings': ['type', 'text', 'number_grouping', 'min_digits', 'font_size', 'y'], 'x': None, 'anchor_x': 'center', 'anchor_y': 'center', 'round_anchor_x': None, 'round_anchor_y': None, 'opacity': 1.0, 'z': 0, 'reset_animations_events': {}, 'color': [1.0, 1.0, 1.0, 1.0], 'style': [], 'adjust_top': 0, 'adjust_bottom': 0, 'adjust_left': 0, 'adjust_right': 0, 'expire': None, 'key': None, 'widget': None, 'events_when_added': [], 'events_when_removed': [], 'bitmap_font': False, 'font_kerning': True, 'bold': False, 'italic': False, 'halign': 'center', 'valign': 'middle', 'rotation': 0, 'scale': 1.0, 'casing': None, 'outline_color': [1.0, 1.0, 1.0, 1.0], 'outline_width': 0, 'animations': None}], 'transition': {'type': 'move_in', 'duration': 1.0, 'direction': 'right', 'easing': 'out_quad'}, 'target': None, 'background_color': [0.0, 0.0, 0.0, 1.0], 'priority': None, 'show': True, 'force': False, 'expire': None, 'slide': None, 'tokens': {}, 'action': 'play'}}, 'context': 'show_1', 'calling_context': 2, 'priority': 10, 'show_tokens': {}, 'start_time': 612299.687}
2025-03-09 22:34:27,689 : EventManager : Event: ======'slide_company_slide_removed'====== Args={}
2025-03-09 22:34:27,697 : EventManager : Event: ======'slide_company_slide_created'====== Args={}
2025-03-09 22:34:27,698 : EventManager : Unordered handler for class <Text Widget text=8,000> on event machine_var_player1_score with priority 1. Handlers: [RegisteredHandler(callback=<bound method Text._machine_var_change of <Text Widget text=8,000>>, priority=1, kwargs={}, key=UUID('22548ece-3e44-4407-a0e6-0c85d34b46ed'), condition=None, blocking_facility=None), RegisteredHandler(callback=<bound method Text._machine_var_change of <Text Widget text=8,000>>, priority=1, kwargs={}, key=UUID('cea8f045-0da6-495d-aec4-062621b67bb9'), condition=None, blocking_facility=None)]. The order of those handlers is not defined and they will be executed in random order. This might lead to race conditions and potential bugs.
2025-03-09 22:34:27,699 : EventManager : Event: ======'slide_company_slide_active'====== Args={}
2025-03-09 22:34:32,706 : EventManager : Event: ======'slides_play'====== Args={'settings': {'lastgame_slide': {'widgets': [{'type': 'image', 'image': 'last_game', '_default_settings': ['type', 'image'], 'x': None, 'y': None, 'anchor_x': 'center', 'anchor_y': 'center', 'round_anchor_x': None, 'round_anchor_y': None, 'opacity': 1.0, 'z': 0, 'reset_animations_events': {}, 'color': [1.0, 1.0, 1.0, 1.0], 'style': [], 'adjust_top': 0, 'adjust_bottom': 0, 'adjust_left': 0, 'adjust_right': 0, 'expire': None, 'key': None, 'widget': None, 'events_when_added': [], 'events_when_removed': [], 'fps': 10, 'loops': -1, 'auto_play': True, 'start_frame': 0, 'rotation': 0, 'scale': 1.0, 'animations': None}], 'transition': {'type': 'move_in', 'duration': 1.0, 'direction': 'top', 'easing': 'out_quad'}, 'target': None, 'background_color': [0.0, 0.0, 0.0, 1.0], 'priority': None, 'show': True, 'force': False, 'expire': None, 'slide': None, 'tokens': {}, 'action': 'play'}}, 'context': 'show_1', 'calling_context': 3, 'priority': 10, 'show_tokens': {}, 'start_time': 612304.687}
2025-03-09 22:34:32,706 : EventManager : Event: ======'slide_lastgame_slide_removed'====== Args={}
2025-03-09 22:34:32,708 : EventManager : Event: ======'slide_lastgame_slide_created'====== Args={}
2025-03-09 22:34:32,708 : EventManager : Event: ======'slide_lastgame_slide_active'====== Args={}
2025-03-09 22:34:37,704 : EventManager : Event: ======'slides_play'====== Args={'settings': {'ship_slide': {'widgets': [{'type': 'image', 'image': 'ship', '_default_settings': ['type', 'image'], 'x': None, 'y': None, 'anchor_x': 'center', 'anchor_y': 'center', 'round_anchor_x': None, 'round_anchor_y': None, 'opacity': 1.0, 'z': 0, 'reset_animations_events': {}, 'color': [1.0, 1.0, 1.0, 1.0], 'style': [], 'adjust_top': 0, 'adjust_bottom': 0, 'adjust_left': 0, 'adjust_right': 0, 'expire': None, 'key': None, 'widget': None, 'events_when_added': [], 'events_when_removed': [], 'fps': 10, 'loops': -1, 'auto_play': True, 'start_frame': 0, 'rotation': 0, 'scale': 1.0, 'animations': None}], 'target': None, 'background_color': [0.0, 0.0, 0.0, 1.0], 'priority': None, 'show': True, 'force': False, 'expire': None, 'slide': None, 'tokens': {}, 'action': 'play'}}, 'context': 'show_1', 'calling_context': 0, 'priority': 10, 'show_tokens': {}, 'start_time': 612309.687}
2025-03-09 22:34:37,704 : EventManager : Event: ======'slide_ship_slide_removed'====== Args={}
2025-03-09 22:34:37,707 : EventManager : Event: ======'slide_ship_slide_created'====== Args={}
2025-03-09 22:34:37,708 : EventManager : Event: ======'slide_ship_slide_active'====== Args={}
2025-03-09 22:34:42,710 : EventManager : Event: ======'slides_play'====== Args={'settings': {'starting_slide': {'widgets': [{'type': 'image', 'image': 'start', 'animations': {'pre_show_slide': [{'property': ['opacity'], 'value': ['0'], 'duration': 0.5, 'relative': False, 'timing': 'after_previous', 'repeat': False, 'easing': 'linear', 'step': 0.0}, {'property': ['opacity'], 'value': ['1'], 'duration': 0.5, 'repeat': True, 'relative': False, 'timing': 'after_previous', 'easing': 'linear', 'step': 0.0}]}, '_default_settings': ['type', 'image', 'animations'], 'x': None, 'y': None, 'anchor_x': 'center', 'anchor_y': 'center', 'round_anchor_x': None, 'round_anchor_y': None, 'opacity': 1.0, 'z': 0, 'reset_animations_events': {}, 'color': [1.0, 1.0, 1.0, 1.0], 'style': [], 'adjust_top': 0, 'adjust_bottom': 0, 'adjust_left': 0, 'adjust_right': 0, 'expire': None, 'key': None, 'widget': None, 'events_when_added': [], 'events_when_removed': [], 'fps': 10, 'loops': -1, 'auto_play': True, 'start_frame': 0, 'rotation': 0, 'scale': 1.0}, {'type': 'image', 'image': 'start_game', '_default_settings': ['type', 'image'], 'x': None, 'y': None, 'anchor_x': 'center', 'anchor_y': 'center', 'round_anchor_x': None, 'round_anchor_y': None, 'opacity': 1.0, 'z': 0, 'reset_animations_events': {}, 'color': [1.0, 1.0, 1.0, 1.0], 'style': [], 'adjust_top': 0, 'adjust_bottom': 0, 'adjust_left': 0, 'adjust_right': 0, 'expire': None, 'key': None, 'widget': None, 'events_when_added': [], 'events_when_removed': [], 'fps': 10, 'loops': -1, 'auto_play': True, 'start_frame': 0, 'rotation': 0, 'scale': 1.0, 'animations': None}], 'transition': {'type': 'push', 'duration': 1.0, 'direction': 'left', 'easing': 'out_quad'}, 'target': None, 'background_color': [0.0, 0.0, 0.0, 1.0], 'priority': None, 'show': True, 'force': False, 'expire': None, 'slide': None, 'tokens': {}, 'action': 'play'}}, 'context': 'show_1', 'calling_context': 1, 'priority': 10, 'show_tokens': {}, 'start_time': 612314.687}
2025-03-09 22:34:42,711 : EventManager : Event: ======'slide_starting_slide_removed'====== Args={}
2025-03-09 22:34:42,718 : EventManager : Event: ======'slide_starting_slide_created'====== Args={}
2025-03-09 22:34:42,721 : EventManager : Event: ======'slide_starting_slide_active'====== Args={}
2025-03-09 22:34:47,687 : EventManager : Event: ======'slides_play'====== Args={'settings': {'company_slide': {'widgets': [{'type': 'image', 'image': 'company', '_default_settings': ['type', 'image'], 'x': None, 'y': None, 'anchor_x': 'center', 'anchor_y': 'center', 'round_anchor_x': None, 'round_anchor_y': None, 'opacity': 1.0, 'z': 0, 'reset_animations_events': {}, 'color': [1.0, 1.0, 1.0, 1.0], 'style': [], 'adjust_top': 0, 'adjust_bottom': 0, 'adjust_left': 0, 'adjust_right': 0, 'expire': None, 'key': None, 'widget': None, 'events_when_added': [], 'events_when_removed': [], 'fps': 10, 'loops': -1, 'auto_play': True, 'start_frame': 0, 'rotation': 0, 'scale': 1.0, 'animations': None}, {'type': 'text', 'text': '(machine|player1_score)', 'number_grouping': True, 'min_digits': 2, 'font_size': 50, 'y': '40%', '_default_settings': ['type', 'text', 'number_grouping', 'min_digits', 'font_size', 'y'], 'x': None, 'anchor_x': 'center', 'anchor_y': 'center', 'round_anchor_x': None, 'round_anchor_y': None, 'opacity': 1.0, 'z': 0, 'reset_animations_events': {}, 'color': [1.0, 1.0, 1.0, 1.0], 'style': [], 'adjust_top': 0, 'adjust_bottom': 0, 'adjust_left': 0, 'adjust_right': 0, 'expire': None, 'key': None, 'widget': None, 'events_when_added': [], 'events_when_removed': [], 'bitmap_font': False, 'font_kerning': True, 'bold': False, 'italic': False, 'halign': 'center', 'valign': 'middle', 'rotation': 0, 'scale': 1.0, 'casing': None, 'outline_color': [1.0, 1.0, 1.0, 1.0], 'outline_width': 0, 'animations': None}], 'transition': {'type': 'move_in', 'duration': 1.0, 'direction': 'right', 'easing': 'out_quad'}, 'target': None, 'background_color': [0.0, 0.0, 0.0, 1.0], 'priority': None, 'show': True, 'force': False, 'expire': None, 'slide': None, 'tokens': {}, 'action': 'play'}}, 'context': 'show_1', 'calling_context': 2, 'priority': 10, 'show_tokens': {}, 'start_time': 612319.687}
2025-03-09 22:34:47,687 : EventManager : Event: ======'slide_company_slide_removed'====== Args={}
2025-03-09 22:34:47,694 : EventManager : Event: ======'slide_company_slide_created'====== Args={}
2025-03-09 22:34:47,696 : EventManager : Unordered handler for class <Text Widget text=8,000> on event machine_var_player1_score with priority 1. Handlers: [RegisteredHandler(callback=<bound method Text._machine_var_change of <Text Widget text=8,000>>, priority=1, kwargs={}, key=UUID('74dfb4c7-cf44-4ead-ba00-5763e31ade69'), condition=None, blocking_facility=None), RegisteredHandler(callback=<bound method Text._machine_var_change of <Text Widget text=8,000>>, priority=1, kwargs={}, key=UUID('7020a1cd-16bd-4d9f-861b-6a8a66f740e0'), condition=None, blocking_facility=None)]. The order of those handlers is not defined and they will be executed in random order. This might lead to race conditions and potential bugs.
2025-03-09 22:34:47,699 : EventManager : Event: ======'slide_company_slide_active'====== Args={}
2025-03-09 22:34:49,079 : kivy : Base: Leaving application in progress...
2025-03-09 22:34:49,080 : mpfmc : Stopping...
2025-03-09 22:34:49,080 : EventManager : Event: ======'shutdown'====== Args={}
2025-03-09 22:34:49,080 : AudioInterface : Disabling audio playback
2025-03-09 22:34:49,203 : mpfmc : Loop rate 77.74 Hz
2025-03-09 22:34:49,203 : root : MC run loop ended.
2025-03-09 22:34:49,204 : root : Stopping child threads... (3 remaining)
2025-03-09 22:34:49,240 : mpfmc : Stopping...
2025-03-09 22:34:49,240 : EventManager : Event: ======'shutdown'====== Args={}
2025-03-09 22:34:49,240 : mpfmc : Loop rate 77.71 Hz
2025-03-09 22:34:49,248 : MPF-MC BCP Server : Stopping BCP sending thread
2025-03-09 22:34:49,908 : root : All child threads stopped.
