2025-03-09 13:23:28,474 : INFO : root : Loading config.
2025-03-09 13:23:28,477 : INFO : YamlMultifileConfigLoader : Machine config file #1: config.yaml
2025-03-09 13:23:28,478 : WARNING : ConfigProcessor : Config file in cache changed: C:\Users\duffb\OneDrive\Documents\Python Envs\PinBallWW1\Machine\config\config.yaml
2025-03-09 13:23:28,478 : INFO : ConfigProcessor : Loading config from file C:\Users\duffb\.pyenv\pyenv-win\versions\3.11.0\Lib\site-packages\mpf\mpfconfig.yaml.
2025-03-09 13:23:28,487 : INFO : ConfigProcessor : Loading config: C:\Users\duffb\.pyenv\pyenv-win\versions\3.11.0\Lib\site-packages\mpf\mpfconfig.yaml
2025-03-09 13:23:28,487 : INFO : ConfigProcessor : Loading config from file C:\Users\duffb\OneDrive\Documents\Python Envs\PinBallWW1\Machine\config\config.yaml.
2025-03-09 13:23:28,514 : INFO : ConfigProcessor : Loading config: C:\Users\duffb\OneDrive\Documents\Python Envs\PinBallWW1\Machine\config\config.yaml
2025-03-09 13:23:28,515 : INFO : ConfigProcessor : Config file cache created: C:\Users\duffb\AppData\Local\Temp\cadfdee4981114acd6fff59d1071b59b.mpf_cache
2025-03-09 13:23:28,599 : INFO : ConfigProcessor : Loading config from cache: C:\Users\duffb\AppData\Local\Temp\ee7db1e8d011f44c876692bb4657f2e9.mpf_cache
2025-03-09 13:23:28,600 : INFO : ConfigProcessor : Loading config from cache: C:\Users\duffb\AppData\Local\Temp\9f058d482eac17116727d62a93500be7.mpf_cache
2025-03-09 13:23:28,601 : INFO : ConfigProcessor : Loading config from cache: C:\Users\duffb\AppData\Local\Temp\9e006ea23aa21ec68e01f6c49afad9f4.mpf_cache
2025-03-09 13:23:28,601 : INFO : ConfigProcessor : Loading config from cache: C:\Users\duffb\AppData\Local\Temp\fd253b339e263587268891c4dd997fbd.mpf_cache
2025-03-09 13:23:28,602 : INFO : Machine : Mission Pinball Framework Core Engine v0.57.0
2025-03-09 13:23:28,602 : INFO : Machine : Command line arguments: {'no_load_cache': False, 'create_config_cache': True, 'bcp': True, 'configfile': ['config.yaml'], 'force_assets_load': False, 'platform_integration_test': False, 'jsonlogging': False, 'logfile': 'logs\\2025-03-09-13-23-28-mpf-T0SHIII.log', 'pause': False, 'production': False, 'text_ui': True, 'loglevel': 15, 'consoleloglevel': 20, 'force_platform': None, 'syslog_address': None, 'mc_file_name': None, 'no_sound': False}
2025-03-09 13:23:28,602 : INFO : Machine : MPF path: C:\Users\duffb\.pyenv\pyenv-win\versions\3.11.0\Lib\site-packages\mpf
2025-03-09 13:23:28,602 : INFO : Machine : Machine path: C:\Users\duffb\OneDrive\Documents\Python Envs\PinBallWW1\Machine
2025-03-09 13:23:28,602 : INFO : Machine : Platform: win32
2025-03-09 13:23:28,602 : INFO : Machine : Python executable location: C:\Users\duffb\.pyenv\pyenv-win\versions\3.11.0\python.exe
2025-03-09 13:23:28,602 : INFO : Machine : Python version: 3.11.0 (64-bit)
2025-03-09 13:23:28,604 : INFO : Machine : Initializing MPF...
2025-03-09 13:23:28,975 : INFO : EventManager : Event: ======'machine_var_credits_string'====== Args={'value': 'FREE PLAY', 'prev_value': None, 'change': True}
2025-03-09 13:23:29,019 : INFO : EventManager : Event: ======'machine_var_master_volume'====== Args={'value': 0.5, 'prev_value': None, 'change': True}
2025-03-09 13:23:29,019 : INFO : EventManager : Event: ======'machine_var_player1_score'====== Args={'value': 8000, 'prev_value': None, 'change': True}
2025-03-09 13:23:29,019 : INFO : EventManager : Event: ======'machine_var_player2_score'====== Args={'value': 1000, 'prev_value': None, 'change': True}
2025-03-09 13:23:29,019 : INFO : EventManager : Event: ======'machine_var_mpf_version'====== Args={'value': 'Mission Pinball Framework v0.57.0', 'prev_value': None, 'change': True}
2025-03-09 13:23:29,019 : INFO : EventManager : Event: ======'machine_var_mpf_extended_version'====== Args={'value': 'Mission Pinball Framework v0.57.0, Config version:6, Show version: 6, BCP version:1.1', 'prev_value': None, 'change': True}
2025-03-09 13:23:29,019 : INFO : EventManager : Event: ======'machine_var_python_version'====== Args={'value': '3.11.0', 'prev_value': None, 'change': True}
2025-03-09 13:23:29,031 : INFO : EventManager : Event: ======'machine_var_platform'====== Args={'value': 'Windows-10-10.0.26100-SP0', 'prev_value': None, 'change': True}
2025-03-09 13:23:29,031 : INFO : EventManager : Event: ======'machine_var_platform_system'====== Args={'value': 'Windows', 'prev_value': None, 'change': True}
2025-03-09 13:23:29,031 : INFO : EventManager : Event: ======'machine_var_platform_release'====== Args={'value': '10', 'prev_value': None, 'change': True}
2025-03-09 13:23:29,031 : INFO : EventManager : Event: ======'machine_var_platform_version'====== Args={'value': '10.0.26100', 'prev_value': None, 'change': True}
2025-03-09 13:23:29,031 : INFO : EventManager : Event: ======'machine_var_platform_machine'====== Args={'value': 'AMD64', 'prev_value': None, 'change': True}
2025-03-09 13:23:29,031 : INFO : EventManager : Event: ======'init_phase_1'====== Args={}
2025-03-09 13:23:29,046 : INFO : EventManager : Event: ======'init_phase_2'====== Args={}
2025-03-09 13:23:29,046 : INFO : SwitchController : Found active switch: ('3', <Platform.SmartVirtual>) <switch.s_trough1>
2025-03-09 13:23:29,046 : INFO : SwitchController : Found active switch: ('4', <Platform.SmartVirtual>) <switch.s_trough2>
2025-03-09 13:23:29,046 : INFO : SwitchController : Found active switch: ('5', <Platform.SmartVirtual>) <switch.s_trough3>
2025-03-09 13:23:29,048 : INFO : EventManager : Event: ======'bcp_connection_attempt'====== Args={'name': 'local_display', 'host': 'localhost', 'port': 5050}
2025-03-09 13:23:29,050 : INFO : BCPClientSocket : Connecting BCP to 'local_display' at localhost:5050...
2025-03-09 13:23:31,125 : INFO : BCPClientSocket : Connected BCP to 'local_display' localhost:5050
2025-03-09 13:23:31,127 : INFO : EventManager : Event: ======'bcp_clients_connected'====== Args={}
2025-03-09 13:23:31,580 : INFO : EventManager : Event: ======'machine_var_mc_version'====== Args={'value': 'MPF-MC v0.57.1', 'prev_value': None, 'change': True}
2025-03-09 13:23:31,580 : INFO : EventManager : Event: ======'machine_var_mc_extended_version'====== Args={'value': 'MPF-MC v0.57.1 (config_version=6, BCP v1.1,                      Requires MPF API compatibility v0.57.0 or newer)', 'prev_value': None, 'change': True}
2025-03-09 13:23:31,583 : INFO : ball_device.bd_trough : BCH: Initial count: 3
2025-03-09 13:23:31,685 : INFO : ball_device.bd_trough : State: idle
2025-03-09 13:23:31,723 : INFO : ball_device.bd_plunger_lane : BCH: Initial count: 0
2025-03-09 13:23:31,723 : INFO : ball_device.bd_plunger_lane : State: idle
2025-03-09 13:23:31,735 : INFO : EventManager : Event: ======'init_phase_3'====== Args={}
2025-03-09 13:23:31,739 : INFO : EventManager : Event: ======'init_phase_4'====== Args={}
2025-03-09 13:23:31,739 : INFO : BallController : Initial balls found: 3
2025-03-09 13:23:31,740 : INFO : EventManager : Event: ======'machine_var_audits_events_game_ended'====== Args={'value': 13, 'prev_value': None, 'change': True}
2025-03-09 13:23:31,740 : INFO : EventManager : Event: ======'machine_var_audits_events_game_started'====== Args={'value': 35, 'prev_value': None, 'change': True}
2025-03-09 13:23:31,740 : INFO : EventManager : Event: ======'machine_var_audits_missing_switches_s_drain'====== Args={'value': 6, 'prev_value': None, 'change': True}
2025-03-09 13:23:31,741 : INFO : EventManager : Event: ======'machine_var_audits_missing_switches_s_trough_enter'====== Args={'value': 35, 'prev_value': None, 'change': True}
2025-03-09 13:23:31,741 : INFO : EventManager : Event: ======'machine_var_audits_player_score'====== Args={'value': {'average': 124, 'top': [8000, 1000, 0, 0, 0, 0, 0, 0, 0, 0], 'total': 16}, 'prev_value': None, 'change': True}
2025-03-09 13:23:31,741 : INFO : EventManager : Event: ======'machine_var_audits_switches_s_drain'====== Args={'value': 0, 'prev_value': None, 'change': True}
2025-03-09 13:23:31,741 : INFO : EventManager : Event: ======'machine_var_audits_switches_s_launcher_button'====== Args={'value': 57, 'prev_value': None, 'change': True}
2025-03-09 13:23:31,741 : INFO : EventManager : Event: ======'machine_var_audits_switches_s_left_flipper'====== Args={'value': 23, 'prev_value': None, 'change': True}
2025-03-09 13:23:31,741 : INFO : EventManager : Event: ======'machine_var_audits_switches_s_playfield_entry'====== Args={'value': 177, 'prev_value': None, 'change': True}
2025-03-09 13:23:31,741 : INFO : EventManager : Event: ======'machine_var_audits_switches_s_plunger_lane'====== Args={'value': 103, 'prev_value': None, 'change': True}
2025-03-09 13:23:31,741 : INFO : EventManager : Event: ======'machine_var_audits_switches_s_pointTarget'====== Args={'value': 193, 'prev_value': None, 'change': True}
2025-03-09 13:23:31,741 : INFO : EventManager : Event: ======'machine_var_audits_switches_s_right_flipper'====== Args={'value': 18, 'prev_value': None, 'change': True}
2025-03-09 13:23:31,741 : INFO : EventManager : Event: ======'machine_var_audits_switches_s_trough1'====== Args={'value': 84, 'prev_value': None, 'change': True}
2025-03-09 13:23:31,741 : INFO : EventManager : Event: ======'machine_var_audits_switches_s_trough2'====== Args={'value': 14, 'prev_value': None, 'change': True}
2025-03-09 13:23:31,742 : INFO : EventManager : Event: ======'machine_var_audits_switches_s_trough3'====== Args={'value': 11, 'prev_value': None, 'change': True}
2025-03-09 13:23:31,742 : INFO : EventManager : Event: ======'machine_var_audits_switches_s_trough_enter'====== Args={'value': 0, 'prev_value': None, 'change': True}
2025-03-09 13:23:31,742 : INFO : EventManager : Event: ======'machine_var_audits_switches_s_Target3'====== Args={'value': 0, 'prev_value': None, 'change': True}
2025-03-09 13:23:31,742 : INFO : EventManager : Event: ======'machine_var_audits_switches_s_Lane1'====== Args={'value': 0, 'prev_value': None, 'change': True}
2025-03-09 13:23:31,742 : INFO : EventManager : Event: ======'machine_var_audits_switches_s_Lane2'====== Args={'value': 0, 'prev_value': None, 'change': True}
2025-03-09 13:23:31,742 : INFO : EventManager : Event: ======'machine_var_audits_switches_s_Target1'====== Args={'value': 0, 'prev_value': None, 'change': True}
2025-03-09 13:23:31,743 : INFO : EventManager : Event: ======'machine_var_audits_switches_s_Target4'====== Args={'value': 0, 'prev_value': None, 'change': True}
2025-03-09 13:23:31,743 : INFO : EventManager : Event: ======'machine_var_audits_switches_s_Lane3'====== Args={'value': 0, 'prev_value': None, 'change': True}
2025-03-09 13:23:31,743 : INFO : EventManager : Event: ======'machine_var_audits_switches_s_Lane4'====== Args={'value': 0, 'prev_value': None, 'change': True}
2025-03-09 13:23:31,743 : INFO : EventManager : Event: ======'machine_var_audits_switches_s_Target2'====== Args={'value': 0, 'prev_value': None, 'change': True}
2025-03-09 13:23:31,743 : INFO : EventManager : Event: ======'init_phase_5'====== Args={}
2025-03-09 13:23:31,768 : INFO : EventManager : Event: ======'init_done'====== Args={}
2025-03-09 13:23:31,768 : INFO : EventManager : Event: ======'machine_reset_phase_1'====== Args={}
2025-03-09 13:23:31,780 : INFO : EventManager : Event: ======'slide_welcome_slide_removed'====== Args={'_from_bcp': True}
2025-03-09 13:23:31,789 : INFO : EventManager : Event: ======'slide_welcome_slide_created'====== Args={'_from_bcp': True}
2025-03-09 13:23:31,791 : INFO : EventManager : Event: ======'slide_welcome_slide_active'====== Args={'_from_bcp': True}
2025-03-09 13:23:31,791 : INFO : EventManager : Event: ======'machine_reset_phase_2'====== Args={}
2025-03-09 13:23:31,791 : INFO : EventManager : Event: ======'machine_reset_phase_3'====== Args={}
2025-03-09 13:23:31,792 : INFO : EventManager : Event: ======'reset_complete'====== Args={}
2025-03-09 13:23:31,792 : INFO : EventManager : Event: ======'mode_attract_will_start'====== Args={}
2025-03-09 13:23:31,793 : INFO : EventManager : Event: ======'mode_attract_starting'====== Args={}
2025-03-09 13:23:31,793 : INFO : Mode.attract : Started. Priority: 10
2025-03-09 13:23:31,793 : INFO : EventManager : Event: ======'modes_active_modes_changed'====== Args={}
2025-03-09 13:23:31,793 : INFO : EventManager : Event: ======'mode_attract_started'====== Args={}
2025-03-09 13:23:31,794 : INFO : EventManager : Event: ======'collecting_balls_complete'====== Args={}
2025-03-09 13:23:31,872 : INFO : EventManager : Event: ======'slide_ship_slide_created'====== Args={'_from_bcp': True}
2025-03-09 13:23:31,872 : INFO : EventManager : Event: ======'slide_ship_slide_active'====== Args={'_from_bcp': True}
2025-03-09 13:23:31,873 : INFO : Machine : Starting the main run loop.
2025-03-09 13:23:36,835 : INFO : EventManager : Event: ======'slide_starting_slide_created'====== Args={'_from_bcp': True}
2025-03-09 13:23:36,841 : INFO : EventManager : Event: ======'slide_starting_slide_active'====== Args={'_from_bcp': True}
2025-03-09 13:23:40,127 : INFO : SwitchController : <<<<<<< 's_launcher_button' active >>>>>>>
2025-03-09 13:23:40,273 : INFO : SwitchController : <<<<<<< 's_launcher_button' inactive >>>>>>>
2025-03-09 13:23:40,275 : INFO : EventManager : Event: ======'request_to_start_game'====== Args={}
2025-03-09 13:23:40,277 : INFO : EventManager : Event: ======'game_start'====== Args={'buttons': [], 'hold_time': 0.1559999999590218}
2025-03-09 13:23:40,278 : INFO : EventManager : Event: ======'mode_game_will_start'====== Args={'buttons': [], 'hold_time': 0.1559999999590218}
2025-03-09 13:23:40,281 : INFO : EventManager : Event: ======'mode_game_starting'====== Args={'buttons': [], 'hold_time': 0.1559999999590218}
2025-03-09 13:23:40,282 : INFO : EventManager : Event: ======'mode_attract_will_stop'====== Args={}
2025-03-09 13:23:40,283 : INFO : EventManager : Event: ======'mode_attract_stopping'====== Args={}
2025-03-09 13:23:40,283 : INFO : Mode.attract : Stopped.
2025-03-09 13:23:40,284 : INFO : EventManager : Event: ======'modes_active_modes_changed'====== Args={}
2025-03-09 13:23:40,286 : INFO : EventManager : Event: ======'mode_attract_stopped'====== Args={}
2025-03-09 13:23:40,286 : INFO : EventManager : Event: ======'clear'====== Args={'key': 'attract'}
2025-03-09 13:23:40,288 : INFO : Mode.game : Started. Priority: 20
2025-03-09 13:23:40,288 : INFO : EventManager : Event: ======'modes_active_modes_changed'====== Args={}
2025-03-09 13:23:40,289 : INFO : EventManager : Event: ======'mode_game_started'====== Args={'buttons': [], 'hold_time': 0.1559999999590218}
2025-03-09 13:23:40,313 : INFO : EventManager : Event: ======'game_will_start'====== Args={}
2025-03-09 13:23:40,313 : INFO : EventManager : Event: ======'game_starting'====== Args={'game': <Mode.game>}
2025-03-09 13:23:40,315 : INFO : EventManager : Unordered handler for class <Auditor> on event game_ended with priority 1. Handlers: [RegisteredHandler(callback=<bound method Auditor.disable of <Auditor>>, priority=1, kwargs={}, key=UUID('6e016e4c-df4d-4d7d-84ad-cc3094dccdcd'), condition=None, blocking_facility=None), RegisteredHandler(callback=<bound method Auditor._save_audits of <Auditor>>, priority=1, kwargs={}, key=UUID('b647170a-e457-4d39-a594-f47aae3cf47d'), condition=None, blocking_facility=None)]. The order of those handlers is not defined and they will be executed in random order. This might lead to race conditions and potential bugs.
2025-03-09 13:23:40,315 : INFO : EventManager : Event: ======'player_add_request'====== Args={}
2025-03-09 13:23:40,315 : INFO : EventManager : Event: ======'player_will_add'====== Args={'number': 1}
2025-03-09 13:23:40,316 : INFO : EventManager : Event: ======'player_adding'====== Args={'player': <Player 1>, 'number': 1}
2025-03-09 13:23:40,316 : INFO : EventManager : Event: ======'player_added'====== Args={'player': <Player 1>, 'num': 1}
2025-03-09 13:23:40,316 : INFO : Mode.game : Player added successfully. Total players: 1
2025-03-09 13:23:40,316 : INFO : EventManager : Event: ======'player_index'====== Args={'value': 0, 'prev_value': 0, 'change': 0, 'player_num': 1}
2025-03-09 13:23:40,316 : INFO : EventManager : Event: ======'player_number'====== Args={'value': 1, 'prev_value': 1, 'change': 0, 'player_num': 1}
2025-03-09 13:23:40,317 : INFO : EventManager : Event: ======'player_score'====== Args={'value': 0, 'prev_value': 0, 'change': 0, 'player_num': 1}
2025-03-09 13:23:40,318 : INFO : EventManager : Event: ======'game_started'====== Args={}
2025-03-09 13:23:40,333 : INFO : EventManager : Event: ======'player_turn_will_start'====== Args={'player': <Player 1>, 'number': 1}
2025-03-09 13:23:40,333 : INFO : EventManager : Event: ======'slide_ship_slide_removed'====== Args={'_from_bcp': True}
2025-03-09 13:23:40,333 : INFO : EventManager : Event: ======'slide_starting_slide_removed'====== Args={'_from_bcp': True}
2025-03-09 13:23:40,334 : INFO : EventManager : Event: ======'slide_welcome_slide_active'====== Args={'_from_bcp': True}
2025-03-09 13:23:40,334 : INFO : EventManager : Event: ======'player_turn_starting'====== Args={'player': <Player 1>, 'number': 1}
2025-03-09 13:23:40,334 : INFO : EventManager : Event: ======'player_ball'====== Args={'value': 1, 'prev_value': 0, 'change': 1, 'player_num': 1}
2025-03-09 13:23:40,337 : INFO : EventManager : Event: ======'player_turn_started'====== Args={'player': <Player 1>, 'number': 1}
2025-03-09 13:23:40,338 : INFO : EventManager : Event: ======'ball_will_start'====== Args={'player': 1, 'ball': 1, 'balls_remaining': 2, 'is_extra_ball': False}
2025-03-09 13:23:40,343 : INFO : EventManager : Event: ======'ball_starting'====== Args={'player': 1, 'ball': 1, 'balls_remaining': 2, 'is_extra_ball': False}
2025-03-09 13:23:40,343 : INFO : EventManager : Event: ======'balls_in_play'====== Args={'balls': 1}
2025-03-09 13:23:40,344 : INFO : EventManager : Event: ======'ball_started'====== Args={'player': 1, 'ball': 1, 'balls_remaining': 2, 'is_extra_ball': False}
2025-03-09 13:23:40,344 : INFO : EventManager : Event: ======'mode_base_will_start'====== Args={'player': 1, 'ball': 1, 'balls_remaining': 2, 'is_extra_ball': False}
2025-03-09 13:23:40,344 : INFO : EventManager : Event: ======'mode_base_starting'====== Args={'player': 1, 'ball': 1, 'balls_remaining': 2, 'is_extra_ball': False}
2025-03-09 13:23:40,346 : INFO : Mode.base : Started. Priority: 100
2025-03-09 13:23:40,346 : INFO : EventManager : Event: ======'modes_active_modes_changed'====== Args={}
2025-03-09 13:23:40,346 : INFO : EventManager : Event: ======'mode_base_started'====== Args={'player': 1, 'ball': 1, 'balls_remaining': 2, 'is_extra_ball': False}
2025-03-09 13:23:40,347 : INFO : EventManager : Event: ======'single_player_ball_started'====== Args={}
2025-03-09 13:23:40,391 : INFO : EventManager : Event: ======'ball_start_target'====== Args={'target': 'playfield'}
2025-03-09 13:23:40,393 : INFO : EventManager : Event: ======'slide_base.slide_player-mode_base_started_created'====== Args={'_from_bcp': True}
2025-03-09 13:23:40,393 : INFO : EventManager : Event: ======'slide_base.slide_player-mode_base_started_active'====== Args={'_from_bcp': True}
2025-03-09 13:23:40,393 : INFO : ball_device.bd_plunger_lane : Setting up player-controlled eject. Balls: 1, Target: <playfield.playfield>, player_controlled_eject_event: s_launcher_button_active
2025-03-09 13:23:40,393 : INFO : EventManager : Event: ======'balldevice_balls_available'====== Args={}
2025-03-09 13:23:40,394 : INFO : ball_device.bd_trough : State: waiting_for_target_ready
2025-03-09 13:23:40,395 : INFO : EventManager : Event: ======'balldevice_bd_trough_ball_eject_attempt'====== Args={'balls': 1, 'target': <ball_device.bd_plunger_lane>, 'source': <ball_device.bd_trough>, 'mechanical_eject': True, 'num_attempts': 0}
2025-03-09 13:23:40,395 : INFO : ball_device.bd_plunger_lane : State: waiting_for_ball
2025-03-09 13:23:40,395 : INFO : ball_device.bd_trough : State: ejecting
2025-03-09 13:23:40,395 : INFO : ball_device.bd_trough : Ejecting ball to <ball_device.bd_plunger_lane>
2025-03-09 13:23:40,396 : INFO : EventManager : Event: ======'balldevice_bd_trough_ejecting_ball'====== Args={'balls': 1, 'target': <ball_device.bd_plunger_lane>, 'source': <ball_device.bd_trough>, 'mechanical_eject': True, 'num_attempts': 0}
2025-03-09 13:23:40,396 : INFO : ball_device.bd_trough : Wait for ball to leave device
2025-03-09 13:23:40,397 : INFO : coil.c_trough_release : Pulsing Driver for 20ms (1.0 pulse_power)
2025-03-09 13:23:40,397 : INFO : SwitchController : <<<<<<< 's_trough1' inactive >>>>>>>
2025-03-09 13:23:40,408 : INFO : ball_device.bd_trough : State: ball_left
2025-03-09 13:23:40,409 : INFO : ball_device.bd_trough : Ball left
2025-03-09 13:23:40,409 : INFO : ball_device.bd_trough : Wait for confirm with timeout 3.0
2025-03-09 13:23:40,496 : INFO : SwitchController : <<<<<<< 's_plunger_lane' active >>>>>>>
2025-03-09 13:23:40,497 : INFO : EventManager : Event: ======'machine_var_audits_switches_s_plunger_lane'====== Args={'value': 104, 'prev_value': 103, 'change': 1}
2025-03-09 13:23:40,997 : INFO : ball_device.bd_plunger_lane : Received ball from <ball_device.bd_trough>
2025-03-09 13:23:40,998 : INFO : EventManager : Event: ======'balldevice_bd_plunger_lane_ball_enter'====== Args={'new_balls': 1, 'unclaimed_balls': 0, 'new_available_balls': 0, 'device': <ball_device.bd_plunger_lane>}
2025-03-09 13:23:40,999 : INFO : EventManager : Event: ======'balldevice_bd_plunger_lane_ball_entered'====== Args={'new_balls': 0, 'device': <ball_device.bd_plunger_lane>}
2025-03-09 13:23:41,000 : INFO : EventManager : Event: ======'balldevice_bd_plunger_lane_ball_count_changed'====== Args={'balls': 1}
2025-03-09 13:23:41,000 : INFO : ball_device.bd_trough : Got eject confirm
2025-03-09 13:23:41,000 : INFO : ball_device.bd_trough : Eject successful
2025-03-09 13:23:41,000 : INFO : EventManager : Event: ======'balldevice_bd_trough_ball_eject_success'====== Args={'balls': 1, 'target': <ball_device.bd_plunger_lane>}
2025-03-09 13:23:41,001 : INFO : ball_device.bd_plunger_lane : State: waiting_for_target_ready
2025-03-09 13:23:41,001 : INFO : EventManager : Event: ======'balldevice_bd_plunger_lane_ball_eject_attempt'====== Args={'balls': 1, 'target': <playfield.playfield>, 'source': <ball_device.bd_plunger_lane>, 'mechanical_eject': True, 'num_attempts': 0}
2025-03-09 13:23:41,001 : INFO : EventManager : Event: ======'balldevice_bd_trough_ball_count_changed'====== Args={'balls': 2}
2025-03-09 13:23:41,002 : INFO : ball_device.bd_trough : State: idle
2025-03-09 13:23:41,002 : INFO : ball_device.bd_plunger_lane : State: ejecting
2025-03-09 13:23:41,003 : INFO : ball_device.bd_plunger_lane : Ejecting ball to <playfield.playfield>
2025-03-09 13:23:41,003 : INFO : EventManager : Event: ======'balldevice_bd_plunger_lane_ejecting_ball'====== Args={'balls': 1, 'target': <playfield.playfield>, 'source': <ball_device.bd_plunger_lane>, 'mechanical_eject': True, 'num_attempts': 0}
2025-03-09 13:23:41,004 : INFO : ball_device.bd_plunger_lane : Wait for ball to leave device
2025-03-09 13:23:44,633 : INFO : SwitchController : <<<<<<< 's_launcher_button' active >>>>>>>
2025-03-09 13:23:44,634 : INFO : EventManager : Event: ======'s_launcher_button_active'====== Args={}
2025-03-09 13:23:44,635 : INFO : EventManager : Event: ======'sw_start'====== Args={}
2025-03-09 13:23:44,636 : INFO : EventManager : Event: ======'machine_var_audits_switches_s_launcher_button'====== Args={'value': 58, 'prev_value': 57, 'change': 1}
2025-03-09 13:23:44,640 : INFO : EventManager : Event: ======'player_add_request'====== Args={}
2025-03-09 13:23:44,640 : INFO : EventManager : Event: ======'player_will_add'====== Args={'number': 2}
2025-03-09 13:23:44,640 : INFO : EventManager : Event: ======'player_adding'====== Args={'player': <Player 2>, 'number': 2}
2025-03-09 13:23:44,640 : INFO : EventManager : Event: ======'player_added'====== Args={'player': <Player 2>, 'num': 2}
2025-03-09 13:23:44,641 : INFO : Mode.game : Player added successfully. Total players: 2
2025-03-09 13:23:44,641 : INFO : EventManager : Event: ======'multiplayer_game'====== Args={}
2025-03-09 13:23:44,641 : INFO : EventManager : Event: ======'player_index'====== Args={'value': 1, 'prev_value': 1, 'change': 0, 'player_num': 2}
2025-03-09 13:23:44,641 : INFO : EventManager : Event: ======'player_number'====== Args={'value': 2, 'prev_value': 2, 'change': 0, 'player_num': 2}
2025-03-09 13:23:44,641 : INFO : EventManager : Event: ======'player_score'====== Args={'value': 0, 'prev_value': 0, 'change': 0, 'player_num': 2}
2025-03-09 13:23:44,728 : INFO : coil.c_autolauncher : Pulsing Driver for 20ms (1.0 pulse_power)
2025-03-09 13:23:44,729 : INFO : SwitchController : <<<<<<< 's_plunger_lane' inactive >>>>>>>
2025-03-09 13:23:44,778 : INFO : SwitchController : <<<<<<< 's_launcher_button' inactive >>>>>>>
2025-03-09 13:23:44,778 : INFO : SwitchController : <<<<<<< 's_playfield_entry' active >>>>>>>
2025-03-09 13:23:44,778 : INFO : EventManager : Event: ======'sw_playfield_active'====== Args={}
2025-03-09 13:23:44,779 : INFO : EventManager : Event: ======'machine_var_audits_switches_s_playfield_entry'====== Args={'value': 178, 'prev_value': 177, 'change': 1}
2025-03-09 13:23:44,780 : INFO : EventManager : Event: ======'playfield_active'====== Args={}
2025-03-09 13:23:44,797 : INFO : SwitchController : <<<<<<< 's_playfield_entry' inactive >>>>>>>
2025-03-09 13:23:44,806 : INFO : ball_device.bd_plunger_lane : State: ball_left
2025-03-09 13:23:44,806 : INFO : ball_device.bd_plunger_lane : Ball left
2025-03-09 13:23:44,806 : INFO : ball_device.bd_plunger_lane : Wait for confirm with timeout 3.0
2025-03-09 13:23:47,824 : INFO : ball_device.bd_plunger_lane : State: failed_confirm
2025-03-09 13:23:47,825 : INFO : ball_device.bd_plunger_lane : Got timeout (3.0s) before confirm from <playfield.playfield>
2025-03-09 13:23:47,934 : INFO : ball_device.bd_plunger_lane : Confirming eject because target is playfield and ball did not return.
2025-03-09 13:23:47,935 : INFO : ball_device.bd_plunger_lane : Eject successful
2025-03-09 13:23:47,936 : INFO : EventManager : Event: ======'balldevice_bd_plunger_lane_ball_eject_success'====== Args={'balls': 1, 'target': <playfield.playfield>}
2025-03-09 13:23:47,937 : INFO : EventManager : Event: ======'balldevice_playfield_ball_enter'====== Args={'new_balls': 1, 'unclaimed_balls': 1, 'device': <playfield.playfield>}
2025-03-09 13:23:47,937 : INFO : EventManager : Event: ======'playfield_ball_count_change'====== Args={'balls': 1, 'change': 1}
2025-03-09 13:23:47,938 : INFO : EventManager : Event: ======'balldevice_bd_plunger_lane_ball_count_changed'====== Args={'balls': 0}
2025-03-09 13:23:47,938 : INFO : ball_device.bd_plunger_lane : State: idle
2025-03-09 13:23:58,783 : INFO : SwitchController : <<<<<<< 's_Target2' active >>>>>>>
2025-03-09 13:23:58,783 : INFO : EventManager : Event: ======'s_Target2_active'====== Args={}
2025-03-09 13:23:58,784 : INFO : EventManager : Event: ======'sw_playfield_active'====== Args={}
2025-03-09 13:23:58,785 : INFO : EventManager : Event: ======'machine_var_audits_switches_s_Target2'====== Args={'value': 1, 'prev_value': 0, 'change': 1}
2025-03-09 13:23:58,786 : INFO : EventManager : Event: ======'player_score'====== Args={'value': 500, 'prev_value': 0, 'change': 500, 'player_num': 1, 'source': 'base'}
2025-03-09 13:23:58,951 : INFO : SwitchController : <<<<<<< 's_Target2' inactive >>>>>>>
2025-03-09 13:24:00,268 : INFO : SwitchController : <<<<<<< 's_Target1' active >>>>>>>
2025-03-09 13:24:00,268 : INFO : EventManager : Event: ======'s_Target1_active'====== Args={}
2025-03-09 13:24:00,268 : INFO : EventManager : Event: ======'sw_playfield_active'====== Args={}
2025-03-09 13:24:00,268 : INFO : EventManager : Event: ======'machine_var_audits_switches_s_Target1'====== Args={'value': 1, 'prev_value': 0, 'change': 1}
2025-03-09 13:24:00,269 : INFO : EventManager : Event: ======'player_score'====== Args={'value': 750, 'prev_value': 500, 'change': 250, 'player_num': 1, 'source': 'base'}
2025-03-09 13:24:00,467 : INFO : SwitchController : <<<<<<< 's_Target1' inactive >>>>>>>
2025-03-09 13:24:01,516 : INFO : SwitchController : <<<<<<< 's_Target1' active >>>>>>>
2025-03-09 13:24:01,516 : INFO : EventManager : Event: ======'s_Target1_active'====== Args={}
2025-03-09 13:24:01,517 : INFO : EventManager : Event: ======'sw_playfield_active'====== Args={}
2025-03-09 13:24:01,517 : INFO : EventManager : Event: ======'machine_var_audits_switches_s_Target1'====== Args={'value': 2, 'prev_value': 1, 'change': 1}
2025-03-09 13:24:01,520 : INFO : EventManager : Event: ======'player_score'====== Args={'value': 1000, 'prev_value': 750, 'change': 250, 'player_num': 1, 'source': 'base'}
2025-03-09 13:24:01,697 : INFO : SwitchController : <<<<<<< 's_Target1' inactive >>>>>>>
2025-03-09 13:24:02,138 : INFO : SwitchController : <<<<<<< 's_Target2' active >>>>>>>
2025-03-09 13:24:02,139 : INFO : EventManager : Event: ======'s_Target2_active'====== Args={}
2025-03-09 13:24:02,139 : INFO : EventManager : Event: ======'sw_playfield_active'====== Args={}
2025-03-09 13:24:02,140 : INFO : EventManager : Event: ======'machine_var_audits_switches_s_Target2'====== Args={'value': 2, 'prev_value': 1, 'change': 1}
2025-03-09 13:24:02,143 : INFO : EventManager : Event: ======'player_score'====== Args={'value': 1500, 'prev_value': 1000, 'change': 500, 'player_num': 1, 'source': 'base'}
2025-03-09 13:24:02,316 : INFO : SwitchController : <<<<<<< 's_Target2' inactive >>>>>>>
2025-03-09 13:24:02,711 : INFO : SwitchController : <<<<<<< 's_Target3' active >>>>>>>
2025-03-09 13:24:02,711 : INFO : EventManager : Event: ======'s_Target3_active'====== Args={}
2025-03-09 13:24:02,711 : INFO : EventManager : Event: ======'sw_playfield_active'====== Args={}
2025-03-09 13:24:02,711 : INFO : EventManager : Event: ======'machine_var_audits_switches_s_Target3'====== Args={'value': 1, 'prev_value': 0, 'change': 1}
2025-03-09 13:24:02,713 : INFO : EventManager : Event: ======'player_score'====== Args={'value': 2500, 'prev_value': 1500, 'change': 1000, 'player_num': 1, 'source': 'base'}
2025-03-09 13:24:02,866 : INFO : SwitchController : <<<<<<< 's_Target3' inactive >>>>>>>
2025-03-09 13:24:03,215 : INFO : SwitchController : <<<<<<< 's_Target4' active >>>>>>>
2025-03-09 13:24:03,216 : INFO : EventManager : Event: ======'s_Target4_active'====== Args={}
2025-03-09 13:24:03,216 : INFO : EventManager : Event: ======'sw_playfield_active'====== Args={}
2025-03-09 13:24:03,216 : INFO : EventManager : Event: ======'machine_var_audits_switches_s_Target4'====== Args={'value': 1, 'prev_value': 0, 'change': 1}
2025-03-09 13:24:03,217 : INFO : EventManager : Event: ======'player_score'====== Args={'value': 4000, 'prev_value': 2500, 'change': 1500, 'player_num': 1, 'source': 'base'}
2025-03-09 13:24:03,397 : INFO : SwitchController : <<<<<<< 's_Target4' inactive >>>>>>>
2025-03-09 13:24:04,313 : INFO : SwitchController : <<<<<<< 's_Target4' active >>>>>>>
2025-03-09 13:24:04,313 : INFO : EventManager : Event: ======'s_Target4_active'====== Args={}
2025-03-09 13:24:04,314 : INFO : EventManager : Event: ======'sw_playfield_active'====== Args={}
2025-03-09 13:24:04,314 : INFO : EventManager : Event: ======'machine_var_audits_switches_s_Target4'====== Args={'value': 2, 'prev_value': 1, 'change': 1}
2025-03-09 13:24:04,317 : INFO : EventManager : Event: ======'player_score'====== Args={'value': 5500, 'prev_value': 4000, 'change': 1500, 'player_num': 1, 'source': 'base'}
2025-03-09 13:24:04,504 : INFO : SwitchController : <<<<<<< 's_Target4' inactive >>>>>>>
2025-03-09 13:24:05,195 : INFO : SwitchController : <<<<<<< 's_Target4' active >>>>>>>
2025-03-09 13:24:05,195 : INFO : EventManager : Event: ======'machine_var_audits_switches_s_Target4'====== Args={'value': 3, 'prev_value': 2, 'change': 1}
2025-03-09 13:24:05,334 : INFO : SwitchController : <<<<<<< 's_Target4' inactive >>>>>>>
2025-03-09 13:24:05,455 : INFO : SwitchController : <<<<<<< 's_Target3' active >>>>>>>
2025-03-09 13:24:05,457 : INFO : EventManager : Event: ======'s_Target3_active'====== Args={}
2025-03-09 13:24:05,458 : INFO : EventManager : Event: ======'sw_playfield_active'====== Args={}
2025-03-09 13:24:05,459 : INFO : EventManager : Event: ======'machine_var_audits_switches_s_Target3'====== Args={'value': 2, 'prev_value': 1, 'change': 1}
2025-03-09 13:24:05,464 : INFO : EventManager : Event: ======'player_score'====== Args={'value': 6500, 'prev_value': 5500, 'change': 1000, 'player_num': 1, 'source': 'base'}
2025-03-09 13:24:05,626 : INFO : SwitchController : <<<<<<< 's_Target3' inactive >>>>>>>
2025-03-09 13:24:05,748 : INFO : SwitchController : <<<<<<< 's_Target2' active >>>>>>>
2025-03-09 13:24:05,749 : INFO : EventManager : Event: ======'s_Target2_active'====== Args={}
2025-03-09 13:24:05,749 : INFO : EventManager : Event: ======'sw_playfield_active'====== Args={}
2025-03-09 13:24:05,749 : INFO : EventManager : Event: ======'machine_var_audits_switches_s_Target2'====== Args={'value': 3, 'prev_value': 2, 'change': 1}
2025-03-09 13:24:05,751 : INFO : EventManager : Event: ======'player_score'====== Args={'value': 7000, 'prev_value': 6500, 'change': 500, 'player_num': 1, 'source': 'base'}
2025-03-09 13:24:05,891 : INFO : SwitchController : <<<<<<< 's_Target2' inactive >>>>>>>
2025-03-09 13:24:06,028 : INFO : SwitchController : <<<<<<< 's_Target1' active >>>>>>>
2025-03-09 13:24:06,029 : INFO : EventManager : Event: ======'s_Target1_active'====== Args={}
2025-03-09 13:24:06,030 : INFO : EventManager : Event: ======'sw_playfield_active'====== Args={}
2025-03-09 13:24:06,031 : INFO : EventManager : Event: ======'machine_var_audits_switches_s_Target1'====== Args={'value': 3, 'prev_value': 2, 'change': 1}
2025-03-09 13:24:06,034 : INFO : EventManager : Event: ======'player_score'====== Args={'value': 7250, 'prev_value': 7000, 'change': 250, 'player_num': 1, 'source': 'base'}
2025-03-09 13:24:06,203 : INFO : SwitchController : <<<<<<< 's_Target1' inactive >>>>>>>
2025-03-09 13:24:07,058 : INFO : SwitchController : <<<<<<< 's_Lane1' active >>>>>>>
2025-03-09 13:24:07,059 : INFO : EventManager : Event: ======'sw_playfield_active'====== Args={}
2025-03-09 13:24:07,059 : INFO : EventManager : Event: ======'machine_var_audits_switches_s_Lane1'====== Args={'value': 1, 'prev_value': 0, 'change': 1}
2025-03-09 13:24:07,194 : INFO : SwitchController : <<<<<<< 's_Lane1' inactive >>>>>>>
2025-03-09 13:24:08,329 : INFO : SwitchController : <<<<<<< 's_Target4' active >>>>>>>
2025-03-09 13:24:08,330 : INFO : EventManager : Event: ======'s_Target4_active'====== Args={}
2025-03-09 13:24:08,330 : INFO : EventManager : Event: ======'sw_playfield_active'====== Args={}
2025-03-09 13:24:08,330 : INFO : EventManager : Event: ======'machine_var_audits_switches_s_Target4'====== Args={'value': 4, 'prev_value': 3, 'change': 1}
2025-03-09 13:24:08,331 : INFO : EventManager : Event: ======'player_score'====== Args={'value': 8750, 'prev_value': 7250, 'change': 1500, 'player_num': 1, 'source': 'base'}
2025-03-09 13:24:08,520 : INFO : SwitchController : <<<<<<< 's_Target4' inactive >>>>>>>
2025-03-09 13:24:09,400 : INFO : SwitchController : <<<<<<< 's_Lane1' active >>>>>>>
2025-03-09 13:24:09,401 : INFO : EventManager : Event: ======'sw_playfield_active'====== Args={}
2025-03-09 13:24:09,403 : INFO : EventManager : Event: ======'machine_var_audits_switches_s_Lane1'====== Args={'value': 2, 'prev_value': 1, 'change': 1}
2025-03-09 13:24:09,613 : INFO : SwitchController : <<<<<<< 's_Lane1' inactive >>>>>>>
2025-03-09 13:24:10,809 : INFO : SwitchController : <<<<<<< 's_Target4' active >>>>>>>
2025-03-09 13:24:10,811 : INFO : EventManager : Event: ======'s_Target4_active'====== Args={}
2025-03-09 13:24:10,812 : INFO : EventManager : Event: ======'sw_playfield_active'====== Args={}
2025-03-09 13:24:10,813 : INFO : EventManager : Event: ======'machine_var_audits_switches_s_Target4'====== Args={'value': 5, 'prev_value': 4, 'change': 1}
2025-03-09 13:24:10,818 : INFO : EventManager : Event: ======'player_score'====== Args={'value': 10250, 'prev_value': 8750, 'change': 1500, 'player_num': 1, 'source': 'base'}
2025-03-09 13:24:11,036 : INFO : SwitchController : <<<<<<< 's_Target4' inactive >>>>>>>
2025-03-09 13:24:11,938 : INFO : SwitchController : <<<<<<< 's_Lane1' active >>>>>>>
2025-03-09 13:24:11,939 : INFO : EventManager : Event: ======'sw_playfield_active'====== Args={}
2025-03-09 13:24:11,939 : INFO : EventManager : Event: ======'machine_var_audits_switches_s_Lane1'====== Args={'value': 3, 'prev_value': 2, 'change': 1}
2025-03-09 13:24:12,109 : INFO : SwitchController : <<<<<<< 's_Lane1' inactive >>>>>>>
2025-03-09 13:24:12,634 : INFO : SwitchController : <<<<<<< 's_Lane2' active >>>>>>>
2025-03-09 13:24:12,635 : INFO : EventManager : Event: ======'sw_playfield_active'====== Args={}
2025-03-09 13:24:12,635 : INFO : EventManager : Event: ======'machine_var_audits_switches_s_Lane2'====== Args={'value': 1, 'prev_value': 0, 'change': 1}
2025-03-09 13:24:12,819 : INFO : SwitchController : <<<<<<< 's_Lane2' inactive >>>>>>>
2025-03-09 13:24:13,459 : INFO : SwitchController : <<<<<<< 's_Lane3' active >>>>>>>
2025-03-09 13:24:13,460 : INFO : EventManager : Event: ======'sw_playfield_active'====== Args={}
2025-03-09 13:24:13,461 : INFO : EventManager : Event: ======'machine_var_audits_switches_s_Lane3'====== Args={'value': 1, 'prev_value': 0, 'change': 1}
2025-03-09 13:24:13,735 : INFO : SwitchController : <<<<<<< 's_Lane3' inactive >>>>>>>
2025-03-09 13:24:14,607 : INFO : SwitchController : <<<<<<< 's_Lane4' active >>>>>>>
2025-03-09 13:24:14,608 : INFO : EventManager : Event: ======'sw_playfield_active'====== Args={}
2025-03-09 13:24:14,608 : INFO : EventManager : Event: ======'machine_var_audits_switches_s_Lane4'====== Args={'value': 1, 'prev_value': 0, 'change': 1}
2025-03-09 13:24:14,754 : INFO : SwitchController : <<<<<<< 's_Lane4' inactive >>>>>>>
2025-03-09 13:24:15,222 : INFO : SwitchController : <<<<<<< 's_Lane4' active >>>>>>>
2025-03-09 13:24:15,223 : INFO : EventManager : Event: ======'machine_var_audits_switches_s_Lane4'====== Args={'value': 2, 'prev_value': 1, 'change': 1}
2025-03-09 13:24:15,433 : INFO : SwitchController : <<<<<<< 's_Lane4' inactive >>>>>>>
2025-03-09 13:24:15,560 : INFO : SwitchController : <<<<<<< 's_Lane3' active >>>>>>>
2025-03-09 13:24:15,560 : INFO : EventManager : Event: ======'sw_playfield_active'====== Args={}
2025-03-09 13:24:15,560 : INFO : EventManager : Event: ======'machine_var_audits_switches_s_Lane3'====== Args={'value': 2, 'prev_value': 1, 'change': 1}
2025-03-09 13:24:15,694 : INFO : SwitchController : <<<<<<< 's_Lane3' inactive >>>>>>>
2025-03-09 13:24:15,850 : INFO : SwitchController : <<<<<<< 's_Lane2' active >>>>>>>
2025-03-09 13:24:15,850 : INFO : EventManager : Event: ======'sw_playfield_active'====== Args={}
2025-03-09 13:24:15,851 : INFO : EventManager : Event: ======'machine_var_audits_switches_s_Lane2'====== Args={'value': 2, 'prev_value': 1, 'change': 1}
2025-03-09 13:24:16,054 : INFO : SwitchController : <<<<<<< 's_Lane2' inactive >>>>>>>
2025-03-09 13:24:16,196 : INFO : SwitchController : <<<<<<< 's_Lane1' active >>>>>>>
2025-03-09 13:24:16,198 : INFO : EventManager : Event: ======'sw_playfield_active'====== Args={}
2025-03-09 13:24:16,198 : INFO : EventManager : Event: ======'machine_var_audits_switches_s_Lane1'====== Args={'value': 4, 'prev_value': 3, 'change': 1}
2025-03-09 13:24:16,393 : INFO : SwitchController : <<<<<<< 's_Lane1' inactive >>>>>>>
2025-03-09 13:24:17,045 : INFO : SwitchController : <<<<<<< 's_Lane1' active >>>>>>>
2025-03-09 13:24:17,046 : INFO : EventManager : Event: ======'machine_var_audits_switches_s_Lane1'====== Args={'value': 5, 'prev_value': 4, 'change': 1}
2025-03-09 13:24:17,224 : INFO : SwitchController : <<<<<<< 's_Lane1' inactive >>>>>>>
2025-03-09 13:24:17,331 : INFO : SwitchController : <<<<<<< 's_Lane2' active >>>>>>>
2025-03-09 13:24:17,334 : INFO : EventManager : Event: ======'sw_playfield_active'====== Args={}
2025-03-09 13:24:17,334 : INFO : EventManager : Event: ======'machine_var_audits_switches_s_Lane2'====== Args={'value': 3, 'prev_value': 2, 'change': 1}
2025-03-09 13:24:17,529 : INFO : SwitchController : <<<<<<< 's_Lane2' inactive >>>>>>>
2025-03-09 13:24:17,681 : INFO : SwitchController : <<<<<<< 's_Lane2' active >>>>>>>
2025-03-09 13:24:17,682 : INFO : EventManager : Event: ======'machine_var_audits_switches_s_Lane2'====== Args={'value': 4, 'prev_value': 3, 'change': 1}
2025-03-09 13:24:17,802 : INFO : SwitchController : <<<<<<< 's_Lane2' inactive >>>>>>>
2025-03-09 13:24:18,006 : INFO : SwitchController : <<<<<<< 's_Lane3' active >>>>>>>
2025-03-09 13:24:18,008 : INFO : EventManager : Event: ======'sw_playfield_active'====== Args={}
2025-03-09 13:24:18,008 : INFO : EventManager : Event: ======'machine_var_audits_switches_s_Lane3'====== Args={'value': 3, 'prev_value': 2, 'change': 1}
2025-03-09 13:24:18,207 : INFO : SwitchController : <<<<<<< 's_Lane3' inactive >>>>>>>
2025-03-09 13:24:18,360 : INFO : SwitchController : <<<<<<< 's_Lane4' active >>>>>>>
2025-03-09 13:24:18,361 : INFO : EventManager : Event: ======'sw_playfield_active'====== Args={}
2025-03-09 13:24:18,361 : INFO : EventManager : Event: ======'machine_var_audits_switches_s_Lane4'====== Args={'value': 3, 'prev_value': 2, 'change': 1}
2025-03-09 13:24:18,636 : INFO : SwitchController : <<<<<<< 's_Lane4' inactive >>>>>>>
2025-03-09 13:24:18,638 : INFO : SwitchController : <<<<<<< 's_Lane4' active >>>>>>>
2025-03-09 13:24:18,638 : INFO : EventManager : Event: ======'machine_var_audits_switches_s_Lane4'====== Args={'value': 4, 'prev_value': 3, 'change': 1}
2025-03-09 13:24:18,684 : INFO : SwitchController : <<<<<<< 's_Lane4' inactive >>>>>>>
2025-03-09 13:24:18,908 : INFO : SwitchController : <<<<<<< 's_Lane3' active >>>>>>>
2025-03-09 13:24:18,909 : INFO : EventManager : Event: ======'machine_var_audits_switches_s_Lane3'====== Args={'value': 4, 'prev_value': 3, 'change': 1}
2025-03-09 13:24:19,119 : INFO : SwitchController : <<<<<<< 's_Lane3' inactive >>>>>>>
2025-03-09 13:24:19,258 : INFO : SwitchController : <<<<<<< 's_Lane2' active >>>>>>>
2025-03-09 13:24:19,260 : INFO : EventManager : Event: ======'sw_playfield_active'====== Args={}
2025-03-09 13:24:19,261 : INFO : EventManager : Event: ======'machine_var_audits_switches_s_Lane2'====== Args={'value': 5, 'prev_value': 4, 'change': 1}
2025-03-09 13:24:19,435 : INFO : SwitchController : <<<<<<< 's_Lane2' inactive >>>>>>>
2025-03-09 13:24:19,588 : INFO : SwitchController : <<<<<<< 's_Lane1' active >>>>>>>
2025-03-09 13:24:19,589 : INFO : EventManager : Event: ======'sw_playfield_active'====== Args={}
2025-03-09 13:24:19,590 : INFO : EventManager : Event: ======'machine_var_audits_switches_s_Lane1'====== Args={'value': 6, 'prev_value': 5, 'change': 1}
2025-03-09 13:24:19,714 : INFO : SwitchController : <<<<<<< 's_Lane1' inactive >>>>>>>
2025-03-09 13:24:19,851 : INFO : SwitchController : <<<<<<< 's_Target4' active >>>>>>>
2025-03-09 13:24:19,852 : INFO : EventManager : Event: ======'s_Target4_active'====== Args={}
2025-03-09 13:24:19,852 : INFO : EventManager : Event: ======'sw_playfield_active'====== Args={}
2025-03-09 13:24:19,853 : INFO : EventManager : Event: ======'machine_var_audits_switches_s_Target4'====== Args={'value': 6, 'prev_value': 5, 'change': 1}
2025-03-09 13:24:19,854 : INFO : EventManager : Event: ======'player_score'====== Args={'value': 11750, 'prev_value': 10250, 'change': 1500, 'player_num': 1, 'source': 'base'}
2025-03-09 13:24:20,160 : INFO : SwitchController : <<<<<<< 's_Target4' inactive >>>>>>>
2025-03-09 13:24:20,646 : INFO : SwitchController : <<<<<<< 's_Lane1' active >>>>>>>
2025-03-09 13:24:20,647 : INFO : EventManager : Event: ======'sw_playfield_active'====== Args={}
2025-03-09 13:24:20,649 : INFO : EventManager : Event: ======'machine_var_audits_switches_s_Lane1'====== Args={'value': 7, 'prev_value': 6, 'change': 1}
2025-03-09 13:24:20,874 : INFO : SwitchController : <<<<<<< 's_Lane1' inactive >>>>>>>
2025-03-09 13:24:21,033 : INFO : SwitchController : <<<<<<< 's_Lane2' active >>>>>>>
2025-03-09 13:24:21,034 : INFO : EventManager : Event: ======'sw_playfield_active'====== Args={}
2025-03-09 13:24:21,035 : INFO : EventManager : Event: ======'machine_var_audits_switches_s_Lane2'====== Args={'value': 6, 'prev_value': 5, 'change': 1}
2025-03-09 13:24:21,224 : INFO : SwitchController : <<<<<<< 's_Lane2' inactive >>>>>>>
2025-03-09 13:24:21,372 : INFO : SwitchController : <<<<<<< 's_Lane2' active >>>>>>>
2025-03-09 13:24:21,373 : INFO : EventManager : Event: ======'machine_var_audits_switches_s_Lane2'====== Args={'value': 7, 'prev_value': 6, 'change': 1}
2025-03-09 13:24:21,523 : INFO : SwitchController : <<<<<<< 's_Lane2' inactive >>>>>>>
2025-03-09 13:24:21,598 : INFO : SwitchController : <<<<<<< 's_Lane3' active >>>>>>>
2025-03-09 13:24:21,599 : INFO : EventManager : Event: ======'sw_playfield_active'====== Args={}
2025-03-09 13:24:21,600 : INFO : EventManager : Event: ======'machine_var_audits_switches_s_Lane3'====== Args={'value': 5, 'prev_value': 4, 'change': 1}
2025-03-09 13:24:22,011 : INFO : SwitchController : <<<<<<< 's_Lane3' inactive >>>>>>>
2025-03-09 13:24:23,577 : INFO : SwitchController : <<<<<<< 's_Lane1' active >>>>>>>
2025-03-09 13:24:23,577 : INFO : EventManager : Event: ======'sw_playfield_active'====== Args={}
2025-03-09 13:24:23,577 : INFO : EventManager : Event: ======'machine_var_audits_switches_s_Lane1'====== Args={'value': 8, 'prev_value': 7, 'change': 1}
2025-03-09 13:24:23,833 : INFO : SwitchController : <<<<<<< 's_Lane1' inactive >>>>>>>
2025-03-09 13:24:24,051 : INFO : SwitchController : <<<<<<< 's_Target4' active >>>>>>>
2025-03-09 13:24:24,051 : INFO : EventManager : Event: ======'s_Target4_active'====== Args={}
2025-03-09 13:24:24,051 : INFO : EventManager : Event: ======'sw_playfield_active'====== Args={}
2025-03-09 13:24:24,052 : INFO : EventManager : Event: ======'machine_var_audits_switches_s_Target4'====== Args={'value': 7, 'prev_value': 6, 'change': 1}
2025-03-09 13:24:24,056 : INFO : EventManager : Event: ======'player_score'====== Args={'value': 13250, 'prev_value': 11750, 'change': 1500, 'player_num': 1, 'source': 'base'}
2025-03-09 13:24:24,281 : INFO : SwitchController : <<<<<<< 's_Target4' inactive >>>>>>>
2025-03-09 13:24:24,516 : INFO : SwitchController : <<<<<<< 's_Lane1' active >>>>>>>
2025-03-09 13:24:24,517 : INFO : EventManager : Event: ======'machine_var_audits_switches_s_Lane1'====== Args={'value': 9, 'prev_value': 8, 'change': 1}
2025-03-09 13:24:24,753 : INFO : SwitchController : <<<<<<< 's_Lane1' inactive >>>>>>>
2025-03-09 13:24:24,859 : INFO : SwitchController : <<<<<<< 's_Lane2' active >>>>>>>
2025-03-09 13:24:24,860 : INFO : EventManager : Event: ======'sw_playfield_active'====== Args={}
2025-03-09 13:24:24,860 : INFO : EventManager : Event: ======'machine_var_audits_switches_s_Lane2'====== Args={'value': 8, 'prev_value': 7, 'change': 1}
2025-03-09 13:24:25,061 : INFO : SwitchController : <<<<<<< 's_Lane2' inactive >>>>>>>
2025-03-09 13:24:25,237 : INFO : SwitchController : <<<<<<< 's_Lane3' active >>>>>>>
2025-03-09 13:24:25,237 : INFO : EventManager : Event: ======'sw_playfield_active'====== Args={}
2025-03-09 13:24:25,238 : INFO : EventManager : Event: ======'machine_var_audits_switches_s_Lane3'====== Args={'value': 6, 'prev_value': 5, 'change': 1}
2025-03-09 13:24:25,688 : INFO : SwitchController : <<<<<<< 's_Lane3' inactive >>>>>>>
2025-03-09 13:24:26,883 : INFO : SwitchController : <<<<<<< 's_Lane3' active >>>>>>>
2025-03-09 13:24:26,884 : INFO : EventManager : Event: ======'sw_playfield_active'====== Args={}
2025-03-09 13:24:26,885 : INFO : EventManager : Event: ======'machine_var_audits_switches_s_Lane3'====== Args={'value': 7, 'prev_value': 6, 'change': 1}
2025-03-09 13:24:27,082 : INFO : SwitchController : <<<<<<< 's_Lane3' inactive >>>>>>>
2025-03-09 13:24:27,189 : INFO : SwitchController : <<<<<<< 's_Lane4' active >>>>>>>
2025-03-09 13:24:27,190 : INFO : EventManager : Event: ======'sw_playfield_active'====== Args={}
2025-03-09 13:24:27,191 : INFO : EventManager : Event: ======'machine_var_audits_switches_s_Lane4'====== Args={'value': 5, 'prev_value': 4, 'change': 1}
2025-03-09 13:24:27,402 : INFO : SwitchController : <<<<<<< 's_Lane4' inactive >>>>>>>
2025-03-09 13:24:27,525 : INFO : SwitchController : <<<<<<< 's_Lane3' active >>>>>>>
2025-03-09 13:24:27,526 : INFO : EventManager : Event: ======'machine_var_audits_switches_s_Lane3'====== Args={'value': 8, 'prev_value': 7, 'change': 1}
2025-03-09 13:24:27,731 : INFO : SwitchController : <<<<<<< 's_Lane3' inactive >>>>>>>
2025-03-09 13:24:27,831 : INFO : SwitchController : <<<<<<< 's_Lane2' active >>>>>>>
2025-03-09 13:24:27,831 : INFO : EventManager : Event: ======'sw_playfield_active'====== Args={}
2025-03-09 13:24:27,831 : INFO : EventManager : Event: ======'machine_var_audits_switches_s_Lane2'====== Args={'value': 9, 'prev_value': 8, 'change': 1}
2025-03-09 13:24:27,983 : INFO : SwitchController : <<<<<<< 's_Lane2' inactive >>>>>>>
2025-03-09 13:24:28,129 : INFO : SwitchController : <<<<<<< 's_Lane1' active >>>>>>>
2025-03-09 13:24:28,130 : INFO : EventManager : Event: ======'sw_playfield_active'====== Args={}
2025-03-09 13:24:28,130 : INFO : EventManager : Event: ======'machine_var_audits_switches_s_Lane1'====== Args={'value': 10, 'prev_value': 9, 'change': 1}
2025-03-09 13:24:28,267 : INFO : SwitchController : <<<<<<< 's_Lane1' inactive >>>>>>>
2025-03-09 13:24:28,429 : INFO : SwitchController : <<<<<<< 's_Target4' active >>>>>>>
2025-03-09 13:24:28,431 : INFO : EventManager : Event: ======'s_Target4_active'====== Args={}
2025-03-09 13:24:28,431 : INFO : EventManager : Event: ======'sw_playfield_active'====== Args={}
2025-03-09 13:24:28,432 : INFO : EventManager : Event: ======'machine_var_audits_switches_s_Target4'====== Args={'value': 8, 'prev_value': 7, 'change': 1}
2025-03-09 13:24:28,436 : INFO : EventManager : Event: ======'player_score'====== Args={'value': 14750, 'prev_value': 13250, 'change': 1500, 'player_num': 1, 'source': 'base'}
2025-03-09 13:24:28,856 : INFO : SwitchController : <<<<<<< 's_Target4' inactive >>>>>>>
2025-03-09 13:24:29,304 : INFO : SwitchController : <<<<<<< 's_Lane1' active >>>>>>>
2025-03-09 13:24:29,304 : INFO : EventManager : Event: ======'sw_playfield_active'====== Args={}
2025-03-09 13:24:29,304 : INFO : EventManager : Event: ======'machine_var_audits_switches_s_Lane1'====== Args={'value': 11, 'prev_value': 10, 'change': 1}
2025-03-09 13:24:29,417 : INFO : SwitchController : <<<<<<< 's_Lane1' inactive >>>>>>>
2025-03-09 13:24:29,592 : INFO : SwitchController : <<<<<<< 's_Lane2' active >>>>>>>
2025-03-09 13:24:29,594 : INFO : EventManager : Event: ======'sw_playfield_active'====== Args={}
2025-03-09 13:24:29,595 : INFO : EventManager : Event: ======'machine_var_audits_switches_s_Lane2'====== Args={'value': 10, 'prev_value': 9, 'change': 1}
2025-03-09 13:24:29,739 : INFO : SwitchController : <<<<<<< 's_Lane2' inactive >>>>>>>
2025-03-09 13:24:29,863 : INFO : SwitchController : <<<<<<< 's_Lane3' active >>>>>>>
2025-03-09 13:24:29,864 : INFO : EventManager : Event: ======'sw_playfield_active'====== Args={}
2025-03-09 13:24:29,865 : INFO : EventManager : Event: ======'machine_var_audits_switches_s_Lane3'====== Args={'value': 9, 'prev_value': 8, 'change': 1}
2025-03-09 13:24:30,047 : INFO : SwitchController : <<<<<<< 's_Lane3' inactive >>>>>>>
2025-03-09 13:24:30,424 : INFO : SwitchController : <<<<<<< 's_Lane4' active >>>>>>>
2025-03-09 13:24:30,425 : INFO : EventManager : Event: ======'sw_playfield_active'====== Args={}
2025-03-09 13:24:30,426 : INFO : EventManager : Event: ======'machine_var_audits_switches_s_Lane4'====== Args={'value': 6, 'prev_value': 5, 'change': 1}
2025-03-09 13:24:30,639 : INFO : SwitchController : <<<<<<< 's_Lane4' inactive >>>>>>>
2025-03-09 13:24:34,868 : INFO : SwitchController : <<<<<<< 's_left_flipper' active >>>>>>>
2025-03-09 13:24:34,869 : INFO : EventManager : Event: ======'machine_var_audits_switches_s_left_flipper'====== Args={'value': 24, 'prev_value': 23, 'change': 1}
2025-03-09 13:24:35,006 : INFO : SwitchController : <<<<<<< 's_left_flipper' inactive >>>>>>>
2025-03-09 13:24:35,196 : INFO : SwitchController : <<<<<<< 's_right_flipper' active >>>>>>>
2025-03-09 13:24:35,198 : INFO : EventManager : Event: ======'machine_var_audits_switches_s_right_flipper'====== Args={'value': 19, 'prev_value': 18, 'change': 1}
2025-03-09 13:24:35,351 : INFO : SwitchController : <<<<<<< 's_right_flipper' inactive >>>>>>>
2025-03-09 13:24:35,386 : INFO : SwitchController : <<<<<<< 's_left_flipper' active >>>>>>>
2025-03-09 13:24:35,387 : INFO : EventManager : Event: ======'machine_var_audits_switches_s_left_flipper'====== Args={'value': 25, 'prev_value': 24, 'change': 1}
2025-03-09 13:24:35,573 : INFO : SwitchController : <<<<<<< 's_right_flipper' active >>>>>>>
2025-03-09 13:24:35,574 : INFO : EventManager : Event: ======'flipper_cancel'====== Args={'triggering_group': 2, 'triggering_switch': 's_right_flipper'}
2025-03-09 13:24:35,575 : INFO : EventManager : Event: ======'machine_var_audits_switches_s_right_flipper'====== Args={'value': 20, 'prev_value': 19, 'change': 1}
2025-03-09 13:24:35,618 : INFO : SwitchController : <<<<<<< 's_right_flipper' inactive >>>>>>>
2025-03-09 13:24:35,619 : INFO : EventManager : Event: ======'both_flippers_one'====== Args={'triggering_group': 2, 'triggering_switch': 's_right_flipper'}
2025-03-09 13:24:35,756 : INFO : SwitchController : <<<<<<< 's_left_flipper' inactive >>>>>>>
2025-03-09 13:24:35,758 : INFO : EventManager : Event: ======'both_flippers_inactive'====== Args={'triggering_group': 1, 'triggering_switch': 's_left_flipper'}
2025-03-09 13:24:35,809 : INFO : SwitchController : <<<<<<< 's_right_flipper' active >>>>>>>
2025-03-09 13:24:35,810 : INFO : EventManager : Event: ======'machine_var_audits_switches_s_right_flipper'====== Args={'value': 21, 'prev_value': 20, 'change': 1}
2025-03-09 13:24:35,894 : INFO : SwitchController : <<<<<<< 's_right_flipper' inactive >>>>>>>
2025-03-09 13:24:35,924 : INFO : SwitchController : <<<<<<< 's_left_flipper' active >>>>>>>
2025-03-09 13:24:35,925 : INFO : EventManager : Event: ======'machine_var_audits_switches_s_left_flipper'====== Args={'value': 26, 'prev_value': 25, 'change': 1}
2025-03-09 13:24:36,070 : INFO : SwitchController : <<<<<<< 's_left_flipper' inactive >>>>>>>
2025-03-09 13:24:36,101 : INFO : SwitchController : <<<<<<< 's_right_flipper' active >>>>>>>
2025-03-09 13:24:36,102 : INFO : EventManager : Event: ======'machine_var_audits_switches_s_right_flipper'====== Args={'value': 22, 'prev_value': 21, 'change': 1}
2025-03-09 13:24:36,186 : INFO : SwitchController : <<<<<<< 's_right_flipper' inactive >>>>>>>
2025-03-09 13:24:36,240 : INFO : SwitchController : <<<<<<< 's_left_flipper' active >>>>>>>
2025-03-09 13:24:36,241 : INFO : EventManager : Event: ======'machine_var_audits_switches_s_left_flipper'====== Args={'value': 27, 'prev_value': 26, 'change': 1}
2025-03-09 13:24:36,365 : INFO : SwitchController : <<<<<<< 's_left_flipper' inactive >>>>>>>
2025-03-09 13:24:36,366 : INFO : SwitchController : <<<<<<< 's_right_flipper' active >>>>>>>
2025-03-09 13:24:36,366 : INFO : EventManager : Event: ======'machine_var_audits_switches_s_right_flipper'====== Args={'value': 23, 'prev_value': 22, 'change': 1}
2025-03-09 13:24:36,447 : INFO : SwitchController : <<<<<<< 's_right_flipper' inactive >>>>>>>
2025-03-09 13:24:36,475 : INFO : SwitchController : <<<<<<< 's_left_flipper' active >>>>>>>
2025-03-09 13:24:36,475 : INFO : EventManager : Event: ======'machine_var_audits_switches_s_left_flipper'====== Args={'value': 28, 'prev_value': 27, 'change': 1}
2025-03-09 13:24:36,603 : INFO : SwitchController : <<<<<<< 's_left_flipper' inactive >>>>>>>
2025-03-09 13:24:36,656 : INFO : SwitchController : <<<<<<< 's_right_flipper' active >>>>>>>
2025-03-09 13:24:36,658 : INFO : EventManager : Event: ======'machine_var_audits_switches_s_right_flipper'====== Args={'value': 24, 'prev_value': 23, 'change': 1}
2025-03-09 13:24:36,707 : INFO : SwitchController : <<<<<<< 's_right_flipper' inactive >>>>>>>
2025-03-09 13:24:36,736 : INFO : SwitchController : <<<<<<< 's_left_flipper' active >>>>>>>
2025-03-09 13:24:36,736 : INFO : EventManager : Event: ======'machine_var_audits_switches_s_left_flipper'====== Args={'value': 29, 'prev_value': 28, 'change': 1}
2025-03-09 13:24:36,891 : INFO : SwitchController : <<<<<<< 's_left_flipper' inactive >>>>>>>
2025-03-09 13:24:36,934 : INFO : SwitchController : <<<<<<< 's_right_flipper' active >>>>>>>
2025-03-09 13:24:36,935 : INFO : EventManager : Event: ======'machine_var_audits_switches_s_right_flipper'====== Args={'value': 25, 'prev_value': 24, 'change': 1}
2025-03-09 13:24:37,009 : INFO : SwitchController : <<<<<<< 's_right_flipper' inactive >>>>>>>
2025-03-09 13:24:37,053 : INFO : SwitchController : <<<<<<< 's_left_flipper' active >>>>>>>
2025-03-09 13:24:37,054 : INFO : EventManager : Event: ======'machine_var_audits_switches_s_left_flipper'====== Args={'value': 30, 'prev_value': 29, 'change': 1}
2025-03-09 13:24:37,208 : INFO : SwitchController : <<<<<<< 's_left_flipper' inactive >>>>>>>
2025-03-09 13:24:37,209 : INFO : SwitchController : <<<<<<< 's_right_flipper' active >>>>>>>
2025-03-09 13:24:37,210 : INFO : EventManager : Event: ======'machine_var_audits_switches_s_right_flipper'====== Args={'value': 26, 'prev_value': 25, 'change': 1}
2025-03-09 13:24:37,295 : INFO : SwitchController : <<<<<<< 's_right_flipper' inactive >>>>>>>
2025-03-09 13:24:37,296 : INFO : SwitchController : <<<<<<< 's_left_flipper' active >>>>>>>
2025-03-09 13:24:37,296 : INFO : EventManager : Event: ======'machine_var_audits_switches_s_left_flipper'====== Args={'value': 31, 'prev_value': 30, 'change': 1}
2025-03-09 13:24:37,436 : INFO : SwitchController : <<<<<<< 's_left_flipper' inactive >>>>>>>
2025-03-09 13:24:38,760 : INFO : Machine : Shutting down...
2025-03-09 13:24:38,761 : INFO : EventManager : Event: ======'shutdown'====== Args={}
2025-03-09 13:24:38,768 : INFO : EventManager : Event: ======'mode_game_will_stop'====== Args={}
2025-03-09 13:24:38,770 : INFO : EventManager : Event: ======'mode_game_stopping'====== Args={}
2025-03-09 13:24:38,773 : INFO : EventManager : Event: ======'mode_base_will_stop'====== Args={}
2025-03-09 13:24:38,773 : INFO : EventManager : Event: ======'mode_base_stopping'====== Args={}
2025-03-09 13:24:38,775 : INFO : Mode.base : Stopped.
2025-03-09 13:24:38,775 : INFO : EventManager : Event: ======'modes_active_modes_changed'====== Args={}
2025-03-09 13:24:38,776 : INFO : EventManager : Event: ======'mode_base_stopped'====== Args={}
2025-03-09 13:24:38,776 : INFO : EventManager : Event: ======'clear'====== Args={'key': 'base'}
2025-03-09 13:24:38,778 : INFO : Mode.game : Stopped.
2025-03-09 13:24:38,779 : INFO : EventManager : Event: ======'modes_active_modes_changed'====== Args={}
2025-03-09 13:24:38,779 : INFO : EventManager : Event: ======'mode_game_stopped'====== Args={}
2025-03-09 13:24:38,779 : INFO : EventManager : Event: ======'clear'====== Args={'key': 'game'}
2025-03-09 13:24:38,787 : INFO : root : MPF run loop ended.
