2025-03-05 22:12:28,507 : kivy : deps: Successfully imported "kivy_deps.gstreamer" 0.3.3
2025-03-05 22:12:28,508 : kivy : deps: Successfully imported "kivy_deps.angle" 0.3.3
2025-03-05 22:12:28,508 : kivy : deps: Successfully imported "kivy_deps.glew" 0.3.1
2025-03-05 22:12:28,508 : kivy : deps: Successfully imported "kivy_deps.sdl2" 0.6.0
2025-03-05 22:12:28,508 : kivy : Kivy: v2.2.1
2025-03-05 22:12:28,508 : kivy : Kivy: Installed at "C:\Users\duffb\.pyenv\pyenv-win\versions\3.11.0\Lib\site-packages\kivy\__init__.py"
2025-03-05 22:12:28,508 : kivy : Python: v3.11.0 (main, Oct 24 2022, 18:26:48) [MSC v.1933 64 bit (AMD64)]
2025-03-05 22:12:28,510 : kivy : Python: Interpreter at "C:\Users\duffb\.pyenv\pyenv-win\versions\3.11.0\python.exe"
2025-03-05 22:12:28,524 : kivy : Factory: 190 symbols loaded
2025-03-05 22:12:28,662 : kivy : ImageLoaderFFPy: Using ffpyplayer 4.5.1
2025-03-05 22:12:28,662 : kivy : Image: Providers: img_tex, img_dds, img_sdl2, img_pil, img_ffpyplayer 
2025-03-05 22:12:28,864 : kivy : VideoGstplayer: Using Gstreamer 1.18.5.0
2025-03-05 22:12:28,864 : kivy : Video: Provider: gstplayer
2025-03-05 22:12:28,909 : root : Loading MPF-MC controller
2025-03-05 22:12:28,932 : YamlMultifileConfigLoader : Machine config file #1: config
2025-03-05 22:12:28,933 : ConfigProcessor : Config file in cache changed: C:\Users\duffb\OneDrive\Documents\Python Envs\PinBallWW1\Machine\config\config
2025-03-05 22:12:28,933 : ConfigProcessor : Loading config from file C:\Users\duffb\.pyenv\pyenv-win\versions\3.11.0\Lib\site-packages\mpfmc\mcconfig.yaml.
2025-03-05 22:12:28,939 : ConfigProcessor : Loading config: C:\Users\duffb\.pyenv\pyenv-win\versions\3.11.0\Lib\site-packages\mpfmc\mcconfig.yaml
2025-03-05 22:12:28,939 : ConfigProcessor : Loading config from file C:\Users\duffb\OneDrive\Documents\Python Envs\PinBallWW1\Machine\config\config.
2025-03-05 22:12:28,942 : ConfigProcessor : Loading config: C:\Users\duffb\OneDrive\Documents\Python Envs\PinBallWW1\Machine\config\config
2025-03-05 22:12:28,943 : ConfigProcessor : Config file cache created: C:\Users\duffb\AppData\Local\Temp\de7a4651692d89380cb727f0a44dc491.mpf_cache
2025-03-05 22:12:28,943 : ConfigProcessor : Loading config from cache: C:\Users\duffb\AppData\Local\Temp\2d51d76727b268a801d8dd7a18b89879.mpf_cache
2025-03-05 22:12:28,944 : ConfigProcessor : Loading config from cache: C:\Users\duffb\AppData\Local\Temp\9f058d482eac17116727d62a93500be7.mpf_cache
2025-03-05 22:12:28,944 : mpfmc : Mission Pinball Framework Media Controller (MPF-MC) v0.57.1. Requires MPF v0.57.0 or newer.
2025-03-05 22:12:28,944 : mpfmc : Found MPF v0.57.0
2025-03-05 22:12:28,944 : mpfmc : Machine path: C:\Users\duffb\OneDrive\Documents\Python Envs\PinBallWW1\Machine
2025-03-05 22:12:28,945 : mpfmc : Starting clock at 60.0Hz
2025-03-05 22:12:28,962 : kivy : Text: Provider: sdl2
2025-03-05 22:12:29,078 : kivy : Window: Provider: sdl2
2025-03-05 22:12:29,345 : kivy : GL: Using the "OpenGL" graphics system
2025-03-05 22:12:29,347 : kivy : GL: GLEW initialization succeeded
2025-03-05 22:12:29,347 : kivy : GL: Backend used <glew>
2025-03-05 22:12:29,347 : kivy : GL: OpenGL version <b'4.6.0 - Build 31.0.101.5592'>
2025-03-05 22:12:29,347 : kivy : GL: OpenGL vendor <b'Intel'>
2025-03-05 22:12:29,347 : kivy : GL: OpenGL renderer <b'Intel(R) UHD Graphics'>
2025-03-05 22:12:29,347 : kivy : GL: OpenGL parsed version: 4, 6
2025-03-05 22:12:29,347 : kivy : GL: Shading version <b'4.60 - Build 31.0.101.5592'>
2025-03-05 22:12:29,347 : kivy : GL: Texture max size <16384>
2025-03-05 22:12:29,347 : kivy : GL: Texture max units <32>
2025-03-05 22:12:29,373 : kivy : Window: auto add sdl2 input provider
2025-03-05 22:12:29,373 : kivy : Window: virtual keyboard not allowed, single mode, not docked
2025-03-05 22:12:29,857 : AudioInterface : Initialized
2025-03-05 22:12:29,858 : AudioInterface : Loaded SDL 2.26.4
2025-03-05 22:12:29,858 : AudioInterface : Loaded SDL_Mixer 2.6.3
2025-03-05 22:12:29,858 : AudioInterface : Loaded GStreamer 1.18.5.0
2025-03-05 22:12:29,858 : AudioInterface : Loaded GLib 2.62.6
2025-03-05 22:12:29,858 : AudioInterface : Settings requested - rate: 44100, channels: 1, buffer: 2048 samples
2025-03-05 22:12:29,858 : AudioInterface : Settings in use - rate: 44100, channels: 1, buffer: 2048 samples (4096 bytes @ 2 bytes per sample)
2025-03-05 22:12:29,858 : SoundSystem : Setting master volume to 0.0
2025-03-05 22:12:29,858 : AudioInterface : Enabling audio playback
2025-03-05 22:12:29,861 : kivy : Base: Start application main loop
2025-03-05 22:12:29,861 : EventManager : Event: ======'display_window_initialized'====== Args={}
2025-03-05 22:12:29,868 : mpfmc : Display: Setting 'window' as default display
2025-03-05 22:12:29,875 : EventManager : Event: ======'displays_initialized'====== Args={}
2025-03-05 22:12:29,876 : EventManager : Event: ======'slide_window_blank_created'====== Args={}
2025-03-05 22:12:29,876 : EventManager : Event: ======'display_window_ready'====== Args={}
2025-03-05 22:12:29,887 : EventManager : Event: ======'init_phase_1'====== Args={}
2025-03-05 22:12:29,890 : EventManager : Event: ======'mc_ready'====== Args={}
2025-03-05 22:12:29,890 : EventManager : Event: ======'init_phase_2'====== Args={}
2025-03-05 22:12:29,892 : EventManager : Event: ======'init_phase_3'====== Args={}
2025-03-05 22:12:29,895 : EventManager : Event: ======'init_phase_4'====== Args={}
2025-03-05 22:12:29,895 : EventManager : Event: ======'init_phase_5'====== Args={}
2025-03-05 22:12:29,914 : kivy : GL: NPOT texture support is available
2025-03-05 22:12:29,918 : EventManager : Event: ======'loading_assets'====== Args={'total': 1, 'loaded': 1, 'remaining': 0, 'percent': 100}
2025-03-05 22:12:29,918 : AssetManager : Asset loading took: 0.059549570083618164
2025-03-05 22:12:29,918 : EventManager : Event: ======'asset_loading_complete'====== Args={}
2025-03-05 22:12:29,918 : AssetManager : Loading assets: 1/1 (100%)
2025-03-05 22:12:29,918 : EventManager : Event: ======'init_done'====== Args={}
2025-03-05 22:12:29,919 : MPF-MC BCP Server : Starting up on localhost port 5050
2025-03-05 22:12:29,929 : MPF-MC BCP Server : Waiting for a connection...
2025-03-05 22:12:29,930 : EventManager : Event: ======'slide_welcome_slide_created'====== Args={}
2025-03-05 22:12:29,930 : EventManager : Event: ======'slide_welcome_slide_active'====== Args={}
2025-03-05 22:12:29,936 : EventManager : Event: ======'client_disconnected'====== Args={'host': '127.0.0.1', 'port': 5050}
2025-03-05 22:12:30,693 : MPF-MC BCP Server : Received connection from: 127.0.0.1:58561
2025-03-05 22:12:30,699 : EventManager : Event: ======'client_connected'====== Args={'host': '127.0.0.1', 'port': 58561}
2025-03-05 22:12:30,864 : EventManager : Event: ======'machine_var_credits_string'====== Args={'value': 'FREE PLAY', 'prev_value': None, 'change': True}
2025-03-05 22:12:30,864 : EventManager : Event: ======'machine_var_master_volume'====== Args={'value': 0.5, 'prev_value': None, 'change': True}
2025-03-05 22:12:30,865 : EventManager : Event: ======'machine_var_mpf_version'====== Args={'value': 'Mission Pinball Framework v0.57.0', 'prev_value': None, 'change': True}
2025-03-05 22:12:30,865 : EventManager : Event: ======'machine_var_mpf_extended_version'====== Args={'value': 'Mission Pinball Framework v0.57.0, Config version:6, Show version: 6, BCP version:1.1', 'prev_value': None, 'change': True}
2025-03-05 22:12:30,865 : EventManager : Event: ======'machine_var_python_version'====== Args={'value': '3.11.0', 'prev_value': None, 'change': True}
2025-03-05 22:12:30,865 : EventManager : Event: ======'machine_var_platform'====== Args={'value': 'Windows-10-10.0.26100-SP0', 'prev_value': None, 'change': True}
2025-03-05 22:12:30,865 : EventManager : Event: ======'machine_var_platform_system'====== Args={'value': 'Windows', 'prev_value': None, 'change': True}
2025-03-05 22:12:30,865 : EventManager : Event: ======'machine_var_platform_release'====== Args={'value': '10', 'prev_value': None, 'change': True}
2025-03-05 22:12:30,865 : EventManager : Event: ======'machine_var_platform_version'====== Args={'value': '10.0.26100', 'prev_value': None, 'change': True}
2025-03-05 22:12:30,865 : EventManager : Event: ======'machine_var_platform_machine'====== Args={'value': 'AMD64', 'prev_value': None, 'change': True}
2025-03-05 22:12:30,865 : EventManager : Event: ======'machine_var_mc_version'====== Args={'value': 'MPF-MC v0.57.1', 'prev_value': None, 'change': True}
2025-03-05 22:12:30,865 : EventManager : Event: ======'machine_var_mc_extended_version'====== Args={'value': 'MPF-MC v0.57.1 (config_version=6, BCP v1.1,                      Requires MPF API compatibility v0.57.0 or newer)', 'prev_value': None, 'change': True}
2025-03-05 22:12:30,865 : EventManager : Event: ======'machine_var_credits_string'====== Args={'value': 'FREE PLAY', 'prev_value': None, 'change': True}
2025-03-05 22:12:30,865 : EventManager : Event: ======'machine_var_master_volume'====== Args={'value': 0.5, 'prev_value': None, 'change': True}
2025-03-05 22:12:30,865 : EventManager : Event: ======'machine_var_mpf_version'====== Args={'value': 'Mission Pinball Framework v0.57.0', 'prev_value': None, 'change': True}
2025-03-05 22:12:30,865 : EventManager : Event: ======'machine_var_mpf_extended_version'====== Args={'value': 'Mission Pinball Framework v0.57.0, Config version:6, Show version: 6, BCP version:1.1', 'prev_value': None, 'change': True}
2025-03-05 22:12:30,865 : EventManager : Event: ======'machine_var_python_version'====== Args={'value': '3.11.0', 'prev_value': None, 'change': True}
2025-03-05 22:12:30,865 : EventManager : Event: ======'machine_var_platform'====== Args={'value': 'Windows-10-10.0.26100-SP0', 'prev_value': None, 'change': True}
2025-03-05 22:12:30,865 : EventManager : Event: ======'machine_var_platform_system'====== Args={'value': 'Windows', 'prev_value': None, 'change': True}
2025-03-05 22:12:30,865 : EventManager : Event: ======'machine_var_platform_release'====== Args={'value': '10', 'prev_value': None, 'change': True}
2025-03-05 22:12:30,865 : EventManager : Event: ======'machine_var_platform_version'====== Args={'value': '10.0.26100', 'prev_value': None, 'change': True}
2025-03-05 22:12:30,865 : EventManager : Event: ======'machine_var_platform_machine'====== Args={'value': 'AMD64', 'prev_value': None, 'change': True}
2025-03-05 22:12:30,865 : EventManager : Event: ======'machine_var_mc_version'====== Args={'value': 'MPF-MC v0.57.1', 'prev_value': None, 'change': True}
2025-03-05 22:12:30,865 : EventManager : Event: ======'machine_var_mc_extended_version'====== Args={'value': 'MPF-MC v0.57.1 (config_version=6, BCP v1.1,                      Requires MPF API compatibility v0.57.0 or newer)', 'prev_value': None, 'change': True}
2025-03-05 22:12:30,865 : EventManager : Event: ======'machine_var_credits_string'====== Args={'value': 'FREE PLAY', 'prev_value': None, 'change': True}
2025-03-05 22:12:30,865 : EventManager : Event: ======'machine_var_master_volume'====== Args={'value': 0.5, 'prev_value': None, 'change': True}
2025-03-05 22:12:30,865 : EventManager : Event: ======'machine_var_mpf_version'====== Args={'value': 'Mission Pinball Framework v0.57.0', 'prev_value': None, 'change': True}
2025-03-05 22:12:30,865 : EventManager : Event: ======'machine_var_mpf_extended_version'====== Args={'value': 'Mission Pinball Framework v0.57.0, Config version:6, Show version: 6, BCP version:1.1', 'prev_value': None, 'change': True}
2025-03-05 22:12:30,866 : EventManager : Event: ======'machine_var_python_version'====== Args={'value': '3.11.0', 'prev_value': None, 'change': True}
2025-03-05 22:12:30,866 : EventManager : Event: ======'machine_var_platform'====== Args={'value': 'Windows-10-10.0.26100-SP0', 'prev_value': None, 'change': True}
2025-03-05 22:12:30,866 : EventManager : Event: ======'machine_var_platform_system'====== Args={'value': 'Windows', 'prev_value': None, 'change': True}
2025-03-05 22:12:30,866 : EventManager : Event: ======'machine_var_platform_release'====== Args={'value': '10', 'prev_value': None, 'change': True}
2025-03-05 22:12:30,866 : EventManager : Event: ======'machine_var_platform_version'====== Args={'value': '10.0.26100', 'prev_value': None, 'change': True}
2025-03-05 22:12:30,866 : EventManager : Event: ======'machine_var_platform_machine'====== Args={'value': 'AMD64', 'prev_value': None, 'change': True}
2025-03-05 22:12:30,866 : EventManager : Event: ======'machine_var_mc_version'====== Args={'value': 'MPF-MC v0.57.1', 'prev_value': None, 'change': True}
2025-03-05 22:12:30,866 : EventManager : Event: ======'machine_var_mc_extended_version'====== Args={'value': 'MPF-MC v0.57.1 (config_version=6, BCP v1.1,                      Requires MPF API compatibility v0.57.0 or newer)', 'prev_value': None, 'change': True}
2025-03-05 22:12:30,866 : EventManager : Event: ======'machine_var_credits_string'====== Args={'value': 'FREE PLAY', 'prev_value': None, 'change': True}
2025-03-05 22:12:30,866 : EventManager : Event: ======'machine_var_master_volume'====== Args={'value': 0.5, 'prev_value': None, 'change': True}
2025-03-05 22:12:30,866 : EventManager : Event: ======'machine_var_mpf_version'====== Args={'value': 'Mission Pinball Framework v0.57.0', 'prev_value': None, 'change': True}
2025-03-05 22:12:30,866 : EventManager : Event: ======'machine_var_mpf_extended_version'====== Args={'value': 'Mission Pinball Framework v0.57.0, Config version:6, Show version: 6, BCP version:1.1', 'prev_value': None, 'change': True}
2025-03-05 22:12:30,866 : EventManager : Event: ======'machine_var_python_version'====== Args={'value': '3.11.0', 'prev_value': None, 'change': True}
2025-03-05 22:12:30,866 : EventManager : Event: ======'machine_var_platform'====== Args={'value': 'Windows-10-10.0.26100-SP0', 'prev_value': None, 'change': True}
2025-03-05 22:12:30,866 : EventManager : Event: ======'machine_var_platform_system'====== Args={'value': 'Windows', 'prev_value': None, 'change': True}
2025-03-05 22:12:30,866 : EventManager : Event: ======'machine_var_platform_release'====== Args={'value': '10', 'prev_value': None, 'change': True}
2025-03-05 22:12:30,866 : EventManager : Event: ======'machine_var_platform_version'====== Args={'value': '10.0.26100', 'prev_value': None, 'change': True}
2025-03-05 22:12:30,866 : EventManager : Event: ======'machine_var_platform_machine'====== Args={'value': 'AMD64', 'prev_value': None, 'change': True}
2025-03-05 22:12:30,866 : EventManager : Event: ======'machine_var_mc_version'====== Args={'value': 'MPF-MC v0.57.1', 'prev_value': None, 'change': True}
2025-03-05 22:12:30,866 : EventManager : Event: ======'machine_var_mc_extended_version'====== Args={'value': 'MPF-MC v0.57.1 (config_version=6, BCP v1.1,                      Requires MPF API compatibility v0.57.0 or newer)', 'prev_value': None, 'change': True}
2025-03-05 22:12:30,866 : SoundSystem : Setting master volume to 0.5
2025-03-05 22:12:30,866 : SoundSystem : Setting master volume to 0.5
2025-03-05 22:12:30,866 : SoundSystem : Setting master volume to 0.5
2025-03-05 22:12:30,866 : SoundSystem : Setting master volume to 0.5
2025-03-05 22:12:30,901 : EventManager : Event: ======'machine_var_audits_switches_s_trough1'====== Args={'value': 0, 'prev_value': None, 'change': True}
2025-03-05 22:12:30,901 : EventManager : Event: ======'machine_var_audits_switches_s_trough2'====== Args={'value': 0, 'prev_value': None, 'change': True}
2025-03-05 22:12:30,901 : EventManager : Event: ======'machine_var_audits_switches_s_playfield_entry'====== Args={'value': 0, 'prev_value': None, 'change': True}
2025-03-05 22:12:30,901 : EventManager : Event: ======'machine_var_audits_switches_s_left_flipper'====== Args={'value': 0, 'prev_value': None, 'change': True}
2025-03-05 22:12:30,901 : EventManager : Event: ======'machine_var_audits_switches_s_trough_enter'====== Args={'value': 0, 'prev_value': None, 'change': True}
2025-03-05 22:12:30,901 : EventManager : Event: ======'machine_var_audits_switches_s_launcher_button'====== Args={'value': 0, 'prev_value': None, 'change': True}
2025-03-05 22:12:30,901 : EventManager : Event: ======'machine_var_audits_switches_s_trough3'====== Args={'value': 0, 'prev_value': None, 'change': True}
2025-03-05 22:12:30,901 : EventManager : Event: ======'machine_var_audits_switches_s_drain'====== Args={'value': 0, 'prev_value': None, 'change': True}
2025-03-05 22:12:30,901 : EventManager : Event: ======'machine_var_audits_switches_s_plunger_lane'====== Args={'value': 0, 'prev_value': None, 'change': True}
2025-03-05 22:12:30,901 : EventManager : Event: ======'machine_var_audits_switches_s_right_flipper'====== Args={'value': 0, 'prev_value': None, 'change': True}
2025-03-05 22:12:30,901 : EventManager : Event: ======'machine_var_audits_events_game_started'====== Args={'value': 0, 'prev_value': None, 'change': True}
2025-03-05 22:12:30,901 : EventManager : Event: ======'machine_var_audits_events_game_ended'====== Args={'value': 0, 'prev_value': None, 'change': True}
2025-03-05 22:12:30,901 : EventManager : Event: ======'machine_var_audits_player_score'====== Args={'value': {'top': [], 'average': 0, 'total': 0}, 'prev_value': None, 'change': True}
2025-03-05 22:12:30,925 : EventManager : Event: ======'slides_play'====== Args={'settings': {'welcome_slide': {'target': None, 'background_color': [0.0, 0.0, 0.0, 1.0], 'priority': None, 'show': True, 'force': False, 'expire': None, 'slide': None, 'tokens': {}, 'action': 'play'}}, 'context': '_global', 'calling_context': 'init_done', 'priority': 0}
2025-03-05 22:12:30,925 : EventManager : Event: ======'mc_reset_phase_1'====== Args={}
2025-03-05 22:12:30,925 : EventManager : Event: ======'slide_welcome_slide_removed'====== Args={}
2025-03-05 22:12:30,928 : EventManager : Event: ======'slide_welcome_slide_created'====== Args={}
2025-03-05 22:12:30,928 : EventManager : Event: ======'mc_reset_phase_2'====== Args={}
2025-03-05 22:12:30,928 : EventManager : Event: ======'mc_reset_phase_3'====== Args={}
2025-03-05 22:12:30,928 : EventManager : Event: ======'mc_reset_complete'====== Args={}
2025-03-05 22:12:30,929 : EventManager : Event: ======'slide_welcome_slide_active'====== Args={}
2025-03-05 22:12:30,938 : EventManager : Event: ======'sounds_play'====== Args={'settings': {'main': {'action': 'play', 'priority': None, 'block': False, 'delay': None, 'track': None, 'volume': None, 'ducking': {}, 'pan': None, 'loops': None, 'start_at': None, 'fade_in': None, 'fade_out': None, 'about_to_finish_time': -1.0, 'max_queue_time': -1.0, 'events_when_played': ['use_sound_setting'], 'events_when_stopped': ['use_sound_setting'], 'events_when_looping': ['use_sound_setting'], 'events_when_about_to_finish': ['use_sound_setting'], 'mode_end_action': 'use_sound_setting', 'key': 'use_sound_setting'}}, 'context': '_global', 'calling_context': 'mode_attract_started', 'priority': 0}
2025-03-05 22:12:30,956 : EventManager : Event: ======'loading_assets'====== Args={'total': 1, 'loaded': 1, 'remaining': 0, 'percent': 100}
2025-03-05 22:12:30,956 : AssetManager : Asset loading took: 1.0977556705474854
2025-03-05 22:12:30,956 : EventManager : Event: ======'asset_loading_complete'====== Args={}
2025-03-05 22:12:30,956 : AssetManager : Loading assets: 1/1 (100%)
2025-03-05 22:12:39,827 : EventManager : Event: ======'game_started'====== Args={}
2025-03-05 22:12:39,851 : EventManager : Event: ======'sounds_play'====== Args={'settings': {'main': {'action': 'stop', 'priority': None, 'block': False, 'delay': None, 'track': None, 'volume': None, 'ducking': {}, 'pan': None, 'loops': None, 'start_at': None, 'fade_in': None, 'fade_out': None, 'about_to_finish_time': -1.0, 'max_queue_time': -1.0, 'events_when_played': ['use_sound_setting'], 'events_when_stopped': ['use_sound_setting'], 'events_when_looping': ['use_sound_setting'], 'events_when_about_to_finish': ['use_sound_setting'], 'mode_end_action': 'use_sound_setting', 'key': 'use_sound_setting'}}, 'context': '_global', 'calling_context': 'mode_attract_stopped', 'priority': 0}
2025-03-05 22:12:39,863 : EventManager : Event: ======'player_added'====== Args={'player': <Player 1>, 'num': 1}
2025-03-05 22:12:39,864 : EventManager : Event: ======'player_index'====== Args={'value': 0, 'prev_value': 0, 'change': 0, 'player_num': 1}
2025-03-05 22:12:39,864 : EventManager : Event: ======'player_number'====== Args={'value': 1, 'prev_value': 1, 'change': 0, 'player_num': 1}
2025-03-05 22:12:39,864 : EventManager : Event: ======'player_score'====== Args={'value': 0, 'prev_value': 0, 'change': 0, 'player_num': 1}
2025-03-05 22:12:39,888 : EventManager : Event: ======'player_ball'====== Args={'value': 1, 'prev_value': 0, 'change': 1, 'player_num': 1}
2025-03-05 22:12:39,888 : EventManager : Event: ======'player_turn_start'====== Args={'number': 1, 'player': <Player 1>}
2025-03-05 22:12:39,900 : EventManager : Event: ======'slides_play'====== Args={'settings': {'widgets': {'widgets': [{'type': 'text', 'text': 'PLAYER (number) BALL (ball)', '_default_settings': ['type', 'text'], 'x': None, 'y': None, 'anchor_x': 'center', 'anchor_y': 'center', 'round_anchor_x': None, 'round_anchor_y': None, 'opacity': 1.0, 'z': 0, 'reset_animations_events': {}, 'color': [1.0, 1.0, 1.0, 1.0], 'style': [], 'adjust_top': 0, 'adjust_bottom': 0, 'adjust_left': 0, 'adjust_right': 0, 'expire': None, 'key': None, 'widget': None, 'events_when_added': [], 'events_when_removed': [], 'font_size': 15, 'bitmap_font': False, 'font_kerning': True, 'bold': False, 'italic': False, 'number_grouping': False, 'min_digits': 0, 'halign': 'center', 'valign': 'middle', 'rotation': 0, 'scale': 1.0, 'casing': None, 'outline_color': [1.0, 1.0, 1.0, 1.0], 'outline_width': 0, 'animations': None}], 'target': None, 'background_color': [0.0, 0.0, 0.0, 1.0], 'priority': None, 'show': True, 'force': False, 'expire': None, 'slide': None, 'tokens': {}, 'action': 'play'}}, 'context': '_global', 'calling_context': 'ball_started', 'priority': 0, 'player': 1, 'ball': 1, 'balls_remaining': 2, 'is_extra_ball': False}
2025-03-05 22:12:39,988 : EventManager : Event: ======'slide__global.slide_player-ball_started_created'====== Args={}
2025-03-05 22:12:39,990 : EventManager : Event: ======'slide__global.slide_player-ball_started_active'====== Args={}
2025-03-05 22:12:40,000 : EventManager : Event: ======'machine_var_audits_switches_s_plunger_lane'====== Args={'value': 1, 'prev_value': 0, 'change': 1}
2025-03-05 22:12:40,025 : EventManager : Event: ======'machine_var_audits_switches_s_plunger_lane'====== Args={'value': 2, 'prev_value': 1, 'change': 1}
2025-03-05 22:12:40,588 : EventManager : Event: ======'machine_var_audits_switches_s_playfield_entry'====== Args={'value': 1, 'prev_value': 0, 'change': 1}
2025-03-05 22:12:50,283 : EventManager : Event: ======'machine_var_audits_switches_s_right_flipper'====== Args={'value': 1, 'prev_value': 0, 'change': 1}
2025-03-05 22:12:50,521 : EventManager : Event: ======'machine_var_audits_switches_s_left_flipper'====== Args={'value': 1, 'prev_value': 0, 'change': 1}
2025-03-05 22:12:52,905 : EventManager : Event: ======'machine_var_audits_switches_s_trough1'====== Args={'value': 1, 'prev_value': 0, 'change': 1}
2025-03-05 22:12:53,458 : EventManager : Event: ======'player_ball'====== Args={'value': 2, 'prev_value': 1, 'change': 1, 'player_num': 1}
2025-03-05 22:12:53,458 : EventManager : Event: ======'slides_play'====== Args={'settings': {'widgets': {'widgets': [{'type': 'text', 'text': 'PLAYER (number) BALL (ball)', '_default_settings': ['type', 'text'], 'x': None, 'y': None, 'anchor_x': 'center', 'anchor_y': 'center', 'round_anchor_x': None, 'round_anchor_y': None, 'opacity': 1.0, 'z': 0, 'reset_animations_events': {}, 'color': [1.0, 1.0, 1.0, 1.0], 'style': [], 'adjust_top': 0, 'adjust_bottom': 0, 'adjust_left': 0, 'adjust_right': 0, 'expire': None, 'key': None, 'widget': None, 'events_when_added': [], 'events_when_removed': [], 'font_size': 15, 'bitmap_font': False, 'font_kerning': True, 'bold': False, 'italic': False, 'number_grouping': False, 'min_digits': 0, 'halign': 'center', 'valign': 'middle', 'rotation': 0, 'scale': 1.0, 'casing': None, 'outline_color': [1.0, 1.0, 1.0, 1.0], 'outline_width': 0, 'animations': None}], 'target': None, 'background_color': [0.0, 0.0, 0.0, 1.0], 'priority': None, 'show': True, 'force': False, 'expire': None, 'slide': None, 'tokens': {}, 'action': 'play'}}, 'context': '_global', 'calling_context': 'ball_started', 'priority': 0, 'player': 1, 'ball': 2, 'balls_remaining': 1, 'is_extra_ball': False}
2025-03-05 22:12:53,458 : EventManager : Event: ======'slide__global.slide_player-ball_started_removed'====== Args={}
2025-03-05 22:12:53,461 : EventManager : Event: ======'slide__global.slide_player-ball_started_created'====== Args={}
2025-03-05 22:12:53,461 : EventManager : Event: ======'slide__global.slide_player-ball_started_active'====== Args={}
2025-03-05 22:12:53,520 : EventManager : Event: ======'machine_var_audits_switches_s_plunger_lane'====== Args={'value': 3, 'prev_value': 2, 'change': 1}
2025-03-05 22:12:53,583 : EventManager : Event: ======'machine_var_audits_switches_s_plunger_lane'====== Args={'value': 4, 'prev_value': 3, 'change': 1}
2025-03-05 22:12:54,175 : EventManager : Event: ======'machine_var_audits_switches_s_playfield_entry'====== Args={'value': 2, 'prev_value': 1, 'change': 1}
2025-03-05 22:12:56,725 : EventManager : Event: ======'machine_var_audits_switches_s_right_flipper'====== Args={'value': 2, 'prev_value': 1, 'change': 1}
2025-03-05 22:12:57,193 : EventManager : Event: ======'machine_var_audits_switches_s_left_flipper'====== Args={'value': 2, 'prev_value': 1, 'change': 1}
2025-03-05 22:12:58,339 : EventManager : Event: ======'machine_var_audits_switches_s_left_flipper'====== Args={'value': 3, 'prev_value': 2, 'change': 1}
2025-03-05 22:12:58,710 : EventManager : Event: ======'machine_var_audits_switches_s_right_flipper'====== Args={'value': 3, 'prev_value': 2, 'change': 1}
2025-03-05 22:12:58,923 : EventManager : Event: ======'machine_var_audits_switches_s_left_flipper'====== Args={'value': 4, 'prev_value': 3, 'change': 1}
2025-03-05 22:12:59,085 : EventManager : Event: ======'machine_var_audits_switches_s_right_flipper'====== Args={'value': 4, 'prev_value': 3, 'change': 1}
2025-03-05 22:12:59,183 : EventManager : Event: ======'machine_var_audits_switches_s_left_flipper'====== Args={'value': 5, 'prev_value': 4, 'change': 1}
2025-03-05 22:13:00,463 : EventManager : Event: ======'machine_var_audits_switches_s_left_flipper'====== Args={'value': 6, 'prev_value': 5, 'change': 1}
2025-03-05 22:13:01,345 : EventManager : Event: ======'machine_var_audits_switches_s_right_flipper'====== Args={'value': 5, 'prev_value': 4, 'change': 1}
2025-03-05 22:13:01,590 : EventManager : Event: ======'machine_var_audits_switches_s_left_flipper'====== Args={'value': 7, 'prev_value': 6, 'change': 1}
2025-03-05 22:13:01,849 : EventManager : Event: ======'machine_var_audits_switches_s_right_flipper'====== Args={'value': 6, 'prev_value': 5, 'change': 1}
2025-03-05 22:13:01,967 : EventManager : Event: ======'machine_var_audits_switches_s_left_flipper'====== Args={'value': 8, 'prev_value': 7, 'change': 1}
2025-03-05 22:13:02,146 : EventManager : Event: ======'machine_var_audits_switches_s_right_flipper'====== Args={'value': 7, 'prev_value': 6, 'change': 1}
2025-03-05 22:13:02,271 : EventManager : Event: ======'machine_var_audits_switches_s_left_flipper'====== Args={'value': 9, 'prev_value': 8, 'change': 1}
2025-03-05 22:13:02,588 : EventManager : Event: ======'machine_var_audits_switches_s_launcher_button'====== Args={'value': 1, 'prev_value': 0, 'change': 1}
2025-03-05 22:13:02,909 : EventManager : Event: ======'machine_var_audits_switches_s_launcher_button'====== Args={'value': 2, 'prev_value': 1, 'change': 1}
2025-03-05 22:13:03,134 : EventManager : Event: ======'machine_var_audits_switches_s_launcher_button'====== Args={'value': 3, 'prev_value': 2, 'change': 1}
2025-03-05 22:13:03,347 : EventManager : Event: ======'machine_var_audits_switches_s_launcher_button'====== Args={'value': 4, 'prev_value': 3, 'change': 1}
2025-03-05 22:13:03,659 : EventManager : Event: ======'machine_var_audits_switches_s_playfield_entry'====== Args={'value': 3, 'prev_value': 2, 'change': 1}
2025-03-05 22:13:12,832 : EventManager : Event: ======'machine_var_audits_switches_s_trough2'====== Args={'value': 1, 'prev_value': 0, 'change': 1}
2025-03-05 22:13:13,370 : EventManager : Event: ======'player_ball'====== Args={'value': 3, 'prev_value': 2, 'change': 1, 'player_num': 1}
2025-03-05 22:13:15,250 : EventManager : Event: ======'machine_var_audits_switches_s_trough1'====== Args={'value': 2, 'prev_value': 1, 'change': 1}
2025-03-05 22:13:16,420 : EventManager : Event: ======'slides_play'====== Args={'settings': {'widgets': {'widgets': [{'type': 'text', 'text': 'PLAYER (number) BALL (ball)', '_default_settings': ['type', 'text'], 'x': None, 'y': None, 'anchor_x': 'center', 'anchor_y': 'center', 'round_anchor_x': None, 'round_anchor_y': None, 'opacity': 1.0, 'z': 0, 'reset_animations_events': {}, 'color': [1.0, 1.0, 1.0, 1.0], 'style': [], 'adjust_top': 0, 'adjust_bottom': 0, 'adjust_left': 0, 'adjust_right': 0, 'expire': None, 'key': None, 'widget': None, 'events_when_added': [], 'events_when_removed': [], 'font_size': 15, 'bitmap_font': False, 'font_kerning': True, 'bold': False, 'italic': False, 'number_grouping': False, 'min_digits': 0, 'halign': 'center', 'valign': 'middle', 'rotation': 0, 'scale': 1.0, 'casing': None, 'outline_color': [1.0, 1.0, 1.0, 1.0], 'outline_width': 0, 'animations': None}], 'target': None, 'background_color': [0.0, 0.0, 0.0, 1.0], 'priority': None, 'show': True, 'force': False, 'expire': None, 'slide': None, 'tokens': {}, 'action': 'play'}}, 'context': '_global', 'calling_context': 'ball_started', 'priority': 0, 'player': 1, 'ball': 3, 'balls_remaining': 0, 'is_extra_ball': False}
2025-03-05 22:13:16,423 : EventManager : Event: ======'slide__global.slide_player-ball_started_removed'====== Args={}
2025-03-05 22:13:16,437 : EventManager : Event: ======'slide__global.slide_player-ball_started_created'====== Args={}
2025-03-05 22:13:16,444 : EventManager : Event: ======'slide__global.slide_player-ball_started_active'====== Args={}
2025-03-05 22:13:16,474 : EventManager : Event: ======'machine_var_audits_switches_s_plunger_lane'====== Args={'value': 5, 'prev_value': 4, 'change': 1}
2025-03-05 22:13:16,536 : EventManager : Event: ======'machine_var_audits_switches_s_plunger_lane'====== Args={'value': 6, 'prev_value': 5, 'change': 1}
2025-03-05 22:13:17,097 : EventManager : Event: ======'machine_var_audits_switches_s_playfield_entry'====== Args={'value': 4, 'prev_value': 3, 'change': 1}
2025-03-05 22:13:21,734 : EventManager : Event: ======'machine_var_audits_switches_s_trough1'====== Args={'value': 3, 'prev_value': 2, 'change': 1}
2025-03-05 22:13:22,271 : EventManager : Event: ======'machine_var_player1_score'====== Args={'value': 0, 'prev_value': None, 'change': True}
2025-03-05 22:13:22,358 : EventManager : Event: ======'sounds_play'====== Args={'settings': {'main': {'action': 'play', 'priority': None, 'block': False, 'delay': None, 'track': None, 'volume': None, 'ducking': {}, 'pan': None, 'loops': None, 'start_at': None, 'fade_in': None, 'fade_out': None, 'about_to_finish_time': -1.0, 'max_queue_time': -1.0, 'events_when_played': ['use_sound_setting'], 'events_when_stopped': ['use_sound_setting'], 'events_when_looping': ['use_sound_setting'], 'events_when_about_to_finish': ['use_sound_setting'], 'mode_end_action': 'use_sound_setting', 'key': 'use_sound_setting'}}, 'context': '_global', 'calling_context': 'mode_attract_started', 'priority': 0}
2025-03-05 22:13:22,358 : EventManager : Event: ======'game_ended'====== Args={}
2025-03-05 22:13:31,328 : EventManager : Event: ======'game_started'====== Args={}
2025-03-05 22:13:31,354 : EventManager : Event: ======'sounds_play'====== Args={'settings': {'main': {'action': 'stop', 'priority': None, 'block': False, 'delay': None, 'track': None, 'volume': None, 'ducking': {}, 'pan': None, 'loops': None, 'start_at': None, 'fade_in': None, 'fade_out': None, 'about_to_finish_time': -1.0, 'max_queue_time': -1.0, 'events_when_played': ['use_sound_setting'], 'events_when_stopped': ['use_sound_setting'], 'events_when_looping': ['use_sound_setting'], 'events_when_about_to_finish': ['use_sound_setting'], 'mode_end_action': 'use_sound_setting', 'key': 'use_sound_setting'}}, 'context': '_global', 'calling_context': 'mode_attract_stopped', 'priority': 0}
2025-03-05 22:13:31,355 : EventManager : Event: ======'player_added'====== Args={'player': <Player 1>, 'num': 1}
2025-03-05 22:13:31,355 : EventManager : Event: ======'player_index'====== Args={'value': 0, 'prev_value': 0, 'change': 0, 'player_num': 1}
2025-03-05 22:13:31,355 : EventManager : Event: ======'player_number'====== Args={'value': 1, 'prev_value': 1, 'change': 0, 'player_num': 1}
2025-03-05 22:13:31,355 : EventManager : Event: ======'player_score'====== Args={'value': 0, 'prev_value': 0, 'change': 0, 'player_num': 1}
2025-03-05 22:13:31,366 : EventManager : Event: ======'player_ball'====== Args={'value': 1, 'prev_value': 0, 'change': 1, 'player_num': 1}
2025-03-05 22:13:31,366 : EventManager : Event: ======'player_turn_start'====== Args={'number': 1, 'player': <Player 1>}
2025-03-05 22:13:31,367 : EventManager : Event: ======'slides_play'====== Args={'settings': {'widgets': {'widgets': [{'type': 'text', 'text': 'PLAYER (number) BALL (ball)', '_default_settings': ['type', 'text'], 'x': None, 'y': None, 'anchor_x': 'center', 'anchor_y': 'center', 'round_anchor_x': None, 'round_anchor_y': None, 'opacity': 1.0, 'z': 0, 'reset_animations_events': {}, 'color': [1.0, 1.0, 1.0, 1.0], 'style': [], 'adjust_top': 0, 'adjust_bottom': 0, 'adjust_left': 0, 'adjust_right': 0, 'expire': None, 'key': None, 'widget': None, 'events_when_added': [], 'events_when_removed': [], 'font_size': 15, 'bitmap_font': False, 'font_kerning': True, 'bold': False, 'italic': False, 'number_grouping': False, 'min_digits': 0, 'halign': 'center', 'valign': 'middle', 'rotation': 0, 'scale': 1.0, 'casing': None, 'outline_color': [1.0, 1.0, 1.0, 1.0], 'outline_width': 0, 'animations': None}], 'target': None, 'background_color': [0.0, 0.0, 0.0, 1.0], 'priority': None, 'show': True, 'force': False, 'expire': None, 'slide': None, 'tokens': {}, 'action': 'play'}}, 'context': '_global', 'calling_context': 'ball_started', 'priority': 0, 'player': 1, 'ball': 1, 'balls_remaining': 2, 'is_extra_ball': False}
2025-03-05 22:13:31,367 : EventManager : Event: ======'slide__global.slide_player-ball_started_removed'====== Args={}
2025-03-05 22:13:31,369 : EventManager : Event: ======'slide__global.slide_player-ball_started_created'====== Args={}
2025-03-05 22:13:31,370 : EventManager : Event: ======'slide__global.slide_player-ball_started_active'====== Args={}
2025-03-05 22:13:31,439 : EventManager : Event: ======'machine_var_audits_switches_s_plunger_lane'====== Args={'value': 7, 'prev_value': 6, 'change': 1}
2025-03-05 22:13:31,489 : EventManager : Event: ======'machine_var_audits_switches_s_plunger_lane'====== Args={'value': 8, 'prev_value': 7, 'change': 1}
2025-03-05 22:13:32,076 : EventManager : Event: ======'machine_var_audits_switches_s_playfield_entry'====== Args={'value': 5, 'prev_value': 4, 'change': 1}
2025-03-05 22:13:36,676 : EventManager : Event: ======'machine_var_audits_switches_s_trough1'====== Args={'value': 4, 'prev_value': 3, 'change': 1}
2025-03-05 22:13:37,196 : EventManager : Event: ======'player_ball'====== Args={'value': 2, 'prev_value': 1, 'change': 1, 'player_num': 1}
2025-03-05 22:13:37,209 : EventManager : Event: ======'slides_play'====== Args={'settings': {'widgets': {'widgets': [{'type': 'text', 'text': 'PLAYER (number) BALL (ball)', '_default_settings': ['type', 'text'], 'x': None, 'y': None, 'anchor_x': 'center', 'anchor_y': 'center', 'round_anchor_x': None, 'round_anchor_y': None, 'opacity': 1.0, 'z': 0, 'reset_animations_events': {}, 'color': [1.0, 1.0, 1.0, 1.0], 'style': [], 'adjust_top': 0, 'adjust_bottom': 0, 'adjust_left': 0, 'adjust_right': 0, 'expire': None, 'key': None, 'widget': None, 'events_when_added': [], 'events_when_removed': [], 'font_size': 15, 'bitmap_font': False, 'font_kerning': True, 'bold': False, 'italic': False, 'number_grouping': False, 'min_digits': 0, 'halign': 'center', 'valign': 'middle', 'rotation': 0, 'scale': 1.0, 'casing': None, 'outline_color': [1.0, 1.0, 1.0, 1.0], 'outline_width': 0, 'animations': None}], 'target': None, 'background_color': [0.0, 0.0, 0.0, 1.0], 'priority': None, 'show': True, 'force': False, 'expire': None, 'slide': None, 'tokens': {}, 'action': 'play'}}, 'context': '_global', 'calling_context': 'ball_started', 'priority': 0, 'player': 1, 'ball': 2, 'balls_remaining': 1, 'is_extra_ball': False}
2025-03-05 22:13:37,209 : EventManager : Event: ======'slide__global.slide_player-ball_started_removed'====== Args={}
2025-03-05 22:13:37,211 : EventManager : Event: ======'slide__global.slide_player-ball_started_created'====== Args={}
2025-03-05 22:13:37,212 : EventManager : Event: ======'slide__global.slide_player-ball_started_active'====== Args={}
2025-03-05 22:13:37,259 : EventManager : Event: ======'machine_var_audits_switches_s_plunger_lane'====== Args={'value': 9, 'prev_value': 8, 'change': 1}
2025-03-05 22:13:37,320 : EventManager : Event: ======'machine_var_audits_switches_s_plunger_lane'====== Args={'value': 10, 'prev_value': 9, 'change': 1}
2025-03-05 22:13:37,893 : EventManager : Event: ======'machine_var_audits_switches_s_playfield_entry'====== Args={'value': 6, 'prev_value': 5, 'change': 1}
2025-03-05 22:13:40,313 : EventManager : Event: ======'machine_var_audits_switches_s_trough1'====== Args={'value': 5, 'prev_value': 4, 'change': 1}
2025-03-05 22:13:40,836 : EventManager : Event: ======'player_ball'====== Args={'value': 3, 'prev_value': 2, 'change': 1, 'player_num': 1}
2025-03-05 22:13:40,848 : EventManager : Event: ======'slides_play'====== Args={'settings': {'widgets': {'widgets': [{'type': 'text', 'text': 'PLAYER (number) BALL (ball)', '_default_settings': ['type', 'text'], 'x': None, 'y': None, 'anchor_x': 'center', 'anchor_y': 'center', 'round_anchor_x': None, 'round_anchor_y': None, 'opacity': 1.0, 'z': 0, 'reset_animations_events': {}, 'color': [1.0, 1.0, 1.0, 1.0], 'style': [], 'adjust_top': 0, 'adjust_bottom': 0, 'adjust_left': 0, 'adjust_right': 0, 'expire': None, 'key': None, 'widget': None, 'events_when_added': [], 'events_when_removed': [], 'font_size': 15, 'bitmap_font': False, 'font_kerning': True, 'bold': False, 'italic': False, 'number_grouping': False, 'min_digits': 0, 'halign': 'center', 'valign': 'middle', 'rotation': 0, 'scale': 1.0, 'casing': None, 'outline_color': [1.0, 1.0, 1.0, 1.0], 'outline_width': 0, 'animations': None}], 'target': None, 'background_color': [0.0, 0.0, 0.0, 1.0], 'priority': None, 'show': True, 'force': False, 'expire': None, 'slide': None, 'tokens': {}, 'action': 'play'}}, 'context': '_global', 'calling_context': 'ball_started', 'priority': 0, 'player': 1, 'ball': 3, 'balls_remaining': 0, 'is_extra_ball': False}
2025-03-05 22:13:40,848 : EventManager : Event: ======'slide__global.slide_player-ball_started_removed'====== Args={}
2025-03-05 22:13:40,851 : EventManager : Event: ======'slide__global.slide_player-ball_started_created'====== Args={}
2025-03-05 22:13:40,853 : EventManager : Event: ======'slide__global.slide_player-ball_started_active'====== Args={}
2025-03-05 22:13:40,905 : EventManager : Event: ======'machine_var_audits_switches_s_plunger_lane'====== Args={'value': 11, 'prev_value': 10, 'change': 1}
2025-03-05 22:13:40,943 : EventManager : Event: ======'machine_var_audits_switches_s_plunger_lane'====== Args={'value': 12, 'prev_value': 11, 'change': 1}
2025-03-05 22:13:41,604 : EventManager : Event: ======'machine_var_audits_switches_s_playfield_entry'====== Args={'value': 7, 'prev_value': 6, 'change': 1}
2025-03-05 22:13:43,479 : EventManager : Event: ======'machine_var_audits_switches_s_trough1'====== Args={'value': 6, 'prev_value': 5, 'change': 1}
2025-03-05 22:13:44,004 : EventManager : Event: ======'sounds_play'====== Args={'settings': {'main': {'action': 'play', 'priority': None, 'block': False, 'delay': None, 'track': None, 'volume': None, 'ducking': {}, 'pan': None, 'loops': None, 'start_at': None, 'fade_in': None, 'fade_out': None, 'about_to_finish_time': -1.0, 'max_queue_time': -1.0, 'events_when_played': ['use_sound_setting'], 'events_when_stopped': ['use_sound_setting'], 'events_when_looping': ['use_sound_setting'], 'events_when_about_to_finish': ['use_sound_setting'], 'mode_end_action': 'use_sound_setting', 'key': 'use_sound_setting'}}, 'context': '_global', 'calling_context': 'mode_attract_started', 'priority': 0}
2025-03-05 22:13:44,016 : EventManager : Event: ======'game_ended'====== Args={}
2025-03-05 22:13:48,150 : EventManager : Event: ======'game_started'====== Args={}
2025-03-05 22:13:48,201 : EventManager : Event: ======'sounds_play'====== Args={'settings': {'main': {'action': 'stop', 'priority': None, 'block': False, 'delay': None, 'track': None, 'volume': None, 'ducking': {}, 'pan': None, 'loops': None, 'start_at': None, 'fade_in': None, 'fade_out': None, 'about_to_finish_time': -1.0, 'max_queue_time': -1.0, 'events_when_played': ['use_sound_setting'], 'events_when_stopped': ['use_sound_setting'], 'events_when_looping': ['use_sound_setting'], 'events_when_about_to_finish': ['use_sound_setting'], 'mode_end_action': 'use_sound_setting', 'key': 'use_sound_setting'}}, 'context': '_global', 'calling_context': 'mode_attract_stopped', 'priority': 0}
2025-03-05 22:13:48,201 : EventManager : Event: ======'player_added'====== Args={'player': <Player 1>, 'num': 1}
2025-03-05 22:13:48,201 : EventManager : Event: ======'player_index'====== Args={'value': 0, 'prev_value': 0, 'change': 0, 'player_num': 1}
2025-03-05 22:13:48,202 : EventManager : Event: ======'player_number'====== Args={'value': 1, 'prev_value': 1, 'change': 0, 'player_num': 1}
2025-03-05 22:13:48,202 : EventManager : Event: ======'player_score'====== Args={'value': 0, 'prev_value': 0, 'change': 0, 'player_num': 1}
2025-03-05 22:13:48,225 : EventManager : Event: ======'player_ball'====== Args={'value': 1, 'prev_value': 0, 'change': 1, 'player_num': 1}
2025-03-05 22:13:48,236 : EventManager : Event: ======'player_turn_start'====== Args={'number': 1, 'player': <Player 1>}
2025-03-05 22:13:48,270 : EventManager : Event: ======'slides_play'====== Args={'settings': {'widgets': {'widgets': [{'type': 'text', 'text': 'PLAYER (number) BALL (ball)', '_default_settings': ['type', 'text'], 'x': None, 'y': None, 'anchor_x': 'center', 'anchor_y': 'center', 'round_anchor_x': None, 'round_anchor_y': None, 'opacity': 1.0, 'z': 0, 'reset_animations_events': {}, 'color': [1.0, 1.0, 1.0, 1.0], 'style': [], 'adjust_top': 0, 'adjust_bottom': 0, 'adjust_left': 0, 'adjust_right': 0, 'expire': None, 'key': None, 'widget': None, 'events_when_added': [], 'events_when_removed': [], 'font_size': 15, 'bitmap_font': False, 'font_kerning': True, 'bold': False, 'italic': False, 'number_grouping': False, 'min_digits': 0, 'halign': 'center', 'valign': 'middle', 'rotation': 0, 'scale': 1.0, 'casing': None, 'outline_color': [1.0, 1.0, 1.0, 1.0], 'outline_width': 0, 'animations': None}], 'target': None, 'background_color': [0.0, 0.0, 0.0, 1.0], 'priority': None, 'show': True, 'force': False, 'expire': None, 'slide': None, 'tokens': {}, 'action': 'play'}}, 'context': '_global', 'calling_context': 'ball_started', 'priority': 0, 'player': 1, 'ball': 1, 'balls_remaining': 2, 'is_extra_ball': False}
2025-03-05 22:13:48,271 : EventManager : Event: ======'slide__global.slide_player-ball_started_removed'====== Args={}
2025-03-05 22:13:48,281 : EventManager : Event: ======'slide__global.slide_player-ball_started_created'====== Args={}
2025-03-05 22:13:48,286 : EventManager : Event: ======'slide__global.slide_player-ball_started_active'====== Args={}
2025-03-05 22:13:48,352 : EventManager : Event: ======'machine_var_audits_switches_s_plunger_lane'====== Args={'value': 13, 'prev_value': 12, 'change': 1}
2025-03-05 22:13:48,390 : EventManager : Event: ======'machine_var_audits_switches_s_plunger_lane'====== Args={'value': 14, 'prev_value': 13, 'change': 1}
2025-03-05 22:13:48,975 : EventManager : Event: ======'machine_var_audits_switches_s_playfield_entry'====== Args={'value': 8, 'prev_value': 7, 'change': 1}
2025-03-05 22:13:50,886 : kivy : Base: Leaving application in progress...
2025-03-05 22:13:50,886 : mpfmc : Stopping...
2025-03-05 22:13:50,886 : EventManager : Event: ======'shutdown'====== Args={}
2025-03-05 22:13:50,886 : AudioInterface : Disabling audio playback
2025-03-05 22:13:51,045 : mpfmc : Loop rate 75.85 Hz
2025-03-05 22:13:51,045 : root : MC run loop ended.
2025-03-05 22:13:51,047 : root : Stopping child threads... (2 remaining)
2025-03-05 22:13:51,487 : mpfmc : Stopping...
2025-03-05 22:13:51,488 : EventManager : Event: ======'shutdown'====== Args={}
2025-03-05 22:13:51,488 : mpfmc : Loop rate 75.44 Hz
2025-03-05 22:13:51,498 : MPF-MC BCP Server : Stopping BCP sending thread
2025-03-05 22:13:51,551 : root : All child threads stopped.
