2025-03-22 23:13:01,922 : INFO : root : Loading config.
2025-03-22 23:13:01,925 : INFO : YamlMultifileConfigLoader : Machine config file #1: config.yaml
2025-03-22 23:13:01,926 : INFO : ConfigProcessor : Loading config from cache: C:\Users\duffb\AppData\Local\Temp\cadfdee4981114acd6fff59d1071b59b.mpf_cache
2025-03-22 23:13:02,013 : INFO : ConfigProcessor : Loading config from cache: C:\Users\duffb\AppData\Local\Temp\ee7db1e8d011f44c876692bb4657f2e9.mpf_cache
2025-03-22 23:13:02,014 : INFO : ConfigProcessor : Loading config from cache: C:\Users\duffb\AppData\Local\Temp\9f058d482eac17116727d62a93500be7.mpf_cache
2025-03-22 23:13:02,015 : INFO : ConfigProcessor : Loading config from cache: C:\Users\duffb\AppData\Local\Temp\2c9362052ff91db960f514d041b7f4e4.mpf_cache
2025-03-22 23:13:02,016 : INFO : ConfigProcessor : Loading config from cache: C:\Users\duffb\AppData\Local\Temp\9e006ea23aa21ec68e01f6c49afad9f4.mpf_cache
2025-03-22 23:13:02,017 : INFO : ConfigProcessor : Loading config from cache: C:\Users\duffb\AppData\Local\Temp\fd253b339e263587268891c4dd997fbd.mpf_cache
2025-03-22 23:13:02,017 : INFO : ConfigProcessor : Loading config from cache: C:\Users\duffb\AppData\Local\Temp\c114ce798d07012a33b8b14d8f953bb7.mpf_cache
2025-03-22 23:13:02,018 : INFO : ConfigProcessor : Loading config from cache: C:\Users\duffb\AppData\Local\Temp\ef70c2e65c3659b77bacdd3a7a24b233.mpf_cache
2025-03-22 23:13:02,019 : INFO : ConfigProcessor : Loading config from cache: C:\Users\duffb\AppData\Local\Temp\ec6e376f0ea10a5fdf8f7130b4bbbe7c.mpf_cache
2025-03-22 23:13:02,019 : INFO : Machine : Mission Pinball Framework Core Engine v0.57.0
2025-03-22 23:13:02,019 : INFO : Machine : Command line arguments: {'no_load_cache': False, 'create_config_cache': True, 'bcp': True, 'configfile': ['config.yaml'], 'force_assets_load': False, 'platform_integration_test': False, 'jsonlogging': False, 'logfile': 'logs\\2025-03-22-23-13-01-mpf-T0SHIII.log', 'pause': False, 'production': False, 'text_ui': True, 'loglevel': 15, 'consoleloglevel': 20, 'force_platform': None, 'syslog_address': None, 'mc_file_name': None, 'no_sound': False}
2025-03-22 23:13:02,019 : INFO : Machine : MPF path: C:\Users\duffb\.pyenv\pyenv-win\versions\3.11.0\Lib\site-packages\mpf
2025-03-22 23:13:02,019 : INFO : Machine : Machine path: C:\Users\duffb\OneDrive\Documents\Python Envs\PinBallWW1\Machine
2025-03-22 23:13:02,019 : INFO : Machine : Platform: win32
2025-03-22 23:13:02,019 : INFO : Machine : Python executable location: C:\Users\duffb\.pyenv\pyenv-win\versions\3.11.0\python.exe
2025-03-22 23:13:02,019 : INFO : Machine : Python version: 3.11.0 (64-bit)
2025-03-22 23:13:02,021 : INFO : Machine : Initializing MPF...
2025-03-22 23:13:02,229 : INFO : EventManager : Event: ======'machine_var_credits_string'====== Args={'value': 'FREE PLAY', 'prev_value': None, 'change': True}
2025-03-22 23:13:02,286 : INFO : EventManager : Event: ======'machine_var_master_volume'====== Args={'value': 0.5, 'prev_value': None, 'change': True}
2025-03-22 23:13:02,286 : INFO : EventManager : Event: ======'machine_var_player1_score'====== Args={'value': 8000, 'prev_value': None, 'change': True}
2025-03-22 23:13:02,286 : INFO : EventManager : Event: ======'machine_var_player2_score'====== Args={'value': 1000, 'prev_value': None, 'change': True}
2025-03-22 23:13:02,286 : INFO : EventManager : Event: ======'machine_var_mpf_version'====== Args={'value': 'Mission Pinball Framework v0.57.0', 'prev_value': None, 'change': True}
2025-03-22 23:13:02,286 : INFO : EventManager : Event: ======'machine_var_mpf_extended_version'====== Args={'value': 'Mission Pinball Framework v0.57.0, Config version:6, Show version: 6, BCP version:1.1', 'prev_value': None, 'change': True}
2025-03-22 23:13:02,286 : INFO : EventManager : Event: ======'machine_var_python_version'====== Args={'value': '3.11.0', 'prev_value': None, 'change': True}
2025-03-22 23:13:02,302 : INFO : EventManager : Event: ======'machine_var_platform'====== Args={'value': 'Windows-10-10.0.26100-SP0', 'prev_value': None, 'change': True}
2025-03-22 23:13:02,302 : INFO : EventManager : Event: ======'machine_var_platform_system'====== Args={'value': 'Windows', 'prev_value': None, 'change': True}
2025-03-22 23:13:02,302 : INFO : EventManager : Event: ======'machine_var_platform_release'====== Args={'value': '10', 'prev_value': None, 'change': True}
2025-03-22 23:13:02,302 : INFO : EventManager : Event: ======'machine_var_platform_version'====== Args={'value': '10.0.26100', 'prev_value': None, 'change': True}
2025-03-22 23:13:02,302 : INFO : EventManager : Event: ======'machine_var_platform_machine'====== Args={'value': 'AMD64', 'prev_value': None, 'change': True}
2025-03-22 23:13:02,302 : INFO : EventManager : Event: ======'init_phase_1'====== Args={}
2025-03-22 23:13:02,327 : INFO : EventManager : Event: ======'init_phase_2'====== Args={}
2025-03-22 23:13:02,327 : INFO : SwitchController : Found active switch: ('3', <Platform.SmartVirtual>) <switch.s_trough1>
2025-03-22 23:13:02,327 : INFO : SwitchController : Found active switch: ('4', <Platform.SmartVirtual>) <switch.s_trough2>
2025-03-22 23:13:02,327 : INFO : SwitchController : Found active switch: ('5', <Platform.SmartVirtual>) <switch.s_trough3>
2025-03-22 23:13:02,329 : INFO : EventManager : Event: ======'bcp_connection_attempt'====== Args={'name': 'local_display', 'host': 'localhost', 'port': 5050}
2025-03-22 23:13:02,332 : INFO : BCPClientSocket : Connecting BCP to 'local_display' at localhost:5050...
2025-03-22 23:13:04,388 : INFO : BCPClientSocket : Connected BCP to 'local_display' localhost:5050
2025-03-22 23:13:04,389 : INFO : EventManager : Event: ======'bcp_clients_connected'====== Args={}
2025-03-22 23:13:04,671 : INFO : ball_device.bd_trough : BCH: Initial count: 3
2025-03-22 23:13:04,671 : INFO : EventManager : Event: ======'machine_var_mc_version'====== Args={'value': 'MPF-MC v0.57.1', 'prev_value': None, 'change': True}
2025-03-22 23:13:04,672 : INFO : EventManager : Event: ======'machine_var_mc_extended_version'====== Args={'value': 'MPF-MC v0.57.1 (config_version=6, BCP v1.1,                      Requires MPF API compatibility v0.57.0 or newer)', 'prev_value': None, 'change': True}
2025-03-22 23:13:04,673 : INFO : ball_device.bd_trough : State: idle
2025-03-22 23:13:04,734 : INFO : ball_device.bd_plunger_lane : BCH: Initial count: 0
2025-03-22 23:13:04,734 : INFO : ball_device.bd_plunger_lane : State: idle
2025-03-22 23:13:04,743 : INFO : EventManager : Event: ======'init_phase_3'====== Args={}
2025-03-22 23:13:04,750 : INFO : EventManager : Event: ======'init_phase_4'====== Args={}
2025-03-22 23:13:04,751 : INFO : BallController : Initial balls found: 3
2025-03-22 23:13:04,751 : INFO : EventManager : Event: ======'machine_var_audits_events_game_ended'====== Args={'value': 13, 'prev_value': None, 'change': True}
2025-03-22 23:13:04,752 : INFO : EventManager : Event: ======'machine_var_audits_events_game_started'====== Args={'value': 78, 'prev_value': None, 'change': True}
2025-03-22 23:13:04,752 : INFO : EventManager : Event: ======'machine_var_audits_missing_switches_s_Lane1'====== Args={'value': 1, 'prev_value': None, 'change': True}
2025-03-22 23:13:04,752 : INFO : EventManager : Event: ======'machine_var_audits_missing_switches_s_Lane2'====== Args={'value': 6, 'prev_value': None, 'change': True}
2025-03-22 23:13:04,752 : INFO : EventManager : Event: ======'machine_var_audits_missing_switches_s_Lane3'====== Args={'value': 6, 'prev_value': None, 'change': True}
2025-03-22 23:13:04,752 : INFO : EventManager : Event: ======'machine_var_audits_missing_switches_s_Lane4'====== Args={'value': 1, 'prev_value': None, 'change': True}
2025-03-22 23:13:04,752 : INFO : EventManager : Event: ======'machine_var_audits_missing_switches_s_Target1'====== Args={'value': 5, 'prev_value': None, 'change': True}
2025-03-22 23:13:04,752 : INFO : EventManager : Event: ======'machine_var_audits_missing_switches_s_Target2'====== Args={'value': 5, 'prev_value': None, 'change': True}
2025-03-22 23:13:04,752 : INFO : EventManager : Event: ======'machine_var_audits_missing_switches_s_Target3'====== Args={'value': 5, 'prev_value': None, 'change': True}
2025-03-22 23:13:04,752 : INFO : EventManager : Event: ======'machine_var_audits_missing_switches_s_Target4'====== Args={'value': 5, 'prev_value': None, 'change': True}
2025-03-22 23:13:04,752 : INFO : EventManager : Event: ======'machine_var_audits_missing_switches_s_drain'====== Args={'value': 6, 'prev_value': None, 'change': True}
2025-03-22 23:13:04,752 : INFO : EventManager : Event: ======'machine_var_audits_missing_switches_s_left_flipper'====== Args={'value': 26, 'prev_value': None, 'change': True}
2025-03-22 23:13:04,752 : INFO : EventManager : Event: ======'machine_var_audits_missing_switches_s_playfield_entry'====== Args={'value': 1, 'prev_value': None, 'change': True}
2025-03-22 23:13:04,752 : INFO : EventManager : Event: ======'machine_var_audits_missing_switches_s_right_flipper'====== Args={'value': 26, 'prev_value': None, 'change': True}
2025-03-22 23:13:04,752 : INFO : EventManager : Event: ======'machine_var_audits_missing_switches_s_start_button'====== Args={'value': 13, 'prev_value': None, 'change': True}
2025-03-22 23:13:04,752 : INFO : EventManager : Event: ======'machine_var_audits_missing_switches_s_trough1'====== Args={'value': 31, 'prev_value': None, 'change': True}
2025-03-22 23:13:04,752 : INFO : EventManager : Event: ======'machine_var_audits_missing_switches_s_trough2'====== Args={'value': 34, 'prev_value': None, 'change': True}
2025-03-22 23:13:04,753 : INFO : EventManager : Event: ======'machine_var_audits_missing_switches_s_trough3'====== Args={'value': 38, 'prev_value': None, 'change': True}
2025-03-22 23:13:04,753 : INFO : EventManager : Event: ======'machine_var_audits_missing_switches_s_trough_enter'====== Args={'value': 33, 'prev_value': None, 'change': True}
2025-03-22 23:13:04,753 : INFO : EventManager : Event: ======'machine_var_audits_player_score'====== Args={'value': {'average': 124, 'top': [8000, 1000, 0, 0, 0, 0, 0, 0, 0, 0], 'total': 16}, 'prev_value': None, 'change': True}
2025-03-22 23:13:04,753 : INFO : EventManager : Event: ======'machine_var_audits_switches_s_Lane1'====== Args={'value': 47, 'prev_value': None, 'change': True}
2025-03-22 23:13:04,753 : INFO : EventManager : Event: ======'machine_var_audits_switches_s_Lane2'====== Args={'value': 26, 'prev_value': None, 'change': True}
2025-03-22 23:13:04,753 : INFO : EventManager : Event: ======'machine_var_audits_switches_s_Lane3'====== Args={'value': 24, 'prev_value': None, 'change': True}
2025-03-22 23:13:04,753 : INFO : EventManager : Event: ======'machine_var_audits_switches_s_Lane4'====== Args={'value': 31, 'prev_value': None, 'change': True}
2025-03-22 23:13:04,753 : INFO : EventManager : Event: ======'machine_var_audits_switches_s_Target1'====== Args={'value': 69, 'prev_value': None, 'change': True}
2025-03-22 23:13:04,753 : INFO : EventManager : Event: ======'machine_var_audits_switches_s_Target2'====== Args={'value': 62, 'prev_value': None, 'change': True}
2025-03-22 23:13:04,754 : INFO : EventManager : Event: ======'machine_var_audits_switches_s_Target3'====== Args={'value': 69, 'prev_value': None, 'change': True}
2025-03-22 23:13:04,754 : INFO : EventManager : Event: ======'machine_var_audits_switches_s_Target4'====== Args={'value': 58, 'prev_value': None, 'change': True}
2025-03-22 23:13:04,754 : INFO : EventManager : Event: ======'machine_var_audits_switches_s_drain'====== Args={'value': 0, 'prev_value': None, 'change': True}
2025-03-22 23:13:04,754 : INFO : EventManager : Event: ======'machine_var_audits_switches_s_launcher_button'====== Args={'value': 169, 'prev_value': None, 'change': True}
2025-03-22 23:13:04,754 : INFO : EventManager : Event: ======'machine_var_audits_switches_s_left_flipper'====== Args={'value': 103, 'prev_value': None, 'change': True}
2025-03-22 23:13:04,754 : INFO : EventManager : Event: ======'machine_var_audits_switches_s_playfield_entry'====== Args={'value': 213, 'prev_value': None, 'change': True}
2025-03-22 23:13:04,754 : INFO : EventManager : Event: ======'machine_var_audits_switches_s_plunger_lane'====== Args={'value': 162, 'prev_value': None, 'change': True}
2025-03-22 23:13:04,754 : INFO : EventManager : Event: ======'machine_var_audits_switches_s_pointTarget'====== Args={'value': 193, 'prev_value': None, 'change': True}
2025-03-22 23:13:04,755 : INFO : EventManager : Event: ======'machine_var_audits_switches_s_right_flipper'====== Args={'value': 95, 'prev_value': None, 'change': True}
2025-03-22 23:13:04,755 : INFO : EventManager : Event: ======'machine_var_audits_switches_s_start_button'====== Args={'value': 0, 'prev_value': None, 'change': True}
2025-03-22 23:13:04,755 : INFO : EventManager : Event: ======'machine_var_audits_switches_s_trough1'====== Args={'value': 109, 'prev_value': None, 'change': True}
2025-03-22 23:13:04,755 : INFO : EventManager : Event: ======'machine_var_audits_switches_s_trough2'====== Args={'value': 17, 'prev_value': None, 'change': True}
2025-03-22 23:13:04,755 : INFO : EventManager : Event: ======'machine_var_audits_switches_s_trough3'====== Args={'value': 14, 'prev_value': None, 'change': True}
2025-03-22 23:13:04,755 : INFO : EventManager : Event: ======'machine_var_audits_switches_s_trough_enter'====== Args={'value': 1, 'prev_value': None, 'change': True}
2025-03-22 23:13:04,756 : INFO : EventManager : Event: ======'init_phase_5'====== Args={}
2025-03-22 23:13:04,786 : INFO : EventManager : Event: ======'init_done'====== Args={}
2025-03-22 23:13:04,787 : INFO : EventManager : Event: ======'machine_reset_phase_1'====== Args={}
2025-03-22 23:13:04,796 : INFO : EventManager : Event: ======'slide_welcome_slide_removed'====== Args={'_from_bcp': True}
2025-03-22 23:13:04,799 : INFO : EventManager : Event: ======'slide_welcome_slide_created'====== Args={'_from_bcp': True}
2025-03-22 23:13:04,800 : INFO : EventManager : Event: ======'slide_welcome_slide_active'====== Args={'_from_bcp': True}
2025-03-22 23:13:04,800 : INFO : EventManager : Event: ======'machine_reset_phase_2'====== Args={}
2025-03-22 23:13:04,800 : INFO : EventManager : Event: ======'machine_reset_phase_3'====== Args={}
2025-03-22 23:13:04,801 : INFO : EventManager : Event: ======'reset_complete'====== Args={}
2025-03-22 23:13:04,801 : INFO : EventManager : Event: ======'mode_attract_will_start'====== Args={}
2025-03-22 23:13:04,801 : INFO : EventManager : Event: ======'mode_attract_starting'====== Args={}
2025-03-22 23:13:04,801 : INFO : Mode.attract : Started. Priority: 10
2025-03-22 23:13:04,801 : INFO : EventManager : Event: ======'modes_active_modes_changed'====== Args={}
2025-03-22 23:13:04,802 : INFO : EventManager : Event: ======'mode_attract_started'====== Args={}
2025-03-22 23:13:04,802 : INFO : EventManager : Event: ======'cmd_flipper_disable'====== Args={'priority': 0}
2025-03-22 23:13:04,802 : INFO : EventManager : Event: ======'cmd_launcher_disable'====== Args={'priority': 0}
2025-03-22 23:13:04,802 : INFO : EventManager : Event: ======'collecting_balls_complete'====== Args={}
2025-03-22 23:13:04,835 : INFO : EventManager : Event: ======'slide_ship_slide_created'====== Args={'_from_bcp': True}
2025-03-22 23:13:04,836 : INFO : EventManager : Event: ======'slide_ship_slide_active'====== Args={'_from_bcp': True}
2025-03-22 23:13:04,836 : INFO : Machine : Starting the main run loop.
2025-03-22 23:13:05,154 : INFO : BcpServer : New client connected.
2025-03-22 23:13:09,836 : INFO : EventManager : Event: ======'slide_starting_slide_created'====== Args={'_from_bcp': True}
2025-03-22 23:13:09,844 : INFO : EventManager : Event: ======'slide_starting_slide_active'====== Args={'_from_bcp': True}
2025-03-22 23:13:14,838 : INFO : EventManager : Event: ======'slide_company_slide_created'====== Args={'_from_bcp': True}
2025-03-22 23:13:14,841 : INFO : EventManager : Event: ======'slide_company_slide_active'====== Args={'_from_bcp': True}
2025-03-22 23:13:19,834 : INFO : EventManager : Event: ======'slide_lastgame_slide_created'====== Args={'_from_bcp': True}
2025-03-22 23:13:19,841 : INFO : EventManager : Event: ======'slide_lastgame_slide_active'====== Args={'_from_bcp': True}
2025-03-22 23:13:24,819 : INFO : EventManager : Event: ======'slide_ship_slide_removed'====== Args={'_from_bcp': True}
2025-03-22 23:13:24,819 : INFO : EventManager : Event: ======'slide_ship_slide_created'====== Args={'_from_bcp': True}
2025-03-22 23:13:24,819 : INFO : EventManager : Event: ======'slide_ship_slide_active'====== Args={'_from_bcp': True}
2025-03-22 23:13:29,807 : INFO : EventManager : Event: ======'slide_starting_slide_removed'====== Args={'_from_bcp': True}
2025-03-22 23:13:29,809 : INFO : EventManager : Event: ======'slide_starting_slide_created'====== Args={'_from_bcp': True}
2025-03-22 23:13:29,811 : INFO : EventManager : Event: ======'slide_starting_slide_active'====== Args={'_from_bcp': True}
2025-03-22 23:13:34,833 : INFO : EventManager : Event: ======'slide_company_slide_removed'====== Args={'_from_bcp': True}
2025-03-22 23:13:34,838 : INFO : EventManager : Event: ======'slide_company_slide_created'====== Args={'_from_bcp': True}
2025-03-22 23:13:34,839 : INFO : EventManager : Event: ======'slide_company_slide_active'====== Args={'_from_bcp': True}
2025-03-22 23:13:39,809 : INFO : EventManager : Event: ======'slide_lastgame_slide_removed'====== Args={'_from_bcp': True}
2025-03-22 23:13:39,810 : INFO : EventManager : Event: ======'slide_lastgame_slide_created'====== Args={'_from_bcp': True}
2025-03-22 23:13:39,811 : INFO : EventManager : Event: ======'slide_lastgame_slide_active'====== Args={'_from_bcp': True}
2025-03-22 23:13:44,816 : INFO : EventManager : Event: ======'slide_ship_slide_removed'====== Args={'_from_bcp': True}
2025-03-22 23:13:44,822 : INFO : EventManager : Event: ======'slide_ship_slide_created'====== Args={'_from_bcp': True}
2025-03-22 23:13:44,825 : INFO : EventManager : Event: ======'slide_ship_slide_active'====== Args={'_from_bcp': True}
2025-03-22 23:13:49,820 : INFO : EventManager : Event: ======'slide_starting_slide_removed'====== Args={'_from_bcp': True}
2025-03-22 23:13:49,841 : INFO : EventManager : Event: ======'slide_starting_slide_created'====== Args={'_from_bcp': True}
2025-03-22 23:13:49,851 : INFO : EventManager : Event: ======'slide_starting_slide_active'====== Args={'_from_bcp': True}
2025-03-22 23:13:54,835 : INFO : EventManager : Event: ======'slide_company_slide_removed'====== Args={'_from_bcp': True}
2025-03-22 23:13:54,848 : INFO : EventManager : Event: ======'slide_company_slide_created'====== Args={'_from_bcp': True}
2025-03-22 23:13:54,854 : INFO : EventManager : Event: ======'slide_company_slide_active'====== Args={'_from_bcp': True}
2025-03-22 23:13:57,119 : INFO : SwitchController : <<<<<<< 's_launcher_button' active >>>>>>>
2025-03-22 23:13:57,196 : INFO : SwitchController : <<<<<<< 's_launcher_button' inactive >>>>>>>
2025-03-22 23:13:57,592 : INFO : SwitchController : <<<<<<< 's_launcher_button' active >>>>>>>
2025-03-22 23:13:57,709 : INFO : SwitchController : <<<<<<< 's_launcher_button' inactive >>>>>>>
2025-03-22 23:13:57,815 : INFO : SwitchController : <<<<<<< 's_launcher_button' active >>>>>>>
2025-03-22 23:13:57,947 : INFO : SwitchController : <<<<<<< 's_launcher_button' inactive >>>>>>>
2025-03-22 23:13:58,004 : INFO : SwitchController : <<<<<<< 's_launcher_button' active >>>>>>>
2025-03-22 23:13:58,132 : INFO : SwitchController : <<<<<<< 's_launcher_button' inactive >>>>>>>
2025-03-22 23:13:58,224 : INFO : SwitchController : <<<<<<< 's_launcher_button' active >>>>>>>
2025-03-22 23:13:58,356 : INFO : SwitchController : <<<<<<< 's_launcher_button' inactive >>>>>>>
2025-03-22 23:13:59,821 : INFO : EventManager : Event: ======'slide_lastgame_slide_removed'====== Args={'_from_bcp': True}
2025-03-22 23:13:59,824 : INFO : EventManager : Event: ======'slide_lastgame_slide_created'====== Args={'_from_bcp': True}
2025-03-22 23:13:59,833 : INFO : EventManager : Event: ======'slide_lastgame_slide_active'====== Args={'_from_bcp': True}
2025-03-22 23:14:04,849 : INFO : EventManager : Event: ======'slide_ship_slide_removed'====== Args={'_from_bcp': True}
2025-03-22 23:14:04,851 : INFO : EventManager : Event: ======'slide_ship_slide_created'====== Args={'_from_bcp': True}
2025-03-22 23:14:04,854 : INFO : EventManager : Event: ======'slide_ship_slide_active'====== Args={'_from_bcp': True}
2025-03-22 23:14:09,844 : INFO : EventManager : Event: ======'slide_starting_slide_removed'====== Args={'_from_bcp': True}
2025-03-22 23:14:09,848 : INFO : EventManager : Event: ======'slide_starting_slide_created'====== Args={'_from_bcp': True}
2025-03-22 23:14:09,857 : INFO : EventManager : Event: ======'slide_starting_slide_active'====== Args={'_from_bcp': True}
2025-03-22 23:14:14,823 : INFO : EventManager : Event: ======'slide_company_slide_removed'====== Args={'_from_bcp': True}
2025-03-22 23:14:14,830 : INFO : EventManager : Event: ======'slide_company_slide_created'====== Args={'_from_bcp': True}
2025-03-22 23:14:14,836 : INFO : EventManager : Event: ======'slide_company_slide_active'====== Args={'_from_bcp': True}
2025-03-22 23:14:18,854 : INFO : SwitchController : <<<<<<< 's_start_button' active >>>>>>>
2025-03-22 23:14:18,938 : INFO : SwitchController : <<<<<<< 's_start_button' inactive >>>>>>>
2025-03-22 23:14:18,938 : INFO : EventManager : Event: ======'request_to_start_game'====== Args={}
2025-03-22 23:14:18,939 : INFO : EventManager : Event: ======'game_start'====== Args={'buttons': [], 'hold_time': 0.07800000000861473}
2025-03-22 23:14:18,939 : INFO : EventManager : Event: ======'mode_game_will_start'====== Args={'buttons': [], 'hold_time': 0.07800000000861473}
2025-03-22 23:14:18,939 : INFO : EventManager : Event: ======'mode_game_starting'====== Args={'buttons': [], 'hold_time': 0.07800000000861473}
2025-03-22 23:14:18,940 : INFO : EventManager : Event: ======'mode_attract_will_stop'====== Args={}
2025-03-22 23:14:18,940 : INFO : EventManager : Event: ======'mode_attract_stopping'====== Args={}
2025-03-22 23:14:18,940 : INFO : Mode.attract : Stopped.
2025-03-22 23:14:18,940 : INFO : EventManager : Event: ======'modes_active_modes_changed'====== Args={}
2025-03-22 23:14:18,940 : INFO : EventManager : Event: ======'mode_attract_stopped'====== Args={}
2025-03-22 23:14:18,940 : INFO : EventManager : Event: ======'clear'====== Args={'key': 'attract'}
2025-03-22 23:14:18,942 : INFO : Mode.game : Started. Priority: 20
2025-03-22 23:14:18,942 : INFO : EventManager : Event: ======'modes_active_modes_changed'====== Args={}
2025-03-22 23:14:18,942 : INFO : EventManager : Event: ======'mode_game_started'====== Args={'buttons': [], 'hold_time': 0.07800000000861473}
2025-03-22 23:14:18,949 : INFO : EventManager : Event: ======'game_will_start'====== Args={}
2025-03-22 23:14:18,950 : INFO : EventManager : Event: ======'game_starting'====== Args={'game': <Mode.game>}
2025-03-22 23:14:18,951 : INFO : EventManager : Unordered handler for class <Auditor> on event game_ended with priority 1. Handlers: [RegisteredHandler(callback=<bound method Auditor.disable of <Auditor>>, priority=1, kwargs={}, key=UUID('97a87e22-6866-4b74-b8d8-5965d818d39d'), condition=None, blocking_facility=None), RegisteredHandler(callback=<bound method Auditor._save_audits of <Auditor>>, priority=1, kwargs={}, key=UUID('9ec3f707-8115-458d-82f3-219f4fa72043'), condition=None, blocking_facility=None)]. The order of those handlers is not defined and they will be executed in random order. This might lead to race conditions and potential bugs.
2025-03-22 23:14:18,951 : INFO : EventManager : Event: ======'player_add_request'====== Args={}
2025-03-22 23:14:18,951 : INFO : EventManager : Event: ======'player_will_add'====== Args={'number': 1}
2025-03-22 23:14:18,951 : INFO : EventManager : Event: ======'player_adding'====== Args={'player': <Player 1>, 'number': 1}
2025-03-22 23:14:18,951 : INFO : EventManager : Event: ======'player_added'====== Args={'player': <Player 1>, 'num': 1}
2025-03-22 23:14:18,951 : INFO : Mode.game : Player added successfully. Total players: 1
2025-03-22 23:14:18,951 : INFO : EventManager : Event: ======'player_index'====== Args={'value': 0, 'prev_value': 0, 'change': 0, 'player_num': 1}
2025-03-22 23:14:18,952 : INFO : EventManager : Event: ======'player_number'====== Args={'value': 1, 'prev_value': 1, 'change': 0, 'player_num': 1}
2025-03-22 23:14:18,952 : INFO : EventManager : Event: ======'player_score'====== Args={'value': 0, 'prev_value': 0, 'change': 0, 'player_num': 1}
2025-03-22 23:14:18,952 : INFO : EventManager : Event: ======'game_started'====== Args={}
2025-03-22 23:14:18,964 : INFO : EventManager : Event: ======'player_turn_will_start'====== Args={'player': <Player 1>, 'number': 1}
2025-03-22 23:14:18,966 : INFO : EventManager : Event: ======'slide_lastgame_slide_removed'====== Args={'_from_bcp': True}
2025-03-22 23:14:18,966 : INFO : EventManager : Event: ======'slide_ship_slide_removed'====== Args={'_from_bcp': True}
2025-03-22 23:14:18,966 : INFO : EventManager : Event: ======'slide_starting_slide_removed'====== Args={'_from_bcp': True}
2025-03-22 23:14:18,968 : INFO : EventManager : Event: ======'slide_company_slide_removed'====== Args={'_from_bcp': True}
2025-03-22 23:14:18,968 : INFO : EventManager : Event: ======'slide_welcome_slide_active'====== Args={'_from_bcp': True}
2025-03-22 23:14:18,968 : INFO : EventManager : Event: ======'player_turn_starting'====== Args={'player': <Player 1>, 'number': 1}
2025-03-22 23:14:18,968 : INFO : EventManager : Event: ======'player_ball'====== Args={'value': 1, 'prev_value': 0, 'change': 1, 'player_num': 1}
2025-03-22 23:14:18,968 : INFO : EventManager : Event: ======'player_turn_started'====== Args={'player': <Player 1>, 'number': 1}
2025-03-22 23:14:18,970 : INFO : EventManager : Event: ======'ball_will_start'====== Args={'player': 1, 'ball': 1, 'balls_remaining': 2, 'is_extra_ball': False}
2025-03-22 23:14:18,974 : INFO : EventManager : Event: ======'ball_starting'====== Args={'player': 1, 'ball': 1, 'balls_remaining': 2, 'is_extra_ball': False}
2025-03-22 23:14:18,975 : INFO : EventManager : Event: ======'balls_in_play'====== Args={'balls': 1}
2025-03-22 23:14:18,976 : INFO : EventManager : Event: ======'ball_started'====== Args={'player': 1, 'ball': 1, 'balls_remaining': 2, 'is_extra_ball': False}
2025-03-22 23:14:18,976 : INFO : EventManager : Event: ======'mode_intro_will_start'====== Args={'player': 1, 'ball': 1, 'balls_remaining': 2, 'is_extra_ball': False}
2025-03-22 23:14:18,977 : INFO : EventManager : Event: ======'mode_intro_starting'====== Args={'player': 1, 'ball': 1, 'balls_remaining': 2, 'is_extra_ball': False}
2025-03-22 23:14:18,977 : INFO : Mode.intro : Started. Priority: 200
2025-03-22 23:14:18,977 : INFO : EventManager : Event: ======'modes_active_modes_changed'====== Args={}
2025-03-22 23:14:18,977 : INFO : EventManager : Event: ======'mode_intro_started'====== Args={'player': 1, 'ball': 1, 'balls_remaining': 2, 'is_extra_ball': False}
2025-03-22 23:14:18,978 : INFO : EventManager : Event: ======'single_player_ball_started'====== Args={}
2025-03-22 23:14:19,010 : INFO : EventManager : Event: ======'ball_start_target'====== Args={'target': 'playfield'}
2025-03-22 23:14:19,011 : INFO : EventManager : Event: ======'slide_objective_slide_created'====== Args={'_from_bcp': True}
2025-03-22 23:14:19,011 : INFO : EventManager : Event: ======'slide_objective_slide_active'====== Args={'_from_bcp': True}
2025-03-22 23:14:19,011 : INFO : ball_device.bd_plunger_lane : Setting up player-controlled eject. Balls: 1, Target: <playfield.playfield>, player_controlled_eject_event: s_launcher_button_active{mode.base.active}
2025-03-22 23:14:19,011 : INFO : EventManager : Event: ======'balldevice_balls_available'====== Args={}
2025-03-22 23:14:19,012 : INFO : ball_device.bd_trough : State: waiting_for_target_ready
2025-03-22 23:14:19,012 : INFO : EventManager : Event: ======'balldevice_bd_trough_ball_eject_attempt'====== Args={'balls': 1, 'target': <ball_device.bd_plunger_lane>, 'source': <ball_device.bd_trough>, 'mechanical_eject': True, 'num_attempts': 0}
2025-03-22 23:14:19,012 : INFO : ball_device.bd_plunger_lane : State: waiting_for_ball
2025-03-22 23:14:19,012 : INFO : ball_device.bd_trough : State: ejecting
2025-03-22 23:14:19,013 : INFO : ball_device.bd_trough : Ejecting ball to <ball_device.bd_plunger_lane>
2025-03-22 23:14:19,013 : INFO : EventManager : Event: ======'balldevice_bd_trough_ejecting_ball'====== Args={'balls': 1, 'target': <ball_device.bd_plunger_lane>, 'source': <ball_device.bd_trough>, 'mechanical_eject': True, 'num_attempts': 0}
2025-03-22 23:14:19,014 : INFO : ball_device.bd_trough : Wait for ball to leave device
2025-03-22 23:14:19,014 : INFO : coil.c_trough_release : Pulsing Driver for 20ms (1.0 pulse_power)
2025-03-22 23:14:19,014 : INFO : SwitchController : <<<<<<< 's_trough1' inactive >>>>>>>
2025-03-22 23:14:19,020 : INFO : ball_device.bd_trough : State: ball_left
2025-03-22 23:14:19,020 : INFO : ball_device.bd_trough : Ball left
2025-03-22 23:14:19,020 : INFO : ball_device.bd_trough : Wait for confirm with timeout 3.0
2025-03-22 23:14:19,142 : INFO : SwitchController : <<<<<<< 's_plunger_lane' active >>>>>>>
2025-03-22 23:14:19,143 : INFO : EventManager : Event: ======'machine_var_audits_switches_s_plunger_lane'====== Args={'value': 163, 'prev_value': 162, 'change': 1}
2025-03-22 23:14:19,655 : INFO : ball_device.bd_plunger_lane : Received ball from <ball_device.bd_trough>
2025-03-22 23:14:19,655 : INFO : EventManager : Event: ======'balldevice_bd_plunger_lane_ball_enter'====== Args={'new_balls': 1, 'unclaimed_balls': 0, 'new_available_balls': 0, 'device': <ball_device.bd_plunger_lane>}
2025-03-22 23:14:19,657 : INFO : EventManager : Event: ======'balldevice_bd_plunger_lane_ball_entered'====== Args={'new_balls': 0, 'device': <ball_device.bd_plunger_lane>}
2025-03-22 23:14:19,658 : INFO : EventManager : Event: ======'balldevice_bd_plunger_lane_ball_count_changed'====== Args={'balls': 1}
2025-03-22 23:14:19,658 : INFO : ball_device.bd_trough : Got eject confirm
2025-03-22 23:14:19,659 : INFO : ball_device.bd_trough : Eject successful
2025-03-22 23:14:19,659 : INFO : EventManager : Event: ======'balldevice_bd_trough_ball_eject_success'====== Args={'balls': 1, 'target': <ball_device.bd_plunger_lane>}
2025-03-22 23:14:19,660 : INFO : EventManager : Event: ======'balldevice_bd_trough_ball_count_changed'====== Args={'balls': 2}
2025-03-22 23:14:19,660 : INFO : ball_device.bd_trough : State: idle
2025-03-22 23:14:19,661 : INFO : ball_device.bd_plunger_lane : State: waiting_for_target_ready
2025-03-22 23:14:19,661 : INFO : EventManager : Event: ======'balldevice_bd_plunger_lane_ball_eject_attempt'====== Args={'balls': 1, 'target': <playfield.playfield>, 'source': <ball_device.bd_plunger_lane>, 'mechanical_eject': True, 'num_attempts': 0}
2025-03-22 23:14:19,662 : INFO : ball_device.bd_plunger_lane : State: ejecting
2025-03-22 23:14:19,663 : INFO : ball_device.bd_plunger_lane : Ejecting ball to <playfield.playfield>
2025-03-22 23:14:19,663 : INFO : EventManager : Event: ======'balldevice_bd_plunger_lane_ejecting_ball'====== Args={'balls': 1, 'target': <playfield.playfield>, 'source': <ball_device.bd_plunger_lane>, 'mechanical_eject': True, 'num_attempts': 0}
2025-03-22 23:14:19,667 : INFO : ball_device.bd_plunger_lane : Wait for ball to leave device
2025-03-22 23:14:23,987 : INFO : EventManager : Event: ======'slide_objective_slide_removed'====== Args={'_from_bcp': True}
2025-03-22 23:14:23,993 : INFO : EventManager : Event: ======'slide_objective_slide_created'====== Args={'_from_bcp': True}
2025-03-22 23:14:24,005 : INFO : EventManager : Event: ======'slide_objective_slide_active'====== Args={'_from_bcp': True}
2025-03-22 23:14:25,932 : INFO : SwitchController : <<<<<<< 's_launcher_button' active >>>>>>>
2025-03-22 23:14:25,932 : INFO : EventManager : Event: ======'s_launcher_button_active'====== Args={}
2025-03-22 23:14:25,933 : INFO : EventManager : Event: ======'machine_var_audits_switches_s_launcher_button'====== Args={'value': 170, 'prev_value': 169, 'change': 1}
2025-03-22 23:14:25,947 : INFO : SwitchController : <<<<<<< 's_launcher_button' inactive >>>>>>>
2025-03-22 23:14:26,393 : INFO : SwitchController : <<<<<<< 's_launcher_button' active >>>>>>>
2025-03-22 23:14:26,393 : INFO : EventManager : Event: ======'s_launcher_button_active'====== Args={}
2025-03-22 23:14:26,393 : INFO : EventManager : Event: ======'machine_var_audits_switches_s_launcher_button'====== Args={'value': 171, 'prev_value': 170, 'change': 1}
2025-03-22 23:14:26,483 : INFO : SwitchController : <<<<<<< 's_launcher_button' inactive >>>>>>>
2025-03-22 23:14:26,694 : INFO : SwitchController : <<<<<<< 's_launcher_button' active >>>>>>>
2025-03-22 23:14:26,694 : INFO : EventManager : Event: ======'s_launcher_button_active'====== Args={}
2025-03-22 23:14:26,695 : INFO : EventManager : Event: ======'machine_var_audits_switches_s_launcher_button'====== Args={'value': 172, 'prev_value': 171, 'change': 1}
2025-03-22 23:14:26,770 : INFO : SwitchController : <<<<<<< 's_launcher_button' inactive >>>>>>>
2025-03-22 23:14:27,042 : INFO : SwitchController : <<<<<<< 's_launcher_button' active >>>>>>>
2025-03-22 23:14:27,042 : INFO : EventManager : Event: ======'s_launcher_button_active'====== Args={}
2025-03-22 23:14:27,042 : INFO : EventManager : Event: ======'machine_var_audits_switches_s_launcher_button'====== Args={'value': 173, 'prev_value': 172, 'change': 1}
2025-03-22 23:14:27,136 : INFO : SwitchController : <<<<<<< 's_launcher_button' inactive >>>>>>>
2025-03-22 23:14:27,250 : INFO : SwitchController : <<<<<<< 's_launcher_button' active >>>>>>>
2025-03-22 23:14:27,250 : INFO : EventManager : Event: ======'s_launcher_button_active'====== Args={}
2025-03-22 23:14:27,251 : INFO : EventManager : Event: ======'machine_var_audits_switches_s_launcher_button'====== Args={'value': 174, 'prev_value': 173, 'change': 1}
2025-03-22 23:14:27,353 : INFO : SwitchController : <<<<<<< 's_launcher_button' inactive >>>>>>>
2025-03-22 23:14:27,458 : INFO : SwitchController : <<<<<<< 's_launcher_button' active >>>>>>>
2025-03-22 23:14:27,458 : INFO : EventManager : Event: ======'s_launcher_button_active'====== Args={}
2025-03-22 23:14:27,460 : INFO : EventManager : Event: ======'machine_var_audits_switches_s_launcher_button'====== Args={'value': 175, 'prev_value': 174, 'change': 1}
2025-03-22 23:14:27,533 : INFO : SwitchController : <<<<<<< 's_launcher_button' inactive >>>>>>>
2025-03-22 23:14:27,626 : INFO : SwitchController : <<<<<<< 's_launcher_button' active >>>>>>>
2025-03-22 23:14:27,627 : INFO : EventManager : Event: ======'s_launcher_button_active'====== Args={}
2025-03-22 23:14:27,627 : INFO : EventManager : Event: ======'machine_var_audits_switches_s_launcher_button'====== Args={'value': 176, 'prev_value': 175, 'change': 1}
2025-03-22 23:14:27,725 : INFO : SwitchController : <<<<<<< 's_launcher_button' inactive >>>>>>>
2025-03-22 23:14:27,822 : INFO : SwitchController : <<<<<<< 's_launcher_button' active >>>>>>>
2025-03-22 23:14:27,822 : INFO : EventManager : Event: ======'s_launcher_button_active'====== Args={}
2025-03-22 23:14:27,822 : INFO : EventManager : Event: ======'machine_var_audits_switches_s_launcher_button'====== Args={'value': 177, 'prev_value': 176, 'change': 1}
2025-03-22 23:14:27,912 : INFO : SwitchController : <<<<<<< 's_launcher_button' inactive >>>>>>>
2025-03-22 23:14:28,989 : INFO : EventManager : Event: ======'slide_objective_slide_removed'====== Args={'_from_bcp': True}
2025-03-22 23:14:28,991 : INFO : EventManager : Event: ======'slide_objective_slide_created'====== Args={'_from_bcp': True}
2025-03-22 23:14:28,991 : INFO : EventManager : Event: ======'slide_objective_slide_active'====== Args={'_from_bcp': True}
2025-03-22 23:14:33,994 : INFO : EventManager : Event: ======'Intro_end'====== Args={}
2025-03-22 23:14:33,996 : INFO : EventManager : Event: ======'mode_intro_will_stop'====== Args={}
2025-03-22 23:14:33,996 : INFO : EventManager : Event: ======'mode_intro_stopping'====== Args={}
2025-03-22 23:14:34,001 : INFO : Mode.intro : Stopped.
2025-03-22 23:14:34,002 : INFO : EventManager : Event: ======'modes_active_modes_changed'====== Args={}
2025-03-22 23:14:34,004 : INFO : EventManager : Event: ======'mode_intro_stopped'====== Args={}
2025-03-22 23:14:34,005 : INFO : EventManager : Event: ======'clear'====== Args={'key': 'intro'}
2025-03-22 23:14:34,007 : INFO : EventManager : Event: ======'mode_base_will_start'====== Args={}
2025-03-22 23:14:34,009 : INFO : EventManager : Event: ======'mode_base_starting'====== Args={}
2025-03-22 23:14:34,010 : INFO : Mode.base : Started. Priority: 100
2025-03-22 23:14:34,010 : INFO : EventManager : Event: ======'modes_active_modes_changed'====== Args={}
2025-03-22 23:14:34,010 : INFO : EventManager : Event: ======'mode_base_started'====== Args={}
2025-03-22 23:14:34,011 : INFO : EventManager : Event: ======'cmd_flipper_enable'====== Args={'priority': 0}
2025-03-22 23:14:34,012 : INFO : EventManager : Event: ======'cmd_launcher_enable'====== Args={'priority': 0}
2025-03-22 23:14:34,024 : INFO : EventManager : Event: ======'slide_objective_slide_removed'====== Args={'_from_bcp': True}
2025-03-22 23:14:34,025 : INFO : EventManager : Event: ======'slide_welcome_slide_active'====== Args={'_from_bcp': True}
2025-03-22 23:14:34,031 : INFO : EventManager : Event: ======'slide_base.slide_player-mode_base_started_created'====== Args={'_from_bcp': True}
2025-03-22 23:14:34,032 : INFO : EventManager : Event: ======'slide_base.slide_player-mode_base_started_active'====== Args={'_from_bcp': True}
2025-03-22 23:14:40,777 : INFO : SwitchController : <<<<<<< 's_launcher_button' active >>>>>>>
2025-03-22 23:14:40,778 : INFO : EventManager : Event: ======'s_launcher_button_active'====== Args={}
2025-03-22 23:14:40,779 : INFO : EventManager : Event: ======'machine_var_audits_switches_s_launcher_button'====== Args={'value': 178, 'prev_value': 177, 'change': 1}
2025-03-22 23:14:40,805 : INFO : coil.c_autolauncher : Pulsing Driver for 20ms (1.0 pulse_power)
2025-03-22 23:14:40,806 : INFO : SwitchController : <<<<<<< 's_plunger_lane' inactive >>>>>>>
2025-03-22 23:14:40,815 : INFO : ball_device.bd_plunger_lane : State: ball_left
2025-03-22 23:14:40,817 : INFO : ball_device.bd_plunger_lane : Ball left
2025-03-22 23:14:40,817 : INFO : ball_device.bd_plunger_lane : Wait for confirm with timeout 3.0
2025-03-22 23:14:40,837 : INFO : SwitchController : <<<<<<< 's_launcher_button' inactive >>>>>>>
2025-03-22 23:14:40,871 : INFO : SwitchController : <<<<<<< 's_playfield_entry' active >>>>>>>
2025-03-22 23:14:40,871 : INFO : EventManager : Event: ======'sw_playfield_active'====== Args={}
2025-03-22 23:14:40,871 : INFO : EventManager : Event: ======'machine_var_audits_switches_s_playfield_entry'====== Args={'value': 214, 'prev_value': 213, 'change': 1}
2025-03-22 23:14:40,872 : INFO : EventManager : Event: ======'playfield_active'====== Args={}
2025-03-22 23:14:40,893 : INFO : SwitchController : <<<<<<< 's_playfield_entry' inactive >>>>>>>
2025-03-22 23:14:40,915 : INFO : ball_device.bd_plunger_lane : Got eject confirm
2025-03-22 23:14:40,916 : INFO : ball_device.bd_plunger_lane : Eject successful
2025-03-22 23:14:40,916 : INFO : EventManager : Event: ======'balldevice_bd_plunger_lane_ball_eject_success'====== Args={'balls': 1, 'target': <playfield.playfield>}
2025-03-22 23:14:40,916 : INFO : EventManager : Event: ======'balldevice_playfield_ball_enter'====== Args={'new_balls': 1, 'unclaimed_balls': 1, 'device': <playfield.playfield>}
2025-03-22 23:14:40,916 : INFO : EventManager : Event: ======'playfield_ball_count_change'====== Args={'balls': 1, 'change': 1}
2025-03-22 23:14:40,917 : INFO : EventManager : Event: ======'balldevice_bd_plunger_lane_ball_count_changed'====== Args={'balls': 0}
2025-03-22 23:14:41,321 : INFO : ball_device.bd_plunger_lane : State: idle
2025-03-22 23:14:46,852 : INFO : SwitchController : <<<<<<< 's_Target1' active >>>>>>>
2025-03-22 23:14:46,853 : INFO : EventManager : Event: ======'s_Target1_active'====== Args={}
2025-03-22 23:14:46,854 : INFO : EventManager : Event: ======'sw_playfield_active'====== Args={}
2025-03-22 23:14:46,854 : INFO : EventManager : Event: ======'machine_var_audits_switches_s_Target1'====== Args={'value': 70, 'prev_value': 69, 'change': 1}
2025-03-22 23:14:46,859 : INFO : EventManager : Event: ======'player_score'====== Args={'value': 250, 'prev_value': 0, 'change': 250, 'player_num': 1, 'source': 'base'}
2025-03-22 23:14:46,963 : INFO : SwitchController : <<<<<<< 's_Target1' inactive >>>>>>>
2025-03-22 23:14:47,223 : INFO : SwitchController : <<<<<<< 's_Target2' active >>>>>>>
2025-03-22 23:14:47,223 : INFO : EventManager : Event: ======'s_Target2_active'====== Args={}
2025-03-22 23:14:47,224 : INFO : EventManager : Event: ======'sw_playfield_active'====== Args={}
2025-03-22 23:14:47,226 : INFO : EventManager : Event: ======'machine_var_audits_switches_s_Target2'====== Args={'value': 63, 'prev_value': 62, 'change': 1}
2025-03-22 23:14:47,233 : INFO : EventManager : Event: ======'player_score'====== Args={'value': 750, 'prev_value': 250, 'change': 500, 'player_num': 1, 'source': 'base'}
2025-03-22 23:14:47,306 : INFO : SwitchController : <<<<<<< 's_Target2' inactive >>>>>>>
2025-03-22 23:14:47,527 : INFO : SwitchController : <<<<<<< 's_Target3' active >>>>>>>
2025-03-22 23:14:47,527 : INFO : EventManager : Event: ======'s_Target3_active'====== Args={}
2025-03-22 23:14:47,527 : INFO : EventManager : Event: ======'sw_playfield_active'====== Args={}
2025-03-22 23:14:47,527 : INFO : EventManager : Event: ======'machine_var_audits_switches_s_Target3'====== Args={'value': 70, 'prev_value': 69, 'change': 1}
2025-03-22 23:14:47,533 : INFO : EventManager : Event: ======'player_score'====== Args={'value': 1750, 'prev_value': 750, 'change': 1000, 'player_num': 1, 'source': 'base'}
2025-03-22 23:14:47,647 : INFO : SwitchController : <<<<<<< 's_Target3' inactive >>>>>>>
2025-03-22 23:14:49,486 : INFO : SwitchController : <<<<<<< 's_Lane1' active >>>>>>>
2025-03-22 23:14:49,486 : INFO : EventManager : Event: ======'sw_playfield_active'====== Args={}
2025-03-22 23:14:49,487 : INFO : EventManager : Event: ======'machine_var_audits_switches_s_Lane1'====== Args={'value': 48, 'prev_value': 47, 'change': 1}
2025-03-22 23:14:49,584 : INFO : SwitchController : <<<<<<< 's_Lane1' inactive >>>>>>>
2025-03-22 23:15:02,866 : INFO : SwitchController : <<<<<<< 's_Lane1' active >>>>>>>
2025-03-22 23:15:02,867 : INFO : EventManager : Event: ======'sw_playfield_active'====== Args={}
2025-03-22 23:15:02,868 : INFO : EventManager : Event: ======'machine_var_audits_switches_s_Lane1'====== Args={'value': 49, 'prev_value': 48, 'change': 1}
2025-03-22 23:15:02,974 : INFO : SwitchController : <<<<<<< 's_Lane1' inactive >>>>>>>
2025-03-22 23:15:04,062 : INFO : SwitchController : <<<<<<< 's_Lane1' active >>>>>>>
2025-03-22 23:15:04,065 : INFO : EventManager : Event: ======'sw_playfield_active'====== Args={}
2025-03-22 23:15:04,066 : INFO : EventManager : Event: ======'machine_var_audits_switches_s_Lane1'====== Args={'value': 50, 'prev_value': 49, 'change': 1}
2025-03-22 23:15:04,178 : INFO : SwitchController : <<<<<<< 's_Lane1' inactive >>>>>>>
2025-03-22 23:15:06,732 : INFO : SwitchController : <<<<<<< 's_Lane4' active >>>>>>>
2025-03-22 23:15:06,732 : INFO : EventManager : Event: ======'sw_playfield_active'====== Args={}
2025-03-22 23:15:06,733 : INFO : EventManager : Event: ======'machine_var_audits_switches_s_Lane4'====== Args={'value': 32, 'prev_value': 31, 'change': 1}
2025-03-22 23:15:06,832 : INFO : SwitchController : <<<<<<< 's_Lane4' inactive >>>>>>>
2025-03-22 23:16:23,251 : INFO : Machine : Shutting down...
2025-03-22 23:16:23,251 : INFO : EventManager : Event: ======'shutdown'====== Args={}
2025-03-22 23:16:23,253 : INFO : EventManager : Event: ======'mode_game_will_stop'====== Args={}
2025-03-22 23:16:23,255 : INFO : EventManager : Event: ======'mode_game_stopping'====== Args={}
2025-03-22 23:16:23,255 : INFO : EventManager : Event: ======'mode_base_will_stop'====== Args={}
2025-03-22 23:16:23,255 : INFO : EventManager : Event: ======'mode_base_stopping'====== Args={}
2025-03-22 23:16:23,255 : INFO : Mode.base : Stopped.
2025-03-22 23:16:23,255 : INFO : EventManager : Event: ======'modes_active_modes_changed'====== Args={}
2025-03-22 23:16:23,255 : INFO : EventManager : Event: ======'mode_base_stopped'====== Args={}
2025-03-22 23:16:23,255 : INFO : EventManager : Event: ======'clear'====== Args={'key': 'base'}
2025-03-22 23:16:23,255 : INFO : Mode.game : Stopped.
2025-03-22 23:16:23,255 : INFO : EventManager : Event: ======'modes_active_modes_changed'====== Args={}
2025-03-22 23:16:23,255 : INFO : EventManager : Event: ======'mode_game_stopped'====== Args={}
2025-03-22 23:16:23,256 : INFO : EventManager : Event: ======'clear'====== Args={'key': 'game'}
2025-03-22 23:16:23,259 : INFO : root : MPF run loop ended.
