2025-03-06 20:48:23,140 : kivy : deps: Successfully imported "kivy_deps.gstreamer" 0.3.3
2025-03-06 20:48:23,141 : kivy : deps: Successfully imported "kivy_deps.angle" 0.3.3
2025-03-06 20:48:23,141 : kivy : deps: Successfully imported "kivy_deps.glew" 0.3.1
2025-03-06 20:48:23,141 : kivy : deps: Successfully imported "kivy_deps.sdl2" 0.6.0
2025-03-06 20:48:23,141 : kivy : Kivy: v2.2.1
2025-03-06 20:48:23,141 : kivy : Kivy: Installed at "C:\Users\duffb\.pyenv\pyenv-win\versions\3.11.0\Lib\site-packages\kivy\__init__.py"
2025-03-06 20:48:23,141 : kivy : Python: v3.11.0 (main, Oct 24 2022, 18:26:48) [MSC v.1933 64 bit (AMD64)]
2025-03-06 20:48:23,142 : kivy : Python: Interpreter at "C:\Users\duffb\.pyenv\pyenv-win\versions\3.11.0\python.exe"
2025-03-06 20:48:23,155 : kivy : Factory: 190 symbols loaded
2025-03-06 20:48:23,329 : kivy : ImageLoaderFFPy: Using ffpyplayer 4.5.1
2025-03-06 20:48:23,329 : kivy : Image: Providers: img_tex, img_dds, img_sdl2, img_pil, img_ffpyplayer 
2025-03-06 20:48:23,636 : kivy : VideoGstplayer: Using Gstreamer 1.18.5.0
2025-03-06 20:48:23,636 : kivy : Video: Provider: gstplayer
2025-03-06 20:48:23,717 : root : Loading MPF-MC controller
2025-03-06 20:48:23,731 : YamlMultifileConfigLoader : Machine config file #1: config
2025-03-06 20:48:23,732 : ConfigProcessor : Config file in cache changed: C:\Users\duffb\OneDrive\Documents\Python Envs\PinBallWW1\Machine\config\config
2025-03-06 20:48:23,732 : ConfigProcessor : Loading config from file C:\Users\duffb\.pyenv\pyenv-win\versions\3.11.0\Lib\site-packages\mpfmc\mcconfig.yaml.
2025-03-06 20:48:23,738 : ConfigProcessor : Loading config: C:\Users\duffb\.pyenv\pyenv-win\versions\3.11.0\Lib\site-packages\mpfmc\mcconfig.yaml
2025-03-06 20:48:23,738 : ConfigProcessor : Loading config from file C:\Users\duffb\OneDrive\Documents\Python Envs\PinBallWW1\Machine\config\config.
2025-03-06 20:48:23,740 : ConfigProcessor : Loading config: C:\Users\duffb\OneDrive\Documents\Python Envs\PinBallWW1\Machine\config\config
2025-03-06 20:48:23,741 : ConfigProcessor : Config file cache created: C:\Users\duffb\AppData\Local\Temp\de7a4651692d89380cb727f0a44dc491.mpf_cache
2025-03-06 20:48:23,742 : ConfigProcessor : Loading config from cache: C:\Users\duffb\AppData\Local\Temp\2d51d76727b268a801d8dd7a18b89879.mpf_cache
2025-03-06 20:48:23,742 : ConfigProcessor : Loading config from cache: C:\Users\duffb\AppData\Local\Temp\9f058d482eac17116727d62a93500be7.mpf_cache
2025-03-06 20:48:23,743 : ConfigProcessor : Loading config from cache: C:\Users\duffb\AppData\Local\Temp\9e006ea23aa21ec68e01f6c49afad9f4.mpf_cache
2025-03-06 20:48:23,780 : mpfmc : Mission Pinball Framework Media Controller (MPF-MC) v0.57.1. Requires MPF v0.57.0 or newer.
2025-03-06 20:48:23,780 : mpfmc : Found MPF v0.57.0
2025-03-06 20:48:23,780 : mpfmc : Machine path: C:\Users\duffb\OneDrive\Documents\Python Envs\PinBallWW1\Machine
2025-03-06 20:48:23,780 : mpfmc : Starting clock at 60.0Hz
2025-03-06 20:48:23,806 : kivy : Text: Provider: sdl2
2025-03-06 20:48:23,857 : kivy : Window: Provider: sdl2
2025-03-06 20:48:24,067 : kivy : GL: Using the "OpenGL" graphics system
2025-03-06 20:48:24,069 : kivy : GL: GLEW initialization succeeded
2025-03-06 20:48:24,070 : kivy : GL: Backend used <glew>
2025-03-06 20:48:24,070 : kivy : GL: OpenGL version <b'4.6.0 - Build 31.0.101.5592'>
2025-03-06 20:48:24,070 : kivy : GL: OpenGL vendor <b'Intel'>
2025-03-06 20:48:24,070 : kivy : GL: OpenGL renderer <b'Intel(R) UHD Graphics'>
2025-03-06 20:48:24,070 : kivy : GL: OpenGL parsed version: 4, 6
2025-03-06 20:48:24,070 : kivy : GL: Shading version <b'4.60 - Build 31.0.101.5592'>
2025-03-06 20:48:24,070 : kivy : GL: Texture max size <16384>
2025-03-06 20:48:24,070 : kivy : GL: Texture max units <32>
2025-03-06 20:48:24,093 : kivy : Window: auto add sdl2 input provider
2025-03-06 20:48:24,094 : kivy : Window: virtual keyboard not allowed, single mode, not docked
2025-03-06 20:48:24,506 : AudioInterface : Initialized
2025-03-06 20:48:24,506 : AudioInterface : Loaded SDL 2.26.4
2025-03-06 20:48:24,506 : AudioInterface : Loaded SDL_Mixer 2.6.3
2025-03-06 20:48:24,507 : AudioInterface : Loaded GStreamer 1.18.5.0
2025-03-06 20:48:24,507 : AudioInterface : Loaded GLib 2.62.6
2025-03-06 20:48:24,507 : AudioInterface : Settings requested - rate: 44100, channels: 1, buffer: 2048 samples
2025-03-06 20:48:24,507 : AudioInterface : Settings in use - rate: 44100, channels: 1, buffer: 2048 samples (4096 bytes @ 2 bytes per sample)
2025-03-06 20:48:24,507 : SoundSystem : Setting master volume to 0.0
2025-03-06 20:48:24,507 : AudioInterface : Enabling audio playback
2025-03-06 20:48:24,509 : kivy : Base: Start application main loop
2025-03-06 20:48:24,509 : EventManager : Event: ======'display_window_initialized'====== Args={}
2025-03-06 20:48:24,530 : mpfmc : Display: Setting 'window' as default display
2025-03-06 20:48:24,537 : EventManager : Event: ======'displays_initialized'====== Args={}
2025-03-06 20:48:24,537 : EventManager : Event: ======'slide_window_blank_created'====== Args={}
2025-03-06 20:48:24,537 : EventManager : Event: ======'display_window_ready'====== Args={}
2025-03-06 20:48:24,550 : EventManager : Event: ======'init_phase_1'====== Args={}
2025-03-06 20:48:24,553 : EventManager : Event: ======'mc_ready'====== Args={}
2025-03-06 20:48:24,553 : EventManager : Event: ======'init_phase_2'====== Args={}
2025-03-06 20:48:24,554 : EventManager : Event: ======'init_phase_3'====== Args={}
2025-03-06 20:48:24,555 : EventManager : Event: ======'init_phase_4'====== Args={}
2025-03-06 20:48:24,556 : EventManager : Event: ======'init_phase_5'====== Args={}
2025-03-06 20:48:24,566 : kivy : GL: NPOT texture support is available
2025-03-06 20:48:24,569 : EventManager : Event: ======'loading_assets'====== Args={'total': 1, 'loaded': 1, 'remaining': 0, 'percent': 100}
2025-03-06 20:48:24,569 : AssetManager : Asset loading took: 0.06220507621765137
2025-03-06 20:48:24,569 : EventManager : Event: ======'asset_loading_complete'====== Args={}
2025-03-06 20:48:24,569 : AssetManager : Loading assets: 1/1 (100%)
2025-03-06 20:48:24,569 : EventManager : Event: ======'init_done'====== Args={}
2025-03-06 20:48:24,569 : MPF-MC BCP Server : Starting up on localhost port 5050
2025-03-06 20:48:24,575 : MPF-MC BCP Server : Waiting for a connection...
2025-03-06 20:48:24,579 : EventManager : Event: ======'client_disconnected'====== Args={'host': '127.0.0.1', 'port': 5050}
2025-03-06 20:48:25,372 : MPF-MC BCP Server : Received connection from: 127.0.0.1:50043
2025-03-06 20:48:28,955 : EventManager : Event: ======'client_connected'====== Args={'host': '127.0.0.1', 'port': 50043}
2025-03-06 20:48:28,956 : EventManager : Event: ======'mc_reset_phase_1'====== Args={}
2025-03-06 20:48:28,956 : EventManager : Event: ======'mc_reset_phase_2'====== Args={}
2025-03-06 20:48:28,956 : EventManager : Event: ======'mc_reset_phase_3'====== Args={}
2025-03-06 20:48:28,956 : EventManager : Event: ======'mc_reset_complete'====== Args={}
2025-03-06 20:48:28,967 : EventManager : Event: ======'machine_var_credits_string'====== Args={'value': 'FREE PLAY', 'prev_value': None, 'change': True}
2025-03-06 20:48:28,967 : EventManager : Event: ======'machine_var_master_volume'====== Args={'value': 0.5, 'prev_value': None, 'change': True}
2025-03-06 20:48:28,967 : EventManager : Event: ======'machine_var_player1_score'====== Args={'value': 0, 'prev_value': None, 'change': True}
2025-03-06 20:48:28,967 : EventManager : Event: ======'machine_var_mpf_version'====== Args={'value': 'Mission Pinball Framework v0.57.0', 'prev_value': None, 'change': True}
2025-03-06 20:48:28,967 : EventManager : Event: ======'machine_var_mpf_extended_version'====== Args={'value': 'Mission Pinball Framework v0.57.0, Config version:6, Show version: 6, BCP version:1.1', 'prev_value': None, 'change': True}
2025-03-06 20:48:28,967 : EventManager : Event: ======'machine_var_python_version'====== Args={'value': '3.11.0', 'prev_value': None, 'change': True}
2025-03-06 20:48:28,968 : EventManager : Event: ======'machine_var_platform'====== Args={'value': 'Windows-10-10.0.26100-SP0', 'prev_value': None, 'change': True}
2025-03-06 20:48:28,968 : EventManager : Event: ======'machine_var_platform_system'====== Args={'value': 'Windows', 'prev_value': None, 'change': True}
2025-03-06 20:48:28,968 : EventManager : Event: ======'machine_var_platform_release'====== Args={'value': '10', 'prev_value': None, 'change': True}
2025-03-06 20:48:28,968 : EventManager : Event: ======'machine_var_platform_version'====== Args={'value': '10.0.26100', 'prev_value': None, 'change': True}
2025-03-06 20:48:28,968 : EventManager : Event: ======'machine_var_platform_machine'====== Args={'value': 'AMD64', 'prev_value': None, 'change': True}
2025-03-06 20:48:28,968 : EventManager : Event: ======'machine_var_audits_events_game_ended'====== Args={'value': 7, 'prev_value': None, 'change': True}
2025-03-06 20:48:28,968 : EventManager : Event: ======'machine_var_audits_events_game_started'====== Args={'value': 8, 'prev_value': None, 'change': True}
2025-03-06 20:48:28,968 : EventManager : Event: ======'machine_var_audits_missing_switches_s_drain'====== Args={'value': 6, 'prev_value': None, 'change': True}
2025-03-06 20:48:28,968 : EventManager : Event: ======'machine_var_audits_missing_switches_s_launcher_button'====== Args={'value': 3, 'prev_value': None, 'change': True}
2025-03-06 20:48:28,968 : EventManager : Event: ======'machine_var_audits_missing_switches_s_right_flipper'====== Args={'value': 1, 'prev_value': None, 'change': True}
2025-03-06 20:48:28,968 : EventManager : Event: ======'machine_var_audits_missing_switches_s_trough2'====== Args={'value': 1, 'prev_value': None, 'change': True}
2025-03-06 20:48:28,968 : EventManager : Event: ======'machine_var_audits_missing_switches_s_trough3'====== Args={'value': 1, 'prev_value': None, 'change': True}
2025-03-06 20:48:28,968 : EventManager : Event: ======'machine_var_audits_missing_switches_s_trough_enter'====== Args={'value': 8, 'prev_value': None, 'change': True}
2025-03-06 20:48:28,968 : EventManager : Event: ======'machine_var_audits_player_score'====== Args={'value': {'average': 0, 'top': [0, 0, 0, 0, 0, 0, 0], 'total': 7}, 'prev_value': None, 'change': True}
2025-03-06 20:48:28,968 : EventManager : Event: ======'machine_var_audits_switches_s_drain'====== Args={'value': 0, 'prev_value': None, 'change': True}
2025-03-06 20:48:28,968 : EventManager : Event: ======'machine_var_audits_switches_s_launcher_button'====== Args={'value': 4, 'prev_value': None, 'change': True}
2025-03-06 20:48:28,968 : EventManager : Event: ======'machine_var_audits_switches_s_left_flipper'====== Args={'value': 14, 'prev_value': None, 'change': True}
2025-03-06 20:48:28,968 : EventManager : Event: ======'machine_var_audits_switches_s_playfield_entry'====== Args={'value': 23, 'prev_value': None, 'change': True}
2025-03-06 20:48:28,968 : EventManager : Event: ======'machine_var_audits_switches_s_plunger_lane'====== Args={'value': 38, 'prev_value': None, 'change': True}
2025-03-06 20:48:28,970 : EventManager : Event: ======'machine_var_audits_switches_s_right_flipper'====== Args={'value': 10, 'prev_value': None, 'change': True}
2025-03-06 20:48:28,970 : EventManager : Event: ======'machine_var_audits_switches_s_trough1'====== Args={'value': 19, 'prev_value': None, 'change': True}
2025-03-06 20:48:28,970 : EventManager : Event: ======'machine_var_audits_switches_s_trough2'====== Args={'value': 4, 'prev_value': None, 'change': True}
2025-03-06 20:48:28,970 : EventManager : Event: ======'machine_var_audits_switches_s_trough3'====== Args={'value': 6, 'prev_value': None, 'change': True}
2025-03-06 20:48:28,970 : EventManager : Event: ======'machine_var_audits_switches_s_trough_enter'====== Args={'value': 0, 'prev_value': None, 'change': True}
2025-03-06 20:48:28,971 : EventManager : Event: ======'machine_var_mc_version'====== Args={'value': 'MPF-MC v0.57.1', 'prev_value': None, 'change': True}
2025-03-06 20:48:28,971 : EventManager : Event: ======'machine_var_mc_extended_version'====== Args={'value': 'MPF-MC v0.57.1 (config_version=6, BCP v1.1,                      Requires MPF API compatibility v0.57.0 or newer)', 'prev_value': None, 'change': True}
2025-03-06 20:48:28,971 : EventManager : Event: ======'machine_var_credits_string'====== Args={'value': 'FREE PLAY', 'prev_value': None, 'change': True}
2025-03-06 20:48:28,971 : EventManager : Event: ======'machine_var_master_volume'====== Args={'value': 0.5, 'prev_value': None, 'change': True}
2025-03-06 20:48:28,971 : EventManager : Event: ======'machine_var_player1_score'====== Args={'value': 0, 'prev_value': None, 'change': True}
2025-03-06 20:48:28,971 : EventManager : Event: ======'machine_var_mpf_version'====== Args={'value': 'Mission Pinball Framework v0.57.0', 'prev_value': None, 'change': True}
2025-03-06 20:48:28,971 : EventManager : Event: ======'machine_var_mpf_extended_version'====== Args={'value': 'Mission Pinball Framework v0.57.0, Config version:6, Show version: 6, BCP version:1.1', 'prev_value': None, 'change': True}
2025-03-06 20:48:28,971 : EventManager : Event: ======'machine_var_python_version'====== Args={'value': '3.11.0', 'prev_value': None, 'change': True}
2025-03-06 20:48:28,971 : EventManager : Event: ======'machine_var_platform'====== Args={'value': 'Windows-10-10.0.26100-SP0', 'prev_value': None, 'change': True}
2025-03-06 20:48:28,971 : EventManager : Event: ======'machine_var_platform_system'====== Args={'value': 'Windows', 'prev_value': None, 'change': True}
2025-03-06 20:48:28,971 : EventManager : Event: ======'machine_var_platform_release'====== Args={'value': '10', 'prev_value': None, 'change': True}
2025-03-06 20:48:28,972 : EventManager : Event: ======'machine_var_platform_version'====== Args={'value': '10.0.26100', 'prev_value': None, 'change': True}
2025-03-06 20:48:28,972 : EventManager : Event: ======'machine_var_platform_machine'====== Args={'value': 'AMD64', 'prev_value': None, 'change': True}
2025-03-06 20:48:28,972 : EventManager : Event: ======'machine_var_audits_events_game_ended'====== Args={'value': 7, 'prev_value': None, 'change': True}
2025-03-06 20:48:28,972 : EventManager : Event: ======'machine_var_audits_events_game_started'====== Args={'value': 8, 'prev_value': None, 'change': True}
2025-03-06 20:48:28,972 : EventManager : Event: ======'machine_var_audits_missing_switches_s_drain'====== Args={'value': 6, 'prev_value': None, 'change': True}
2025-03-06 20:48:28,972 : EventManager : Event: ======'machine_var_audits_missing_switches_s_launcher_button'====== Args={'value': 3, 'prev_value': None, 'change': True}
2025-03-06 20:48:28,972 : EventManager : Event: ======'machine_var_audits_missing_switches_s_right_flipper'====== Args={'value': 1, 'prev_value': None, 'change': True}
2025-03-06 20:48:28,972 : EventManager : Event: ======'machine_var_audits_missing_switches_s_trough2'====== Args={'value': 1, 'prev_value': None, 'change': True}
2025-03-06 20:48:28,972 : EventManager : Event: ======'machine_var_audits_missing_switches_s_trough3'====== Args={'value': 1, 'prev_value': None, 'change': True}
2025-03-06 20:48:28,972 : EventManager : Event: ======'machine_var_audits_missing_switches_s_trough_enter'====== Args={'value': 8, 'prev_value': None, 'change': True}
2025-03-06 20:48:28,972 : EventManager : Event: ======'machine_var_audits_player_score'====== Args={'value': {'average': 0, 'top': [0, 0, 0, 0, 0, 0, 0], 'total': 7}, 'prev_value': None, 'change': True}
2025-03-06 20:48:28,972 : EventManager : Event: ======'machine_var_audits_switches_s_drain'====== Args={'value': 0, 'prev_value': None, 'change': True}
2025-03-06 20:48:28,972 : EventManager : Event: ======'machine_var_audits_switches_s_launcher_button'====== Args={'value': 4, 'prev_value': None, 'change': True}
2025-03-06 20:48:28,972 : EventManager : Event: ======'machine_var_audits_switches_s_left_flipper'====== Args={'value': 14, 'prev_value': None, 'change': True}
2025-03-06 20:48:28,972 : EventManager : Event: ======'machine_var_audits_switches_s_playfield_entry'====== Args={'value': 23, 'prev_value': None, 'change': True}
2025-03-06 20:48:28,972 : EventManager : Event: ======'machine_var_audits_switches_s_plunger_lane'====== Args={'value': 38, 'prev_value': None, 'change': True}
2025-03-06 20:48:28,973 : EventManager : Event: ======'machine_var_audits_switches_s_right_flipper'====== Args={'value': 10, 'prev_value': None, 'change': True}
2025-03-06 20:48:28,973 : EventManager : Event: ======'machine_var_audits_switches_s_trough1'====== Args={'value': 19, 'prev_value': None, 'change': True}
2025-03-06 20:48:28,973 : EventManager : Event: ======'machine_var_audits_switches_s_trough2'====== Args={'value': 4, 'prev_value': None, 'change': True}
2025-03-06 20:48:28,973 : EventManager : Event: ======'machine_var_audits_switches_s_trough3'====== Args={'value': 6, 'prev_value': None, 'change': True}
2025-03-06 20:48:28,973 : EventManager : Event: ======'machine_var_audits_switches_s_trough_enter'====== Args={'value': 0, 'prev_value': None, 'change': True}
2025-03-06 20:48:28,973 : EventManager : Event: ======'machine_var_mc_version'====== Args={'value': 'MPF-MC v0.57.1', 'prev_value': None, 'change': True}
2025-03-06 20:48:28,973 : EventManager : Event: ======'machine_var_mc_extended_version'====== Args={'value': 'MPF-MC v0.57.1 (config_version=6, BCP v1.1,                      Requires MPF API compatibility v0.57.0 or newer)', 'prev_value': None, 'change': True}
2025-03-06 20:48:28,973 : EventManager : Event: ======'machine_var_credits_string'====== Args={'value': 'FREE PLAY', 'prev_value': None, 'change': True}
2025-03-06 20:48:28,973 : EventManager : Event: ======'machine_var_master_volume'====== Args={'value': 0.5, 'prev_value': None, 'change': True}
2025-03-06 20:48:28,973 : EventManager : Event: ======'machine_var_player1_score'====== Args={'value': 0, 'prev_value': None, 'change': True}
2025-03-06 20:48:28,973 : EventManager : Event: ======'machine_var_mpf_version'====== Args={'value': 'Mission Pinball Framework v0.57.0', 'prev_value': None, 'change': True}
2025-03-06 20:48:28,973 : EventManager : Event: ======'machine_var_mpf_extended_version'====== Args={'value': 'Mission Pinball Framework v0.57.0, Config version:6, Show version: 6, BCP version:1.1', 'prev_value': None, 'change': True}
2025-03-06 20:48:28,973 : EventManager : Event: ======'machine_var_python_version'====== Args={'value': '3.11.0', 'prev_value': None, 'change': True}
2025-03-06 20:48:28,973 : EventManager : Event: ======'machine_var_platform'====== Args={'value': 'Windows-10-10.0.26100-SP0', 'prev_value': None, 'change': True}
2025-03-06 20:48:28,973 : EventManager : Event: ======'machine_var_platform_system'====== Args={'value': 'Windows', 'prev_value': None, 'change': True}
2025-03-06 20:48:28,973 : EventManager : Event: ======'machine_var_platform_release'====== Args={'value': '10', 'prev_value': None, 'change': True}
2025-03-06 20:48:28,974 : EventManager : Event: ======'machine_var_platform_version'====== Args={'value': '10.0.26100', 'prev_value': None, 'change': True}
2025-03-06 20:48:28,974 : EventManager : Event: ======'machine_var_platform_machine'====== Args={'value': 'AMD64', 'prev_value': None, 'change': True}
2025-03-06 20:48:28,974 : EventManager : Event: ======'machine_var_audits_events_game_ended'====== Args={'value': 7, 'prev_value': None, 'change': True}
2025-03-06 20:48:28,974 : EventManager : Event: ======'machine_var_audits_events_game_started'====== Args={'value': 8, 'prev_value': None, 'change': True}
2025-03-06 20:48:28,974 : EventManager : Event: ======'machine_var_audits_missing_switches_s_drain'====== Args={'value': 6, 'prev_value': None, 'change': True}
2025-03-06 20:48:28,974 : EventManager : Event: ======'machine_var_audits_missing_switches_s_launcher_button'====== Args={'value': 3, 'prev_value': None, 'change': True}
2025-03-06 20:48:28,974 : EventManager : Event: ======'machine_var_audits_missing_switches_s_right_flipper'====== Args={'value': 1, 'prev_value': None, 'change': True}
2025-03-06 20:48:28,974 : EventManager : Event: ======'machine_var_audits_missing_switches_s_trough2'====== Args={'value': 1, 'prev_value': None, 'change': True}
2025-03-06 20:48:28,974 : EventManager : Event: ======'machine_var_audits_missing_switches_s_trough3'====== Args={'value': 1, 'prev_value': None, 'change': True}
2025-03-06 20:48:28,974 : EventManager : Event: ======'machine_var_audits_missing_switches_s_trough_enter'====== Args={'value': 8, 'prev_value': None, 'change': True}
2025-03-06 20:48:28,974 : EventManager : Event: ======'machine_var_audits_player_score'====== Args={'value': {'average': 0, 'top': [0, 0, 0, 0, 0, 0, 0], 'total': 7}, 'prev_value': None, 'change': True}
2025-03-06 20:48:28,974 : EventManager : Event: ======'machine_var_audits_switches_s_drain'====== Args={'value': 0, 'prev_value': None, 'change': True}
2025-03-06 20:48:28,974 : EventManager : Event: ======'machine_var_audits_switches_s_launcher_button'====== Args={'value': 4, 'prev_value': None, 'change': True}
2025-03-06 20:48:28,974 : EventManager : Event: ======'machine_var_audits_switches_s_left_flipper'====== Args={'value': 14, 'prev_value': None, 'change': True}
2025-03-06 20:48:28,974 : EventManager : Event: ======'machine_var_audits_switches_s_playfield_entry'====== Args={'value': 23, 'prev_value': None, 'change': True}
2025-03-06 20:48:28,974 : EventManager : Event: ======'machine_var_audits_switches_s_plunger_lane'====== Args={'value': 38, 'prev_value': None, 'change': True}
2025-03-06 20:48:28,974 : EventManager : Event: ======'machine_var_audits_switches_s_right_flipper'====== Args={'value': 10, 'prev_value': None, 'change': True}
2025-03-06 20:48:28,975 : EventManager : Event: ======'machine_var_audits_switches_s_trough1'====== Args={'value': 19, 'prev_value': None, 'change': True}
2025-03-06 20:48:28,975 : EventManager : Event: ======'machine_var_audits_switches_s_trough2'====== Args={'value': 4, 'prev_value': None, 'change': True}
2025-03-06 20:48:28,975 : EventManager : Event: ======'machine_var_audits_switches_s_trough3'====== Args={'value': 6, 'prev_value': None, 'change': True}
2025-03-06 20:48:28,975 : EventManager : Event: ======'machine_var_audits_switches_s_trough_enter'====== Args={'value': 0, 'prev_value': None, 'change': True}
2025-03-06 20:48:28,975 : EventManager : Event: ======'machine_var_mc_version'====== Args={'value': 'MPF-MC v0.57.1', 'prev_value': None, 'change': True}
2025-03-06 20:48:28,975 : EventManager : Event: ======'machine_var_mc_extended_version'====== Args={'value': 'MPF-MC v0.57.1 (config_version=6, BCP v1.1,                      Requires MPF API compatibility v0.57.0 or newer)', 'prev_value': None, 'change': True}
2025-03-06 20:48:28,975 : EventManager : Event: ======'machine_var_credits_string'====== Args={'value': 'FREE PLAY', 'prev_value': None, 'change': True}
2025-03-06 20:48:28,975 : EventManager : Event: ======'machine_var_master_volume'====== Args={'value': 0.5, 'prev_value': None, 'change': True}
2025-03-06 20:48:28,975 : EventManager : Event: ======'machine_var_player1_score'====== Args={'value': 0, 'prev_value': None, 'change': True}
2025-03-06 20:48:28,975 : EventManager : Event: ======'machine_var_mpf_version'====== Args={'value': 'Mission Pinball Framework v0.57.0', 'prev_value': None, 'change': True}
2025-03-06 20:48:28,975 : EventManager : Event: ======'machine_var_mpf_extended_version'====== Args={'value': 'Mission Pinball Framework v0.57.0, Config version:6, Show version: 6, BCP version:1.1', 'prev_value': None, 'change': True}
2025-03-06 20:48:28,975 : EventManager : Event: ======'machine_var_python_version'====== Args={'value': '3.11.0', 'prev_value': None, 'change': True}
2025-03-06 20:48:28,975 : EventManager : Event: ======'machine_var_platform'====== Args={'value': 'Windows-10-10.0.26100-SP0', 'prev_value': None, 'change': True}
2025-03-06 20:48:28,975 : EventManager : Event: ======'machine_var_platform_system'====== Args={'value': 'Windows', 'prev_value': None, 'change': True}
2025-03-06 20:48:28,975 : EventManager : Event: ======'machine_var_platform_release'====== Args={'value': '10', 'prev_value': None, 'change': True}
2025-03-06 20:48:28,975 : EventManager : Event: ======'machine_var_platform_version'====== Args={'value': '10.0.26100', 'prev_value': None, 'change': True}
2025-03-06 20:48:28,975 : EventManager : Event: ======'machine_var_platform_machine'====== Args={'value': 'AMD64', 'prev_value': None, 'change': True}
2025-03-06 20:48:28,976 : EventManager : Event: ======'machine_var_audits_events_game_ended'====== Args={'value': 7, 'prev_value': None, 'change': True}
2025-03-06 20:48:28,976 : EventManager : Event: ======'machine_var_audits_events_game_started'====== Args={'value': 8, 'prev_value': None, 'change': True}
2025-03-06 20:48:28,976 : EventManager : Event: ======'machine_var_audits_missing_switches_s_drain'====== Args={'value': 6, 'prev_value': None, 'change': True}
2025-03-06 20:48:28,976 : EventManager : Event: ======'machine_var_audits_missing_switches_s_launcher_button'====== Args={'value': 3, 'prev_value': None, 'change': True}
2025-03-06 20:48:28,976 : EventManager : Event: ======'machine_var_audits_missing_switches_s_right_flipper'====== Args={'value': 1, 'prev_value': None, 'change': True}
2025-03-06 20:48:28,976 : EventManager : Event: ======'machine_var_audits_missing_switches_s_trough2'====== Args={'value': 1, 'prev_value': None, 'change': True}
2025-03-06 20:48:28,976 : EventManager : Event: ======'machine_var_audits_missing_switches_s_trough3'====== Args={'value': 1, 'prev_value': None, 'change': True}
2025-03-06 20:48:28,976 : EventManager : Event: ======'machine_var_audits_missing_switches_s_trough_enter'====== Args={'value': 8, 'prev_value': None, 'change': True}
2025-03-06 20:48:28,976 : EventManager : Event: ======'machine_var_audits_player_score'====== Args={'value': {'average': 0, 'top': [0, 0, 0, 0, 0, 0, 0], 'total': 7}, 'prev_value': None, 'change': True}
2025-03-06 20:48:28,976 : EventManager : Event: ======'machine_var_audits_switches_s_drain'====== Args={'value': 0, 'prev_value': None, 'change': True}
2025-03-06 20:48:28,976 : EventManager : Event: ======'machine_var_audits_switches_s_launcher_button'====== Args={'value': 4, 'prev_value': None, 'change': True}
2025-03-06 20:48:28,976 : EventManager : Event: ======'machine_var_audits_switches_s_left_flipper'====== Args={'value': 14, 'prev_value': None, 'change': True}
2025-03-06 20:48:28,976 : EventManager : Event: ======'machine_var_audits_switches_s_playfield_entry'====== Args={'value': 23, 'prev_value': None, 'change': True}
2025-03-06 20:48:28,976 : EventManager : Event: ======'machine_var_audits_switches_s_plunger_lane'====== Args={'value': 38, 'prev_value': None, 'change': True}
2025-03-06 20:48:28,977 : EventManager : Event: ======'machine_var_audits_switches_s_right_flipper'====== Args={'value': 10, 'prev_value': None, 'change': True}
2025-03-06 20:48:28,977 : EventManager : Event: ======'machine_var_audits_switches_s_trough1'====== Args={'value': 19, 'prev_value': None, 'change': True}
2025-03-06 20:48:28,977 : EventManager : Event: ======'machine_var_audits_switches_s_trough2'====== Args={'value': 4, 'prev_value': None, 'change': True}
2025-03-06 20:48:28,977 : EventManager : Event: ======'machine_var_audits_switches_s_trough3'====== Args={'value': 6, 'prev_value': None, 'change': True}
2025-03-06 20:48:28,977 : EventManager : Event: ======'machine_var_audits_switches_s_trough_enter'====== Args={'value': 0, 'prev_value': None, 'change': True}
2025-03-06 20:48:28,977 : EventManager : Event: ======'machine_var_mc_version'====== Args={'value': 'MPF-MC v0.57.1', 'prev_value': None, 'change': True}
2025-03-06 20:48:28,977 : EventManager : Event: ======'machine_var_mc_extended_version'====== Args={'value': 'MPF-MC v0.57.1 (config_version=6, BCP v1.1,                      Requires MPF API compatibility v0.57.0 or newer)', 'prev_value': None, 'change': True}
2025-03-06 20:48:28,977 : EventManager : Event: ======'slides_play'====== Args={'settings': {'welcome_slide': {'target': None, 'background_color': [0.0, 0.0, 0.0, 1.0], 'priority': None, 'show': True, 'force': False, 'expire': None, 'slide': None, 'tokens': {}, 'action': 'play'}}, 'context': '_global', 'calling_context': 'mode_attract_started', 'priority': 0}
2025-03-06 20:48:28,977 : EventManager : Event: ======'sounds_play'====== Args={'settings': {'main': {'action': 'play', 'priority': None, 'block': False, 'delay': None, 'track': None, 'volume': None, 'ducking': {}, 'pan': None, 'loops': None, 'start_at': None, 'fade_in': None, 'fade_out': None, 'about_to_finish_time': -1.0, 'max_queue_time': -1.0, 'events_when_played': ['use_sound_setting'], 'events_when_stopped': ['use_sound_setting'], 'events_when_looping': ['use_sound_setting'], 'events_when_about_to_finish': ['use_sound_setting'], 'mode_end_action': 'use_sound_setting', 'key': 'use_sound_setting'}}, 'context': '_global', 'calling_context': 'mode_attract_started', 'priority': 0}
2025-03-06 20:48:28,977 : SoundSystem : Setting master volume to 0.5
2025-03-06 20:48:28,977 : SoundSystem : Setting master volume to 0.5
2025-03-06 20:48:28,977 : SoundSystem : Setting master volume to 0.5
2025-03-06 20:48:28,978 : SoundSystem : Setting master volume to 0.5
2025-03-06 20:48:28,979 : EventManager : Event: ======'slide_welcome_slide_created'====== Args={}
2025-03-06 20:48:28,980 : EventManager : Event: ======'slide_welcome_slide_active'====== Args={}
2025-03-06 20:48:29,002 : EventManager : Event: ======'loading_assets'====== Args={'total': 1, 'loaded': 1, 'remaining': 0, 'percent': 100}
2025-03-06 20:48:29,002 : AssetManager : Asset loading took: 4.495018005371094
2025-03-06 20:48:29,002 : EventManager : Event: ======'asset_loading_complete'====== Args={}
2025-03-06 20:48:29,002 : AssetManager : Loading assets: 1/1 (100%)
2025-03-06 20:48:37,302 : EventManager : Event: ======'game_started'====== Args={}
2025-03-06 20:48:37,328 : EventManager : Event: ======'sounds_play'====== Args={'settings': {'main': {'action': 'stop', 'priority': None, 'block': False, 'delay': None, 'track': None, 'volume': None, 'ducking': {}, 'pan': None, 'loops': None, 'start_at': None, 'fade_in': None, 'fade_out': None, 'about_to_finish_time': -1.0, 'max_queue_time': -1.0, 'events_when_played': ['use_sound_setting'], 'events_when_stopped': ['use_sound_setting'], 'events_when_looping': ['use_sound_setting'], 'events_when_about_to_finish': ['use_sound_setting'], 'mode_end_action': 'use_sound_setting', 'key': 'use_sound_setting'}}, 'context': '_global', 'calling_context': 'mode_attract_stopped', 'priority': 0}
2025-03-06 20:48:37,328 : EventManager : Event: ======'player_added'====== Args={'player': <Player 1>, 'num': 1}
2025-03-06 20:48:37,328 : EventManager : Event: ======'player_index'====== Args={'value': 0, 'prev_value': 0, 'change': 0, 'player_num': 1}
2025-03-06 20:48:37,329 : EventManager : Event: ======'player_number'====== Args={'value': 1, 'prev_value': 1, 'change': 0, 'player_num': 1}
2025-03-06 20:48:37,329 : EventManager : Event: ======'player_score'====== Args={'value': 0, 'prev_value': 0, 'change': 0, 'player_num': 1}
2025-03-06 20:48:37,340 : EventManager : Event: ======'player_ball'====== Args={'value': 1, 'prev_value': 0, 'change': 1, 'player_num': 1}
2025-03-06 20:48:37,340 : EventManager : Event: ======'player_turn_start'====== Args={'number': 1, 'player': <Player 1>}
2025-03-06 20:48:37,352 : EventManager : Event: ======'slides_play'====== Args={'settings': {'widgets': {'widgets': [{'type': 'text', 'text': 'PLAYER (number) BALL (ball)', '_default_settings': ['type', 'text'], 'x': None, 'y': None, 'anchor_x': 'center', 'anchor_y': 'center', 'round_anchor_x': None, 'round_anchor_y': None, 'opacity': 1.0, 'z': 0, 'reset_animations_events': {}, 'color': [1.0, 1.0, 1.0, 1.0], 'style': [], 'adjust_top': 0, 'adjust_bottom': 0, 'adjust_left': 0, 'adjust_right': 0, 'expire': None, 'key': None, 'widget': None, 'events_when_added': [], 'events_when_removed': [], 'font_size': 15, 'bitmap_font': False, 'font_kerning': True, 'bold': False, 'italic': False, 'number_grouping': False, 'min_digits': 0, 'halign': 'center', 'valign': 'middle', 'rotation': 0, 'scale': 1.0, 'casing': None, 'outline_color': [1.0, 1.0, 1.0, 1.0], 'outline_width': 0, 'animations': None}], 'target': None, 'background_color': [0.0, 0.0, 0.0, 1.0], 'priority': None, 'show': True, 'force': False, 'expire': None, 'slide': None, 'tokens': {}, 'action': 'play'}}, 'context': '_global', 'calling_context': 'ball_started', 'priority': 0, 'player': 1, 'ball': 1, 'balls_remaining': 2, 'is_extra_ball': False}
2025-03-06 20:48:37,358 : EventManager : Event: ======'slide__global.slide_player-ball_started_created'====== Args={}
2025-03-06 20:48:37,360 : EventManager : Event: ======'slide__global.slide_player-ball_started_active'====== Args={}
2025-03-06 20:48:37,488 : EventManager : Event: ======'machine_var_audits_switches_s_plunger_lane'====== Args={'value': 39, 'prev_value': 38, 'change': 1}
2025-03-06 20:48:38,102 : EventManager : Event: ======'machine_var_audits_switches_s_playfield_entry'====== Args={'value': 24, 'prev_value': 23, 'change': 1}
2025-03-06 20:48:40,392 : EventManager : Event: ======'machine_var_audits_switches_s_trough1'====== Args={'value': 20, 'prev_value': 19, 'change': 1}
2025-03-06 20:48:40,841 : EventManager : Event: ======'player_ball'====== Args={'value': 2, 'prev_value': 1, 'change': 1, 'player_num': 1}
2025-03-06 20:48:40,841 : EventManager : Event: ======'slides_play'====== Args={'settings': {'widgets': {'widgets': [{'type': 'text', 'text': 'PLAYER (number) BALL (ball)', '_default_settings': ['type', 'text'], 'x': None, 'y': None, 'anchor_x': 'center', 'anchor_y': 'center', 'round_anchor_x': None, 'round_anchor_y': None, 'opacity': 1.0, 'z': 0, 'reset_animations_events': {}, 'color': [1.0, 1.0, 1.0, 1.0], 'style': [], 'adjust_top': 0, 'adjust_bottom': 0, 'adjust_left': 0, 'adjust_right': 0, 'expire': None, 'key': None, 'widget': None, 'events_when_added': [], 'events_when_removed': [], 'font_size': 15, 'bitmap_font': False, 'font_kerning': True, 'bold': False, 'italic': False, 'number_grouping': False, 'min_digits': 0, 'halign': 'center', 'valign': 'middle', 'rotation': 0, 'scale': 1.0, 'casing': None, 'outline_color': [1.0, 1.0, 1.0, 1.0], 'outline_width': 0, 'animations': None}], 'target': None, 'background_color': [0.0, 0.0, 0.0, 1.0], 'priority': None, 'show': True, 'force': False, 'expire': None, 'slide': None, 'tokens': {}, 'action': 'play'}}, 'context': '_global', 'calling_context': 'ball_started', 'priority': 0, 'player': 1, 'ball': 2, 'balls_remaining': 1, 'is_extra_ball': False}
2025-03-06 20:48:40,841 : EventManager : Event: ======'slide__global.slide_player-ball_started_removed'====== Args={}
2025-03-06 20:48:40,843 : EventManager : Event: ======'slide__global.slide_player-ball_started_created'====== Args={}
2025-03-06 20:48:40,844 : EventManager : Event: ======'slide__global.slide_player-ball_started_active'====== Args={}
2025-03-06 20:48:40,966 : EventManager : Event: ======'machine_var_audits_switches_s_plunger_lane'====== Args={'value': 40, 'prev_value': 39, 'change': 1}
2025-03-06 20:48:41,564 : EventManager : Event: ======'machine_var_audits_switches_s_playfield_entry'====== Args={'value': 25, 'prev_value': 24, 'change': 1}
2025-03-06 20:48:41,688 : EventManager : Event: ======'machine_var_audits_switches_s_trough1'====== Args={'value': 21, 'prev_value': 20, 'change': 1}
2025-03-06 20:48:42,161 : EventManager : Event: ======'player_ball'====== Args={'value': 3, 'prev_value': 2, 'change': 1, 'player_num': 1}
2025-03-06 20:48:42,186 : EventManager : Event: ======'slides_play'====== Args={'settings': {'widgets': {'widgets': [{'type': 'text', 'text': 'PLAYER (number) BALL (ball)', '_default_settings': ['type', 'text'], 'x': None, 'y': None, 'anchor_x': 'center', 'anchor_y': 'center', 'round_anchor_x': None, 'round_anchor_y': None, 'opacity': 1.0, 'z': 0, 'reset_animations_events': {}, 'color': [1.0, 1.0, 1.0, 1.0], 'style': [], 'adjust_top': 0, 'adjust_bottom': 0, 'adjust_left': 0, 'adjust_right': 0, 'expire': None, 'key': None, 'widget': None, 'events_when_added': [], 'events_when_removed': [], 'font_size': 15, 'bitmap_font': False, 'font_kerning': True, 'bold': False, 'italic': False, 'number_grouping': False, 'min_digits': 0, 'halign': 'center', 'valign': 'middle', 'rotation': 0, 'scale': 1.0, 'casing': None, 'outline_color': [1.0, 1.0, 1.0, 1.0], 'outline_width': 0, 'animations': None}], 'target': None, 'background_color': [0.0, 0.0, 0.0, 1.0], 'priority': None, 'show': True, 'force': False, 'expire': None, 'slide': None, 'tokens': {}, 'action': 'play'}}, 'context': '_global', 'calling_context': 'ball_started', 'priority': 0, 'player': 1, 'ball': 3, 'balls_remaining': 0, 'is_extra_ball': False}
2025-03-06 20:48:42,186 : EventManager : Event: ======'slide__global.slide_player-ball_started_removed'====== Args={}
2025-03-06 20:48:42,190 : EventManager : Event: ======'slide__global.slide_player-ball_started_created'====== Args={}
2025-03-06 20:48:42,191 : EventManager : Event: ======'slide__global.slide_player-ball_started_active'====== Args={}
2025-03-06 20:48:42,322 : EventManager : Event: ======'machine_var_audits_switches_s_plunger_lane'====== Args={'value': 41, 'prev_value': 40, 'change': 1}
2025-03-06 20:48:42,909 : EventManager : Event: ======'machine_var_audits_switches_s_playfield_entry'====== Args={'value': 26, 'prev_value': 25, 'change': 1}
2025-03-06 20:48:44,414 : EventManager : Event: ======'machine_var_audits_switches_s_trough1'====== Args={'value': 22, 'prev_value': 21, 'change': 1}
2025-03-06 20:48:44,801 : EventManager : Event: ======'slides_play'====== Args={'settings': {'welcome_slide': {'target': None, 'background_color': [0.0, 0.0, 0.0, 1.0], 'priority': None, 'show': True, 'force': False, 'expire': None, 'slide': None, 'tokens': {}, 'action': 'play'}}, 'context': '_global', 'calling_context': 'mode_attract_started', 'priority': 0}
2025-03-06 20:48:44,801 : EventManager : Event: ======'sounds_play'====== Args={'settings': {'main': {'action': 'play', 'priority': None, 'block': False, 'delay': None, 'track': None, 'volume': None, 'ducking': {}, 'pan': None, 'loops': None, 'start_at': None, 'fade_in': None, 'fade_out': None, 'about_to_finish_time': -1.0, 'max_queue_time': -1.0, 'events_when_played': ['use_sound_setting'], 'events_when_stopped': ['use_sound_setting'], 'events_when_looping': ['use_sound_setting'], 'events_when_about_to_finish': ['use_sound_setting'], 'mode_end_action': 'use_sound_setting', 'key': 'use_sound_setting'}}, 'context': '_global', 'calling_context': 'mode_attract_started', 'priority': 0}
2025-03-06 20:48:44,801 : EventManager : Event: ======'game_ended'====== Args={}
2025-03-06 20:48:44,802 : EventManager : Event: ======'slide_welcome_slide_removed'====== Args={}
2025-03-06 20:48:44,804 : EventManager : Event: ======'slide_welcome_slide_created'====== Args={}
2025-03-06 20:48:44,806 : EventManager : Event: ======'slide_welcome_slide_active'====== Args={}
2025-03-06 20:48:46,922 : kivy : Base: Leaving application in progress...
2025-03-06 20:48:46,922 : mpfmc : Stopping...
2025-03-06 20:48:46,922 : EventManager : Event: ======'shutdown'====== Args={}
2025-03-06 20:48:46,922 : AudioInterface : Disabling audio playback
2025-03-06 20:48:47,083 : mpfmc : Loop rate 66.05 Hz
2025-03-06 20:48:47,084 : root : MC run loop ended.
2025-03-06 20:48:47,085 : root : Stopping child threads... (2 remaining)
2025-03-06 20:48:47,152 : mpfmc : Stopping...
2025-03-06 20:48:47,153 : EventManager : Event: ======'shutdown'====== Args={}
2025-03-06 20:48:47,153 : mpfmc : Loop rate 65.84 Hz
2025-03-06 20:48:47,164 : MPF-MC BCP Server : Stopping BCP sending thread
2025-03-06 20:48:47,186 : root : All child threads stopped.
