2025-02-24 13:02:59,947 : INFO : root : Loading config.
2025-02-24 13:02:59,997 : INFO : ConfigProcessor : Config spec file cache created: C:\Users\duffb\AppData\Local\Temp\config_spec.mpf_cache
2025-02-24 13:02:59,999 : INFO : YamlMultifileConfigLoader : Machine config file #1: config.yaml
2025-02-24 13:02:59,999 : INFO : ConfigProcessor : Loading config from file C:\Users\duffb\.pyenv\pyenv-win\versions\3.11.0\Lib\site-packages\mpf\mpfconfig.yaml.
2025-02-24 13:03:00,031 : INFO : ConfigProcessor : Loading config: C:\Users\duffb\.pyenv\pyenv-win\versions\3.11.0\Lib\site-packages\mpf\mpfconfig.yaml
2025-02-24 13:03:00,032 : INFO : ConfigProcessor : Loading config from file C:\Users\duffb\OneDrive\Documents\Python Envs\PinBallWW1\Machine\config\config.yaml.
2025-02-24 13:03:00,043 : INFO : ConfigProcessor : Loading config: C:\Users\duffb\OneDrive\Documents\Python Envs\PinBallWW1\Machine\config\config.yaml
2025-02-24 13:03:00,044 : INFO : ConfigProcessor : Config file cache created: C:\Users\duffb\AppData\Local\Temp\cadfdee4981114acd6fff59d1071b59b.mpf_cache
2025-02-24 13:03:00,134 : INFO : ConfigProcessor : Loading config from file C:\Users\duffb\.pyenv\pyenv-win\versions\3.11.0\Lib\site-packages\mpf\modes\attract\config\attract.yaml.
2025-02-24 13:03:00,149 : INFO : ConfigProcessor : Loading config: C:\Users\duffb\.pyenv\pyenv-win\versions\3.11.0\Lib\site-packages\mpf\modes\attract\config\attract.yaml
2025-02-24 13:03:00,150 : INFO : ConfigProcessor : Config file cache created: C:\Users\duffb\AppData\Local\Temp\2d51d76727b268a801d8dd7a18b89879.mpf_cache
2025-02-24 13:03:00,151 : INFO : ConfigProcessor : Loading config from file C:\Users\duffb\.pyenv\pyenv-win\versions\3.11.0\Lib\site-packages\mpf\modes\game\config\game.yaml.
2025-02-24 13:03:00,170 : INFO : ConfigProcessor : Loading config: C:\Users\duffb\.pyenv\pyenv-win\versions\3.11.0\Lib\site-packages\mpf\modes\game\config\game.yaml
2025-02-24 13:03:00,171 : INFO : ConfigProcessor : Config file cache created: C:\Users\duffb\AppData\Local\Temp\9f058d482eac17116727d62a93500be7.mpf_cache
2025-02-24 13:03:00,172 : INFO : Machine : Mission Pinball Framework Core Engine v0.80.0.dev6
2025-02-24 13:03:00,172 : INFO : Machine : Command line arguments: {'no_load_cache': False, 'create_config_cache': True, 'bcp': False, 'configfile': ['config.yaml'], 'force_assets_load': False, 'platform_integration_test': False, 'jsonlogging': False, 'logfile': 'logs\\2025-02-24-13-02-59-mpf-T0SHIII.log', 'pause': False, 'production': False, 'text_ui': True, 'loglevel': 15, 'consoleloglevel': 20, 'force_platform': None, 'syslog_address': None, 'full_logfile_path': 'C:\\Users\\duffb\\OneDrive\\Documents\\Python Envs\\PinBallWW1\\Machine\\logs\\2025-02-24-13-02-59-mpf-T0SHIII.log'}
2025-02-24 13:03:00,172 : INFO : Machine : MPF path: C:\Users\duffb\.pyenv\pyenv-win\versions\3.11.0\Lib\site-packages\mpf
2025-02-24 13:03:00,172 : INFO : Machine : Machine path: C:\Users\duffb\OneDrive\Documents\Python Envs\PinBallWW1\Machine
2025-02-24 13:03:00,172 : INFO : Machine : Platform: win32
2025-02-24 13:03:00,172 : INFO : Machine : Python executable location: C:\Users\duffb\.pyenv\pyenv-win\versions\3.11.0\python.exe
2025-02-24 13:03:00,172 : INFO : Machine : Python version: 3.11.0 (64-bit)
2025-02-24 13:03:00,176 : INFO : Machine : Initializing MPF...
2025-02-24 13:03:01,113 : INFO : EventManager : Event: ======'machine_var_credits_string'====== Args={'value': 'FREE PLAY', 'prev_value': None, 'change': True}
2025-02-24 13:03:01,162 : INFO : EventManager : Event: ======'machine_var_master_volume'====== Args={'value': 0.5, 'prev_value': None, 'change': True}
2025-02-24 13:03:01,162 : INFO : EventManager : Event: ======'machine_var_mpf_version'====== Args={'value': 'Mission Pinball Framework v0.80.0.dev6', 'prev_value': None, 'change': True}
2025-02-24 13:03:01,162 : INFO : EventManager : Event: ======'machine_var_mpf_extended_version'====== Args={'value': 'Mission Pinball Framework v0.80.0.dev6, Config version:6, Show version: 6, BCP version:1.1', 'prev_value': None, 'change': True}
2025-02-24 13:03:01,162 : INFO : EventManager : Event: ======'machine_var_python_version'====== Args={'value': '3.11.0', 'prev_value': None, 'change': True}
2025-02-24 13:03:01,171 : INFO : EventManager : Event: ======'machine_var_platform'====== Args={'value': 'Windows-10-10.0.26100-SP0', 'prev_value': None, 'change': True}
2025-02-24 13:03:01,172 : INFO : EventManager : Event: ======'machine_var_platform_system'====== Args={'value': 'Windows', 'prev_value': None, 'change': True}
2025-02-24 13:03:01,172 : INFO : EventManager : Event: ======'machine_var_platform_release'====== Args={'value': '10', 'prev_value': None, 'change': True}
2025-02-24 13:03:01,172 : INFO : EventManager : Event: ======'machine_var_platform_version'====== Args={'value': '10.0.26100', 'prev_value': None, 'change': True}
2025-02-24 13:03:01,172 : INFO : EventManager : Event: ======'machine_var_platform_machine'====== Args={'value': 'AMD64', 'prev_value': None, 'change': True}
2025-02-24 13:03:01,172 : INFO : EventManager : Event: ======'machine_var_log_file_path'====== Args={'value': 'C:\\Users\\duffb\\OneDrive\\Documents\\Python Envs\\PinBallWW1\\Machine\\logs\\2025-02-24-13-02-59-mpf-T0SHIII.log', 'prev_value': None, 'change': True}
2025-02-24 13:03:01,172 : INFO : EventManager : Event: ======'init_phase_1'====== Args={}
2025-02-24 13:03:01,184 : INFO : EventManager : Event: ======'init_phase_2'====== Args={}
2025-02-24 13:03:01,190 : INFO : EventManager : Event: ======'init_phase_3'====== Args={}
2025-02-24 13:03:01,192 : INFO : EventManager : Event: ======'init_phase_4'====== Args={}
2025-02-24 13:03:01,193 : INFO : EventManager : Event: ======'machine_var_audits_switches_s_right_flipper'====== Args={'value': 0, 'prev_value': None, 'change': True}
2025-02-24 13:03:01,193 : INFO : EventManager : Event: ======'machine_var_audits_switches_s_left_flipper'====== Args={'value': 0, 'prev_value': None, 'change': True}
2025-02-24 13:03:01,193 : INFO : EventManager : Event: ======'machine_var_audits_events_game_started'====== Args={'value': 0, 'prev_value': None, 'change': True}
2025-02-24 13:03:01,193 : INFO : EventManager : Event: ======'machine_var_audits_events_game_ended'====== Args={'value': 0, 'prev_value': None, 'change': True}
2025-02-24 13:03:01,193 : INFO : EventManager : Event: ======'machine_var_audits_player_score'====== Args={'value': {'top': [], 'average': 0, 'total': 0}, 'prev_value': None, 'change': True}
2025-02-24 13:03:01,194 : INFO : EventManager : Event: ======'init_phase_5'====== Args={}
2025-02-24 13:03:01,203 : INFO : EventManager : Event: ======'init_done'====== Args={}
2025-02-24 13:03:01,203 : INFO : EventManager : Event: ======'machine_reset_phase_1'====== Args={}
2025-02-24 13:03:01,203 : INFO : EventManager : Event: ======'machine_reset_phase_2'====== Args={}
2025-02-24 13:03:01,203 : INFO : EventManager : Event: ======'machine_reset_phase_3'====== Args={}
2025-02-24 13:03:01,203 : INFO : EventManager : Event: ======'reset_complete'====== Args={}
2025-02-24 13:03:01,203 : INFO : EventManager : Event: ======'mode_attract_will_start'====== Args={}
2025-02-24 13:03:01,204 : INFO : EventManager : Event: ======'mode_attract_starting'====== Args={}
2025-02-24 13:03:01,204 : INFO : Mode.attract : Started. Priority: 10
2025-02-24 13:03:01,204 : INFO : EventManager : Event: ======'modes_active_modes_changed'====== Args={}
2025-02-24 13:03:01,204 : INFO : EventManager : Event: ======'mode_attract_started'====== Args={}
2025-02-24 13:03:01,204 : INFO : EventManager : Event: ======'collecting_balls_complete'====== Args={}
2025-02-24 13:03:01,211 : INFO : Machine : Starting the main run loop with active modes: [<Mode.attract>]
2025-02-24 13:03:07,219 : INFO : Machine : Shutting down...
2025-02-24 13:03:07,219 : INFO : EventManager : Event: ======'shutdown'====== Args={}
2025-02-24 13:03:07,225 : INFO : root : MPF run loop ended.
