2025-03-06 22:28:10,423 : kivy : deps: Successfully imported "kivy_deps.gstreamer" 0.3.3
2025-03-06 22:28:10,424 : kivy : deps: Successfully imported "kivy_deps.angle" 0.3.3
2025-03-06 22:28:10,424 : kivy : deps: Successfully imported "kivy_deps.glew" 0.3.1
2025-03-06 22:28:10,424 : kivy : deps: Successfully imported "kivy_deps.sdl2" 0.6.0
2025-03-06 22:28:10,424 : kivy : Kivy: v2.2.1
2025-03-06 22:28:10,424 : kivy : Kivy: Installed at "C:\Users\duffb\.pyenv\pyenv-win\versions\3.11.0\Lib\site-packages\kivy\__init__.py"
2025-03-06 22:28:10,424 : kivy : Python: v3.11.0 (main, Oct 24 2022, 18:26:48) [MSC v.1933 64 bit (AMD64)]
2025-03-06 22:28:10,425 : kivy : Python: Interpreter at "C:\Users\duffb\.pyenv\pyenv-win\versions\3.11.0\python.exe"
2025-03-06 22:28:10,437 : kivy : Factory: 190 symbols loaded
2025-03-06 22:28:10,590 : kivy : ImageLoaderFFPy: Using ffpyplayer 4.5.1
2025-03-06 22:28:10,591 : kivy : Image: Providers: img_tex, img_dds, img_sdl2, img_pil, img_ffpyplayer 
2025-03-06 22:28:10,858 : kivy : VideoGstplayer: Using Gstreamer 1.18.5.0
2025-03-06 22:28:10,859 : kivy : Video: Provider: gstplayer
2025-03-06 22:28:10,974 : root : Loading MPF-MC controller
2025-03-06 22:28:11,000 : YamlMultifileConfigLoader : Machine config file #1: config
2025-03-06 22:28:11,001 : ConfigProcessor : Config file in cache changed: C:\Users\duffb\OneDrive\Documents\Python Envs\PinBallWW1\Machine\config\config
2025-03-06 22:28:11,001 : ConfigProcessor : Loading config from file C:\Users\duffb\.pyenv\pyenv-win\versions\3.11.0\Lib\site-packages\mpfmc\mcconfig.yaml.
2025-03-06 22:28:11,009 : ConfigProcessor : Loading config: C:\Users\duffb\.pyenv\pyenv-win\versions\3.11.0\Lib\site-packages\mpfmc\mcconfig.yaml
2025-03-06 22:28:11,010 : ConfigProcessor : Loading config from file C:\Users\duffb\OneDrive\Documents\Python Envs\PinBallWW1\Machine\config\config.
2025-03-06 22:28:11,012 : ConfigProcessor : Loading config: C:\Users\duffb\OneDrive\Documents\Python Envs\PinBallWW1\Machine\config\config
2025-03-06 22:28:11,013 : ConfigProcessor : Config file cache created: C:\Users\duffb\AppData\Local\Temp\de7a4651692d89380cb727f0a44dc491.mpf_cache
2025-03-06 22:28:11,014 : ConfigProcessor : Loading config from cache: C:\Users\duffb\AppData\Local\Temp\ee7db1e8d011f44c876692bb4657f2e9.mpf_cache
2025-03-06 22:28:11,014 : ConfigProcessor : Loading config from cache: C:\Users\duffb\AppData\Local\Temp\9f058d482eac17116727d62a93500be7.mpf_cache
2025-03-06 22:28:11,015 : ConfigProcessor : Loading config from cache: C:\Users\duffb\AppData\Local\Temp\9e006ea23aa21ec68e01f6c49afad9f4.mpf_cache
2025-03-06 22:28:11,015 : mpfmc : Mission Pinball Framework Media Controller (MPF-MC) v0.57.1. Requires MPF v0.57.0 or newer.
2025-03-06 22:28:11,015 : mpfmc : Found MPF v0.57.0
2025-03-06 22:28:11,015 : mpfmc : Machine path: C:\Users\duffb\OneDrive\Documents\Python Envs\PinBallWW1\Machine
2025-03-06 22:28:11,015 : mpfmc : Starting clock at 60.0Hz
2025-03-06 22:28:11,033 : kivy : Text: Provider: sdl2
2025-03-06 22:28:11,104 : kivy : Window: Provider: sdl2
2025-03-06 22:28:11,469 : kivy : GL: Using the "OpenGL" graphics system
2025-03-06 22:28:11,470 : kivy : GL: GLEW initialization succeeded
2025-03-06 22:28:11,470 : kivy : GL: Backend used <glew>
2025-03-06 22:28:11,470 : kivy : GL: OpenGL version <b'4.6.0 - Build 31.0.101.5592'>
2025-03-06 22:28:11,470 : kivy : GL: OpenGL vendor <b'Intel'>
2025-03-06 22:28:11,470 : kivy : GL: OpenGL renderer <b'Intel(R) UHD Graphics'>
2025-03-06 22:28:11,470 : kivy : GL: OpenGL parsed version: 4, 6
2025-03-06 22:28:11,470 : kivy : GL: Shading version <b'4.60 - Build 31.0.101.5592'>
2025-03-06 22:28:11,470 : kivy : GL: Texture max size <16384>
2025-03-06 22:28:11,470 : kivy : GL: Texture max units <32>
2025-03-06 22:28:11,493 : kivy : Window: auto add sdl2 input provider
2025-03-06 22:28:11,494 : kivy : Window: virtual keyboard not allowed, single mode, not docked
2025-03-06 22:28:11,916 : AudioInterface : Initialized
2025-03-06 22:28:11,916 : AudioInterface : Loaded SDL 2.26.4
2025-03-06 22:28:11,916 : AudioInterface : Loaded SDL_Mixer 2.6.3
2025-03-06 22:28:11,916 : AudioInterface : Loaded GStreamer 1.18.5.0
2025-03-06 22:28:11,916 : AudioInterface : Loaded GLib 2.62.6
2025-03-06 22:28:11,916 : AudioInterface : Settings requested - rate: 44100, channels: 1, buffer: 2048 samples
2025-03-06 22:28:11,916 : AudioInterface : Settings in use - rate: 44100, channels: 1, buffer: 2048 samples (4096 bytes @ 2 bytes per sample)
2025-03-06 22:28:11,916 : SoundSystem : Setting master volume to 0.0
2025-03-06 22:28:11,916 : AudioInterface : Enabling audio playback
2025-03-06 22:28:11,919 : kivy : Base: Start application main loop
2025-03-06 22:28:11,919 : EventManager : Event: ======'display_window_initialized'====== Args={}
2025-03-06 22:28:11,926 : mpfmc : Display: Setting 'window' as default display
2025-03-06 22:28:11,935 : EventManager : Event: ======'displays_initialized'====== Args={}
2025-03-06 22:28:11,936 : EventManager : Event: ======'slide_window_blank_created'====== Args={}
2025-03-06 22:28:11,936 : EventManager : Event: ======'display_window_ready'====== Args={}
2025-03-06 22:28:11,946 : EventManager : Event: ======'init_phase_1'====== Args={}
2025-03-06 22:28:11,949 : EventManager : Event: ======'mc_ready'====== Args={}
2025-03-06 22:28:11,950 : EventManager : Event: ======'init_phase_2'====== Args={}
2025-03-06 22:28:11,951 : EventManager : Event: ======'init_phase_3'====== Args={}
2025-03-06 22:28:11,952 : EventManager : Event: ======'init_phase_4'====== Args={}
2025-03-06 22:28:11,953 : EventManager : Event: ======'init_phase_5'====== Args={}
2025-03-06 22:28:11,990 : kivy : GL: NPOT texture support is available
2025-03-06 22:28:11,995 : EventManager : Event: ======'loading_assets'====== Args={'total': 4, 'loaded': 1, 'remaining': 3, 'percent': 25}
2025-03-06 22:28:11,996 : AssetManager : Loading assets: 1/4 (25%)
2025-03-06 22:28:12,007 : EventManager : Event: ======'loading_assets'====== Args={'total': 4, 'loaded': 4, 'remaining': 0, 'percent': 100}
2025-03-06 22:28:12,007 : AssetManager : Asset loading took: 0.0899507999420166
2025-03-06 22:28:12,007 : EventManager : Event: ======'asset_loading_complete'====== Args={}
2025-03-06 22:28:12,007 : AssetManager : Loading assets: 4/4 (100%)
2025-03-06 22:28:12,007 : EventManager : Event: ======'init_done'====== Args={}
2025-03-06 22:28:12,007 : MPF-MC BCP Server : Starting up on localhost port 5050
2025-03-06 22:28:12,020 : MPF-MC BCP Server : Waiting for a connection...
2025-03-06 22:28:12,028 : EventManager : Event: ======'slide_welcome_slide_created'====== Args={}
2025-03-06 22:28:12,030 : EventManager : Event: ======'slide_welcome_slide_active'====== Args={}
2025-03-06 22:28:12,072 : EventManager : Event: ======'client_disconnected'====== Args={'host': '127.0.0.1', 'port': 5050}
2025-03-06 22:28:12,589 : MPF-MC BCP Server : Received connection from: 127.0.0.1:51433
2025-03-06 22:28:12,594 : EventManager : Event: ======'client_connected'====== Args={'host': '127.0.0.1', 'port': 51433}
2025-03-06 22:28:12,743 : EventManager : Event: ======'machine_var_credits_string'====== Args={'value': 'FREE PLAY', 'prev_value': None, 'change': True}
2025-03-06 22:28:12,743 : EventManager : Event: ======'machine_var_master_volume'====== Args={'value': 0.5, 'prev_value': None, 'change': True}
2025-03-06 22:28:12,743 : EventManager : Event: ======'machine_var_player1_score'====== Args={'value': 8000, 'prev_value': None, 'change': True}
2025-03-06 22:28:12,743 : EventManager : Event: ======'machine_var_player2_score'====== Args={'value': 1000, 'prev_value': None, 'change': True}
2025-03-06 22:28:12,743 : EventManager : Event: ======'machine_var_mpf_version'====== Args={'value': 'Mission Pinball Framework v0.57.0', 'prev_value': None, 'change': True}
2025-03-06 22:28:12,743 : EventManager : Event: ======'machine_var_mpf_extended_version'====== Args={'value': 'Mission Pinball Framework v0.57.0, Config version:6, Show version: 6, BCP version:1.1', 'prev_value': None, 'change': True}
2025-03-06 22:28:12,743 : EventManager : Event: ======'machine_var_python_version'====== Args={'value': '3.11.0', 'prev_value': None, 'change': True}
2025-03-06 22:28:12,743 : EventManager : Event: ======'machine_var_platform'====== Args={'value': 'Windows-10-10.0.26100-SP0', 'prev_value': None, 'change': True}
2025-03-06 22:28:12,743 : EventManager : Event: ======'machine_var_platform_system'====== Args={'value': 'Windows', 'prev_value': None, 'change': True}
2025-03-06 22:28:12,743 : EventManager : Event: ======'machine_var_platform_release'====== Args={'value': '10', 'prev_value': None, 'change': True}
2025-03-06 22:28:12,743 : EventManager : Event: ======'machine_var_platform_version'====== Args={'value': '10.0.26100', 'prev_value': None, 'change': True}
2025-03-06 22:28:12,743 : EventManager : Event: ======'machine_var_platform_machine'====== Args={'value': 'AMD64', 'prev_value': None, 'change': True}
2025-03-06 22:28:12,743 : EventManager : Event: ======'machine_var_mc_version'====== Args={'value': 'MPF-MC v0.57.1', 'prev_value': None, 'change': True}
2025-03-06 22:28:12,743 : EventManager : Event: ======'machine_var_mc_extended_version'====== Args={'value': 'MPF-MC v0.57.1 (config_version=6, BCP v1.1,                      Requires MPF API compatibility v0.57.0 or newer)', 'prev_value': None, 'change': True}
2025-03-06 22:28:12,743 : EventManager : Event: ======'machine_var_credits_string'====== Args={'value': 'FREE PLAY', 'prev_value': None, 'change': True}
2025-03-06 22:28:12,743 : EventManager : Event: ======'machine_var_master_volume'====== Args={'value': 0.5, 'prev_value': None, 'change': True}
2025-03-06 22:28:12,743 : EventManager : Event: ======'machine_var_player1_score'====== Args={'value': 8000, 'prev_value': None, 'change': True}
2025-03-06 22:28:12,743 : EventManager : Event: ======'machine_var_player2_score'====== Args={'value': 1000, 'prev_value': None, 'change': True}
2025-03-06 22:28:12,743 : EventManager : Event: ======'machine_var_mpf_version'====== Args={'value': 'Mission Pinball Framework v0.57.0', 'prev_value': None, 'change': True}
2025-03-06 22:28:12,744 : EventManager : Event: ======'machine_var_mpf_extended_version'====== Args={'value': 'Mission Pinball Framework v0.57.0, Config version:6, Show version: 6, BCP version:1.1', 'prev_value': None, 'change': True}
2025-03-06 22:28:12,744 : EventManager : Event: ======'machine_var_python_version'====== Args={'value': '3.11.0', 'prev_value': None, 'change': True}
2025-03-06 22:28:12,744 : EventManager : Event: ======'machine_var_platform'====== Args={'value': 'Windows-10-10.0.26100-SP0', 'prev_value': None, 'change': True}
2025-03-06 22:28:12,744 : EventManager : Event: ======'machine_var_platform_system'====== Args={'value': 'Windows', 'prev_value': None, 'change': True}
2025-03-06 22:28:12,744 : EventManager : Event: ======'machine_var_platform_release'====== Args={'value': '10', 'prev_value': None, 'change': True}
2025-03-06 22:28:12,744 : EventManager : Event: ======'machine_var_platform_version'====== Args={'value': '10.0.26100', 'prev_value': None, 'change': True}
2025-03-06 22:28:12,744 : EventManager : Event: ======'machine_var_platform_machine'====== Args={'value': 'AMD64', 'prev_value': None, 'change': True}
2025-03-06 22:28:12,744 : EventManager : Event: ======'machine_var_mc_version'====== Args={'value': 'MPF-MC v0.57.1', 'prev_value': None, 'change': True}
2025-03-06 22:28:12,744 : EventManager : Event: ======'machine_var_mc_extended_version'====== Args={'value': 'MPF-MC v0.57.1 (config_version=6, BCP v1.1,                      Requires MPF API compatibility v0.57.0 or newer)', 'prev_value': None, 'change': True}
2025-03-06 22:28:12,744 : EventManager : Event: ======'machine_var_credits_string'====== Args={'value': 'FREE PLAY', 'prev_value': None, 'change': True}
2025-03-06 22:28:12,744 : EventManager : Event: ======'machine_var_master_volume'====== Args={'value': 0.5, 'prev_value': None, 'change': True}
2025-03-06 22:28:12,744 : EventManager : Event: ======'machine_var_player1_score'====== Args={'value': 8000, 'prev_value': None, 'change': True}
2025-03-06 22:28:12,744 : EventManager : Event: ======'machine_var_player2_score'====== Args={'value': 1000, 'prev_value': None, 'change': True}
2025-03-06 22:28:12,744 : EventManager : Event: ======'machine_var_mpf_version'====== Args={'value': 'Mission Pinball Framework v0.57.0', 'prev_value': None, 'change': True}
2025-03-06 22:28:12,744 : EventManager : Event: ======'machine_var_mpf_extended_version'====== Args={'value': 'Mission Pinball Framework v0.57.0, Config version:6, Show version: 6, BCP version:1.1', 'prev_value': None, 'change': True}
2025-03-06 22:28:12,744 : EventManager : Event: ======'machine_var_python_version'====== Args={'value': '3.11.0', 'prev_value': None, 'change': True}
2025-03-06 22:28:12,744 : EventManager : Event: ======'machine_var_platform'====== Args={'value': 'Windows-10-10.0.26100-SP0', 'prev_value': None, 'change': True}
2025-03-06 22:28:12,744 : EventManager : Event: ======'machine_var_platform_system'====== Args={'value': 'Windows', 'prev_value': None, 'change': True}
2025-03-06 22:28:12,744 : EventManager : Event: ======'machine_var_platform_release'====== Args={'value': '10', 'prev_value': None, 'change': True}
2025-03-06 22:28:12,744 : EventManager : Event: ======'machine_var_platform_version'====== Args={'value': '10.0.26100', 'prev_value': None, 'change': True}
2025-03-06 22:28:12,744 : EventManager : Event: ======'machine_var_platform_machine'====== Args={'value': 'AMD64', 'prev_value': None, 'change': True}
2025-03-06 22:28:12,744 : EventManager : Event: ======'machine_var_mc_version'====== Args={'value': 'MPF-MC v0.57.1', 'prev_value': None, 'change': True}
2025-03-06 22:28:12,744 : EventManager : Event: ======'machine_var_mc_extended_version'====== Args={'value': 'MPF-MC v0.57.1 (config_version=6, BCP v1.1,                      Requires MPF API compatibility v0.57.0 or newer)', 'prev_value': None, 'change': True}
2025-03-06 22:28:12,744 : EventManager : Event: ======'machine_var_credits_string'====== Args={'value': 'FREE PLAY', 'prev_value': None, 'change': True}
2025-03-06 22:28:12,744 : EventManager : Event: ======'machine_var_master_volume'====== Args={'value': 0.5, 'prev_value': None, 'change': True}
2025-03-06 22:28:12,744 : EventManager : Event: ======'machine_var_player1_score'====== Args={'value': 8000, 'prev_value': None, 'change': True}
2025-03-06 22:28:12,744 : EventManager : Event: ======'machine_var_player2_score'====== Args={'value': 1000, 'prev_value': None, 'change': True}
2025-03-06 22:28:12,744 : EventManager : Event: ======'machine_var_mpf_version'====== Args={'value': 'Mission Pinball Framework v0.57.0', 'prev_value': None, 'change': True}
2025-03-06 22:28:12,744 : EventManager : Event: ======'machine_var_mpf_extended_version'====== Args={'value': 'Mission Pinball Framework v0.57.0, Config version:6, Show version: 6, BCP version:1.1', 'prev_value': None, 'change': True}
2025-03-06 22:28:12,744 : EventManager : Event: ======'machine_var_python_version'====== Args={'value': '3.11.0', 'prev_value': None, 'change': True}
2025-03-06 22:28:12,745 : EventManager : Event: ======'machine_var_platform'====== Args={'value': 'Windows-10-10.0.26100-SP0', 'prev_value': None, 'change': True}
2025-03-06 22:28:12,745 : EventManager : Event: ======'machine_var_platform_system'====== Args={'value': 'Windows', 'prev_value': None, 'change': True}
2025-03-06 22:28:12,745 : EventManager : Event: ======'machine_var_platform_release'====== Args={'value': '10', 'prev_value': None, 'change': True}
2025-03-06 22:28:12,745 : EventManager : Event: ======'machine_var_platform_version'====== Args={'value': '10.0.26100', 'prev_value': None, 'change': True}
2025-03-06 22:28:12,745 : EventManager : Event: ======'machine_var_platform_machine'====== Args={'value': 'AMD64', 'prev_value': None, 'change': True}
2025-03-06 22:28:12,745 : EventManager : Event: ======'machine_var_mc_version'====== Args={'value': 'MPF-MC v0.57.1', 'prev_value': None, 'change': True}
2025-03-06 22:28:12,745 : EventManager : Event: ======'machine_var_mc_extended_version'====== Args={'value': 'MPF-MC v0.57.1 (config_version=6, BCP v1.1,                      Requires MPF API compatibility v0.57.0 or newer)', 'prev_value': None, 'change': True}
2025-03-06 22:28:12,745 : SoundSystem : Setting master volume to 0.5
2025-03-06 22:28:12,745 : SoundSystem : Setting master volume to 0.5
2025-03-06 22:28:12,745 : SoundSystem : Setting master volume to 0.5
2025-03-06 22:28:12,745 : SoundSystem : Setting master volume to 0.5
2025-03-06 22:28:12,793 : EventManager : Event: ======'machine_var_audits_events_game_ended'====== Args={'value': 13, 'prev_value': None, 'change': True}
2025-03-06 22:28:12,793 : EventManager : Event: ======'machine_var_audits_events_game_started'====== Args={'value': 29, 'prev_value': None, 'change': True}
2025-03-06 22:28:12,793 : EventManager : Event: ======'machine_var_audits_missing_switches_s_drain'====== Args={'value': 6, 'prev_value': None, 'change': True}
2025-03-06 22:28:12,793 : EventManager : Event: ======'machine_var_audits_missing_switches_s_trough2'====== Args={'value': 15, 'prev_value': None, 'change': True}
2025-03-06 22:28:12,793 : EventManager : Event: ======'machine_var_audits_missing_switches_s_trough3'====== Args={'value': 22, 'prev_value': None, 'change': True}
2025-03-06 22:28:12,793 : EventManager : Event: ======'machine_var_audits_missing_switches_s_trough_enter'====== Args={'value': 29, 'prev_value': None, 'change': True}
2025-03-06 22:28:12,793 : EventManager : Event: ======'machine_var_audits_player_score'====== Args={'value': {'average': 124, 'top': [8000, 1000, 0, 0, 0, 0, 0, 0, 0, 0], 'total': 16}, 'prev_value': None, 'change': True}
2025-03-06 22:28:12,793 : EventManager : Event: ======'machine_var_audits_switches_s_drain'====== Args={'value': 0, 'prev_value': None, 'change': True}
2025-03-06 22:28:12,793 : EventManager : Event: ======'machine_var_audits_switches_s_launcher_button'====== Args={'value': 19, 'prev_value': None, 'change': True}
2025-03-06 22:28:12,793 : EventManager : Event: ======'machine_var_audits_switches_s_left_flipper'====== Args={'value': 16, 'prev_value': None, 'change': True}
2025-03-06 22:28:12,793 : EventManager : Event: ======'machine_var_audits_switches_s_playfield_entry'====== Args={'value': 154, 'prev_value': None, 'change': True}
2025-03-06 22:28:12,793 : EventManager : Event: ======'machine_var_audits_switches_s_plunger_lane'====== Args={'value': 77, 'prev_value': None, 'change': True}
2025-03-06 22:28:12,793 : EventManager : Event: ======'machine_var_audits_switches_s_pointTarget'====== Args={'value': 34, 'prev_value': None, 'change': True}
2025-03-06 22:28:12,793 : EventManager : Event: ======'machine_var_audits_switches_s_right_flipper'====== Args={'value': 13, 'prev_value': None, 'change': True}
2025-03-06 22:28:12,793 : EventManager : Event: ======'machine_var_audits_switches_s_trough1'====== Args={'value': 53, 'prev_value': None, 'change': True}
2025-03-06 22:28:12,793 : EventManager : Event: ======'machine_var_audits_switches_s_trough2'====== Args={'value': 6, 'prev_value': None, 'change': True}
2025-03-06 22:28:12,794 : EventManager : Event: ======'machine_var_audits_switches_s_trough3'====== Args={'value': 6, 'prev_value': None, 'change': True}
2025-03-06 22:28:12,794 : EventManager : Event: ======'machine_var_audits_switches_s_trough_enter'====== Args={'value': 0, 'prev_value': None, 'change': True}
2025-03-06 22:28:12,806 : EventManager : Event: ======'slides_play'====== Args={'settings': {'welcome_slide': {'target': None, 'background_color': [0.0, 0.0, 0.0, 1.0], 'priority': None, 'show': True, 'force': False, 'expire': None, 'slide': None, 'tokens': {}, 'action': 'play'}}, 'context': '_global', 'calling_context': 'init_done', 'priority': 0}
2025-03-06 22:28:12,806 : EventManager : Event: ======'slide_welcome_slide_removed'====== Args={}
2025-03-06 22:28:12,809 : EventManager : Event: ======'slide_welcome_slide_created'====== Args={}
2025-03-06 22:28:12,809 : EventManager : Event: ======'slide_welcome_slide_active'====== Args={}
2025-03-06 22:28:12,818 : EventManager : Event: ======'mc_reset_phase_1'====== Args={}
2025-03-06 22:28:12,818 : EventManager : Event: ======'mc_reset_phase_2'====== Args={}
2025-03-06 22:28:12,818 : EventManager : Event: ======'mc_reset_phase_3'====== Args={}
2025-03-06 22:28:12,818 : EventManager : Event: ======'mc_reset_complete'====== Args={}
2025-03-06 22:28:12,830 : EventManager : Event: ======'slides_play'====== Args={'settings': {'ship_slide': {'widgets': [{'type': 'image', 'image': 'ship', '_default_settings': ['type', 'image'], 'x': None, 'y': None, 'anchor_x': 'center', 'anchor_y': 'center', 'round_anchor_x': None, 'round_anchor_y': None, 'opacity': 1.0, 'z': 0, 'reset_animations_events': {}, 'color': [1.0, 1.0, 1.0, 1.0], 'style': [], 'adjust_top': 0, 'adjust_bottom': 0, 'adjust_left': 0, 'adjust_right': 0, 'expire': None, 'key': None, 'widget': None, 'events_when_added': [], 'events_when_removed': [], 'fps': 10, 'loops': -1, 'auto_play': True, 'start_frame': 0, 'rotation': 0, 'scale': 1.0, 'animations': None}], 'target': None, 'background_color': [0.0, 0.0, 0.0, 1.0], 'priority': None, 'show': True, 'force': False, 'expire': None, 'slide': None, 'tokens': {}, 'action': 'play'}}, 'context': 'show_1', 'calling_context': 0, 'priority': 10, 'show_tokens': {}, 'start_time': 356326.765}
2025-03-06 22:28:12,830 : EventManager : Event: ======'sounds_play'====== Args={'settings': {'main': {'action': 'play', 'priority': None, 'block': False, 'delay': None, 'track': None, 'volume': None, 'ducking': {}, 'pan': None, 'loops': None, 'start_at': None, 'fade_in': None, 'fade_out': None, 'about_to_finish_time': -1.0, 'max_queue_time': -1.0, 'events_when_played': ['use_sound_setting'], 'events_when_stopped': ['use_sound_setting'], 'events_when_looping': ['use_sound_setting'], 'events_when_about_to_finish': ['use_sound_setting'], 'mode_end_action': 'use_sound_setting', 'key': 'use_sound_setting'}}, 'context': '_global', 'calling_context': 'mode_attract_started', 'priority': 0}
2025-03-06 22:28:12,832 : EventManager : Event: ======'slide_ship_slide_created'====== Args={}
2025-03-06 22:28:12,832 : EventManager : Event: ======'slide_ship_slide_active'====== Args={}
2025-03-06 22:28:12,852 : EventManager : Event: ======'loading_assets'====== Args={'total': 1, 'loaded': 1, 'remaining': 0, 'percent': 100}
2025-03-06 22:28:12,852 : AssetManager : Asset loading took: 0.9344449043273926
2025-03-06 22:28:12,853 : EventManager : Event: ======'asset_loading_complete'====== Args={}
2025-03-06 22:28:12,853 : AssetManager : Loading assets: 1/1 (100%)
2025-03-06 22:28:15,851 : EventManager : Event: ======'slides_play'====== Args={'settings': {'start_slide': {'widgets': [{'type': 'image', 'image': 'start_game', '_default_settings': ['type', 'image'], 'x': None, 'y': None, 'anchor_x': 'center', 'anchor_y': 'center', 'round_anchor_x': None, 'round_anchor_y': None, 'opacity': 1.0, 'z': 0, 'reset_animations_events': {}, 'color': [1.0, 1.0, 1.0, 1.0], 'style': [], 'adjust_top': 0, 'adjust_bottom': 0, 'adjust_left': 0, 'adjust_right': 0, 'expire': None, 'key': None, 'widget': None, 'events_when_added': [], 'events_when_removed': [], 'fps': 10, 'loops': -1, 'auto_play': True, 'start_frame': 0, 'rotation': 0, 'scale': 1.0, 'animations': None}], 'target': None, 'background_color': [0.0, 0.0, 0.0, 1.0], 'priority': None, 'show': True, 'force': False, 'expire': None, 'slide': None, 'tokens': {}, 'action': 'play'}}, 'context': 'show_1', 'calling_context': 1, 'priority': 10, 'show_tokens': {}, 'start_time': 356329.765}
2025-03-06 22:28:15,854 : EventManager : Event: ======'slide_start_slide_created'====== Args={}
2025-03-06 22:28:15,854 : EventManager : Event: ======'slide_start_slide_active'====== Args={}
2025-03-06 22:28:18,845 : EventManager : Event: ======'slides_play'====== Args={'settings': {'company_slide': {'widgets': [{'type': 'image', 'image': 'company', '_default_settings': ['type', 'image'], 'x': None, 'y': None, 'anchor_x': 'center', 'anchor_y': 'center', 'round_anchor_x': None, 'round_anchor_y': None, 'opacity': 1.0, 'z': 0, 'reset_animations_events': {}, 'color': [1.0, 1.0, 1.0, 1.0], 'style': [], 'adjust_top': 0, 'adjust_bottom': 0, 'adjust_left': 0, 'adjust_right': 0, 'expire': None, 'key': None, 'widget': None, 'events_when_added': [], 'events_when_removed': [], 'fps': 10, 'loops': -1, 'auto_play': True, 'start_frame': 0, 'rotation': 0, 'scale': 1.0, 'animations': None}, {'type': 'text', 'text': '(machine|player1_score)', 'number_grouping': True, 'min_digits': 2, 'font_size': 50, 'y': '40%', '_default_settings': ['type', 'text', 'number_grouping', 'min_digits', 'font_size', 'y'], 'x': None, 'anchor_x': 'center', 'anchor_y': 'center', 'round_anchor_x': None, 'round_anchor_y': None, 'opacity': 1.0, 'z': 0, 'reset_animations_events': {}, 'color': [1.0, 1.0, 1.0, 1.0], 'style': [], 'adjust_top': 0, 'adjust_bottom': 0, 'adjust_left': 0, 'adjust_right': 0, 'expire': None, 'key': None, 'widget': None, 'events_when_added': [], 'events_when_removed': [], 'bitmap_font': False, 'font_kerning': True, 'bold': False, 'italic': False, 'halign': 'center', 'valign': 'middle', 'rotation': 0, 'scale': 1.0, 'casing': None, 'outline_color': [1.0, 1.0, 1.0, 1.0], 'outline_width': 0, 'animations': None}], 'target': None, 'background_color': [0.0, 0.0, 0.0, 1.0], 'priority': None, 'show': True, 'force': False, 'expire': None, 'slide': None, 'tokens': {}, 'action': 'play'}}, 'context': 'show_1', 'calling_context': 2, 'priority': 10, 'show_tokens': {}, 'start_time': 356332.765}
2025-03-06 22:28:18,860 : EventManager : Event: ======'slide_company_slide_created'====== Args={}
2025-03-06 22:28:18,861 : EventManager : Unordered handler for class <Text Widget text=8,000> on event machine_var_player1_score with priority 1. Handlers: [RegisteredHandler(callback=<bound method Text._machine_var_change of <Text Widget text=8,000>>, priority=1, kwargs={}, key=UUID('a1e9b549-0f9f-49f3-b66b-15bddf705de8'), condition=None, blocking_facility=None), RegisteredHandler(callback=<bound method Text._machine_var_change of <Text Widget text=8,000>>, priority=1, kwargs={}, key=UUID('e8a0ed88-70cd-4e8e-b5cd-8f05122348cc'), condition=None, blocking_facility=None)]. The order of those handlers is not defined and they will be executed in random order. This might lead to race conditions and potential bugs.
2025-03-06 22:28:18,865 : EventManager : Event: ======'slide_company_slide_active'====== Args={}
2025-03-06 22:28:21,847 : EventManager : Event: ======'slides_play'====== Args={'settings': {'lastgame_slide': {'widgets': [{'type': 'image', 'image': 'last_game', '_default_settings': ['type', 'image'], 'x': None, 'y': None, 'anchor_x': 'center', 'anchor_y': 'center', 'round_anchor_x': None, 'round_anchor_y': None, 'opacity': 1.0, 'z': 0, 'reset_animations_events': {}, 'color': [1.0, 1.0, 1.0, 1.0], 'style': [], 'adjust_top': 0, 'adjust_bottom': 0, 'adjust_left': 0, 'adjust_right': 0, 'expire': None, 'key': None, 'widget': None, 'events_when_added': [], 'events_when_removed': [], 'fps': 10, 'loops': -1, 'auto_play': True, 'start_frame': 0, 'rotation': 0, 'scale': 1.0, 'animations': None}], 'target': None, 'background_color': [0.0, 0.0, 0.0, 1.0], 'priority': None, 'show': True, 'force': False, 'expire': None, 'slide': None, 'tokens': {}, 'action': 'play'}}, 'context': 'show_1', 'calling_context': 3, 'priority': 10, 'show_tokens': {}, 'start_time': 356335.765}
2025-03-06 22:28:21,853 : EventManager : Event: ======'slide_lastgame_slide_created'====== Args={}
2025-03-06 22:28:21,858 : EventManager : Event: ======'slide_lastgame_slide_active'====== Args={}
2025-03-06 22:28:24,849 : EventManager : Event: ======'slides_play'====== Args={'settings': {'ship_slide': {'widgets': [{'type': 'image', 'image': 'ship', '_default_settings': ['type', 'image'], 'x': None, 'y': None, 'anchor_x': 'center', 'anchor_y': 'center', 'round_anchor_x': None, 'round_anchor_y': None, 'opacity': 1.0, 'z': 0, 'reset_animations_events': {}, 'color': [1.0, 1.0, 1.0, 1.0], 'style': [], 'adjust_top': 0, 'adjust_bottom': 0, 'adjust_left': 0, 'adjust_right': 0, 'expire': None, 'key': None, 'widget': None, 'events_when_added': [], 'events_when_removed': [], 'fps': 10, 'loops': -1, 'auto_play': True, 'start_frame': 0, 'rotation': 0, 'scale': 1.0, 'animations': None}], 'target': None, 'background_color': [0.0, 0.0, 0.0, 1.0], 'priority': None, 'show': True, 'force': False, 'expire': None, 'slide': None, 'tokens': {}, 'action': 'play'}}, 'context': 'show_1', 'calling_context': 0, 'priority': 10, 'show_tokens': {}, 'start_time': 356338.765}
2025-03-06 22:28:24,851 : EventManager : Event: ======'slide_ship_slide_removed'====== Args={}
2025-03-06 22:28:24,858 : EventManager : Event: ======'slide_ship_slide_created'====== Args={}
2025-03-06 22:28:24,861 : EventManager : Event: ======'slide_ship_slide_active'====== Args={}
2025-03-06 22:28:27,840 : EventManager : Event: ======'slides_play'====== Args={'settings': {'start_slide': {'widgets': [{'type': 'image', 'image': 'start_game', '_default_settings': ['type', 'image'], 'x': None, 'y': None, 'anchor_x': 'center', 'anchor_y': 'center', 'round_anchor_x': None, 'round_anchor_y': None, 'opacity': 1.0, 'z': 0, 'reset_animations_events': {}, 'color': [1.0, 1.0, 1.0, 1.0], 'style': [], 'adjust_top': 0, 'adjust_bottom': 0, 'adjust_left': 0, 'adjust_right': 0, 'expire': None, 'key': None, 'widget': None, 'events_when_added': [], 'events_when_removed': [], 'fps': 10, 'loops': -1, 'auto_play': True, 'start_frame': 0, 'rotation': 0, 'scale': 1.0, 'animations': None}], 'target': None, 'background_color': [0.0, 0.0, 0.0, 1.0], 'priority': None, 'show': True, 'force': False, 'expire': None, 'slide': None, 'tokens': {}, 'action': 'play'}}, 'context': 'show_1', 'calling_context': 1, 'priority': 10, 'show_tokens': {}, 'start_time': 356341.765}
2025-03-06 22:28:27,841 : EventManager : Event: ======'slide_start_slide_removed'====== Args={}
2025-03-06 22:28:27,847 : EventManager : Event: ======'slide_start_slide_created'====== Args={}
2025-03-06 22:28:27,848 : EventManager : Event: ======'slide_start_slide_active'====== Args={}
2025-03-06 22:28:30,837 : EventManager : Event: ======'slides_play'====== Args={'settings': {'company_slide': {'widgets': [{'type': 'image', 'image': 'company', '_default_settings': ['type', 'image'], 'x': None, 'y': None, 'anchor_x': 'center', 'anchor_y': 'center', 'round_anchor_x': None, 'round_anchor_y': None, 'opacity': 1.0, 'z': 0, 'reset_animations_events': {}, 'color': [1.0, 1.0, 1.0, 1.0], 'style': [], 'adjust_top': 0, 'adjust_bottom': 0, 'adjust_left': 0, 'adjust_right': 0, 'expire': None, 'key': None, 'widget': None, 'events_when_added': [], 'events_when_removed': [], 'fps': 10, 'loops': -1, 'auto_play': True, 'start_frame': 0, 'rotation': 0, 'scale': 1.0, 'animations': None}, {'type': 'text', 'text': '(machine|player1_score)', 'number_grouping': True, 'min_digits': 2, 'font_size': 50, 'y': '40%', '_default_settings': ['type', 'text', 'number_grouping', 'min_digits', 'font_size', 'y'], 'x': None, 'anchor_x': 'center', 'anchor_y': 'center', 'round_anchor_x': None, 'round_anchor_y': None, 'opacity': 1.0, 'z': 0, 'reset_animations_events': {}, 'color': [1.0, 1.0, 1.0, 1.0], 'style': [], 'adjust_top': 0, 'adjust_bottom': 0, 'adjust_left': 0, 'adjust_right': 0, 'expire': None, 'key': None, 'widget': None, 'events_when_added': [], 'events_when_removed': [], 'bitmap_font': False, 'font_kerning': True, 'bold': False, 'italic': False, 'halign': 'center', 'valign': 'middle', 'rotation': 0, 'scale': 1.0, 'casing': None, 'outline_color': [1.0, 1.0, 1.0, 1.0], 'outline_width': 0, 'animations': None}], 'target': None, 'background_color': [0.0, 0.0, 0.0, 1.0], 'priority': None, 'show': True, 'force': False, 'expire': None, 'slide': None, 'tokens': {}, 'action': 'play'}}, 'context': 'show_1', 'calling_context': 2, 'priority': 10, 'show_tokens': {}, 'start_time': 356344.765}
2025-03-06 22:28:30,839 : EventManager : Event: ======'slide_company_slide_removed'====== Args={}
2025-03-06 22:28:30,847 : EventManager : Event: ======'slide_company_slide_created'====== Args={}
2025-03-06 22:28:30,848 : EventManager : Unordered handler for class <Text Widget text=8,000> on event machine_var_player1_score with priority 1. Handlers: [RegisteredHandler(callback=<bound method Text._machine_var_change of <Text Widget text=8,000>>, priority=1, kwargs={}, key=UUID('440f0d57-94ff-4a68-bd51-ffda3de55070'), condition=None, blocking_facility=None), RegisteredHandler(callback=<bound method Text._machine_var_change of <Text Widget text=8,000>>, priority=1, kwargs={}, key=UUID('33b5a0d7-bd35-4294-b5d9-69ccbdecb1f9'), condition=None, blocking_facility=None)]. The order of those handlers is not defined and they will be executed in random order. This might lead to race conditions and potential bugs.
2025-03-06 22:28:30,850 : EventManager : Event: ======'slide_company_slide_active'====== Args={}
2025-03-06 22:28:33,831 : EventManager : Event: ======'slides_play'====== Args={'settings': {'lastgame_slide': {'widgets': [{'type': 'image', 'image': 'last_game', '_default_settings': ['type', 'image'], 'x': None, 'y': None, 'anchor_x': 'center', 'anchor_y': 'center', 'round_anchor_x': None, 'round_anchor_y': None, 'opacity': 1.0, 'z': 0, 'reset_animations_events': {}, 'color': [1.0, 1.0, 1.0, 1.0], 'style': [], 'adjust_top': 0, 'adjust_bottom': 0, 'adjust_left': 0, 'adjust_right': 0, 'expire': None, 'key': None, 'widget': None, 'events_when_added': [], 'events_when_removed': [], 'fps': 10, 'loops': -1, 'auto_play': True, 'start_frame': 0, 'rotation': 0, 'scale': 1.0, 'animations': None}], 'target': None, 'background_color': [0.0, 0.0, 0.0, 1.0], 'priority': None, 'show': True, 'force': False, 'expire': None, 'slide': None, 'tokens': {}, 'action': 'play'}}, 'context': 'show_1', 'calling_context': 3, 'priority': 10, 'show_tokens': {}, 'start_time': 356347.765}
2025-03-06 22:28:33,833 : EventManager : Event: ======'slide_lastgame_slide_removed'====== Args={}
2025-03-06 22:28:33,837 : EventManager : Event: ======'slide_lastgame_slide_created'====== Args={}
2025-03-06 22:28:33,839 : EventManager : Event: ======'slide_lastgame_slide_active'====== Args={}
2025-03-06 22:28:36,566 : EventManager : Event: ======'game_started'====== Args={}
2025-03-06 22:28:36,605 : EventManager : Event: ======'slides_clear'====== Args={'context': 'show_1'}
2025-03-06 22:28:36,606 : EventManager : Event: ======'sounds_play'====== Args={'settings': {'main': {'action': 'stop', 'priority': None, 'block': False, 'delay': None, 'track': None, 'volume': None, 'ducking': {}, 'pan': None, 'loops': None, 'start_at': None, 'fade_in': None, 'fade_out': None, 'about_to_finish_time': -1.0, 'max_queue_time': -1.0, 'events_when_played': ['use_sound_setting'], 'events_when_stopped': ['use_sound_setting'], 'events_when_looping': ['use_sound_setting'], 'events_when_about_to_finish': ['use_sound_setting'], 'mode_end_action': 'use_sound_setting', 'key': 'use_sound_setting'}}, 'context': '_global', 'calling_context': 'mode_attract_stopped', 'priority': 0}
2025-03-06 22:28:36,606 : EventManager : Event: ======'player_added'====== Args={'player': <Player 1>, 'num': 1}
2025-03-06 22:28:36,607 : EventManager : Event: ======'player_index'====== Args={'value': 0, 'prev_value': 0, 'change': 0, 'player_num': 1}
2025-03-06 22:28:36,607 : EventManager : Event: ======'player_number'====== Args={'value': 1, 'prev_value': 1, 'change': 0, 'player_num': 1}
2025-03-06 22:28:36,607 : EventManager : Event: ======'player_score'====== Args={'value': 0, 'prev_value': 0, 'change': 0, 'player_num': 1}
2025-03-06 22:28:36,609 : EventManager : Event: ======'slide_ship_slide_removed'====== Args={}
2025-03-06 22:28:36,609 : EventManager : Event: ======'slide_start_slide_removed'====== Args={}
2025-03-06 22:28:36,610 : EventManager : Event: ======'slide_company_slide_removed'====== Args={}
2025-03-06 22:28:36,610 : EventManager : Event: ======'slide_lastgame_slide_removed'====== Args={}
2025-03-06 22:28:36,612 : EventManager : Event: ======'slide_welcome_slide_active'====== Args={}
2025-03-06 22:28:36,625 : EventManager : Event: ======'player_ball'====== Args={'value': 1, 'prev_value': 0, 'change': 1, 'player_num': 1}
2025-03-06 22:28:36,637 : EventManager : Event: ======'player_turn_start'====== Args={'number': 1, 'player': <Player 1>}
2025-03-06 22:28:36,638 : EventManager : Event: ======'slides_play'====== Args={'settings': {'widgets': {'widgets': [{'type': 'text', 'text': '(score)', 'number_grouping': True, 'min_digits': 2, 'font_size': 100, '_default_settings': ['type', 'text', 'number_grouping', 'min_digits', 'font_size'], 'x': None, 'y': None, 'anchor_x': 'center', 'anchor_y': 'center', 'round_anchor_x': None, 'round_anchor_y': None, 'opacity': 1.0, 'z': 0, 'reset_animations_events': {}, 'color': [1.0, 1.0, 1.0, 1.0], 'style': [], 'adjust_top': 0, 'adjust_bottom': 0, 'adjust_left': 0, 'adjust_right': 0, 'expire': None, 'key': None, 'widget': None, 'events_when_added': [], 'events_when_removed': [], 'bitmap_font': False, 'font_kerning': True, 'bold': False, 'italic': False, 'halign': 'center', 'valign': 'middle', 'rotation': 0, 'scale': 1.0, 'casing': None, 'outline_color': [1.0, 1.0, 1.0, 1.0], 'outline_width': 0, 'animations': None}, {'type': 'text', 'text': 'PLAYER (number)', 'y': '10', 'x': '10', 'font_size': 50, 'anchor_x': 'left', 'anchor_y': 'bottom', '_default_settings': ['type', 'text', 'y', 'x', 'font_size', 'anchor_x', 'anchor_y'], 'round_anchor_x': None, 'round_anchor_y': None, 'opacity': 1.0, 'z': 0, 'reset_animations_events': {}, 'color': [1.0, 1.0, 1.0, 1.0], 'style': [], 'adjust_top': 0, 'adjust_bottom': 0, 'adjust_left': 0, 'adjust_right': 0, 'expire': None, 'key': None, 'widget': None, 'events_when_added': [], 'events_when_removed': [], 'bitmap_font': False, 'font_kerning': True, 'bold': False, 'italic': False, 'number_grouping': False, 'min_digits': 0, 'halign': 'center', 'valign': 'middle', 'rotation': 0, 'scale': 1.0, 'casing': None, 'outline_color': [1.0, 1.0, 1.0, 1.0], 'outline_width': 0, 'animations': None}, {'type': 'text', 'text': 'BALL (ball)', 'y': '10', 'x': 'right-10', 'anchor_x': 'right', 'anchor_y': 'bottom', 'font_size': 50, '_default_settings': ['type', 'text', 'y', 'x', 'anchor_x', 'anchor_y', 'font_size'], 'round_anchor_x': None, 'round_anchor_y': None, 'opacity': 1.0, 'z': 0, 'reset_animations_events': {}, 'color': [1.0, 1.0, 1.0, 1.0], 'style': [], 'adjust_top': 0, 'adjust_bottom': 0, 'adjust_left': 0, 'adjust_right': 0, 'expire': None, 'key': None, 'widget': None, 'events_when_added': [], 'events_when_removed': [], 'bitmap_font': False, 'font_kerning': True, 'bold': False, 'italic': False, 'number_grouping': False, 'min_digits': 0, 'halign': 'center', 'valign': 'middle', 'rotation': 0, 'scale': 1.0, 'casing': None, 'outline_color': [1.0, 1.0, 1.0, 1.0], 'outline_width': 0, 'animations': None}], 'target': None, 'background_color': [0.0, 0.0, 0.0, 1.0], 'priority': None, 'show': True, 'force': False, 'expire': None, 'slide': None, 'tokens': {}, 'action': 'play'}}, 'context': 'base', 'calling_context': 'mode_base_started', 'priority': 100, 'player': 1, 'ball': 1, 'balls_remaining': 2, 'is_extra_ball': False}
2025-03-06 22:28:36,649 : EventManager : Event: ======'slide_base.slide_player-mode_base_started_created'====== Args={}
2025-03-06 22:28:36,650 : EventManager : Event: ======'slide_base.slide_player-mode_base_started_active'====== Args={}
2025-03-06 22:28:36,791 : EventManager : Event: ======'machine_var_audits_switches_s_plunger_lane'====== Args={'value': 78, 'prev_value': 77, 'change': 1}
2025-03-06 22:28:39,435 : EventManager : Event: ======'machine_var_audits_switches_s_launcher_button'====== Args={'value': 20, 'prev_value': 19, 'change': 1}
2025-03-06 22:28:39,448 : EventManager : Event: ======'player_added'====== Args={'player': <Player 2>, 'num': 2}
2025-03-06 22:28:39,449 : EventManager : Event: ======'player_index'====== Args={'value': 1, 'prev_value': 1, 'change': 0, 'player_num': 2}
2025-03-06 22:28:39,449 : EventManager : Event: ======'player_number'====== Args={'value': 2, 'prev_value': 2, 'change': 0, 'player_num': 2}
2025-03-06 22:28:39,449 : EventManager : Event: ======'player_score'====== Args={'value': 0, 'prev_value': 0, 'change': 0, 'player_num': 2}
2025-03-06 22:28:39,531 : EventManager : Event: ======'machine_var_audits_switches_s_playfield_entry'====== Args={'value': 155, 'prev_value': 154, 'change': 1}
2025-03-06 22:28:44,442 : EventManager : Event: ======'machine_var_audits_switches_s_trough1'====== Args={'value': 54, 'prev_value': 53, 'change': 1}
2025-03-06 22:28:44,750 : EventManager : Event: ======'slides_clear'====== Args={'context': 'base'}
2025-03-06 22:28:44,751 : EventManager : Event: ======'slide_base.slide_player-mode_base_started_removed'====== Args={}
2025-03-06 22:28:44,753 : EventManager : Event: ======'slide_welcome_slide_active'====== Args={}
2025-03-06 22:28:44,863 : EventManager : Event: ======'player_ball'====== Args={'value': 1, 'prev_value': 0, 'change': 1, 'player_num': 2}
2025-03-06 22:28:44,864 : EventManager : Event: ======'player_turn_start'====== Args={'number': 2, 'player': <Player 2>}
2025-03-06 22:28:44,902 : EventManager : Event: ======'slides_play'====== Args={'settings': {'widgets': {'widgets': [{'type': 'text', 'text': '(score)', 'number_grouping': True, 'min_digits': 2, 'font_size': 100, '_default_settings': ['type', 'text', 'number_grouping', 'min_digits', 'font_size'], 'x': None, 'y': None, 'anchor_x': 'center', 'anchor_y': 'center', 'round_anchor_x': None, 'round_anchor_y': None, 'opacity': 1.0, 'z': 0, 'reset_animations_events': {}, 'color': [1.0, 1.0, 1.0, 1.0], 'style': [], 'adjust_top': 0, 'adjust_bottom': 0, 'adjust_left': 0, 'adjust_right': 0, 'expire': None, 'key': None, 'widget': None, 'events_when_added': [], 'events_when_removed': [], 'bitmap_font': False, 'font_kerning': True, 'bold': False, 'italic': False, 'halign': 'center', 'valign': 'middle', 'rotation': 0, 'scale': 1.0, 'casing': None, 'outline_color': [1.0, 1.0, 1.0, 1.0], 'outline_width': 0, 'animations': None}, {'type': 'text', 'text': 'PLAYER (number)', 'y': '10', 'x': '10', 'font_size': 50, 'anchor_x': 'left', 'anchor_y': 'bottom', '_default_settings': ['type', 'text', 'y', 'x', 'font_size', 'anchor_x', 'anchor_y'], 'round_anchor_x': None, 'round_anchor_y': None, 'opacity': 1.0, 'z': 0, 'reset_animations_events': {}, 'color': [1.0, 1.0, 1.0, 1.0], 'style': [], 'adjust_top': 0, 'adjust_bottom': 0, 'adjust_left': 0, 'adjust_right': 0, 'expire': None, 'key': None, 'widget': None, 'events_when_added': [], 'events_when_removed': [], 'bitmap_font': False, 'font_kerning': True, 'bold': False, 'italic': False, 'number_grouping': False, 'min_digits': 0, 'halign': 'center', 'valign': 'middle', 'rotation': 0, 'scale': 1.0, 'casing': None, 'outline_color': [1.0, 1.0, 1.0, 1.0], 'outline_width': 0, 'animations': None}, {'type': 'text', 'text': 'BALL (ball)', 'y': '10', 'x': 'right-10', 'anchor_x': 'right', 'anchor_y': 'bottom', 'font_size': 50, '_default_settings': ['type', 'text', 'y', 'x', 'anchor_x', 'anchor_y', 'font_size'], 'round_anchor_x': None, 'round_anchor_y': None, 'opacity': 1.0, 'z': 0, 'reset_animations_events': {}, 'color': [1.0, 1.0, 1.0, 1.0], 'style': [], 'adjust_top': 0, 'adjust_bottom': 0, 'adjust_left': 0, 'adjust_right': 0, 'expire': None, 'key': None, 'widget': None, 'events_when_added': [], 'events_when_removed': [], 'bitmap_font': False, 'font_kerning': True, 'bold': False, 'italic': False, 'number_grouping': False, 'min_digits': 0, 'halign': 'center', 'valign': 'middle', 'rotation': 0, 'scale': 1.0, 'casing': None, 'outline_color': [1.0, 1.0, 1.0, 1.0], 'outline_width': 0, 'animations': None}], 'target': None, 'background_color': [0.0, 0.0, 0.0, 1.0], 'priority': None, 'show': True, 'force': False, 'expire': None, 'slide': None, 'tokens': {}, 'action': 'play'}}, 'context': 'base', 'calling_context': 'mode_base_started', 'priority': 100, 'player': 2, 'ball': 1, 'balls_remaining': 2, 'is_extra_ball': False}
2025-03-06 22:28:44,914 : EventManager : Event: ======'slide_base.slide_player-mode_base_started_created'====== Args={}
2025-03-06 22:28:44,919 : EventManager : Event: ======'slide_base.slide_player-mode_base_started_active'====== Args={}
2025-03-06 22:28:45,099 : EventManager : Event: ======'machine_var_audits_switches_s_plunger_lane'====== Args={'value': 79, 'prev_value': 78, 'change': 1}
2025-03-06 22:28:46,542 : EventManager : Event: ======'machine_var_audits_switches_s_launcher_button'====== Args={'value': 21, 'prev_value': 20, 'change': 1}
2025-03-06 22:28:46,545 : EventManager : Event: ======'player_added'====== Args={'player': <Player 3>, 'num': 3}
2025-03-06 22:28:46,545 : EventManager : Event: ======'player_index'====== Args={'value': 2, 'prev_value': 2, 'change': 0, 'player_num': 3}
2025-03-06 22:28:46,546 : EventManager : Event: ======'player_number'====== Args={'value': 3, 'prev_value': 3, 'change': 0, 'player_num': 3}
2025-03-06 22:28:46,546 : EventManager : Event: ======'player_score'====== Args={'value': 0, 'prev_value': 0, 'change': 0, 'player_num': 3}
2025-03-06 22:28:46,629 : EventManager : Event: ======'machine_var_audits_switches_s_playfield_entry'====== Args={'value': 156, 'prev_value': 155, 'change': 1}
2025-03-06 22:28:47,923 : EventManager : Event: ======'machine_var_audits_switches_s_pointTarget'====== Args={'value': 35, 'prev_value': 34, 'change': 1}
2025-03-06 22:28:47,923 : EventManager : Event: ======'player_score'====== Args={'value': 100, 'prev_value': 0, 'change': 100, 'player_num': 2}
2025-03-06 22:28:48,593 : EventManager : Event: ======'machine_var_audits_switches_s_pointTarget'====== Args={'value': 36, 'prev_value': 35, 'change': 1}
2025-03-06 22:28:48,593 : EventManager : Event: ======'player_score'====== Args={'value': 200, 'prev_value': 100, 'change': 100, 'player_num': 2}
2025-03-06 22:28:48,827 : EventManager : Event: ======'machine_var_audits_switches_s_pointTarget'====== Args={'value': 37, 'prev_value': 36, 'change': 1}
2025-03-06 22:28:48,829 : EventManager : Event: ======'player_score'====== Args={'value': 300, 'prev_value': 200, 'change': 100, 'player_num': 2}
2025-03-06 22:28:49,021 : EventManager : Event: ======'machine_var_audits_switches_s_pointTarget'====== Args={'value': 38, 'prev_value': 37, 'change': 1}
2025-03-06 22:28:49,022 : EventManager : Event: ======'player_score'====== Args={'value': 400, 'prev_value': 300, 'change': 100, 'player_num': 2}
2025-03-06 22:28:49,252 : EventManager : Event: ======'machine_var_audits_switches_s_pointTarget'====== Args={'value': 39, 'prev_value': 38, 'change': 1}
2025-03-06 22:28:49,252 : EventManager : Event: ======'player_score'====== Args={'value': 500, 'prev_value': 400, 'change': 100, 'player_num': 2}
2025-03-06 22:28:49,486 : EventManager : Event: ======'machine_var_audits_switches_s_pointTarget'====== Args={'value': 40, 'prev_value': 39, 'change': 1}
2025-03-06 22:28:49,498 : EventManager : Event: ======'player_score'====== Args={'value': 600, 'prev_value': 500, 'change': 100, 'player_num': 2}
2025-03-06 22:28:49,734 : EventManager : Event: ======'machine_var_audits_switches_s_pointTarget'====== Args={'value': 41, 'prev_value': 40, 'change': 1}
2025-03-06 22:28:49,735 : EventManager : Event: ======'player_score'====== Args={'value': 700, 'prev_value': 600, 'change': 100, 'player_num': 2}
2025-03-06 22:28:50,001 : EventManager : Event: ======'machine_var_audits_switches_s_pointTarget'====== Args={'value': 42, 'prev_value': 41, 'change': 1}
2025-03-06 22:28:50,002 : EventManager : Event: ======'player_score'====== Args={'value': 800, 'prev_value': 700, 'change': 100, 'player_num': 2}
2025-03-06 22:28:50,286 : EventManager : Event: ======'machine_var_audits_switches_s_pointTarget'====== Args={'value': 43, 'prev_value': 42, 'change': 1}
2025-03-06 22:28:50,286 : EventManager : Event: ======'player_score'====== Args={'value': 900, 'prev_value': 800, 'change': 100, 'player_num': 2}
2025-03-06 22:28:52,305 : EventManager : Event: ======'machine_var_audits_switches_s_trough1'====== Args={'value': 55, 'prev_value': 54, 'change': 1}
2025-03-06 22:28:52,620 : EventManager : Event: ======'slides_clear'====== Args={'context': 'base'}
2025-03-06 22:28:52,621 : EventManager : Event: ======'slide_base.slide_player-mode_base_started_removed'====== Args={}
2025-03-06 22:28:52,622 : EventManager : Event: ======'slide_welcome_slide_active'====== Args={}
2025-03-06 22:28:52,670 : EventManager : Event: ======'player_ball'====== Args={'value': 1, 'prev_value': 0, 'change': 1, 'player_num': 3}
2025-03-06 22:28:52,670 : EventManager : Event: ======'player_turn_start'====== Args={'number': 3, 'player': <Player 3>}
2025-03-06 22:28:52,670 : EventManager : Event: ======'slides_play'====== Args={'settings': {'widgets': {'widgets': [{'type': 'text', 'text': '(score)', 'number_grouping': True, 'min_digits': 2, 'font_size': 100, '_default_settings': ['type', 'text', 'number_grouping', 'min_digits', 'font_size'], 'x': None, 'y': None, 'anchor_x': 'center', 'anchor_y': 'center', 'round_anchor_x': None, 'round_anchor_y': None, 'opacity': 1.0, 'z': 0, 'reset_animations_events': {}, 'color': [1.0, 1.0, 1.0, 1.0], 'style': [], 'adjust_top': 0, 'adjust_bottom': 0, 'adjust_left': 0, 'adjust_right': 0, 'expire': None, 'key': None, 'widget': None, 'events_when_added': [], 'events_when_removed': [], 'bitmap_font': False, 'font_kerning': True, 'bold': False, 'italic': False, 'halign': 'center', 'valign': 'middle', 'rotation': 0, 'scale': 1.0, 'casing': None, 'outline_color': [1.0, 1.0, 1.0, 1.0], 'outline_width': 0, 'animations': None}, {'type': 'text', 'text': 'PLAYER (number)', 'y': '10', 'x': '10', 'font_size': 50, 'anchor_x': 'left', 'anchor_y': 'bottom', '_default_settings': ['type', 'text', 'y', 'x', 'font_size', 'anchor_x', 'anchor_y'], 'round_anchor_x': None, 'round_anchor_y': None, 'opacity': 1.0, 'z': 0, 'reset_animations_events': {}, 'color': [1.0, 1.0, 1.0, 1.0], 'style': [], 'adjust_top': 0, 'adjust_bottom': 0, 'adjust_left': 0, 'adjust_right': 0, 'expire': None, 'key': None, 'widget': None, 'events_when_added': [], 'events_when_removed': [], 'bitmap_font': False, 'font_kerning': True, 'bold': False, 'italic': False, 'number_grouping': False, 'min_digits': 0, 'halign': 'center', 'valign': 'middle', 'rotation': 0, 'scale': 1.0, 'casing': None, 'outline_color': [1.0, 1.0, 1.0, 1.0], 'outline_width': 0, 'animations': None}, {'type': 'text', 'text': 'BALL (ball)', 'y': '10', 'x': 'right-10', 'anchor_x': 'right', 'anchor_y': 'bottom', 'font_size': 50, '_default_settings': ['type', 'text', 'y', 'x', 'anchor_x', 'anchor_y', 'font_size'], 'round_anchor_x': None, 'round_anchor_y': None, 'opacity': 1.0, 'z': 0, 'reset_animations_events': {}, 'color': [1.0, 1.0, 1.0, 1.0], 'style': [], 'adjust_top': 0, 'adjust_bottom': 0, 'adjust_left': 0, 'adjust_right': 0, 'expire': None, 'key': None, 'widget': None, 'events_when_added': [], 'events_when_removed': [], 'bitmap_font': False, 'font_kerning': True, 'bold': False, 'italic': False, 'number_grouping': False, 'min_digits': 0, 'halign': 'center', 'valign': 'middle', 'rotation': 0, 'scale': 1.0, 'casing': None, 'outline_color': [1.0, 1.0, 1.0, 1.0], 'outline_width': 0, 'animations': None}], 'target': None, 'background_color': [0.0, 0.0, 0.0, 1.0], 'priority': None, 'show': True, 'force': False, 'expire': None, 'slide': None, 'tokens': {}, 'action': 'play'}}, 'context': 'base', 'calling_context': 'mode_base_started', 'priority': 100, 'player': 3, 'ball': 1, 'balls_remaining': 2, 'is_extra_ball': False}
2025-03-06 22:28:52,674 : EventManager : Event: ======'slide_base.slide_player-mode_base_started_created'====== Args={}
2025-03-06 22:28:52,675 : EventManager : Event: ======'slide_base.slide_player-mode_base_started_active'====== Args={}
2025-03-06 22:28:52,802 : EventManager : Event: ======'machine_var_audits_switches_s_plunger_lane'====== Args={'value': 80, 'prev_value': 79, 'change': 1}
2025-03-06 22:28:53,803 : EventManager : Event: ======'machine_var_audits_switches_s_launcher_button'====== Args={'value': 22, 'prev_value': 21, 'change': 1}
2025-03-06 22:28:53,803 : EventManager : Event: ======'player_added'====== Args={'player': <Player 4>, 'num': 4}
2025-03-06 22:28:53,803 : EventManager : Event: ======'player_index'====== Args={'value': 3, 'prev_value': 3, 'change': 0, 'player_num': 4}
2025-03-06 22:28:53,803 : EventManager : Event: ======'player_number'====== Args={'value': 4, 'prev_value': 4, 'change': 0, 'player_num': 4}
2025-03-06 22:28:53,803 : EventManager : Event: ======'player_score'====== Args={'value': 0, 'prev_value': 0, 'change': 0, 'player_num': 4}
2025-03-06 22:28:53,851 : EventManager : Event: ======'machine_var_audits_switches_s_playfield_entry'====== Args={'value': 157, 'prev_value': 156, 'change': 1}
2025-03-06 22:28:54,037 : EventManager : Event: ======'machine_var_audits_switches_s_launcher_button'====== Args={'value': 23, 'prev_value': 22, 'change': 1}
2025-03-06 22:28:54,554 : EventManager : Event: ======'machine_var_audits_switches_s_launcher_button'====== Args={'value': 24, 'prev_value': 23, 'change': 1}
2025-03-06 22:28:55,039 : EventManager : Event: ======'machine_var_audits_switches_s_launcher_button'====== Args={'value': 25, 'prev_value': 24, 'change': 1}
2025-03-06 22:28:56,173 : EventManager : Event: ======'machine_var_audits_switches_s_pointTarget'====== Args={'value': 44, 'prev_value': 43, 'change': 1}
2025-03-06 22:28:56,174 : EventManager : Event: ======'player_score'====== Args={'value': 100, 'prev_value': 0, 'change': 100, 'player_num': 3}
2025-03-06 22:28:56,357 : EventManager : Event: ======'machine_var_audits_switches_s_pointTarget'====== Args={'value': 45, 'prev_value': 44, 'change': 1}
2025-03-06 22:28:56,357 : EventManager : Event: ======'player_score'====== Args={'value': 200, 'prev_value': 100, 'change': 100, 'player_num': 3}
2025-03-06 22:28:56,550 : EventManager : Event: ======'machine_var_audits_switches_s_pointTarget'====== Args={'value': 46, 'prev_value': 45, 'change': 1}
2025-03-06 22:28:56,562 : EventManager : Event: ======'player_score'====== Args={'value': 300, 'prev_value': 200, 'change': 100, 'player_num': 3}
2025-03-06 22:28:56,713 : EventManager : Event: ======'machine_var_audits_switches_s_pointTarget'====== Args={'value': 47, 'prev_value': 46, 'change': 1}
2025-03-06 22:28:56,714 : EventManager : Event: ======'player_score'====== Args={'value': 400, 'prev_value': 300, 'change': 100, 'player_num': 3}
2025-03-06 22:28:56,888 : EventManager : Event: ======'machine_var_audits_switches_s_pointTarget'====== Args={'value': 48, 'prev_value': 47, 'change': 1}
2025-03-06 22:28:56,901 : EventManager : Event: ======'player_score'====== Args={'value': 500, 'prev_value': 400, 'change': 100, 'player_num': 3}
2025-03-06 22:28:57,087 : EventManager : Event: ======'machine_var_audits_switches_s_pointTarget'====== Args={'value': 49, 'prev_value': 48, 'change': 1}
2025-03-06 22:28:57,087 : EventManager : Event: ======'player_score'====== Args={'value': 600, 'prev_value': 500, 'change': 100, 'player_num': 3}
2025-03-06 22:28:57,274 : EventManager : Event: ======'machine_var_audits_switches_s_pointTarget'====== Args={'value': 50, 'prev_value': 49, 'change': 1}
2025-03-06 22:28:57,275 : EventManager : Event: ======'player_score'====== Args={'value': 700, 'prev_value': 600, 'change': 100, 'player_num': 3}
2025-03-06 22:28:57,456 : EventManager : Event: ======'machine_var_audits_switches_s_pointTarget'====== Args={'value': 51, 'prev_value': 50, 'change': 1}
2025-03-06 22:28:57,456 : EventManager : Event: ======'player_score'====== Args={'value': 800, 'prev_value': 700, 'change': 100, 'player_num': 3}
2025-03-06 22:28:57,650 : EventManager : Event: ======'machine_var_audits_switches_s_pointTarget'====== Args={'value': 52, 'prev_value': 51, 'change': 1}
2025-03-06 22:28:57,652 : EventManager : Event: ======'player_score'====== Args={'value': 900, 'prev_value': 800, 'change': 100, 'player_num': 3}
2025-03-06 22:28:57,833 : EventManager : Event: ======'machine_var_audits_switches_s_pointTarget'====== Args={'value': 53, 'prev_value': 52, 'change': 1}
2025-03-06 22:28:57,846 : EventManager : Event: ======'player_score'====== Args={'value': 1000, 'prev_value': 900, 'change': 100, 'player_num': 3}
2025-03-06 22:28:57,996 : EventManager : Event: ======'machine_var_audits_switches_s_pointTarget'====== Args={'value': 54, 'prev_value': 53, 'change': 1}
2025-03-06 22:28:57,997 : EventManager : Event: ======'player_score'====== Args={'value': 1100, 'prev_value': 1000, 'change': 100, 'player_num': 3}
2025-03-06 22:28:58,180 : EventManager : Event: ======'machine_var_audits_switches_s_pointTarget'====== Args={'value': 55, 'prev_value': 54, 'change': 1}
2025-03-06 22:28:58,181 : EventManager : Event: ======'player_score'====== Args={'value': 1200, 'prev_value': 1100, 'change': 100, 'player_num': 3}
2025-03-06 22:28:58,341 : EventManager : Event: ======'machine_var_audits_switches_s_pointTarget'====== Args={'value': 56, 'prev_value': 55, 'change': 1}
2025-03-06 22:28:58,342 : EventManager : Event: ======'player_score'====== Args={'value': 1300, 'prev_value': 1200, 'change': 100, 'player_num': 3}
2025-03-06 22:28:58,534 : EventManager : Event: ======'machine_var_audits_switches_s_pointTarget'====== Args={'value': 57, 'prev_value': 56, 'change': 1}
2025-03-06 22:28:58,534 : EventManager : Event: ======'player_score'====== Args={'value': 1400, 'prev_value': 1300, 'change': 100, 'player_num': 3}
2025-03-06 22:28:58,747 : EventManager : Event: ======'machine_var_audits_switches_s_pointTarget'====== Args={'value': 58, 'prev_value': 57, 'change': 1}
2025-03-06 22:28:58,748 : EventManager : Event: ======'player_score'====== Args={'value': 1500, 'prev_value': 1400, 'change': 100, 'player_num': 3}
2025-03-06 22:28:58,929 : EventManager : Event: ======'machine_var_audits_switches_s_pointTarget'====== Args={'value': 59, 'prev_value': 58, 'change': 1}
2025-03-06 22:28:58,930 : EventManager : Event: ======'player_score'====== Args={'value': 1600, 'prev_value': 1500, 'change': 100, 'player_num': 3}
2025-03-06 22:28:59,847 : EventManager : Event: ======'machine_var_audits_switches_s_trough1'====== Args={'value': 56, 'prev_value': 55, 'change': 1}
2025-03-06 22:29:00,165 : EventManager : Event: ======'slides_clear'====== Args={'context': 'base'}
2025-03-06 22:29:00,166 : EventManager : Event: ======'slide_base.slide_player-mode_base_started_removed'====== Args={}
2025-03-06 22:29:00,168 : EventManager : Event: ======'slide_welcome_slide_active'====== Args={}
2025-03-06 22:29:00,228 : EventManager : Event: ======'player_ball'====== Args={'value': 1, 'prev_value': 0, 'change': 1, 'player_num': 4}
2025-03-06 22:29:00,228 : EventManager : Event: ======'player_turn_start'====== Args={'number': 4, 'player': <Player 4>}
2025-03-06 22:29:00,228 : EventManager : Event: ======'slides_play'====== Args={'settings': {'widgets': {'widgets': [{'type': 'text', 'text': '(score)', 'number_grouping': True, 'min_digits': 2, 'font_size': 100, '_default_settings': ['type', 'text', 'number_grouping', 'min_digits', 'font_size'], 'x': None, 'y': None, 'anchor_x': 'center', 'anchor_y': 'center', 'round_anchor_x': None, 'round_anchor_y': None, 'opacity': 1.0, 'z': 0, 'reset_animations_events': {}, 'color': [1.0, 1.0, 1.0, 1.0], 'style': [], 'adjust_top': 0, 'adjust_bottom': 0, 'adjust_left': 0, 'adjust_right': 0, 'expire': None, 'key': None, 'widget': None, 'events_when_added': [], 'events_when_removed': [], 'bitmap_font': False, 'font_kerning': True, 'bold': False, 'italic': False, 'halign': 'center', 'valign': 'middle', 'rotation': 0, 'scale': 1.0, 'casing': None, 'outline_color': [1.0, 1.0, 1.0, 1.0], 'outline_width': 0, 'animations': None}, {'type': 'text', 'text': 'PLAYER (number)', 'y': '10', 'x': '10', 'font_size': 50, 'anchor_x': 'left', 'anchor_y': 'bottom', '_default_settings': ['type', 'text', 'y', 'x', 'font_size', 'anchor_x', 'anchor_y'], 'round_anchor_x': None, 'round_anchor_y': None, 'opacity': 1.0, 'z': 0, 'reset_animations_events': {}, 'color': [1.0, 1.0, 1.0, 1.0], 'style': [], 'adjust_top': 0, 'adjust_bottom': 0, 'adjust_left': 0, 'adjust_right': 0, 'expire': None, 'key': None, 'widget': None, 'events_when_added': [], 'events_when_removed': [], 'bitmap_font': False, 'font_kerning': True, 'bold': False, 'italic': False, 'number_grouping': False, 'min_digits': 0, 'halign': 'center', 'valign': 'middle', 'rotation': 0, 'scale': 1.0, 'casing': None, 'outline_color': [1.0, 1.0, 1.0, 1.0], 'outline_width': 0, 'animations': None}, {'type': 'text', 'text': 'BALL (ball)', 'y': '10', 'x': 'right-10', 'anchor_x': 'right', 'anchor_y': 'bottom', 'font_size': 50, '_default_settings': ['type', 'text', 'y', 'x', 'anchor_x', 'anchor_y', 'font_size'], 'round_anchor_x': None, 'round_anchor_y': None, 'opacity': 1.0, 'z': 0, 'reset_animations_events': {}, 'color': [1.0, 1.0, 1.0, 1.0], 'style': [], 'adjust_top': 0, 'adjust_bottom': 0, 'adjust_left': 0, 'adjust_right': 0, 'expire': None, 'key': None, 'widget': None, 'events_when_added': [], 'events_when_removed': [], 'bitmap_font': False, 'font_kerning': True, 'bold': False, 'italic': False, 'number_grouping': False, 'min_digits': 0, 'halign': 'center', 'valign': 'middle', 'rotation': 0, 'scale': 1.0, 'casing': None, 'outline_color': [1.0, 1.0, 1.0, 1.0], 'outline_width': 0, 'animations': None}], 'target': None, 'background_color': [0.0, 0.0, 0.0, 1.0], 'priority': None, 'show': True, 'force': False, 'expire': None, 'slide': None, 'tokens': {}, 'action': 'play'}}, 'context': 'base', 'calling_context': 'mode_base_started', 'priority': 100, 'player': 4, 'ball': 1, 'balls_remaining': 2, 'is_extra_ball': False}
2025-03-06 22:29:00,236 : EventManager : Event: ======'slide_base.slide_player-mode_base_started_created'====== Args={}
2025-03-06 22:29:00,237 : EventManager : Event: ======'slide_base.slide_player-mode_base_started_active'====== Args={}
2025-03-06 22:29:00,351 : EventManager : Event: ======'machine_var_audits_switches_s_plunger_lane'====== Args={'value': 81, 'prev_value': 80, 'change': 1}
2025-03-06 22:29:01,179 : EventManager : Event: ======'machine_var_audits_switches_s_trough1'====== Args={'value': 57, 'prev_value': 56, 'change': 1}
2025-03-06 22:29:01,490 : EventManager : Event: ======'slides_clear'====== Args={'context': 'base'}
2025-03-06 22:29:01,491 : EventManager : Event: ======'slide_base.slide_player-mode_base_started_removed'====== Args={}
2025-03-06 22:29:01,492 : EventManager : Event: ======'slide_welcome_slide_active'====== Args={}
2025-03-06 22:29:01,541 : EventManager : Event: ======'player_ball'====== Args={'value': 2, 'prev_value': 1, 'change': 1, 'player_num': 1}
2025-03-06 22:29:01,541 : EventManager : Event: ======'player_turn_start'====== Args={'number': 1, 'player': <Player 1>}
2025-03-06 22:29:02,862 : kivy : Base: Leaving application in progress...
2025-03-06 22:29:03,127 : mpfmc : Stopping...
2025-03-06 22:29:03,127 : EventManager : Event: ======'shutdown'====== Args={}
2025-03-06 22:29:03,127 : AudioInterface : Disabling audio playback
2025-03-06 22:29:03,127 : mpfmc : Loop rate 77.31 Hz
2025-03-06 22:29:03,127 : root : MC run loop ended.
2025-03-06 22:29:03,127 : root : Stopping child threads... (3 remaining)
2025-03-06 22:29:03,387 : mpfmc : Stopping...
2025-03-06 22:29:03,388 : EventManager : Event: ======'shutdown'====== Args={}
2025-03-06 22:29:03,388 : mpfmc : Loop rate 76.92 Hz
2025-03-06 22:29:03,419 : MPF-MC BCP Server : Stopping BCP sending thread
2025-03-06 22:29:03,933 : root : All child threads stopped.
