2025-03-06 20:53:44,006 : kivy : deps: Successfully imported "kivy_deps.gstreamer" 0.3.3
2025-03-06 20:53:44,006 : kivy : deps: Successfully imported "kivy_deps.angle" 0.3.3
2025-03-06 20:53:44,006 : kivy : deps: Successfully imported "kivy_deps.glew" 0.3.1
2025-03-06 20:53:44,006 : kivy : deps: Successfully imported "kivy_deps.sdl2" 0.6.0
2025-03-06 20:53:44,006 : kivy : Kivy: v2.2.1
2025-03-06 20:53:44,006 : kivy : Kivy: Installed at "C:\Users\duffb\.pyenv\pyenv-win\versions\3.11.0\Lib\site-packages\kivy\__init__.py"
2025-03-06 20:53:44,006 : kivy : Python: v3.11.0 (main, Oct 24 2022, 18:26:48) [MSC v.1933 64 bit (AMD64)]
2025-03-06 20:53:44,007 : kivy : Python: Interpreter at "C:\Users\duffb\.pyenv\pyenv-win\versions\3.11.0\python.exe"
2025-03-06 20:53:44,020 : kivy : Factory: 190 symbols loaded
2025-03-06 20:53:44,162 : kivy : ImageLoaderFFPy: Using ffpyplayer 4.5.1
2025-03-06 20:53:44,162 : kivy : Image: Providers: img_tex, img_dds, img_sdl2, img_pil, img_ffpyplayer 
2025-03-06 20:53:44,342 : kivy : VideoGstplayer: Using Gstreamer 1.18.5.0
2025-03-06 20:53:44,343 : kivy : Video: Provider: gstplayer
2025-03-06 20:53:44,375 : root : Loading MPF-MC controller
2025-03-06 20:53:44,390 : YamlMultifileConfigLoader : Machine config file #1: config
2025-03-06 20:53:44,390 : ConfigProcessor : Config file in cache changed: C:\Users\duffb\OneDrive\Documents\Python Envs\PinBallWW1\Machine\config\config
2025-03-06 20:53:44,390 : ConfigProcessor : Loading config from file C:\Users\duffb\.pyenv\pyenv-win\versions\3.11.0\Lib\site-packages\mpfmc\mcconfig.yaml.
2025-03-06 20:53:44,396 : ConfigProcessor : Loading config: C:\Users\duffb\.pyenv\pyenv-win\versions\3.11.0\Lib\site-packages\mpfmc\mcconfig.yaml
2025-03-06 20:53:44,397 : ConfigProcessor : Loading config from file C:\Users\duffb\OneDrive\Documents\Python Envs\PinBallWW1\Machine\config\config.
2025-03-06 20:53:44,399 : ConfigProcessor : Loading config: C:\Users\duffb\OneDrive\Documents\Python Envs\PinBallWW1\Machine\config\config
2025-03-06 20:53:44,400 : ConfigProcessor : Config file cache created: C:\Users\duffb\AppData\Local\Temp\de7a4651692d89380cb727f0a44dc491.mpf_cache
2025-03-06 20:53:44,401 : ConfigProcessor : Loading config from cache: C:\Users\duffb\AppData\Local\Temp\2d51d76727b268a801d8dd7a18b89879.mpf_cache
2025-03-06 20:53:44,401 : ConfigProcessor : Loading config from cache: C:\Users\duffb\AppData\Local\Temp\9f058d482eac17116727d62a93500be7.mpf_cache
2025-03-06 20:53:44,402 : ConfigProcessor : Loading config from cache: C:\Users\duffb\AppData\Local\Temp\9e006ea23aa21ec68e01f6c49afad9f4.mpf_cache
2025-03-06 20:53:44,402 : mpfmc : Mission Pinball Framework Media Controller (MPF-MC) v0.57.1. Requires MPF v0.57.0 or newer.
2025-03-06 20:53:44,402 : mpfmc : Found MPF v0.57.0
2025-03-06 20:53:44,402 : mpfmc : Machine path: C:\Users\duffb\OneDrive\Documents\Python Envs\PinBallWW1\Machine
2025-03-06 20:53:44,402 : mpfmc : Starting clock at 60.0Hz
2025-03-06 20:53:44,418 : kivy : Text: Provider: sdl2
2025-03-06 20:53:44,492 : kivy : Window: Provider: sdl2
2025-03-06 20:53:44,674 : kivy : GL: Using the "OpenGL" graphics system
2025-03-06 20:53:44,675 : kivy : GL: GLEW initialization succeeded
2025-03-06 20:53:44,676 : kivy : GL: Backend used <glew>
2025-03-06 20:53:44,676 : kivy : GL: OpenGL version <b'4.6.0 - Build 31.0.101.5592'>
2025-03-06 20:53:44,676 : kivy : GL: OpenGL vendor <b'Intel'>
2025-03-06 20:53:44,676 : kivy : GL: OpenGL renderer <b'Intel(R) UHD Graphics'>
2025-03-06 20:53:44,676 : kivy : GL: OpenGL parsed version: 4, 6
2025-03-06 20:53:44,676 : kivy : GL: Shading version <b'4.60 - Build 31.0.101.5592'>
2025-03-06 20:53:44,676 : kivy : GL: Texture max size <16384>
2025-03-06 20:53:44,676 : kivy : GL: Texture max units <32>
2025-03-06 20:53:44,699 : kivy : Window: auto add sdl2 input provider
2025-03-06 20:53:44,700 : kivy : Window: virtual keyboard not allowed, single mode, not docked
2025-03-06 20:53:45,113 : AudioInterface : Initialized
2025-03-06 20:53:45,114 : AudioInterface : Loaded SDL 2.26.4
2025-03-06 20:53:45,114 : AudioInterface : Loaded SDL_Mixer 2.6.3
2025-03-06 20:53:45,114 : AudioInterface : Loaded GStreamer 1.18.5.0
2025-03-06 20:53:45,114 : AudioInterface : Loaded GLib 2.62.6
2025-03-06 20:53:45,114 : AudioInterface : Settings requested - rate: 44100, channels: 1, buffer: 2048 samples
2025-03-06 20:53:45,114 : AudioInterface : Settings in use - rate: 44100, channels: 1, buffer: 2048 samples (4096 bytes @ 2 bytes per sample)
2025-03-06 20:53:45,114 : SoundSystem : Setting master volume to 0.0
2025-03-06 20:53:45,114 : AudioInterface : Enabling audio playback
2025-03-06 20:53:45,116 : kivy : Base: Start application main loop
2025-03-06 20:53:45,116 : EventManager : Event: ======'display_window_initialized'====== Args={}
2025-03-06 20:53:45,125 : mpfmc : Display: Setting 'window' as default display
2025-03-06 20:53:45,135 : EventManager : Event: ======'displays_initialized'====== Args={}
2025-03-06 20:53:45,136 : EventManager : Event: ======'slide_window_blank_created'====== Args={}
2025-03-06 20:53:45,136 : EventManager : Event: ======'display_window_ready'====== Args={}
2025-03-06 20:53:45,147 : EventManager : Event: ======'init_phase_1'====== Args={}
2025-03-06 20:53:45,150 : EventManager : Event: ======'mc_ready'====== Args={}
2025-03-06 20:53:45,150 : EventManager : Event: ======'init_phase_2'====== Args={}
2025-03-06 20:53:45,151 : EventManager : Event: ======'init_phase_3'====== Args={}
2025-03-06 20:53:45,152 : EventManager : Event: ======'init_phase_4'====== Args={}
2025-03-06 20:53:45,153 : EventManager : Event: ======'init_phase_5'====== Args={}
2025-03-06 20:53:45,161 : kivy : GL: NPOT texture support is available
2025-03-06 20:53:45,163 : EventManager : Event: ======'loading_assets'====== Args={'total': 1, 'loaded': 1, 'remaining': 0, 'percent': 100}
2025-03-06 20:53:45,163 : AssetManager : Asset loading took: 0.049127817153930664
2025-03-06 20:53:45,163 : EventManager : Event: ======'asset_loading_complete'====== Args={}
2025-03-06 20:53:45,163 : AssetManager : Loading assets: 1/1 (100%)
2025-03-06 20:53:45,163 : EventManager : Event: ======'init_done'====== Args={}
2025-03-06 20:53:45,164 : MPF-MC BCP Server : Starting up on localhost port 5050
2025-03-06 20:53:45,170 : MPF-MC BCP Server : Waiting for a connection...
2025-03-06 20:53:45,175 : EventManager : Event: ======'client_disconnected'====== Args={'host': '127.0.0.1', 'port': 5050}
2025-03-06 20:53:46,204 : MPF-MC BCP Server : Received connection from: 127.0.0.1:50085
2025-03-06 20:53:46,210 : EventManager : Event: ======'client_connected'====== Args={'host': '127.0.0.1', 'port': 50085}
2025-03-06 20:53:46,372 : EventManager : Event: ======'machine_var_credits_string'====== Args={'value': 'FREE PLAY', 'prev_value': None, 'change': True}
2025-03-06 20:53:46,372 : EventManager : Event: ======'machine_var_master_volume'====== Args={'value': 0.5, 'prev_value': None, 'change': True}
2025-03-06 20:53:46,372 : EventManager : Event: ======'machine_var_player1_score'====== Args={'value': 0, 'prev_value': None, 'change': True}
2025-03-06 20:53:46,372 : EventManager : Event: ======'machine_var_player2_score'====== Args={'value': 0, 'prev_value': None, 'change': True}
2025-03-06 20:53:46,372 : EventManager : Event: ======'machine_var_mpf_version'====== Args={'value': 'Mission Pinball Framework v0.57.0', 'prev_value': None, 'change': True}
2025-03-06 20:53:46,372 : EventManager : Event: ======'machine_var_mpf_extended_version'====== Args={'value': 'Mission Pinball Framework v0.57.0, Config version:6, Show version: 6, BCP version:1.1', 'prev_value': None, 'change': True}
2025-03-06 20:53:46,372 : EventManager : Event: ======'machine_var_python_version'====== Args={'value': '3.11.0', 'prev_value': None, 'change': True}
2025-03-06 20:53:46,372 : EventManager : Event: ======'machine_var_platform'====== Args={'value': 'Windows-10-10.0.26100-SP0', 'prev_value': None, 'change': True}
2025-03-06 20:53:46,372 : EventManager : Event: ======'machine_var_platform_system'====== Args={'value': 'Windows', 'prev_value': None, 'change': True}
2025-03-06 20:53:46,373 : EventManager : Event: ======'machine_var_platform_release'====== Args={'value': '10', 'prev_value': None, 'change': True}
2025-03-06 20:53:46,373 : EventManager : Event: ======'machine_var_platform_version'====== Args={'value': '10.0.26100', 'prev_value': None, 'change': True}
2025-03-06 20:53:46,373 : EventManager : Event: ======'machine_var_platform_machine'====== Args={'value': 'AMD64', 'prev_value': None, 'change': True}
2025-03-06 20:53:46,373 : EventManager : Event: ======'machine_var_mc_version'====== Args={'value': 'MPF-MC v0.57.1', 'prev_value': None, 'change': True}
2025-03-06 20:53:46,373 : EventManager : Event: ======'machine_var_mc_extended_version'====== Args={'value': 'MPF-MC v0.57.1 (config_version=6, BCP v1.1,                      Requires MPF API compatibility v0.57.0 or newer)', 'prev_value': None, 'change': True}
2025-03-06 20:53:46,373 : EventManager : Event: ======'machine_var_credits_string'====== Args={'value': 'FREE PLAY', 'prev_value': None, 'change': True}
2025-03-06 20:53:46,373 : EventManager : Event: ======'machine_var_master_volume'====== Args={'value': 0.5, 'prev_value': None, 'change': True}
2025-03-06 20:53:46,373 : EventManager : Event: ======'machine_var_player1_score'====== Args={'value': 0, 'prev_value': None, 'change': True}
2025-03-06 20:53:46,373 : EventManager : Event: ======'machine_var_player2_score'====== Args={'value': 0, 'prev_value': None, 'change': True}
2025-03-06 20:53:46,373 : EventManager : Event: ======'machine_var_mpf_version'====== Args={'value': 'Mission Pinball Framework v0.57.0', 'prev_value': None, 'change': True}
2025-03-06 20:53:46,373 : EventManager : Event: ======'machine_var_mpf_extended_version'====== Args={'value': 'Mission Pinball Framework v0.57.0, Config version:6, Show version: 6, BCP version:1.1', 'prev_value': None, 'change': True}
2025-03-06 20:53:46,373 : EventManager : Event: ======'machine_var_python_version'====== Args={'value': '3.11.0', 'prev_value': None, 'change': True}
2025-03-06 20:53:46,373 : EventManager : Event: ======'machine_var_platform'====== Args={'value': 'Windows-10-10.0.26100-SP0', 'prev_value': None, 'change': True}
2025-03-06 20:53:46,373 : EventManager : Event: ======'machine_var_platform_system'====== Args={'value': 'Windows', 'prev_value': None, 'change': True}
2025-03-06 20:53:46,373 : EventManager : Event: ======'machine_var_platform_release'====== Args={'value': '10', 'prev_value': None, 'change': True}
2025-03-06 20:53:46,373 : EventManager : Event: ======'machine_var_platform_version'====== Args={'value': '10.0.26100', 'prev_value': None, 'change': True}
2025-03-06 20:53:46,373 : EventManager : Event: ======'machine_var_platform_machine'====== Args={'value': 'AMD64', 'prev_value': None, 'change': True}
2025-03-06 20:53:46,373 : EventManager : Event: ======'machine_var_mc_version'====== Args={'value': 'MPF-MC v0.57.1', 'prev_value': None, 'change': True}
2025-03-06 20:53:46,373 : EventManager : Event: ======'machine_var_mc_extended_version'====== Args={'value': 'MPF-MC v0.57.1 (config_version=6, BCP v1.1,                      Requires MPF API compatibility v0.57.0 or newer)', 'prev_value': None, 'change': True}
2025-03-06 20:53:46,373 : EventManager : Event: ======'machine_var_credits_string'====== Args={'value': 'FREE PLAY', 'prev_value': None, 'change': True}
2025-03-06 20:53:46,373 : EventManager : Event: ======'machine_var_master_volume'====== Args={'value': 0.5, 'prev_value': None, 'change': True}
2025-03-06 20:53:46,373 : EventManager : Event: ======'machine_var_player1_score'====== Args={'value': 0, 'prev_value': None, 'change': True}
2025-03-06 20:53:46,373 : EventManager : Event: ======'machine_var_player2_score'====== Args={'value': 0, 'prev_value': None, 'change': True}
2025-03-06 20:53:46,373 : EventManager : Event: ======'machine_var_mpf_version'====== Args={'value': 'Mission Pinball Framework v0.57.0', 'prev_value': None, 'change': True}
2025-03-06 20:53:46,373 : EventManager : Event: ======'machine_var_mpf_extended_version'====== Args={'value': 'Mission Pinball Framework v0.57.0, Config version:6, Show version: 6, BCP version:1.1', 'prev_value': None, 'change': True}
2025-03-06 20:53:46,373 : EventManager : Event: ======'machine_var_python_version'====== Args={'value': '3.11.0', 'prev_value': None, 'change': True}
2025-03-06 20:53:46,373 : EventManager : Event: ======'machine_var_platform'====== Args={'value': 'Windows-10-10.0.26100-SP0', 'prev_value': None, 'change': True}
2025-03-06 20:53:46,374 : EventManager : Event: ======'machine_var_platform_system'====== Args={'value': 'Windows', 'prev_value': None, 'change': True}
2025-03-06 20:53:46,374 : EventManager : Event: ======'machine_var_platform_release'====== Args={'value': '10', 'prev_value': None, 'change': True}
2025-03-06 20:53:46,374 : EventManager : Event: ======'machine_var_platform_version'====== Args={'value': '10.0.26100', 'prev_value': None, 'change': True}
2025-03-06 20:53:46,374 : EventManager : Event: ======'machine_var_platform_machine'====== Args={'value': 'AMD64', 'prev_value': None, 'change': True}
2025-03-06 20:53:46,374 : EventManager : Event: ======'machine_var_mc_version'====== Args={'value': 'MPF-MC v0.57.1', 'prev_value': None, 'change': True}
2025-03-06 20:53:46,374 : EventManager : Event: ======'machine_var_mc_extended_version'====== Args={'value': 'MPF-MC v0.57.1 (config_version=6, BCP v1.1,                      Requires MPF API compatibility v0.57.0 or newer)', 'prev_value': None, 'change': True}
2025-03-06 20:53:46,374 : EventManager : Event: ======'machine_var_credits_string'====== Args={'value': 'FREE PLAY', 'prev_value': None, 'change': True}
2025-03-06 20:53:46,374 : EventManager : Event: ======'machine_var_master_volume'====== Args={'value': 0.5, 'prev_value': None, 'change': True}
2025-03-06 20:53:46,374 : EventManager : Event: ======'machine_var_player1_score'====== Args={'value': 0, 'prev_value': None, 'change': True}
2025-03-06 20:53:46,374 : EventManager : Event: ======'machine_var_player2_score'====== Args={'value': 0, 'prev_value': None, 'change': True}
2025-03-06 20:53:46,374 : EventManager : Event: ======'machine_var_mpf_version'====== Args={'value': 'Mission Pinball Framework v0.57.0', 'prev_value': None, 'change': True}
2025-03-06 20:53:46,374 : EventManager : Event: ======'machine_var_mpf_extended_version'====== Args={'value': 'Mission Pinball Framework v0.57.0, Config version:6, Show version: 6, BCP version:1.1', 'prev_value': None, 'change': True}
2025-03-06 20:53:46,374 : EventManager : Event: ======'machine_var_python_version'====== Args={'value': '3.11.0', 'prev_value': None, 'change': True}
2025-03-06 20:53:46,374 : EventManager : Event: ======'machine_var_platform'====== Args={'value': 'Windows-10-10.0.26100-SP0', 'prev_value': None, 'change': True}
2025-03-06 20:53:46,374 : EventManager : Event: ======'machine_var_platform_system'====== Args={'value': 'Windows', 'prev_value': None, 'change': True}
2025-03-06 20:53:46,374 : EventManager : Event: ======'machine_var_platform_release'====== Args={'value': '10', 'prev_value': None, 'change': True}
2025-03-06 20:53:46,374 : EventManager : Event: ======'machine_var_platform_version'====== Args={'value': '10.0.26100', 'prev_value': None, 'change': True}
2025-03-06 20:53:46,374 : EventManager : Event: ======'machine_var_platform_machine'====== Args={'value': 'AMD64', 'prev_value': None, 'change': True}
2025-03-06 20:53:46,374 : EventManager : Event: ======'machine_var_mc_version'====== Args={'value': 'MPF-MC v0.57.1', 'prev_value': None, 'change': True}
2025-03-06 20:53:46,374 : EventManager : Event: ======'machine_var_mc_extended_version'====== Args={'value': 'MPF-MC v0.57.1 (config_version=6, BCP v1.1,                      Requires MPF API compatibility v0.57.0 or newer)', 'prev_value': None, 'change': True}
2025-03-06 20:53:46,374 : SoundSystem : Setting master volume to 0.5
2025-03-06 20:53:46,374 : SoundSystem : Setting master volume to 0.5
2025-03-06 20:53:46,374 : SoundSystem : Setting master volume to 0.5
2025-03-06 20:53:46,374 : SoundSystem : Setting master volume to 0.5
2025-03-06 20:53:46,424 : EventManager : Event: ======'machine_var_audits_events_game_ended'====== Args={'value': 9, 'prev_value': None, 'change': True}
2025-03-06 20:53:46,424 : EventManager : Event: ======'machine_var_audits_events_game_started'====== Args={'value': 10, 'prev_value': None, 'change': True}
2025-03-06 20:53:46,424 : EventManager : Event: ======'machine_var_audits_missing_switches_s_drain'====== Args={'value': 6, 'prev_value': None, 'change': True}
2025-03-06 20:53:46,424 : EventManager : Event: ======'machine_var_audits_missing_switches_s_left_flipper'====== Args={'value': 2, 'prev_value': None, 'change': True}
2025-03-06 20:53:46,424 : EventManager : Event: ======'machine_var_audits_missing_switches_s_right_flipper'====== Args={'value': 3, 'prev_value': None, 'change': True}
2025-03-06 20:53:46,424 : EventManager : Event: ======'machine_var_audits_missing_switches_s_trough2'====== Args={'value': 3, 'prev_value': None, 'change': True}
2025-03-06 20:53:46,424 : EventManager : Event: ======'machine_var_audits_missing_switches_s_trough3'====== Args={'value': 3, 'prev_value': None, 'change': True}
2025-03-06 20:53:46,424 : EventManager : Event: ======'machine_var_audits_missing_switches_s_trough_enter'====== Args={'value': 10, 'prev_value': None, 'change': True}
2025-03-06 20:53:46,424 : EventManager : Event: ======'machine_var_audits_player_score'====== Args={'value': {'average': 0, 'top': [0, 0, 0, 0, 0, 0, 0, 0, 0, 0], 'total': 10}, 'prev_value': None, 'change': True}
2025-03-06 20:53:46,424 : EventManager : Event: ======'machine_var_audits_switches_s_drain'====== Args={'value': 0, 'prev_value': None, 'change': True}
2025-03-06 20:53:46,424 : EventManager : Event: ======'machine_var_audits_switches_s_launcher_button'====== Args={'value': 5, 'prev_value': None, 'change': True}
2025-03-06 20:53:46,424 : EventManager : Event: ======'machine_var_audits_switches_s_left_flipper'====== Args={'value': 14, 'prev_value': None, 'change': True}
2025-03-06 20:53:46,424 : EventManager : Event: ======'machine_var_audits_switches_s_playfield_entry'====== Args={'value': 32, 'prev_value': None, 'change': True}
2025-03-06 20:53:46,424 : EventManager : Event: ======'machine_var_audits_switches_s_plunger_lane'====== Args={'value': 47, 'prev_value': None, 'change': True}
2025-03-06 20:53:46,424 : EventManager : Event: ======'machine_var_audits_switches_s_right_flipper'====== Args={'value': 10, 'prev_value': None, 'change': True}
2025-03-06 20:53:46,424 : EventManager : Event: ======'machine_var_audits_switches_s_trough1'====== Args={'value': 28, 'prev_value': None, 'change': True}
2025-03-06 20:53:46,424 : EventManager : Event: ======'machine_var_audits_switches_s_trough2'====== Args={'value': 4, 'prev_value': None, 'change': True}
2025-03-06 20:53:46,424 : EventManager : Event: ======'machine_var_audits_switches_s_trough3'====== Args={'value': 6, 'prev_value': None, 'change': True}
2025-03-06 20:53:46,424 : EventManager : Event: ======'machine_var_audits_switches_s_trough_enter'====== Args={'value': 0, 'prev_value': None, 'change': True}
2025-03-06 20:53:46,436 : EventManager : Event: ======'mc_reset_phase_1'====== Args={}
2025-03-06 20:53:46,436 : EventManager : Event: ======'mc_reset_phase_2'====== Args={}
2025-03-06 20:53:46,436 : EventManager : Event: ======'mc_reset_phase_3'====== Args={}
2025-03-06 20:53:46,436 : EventManager : Event: ======'mc_reset_complete'====== Args={}
2025-03-06 20:53:46,448 : EventManager : Event: ======'slides_play'====== Args={'settings': {'welcome_slide': {'target': None, 'background_color': [0.0, 0.0, 0.0, 1.0], 'priority': None, 'show': True, 'force': False, 'expire': None, 'slide': None, 'tokens': {}, 'action': 'play'}}, 'context': '_global', 'calling_context': 'mode_attract_started', 'priority': 0}
2025-03-06 20:53:46,448 : EventManager : Event: ======'sounds_play'====== Args={'settings': {'main': {'action': 'play', 'priority': None, 'block': False, 'delay': None, 'track': None, 'volume': None, 'ducking': {}, 'pan': None, 'loops': None, 'start_at': None, 'fade_in': None, 'fade_out': None, 'about_to_finish_time': -1.0, 'max_queue_time': -1.0, 'events_when_played': ['use_sound_setting'], 'events_when_stopped': ['use_sound_setting'], 'events_when_looping': ['use_sound_setting'], 'events_when_about_to_finish': ['use_sound_setting'], 'mode_end_action': 'use_sound_setting', 'key': 'use_sound_setting'}}, 'context': '_global', 'calling_context': 'mode_attract_started', 'priority': 0}
2025-03-06 20:53:46,449 : EventManager : Event: ======'slide_welcome_slide_created'====== Args={}
2025-03-06 20:53:46,450 : EventManager : Event: ======'slide_welcome_slide_active'====== Args={}
2025-03-06 20:53:46,482 : EventManager : Event: ======'loading_assets'====== Args={'total': 1, 'loaded': 1, 'remaining': 0, 'percent': 100}
2025-03-06 20:53:46,482 : AssetManager : Asset loading took: 1.367948055267334
2025-03-06 20:53:46,482 : EventManager : Event: ======'asset_loading_complete'====== Args={}
2025-03-06 20:53:46,482 : AssetManager : Loading assets: 1/1 (100%)
2025-03-06 20:53:48,729 : EventManager : Event: ======'game_started'====== Args={}
2025-03-06 20:53:48,767 : EventManager : Event: ======'sounds_play'====== Args={'settings': {'main': {'action': 'stop', 'priority': None, 'block': False, 'delay': None, 'track': None, 'volume': None, 'ducking': {}, 'pan': None, 'loops': None, 'start_at': None, 'fade_in': None, 'fade_out': None, 'about_to_finish_time': -1.0, 'max_queue_time': -1.0, 'events_when_played': ['use_sound_setting'], 'events_when_stopped': ['use_sound_setting'], 'events_when_looping': ['use_sound_setting'], 'events_when_about_to_finish': ['use_sound_setting'], 'mode_end_action': 'use_sound_setting', 'key': 'use_sound_setting'}}, 'context': '_global', 'calling_context': 'mode_attract_stopped', 'priority': 0}
2025-03-06 20:53:48,767 : EventManager : Event: ======'player_added'====== Args={'player': <Player 1>, 'num': 1}
2025-03-06 20:53:48,767 : EventManager : Event: ======'player_index'====== Args={'value': 0, 'prev_value': 0, 'change': 0, 'player_num': 1}
2025-03-06 20:53:48,767 : EventManager : Event: ======'player_number'====== Args={'value': 1, 'prev_value': 1, 'change': 0, 'player_num': 1}
2025-03-06 20:53:48,767 : EventManager : Event: ======'player_score'====== Args={'value': 0, 'prev_value': 0, 'change': 0, 'player_num': 1}
2025-03-06 20:53:48,778 : EventManager : Event: ======'player_ball'====== Args={'value': 1, 'prev_value': 0, 'change': 1, 'player_num': 1}
2025-03-06 20:53:48,778 : EventManager : Event: ======'player_turn_start'====== Args={'number': 1, 'player': <Player 1>}
2025-03-06 20:53:48,778 : EventManager : Event: ======'slides_play'====== Args={'settings': {'widgets': {'widgets': [{'type': 'text', 'text': None, '_default_settings': ['type', 'text'], 'x': None, 'y': None, 'anchor_x': 'center', 'anchor_y': 'center', 'round_anchor_x': None, 'round_anchor_y': None, 'opacity': 1.0, 'z': 0, 'reset_animations_events': {}, 'color': [1.0, 1.0, 1.0, 1.0], 'style': [], 'adjust_top': 0, 'adjust_bottom': 0, 'adjust_left': 0, 'adjust_right': 0, 'expire': None, 'key': None, 'widget': None, 'events_when_added': [], 'events_when_removed': [], 'font_size': 15, 'bitmap_font': False, 'font_kerning': True, 'bold': False, 'italic': False, 'number_grouping': False, 'min_digits': 0, 'halign': 'center', 'valign': 'middle', 'rotation': 0, 'scale': 1.0, 'casing': None, 'outline_color': [1.0, 1.0, 1.0, 1.0], 'outline_width': 0, 'animations': None}], 'target': None, 'background_color': [0.0, 0.0, 0.0, 1.0], 'priority': None, 'show': True, 'force': False, 'expire': None, 'slide': None, 'tokens': {}, 'action': 'play'}}, 'context': '_global', 'calling_context': 'ball_started', 'priority': 0, 'player': 1, 'ball': 1, 'balls_remaining': 2, 'is_extra_ball': False}
2025-03-06 20:53:48,778 : EventManager : Event: ======'slides_play'====== Args={'settings': {'widgets': {'widgets': [{'type': 'text', 'text': '(score)', 'number_grouping': True, 'min_digits': 2, 'font_size': 100, '_default_settings': ['type', 'text', 'number_grouping', 'min_digits', 'font_size'], 'x': None, 'y': None, 'anchor_x': 'center', 'anchor_y': 'center', 'round_anchor_x': None, 'round_anchor_y': None, 'opacity': 1.0, 'z': 0, 'reset_animations_events': {}, 'color': [1.0, 1.0, 1.0, 1.0], 'style': [], 'adjust_top': 0, 'adjust_bottom': 0, 'adjust_left': 0, 'adjust_right': 0, 'expire': None, 'key': None, 'widget': None, 'events_when_added': [], 'events_when_removed': [], 'bitmap_font': False, 'font_kerning': True, 'bold': False, 'italic': False, 'halign': 'center', 'valign': 'middle', 'rotation': 0, 'scale': 1.0, 'casing': None, 'outline_color': [1.0, 1.0, 1.0, 1.0], 'outline_width': 0, 'animations': None}, {'type': 'text', 'text': 'PLAYER (number)', 'y': '10', 'x': '10', 'font_size': 50, 'anchor_x': 'left', 'anchor_y': 'bottom', '_default_settings': ['type', 'text', 'y', 'x', 'font_size', 'anchor_x', 'anchor_y'], 'round_anchor_x': None, 'round_anchor_y': None, 'opacity': 1.0, 'z': 0, 'reset_animations_events': {}, 'color': [1.0, 1.0, 1.0, 1.0], 'style': [], 'adjust_top': 0, 'adjust_bottom': 0, 'adjust_left': 0, 'adjust_right': 0, 'expire': None, 'key': None, 'widget': None, 'events_when_added': [], 'events_when_removed': [], 'bitmap_font': False, 'font_kerning': True, 'bold': False, 'italic': False, 'number_grouping': False, 'min_digits': 0, 'halign': 'center', 'valign': 'middle', 'rotation': 0, 'scale': 1.0, 'casing': None, 'outline_color': [1.0, 1.0, 1.0, 1.0], 'outline_width': 0, 'animations': None}, {'type': 'text', 'text': 'BALL (ball)', 'y': '10', 'x': 'right-10', 'anchor_x': 'right', 'anchor_y': 'bottom', 'font_size': 50, '_default_settings': ['type', 'text', 'y', 'x', 'anchor_x', 'anchor_y', 'font_size'], 'round_anchor_x': None, 'round_anchor_y': None, 'opacity': 1.0, 'z': 0, 'reset_animations_events': {}, 'color': [1.0, 1.0, 1.0, 1.0], 'style': [], 'adjust_top': 0, 'adjust_bottom': 0, 'adjust_left': 0, 'adjust_right': 0, 'expire': None, 'key': None, 'widget': None, 'events_when_added': [], 'events_when_removed': [], 'bitmap_font': False, 'font_kerning': True, 'bold': False, 'italic': False, 'number_grouping': False, 'min_digits': 0, 'halign': 'center', 'valign': 'middle', 'rotation': 0, 'scale': 1.0, 'casing': None, 'outline_color': [1.0, 1.0, 1.0, 1.0], 'outline_width': 0, 'animations': None}], 'target': None, 'background_color': [0.0, 0.0, 0.0, 1.0], 'priority': None, 'show': True, 'force': False, 'expire': None, 'slide': None, 'tokens': {}, 'action': 'play'}}, 'context': 'base', 'calling_context': 'mode_base_started', 'priority': 100, 'player': 1, 'ball': 1, 'balls_remaining': 2, 'is_extra_ball': False}
2025-03-06 20:53:48,780 : kivy : Base: Leaving application in progress...
2025-03-06 20:53:48,781 : root : Exception while processing RegisteredHandler(callback=<bound method McConfigPlayer.play_from_trigger of McConfigPlayer.slides>, priority=1, kwargs={}, key=UUID('adeb259f-aef6-4eff-9459-a7aec8cf0af6'), condition=None, blocking_facility=None) for event slides_play. None is not allowed for McFontLabel.text
Traceback (most recent call last):
  File "C:\Users\duffb\.pyenv\pyenv-win\versions\3.11.0\Lib\site-packages\mpf\core\events.py", line 751, in _run_handlers
    result = handler.callback(**merged_kwargs)
             ^^^^^^^^^^^^^^^^^^^^^^^^^^^^^^^^^
  File "C:\Users\duffb\.pyenv\pyenv-win\versions\3.11.0\Lib\site-packages\mpfmc\core\mc_config_player.py", line 56, in play_from_trigger
    self.play(settings=settings, context=context, calling_context=calling_context, priority=priority, **kwargs)
  File "C:\Users\duffb\.pyenv\pyenv-win\versions\3.11.0\Lib\site-packages\mpfmc\config_players\slide_player.py", line 152, in play
    target.add_and_show_slide(key=full_context,
  File "C:\Users\duffb\.pyenv\pyenv-win\versions\3.11.0\Lib\site-packages\mpfmc\uix\display.py", line 432, in add_and_show_slide
    slide_obj = self.add_slide(name=slide_name,
                ^^^^^^^^^^^^^^^^^^^^^^^^^^^^^^^
  File "C:\Users\duffb\.pyenv\pyenv-win\versions\3.11.0\Lib\site-packages\mpfmc\uix\display.py", line 316, in add_slide
    return Slide(mc=self.mc, name=name, target=self.name,
           ^^^^^^^^^^^^^^^^^^^^^^^^^^^^^^^^^^^^^^^^^^^^^^
  File "C:\Users\duffb\.pyenv\pyenv-win\versions\3.11.0\Lib\site-packages\mpfmc\uix\slide.py", line 68, in __init__
    widgets = create_widget_objects_from_config(
              ^^^^^^^^^^^^^^^^^^^^^^^^^^^^^^^^^^
  File "C:\Users\duffb\.pyenv\pyenv-win\versions\3.11.0\Lib\site-packages\mpfmc\uix\widget.py", line 901, in create_widget_objects_from_config
    widget_obj = mc.widgets.type_map[widget['type']](
                 ^^^^^^^^^^^^^^^^^^^^^^^^^^^^^^^^^^^^
  File "C:\Users\duffb\.pyenv\pyenv-win\versions\3.11.0\Lib\site-packages\mpfmc\widgets\text.py", line 82, in __init__
    super().__init__(mc=mc, config=config, key=key)
  File "C:\Users\duffb\.pyenv\pyenv-win\versions\3.11.0\Lib\site-packages\mpfmc\uix\widget.py", line 107, in __init__
    setattr(self, k, v)
  File "kivy\properties.pyx", line 520, in kivy.properties.Property.__set__
  File "kivy\properties.pyx", line 1662, in kivy.properties.AliasProperty.set
  File "C:\Users\duffb\.pyenv\pyenv-win\versions\3.11.0\Lib\site-packages\mpfmc\widgets\text.py", line 353, in _set_text
    self._label.text = text
    ^^^^^^^^^^^^^^^^
  File "kivy\properties.pyx", line 520, in kivy.properties.Property.__set__
  File "kivy\properties.pyx", line 564, in kivy.properties.Property.set
  File "kivy\properties.pyx", line 555, in kivy.properties.Property.set
  File "kivy\properties.pyx", line 794, in kivy.properties.StringProperty.check
  File "kivy\properties.pyx", line 593, in kivy.properties.Property.check
ValueError: None is not allowed for McFontLabel.text

The above exception was the direct cause of the following exception:

Traceback (most recent call last):
  File "C:\Users\duffb\.pyenv\pyenv-win\versions\3.11.0\Lib\site-packages\mpfmc\commands\mc.py", line 217, in __init__
    thread_stopper=thread_stopper).run()
                                   ^^^^^
  File "C:\Users\duffb\.pyenv\pyenv-win\versions\3.11.0\Lib\site-packages\kivy\app.py", line 956, in run
    runTouchApp()
  File "C:\Users\duffb\.pyenv\pyenv-win\versions\3.11.0\Lib\site-packages\kivy\base.py", line 574, in runTouchApp
    EventLoop.mainloop()
  File "C:\Users\duffb\.pyenv\pyenv-win\versions\3.11.0\Lib\site-packages\kivy\base.py", line 339, in mainloop
    self.idle()
  File "C:\Users\duffb\.pyenv\pyenv-win\versions\3.11.0\Lib\site-packages\kivy\base.py", line 379, in idle
    Clock.tick()
  File "C:\Users\duffb\.pyenv\pyenv-win\versions\3.11.0\Lib\site-packages\kivy\clock.py", line 733, in tick
    self.post_idle(ts, self.idle())
  File "C:\Users\duffb\.pyenv\pyenv-win\versions\3.11.0\Lib\site-packages\kivy\clock.py", line 776, in post_idle
    self._process_events()
  File "kivy\_clock.pyx", line 620, in kivy._clock.CyClockBase._process_events
  File "kivy\_clock.pyx", line 653, in kivy._clock.CyClockBase._process_events
  File "kivy\_clock.pyx", line 649, in kivy._clock.CyClockBase._process_events
  File "kivy\_clock.pyx", line 218, in kivy._clock.ClockEvent.tick
  File "C:\Users\duffb\.pyenv\pyenv-win\versions\3.11.0\Lib\site-packages\mpfmc\core\mc.py", line 570, in tick
    self.events.process_event_queue()
  File "C:\Users\duffb\.pyenv\pyenv-win\versions\3.11.0\Lib\site-packages\mpf\core\events.py", line 842, in process_event_queue
    self._process_event(event=event[0],
  File "C:\Users\duffb\.pyenv\pyenv-win\versions\3.11.0\Lib\site-packages\mpf\core\events.py", line 804, in _process_event
    result = self._run_handlers(event, ev_type, kwargs)
             ^^^^^^^^^^^^^^^^^^^^^^^^^^^^^^^^^^^^^^^^^^
  File "C:\Users\duffb\.pyenv\pyenv-win\versions\3.11.0\Lib\site-packages\mpf\core\events.py", line 753, in _run_handlers
    raise EventHandlerException(
mpf.core.events.EventHandlerException: Exception while processing RegisteredHandler(callback=<bound method McConfigPlayer.play_from_trigger of McConfigPlayer.slides>, priority=1, kwargs={}, key=UUID('adeb259f-aef6-4eff-9459-a7aec8cf0af6'), condition=None, blocking_facility=None) for event slides_play. None is not allowed for McFontLabel.text
2025-03-06 20:53:49,604 : root : Stopping child threads... (3 remaining)
2025-03-06 20:53:49,721 : MPF-MC BCP Server : Stopping BCP sending thread
2025-03-06 20:53:49,988 : mpfmc : Stopping...
2025-03-06 20:53:49,988 : EventManager : Event: ======'shutdown'====== Args={}
2025-03-06 20:53:49,989 : AudioInterface : Disabling audio playback
2025-03-06 20:53:50,104 : mpfmc : Loop rate 58.94 Hz
2025-03-06 20:53:50,507 : root : All child threads stopped.
