2025-03-19 13:56:59,348 : kivy : deps: Successfully imported "kivy_deps.gstreamer" 0.3.3
2025-03-19 13:56:59,348 : kivy : deps: Successfully imported "kivy_deps.angle" 0.3.3
2025-03-19 13:56:59,348 : kivy : deps: Successfully imported "kivy_deps.glew" 0.3.1
2025-03-19 13:56:59,348 : kivy : deps: Successfully imported "kivy_deps.sdl2" 0.6.0
2025-03-19 13:56:59,348 : kivy : Kivy: v2.2.1
2025-03-19 13:56:59,348 : kivy : Kivy: Installed at "C:\Users\duffb\.pyenv\pyenv-win\versions\3.11.0\Lib\site-packages\kivy\__init__.py"
2025-03-19 13:56:59,348 : kivy : Python: v3.11.0 (main, Oct 24 2022, 18:26:48) [MSC v.1933 64 bit (AMD64)]
2025-03-19 13:56:59,349 : kivy : Python: Interpreter at "C:\Users\duffb\.pyenv\pyenv-win\versions\3.11.0\python.exe"
2025-03-19 13:56:59,370 : kivy : Factory: 190 symbols loaded
2025-03-19 13:56:59,544 : kivy : ImageLoaderFFPy: Using ffpyplayer 4.5.1
2025-03-19 13:56:59,544 : kivy : Image: Providers: img_tex, img_dds, img_sdl2, img_pil, img_ffpyplayer 
2025-03-19 13:56:59,822 : kivy : VideoGstplayer: Using Gstreamer 1.18.5.0
2025-03-19 13:56:59,822 : kivy : Video: Provider: gstplayer
2025-03-19 13:56:59,858 : root : Loading MPF-MC controller
2025-03-19 13:56:59,875 : YamlMultifileConfigLoader : Machine config file #1: config
2025-03-19 13:56:59,875 : ConfigProcessor : Config file in cache changed: C:\Users\duffb\OneDrive\Documents\Python Envs\PinBallWW1\Machine\config\config
2025-03-19 13:56:59,876 : ConfigProcessor : Loading config from file C:\Users\duffb\.pyenv\pyenv-win\versions\3.11.0\Lib\site-packages\mpfmc\mcconfig.yaml.
2025-03-19 13:56:59,882 : ConfigProcessor : Loading config: C:\Users\duffb\.pyenv\pyenv-win\versions\3.11.0\Lib\site-packages\mpfmc\mcconfig.yaml
2025-03-19 13:56:59,882 : ConfigProcessor : Loading config from file C:\Users\duffb\OneDrive\Documents\Python Envs\PinBallWW1\Machine\config\config.
2025-03-19 13:56:59,887 : ConfigProcessor : Loading config: C:\Users\duffb\OneDrive\Documents\Python Envs\PinBallWW1\Machine\config\config
2025-03-19 13:56:59,888 : ConfigProcessor : Config file cache created: C:\Users\duffb\AppData\Local\Temp\de7a4651692d89380cb727f0a44dc491.mpf_cache
2025-03-19 13:56:59,889 : ConfigProcessor : Loading config from cache: C:\Users\duffb\AppData\Local\Temp\ee7db1e8d011f44c876692bb4657f2e9.mpf_cache
2025-03-19 13:56:59,889 : ConfigProcessor : Loading config from cache: C:\Users\duffb\AppData\Local\Temp\9f058d482eac17116727d62a93500be7.mpf_cache
2025-03-19 13:56:59,890 : ConfigProcessor : Loading config from cache: C:\Users\duffb\AppData\Local\Temp\2c9362052ff91db960f514d041b7f4e4.mpf_cache
2025-03-19 13:56:59,890 : ConfigProcessor : Loading config from cache: C:\Users\duffb\AppData\Local\Temp\9e006ea23aa21ec68e01f6c49afad9f4.mpf_cache
2025-03-19 13:56:59,891 : mpfmc : Mission Pinball Framework Media Controller (MPF-MC) v0.57.1. Requires MPF v0.57.0 or newer.
2025-03-19 13:56:59,891 : mpfmc : Found MPF v0.57.0
2025-03-19 13:56:59,891 : mpfmc : Machine path: C:\Users\duffb\OneDrive\Documents\Python Envs\PinBallWW1\Machine
2025-03-19 13:56:59,891 : mpfmc : Starting clock at 60.0Hz
2025-03-19 13:56:59,908 : kivy : Text: Provider: sdl2
2025-03-19 13:56:59,959 : kivy : Window: Provider: sdl2
2025-03-19 13:57:00,276 : kivy : GL: Using the "OpenGL" graphics system
2025-03-19 13:57:00,277 : kivy : GL: GLEW initialization succeeded
2025-03-19 13:57:00,277 : kivy : GL: Backend used <glew>
2025-03-19 13:57:00,277 : kivy : GL: OpenGL version <b'4.6.0 - Build 31.0.101.5592'>
2025-03-19 13:57:00,277 : kivy : GL: OpenGL vendor <b'Intel'>
2025-03-19 13:57:00,277 : kivy : GL: OpenGL renderer <b'Intel(R) UHD Graphics'>
2025-03-19 13:57:00,277 : kivy : GL: OpenGL parsed version: 4, 6
2025-03-19 13:57:00,277 : kivy : GL: Shading version <b'4.60 - Build 31.0.101.5592'>
2025-03-19 13:57:00,277 : kivy : GL: Texture max size <16384>
2025-03-19 13:57:00,277 : kivy : GL: Texture max units <32>
2025-03-19 13:57:00,300 : kivy : Window: auto add sdl2 input provider
2025-03-19 13:57:00,301 : kivy : Window: virtual keyboard not allowed, single mode, not docked
2025-03-19 13:57:00,784 : AudioInterface : Initialized
2025-03-19 13:57:00,784 : AudioInterface : Loaded SDL 2.26.4
2025-03-19 13:57:00,785 : AudioInterface : Loaded SDL_Mixer 2.6.3
2025-03-19 13:57:00,785 : AudioInterface : Loaded GStreamer 1.18.5.0
2025-03-19 13:57:00,785 : AudioInterface : Loaded GLib 2.62.6
2025-03-19 13:57:00,785 : AudioInterface : Settings requested - rate: 44100, channels: 1, buffer: 2048 samples
2025-03-19 13:57:00,785 : AudioInterface : Settings in use - rate: 44100, channels: 1, buffer: 2048 samples (4096 bytes @ 2 bytes per sample)
2025-03-19 13:57:00,785 : SoundSystem : Setting master volume to 0.0
2025-03-19 13:57:00,785 : AudioInterface : Enabling audio playback
2025-03-19 13:57:00,789 : kivy : Base: Start application main loop
2025-03-19 13:57:00,790 : EventManager : Event: ======'display_window_initialized'====== Args={}
2025-03-19 13:57:00,820 : mpfmc : Display: Setting 'window' as default display
2025-03-19 13:57:00,828 : EventManager : Event: ======'displays_initialized'====== Args={}
2025-03-19 13:57:00,829 : EventManager : Event: ======'slide_window_blank_created'====== Args={}
2025-03-19 13:57:00,829 : EventManager : Event: ======'display_window_ready'====== Args={}
2025-03-19 13:57:00,840 : EventManager : Event: ======'init_phase_1'====== Args={}
2025-03-19 13:57:00,842 : EventManager : Event: ======'mc_ready'====== Args={}
2025-03-19 13:57:00,842 : EventManager : Event: ======'init_phase_2'====== Args={}
2025-03-19 13:57:00,845 : EventManager : Event: ======'init_phase_3'====== Args={}
2025-03-19 13:57:00,847 : EventManager : Event: ======'init_phase_4'====== Args={}
2025-03-19 13:57:00,847 : EventManager : Event: ======'init_phase_5'====== Args={}
2025-03-19 13:57:00,917 : kivy : GL: NPOT texture support is available
2025-03-19 13:57:00,924 : EventManager : Event: ======'loading_assets'====== Args={'total': 5, 'loaded': 1, 'remaining': 4, 'percent': 20}
2025-03-19 13:57:00,925 : AssetManager : Loading assets: 1/5 (20%)
2025-03-19 13:57:00,940 : EventManager : Event: ======'loading_assets'====== Args={'total': 5, 'loaded': 5, 'remaining': 0, 'percent': 100}
2025-03-19 13:57:00,940 : AssetManager : Asset loading took: 0.1537034511566162
2025-03-19 13:57:00,940 : EventManager : Event: ======'asset_loading_complete'====== Args={}
2025-03-19 13:57:00,940 : AssetManager : Loading assets: 5/5 (100%)
2025-03-19 13:57:00,940 : EventManager : Event: ======'init_done'====== Args={}
2025-03-19 13:57:00,941 : MPF-MC BCP Server : Starting up on localhost port 5050
2025-03-19 13:57:00,945 : MPF-MC BCP Server : Waiting for a connection...
2025-03-19 13:57:00,950 : EventManager : Event: ======'slide_welcome_slide_created'====== Args={}
2025-03-19 13:57:00,951 : EventManager : Event: ======'slide_welcome_slide_active'====== Args={}
2025-03-19 13:57:00,955 : EventManager : Event: ======'client_disconnected'====== Args={'host': '127.0.0.1', 'port': 5050}
2025-03-19 13:57:07,002 : kivy : Base: Leaving application in progress...
