2025-03-10 19:13:01,313 : kivy : deps: Successfully imported "kivy_deps.gstreamer" 0.3.3
2025-03-10 19:13:01,313 : kivy : deps: Successfully imported "kivy_deps.angle" 0.3.3
2025-03-10 19:13:01,313 : kivy : deps: Successfully imported "kivy_deps.glew" 0.3.1
2025-03-10 19:13:01,313 : kivy : deps: Successfully imported "kivy_deps.sdl2" 0.6.0
2025-03-10 19:13:01,314 : kivy : Kivy: v2.2.1
2025-03-10 19:13:01,314 : kivy : Kivy: Installed at "C:\Users\duffb\.pyenv\pyenv-win\versions\3.11.0\Lib\site-packages\kivy\__init__.py"
2025-03-10 19:13:01,314 : kivy : Python: v3.11.0 (main, Oct 24 2022, 18:26:48) [MSC v.1933 64 bit (AMD64)]
2025-03-10 19:13:01,315 : kivy : Python: Interpreter at "C:\Users\duffb\.pyenv\pyenv-win\versions\3.11.0\python.exe"
2025-03-10 19:13:01,328 : kivy : Factory: 190 symbols loaded
2025-03-10 19:13:01,479 : kivy : ImageLoaderFFPy: Using ffpyplayer 4.5.1
2025-03-10 19:13:01,479 : kivy : Image: Providers: img_tex, img_dds, img_sdl2, img_pil, img_ffpyplayer 
2025-03-10 19:13:01,652 : kivy : VideoGstplayer: Using Gstreamer 1.18.5.0
2025-03-10 19:13:01,652 : kivy : Video: Provider: gstplayer
2025-03-10 19:13:01,697 : root : Loading MPF-MC controller
2025-03-10 19:13:01,718 : YamlMultifileConfigLoader : Machine config file #1: config
2025-03-10 19:13:01,718 : ConfigProcessor : Config file in cache changed: C:\Users\duffb\OneDrive\Documents\Python Envs\PinBallWW1\Machine\config\config
2025-03-10 19:13:01,718 : ConfigProcessor : Loading config from file C:\Users\duffb\.pyenv\pyenv-win\versions\3.11.0\Lib\site-packages\mpfmc\mcconfig.yaml.
2025-03-10 19:13:01,725 : ConfigProcessor : Loading config: C:\Users\duffb\.pyenv\pyenv-win\versions\3.11.0\Lib\site-packages\mpfmc\mcconfig.yaml
2025-03-10 19:13:01,725 : ConfigProcessor : Loading config from file C:\Users\duffb\OneDrive\Documents\Python Envs\PinBallWW1\Machine\config\config.
2025-03-10 19:13:01,731 : ConfigProcessor : Loading config: C:\Users\duffb\OneDrive\Documents\Python Envs\PinBallWW1\Machine\config\config
2025-03-10 19:13:01,732 : ConfigProcessor : Config file cache created: C:\Users\duffb\AppData\Local\Temp\de7a4651692d89380cb727f0a44dc491.mpf_cache
2025-03-10 19:13:01,733 : ConfigProcessor : Loading config from cache: C:\Users\duffb\AppData\Local\Temp\ee7db1e8d011f44c876692bb4657f2e9.mpf_cache
2025-03-10 19:13:01,734 : ConfigProcessor : Loading config from cache: C:\Users\duffb\AppData\Local\Temp\9f058d482eac17116727d62a93500be7.mpf_cache
2025-03-10 19:13:01,734 : ConfigProcessor : Loading config from cache: C:\Users\duffb\AppData\Local\Temp\9e006ea23aa21ec68e01f6c49afad9f4.mpf_cache
2025-03-10 19:13:01,734 : mpfmc : Mission Pinball Framework Media Controller (MPF-MC) v0.57.1. Requires MPF v0.57.0 or newer.
2025-03-10 19:13:01,734 : mpfmc : Found MPF v0.57.0
2025-03-10 19:13:01,735 : mpfmc : Machine path: C:\Users\duffb\OneDrive\Documents\Python Envs\PinBallWW1\Machine
2025-03-10 19:13:01,735 : mpfmc : Starting clock at 60.0Hz
2025-03-10 19:13:01,757 : kivy : Text: Provider: sdl2
2025-03-10 19:13:01,805 : kivy : Window: Provider: sdl2
2025-03-10 19:13:01,996 : kivy : GL: Using the "OpenGL" graphics system
2025-03-10 19:13:01,998 : kivy : GL: GLEW initialization succeeded
2025-03-10 19:13:01,998 : kivy : GL: Backend used <glew>
2025-03-10 19:13:01,998 : kivy : GL: OpenGL version <b'4.6.0 - Build 31.0.101.5592'>
2025-03-10 19:13:01,998 : kivy : GL: OpenGL vendor <b'Intel'>
2025-03-10 19:13:01,998 : kivy : GL: OpenGL renderer <b'Intel(R) UHD Graphics'>
2025-03-10 19:13:01,998 : kivy : GL: OpenGL parsed version: 4, 6
2025-03-10 19:13:01,998 : kivy : GL: Shading version <b'4.60 - Build 31.0.101.5592'>
2025-03-10 19:13:01,998 : kivy : GL: Texture max size <16384>
2025-03-10 19:13:01,998 : kivy : GL: Texture max units <32>
2025-03-10 19:13:02,019 : kivy : Window: auto add sdl2 input provider
2025-03-10 19:13:02,020 : kivy : Window: virtual keyboard not allowed, single mode, not docked
2025-03-10 19:13:02,484 : AudioInterface : Initialized
2025-03-10 19:13:02,484 : AudioInterface : Loaded SDL 2.26.4
2025-03-10 19:13:02,484 : AudioInterface : Loaded SDL_Mixer 2.6.3
2025-03-10 19:13:02,484 : AudioInterface : Loaded GStreamer 1.18.5.0
2025-03-10 19:13:02,485 : AudioInterface : Loaded GLib 2.62.6
2025-03-10 19:13:02,485 : AudioInterface : Settings requested - rate: 44100, channels: 1, buffer: 2048 samples
2025-03-10 19:13:02,485 : AudioInterface : Settings in use - rate: 44100, channels: 1, buffer: 2048 samples (4096 bytes @ 2 bytes per sample)
2025-03-10 19:13:02,485 : SoundSystem : Setting master volume to 0.0
2025-03-10 19:13:02,485 : AudioInterface : Enabling audio playback
2025-03-10 19:13:02,488 : kivy : Base: Start application main loop
2025-03-10 19:13:02,488 : EventManager : Event: ======'display_window_initialized'====== Args={}
2025-03-10 19:13:02,501 : mpfmc : Display: Setting 'window' as default display
2025-03-10 19:13:02,507 : EventManager : Event: ======'displays_initialized'====== Args={}
2025-03-10 19:13:02,509 : EventManager : Event: ======'slide_window_blank_created'====== Args={}
2025-03-10 19:13:02,509 : EventManager : Event: ======'display_window_ready'====== Args={}
2025-03-10 19:13:02,520 : EventManager : Event: ======'init_phase_1'====== Args={}
2025-03-10 19:13:02,522 : EventManager : Event: ======'mc_ready'====== Args={}
2025-03-10 19:13:02,522 : EventManager : Event: ======'init_phase_2'====== Args={}
2025-03-10 19:13:02,524 : EventManager : Event: ======'init_phase_3'====== Args={}
2025-03-10 19:13:02,525 : EventManager : Event: ======'init_phase_4'====== Args={}
2025-03-10 19:13:02,526 : EventManager : Event: ======'init_phase_5'====== Args={}
2025-03-10 19:13:02,542 : kivy : GL: NPOT texture support is available
2025-03-10 19:13:02,554 : EventManager : Event: ======'loading_assets'====== Args={'total': 5, 'loaded': 1, 'remaining': 4, 'percent': 20}
2025-03-10 19:13:02,555 : AssetManager : Loading assets: 1/5 (20%)
2025-03-10 19:13:02,568 : EventManager : Event: ======'loading_assets'====== Args={'total': 5, 'loaded': 5, 'remaining': 0, 'percent': 100}
2025-03-10 19:13:02,568 : AssetManager : Asset loading took: 0.08331990242004395
2025-03-10 19:13:02,568 : EventManager : Event: ======'asset_loading_complete'====== Args={}
2025-03-10 19:13:02,568 : AssetManager : Loading assets: 5/5 (100%)
2025-03-10 19:13:02,568 : EventManager : Event: ======'init_done'====== Args={}
2025-03-10 19:13:02,568 : MPF-MC BCP Server : Starting up on localhost port 5050
2025-03-10 19:13:02,572 : MPF-MC BCP Server : Waiting for a connection...
2025-03-10 19:13:02,578 : EventManager : Event: ======'slide_welcome_slide_created'====== Args={}
2025-03-10 19:13:02,579 : EventManager : Event: ======'slide_welcome_slide_active'====== Args={}
2025-03-10 19:13:02,583 : EventManager : Event: ======'client_disconnected'====== Args={'host': '127.0.0.1', 'port': 5050}
2025-03-10 19:13:03,684 : MPF-MC BCP Server : Received connection from: 127.0.0.1:64344
2025-03-10 19:13:03,689 : EventManager : Event: ======'client_connected'====== Args={'host': '127.0.0.1', 'port': 64344}
2025-03-10 19:13:04,025 : EventManager : Event: ======'machine_var_credits_string'====== Args={'value': 'FREE PLAY', 'prev_value': None, 'change': True}
2025-03-10 19:13:04,025 : EventManager : Event: ======'machine_var_master_volume'====== Args={'value': 0.5, 'prev_value': None, 'change': True}
2025-03-10 19:13:04,025 : EventManager : Event: ======'machine_var_player1_score'====== Args={'value': 8000, 'prev_value': None, 'change': True}
2025-03-10 19:13:04,025 : EventManager : Event: ======'machine_var_player2_score'====== Args={'value': 1000, 'prev_value': None, 'change': True}
2025-03-10 19:13:04,025 : EventManager : Event: ======'machine_var_mpf_version'====== Args={'value': 'Mission Pinball Framework v0.57.0', 'prev_value': None, 'change': True}
2025-03-10 19:13:04,025 : EventManager : Event: ======'machine_var_mpf_extended_version'====== Args={'value': 'Mission Pinball Framework v0.57.0, Config version:6, Show version: 6, BCP version:1.1', 'prev_value': None, 'change': True}
2025-03-10 19:13:04,025 : EventManager : Event: ======'machine_var_python_version'====== Args={'value': '3.11.0', 'prev_value': None, 'change': True}
2025-03-10 19:13:04,025 : EventManager : Event: ======'machine_var_platform'====== Args={'value': 'Windows-10-10.0.26100-SP0', 'prev_value': None, 'change': True}
2025-03-10 19:13:04,025 : EventManager : Event: ======'machine_var_platform_system'====== Args={'value': 'Windows', 'prev_value': None, 'change': True}
2025-03-10 19:13:04,025 : EventManager : Event: ======'machine_var_platform_release'====== Args={'value': '10', 'prev_value': None, 'change': True}
2025-03-10 19:13:04,025 : EventManager : Event: ======'machine_var_platform_version'====== Args={'value': '10.0.26100', 'prev_value': None, 'change': True}
2025-03-10 19:13:04,025 : EventManager : Event: ======'machine_var_platform_machine'====== Args={'value': 'AMD64', 'prev_value': None, 'change': True}
2025-03-10 19:13:04,025 : EventManager : Event: ======'machine_var_mc_version'====== Args={'value': 'MPF-MC v0.57.1', 'prev_value': None, 'change': True}
2025-03-10 19:13:04,025 : EventManager : Event: ======'machine_var_mc_extended_version'====== Args={'value': 'MPF-MC v0.57.1 (config_version=6, BCP v1.1,                      Requires MPF API compatibility v0.57.0 or newer)', 'prev_value': None, 'change': True}
2025-03-10 19:13:04,025 : EventManager : Event: ======'machine_var_credits_string'====== Args={'value': 'FREE PLAY', 'prev_value': None, 'change': True}
2025-03-10 19:13:04,025 : EventManager : Event: ======'machine_var_master_volume'====== Args={'value': 0.5, 'prev_value': None, 'change': True}
2025-03-10 19:13:04,025 : EventManager : Event: ======'machine_var_player1_score'====== Args={'value': 8000, 'prev_value': None, 'change': True}
2025-03-10 19:13:04,025 : EventManager : Event: ======'machine_var_player2_score'====== Args={'value': 1000, 'prev_value': None, 'change': True}
2025-03-10 19:13:04,025 : EventManager : Event: ======'machine_var_mpf_version'====== Args={'value': 'Mission Pinball Framework v0.57.0', 'prev_value': None, 'change': True}
2025-03-10 19:13:04,026 : EventManager : Event: ======'machine_var_mpf_extended_version'====== Args={'value': 'Mission Pinball Framework v0.57.0, Config version:6, Show version: 6, BCP version:1.1', 'prev_value': None, 'change': True}
2025-03-10 19:13:04,026 : EventManager : Event: ======'machine_var_python_version'====== Args={'value': '3.11.0', 'prev_value': None, 'change': True}
2025-03-10 19:13:04,026 : EventManager : Event: ======'machine_var_platform'====== Args={'value': 'Windows-10-10.0.26100-SP0', 'prev_value': None, 'change': True}
2025-03-10 19:13:04,026 : EventManager : Event: ======'machine_var_platform_system'====== Args={'value': 'Windows', 'prev_value': None, 'change': True}
2025-03-10 19:13:04,026 : EventManager : Event: ======'machine_var_platform_release'====== Args={'value': '10', 'prev_value': None, 'change': True}
2025-03-10 19:13:04,026 : EventManager : Event: ======'machine_var_platform_version'====== Args={'value': '10.0.26100', 'prev_value': None, 'change': True}
2025-03-10 19:13:04,026 : EventManager : Event: ======'machine_var_platform_machine'====== Args={'value': 'AMD64', 'prev_value': None, 'change': True}
2025-03-10 19:13:04,026 : EventManager : Event: ======'machine_var_mc_version'====== Args={'value': 'MPF-MC v0.57.1', 'prev_value': None, 'change': True}
2025-03-10 19:13:04,026 : EventManager : Event: ======'machine_var_mc_extended_version'====== Args={'value': 'MPF-MC v0.57.1 (config_version=6, BCP v1.1,                      Requires MPF API compatibility v0.57.0 or newer)', 'prev_value': None, 'change': True}
2025-03-10 19:13:04,026 : EventManager : Event: ======'machine_var_credits_string'====== Args={'value': 'FREE PLAY', 'prev_value': None, 'change': True}
2025-03-10 19:13:04,026 : EventManager : Event: ======'machine_var_master_volume'====== Args={'value': 0.5, 'prev_value': None, 'change': True}
2025-03-10 19:13:04,026 : EventManager : Event: ======'machine_var_player1_score'====== Args={'value': 8000, 'prev_value': None, 'change': True}
2025-03-10 19:13:04,026 : EventManager : Event: ======'machine_var_player2_score'====== Args={'value': 1000, 'prev_value': None, 'change': True}
2025-03-10 19:13:04,026 : EventManager : Event: ======'machine_var_mpf_version'====== Args={'value': 'Mission Pinball Framework v0.57.0', 'prev_value': None, 'change': True}
2025-03-10 19:13:04,026 : EventManager : Event: ======'machine_var_mpf_extended_version'====== Args={'value': 'Mission Pinball Framework v0.57.0, Config version:6, Show version: 6, BCP version:1.1', 'prev_value': None, 'change': True}
2025-03-10 19:13:04,026 : EventManager : Event: ======'machine_var_python_version'====== Args={'value': '3.11.0', 'prev_value': None, 'change': True}
2025-03-10 19:13:04,026 : EventManager : Event: ======'machine_var_platform'====== Args={'value': 'Windows-10-10.0.26100-SP0', 'prev_value': None, 'change': True}
2025-03-10 19:13:04,026 : EventManager : Event: ======'machine_var_platform_system'====== Args={'value': 'Windows', 'prev_value': None, 'change': True}
2025-03-10 19:13:04,026 : EventManager : Event: ======'machine_var_platform_release'====== Args={'value': '10', 'prev_value': None, 'change': True}
2025-03-10 19:13:04,026 : EventManager : Event: ======'machine_var_platform_version'====== Args={'value': '10.0.26100', 'prev_value': None, 'change': True}
2025-03-10 19:13:04,026 : EventManager : Event: ======'machine_var_platform_machine'====== Args={'value': 'AMD64', 'prev_value': None, 'change': True}
2025-03-10 19:13:04,026 : EventManager : Event: ======'machine_var_mc_version'====== Args={'value': 'MPF-MC v0.57.1', 'prev_value': None, 'change': True}
2025-03-10 19:13:04,026 : EventManager : Event: ======'machine_var_mc_extended_version'====== Args={'value': 'MPF-MC v0.57.1 (config_version=6, BCP v1.1,                      Requires MPF API compatibility v0.57.0 or newer)', 'prev_value': None, 'change': True}
2025-03-10 19:13:04,026 : EventManager : Event: ======'machine_var_credits_string'====== Args={'value': 'FREE PLAY', 'prev_value': None, 'change': True}
2025-03-10 19:13:04,026 : EventManager : Event: ======'machine_var_master_volume'====== Args={'value': 0.5, 'prev_value': None, 'change': True}
2025-03-10 19:13:04,026 : EventManager : Event: ======'machine_var_player1_score'====== Args={'value': 8000, 'prev_value': None, 'change': True}
2025-03-10 19:13:04,026 : EventManager : Event: ======'machine_var_player2_score'====== Args={'value': 1000, 'prev_value': None, 'change': True}
2025-03-10 19:13:04,026 : EventManager : Event: ======'machine_var_mpf_version'====== Args={'value': 'Mission Pinball Framework v0.57.0', 'prev_value': None, 'change': True}
2025-03-10 19:13:04,026 : EventManager : Event: ======'machine_var_mpf_extended_version'====== Args={'value': 'Mission Pinball Framework v0.57.0, Config version:6, Show version: 6, BCP version:1.1', 'prev_value': None, 'change': True}
2025-03-10 19:13:04,026 : EventManager : Event: ======'machine_var_python_version'====== Args={'value': '3.11.0', 'prev_value': None, 'change': True}
2025-03-10 19:13:04,026 : EventManager : Event: ======'machine_var_platform'====== Args={'value': 'Windows-10-10.0.26100-SP0', 'prev_value': None, 'change': True}
2025-03-10 19:13:04,027 : EventManager : Event: ======'machine_var_platform_system'====== Args={'value': 'Windows', 'prev_value': None, 'change': True}
2025-03-10 19:13:04,027 : EventManager : Event: ======'machine_var_platform_release'====== Args={'value': '10', 'prev_value': None, 'change': True}
2025-03-10 19:13:04,027 : EventManager : Event: ======'machine_var_platform_version'====== Args={'value': '10.0.26100', 'prev_value': None, 'change': True}
2025-03-10 19:13:04,027 : EventManager : Event: ======'machine_var_platform_machine'====== Args={'value': 'AMD64', 'prev_value': None, 'change': True}
2025-03-10 19:13:04,027 : EventManager : Event: ======'machine_var_mc_version'====== Args={'value': 'MPF-MC v0.57.1', 'prev_value': None, 'change': True}
2025-03-10 19:13:04,027 : EventManager : Event: ======'machine_var_mc_extended_version'====== Args={'value': 'MPF-MC v0.57.1 (config_version=6, BCP v1.1,                      Requires MPF API compatibility v0.57.0 or newer)', 'prev_value': None, 'change': True}
2025-03-10 19:13:04,027 : SoundSystem : Setting master volume to 0.5
2025-03-10 19:13:04,027 : SoundSystem : Setting master volume to 0.5
2025-03-10 19:13:04,027 : SoundSystem : Setting master volume to 0.5
2025-03-10 19:13:04,027 : SoundSystem : Setting master volume to 0.5
2025-03-10 19:13:04,075 : EventManager : Event: ======'machine_var_audits_events_game_ended'====== Args={'value': 13, 'prev_value': None, 'change': True}
2025-03-10 19:13:04,075 : EventManager : Event: ======'machine_var_audits_events_game_started'====== Args={'value': 48, 'prev_value': None, 'change': True}
2025-03-10 19:13:04,075 : EventManager : Event: ======'machine_var_audits_missing_switches_s_Lane1'====== Args={'value': 3, 'prev_value': None, 'change': True}
2025-03-10 19:13:04,075 : EventManager : Event: ======'machine_var_audits_missing_switches_s_Lane2'====== Args={'value': 4, 'prev_value': None, 'change': True}
2025-03-10 19:13:04,075 : EventManager : Event: ======'machine_var_audits_missing_switches_s_Lane3'====== Args={'value': 4, 'prev_value': None, 'change': True}
2025-03-10 19:13:04,075 : EventManager : Event: ======'machine_var_audits_missing_switches_s_Lane4'====== Args={'value': 3, 'prev_value': None, 'change': True}
2025-03-10 19:13:04,075 : EventManager : Event: ======'machine_var_audits_missing_switches_s_Target1'====== Args={'value': 3, 'prev_value': None, 'change': True}
2025-03-10 19:13:04,075 : EventManager : Event: ======'machine_var_audits_missing_switches_s_Target2'====== Args={'value': 3, 'prev_value': None, 'change': True}
2025-03-10 19:13:04,075 : EventManager : Event: ======'machine_var_audits_missing_switches_s_Target3'====== Args={'value': 3, 'prev_value': None, 'change': True}
2025-03-10 19:13:04,075 : EventManager : Event: ======'machine_var_audits_missing_switches_s_Target4'====== Args={'value': 3, 'prev_value': None, 'change': True}
2025-03-10 19:13:04,075 : EventManager : Event: ======'machine_var_audits_missing_switches_s_drain'====== Args={'value': 6, 'prev_value': None, 'change': True}
2025-03-10 19:13:04,075 : EventManager : Event: ======'machine_var_audits_missing_switches_s_launcher_button'====== Args={'value': 1, 'prev_value': None, 'change': True}
2025-03-10 19:13:04,075 : EventManager : Event: ======'machine_var_audits_missing_switches_s_playfield_entry'====== Args={'value': 1, 'prev_value': None, 'change': True}
2025-03-10 19:13:04,075 : EventManager : Event: ======'machine_var_audits_missing_switches_s_trough1'====== Args={'value': 1, 'prev_value': None, 'change': True}
2025-03-10 19:13:04,075 : EventManager : Event: ======'machine_var_audits_missing_switches_s_trough2'====== Args={'value': 4, 'prev_value': None, 'change': True}
2025-03-10 19:13:04,075 : EventManager : Event: ======'machine_var_audits_missing_switches_s_trough3'====== Args={'value': 8, 'prev_value': None, 'change': True}
2025-03-10 19:13:04,075 : EventManager : Event: ======'machine_var_audits_missing_switches_s_trough_enter'====== Args={'value': 3, 'prev_value': None, 'change': True}
2025-03-10 19:13:04,075 : EventManager : Event: ======'machine_var_audits_player_score'====== Args={'value': {'average': 124, 'top': [8000, 1000, 0, 0, 0, 0, 0, 0, 0, 0], 'total': 16}, 'prev_value': None, 'change': True}
2025-03-10 19:13:04,075 : EventManager : Event: ======'machine_var_audits_switches_s_Lane1'====== Args={'value': 34, 'prev_value': None, 'change': True}
2025-03-10 19:13:04,075 : EventManager : Event: ======'machine_var_audits_switches_s_Lane2'====== Args={'value': 23, 'prev_value': None, 'change': True}
2025-03-10 19:13:04,075 : EventManager : Event: ======'machine_var_audits_switches_s_Lane3'====== Args={'value': 20, 'prev_value': None, 'change': True}
2025-03-10 19:13:04,075 : EventManager : Event: ======'machine_var_audits_switches_s_Lane4'====== Args={'value': 24, 'prev_value': None, 'change': True}
2025-03-10 19:13:04,075 : EventManager : Event: ======'machine_var_audits_switches_s_Target1'====== Args={'value': 64, 'prev_value': None, 'change': True}
2025-03-10 19:13:04,075 : EventManager : Event: ======'machine_var_audits_switches_s_Target2'====== Args={'value': 57, 'prev_value': None, 'change': True}
2025-03-10 19:13:04,075 : EventManager : Event: ======'machine_var_audits_switches_s_Target3'====== Args={'value': 62, 'prev_value': None, 'change': True}
2025-03-10 19:13:04,075 : EventManager : Event: ======'machine_var_audits_switches_s_Target4'====== Args={'value': 49, 'prev_value': None, 'change': True}
2025-03-10 19:13:04,075 : EventManager : Event: ======'machine_var_audits_switches_s_drain'====== Args={'value': 0, 'prev_value': None, 'change': True}
2025-03-10 19:13:04,075 : EventManager : Event: ======'machine_var_audits_switches_s_launcher_button'====== Args={'value': 89, 'prev_value': None, 'change': True}
2025-03-10 19:13:04,075 : EventManager : Event: ======'machine_var_audits_switches_s_left_flipper'====== Args={'value': 95, 'prev_value': None, 'change': True}
2025-03-10 19:13:04,075 : EventManager : Event: ======'machine_var_audits_switches_s_playfield_entry'====== Args={'value': 198, 'prev_value': None, 'change': True}
2025-03-10 19:13:04,075 : EventManager : Event: ======'machine_var_audits_switches_s_plunger_lane'====== Args={'value': 132, 'prev_value': None, 'change': True}
2025-03-10 19:13:04,075 : EventManager : Event: ======'machine_var_audits_switches_s_pointTarget'====== Args={'value': 193, 'prev_value': None, 'change': True}
2025-03-10 19:13:04,075 : EventManager : Event: ======'machine_var_audits_switches_s_right_flipper'====== Args={'value': 88, 'prev_value': None, 'change': True}
2025-03-10 19:13:04,075 : EventManager : Event: ======'machine_var_audits_switches_s_trough1'====== Args={'value': 109, 'prev_value': None, 'change': True}
2025-03-10 19:13:04,075 : EventManager : Event: ======'machine_var_audits_switches_s_trough2'====== Args={'value': 17, 'prev_value': None, 'change': True}
2025-03-10 19:13:04,077 : EventManager : Event: ======'machine_var_audits_switches_s_trough3'====== Args={'value': 14, 'prev_value': None, 'change': True}
2025-03-10 19:13:04,077 : EventManager : Event: ======'machine_var_audits_switches_s_trough_enter'====== Args={'value': 1, 'prev_value': None, 'change': True}
2025-03-10 19:13:04,088 : EventManager : Event: ======'slides_play'====== Args={'settings': {'welcome_slide': {'target': None, 'background_color': [0.0, 0.0, 0.0, 1.0], 'priority': None, 'show': True, 'force': False, 'expire': None, 'slide': None, 'tokens': {}, 'action': 'play'}}, 'context': '_global', 'calling_context': 'init_done', 'priority': 0}
2025-03-10 19:13:04,088 : EventManager : Event: ======'mc_reset_phase_1'====== Args={}
2025-03-10 19:13:04,088 : EventManager : Event: ======'slide_welcome_slide_removed'====== Args={}
2025-03-10 19:13:04,090 : EventManager : Event: ======'slide_welcome_slide_created'====== Args={}
2025-03-10 19:13:04,091 : EventManager : Event: ======'mc_reset_phase_2'====== Args={}
2025-03-10 19:13:04,091 : EventManager : Event: ======'mc_reset_phase_3'====== Args={}
2025-03-10 19:13:04,091 : EventManager : Event: ======'mc_reset_complete'====== Args={}
2025-03-10 19:13:04,091 : EventManager : Event: ======'slide_welcome_slide_active'====== Args={}
2025-03-10 19:13:04,100 : EventManager : Event: ======'slides_play'====== Args={'settings': {'ship_slide': {'widgets': [{'type': 'image', 'image': 'ship', '_default_settings': ['type', 'image'], 'x': None, 'y': None, 'anchor_x': 'center', 'anchor_y': 'center', 'round_anchor_x': None, 'round_anchor_y': None, 'opacity': 1.0, 'z': 0, 'reset_animations_events': {}, 'color': [1.0, 1.0, 1.0, 1.0], 'style': [], 'adjust_top': 0, 'adjust_bottom': 0, 'adjust_left': 0, 'adjust_right': 0, 'expire': None, 'key': None, 'widget': None, 'events_when_added': [], 'events_when_removed': [], 'fps': 10, 'loops': -1, 'auto_play': True, 'start_frame': 0, 'rotation': 0, 'scale': 1.0, 'animations': None}], 'target': None, 'background_color': [0.0, 0.0, 0.0, 1.0], 'priority': None, 'show': True, 'force': False, 'expire': None, 'slide': None, 'tokens': {}, 'action': 'play'}}, 'context': 'show_1', 'calling_context': 0, 'priority': 10, 'show_tokens': {}, 'start_time': 686614.812}
2025-03-10 19:13:04,100 : EventManager : Event: ======'sounds_play'====== Args={'settings': {'main': {'action': 'play', 'priority': None, 'block': False, 'delay': None, 'track': None, 'volume': None, 'ducking': {}, 'pan': None, 'loops': None, 'start_at': None, 'fade_in': None, 'fade_out': None, 'about_to_finish_time': -1.0, 'max_queue_time': -1.0, 'events_when_played': ['use_sound_setting'], 'events_when_stopped': ['use_sound_setting'], 'events_when_looping': ['use_sound_setting'], 'events_when_about_to_finish': ['use_sound_setting'], 'mode_end_action': 'use_sound_setting', 'key': 'use_sound_setting'}}, 'context': '_global', 'calling_context': 'mode_attract_started', 'priority': 0}
2025-03-10 19:13:04,102 : EventManager : Event: ======'slide_ship_slide_created'====== Args={}
2025-03-10 19:13:04,102 : EventManager : Event: ======'slide_ship_slide_active'====== Args={}
2025-03-10 19:13:04,135 : EventManager : Event: ======'loading_assets'====== Args={'total': 1, 'loaded': 1, 'remaining': 0, 'percent': 100}
2025-03-10 19:13:04,135 : AssetManager : Asset loading took: 1.6498730182647705
2025-03-10 19:13:04,135 : EventManager : Event: ======'asset_loading_complete'====== Args={}
2025-03-10 19:13:04,135 : AssetManager : Loading assets: 1/1 (100%)
2025-03-10 19:13:06,872 : kivy : WindowSDL: Window is now on display 1
2025-03-10 19:13:09,109 : EventManager : Event: ======'slides_play'====== Args={'settings': {'starting_slide': {'widgets': [{'type': 'image', 'image': 'start', 'animations': {'pre_show_slide': [{'property': ['opacity'], 'value': ['0'], 'duration': 0.5, 'relative': False, 'timing': 'after_previous', 'repeat': False, 'easing': 'linear', 'step': 0.0}, {'property': ['opacity'], 'value': ['1'], 'duration': 0.5, 'repeat': True, 'relative': False, 'timing': 'after_previous', 'easing': 'linear', 'step': 0.0}]}, '_default_settings': ['type', 'image', 'animations'], 'x': None, 'y': None, 'anchor_x': 'center', 'anchor_y': 'center', 'round_anchor_x': None, 'round_anchor_y': None, 'opacity': 1.0, 'z': 0, 'reset_animations_events': {}, 'color': [1.0, 1.0, 1.0, 1.0], 'style': [], 'adjust_top': 0, 'adjust_bottom': 0, 'adjust_left': 0, 'adjust_right': 0, 'expire': None, 'key': None, 'widget': None, 'events_when_added': [], 'events_when_removed': [], 'fps': 10, 'loops': -1, 'auto_play': True, 'start_frame': 0, 'rotation': 0, 'scale': 1.0}, {'type': 'image', 'image': 'start_game', '_default_settings': ['type', 'image'], 'x': None, 'y': None, 'anchor_x': 'center', 'anchor_y': 'center', 'round_anchor_x': None, 'round_anchor_y': None, 'opacity': 1.0, 'z': 0, 'reset_animations_events': {}, 'color': [1.0, 1.0, 1.0, 1.0], 'style': [], 'adjust_top': 0, 'adjust_bottom': 0, 'adjust_left': 0, 'adjust_right': 0, 'expire': None, 'key': None, 'widget': None, 'events_when_added': [], 'events_when_removed': [], 'fps': 10, 'loops': -1, 'auto_play': True, 'start_frame': 0, 'rotation': 0, 'scale': 1.0, 'animations': None}], 'transition': {'type': 'push', 'duration': 1.0, 'direction': 'left', 'easing': 'out_quad'}, 'target': None, 'background_color': [0.0, 0.0, 0.0, 1.0], 'priority': None, 'show': True, 'force': False, 'expire': None, 'slide': None, 'tokens': {}, 'action': 'play'}}, 'context': 'show_1', 'calling_context': 1, 'priority': 10, 'show_tokens': {}, 'start_time': 686619.812}
2025-03-10 19:13:09,110 : EventManager : Event: ======'slide_starting_slide_created'====== Args={}
2025-03-10 19:13:09,111 : EventManager : Event: ======'slide_starting_slide_active'====== Args={}
2025-03-10 19:13:14,105 : EventManager : Event: ======'slides_play'====== Args={'settings': {'company_slide': {'widgets': [{'type': 'image', 'image': 'company', '_default_settings': ['type', 'image'], 'x': None, 'y': None, 'anchor_x': 'center', 'anchor_y': 'center', 'round_anchor_x': None, 'round_anchor_y': None, 'opacity': 1.0, 'z': 0, 'reset_animations_events': {}, 'color': [1.0, 1.0, 1.0, 1.0], 'style': [], 'adjust_top': 0, 'adjust_bottom': 0, 'adjust_left': 0, 'adjust_right': 0, 'expire': None, 'key': None, 'widget': None, 'events_when_added': [], 'events_when_removed': [], 'fps': 10, 'loops': -1, 'auto_play': True, 'start_frame': 0, 'rotation': 0, 'scale': 1.0, 'animations': None}, {'type': 'text', 'text': '(machine|player1_score)', 'number_grouping': True, 'min_digits': 2, 'font_size': 50, 'y': '40%', '_default_settings': ['type', 'text', 'number_grouping', 'min_digits', 'font_size', 'y'], 'x': None, 'anchor_x': 'center', 'anchor_y': 'center', 'round_anchor_x': None, 'round_anchor_y': None, 'opacity': 1.0, 'z': 0, 'reset_animations_events': {}, 'color': [1.0, 1.0, 1.0, 1.0], 'style': [], 'adjust_top': 0, 'adjust_bottom': 0, 'adjust_left': 0, 'adjust_right': 0, 'expire': None, 'key': None, 'widget': None, 'events_when_added': [], 'events_when_removed': [], 'bitmap_font': False, 'font_kerning': True, 'bold': False, 'italic': False, 'halign': 'center', 'valign': 'middle', 'rotation': 0, 'scale': 1.0, 'casing': None, 'outline_color': [1.0, 1.0, 1.0, 1.0], 'outline_width': 0, 'animations': None}], 'transition': {'type': 'move_in', 'duration': 1.0, 'direction': 'right', 'easing': 'out_quad'}, 'target': None, 'background_color': [0.0, 0.0, 0.0, 1.0], 'priority': None, 'show': True, 'force': False, 'expire': None, 'slide': None, 'tokens': {}, 'action': 'play'}}, 'context': 'show_1', 'calling_context': 2, 'priority': 10, 'show_tokens': {}, 'start_time': 686624.812}
2025-03-10 19:13:14,115 : EventManager : Event: ======'slide_company_slide_created'====== Args={}
2025-03-10 19:13:14,117 : EventManager : Unordered handler for class <Text Widget text=8,000> on event machine_var_player1_score with priority 1. Handlers: [RegisteredHandler(callback=<bound method Text._machine_var_change of <Text Widget text=8,000>>, priority=1, kwargs={}, key=UUID('571c961a-aef3-4b62-be1e-cea6d82e31f1'), condition=None, blocking_facility=None), RegisteredHandler(callback=<bound method Text._machine_var_change of <Text Widget text=8,000>>, priority=1, kwargs={}, key=UUID('451df03a-62ed-40ad-bfe2-7b07133e0f94'), condition=None, blocking_facility=None)]. The order of those handlers is not defined and they will be executed in random order. This might lead to race conditions and potential bugs.
2025-03-10 19:13:14,119 : EventManager : Event: ======'slide_company_slide_active'====== Args={}
2025-03-10 19:13:19,102 : EventManager : Event: ======'slides_play'====== Args={'settings': {'lastgame_slide': {'widgets': [{'type': 'image', 'image': 'last_game', '_default_settings': ['type', 'image'], 'x': None, 'y': None, 'anchor_x': 'center', 'anchor_y': 'center', 'round_anchor_x': None, 'round_anchor_y': None, 'opacity': 1.0, 'z': 0, 'reset_animations_events': {}, 'color': [1.0, 1.0, 1.0, 1.0], 'style': [], 'adjust_top': 0, 'adjust_bottom': 0, 'adjust_left': 0, 'adjust_right': 0, 'expire': None, 'key': None, 'widget': None, 'events_when_added': [], 'events_when_removed': [], 'fps': 10, 'loops': -1, 'auto_play': True, 'start_frame': 0, 'rotation': 0, 'scale': 1.0, 'animations': None}], 'transition': {'type': 'move_in', 'duration': 1.0, 'direction': 'top', 'easing': 'out_quad'}, 'target': None, 'background_color': [0.0, 0.0, 0.0, 1.0], 'priority': None, 'show': True, 'force': False, 'expire': None, 'slide': None, 'tokens': {}, 'action': 'play'}}, 'context': 'show_1', 'calling_context': 3, 'priority': 10, 'show_tokens': {}, 'start_time': 686629.812}
2025-03-10 19:13:19,109 : EventManager : Event: ======'slide_lastgame_slide_created'====== Args={}
2025-03-10 19:13:19,112 : EventManager : Event: ======'slide_lastgame_slide_active'====== Args={}
2025-03-10 19:13:21,732 : kivy : Base: Leaving application in progress...
2025-03-10 19:13:21,732 : mpfmc : Stopping...
2025-03-10 19:13:21,732 : EventManager : Event: ======'shutdown'====== Args={}
2025-03-10 19:13:21,732 : AudioInterface : Disabling audio playback
2025-03-10 19:13:21,866 : mpfmc : Loop rate 75.44 Hz
2025-03-10 19:13:21,866 : root : MC run loop ended.
2025-03-10 19:13:21,866 : root : Stopping child threads... (3 remaining)
2025-03-10 19:13:22,284 : mpfmc : Stopping...
2025-03-10 19:13:22,284 : EventManager : Event: ======'shutdown'====== Args={}
2025-03-10 19:13:22,284 : mpfmc : Loop rate 73.85 Hz
2025-03-10 19:13:22,320 : MPF-MC BCP Server : Stopping BCP sending thread
2025-03-10 19:13:22,370 : root : All child threads stopped.
