2025-03-19 14:22:13,793 : kivy : deps: Successfully imported "kivy_deps.gstreamer" 0.3.3
2025-03-19 14:22:13,793 : kivy : deps: Successfully imported "kivy_deps.angle" 0.3.3
2025-03-19 14:22:13,793 : kivy : deps: Successfully imported "kivy_deps.glew" 0.3.1
2025-03-19 14:22:13,793 : kivy : deps: Successfully imported "kivy_deps.sdl2" 0.6.0
2025-03-19 14:22:13,793 : kivy : Kivy: v2.2.1
2025-03-19 14:22:13,793 : kivy : Kivy: Installed at "C:\Users\duffb\.pyenv\pyenv-win\versions\3.11.0\Lib\site-packages\kivy\__init__.py"
2025-03-19 14:22:13,793 : kivy : Python: v3.11.0 (main, Oct 24 2022, 18:26:48) [MSC v.1933 64 bit (AMD64)]
2025-03-19 14:22:13,795 : kivy : Python: Interpreter at "C:\Users\duffb\.pyenv\pyenv-win\versions\3.11.0\python.exe"
2025-03-19 14:22:13,814 : kivy : Factory: 190 symbols loaded
2025-03-19 14:22:14,012 : kivy : ImageLoaderFFPy: Using ffpyplayer 4.5.1
2025-03-19 14:22:14,012 : kivy : Image: Providers: img_tex, img_dds, img_sdl2, img_pil, img_ffpyplayer 
2025-03-19 14:22:14,288 : kivy : VideoGstplayer: Using Gstreamer 1.18.5.0
2025-03-19 14:22:14,288 : kivy : Video: Provider: gstplayer
2025-03-19 14:22:14,346 : root : Loading MPF-MC controller
2025-03-19 14:22:14,367 : YamlMultifileConfigLoader : Machine config file #1: config
2025-03-19 14:22:14,367 : ConfigProcessor : Config file in cache changed: C:\Users\duffb\OneDrive\Documents\Python Envs\PinBallWW1\Machine\config\config
2025-03-19 14:22:14,367 : ConfigProcessor : Loading config from file C:\Users\duffb\.pyenv\pyenv-win\versions\3.11.0\Lib\site-packages\mpfmc\mcconfig.yaml.
2025-03-19 14:22:14,374 : ConfigProcessor : Loading config: C:\Users\duffb\.pyenv\pyenv-win\versions\3.11.0\Lib\site-packages\mpfmc\mcconfig.yaml
2025-03-19 14:22:14,374 : ConfigProcessor : Loading config from file C:\Users\duffb\OneDrive\Documents\Python Envs\PinBallWW1\Machine\config\config.
2025-03-19 14:22:14,378 : ConfigProcessor : Loading config: C:\Users\duffb\OneDrive\Documents\Python Envs\PinBallWW1\Machine\config\config
2025-03-19 14:22:14,379 : ConfigProcessor : Config file cache created: C:\Users\duffb\AppData\Local\Temp\de7a4651692d89380cb727f0a44dc491.mpf_cache
2025-03-19 14:22:14,380 : ConfigProcessor : Loading config from cache: C:\Users\duffb\AppData\Local\Temp\ee7db1e8d011f44c876692bb4657f2e9.mpf_cache
2025-03-19 14:22:14,381 : ConfigProcessor : Loading config from cache: C:\Users\duffb\AppData\Local\Temp\9f058d482eac17116727d62a93500be7.mpf_cache
2025-03-19 14:22:14,382 : ConfigProcessor : Loading config from cache: C:\Users\duffb\AppData\Local\Temp\2c9362052ff91db960f514d041b7f4e4.mpf_cache
2025-03-19 14:22:14,383 : ConfigProcessor : Loading config from cache: C:\Users\duffb\AppData\Local\Temp\9e006ea23aa21ec68e01f6c49afad9f4.mpf_cache
2025-03-19 14:22:14,384 : mpfmc : Mission Pinball Framework Media Controller (MPF-MC) v0.57.1. Requires MPF v0.57.0 or newer.
2025-03-19 14:22:14,384 : mpfmc : Found MPF v0.57.0
2025-03-19 14:22:14,384 : mpfmc : Machine path: C:\Users\duffb\OneDrive\Documents\Python Envs\PinBallWW1\Machine
2025-03-19 14:22:14,384 : mpfmc : Starting clock at 60.0Hz
2025-03-19 14:22:14,402 : kivy : Text: Provider: sdl2
2025-03-19 14:22:14,480 : kivy : Window: Provider: sdl2
2025-03-19 14:22:14,787 : kivy : GL: Using the "OpenGL" graphics system
2025-03-19 14:22:14,789 : kivy : GL: GLEW initialization succeeded
2025-03-19 14:22:14,789 : kivy : GL: Backend used <glew>
2025-03-19 14:22:14,789 : kivy : GL: OpenGL version <b'4.6.0 - Build 31.0.101.5592'>
2025-03-19 14:22:14,789 : kivy : GL: OpenGL vendor <b'Intel'>
2025-03-19 14:22:14,789 : kivy : GL: OpenGL renderer <b'Intel(R) UHD Graphics'>
2025-03-19 14:22:14,789 : kivy : GL: OpenGL parsed version: 4, 6
2025-03-19 14:22:14,789 : kivy : GL: Shading version <b'4.60 - Build 31.0.101.5592'>
2025-03-19 14:22:14,789 : kivy : GL: Texture max size <16384>
2025-03-19 14:22:14,789 : kivy : GL: Texture max units <32>
2025-03-19 14:22:14,818 : kivy : Window: auto add sdl2 input provider
2025-03-19 14:22:14,820 : kivy : Window: virtual keyboard not allowed, single mode, not docked
2025-03-19 14:22:15,244 : AudioInterface : Initialized
2025-03-19 14:22:15,244 : AudioInterface : Loaded SDL 2.26.4
2025-03-19 14:22:15,244 : AudioInterface : Loaded SDL_Mixer 2.6.3
2025-03-19 14:22:15,244 : AudioInterface : Loaded GStreamer 1.18.5.0
2025-03-19 14:22:15,244 : AudioInterface : Loaded GLib 2.62.6
2025-03-19 14:22:15,244 : AudioInterface : Settings requested - rate: 44100, channels: 1, buffer: 2048 samples
2025-03-19 14:22:15,244 : AudioInterface : Settings in use - rate: 44100, channels: 1, buffer: 2048 samples (4096 bytes @ 2 bytes per sample)
2025-03-19 14:22:15,244 : SoundSystem : Setting master volume to 0.0
2025-03-19 14:22:15,244 : AudioInterface : Enabling audio playback
2025-03-19 14:22:15,246 : kivy : Base: Start application main loop
2025-03-19 14:22:15,246 : EventManager : Event: ======'display_window_initialized'====== Args={}
2025-03-19 14:22:15,257 : mpfmc : Display: Setting 'window' as default display
2025-03-19 14:22:15,261 : EventManager : Event: ======'displays_initialized'====== Args={}
2025-03-19 14:22:15,262 : EventManager : Event: ======'slide_window_blank_created'====== Args={}
2025-03-19 14:22:15,262 : EventManager : Event: ======'display_window_ready'====== Args={}
2025-03-19 14:22:15,273 : EventManager : Event: ======'init_phase_1'====== Args={}
2025-03-19 14:22:15,275 : EventManager : Event: ======'mc_ready'====== Args={}
2025-03-19 14:22:15,275 : EventManager : Event: ======'init_phase_2'====== Args={}
2025-03-19 14:22:15,276 : EventManager : Event: ======'init_phase_3'====== Args={}
2025-03-19 14:22:15,279 : EventManager : Event: ======'init_phase_4'====== Args={}
2025-03-19 14:22:15,279 : EventManager : Event: ======'init_phase_5'====== Args={}
2025-03-19 14:22:15,316 : kivy : GL: NPOT texture support is available
2025-03-19 14:22:15,335 : EventManager : Event: ======'loading_assets'====== Args={'total': 5, 'loaded': 1, 'remaining': 4, 'percent': 20}
2025-03-19 14:22:15,336 : AssetManager : Loading assets: 1/5 (20%)
2025-03-19 14:22:15,434 : EventManager : Event: ======'loading_assets'====== Args={'total': 5, 'loaded': 5, 'remaining': 0, 'percent': 100}
2025-03-19 14:22:15,435 : AssetManager : Asset loading took: 0.1900496482849121
2025-03-19 14:22:15,435 : EventManager : Event: ======'asset_loading_complete'====== Args={}
2025-03-19 14:22:15,435 : AssetManager : Loading assets: 5/5 (100%)
2025-03-19 14:22:15,435 : EventManager : Event: ======'init_done'====== Args={}
2025-03-19 14:22:15,435 : MPF-MC BCP Server : Starting up on localhost port 5050
2025-03-19 14:22:15,447 : MPF-MC BCP Server : Waiting for a connection...
2025-03-19 14:22:15,452 : EventManager : Event: ======'slide_welcome_slide_created'====== Args={}
2025-03-19 14:22:15,454 : EventManager : Event: ======'slide_welcome_slide_active'====== Args={}
2025-03-19 14:22:15,465 : EventManager : Event: ======'client_disconnected'====== Args={'host': '127.0.0.1', 'port': 5050}
2025-03-19 14:22:16,077 : MPF-MC BCP Server : Received connection from: 127.0.0.1:53978
2025-03-19 14:22:16,087 : EventManager : Event: ======'client_connected'====== Args={'host': '127.0.0.1', 'port': 53978}
2025-03-19 14:22:16,450 : EventManager : Event: ======'machine_var_credits_string'====== Args={'value': 'FREE PLAY', 'prev_value': None, 'change': True}
2025-03-19 14:22:16,450 : EventManager : Event: ======'machine_var_master_volume'====== Args={'value': 0.5, 'prev_value': None, 'change': True}
2025-03-19 14:22:16,450 : EventManager : Event: ======'machine_var_player1_score'====== Args={'value': 8000, 'prev_value': None, 'change': True}
2025-03-19 14:22:16,450 : EventManager : Event: ======'machine_var_player2_score'====== Args={'value': 1000, 'prev_value': None, 'change': True}
2025-03-19 14:22:16,450 : EventManager : Event: ======'machine_var_mpf_version'====== Args={'value': 'Mission Pinball Framework v0.57.0', 'prev_value': None, 'change': True}
2025-03-19 14:22:16,450 : EventManager : Event: ======'machine_var_mpf_extended_version'====== Args={'value': 'Mission Pinball Framework v0.57.0, Config version:6, Show version: 6, BCP version:1.1', 'prev_value': None, 'change': True}
2025-03-19 14:22:16,450 : EventManager : Event: ======'machine_var_python_version'====== Args={'value': '3.11.0', 'prev_value': None, 'change': True}
2025-03-19 14:22:16,450 : EventManager : Event: ======'machine_var_platform'====== Args={'value': 'Windows-10-10.0.26100-SP0', 'prev_value': None, 'change': True}
2025-03-19 14:22:16,450 : EventManager : Event: ======'machine_var_platform_system'====== Args={'value': 'Windows', 'prev_value': None, 'change': True}
2025-03-19 14:22:16,451 : EventManager : Event: ======'machine_var_platform_release'====== Args={'value': '10', 'prev_value': None, 'change': True}
2025-03-19 14:22:16,451 : EventManager : Event: ======'machine_var_platform_version'====== Args={'value': '10.0.26100', 'prev_value': None, 'change': True}
2025-03-19 14:22:16,451 : EventManager : Event: ======'machine_var_platform_machine'====== Args={'value': 'AMD64', 'prev_value': None, 'change': True}
2025-03-19 14:22:16,451 : EventManager : Event: ======'machine_var_mc_version'====== Args={'value': 'MPF-MC v0.57.1', 'prev_value': None, 'change': True}
2025-03-19 14:22:16,451 : EventManager : Event: ======'machine_var_mc_extended_version'====== Args={'value': 'MPF-MC v0.57.1 (config_version=6, BCP v1.1,                      Requires MPF API compatibility v0.57.0 or newer)', 'prev_value': None, 'change': True}
2025-03-19 14:22:16,451 : EventManager : Event: ======'machine_var_credits_string'====== Args={'value': 'FREE PLAY', 'prev_value': None, 'change': True}
2025-03-19 14:22:16,451 : EventManager : Event: ======'machine_var_master_volume'====== Args={'value': 0.5, 'prev_value': None, 'change': True}
2025-03-19 14:22:16,451 : EventManager : Event: ======'machine_var_player1_score'====== Args={'value': 8000, 'prev_value': None, 'change': True}
2025-03-19 14:22:16,451 : EventManager : Event: ======'machine_var_player2_score'====== Args={'value': 1000, 'prev_value': None, 'change': True}
2025-03-19 14:22:16,451 : EventManager : Event: ======'machine_var_mpf_version'====== Args={'value': 'Mission Pinball Framework v0.57.0', 'prev_value': None, 'change': True}
2025-03-19 14:22:16,451 : EventManager : Event: ======'machine_var_mpf_extended_version'====== Args={'value': 'Mission Pinball Framework v0.57.0, Config version:6, Show version: 6, BCP version:1.1', 'prev_value': None, 'change': True}
2025-03-19 14:22:16,451 : EventManager : Event: ======'machine_var_python_version'====== Args={'value': '3.11.0', 'prev_value': None, 'change': True}
2025-03-19 14:22:16,451 : EventManager : Event: ======'machine_var_platform'====== Args={'value': 'Windows-10-10.0.26100-SP0', 'prev_value': None, 'change': True}
2025-03-19 14:22:16,451 : EventManager : Event: ======'machine_var_platform_system'====== Args={'value': 'Windows', 'prev_value': None, 'change': True}
2025-03-19 14:22:16,451 : EventManager : Event: ======'machine_var_platform_release'====== Args={'value': '10', 'prev_value': None, 'change': True}
2025-03-19 14:22:16,451 : EventManager : Event: ======'machine_var_platform_version'====== Args={'value': '10.0.26100', 'prev_value': None, 'change': True}
2025-03-19 14:22:16,451 : EventManager : Event: ======'machine_var_platform_machine'====== Args={'value': 'AMD64', 'prev_value': None, 'change': True}
2025-03-19 14:22:16,451 : EventManager : Event: ======'machine_var_mc_version'====== Args={'value': 'MPF-MC v0.57.1', 'prev_value': None, 'change': True}
2025-03-19 14:22:16,451 : EventManager : Event: ======'machine_var_mc_extended_version'====== Args={'value': 'MPF-MC v0.57.1 (config_version=6, BCP v1.1,                      Requires MPF API compatibility v0.57.0 or newer)', 'prev_value': None, 'change': True}
2025-03-19 14:22:16,451 : EventManager : Event: ======'machine_var_credits_string'====== Args={'value': 'FREE PLAY', 'prev_value': None, 'change': True}
2025-03-19 14:22:16,451 : EventManager : Event: ======'machine_var_master_volume'====== Args={'value': 0.5, 'prev_value': None, 'change': True}
2025-03-19 14:22:16,451 : EventManager : Event: ======'machine_var_player1_score'====== Args={'value': 8000, 'prev_value': None, 'change': True}
2025-03-19 14:22:16,451 : EventManager : Event: ======'machine_var_player2_score'====== Args={'value': 1000, 'prev_value': None, 'change': True}
2025-03-19 14:22:16,451 : EventManager : Event: ======'machine_var_mpf_version'====== Args={'value': 'Mission Pinball Framework v0.57.0', 'prev_value': None, 'change': True}
2025-03-19 14:22:16,451 : EventManager : Event: ======'machine_var_mpf_extended_version'====== Args={'value': 'Mission Pinball Framework v0.57.0, Config version:6, Show version: 6, BCP version:1.1', 'prev_value': None, 'change': True}
2025-03-19 14:22:16,451 : EventManager : Event: ======'machine_var_python_version'====== Args={'value': '3.11.0', 'prev_value': None, 'change': True}
2025-03-19 14:22:16,452 : EventManager : Event: ======'machine_var_platform'====== Args={'value': 'Windows-10-10.0.26100-SP0', 'prev_value': None, 'change': True}
2025-03-19 14:22:16,452 : EventManager : Event: ======'machine_var_platform_system'====== Args={'value': 'Windows', 'prev_value': None, 'change': True}
2025-03-19 14:22:16,452 : EventManager : Event: ======'machine_var_platform_release'====== Args={'value': '10', 'prev_value': None, 'change': True}
2025-03-19 14:22:16,452 : EventManager : Event: ======'machine_var_platform_version'====== Args={'value': '10.0.26100', 'prev_value': None, 'change': True}
2025-03-19 14:22:16,452 : EventManager : Event: ======'machine_var_platform_machine'====== Args={'value': 'AMD64', 'prev_value': None, 'change': True}
2025-03-19 14:22:16,452 : EventManager : Event: ======'machine_var_mc_version'====== Args={'value': 'MPF-MC v0.57.1', 'prev_value': None, 'change': True}
2025-03-19 14:22:16,452 : EventManager : Event: ======'machine_var_mc_extended_version'====== Args={'value': 'MPF-MC v0.57.1 (config_version=6, BCP v1.1,                      Requires MPF API compatibility v0.57.0 or newer)', 'prev_value': None, 'change': True}
2025-03-19 14:22:16,452 : EventManager : Event: ======'machine_var_credits_string'====== Args={'value': 'FREE PLAY', 'prev_value': None, 'change': True}
2025-03-19 14:22:16,452 : EventManager : Event: ======'machine_var_master_volume'====== Args={'value': 0.5, 'prev_value': None, 'change': True}
2025-03-19 14:22:16,452 : EventManager : Event: ======'machine_var_player1_score'====== Args={'value': 8000, 'prev_value': None, 'change': True}
2025-03-19 14:22:16,452 : EventManager : Event: ======'machine_var_player2_score'====== Args={'value': 1000, 'prev_value': None, 'change': True}
2025-03-19 14:22:16,452 : EventManager : Event: ======'machine_var_mpf_version'====== Args={'value': 'Mission Pinball Framework v0.57.0', 'prev_value': None, 'change': True}
2025-03-19 14:22:16,452 : EventManager : Event: ======'machine_var_mpf_extended_version'====== Args={'value': 'Mission Pinball Framework v0.57.0, Config version:6, Show version: 6, BCP version:1.1', 'prev_value': None, 'change': True}
2025-03-19 14:22:16,452 : EventManager : Event: ======'machine_var_python_version'====== Args={'value': '3.11.0', 'prev_value': None, 'change': True}
2025-03-19 14:22:16,452 : EventManager : Event: ======'machine_var_platform'====== Args={'value': 'Windows-10-10.0.26100-SP0', 'prev_value': None, 'change': True}
2025-03-19 14:22:16,452 : EventManager : Event: ======'machine_var_platform_system'====== Args={'value': 'Windows', 'prev_value': None, 'change': True}
2025-03-19 14:22:16,452 : EventManager : Event: ======'machine_var_platform_release'====== Args={'value': '10', 'prev_value': None, 'change': True}
2025-03-19 14:22:16,452 : EventManager : Event: ======'machine_var_platform_version'====== Args={'value': '10.0.26100', 'prev_value': None, 'change': True}
2025-03-19 14:22:16,452 : EventManager : Event: ======'machine_var_platform_machine'====== Args={'value': 'AMD64', 'prev_value': None, 'change': True}
2025-03-19 14:22:16,452 : EventManager : Event: ======'machine_var_mc_version'====== Args={'value': 'MPF-MC v0.57.1', 'prev_value': None, 'change': True}
2025-03-19 14:22:16,452 : EventManager : Event: ======'machine_var_mc_extended_version'====== Args={'value': 'MPF-MC v0.57.1 (config_version=6, BCP v1.1,                      Requires MPF API compatibility v0.57.0 or newer)', 'prev_value': None, 'change': True}
2025-03-19 14:22:16,452 : SoundSystem : Setting master volume to 0.5
2025-03-19 14:22:16,452 : SoundSystem : Setting master volume to 0.5
2025-03-19 14:22:16,452 : SoundSystem : Setting master volume to 0.5
2025-03-19 14:22:16,452 : SoundSystem : Setting master volume to 0.5
2025-03-19 14:22:16,613 : EventManager : Event: ======'machine_var_audits_events_game_ended'====== Args={'value': 13, 'prev_value': None, 'change': True}
2025-03-19 14:22:16,625 : EventManager : Event: ======'machine_var_audits_events_game_started'====== Args={'value': 51, 'prev_value': None, 'change': True}
2025-03-19 14:22:16,625 : EventManager : Event: ======'machine_var_audits_missing_switches_s_Lane1'====== Args={'value': 6, 'prev_value': None, 'change': True}
2025-03-19 14:22:16,625 : EventManager : Event: ======'machine_var_audits_missing_switches_s_Lane2'====== Args={'value': 7, 'prev_value': None, 'change': True}
2025-03-19 14:22:16,626 : EventManager : Event: ======'machine_var_audits_missing_switches_s_Lane3'====== Args={'value': 7, 'prev_value': None, 'change': True}
2025-03-19 14:22:16,626 : EventManager : Event: ======'machine_var_audits_missing_switches_s_Lane4'====== Args={'value': 6, 'prev_value': None, 'change': True}
2025-03-19 14:22:16,626 : EventManager : Event: ======'machine_var_audits_missing_switches_s_Target1'====== Args={'value': 6, 'prev_value': None, 'change': True}
2025-03-19 14:22:16,626 : EventManager : Event: ======'machine_var_audits_missing_switches_s_Target2'====== Args={'value': 6, 'prev_value': None, 'change': True}
2025-03-19 14:22:16,626 : EventManager : Event: ======'machine_var_audits_missing_switches_s_Target3'====== Args={'value': 6, 'prev_value': None, 'change': True}
2025-03-19 14:22:16,626 : EventManager : Event: ======'machine_var_audits_missing_switches_s_Target4'====== Args={'value': 6, 'prev_value': None, 'change': True}
2025-03-19 14:22:16,626 : EventManager : Event: ======'machine_var_audits_missing_switches_s_drain'====== Args={'value': 6, 'prev_value': None, 'change': True}
2025-03-19 14:22:16,627 : EventManager : Event: ======'machine_var_audits_missing_switches_s_launcher_button'====== Args={'value': 1, 'prev_value': None, 'change': True}
2025-03-19 14:22:16,628 : EventManager : Event: ======'machine_var_audits_missing_switches_s_left_flipper'====== Args={'value': 3, 'prev_value': None, 'change': True}
2025-03-19 14:22:16,629 : EventManager : Event: ======'machine_var_audits_missing_switches_s_playfield_entry'====== Args={'value': 1, 'prev_value': None, 'change': True}
2025-03-19 14:22:16,629 : EventManager : Event: ======'machine_var_audits_missing_switches_s_right_flipper'====== Args={'value': 3, 'prev_value': None, 'change': True}
2025-03-19 14:22:16,629 : EventManager : Event: ======'machine_var_audits_missing_switches_s_trough1'====== Args={'value': 4, 'prev_value': None, 'change': True}
2025-03-19 14:22:16,629 : EventManager : Event: ======'machine_var_audits_missing_switches_s_trough2'====== Args={'value': 7, 'prev_value': None, 'change': True}
2025-03-19 14:22:16,629 : EventManager : Event: ======'machine_var_audits_missing_switches_s_trough3'====== Args={'value': 11, 'prev_value': None, 'change': True}
2025-03-19 14:22:16,629 : EventManager : Event: ======'machine_var_audits_missing_switches_s_trough_enter'====== Args={'value': 6, 'prev_value': None, 'change': True}
2025-03-19 14:22:16,630 : EventManager : Event: ======'machine_var_audits_player_score'====== Args={'value': {'average': 124, 'top': [8000, 1000, 0, 0, 0, 0, 0, 0, 0, 0], 'total': 16}, 'prev_value': None, 'change': True}
2025-03-19 14:22:16,630 : EventManager : Event: ======'machine_var_audits_switches_s_Lane1'====== Args={'value': 34, 'prev_value': None, 'change': True}
2025-03-19 14:22:16,630 : EventManager : Event: ======'machine_var_audits_switches_s_Lane2'====== Args={'value': 23, 'prev_value': None, 'change': True}
2025-03-19 14:22:16,630 : EventManager : Event: ======'machine_var_audits_switches_s_Lane3'====== Args={'value': 20, 'prev_value': None, 'change': True}
2025-03-19 14:22:16,630 : EventManager : Event: ======'machine_var_audits_switches_s_Lane4'====== Args={'value': 24, 'prev_value': None, 'change': True}
2025-03-19 14:22:16,630 : EventManager : Event: ======'machine_var_audits_switches_s_Target1'====== Args={'value': 64, 'prev_value': None, 'change': True}
2025-03-19 14:22:16,632 : EventManager : Event: ======'machine_var_audits_switches_s_Target2'====== Args={'value': 57, 'prev_value': None, 'change': True}
2025-03-19 14:22:16,632 : EventManager : Event: ======'machine_var_audits_switches_s_Target3'====== Args={'value': 62, 'prev_value': None, 'change': True}
2025-03-19 14:22:16,632 : EventManager : Event: ======'machine_var_audits_switches_s_Target4'====== Args={'value': 49, 'prev_value': None, 'change': True}
2025-03-19 14:22:16,632 : EventManager : Event: ======'machine_var_audits_switches_s_drain'====== Args={'value': 0, 'prev_value': None, 'change': True}
2025-03-19 14:22:16,632 : EventManager : Event: ======'machine_var_audits_switches_s_launcher_button'====== Args={'value': 91, 'prev_value': None, 'change': True}
2025-03-19 14:22:16,632 : EventManager : Event: ======'machine_var_audits_switches_s_left_flipper'====== Args={'value': 95, 'prev_value': None, 'change': True}
2025-03-19 14:22:16,632 : EventManager : Event: ======'machine_var_audits_switches_s_playfield_entry'====== Args={'value': 200, 'prev_value': None, 'change': True}
2025-03-19 14:22:16,633 : EventManager : Event: ======'machine_var_audits_switches_s_plunger_lane'====== Args={'value': 135, 'prev_value': None, 'change': True}
2025-03-19 14:22:16,633 : EventManager : Event: ======'machine_var_audits_switches_s_pointTarget'====== Args={'value': 193, 'prev_value': None, 'change': True}
2025-03-19 14:22:16,633 : EventManager : Event: ======'machine_var_audits_switches_s_right_flipper'====== Args={'value': 88, 'prev_value': None, 'change': True}
2025-03-19 14:22:16,633 : EventManager : Event: ======'machine_var_audits_switches_s_trough1'====== Args={'value': 109, 'prev_value': None, 'change': True}
2025-03-19 14:22:16,633 : EventManager : Event: ======'machine_var_audits_switches_s_trough2'====== Args={'value': 17, 'prev_value': None, 'change': True}
2025-03-19 14:22:16,633 : EventManager : Event: ======'machine_var_audits_switches_s_trough3'====== Args={'value': 14, 'prev_value': None, 'change': True}
2025-03-19 14:22:16,633 : EventManager : Event: ======'machine_var_audits_switches_s_trough_enter'====== Args={'value': 1, 'prev_value': None, 'change': True}
2025-03-19 14:22:16,658 : EventManager : Event: ======'slides_play'====== Args={'settings': {'welcome_slide': {'target': None, 'background_color': [0.0, 0.0, 0.0, 1.0], 'priority': None, 'show': True, 'force': False, 'expire': None, 'slide': None, 'tokens': {}, 'action': 'play'}}, 'context': '_global', 'calling_context': 'init_done', 'priority': 0}
2025-03-19 14:22:16,658 : EventManager : Event: ======'mc_reset_phase_1'====== Args={}
2025-03-19 14:22:16,658 : EventManager : Event: ======'slide_welcome_slide_removed'====== Args={}
2025-03-19 14:22:16,660 : EventManager : Event: ======'slide_welcome_slide_created'====== Args={}
2025-03-19 14:22:16,660 : EventManager : Event: ======'mc_reset_phase_2'====== Args={}
2025-03-19 14:22:16,661 : EventManager : Event: ======'mc_reset_phase_3'====== Args={}
2025-03-19 14:22:16,661 : EventManager : Event: ======'mc_reset_complete'====== Args={}
2025-03-19 14:22:16,661 : EventManager : Event: ======'slide_welcome_slide_active'====== Args={}
2025-03-19 14:22:16,666 : EventManager : Event: ======'slides_play'====== Args={'settings': {'ship_slide': {'widgets': [{'type': 'image', 'image': 'ship', '_default_settings': ['type', 'image'], 'x': None, 'y': None, 'anchor_x': 'center', 'anchor_y': 'center', 'round_anchor_x': None, 'round_anchor_y': None, 'opacity': 1.0, 'z': 0, 'reset_animations_events': {}, 'color': [1.0, 1.0, 1.0, 1.0], 'style': [], 'adjust_top': 0, 'adjust_bottom': 0, 'adjust_left': 0, 'adjust_right': 0, 'expire': None, 'key': None, 'widget': None, 'events_when_added': [], 'events_when_removed': [], 'fps': 10, 'loops': -1, 'auto_play': True, 'start_frame': 0, 'rotation': 0, 'scale': 1.0, 'animations': None}], 'target': None, 'background_color': [0.0, 0.0, 0.0, 1.0], 'priority': None, 'show': True, 'force': False, 'expire': None, 'slide': None, 'tokens': {}, 'action': 'play'}}, 'context': 'show_2', 'calling_context': 0, 'priority': 10, 'show_tokens': {}, 'start_time': 92210.187}
2025-03-19 14:22:16,667 : EventManager : Event: ======'sounds_play'====== Args={'settings': {'main': {'action': 'play', 'priority': None, 'block': False, 'delay': None, 'track': None, 'volume': None, 'ducking': {}, 'pan': None, 'loops': None, 'start_at': None, 'fade_in': None, 'fade_out': None, 'about_to_finish_time': -1.0, 'max_queue_time': -1.0, 'events_when_played': ['use_sound_setting'], 'events_when_stopped': ['use_sound_setting'], 'events_when_looping': ['use_sound_setting'], 'events_when_about_to_finish': ['use_sound_setting'], 'mode_end_action': 'use_sound_setting', 'key': 'use_sound_setting'}}, 'context': '_global', 'calling_context': 'mode_attract_started', 'priority': 0}
2025-03-19 14:22:16,672 : EventManager : Event: ======'slide_ship_slide_created'====== Args={}
2025-03-19 14:22:16,673 : EventManager : Event: ======'slide_ship_slide_active'====== Args={}
2025-03-19 14:22:16,711 : EventManager : Event: ======'loading_assets'====== Args={'total': 1, 'loaded': 1, 'remaining': 0, 'percent': 100}
2025-03-19 14:22:16,711 : AssetManager : Asset loading took: 1.4658260345458984
2025-03-19 14:22:16,711 : EventManager : Event: ======'asset_loading_complete'====== Args={}
2025-03-19 14:22:16,711 : AssetManager : Loading assets: 1/1 (100%)
2025-03-19 14:22:22,140 : kivy : WindowSDL: Window is now on display 1
2025-03-19 14:22:22,140 : EventManager : Event: ======'slides_play'====== Args={'settings': {'starting_slide': {'widgets': [{'type': 'image', 'image': 'start', 'animations': {'pre_show_slide': [{'property': ['opacity'], 'value': ['0'], 'duration': 0.5, 'relative': False, 'timing': 'after_previous', 'repeat': False, 'easing': 'linear', 'step': 0.0}, {'property': ['opacity'], 'value': ['1'], 'duration': 0.5, 'repeat': True, 'relative': False, 'timing': 'after_previous', 'easing': 'linear', 'step': 0.0}]}, '_default_settings': ['type', 'image', 'animations'], 'x': None, 'y': None, 'anchor_x': 'center', 'anchor_y': 'center', 'round_anchor_x': None, 'round_anchor_y': None, 'opacity': 1.0, 'z': 0, 'reset_animations_events': {}, 'color': [1.0, 1.0, 1.0, 1.0], 'style': [], 'adjust_top': 0, 'adjust_bottom': 0, 'adjust_left': 0, 'adjust_right': 0, 'expire': None, 'key': None, 'widget': None, 'events_when_added': [], 'events_when_removed': [], 'fps': 10, 'loops': -1, 'auto_play': True, 'start_frame': 0, 'rotation': 0, 'scale': 1.0}, {'type': 'image', 'image': 'start_game', '_default_settings': ['type', 'image'], 'x': None, 'y': None, 'anchor_x': 'center', 'anchor_y': 'center', 'round_anchor_x': None, 'round_anchor_y': None, 'opacity': 1.0, 'z': 0, 'reset_animations_events': {}, 'color': [1.0, 1.0, 1.0, 1.0], 'style': [], 'adjust_top': 0, 'adjust_bottom': 0, 'adjust_left': 0, 'adjust_right': 0, 'expire': None, 'key': None, 'widget': None, 'events_when_added': [], 'events_when_removed': [], 'fps': 10, 'loops': -1, 'auto_play': True, 'start_frame': 0, 'rotation': 0, 'scale': 1.0, 'animations': None}], 'transition': {'type': 'push', 'duration': 1.0, 'direction': 'left', 'easing': 'out_quad'}, 'target': None, 'background_color': [0.0, 0.0, 0.0, 1.0], 'priority': None, 'show': True, 'force': False, 'expire': None, 'slide': None, 'tokens': {}, 'action': 'play'}}, 'context': 'show_2', 'calling_context': 1, 'priority': 10, 'show_tokens': {}, 'start_time': 92215.187}
2025-03-19 14:22:22,144 : EventManager : Event: ======'slide_starting_slide_created'====== Args={}
2025-03-19 14:22:22,145 : EventManager : Event: ======'slide_starting_slide_active'====== Args={}
2025-03-19 14:22:26,662 : EventManager : Event: ======'slides_play'====== Args={'settings': {'company_slide': {'widgets': [{'type': 'image', 'image': 'company', '_default_settings': ['type', 'image'], 'x': None, 'y': None, 'anchor_x': 'center', 'anchor_y': 'center', 'round_anchor_x': None, 'round_anchor_y': None, 'opacity': 1.0, 'z': 0, 'reset_animations_events': {}, 'color': [1.0, 1.0, 1.0, 1.0], 'style': [], 'adjust_top': 0, 'adjust_bottom': 0, 'adjust_left': 0, 'adjust_right': 0, 'expire': None, 'key': None, 'widget': None, 'events_when_added': [], 'events_when_removed': [], 'fps': 10, 'loops': -1, 'auto_play': True, 'start_frame': 0, 'rotation': 0, 'scale': 1.0, 'animations': None}, {'type': 'text', 'text': '(machine|player1_score)', 'number_grouping': True, 'min_digits': 2, 'font_size': 50, 'y': '40%', '_default_settings': ['type', 'text', 'number_grouping', 'min_digits', 'font_size', 'y'], 'x': None, 'anchor_x': 'center', 'anchor_y': 'center', 'round_anchor_x': None, 'round_anchor_y': None, 'opacity': 1.0, 'z': 0, 'reset_animations_events': {}, 'color': [1.0, 1.0, 1.0, 1.0], 'style': [], 'adjust_top': 0, 'adjust_bottom': 0, 'adjust_left': 0, 'adjust_right': 0, 'expire': None, 'key': None, 'widget': None, 'events_when_added': [], 'events_when_removed': [], 'bitmap_font': False, 'font_kerning': True, 'bold': False, 'italic': False, 'halign': 'center', 'valign': 'middle', 'rotation': 0, 'scale': 1.0, 'casing': None, 'outline_color': [1.0, 1.0, 1.0, 1.0], 'outline_width': 0, 'animations': None}], 'transition': {'type': 'move_in', 'duration': 1.0, 'direction': 'right', 'easing': 'out_quad'}, 'target': None, 'background_color': [0.0, 0.0, 0.0, 1.0], 'priority': None, 'show': True, 'force': False, 'expire': None, 'slide': None, 'tokens': {}, 'action': 'play'}}, 'context': 'show_2', 'calling_context': 2, 'priority': 10, 'show_tokens': {}, 'start_time': 92220.187}
2025-03-19 14:22:26,666 : EventManager : Event: ======'slide_company_slide_created'====== Args={}
2025-03-19 14:22:26,668 : EventManager : Unordered handler for class <Text Widget text=8,000> on event machine_var_player1_score with priority 1. Handlers: [RegisteredHandler(callback=<bound method Text._machine_var_change of <Text Widget text=8,000>>, priority=1, kwargs={}, key=UUID('dff846fb-cac1-40b1-a1cf-f2caf51761db'), condition=None, blocking_facility=None), RegisteredHandler(callback=<bound method Text._machine_var_change of <Text Widget text=8,000>>, priority=1, kwargs={}, key=UUID('ae424338-6a8c-48d8-86cf-9890da5d088e'), condition=None, blocking_facility=None)]. The order of those handlers is not defined and they will be executed in random order. This might lead to race conditions and potential bugs.
2025-03-19 14:22:26,669 : EventManager : Event: ======'slide_company_slide_active'====== Args={}
2025-03-19 14:22:29,888 : EventManager : Event: ======'game_started'====== Args={}
2025-03-19 14:22:29,900 : EventManager : Event: ======'slides_clear'====== Args={'context': 'show_2'}
2025-03-19 14:22:29,900 : EventManager : Event: ======'sounds_play'====== Args={'settings': {'main': {'action': 'stop', 'priority': None, 'block': False, 'delay': None, 'track': None, 'volume': None, 'ducking': {}, 'pan': None, 'loops': None, 'start_at': None, 'fade_in': None, 'fade_out': None, 'about_to_finish_time': -1.0, 'max_queue_time': -1.0, 'events_when_played': ['use_sound_setting'], 'events_when_stopped': ['use_sound_setting'], 'events_when_looping': ['use_sound_setting'], 'events_when_about_to_finish': ['use_sound_setting'], 'mode_end_action': 'use_sound_setting', 'key': 'use_sound_setting'}}, 'context': '_global', 'calling_context': 'mode_attract_stopped', 'priority': 0}
2025-03-19 14:22:29,900 : EventManager : Event: ======'player_added'====== Args={'player': <Player 1>, 'num': 1}
2025-03-19 14:22:29,900 : EventManager : Event: ======'player_index'====== Args={'value': 0, 'prev_value': 0, 'change': 0, 'player_num': 1}
2025-03-19 14:22:29,900 : EventManager : Event: ======'player_number'====== Args={'value': 1, 'prev_value': 1, 'change': 0, 'player_num': 1}
2025-03-19 14:22:29,900 : EventManager : Event: ======'player_score'====== Args={'value': 0, 'prev_value': 0, 'change': 0, 'player_num': 1}
2025-03-19 14:22:29,900 : EventManager : Event: ======'slide_ship_slide_removed'====== Args={}
2025-03-19 14:22:29,900 : EventManager : Event: ======'slide_starting_slide_removed'====== Args={}
2025-03-19 14:22:29,901 : EventManager : Event: ======'slide_company_slide_removed'====== Args={}
2025-03-19 14:22:29,902 : EventManager : Event: ======'slide_welcome_slide_active'====== Args={}
2025-03-19 14:22:29,925 : EventManager : Event: ======'player_ball'====== Args={'value': 1, 'prev_value': 0, 'change': 1, 'player_num': 1}
2025-03-19 14:22:29,926 : EventManager : Event: ======'player_turn_start'====== Args={'number': 1, 'player': <Player 1>}
2025-03-19 14:22:30,038 : EventManager : Event: ======'machine_var_audits_switches_s_plunger_lane'====== Args={'value': 136, 'prev_value': 135, 'change': 1}
2025-03-19 14:22:33,932 : EventManager : Event: ======'machine_var_audits_switches_s_launcher_button'====== Args={'value': 92, 'prev_value': 91, 'change': 1}
2025-03-19 14:22:33,933 : EventManager : Event: ======'player_added'====== Args={'player': <Player 2>, 'num': 2}
2025-03-19 14:22:33,933 : EventManager : Event: ======'player_index'====== Args={'value': 1, 'prev_value': 1, 'change': 0, 'player_num': 2}
2025-03-19 14:22:33,934 : EventManager : Event: ======'player_number'====== Args={'value': 2, 'prev_value': 2, 'change': 0, 'player_num': 2}
2025-03-19 14:22:33,934 : EventManager : Event: ======'player_score'====== Args={'value': 0, 'prev_value': 0, 'change': 0, 'player_num': 2}
2025-03-19 14:22:33,995 : EventManager : Event: ======'machine_var_audits_switches_s_playfield_entry'====== Args={'value': 201, 'prev_value': 200, 'change': 1}
2025-03-19 14:22:36,502 : EventManager : Event: ======'machine_var_audits_switches_s_left_flipper'====== Args={'value': 96, 'prev_value': 95, 'change': 1}
2025-03-19 14:22:36,868 : EventManager : Event: ======'machine_var_audits_switches_s_right_flipper'====== Args={'value': 89, 'prev_value': 88, 'change': 1}
2025-03-19 14:22:37,222 : EventManager : Event: ======'machine_var_audits_switches_s_left_flipper'====== Args={'value': 97, 'prev_value': 96, 'change': 1}
2025-03-19 14:22:37,407 : EventManager : Event: ======'machine_var_audits_switches_s_right_flipper'====== Args={'value': 90, 'prev_value': 89, 'change': 1}
2025-03-19 14:22:37,545 : EventManager : Event: ======'machine_var_audits_switches_s_left_flipper'====== Args={'value': 98, 'prev_value': 97, 'change': 1}
2025-03-19 14:22:37,708 : EventManager : Event: ======'machine_var_audits_switches_s_right_flipper'====== Args={'value': 91, 'prev_value': 90, 'change': 1}
2025-03-19 14:22:37,848 : EventManager : Event: ======'machine_var_audits_switches_s_left_flipper'====== Args={'value': 99, 'prev_value': 98, 'change': 1}
2025-03-19 14:22:37,998 : EventManager : Event: ======'machine_var_audits_switches_s_right_flipper'====== Args={'value': 92, 'prev_value': 91, 'change': 1}
2025-03-19 14:22:38,135 : EventManager : Event: ======'machine_var_audits_switches_s_left_flipper'====== Args={'value': 100, 'prev_value': 99, 'change': 1}
2025-03-19 14:22:38,282 : EventManager : Event: ======'machine_var_audits_switches_s_right_flipper'====== Args={'value': 93, 'prev_value': 92, 'change': 1}
2025-03-19 14:22:38,391 : EventManager : Event: ======'machine_var_audits_switches_s_left_flipper'====== Args={'value': 101, 'prev_value': 100, 'change': 1}
2025-03-19 14:22:38,541 : EventManager : Event: ======'machine_var_audits_switches_s_right_flipper'====== Args={'value': 94, 'prev_value': 93, 'change': 1}
2025-03-19 14:22:38,638 : EventManager : Event: ======'machine_var_audits_switches_s_left_flipper'====== Args={'value': 102, 'prev_value': 101, 'change': 1}
2025-03-19 14:22:38,801 : EventManager : Event: ======'machine_var_audits_switches_s_right_flipper'====== Args={'value': 95, 'prev_value': 94, 'change': 1}
2025-03-19 14:22:38,874 : EventManager : Event: ======'machine_var_audits_switches_s_left_flipper'====== Args={'value': 103, 'prev_value': 102, 'change': 1}
2025-03-19 14:22:40,616 : EventManager : Event: ======'machine_var_audits_switches_s_Target4'====== Args={'value': 50, 'prev_value': 49, 'change': 1}
2025-03-19 14:22:40,967 : EventManager : Event: ======'machine_var_audits_switches_s_Target3'====== Args={'value': 63, 'prev_value': 62, 'change': 1}
2025-03-19 14:22:41,244 : EventManager : Event: ======'machine_var_audits_switches_s_Target2'====== Args={'value': 58, 'prev_value': 57, 'change': 1}
2025-03-19 14:22:41,567 : EventManager : Event: ======'machine_var_audits_switches_s_Target1'====== Args={'value': 65, 'prev_value': 64, 'change': 1}
2025-03-19 14:22:42,077 : EventManager : Event: ======'machine_var_audits_switches_s_Target4'====== Args={'value': 51, 'prev_value': 50, 'change': 1}
2025-03-19 14:22:42,201 : EventManager : Event: ======'machine_var_audits_switches_s_Target3'====== Args={'value': 64, 'prev_value': 63, 'change': 1}
2025-03-19 14:22:42,359 : EventManager : Event: ======'machine_var_audits_switches_s_Target2'====== Args={'value': 59, 'prev_value': 58, 'change': 1}
2025-03-19 14:22:42,585 : EventManager : Event: ======'machine_var_audits_switches_s_Target1'====== Args={'value': 66, 'prev_value': 65, 'change': 1}
2025-03-19 14:22:44,135 : EventManager : Event: ======'machine_var_audits_switches_s_Lane4'====== Args={'value': 25, 'prev_value': 24, 'change': 1}
2025-03-19 14:22:44,355 : EventManager : Event: ======'machine_var_audits_switches_s_Lane3'====== Args={'value': 21, 'prev_value': 20, 'change': 1}
2025-03-19 14:22:44,576 : EventManager : Event: ======'machine_var_audits_switches_s_Lane2'====== Args={'value': 24, 'prev_value': 23, 'change': 1}
2025-03-19 14:22:44,824 : EventManager : Event: ======'machine_var_audits_switches_s_Lane1'====== Args={'value': 35, 'prev_value': 34, 'change': 1}
2025-03-19 14:22:46,813 : EventManager : Event: ======'machine_var_audits_switches_s_Lane4'====== Args={'value': 26, 'prev_value': 25, 'change': 1}
2025-03-19 14:22:47,000 : EventManager : Event: ======'machine_var_audits_switches_s_Lane3'====== Args={'value': 22, 'prev_value': 21, 'change': 1}
2025-03-19 14:22:47,264 : EventManager : Event: ======'machine_var_audits_switches_s_Lane2'====== Args={'value': 25, 'prev_value': 24, 'change': 1}
2025-03-19 14:22:47,483 : EventManager : Event: ======'machine_var_audits_switches_s_Lane1'====== Args={'value': 36, 'prev_value': 35, 'change': 1}
2025-03-19 14:22:53,280 : kivy : Base: Leaving application in progress...
2025-03-19 14:22:53,280 : mpfmc : Stopping...
2025-03-19 14:22:53,280 : EventManager : Event: ======'shutdown'====== Args={}
2025-03-19 14:22:53,280 : AudioInterface : Disabling audio playback
2025-03-19 14:22:53,435 : mpfmc : Loop rate 73.95 Hz
2025-03-19 14:22:53,437 : root : MC run loop ended.
2025-03-19 14:22:53,437 : root : Stopping child threads... (3 remaining)
2025-03-19 14:22:53,765 : mpfmc : Stopping...
2025-03-19 14:22:53,765 : EventManager : Event: ======'shutdown'====== Args={}
2025-03-19 14:22:53,767 : mpfmc : Loop rate 73.31 Hz
2025-03-19 14:22:53,770 : MPF-MC BCP Server : Stopping BCP sending thread
2025-03-19 14:22:53,841 : root : All child threads stopped.
