2025-03-06 22:28:10,138 : INFO : root : Loading config.
2025-03-06 22:28:10,143 : INFO : YamlMultifileConfigLoader : Machine config file #1: config.yaml
2025-03-06 22:28:10,144 : INFO : ConfigProcessor : Loading config from cache: C:\Users\duffb\AppData\Local\Temp\cadfdee4981114acd6fff59d1071b59b.mpf_cache
2025-03-06 22:28:10,260 : INFO : ConfigProcessor : Loading config from cache: C:\Users\duffb\AppData\Local\Temp\ee7db1e8d011f44c876692bb4657f2e9.mpf_cache
2025-03-06 22:28:10,261 : INFO : ConfigProcessor : Loading config from cache: C:\Users\duffb\AppData\Local\Temp\9f058d482eac17116727d62a93500be7.mpf_cache
2025-03-06 22:28:10,261 : INFO : ConfigProcessor : Loading config from cache: C:\Users\duffb\AppData\Local\Temp\9e006ea23aa21ec68e01f6c49afad9f4.mpf_cache
2025-03-06 22:28:10,263 : INFO : ConfigProcessor : Loading config from cache: C:\Users\duffb\AppData\Local\Temp\fd253b339e263587268891c4dd997fbd.mpf_cache
2025-03-06 22:28:10,274 : INFO : Machine : Mission Pinball Framework Core Engine v0.57.0
2025-03-06 22:28:10,274 : INFO : Machine : Command line arguments: {'no_load_cache': False, 'create_config_cache': True, 'bcp': True, 'configfile': ['config.yaml'], 'force_assets_load': False, 'platform_integration_test': False, 'jsonlogging': False, 'logfile': 'logs\\2025-03-06-22-28-10-mpf-T0SHIII.log', 'pause': False, 'production': False, 'text_ui': True, 'loglevel': 15, 'consoleloglevel': 20, 'force_platform': None, 'syslog_address': None, 'mc_file_name': None, 'no_sound': False}
2025-03-06 22:28:10,275 : INFO : Machine : MPF path: C:\Users\duffb\.pyenv\pyenv-win\versions\3.11.0\Lib\site-packages\mpf
2025-03-06 22:28:10,275 : INFO : Machine : Machine path: C:\Users\duffb\OneDrive\Documents\Python Envs\PinBallWW1\Machine
2025-03-06 22:28:10,275 : INFO : Machine : Platform: win32
2025-03-06 22:28:10,275 : INFO : Machine : Python executable location: C:\Users\duffb\.pyenv\pyenv-win\versions\3.11.0\python.exe
2025-03-06 22:28:10,275 : INFO : Machine : Python version: 3.11.0 (64-bit)
2025-03-06 22:28:10,276 : INFO : Machine : Initializing MPF...
2025-03-06 22:28:10,477 : INFO : EventManager : Event: ======'machine_var_credits_string'====== Args={'value': 'FREE PLAY', 'prev_value': None, 'change': True}
2025-03-06 22:28:10,525 : INFO : EventManager : Event: ======'machine_var_master_volume'====== Args={'value': 0.5, 'prev_value': None, 'change': True}
2025-03-06 22:28:10,525 : INFO : EventManager : Event: ======'machine_var_player1_score'====== Args={'value': 8000, 'prev_value': None, 'change': True}
2025-03-06 22:28:10,525 : INFO : EventManager : Event: ======'machine_var_player2_score'====== Args={'value': 1000, 'prev_value': None, 'change': True}
2025-03-06 22:28:10,525 : INFO : EventManager : Event: ======'machine_var_mpf_version'====== Args={'value': 'Mission Pinball Framework v0.57.0', 'prev_value': None, 'change': True}
2025-03-06 22:28:10,525 : INFO : EventManager : Event: ======'machine_var_mpf_extended_version'====== Args={'value': 'Mission Pinball Framework v0.57.0, Config version:6, Show version: 6, BCP version:1.1', 'prev_value': None, 'change': True}
2025-03-06 22:28:10,525 : INFO : EventManager : Event: ======'machine_var_python_version'====== Args={'value': '3.11.0', 'prev_value': None, 'change': True}
2025-03-06 22:28:10,537 : INFO : EventManager : Event: ======'machine_var_platform'====== Args={'value': 'Windows-10-10.0.26100-SP0', 'prev_value': None, 'change': True}
2025-03-06 22:28:10,537 : INFO : EventManager : Event: ======'machine_var_platform_system'====== Args={'value': 'Windows', 'prev_value': None, 'change': True}
2025-03-06 22:28:10,537 : INFO : EventManager : Event: ======'machine_var_platform_release'====== Args={'value': '10', 'prev_value': None, 'change': True}
2025-03-06 22:28:10,537 : INFO : EventManager : Event: ======'machine_var_platform_version'====== Args={'value': '10.0.26100', 'prev_value': None, 'change': True}
2025-03-06 22:28:10,537 : INFO : EventManager : Event: ======'machine_var_platform_machine'====== Args={'value': 'AMD64', 'prev_value': None, 'change': True}
2025-03-06 22:28:10,538 : INFO : EventManager : Event: ======'init_phase_1'====== Args={}
2025-03-06 22:28:10,548 : INFO : EventManager : Event: ======'init_phase_2'====== Args={}
2025-03-06 22:28:10,548 : INFO : SwitchController : Found active switch: ('3', <Platform.SmartVirtual>) <switch.s_trough1>
2025-03-06 22:28:10,548 : INFO : SwitchController : Found active switch: ('4', <Platform.SmartVirtual>) <switch.s_trough2>
2025-03-06 22:28:10,548 : INFO : SwitchController : Found active switch: ('5', <Platform.SmartVirtual>) <switch.s_trough3>
2025-03-06 22:28:10,550 : INFO : EventManager : Event: ======'bcp_connection_attempt'====== Args={'name': 'local_display', 'host': 'localhost', 'port': 5050}
2025-03-06 22:28:10,553 : INFO : BCPClientSocket : Connecting BCP to 'local_display' at localhost:5050...
2025-03-06 22:28:12,588 : INFO : BCPClientSocket : Connected BCP to 'local_display' localhost:5050
2025-03-06 22:28:12,590 : INFO : EventManager : Event: ======'bcp_clients_connected'====== Args={}
2025-03-06 22:28:12,732 : INFO : EventManager : Event: ======'machine_var_mc_version'====== Args={'value': 'MPF-MC v0.57.1', 'prev_value': None, 'change': True}
2025-03-06 22:28:12,733 : INFO : EventManager : Event: ======'machine_var_mc_extended_version'====== Args={'value': 'MPF-MC v0.57.1 (config_version=6, BCP v1.1,                      Requires MPF API compatibility v0.57.0 or newer)', 'prev_value': None, 'change': True}
2025-03-06 22:28:12,734 : INFO : ball_device.bd_trough : BCH: Initial count: 3
2025-03-06 22:28:12,755 : INFO : ball_device.bd_trough : State: idle
2025-03-06 22:28:12,755 : INFO : ball_device.bd_plunger_lane : BCH: Initial count: 0
2025-03-06 22:28:12,755 : INFO : ball_device.bd_plunger_lane : State: idle
2025-03-06 22:28:12,780 : INFO : EventManager : Event: ======'init_phase_3'====== Args={}
2025-03-06 22:28:12,784 : INFO : EventManager : Event: ======'init_phase_4'====== Args={}
2025-03-06 22:28:12,785 : INFO : BallController : Initial balls found: 3
2025-03-06 22:28:12,786 : INFO : EventManager : Event: ======'machine_var_audits_events_game_ended'====== Args={'value': 13, 'prev_value': None, 'change': True}
2025-03-06 22:28:12,786 : INFO : EventManager : Event: ======'machine_var_audits_events_game_started'====== Args={'value': 29, 'prev_value': None, 'change': True}
2025-03-06 22:28:12,786 : INFO : EventManager : Event: ======'machine_var_audits_missing_switches_s_drain'====== Args={'value': 6, 'prev_value': None, 'change': True}
2025-03-06 22:28:12,787 : INFO : EventManager : Event: ======'machine_var_audits_missing_switches_s_trough2'====== Args={'value': 15, 'prev_value': None, 'change': True}
2025-03-06 22:28:12,787 : INFO : EventManager : Event: ======'machine_var_audits_missing_switches_s_trough3'====== Args={'value': 22, 'prev_value': None, 'change': True}
2025-03-06 22:28:12,787 : INFO : EventManager : Event: ======'machine_var_audits_missing_switches_s_trough_enter'====== Args={'value': 29, 'prev_value': None, 'change': True}
2025-03-06 22:28:12,787 : INFO : EventManager : Event: ======'machine_var_audits_player_score'====== Args={'value': {'average': 124, 'top': [8000, 1000, 0, 0, 0, 0, 0, 0, 0, 0], 'total': 16}, 'prev_value': None, 'change': True}
2025-03-06 22:28:12,787 : INFO : EventManager : Event: ======'machine_var_audits_switches_s_drain'====== Args={'value': 0, 'prev_value': None, 'change': True}
2025-03-06 22:28:12,787 : INFO : EventManager : Event: ======'machine_var_audits_switches_s_launcher_button'====== Args={'value': 19, 'prev_value': None, 'change': True}
2025-03-06 22:28:12,788 : INFO : EventManager : Event: ======'machine_var_audits_switches_s_left_flipper'====== Args={'value': 16, 'prev_value': None, 'change': True}
2025-03-06 22:28:12,788 : INFO : EventManager : Event: ======'machine_var_audits_switches_s_playfield_entry'====== Args={'value': 154, 'prev_value': None, 'change': True}
2025-03-06 22:28:12,788 : INFO : EventManager : Event: ======'machine_var_audits_switches_s_plunger_lane'====== Args={'value': 77, 'prev_value': None, 'change': True}
2025-03-06 22:28:12,788 : INFO : EventManager : Event: ======'machine_var_audits_switches_s_pointTarget'====== Args={'value': 34, 'prev_value': None, 'change': True}
2025-03-06 22:28:12,788 : INFO : EventManager : Event: ======'machine_var_audits_switches_s_right_flipper'====== Args={'value': 13, 'prev_value': None, 'change': True}
2025-03-06 22:28:12,788 : INFO : EventManager : Event: ======'machine_var_audits_switches_s_trough1'====== Args={'value': 53, 'prev_value': None, 'change': True}
2025-03-06 22:28:12,788 : INFO : EventManager : Event: ======'machine_var_audits_switches_s_trough2'====== Args={'value': 6, 'prev_value': None, 'change': True}
2025-03-06 22:28:12,789 : INFO : EventManager : Event: ======'machine_var_audits_switches_s_trough3'====== Args={'value': 6, 'prev_value': None, 'change': True}
2025-03-06 22:28:12,789 : INFO : EventManager : Event: ======'machine_var_audits_switches_s_trough_enter'====== Args={'value': 0, 'prev_value': None, 'change': True}
2025-03-06 22:28:12,789 : INFO : EventManager : Event: ======'init_phase_5'====== Args={}
2025-03-06 22:28:12,805 : INFO : EventManager : Event: ======'init_done'====== Args={}
2025-03-06 22:28:12,806 : INFO : EventManager : Event: ======'machine_reset_phase_1'====== Args={}
2025-03-06 22:28:12,808 : INFO : EventManager : Event: ======'slide_welcome_slide_removed'====== Args={'_from_bcp': True}
2025-03-06 22:28:12,809 : INFO : EventManager : Event: ======'slide_welcome_slide_created'====== Args={'_from_bcp': True}
2025-03-06 22:28:12,809 : INFO : EventManager : Event: ======'slide_welcome_slide_active'====== Args={'_from_bcp': True}
2025-03-06 22:28:12,819 : INFO : EventManager : Event: ======'machine_reset_phase_2'====== Args={}
2025-03-06 22:28:12,820 : INFO : EventManager : Event: ======'machine_reset_phase_3'====== Args={}
2025-03-06 22:28:12,820 : INFO : EventManager : Event: ======'reset_complete'====== Args={}
2025-03-06 22:28:12,820 : INFO : EventManager : Event: ======'mode_attract_will_start'====== Args={}
2025-03-06 22:28:12,821 : INFO : EventManager : Event: ======'mode_attract_starting'====== Args={}
2025-03-06 22:28:12,821 : INFO : Mode.attract : Started. Priority: 10
2025-03-06 22:28:12,821 : INFO : EventManager : Event: ======'modes_active_modes_changed'====== Args={}
2025-03-06 22:28:12,821 : INFO : EventManager : Event: ======'mode_attract_started'====== Args={}
2025-03-06 22:28:12,821 : INFO : EventManager : Event: ======'collecting_balls_complete'====== Args={}
2025-03-06 22:28:12,842 : INFO : EventManager : Event: ======'slide_ship_slide_created'====== Args={'_from_bcp': True}
2025-03-06 22:28:12,842 : INFO : EventManager : Event: ======'slide_ship_slide_active'====== Args={'_from_bcp': True}
2025-03-06 22:28:12,842 : INFO : Machine : Starting the main run loop.
2025-03-06 22:28:15,855 : INFO : EventManager : Event: ======'slide_start_slide_created'====== Args={'_from_bcp': True}
2025-03-06 22:28:15,855 : INFO : EventManager : Event: ======'slide_start_slide_active'====== Args={'_from_bcp': True}
2025-03-06 22:28:18,867 : INFO : EventManager : Event: ======'slide_company_slide_created'====== Args={'_from_bcp': True}
2025-03-06 22:28:18,871 : INFO : EventManager : Event: ======'slide_company_slide_active'====== Args={'_from_bcp': True}
2025-03-06 22:28:21,856 : INFO : EventManager : Event: ======'slide_lastgame_slide_created'====== Args={'_from_bcp': True}
2025-03-06 22:28:21,864 : INFO : EventManager : Event: ======'slide_lastgame_slide_active'====== Args={'_from_bcp': True}
2025-03-06 22:28:24,859 : INFO : EventManager : Event: ======'slide_ship_slide_removed'====== Args={'_from_bcp': True}
2025-03-06 22:28:24,863 : INFO : EventManager : Event: ======'slide_ship_slide_created'====== Args={'_from_bcp': True}
2025-03-06 22:28:24,868 : INFO : EventManager : Event: ======'slide_ship_slide_active'====== Args={'_from_bcp': True}
2025-03-06 22:28:27,843 : INFO : EventManager : Event: ======'slide_start_slide_removed'====== Args={'_from_bcp': True}
2025-03-06 22:28:27,853 : INFO : EventManager : Event: ======'slide_start_slide_created'====== Args={'_from_bcp': True}
2025-03-06 22:28:27,854 : INFO : EventManager : Event: ======'slide_start_slide_active'====== Args={'_from_bcp': True}
2025-03-06 22:28:30,849 : INFO : EventManager : Event: ======'slide_company_slide_removed'====== Args={'_from_bcp': True}
2025-03-06 22:28:30,852 : INFO : EventManager : Event: ======'slide_company_slide_created'====== Args={'_from_bcp': True}
2025-03-06 22:28:30,855 : INFO : EventManager : Event: ======'slide_company_slide_active'====== Args={'_from_bcp': True}
2025-03-06 22:28:33,837 : INFO : EventManager : Event: ======'slide_lastgame_slide_removed'====== Args={'_from_bcp': True}
2025-03-06 22:28:33,839 : INFO : EventManager : Event: ======'slide_lastgame_slide_created'====== Args={'_from_bcp': True}
2025-03-06 22:28:33,840 : INFO : EventManager : Event: ======'slide_lastgame_slide_active'====== Args={'_from_bcp': True}
2025-03-06 22:28:36,446 : INFO : SwitchController : <<<<<<< 's_launcher_button' active >>>>>>>
2025-03-06 22:28:36,560 : INFO : SwitchController : <<<<<<< 's_launcher_button' inactive >>>>>>>
2025-03-06 22:28:36,560 : INFO : EventManager : Event: ======'request_to_start_game'====== Args={}
2025-03-06 22:28:36,561 : INFO : EventManager : Event: ======'game_start'====== Args={'buttons': [], 'hold_time': 0.125}
2025-03-06 22:28:36,561 : INFO : EventManager : Event: ======'mode_game_will_start'====== Args={'buttons': [], 'hold_time': 0.125}
2025-03-06 22:28:36,564 : INFO : EventManager : Event: ======'mode_game_starting'====== Args={'buttons': [], 'hold_time': 0.125}
2025-03-06 22:28:36,565 : INFO : EventManager : Event: ======'mode_attract_will_stop'====== Args={}
2025-03-06 22:28:36,565 : INFO : EventManager : Event: ======'mode_attract_stopping'====== Args={}
2025-03-06 22:28:36,565 : INFO : Mode.attract : Stopped.
2025-03-06 22:28:36,565 : INFO : EventManager : Event: ======'modes_active_modes_changed'====== Args={}
2025-03-06 22:28:36,566 : INFO : EventManager : Event: ======'mode_attract_stopped'====== Args={}
2025-03-06 22:28:36,566 : INFO : EventManager : Event: ======'clear'====== Args={'key': 'attract'}
2025-03-06 22:28:36,567 : INFO : Mode.game : Started. Priority: 20
2025-03-06 22:28:36,567 : INFO : EventManager : Event: ======'modes_active_modes_changed'====== Args={}
2025-03-06 22:28:36,567 : INFO : EventManager : Event: ======'mode_game_started'====== Args={'buttons': [], 'hold_time': 0.125}
2025-03-06 22:28:36,594 : INFO : EventManager : Event: ======'game_will_start'====== Args={}
2025-03-06 22:28:36,595 : INFO : EventManager : Event: ======'game_starting'====== Args={'game': <Mode.game>}
2025-03-06 22:28:36,597 : INFO : EventManager : Unordered handler for class <Auditor> on event game_ended with priority 1. Handlers: [RegisteredHandler(callback=<bound method Auditor.disable of <Auditor>>, priority=1, kwargs={}, key=UUID('0fc6a650-4783-4493-95d4-9ba600a5b0d0'), condition=None, blocking_facility=None), RegisteredHandler(callback=<bound method Auditor._save_audits of <Auditor>>, priority=1, kwargs={}, key=UUID('64e184be-06d9-4664-a75b-dd5f38c35aa1'), condition=None, blocking_facility=None)]. The order of those handlers is not defined and they will be executed in random order. This might lead to race conditions and potential bugs.
2025-03-06 22:28:36,597 : INFO : EventManager : Event: ======'player_add_request'====== Args={}
2025-03-06 22:28:36,597 : INFO : EventManager : Event: ======'player_will_add'====== Args={'number': 1}
2025-03-06 22:28:36,598 : INFO : EventManager : Event: ======'player_adding'====== Args={'player': <Player 1>, 'number': 1}
2025-03-06 22:28:36,598 : INFO : EventManager : Event: ======'player_added'====== Args={'player': <Player 1>, 'num': 1}
2025-03-06 22:28:36,598 : INFO : Mode.game : Player added successfully. Total players: 1
2025-03-06 22:28:36,599 : INFO : EventManager : Event: ======'player_index'====== Args={'value': 0, 'prev_value': 0, 'change': 0, 'player_num': 1}
2025-03-06 22:28:36,599 : INFO : EventManager : Event: ======'player_number'====== Args={'value': 1, 'prev_value': 1, 'change': 0, 'player_num': 1}
2025-03-06 22:28:36,599 : INFO : EventManager : Event: ======'player_score'====== Args={'value': 0, 'prev_value': 0, 'change': 0, 'player_num': 1}
2025-03-06 22:28:36,600 : INFO : EventManager : Event: ======'game_started'====== Args={}
2025-03-06 22:28:36,623 : INFO : EventManager : Event: ======'player_turn_will_start'====== Args={'player': <Player 1>, 'number': 1}
2025-03-06 22:28:36,623 : INFO : EventManager : Event: ======'slide_ship_slide_removed'====== Args={'_from_bcp': True}
2025-03-06 22:28:36,623 : INFO : EventManager : Event: ======'slide_start_slide_removed'====== Args={'_from_bcp': True}
2025-03-06 22:28:36,624 : INFO : EventManager : Event: ======'slide_company_slide_removed'====== Args={'_from_bcp': True}
2025-03-06 22:28:36,624 : INFO : EventManager : Event: ======'slide_lastgame_slide_removed'====== Args={'_from_bcp': True}
2025-03-06 22:28:36,624 : INFO : EventManager : Event: ======'slide_welcome_slide_active'====== Args={'_from_bcp': True}
2025-03-06 22:28:36,624 : INFO : EventManager : Event: ======'player_turn_starting'====== Args={'player': <Player 1>, 'number': 1}
2025-03-06 22:28:36,624 : INFO : EventManager : Event: ======'player_ball'====== Args={'value': 1, 'prev_value': 0, 'change': 1, 'player_num': 1}
2025-03-06 22:28:36,628 : INFO : EventManager : Event: ======'player_turn_started'====== Args={'player': <Player 1>, 'number': 1}
2025-03-06 22:28:36,629 : INFO : EventManager : Event: ======'ball_will_start'====== Args={'player': 1, 'ball': 1, 'balls_remaining': 2, 'is_extra_ball': False}
2025-03-06 22:28:36,633 : INFO : EventManager : Event: ======'ball_starting'====== Args={'player': 1, 'ball': 1, 'balls_remaining': 2, 'is_extra_ball': False}
2025-03-06 22:28:36,634 : INFO : EventManager : Event: ======'balls_in_play'====== Args={'balls': 1}
2025-03-06 22:28:36,634 : INFO : EventManager : Event: ======'ball_started'====== Args={'player': 1, 'ball': 1, 'balls_remaining': 2, 'is_extra_ball': False}
2025-03-06 22:28:36,634 : INFO : EventManager : Event: ======'mode_base_will_start'====== Args={'player': 1, 'ball': 1, 'balls_remaining': 2, 'is_extra_ball': False}
2025-03-06 22:28:36,635 : INFO : EventManager : Event: ======'mode_base_starting'====== Args={'player': 1, 'ball': 1, 'balls_remaining': 2, 'is_extra_ball': False}
2025-03-06 22:28:36,635 : INFO : Mode.base : Started. Priority: 100
2025-03-06 22:28:36,635 : INFO : EventManager : Event: ======'modes_active_modes_changed'====== Args={}
2025-03-06 22:28:36,635 : INFO : EventManager : Event: ======'mode_base_started'====== Args={'player': 1, 'ball': 1, 'balls_remaining': 2, 'is_extra_ball': False}
2025-03-06 22:28:36,636 : INFO : EventManager : Event: ======'single_player_ball_started'====== Args={}
2025-03-06 22:28:36,663 : INFO : EventManager : Event: ======'ball_start_target'====== Args={'target': 'playfield'}
2025-03-06 22:28:36,664 : INFO : EventManager : Event: ======'slide_base.slide_player-mode_base_started_created'====== Args={'_from_bcp': True}
2025-03-06 22:28:36,664 : INFO : EventManager : Event: ======'slide_base.slide_player-mode_base_started_active'====== Args={'_from_bcp': True}
2025-03-06 22:28:36,664 : INFO : ball_device.bd_plunger_lane : Setting up player-controlled eject. Balls: 1, Target: <playfield.playfield>, player_controlled_eject_event: s_launcher_button_active
2025-03-06 22:28:36,664 : INFO : EventManager : Event: ======'balldevice_balls_available'====== Args={}
2025-03-06 22:28:36,664 : INFO : ball_device.bd_trough : State: waiting_for_target_ready
2025-03-06 22:28:36,665 : INFO : EventManager : Event: ======'balldevice_bd_trough_ball_eject_attempt'====== Args={'balls': 1, 'target': <ball_device.bd_plunger_lane>, 'source': <ball_device.bd_trough>, 'mechanical_eject': True, 'num_attempts': 0}
2025-03-06 22:28:36,665 : INFO : ball_device.bd_plunger_lane : State: waiting_for_ball
2025-03-06 22:28:36,665 : INFO : ball_device.bd_trough : State: ejecting
2025-03-06 22:28:36,665 : INFO : ball_device.bd_trough : Ejecting ball to <ball_device.bd_plunger_lane>
2025-03-06 22:28:36,665 : INFO : EventManager : Event: ======'balldevice_bd_trough_ejecting_ball'====== Args={'balls': 1, 'target': <ball_device.bd_plunger_lane>, 'source': <ball_device.bd_trough>, 'mechanical_eject': True, 'num_attempts': 0}
2025-03-06 22:28:36,665 : INFO : ball_device.bd_trough : Wait for ball to leave device
2025-03-06 22:28:36,665 : INFO : coil.c_trough_release : Pulsing Driver for 20ms (1.0 pulse_power)
2025-03-06 22:28:36,665 : INFO : SwitchController : <<<<<<< 's_trough1' inactive >>>>>>>
2025-03-06 22:28:36,669 : INFO : ball_device.bd_trough : State: ball_left
2025-03-06 22:28:36,669 : INFO : ball_device.bd_trough : Ball left
2025-03-06 22:28:36,669 : INFO : ball_device.bd_trough : Wait for confirm with timeout 3.0
2025-03-06 22:28:36,778 : INFO : SwitchController : <<<<<<< 's_plunger_lane' active >>>>>>>
2025-03-06 22:28:36,778 : INFO : EventManager : Event: ======'machine_var_audits_switches_s_plunger_lane'====== Args={'value': 78, 'prev_value': 77, 'change': 1}
2025-03-06 22:28:37,281 : INFO : ball_device.bd_plunger_lane : Received ball from <ball_device.bd_trough>
2025-03-06 22:28:37,281 : INFO : EventManager : Event: ======'balldevice_bd_plunger_lane_ball_enter'====== Args={'new_balls': 1, 'unclaimed_balls': 0, 'new_available_balls': 0, 'device': <ball_device.bd_plunger_lane>}
2025-03-06 22:28:37,282 : INFO : EventManager : Event: ======'balldevice_bd_plunger_lane_ball_entered'====== Args={'new_balls': 0, 'device': <ball_device.bd_plunger_lane>}
2025-03-06 22:28:37,282 : INFO : EventManager : Event: ======'balldevice_bd_plunger_lane_ball_count_changed'====== Args={'balls': 1}
2025-03-06 22:28:37,282 : INFO : ball_device.bd_trough : Got eject confirm
2025-03-06 22:28:37,283 : INFO : ball_device.bd_trough : Eject successful
2025-03-06 22:28:37,283 : INFO : EventManager : Event: ======'balldevice_bd_trough_ball_eject_success'====== Args={'balls': 1, 'target': <ball_device.bd_plunger_lane>}
2025-03-06 22:28:37,283 : INFO : ball_device.bd_plunger_lane : State: waiting_for_target_ready
2025-03-06 22:28:37,284 : INFO : EventManager : Event: ======'balldevice_bd_plunger_lane_ball_eject_attempt'====== Args={'balls': 1, 'target': <playfield.playfield>, 'source': <ball_device.bd_plunger_lane>, 'mechanical_eject': True, 'num_attempts': 0}
2025-03-06 22:28:37,284 : INFO : EventManager : Event: ======'balldevice_bd_trough_ball_count_changed'====== Args={'balls': 2}
2025-03-06 22:28:37,284 : INFO : ball_device.bd_trough : State: idle
2025-03-06 22:28:37,285 : INFO : ball_device.bd_plunger_lane : State: ejecting
2025-03-06 22:28:37,285 : INFO : ball_device.bd_plunger_lane : Ejecting ball to <playfield.playfield>
2025-03-06 22:28:37,286 : INFO : EventManager : Event: ======'balldevice_bd_plunger_lane_ejecting_ball'====== Args={'balls': 1, 'target': <playfield.playfield>, 'source': <ball_device.bd_plunger_lane>, 'mechanical_eject': True, 'num_attempts': 0}
2025-03-06 22:28:37,287 : INFO : ball_device.bd_plunger_lane : Wait for ball to leave device
2025-03-06 22:28:39,428 : INFO : SwitchController : <<<<<<< 's_launcher_button' active >>>>>>>
2025-03-06 22:28:39,429 : INFO : EventManager : Event: ======'s_launcher_button_active'====== Args={}
2025-03-06 22:28:39,429 : INFO : EventManager : Event: ======'sw_start'====== Args={}
2025-03-06 22:28:39,429 : INFO : EventManager : Event: ======'machine_var_audits_switches_s_launcher_button'====== Args={'value': 20, 'prev_value': 19, 'change': 1}
2025-03-06 22:28:39,432 : INFO : EventManager : Event: ======'player_add_request'====== Args={}
2025-03-06 22:28:39,434 : INFO : EventManager : Event: ======'player_will_add'====== Args={'number': 2}
2025-03-06 22:28:39,435 : INFO : EventManager : Event: ======'player_adding'====== Args={'player': <Player 2>, 'number': 2}
2025-03-06 22:28:39,435 : INFO : EventManager : Event: ======'player_added'====== Args={'player': <Player 2>, 'num': 2}
2025-03-06 22:28:39,435 : INFO : Mode.game : Player added successfully. Total players: 2
2025-03-06 22:28:39,436 : INFO : EventManager : Event: ======'multiplayer_game'====== Args={}
2025-03-06 22:28:39,436 : INFO : EventManager : Event: ======'player_index'====== Args={'value': 1, 'prev_value': 1, 'change': 0, 'player_num': 2}
2025-03-06 22:28:39,436 : INFO : EventManager : Event: ======'player_number'====== Args={'value': 2, 'prev_value': 2, 'change': 0, 'player_num': 2}
2025-03-06 22:28:39,437 : INFO : EventManager : Event: ======'player_score'====== Args={'value': 0, 'prev_value': 0, 'change': 0, 'player_num': 2}
2025-03-06 22:28:39,472 : INFO : coil.c_autolauncher : Pulsing Driver for 20ms (1.0 pulse_power)
2025-03-06 22:28:39,474 : INFO : SwitchController : <<<<<<< 's_plunger_lane' inactive >>>>>>>
2025-03-06 22:28:39,494 : INFO : ball_device.bd_plunger_lane : State: ball_left
2025-03-06 22:28:39,495 : INFO : ball_device.bd_plunger_lane : Ball left
2025-03-06 22:28:39,495 : INFO : ball_device.bd_plunger_lane : Wait for confirm with timeout 3.0
2025-03-06 22:28:39,522 : INFO : SwitchController : <<<<<<< 's_playfield_entry' active >>>>>>>
2025-03-06 22:28:39,523 : INFO : EventManager : Event: ======'sw_playfield_active'====== Args={}
2025-03-06 22:28:39,523 : INFO : EventManager : Event: ======'machine_var_audits_switches_s_playfield_entry'====== Args={'value': 155, 'prev_value': 154, 'change': 1}
2025-03-06 22:28:39,527 : INFO : EventManager : Event: ======'playfield_active'====== Args={}
2025-03-06 22:28:39,544 : INFO : SwitchController : <<<<<<< 's_playfield_entry' inactive >>>>>>>
2025-03-06 22:28:39,567 : INFO : ball_device.bd_plunger_lane : Got eject confirm
2025-03-06 22:28:39,567 : INFO : ball_device.bd_plunger_lane : Eject successful
2025-03-06 22:28:39,567 : INFO : EventManager : Event: ======'balldevice_bd_plunger_lane_ball_eject_success'====== Args={'balls': 1, 'target': <playfield.playfield>}
2025-03-06 22:28:39,567 : INFO : SwitchController : <<<<<<< 's_launcher_button' inactive >>>>>>>
2025-03-06 22:28:39,567 : INFO : EventManager : Event: ======'balldevice_playfield_ball_enter'====== Args={'new_balls': 1, 'unclaimed_balls': 1, 'device': <playfield.playfield>}
2025-03-06 22:28:39,567 : INFO : EventManager : Event: ======'playfield_ball_count_change'====== Args={'balls': 1, 'change': 1}
2025-03-06 22:28:39,578 : INFO : EventManager : Event: ======'balldevice_bd_plunger_lane_ball_count_changed'====== Args={'balls': 0}
2025-03-06 22:28:39,975 : INFO : ball_device.bd_plunger_lane : State: idle
2025-03-06 22:28:44,431 : INFO : SwitchController : <<<<<<< 's_trough1' active >>>>>>>
2025-03-06 22:28:44,432 : INFO : EventManager : Event: ======'machine_var_audits_switches_s_trough1'====== Args={'value': 54, 'prev_value': 53, 'change': 1}
2025-03-06 22:28:44,736 : INFO : EventManager : Event: ======'balldevice_bd_trough_ball_count_changed'====== Args={'balls': 3}
2025-03-06 22:28:44,737 : INFO : ball_device.bd_trough : Received unexpected ball
2025-03-06 22:28:44,737 : INFO : EventManager : Event: ======'balldevice_captured_from_playfield'====== Args={'balls': 1}
2025-03-06 22:28:44,738 : INFO : EventManager : Event: ======'sw_playfield_active'====== Args={'balls': 1}
2025-03-06 22:28:44,738 : INFO : EventManager : Event: ======'playfield_ball_count_change'====== Args={'balls': 0, 'change': -1}
2025-03-06 22:28:44,739 : INFO : EventManager : Event: ======'balldevice_bd_trough_ball_enter'====== Args={'new_balls': 1, 'unclaimed_balls': 1, 'new_available_balls': 1, 'device': <ball_device.bd_trough>}
2025-03-06 22:28:44,739 : INFO : EventManager : Event: ======'ball_drain'====== Args={'device': <ball_device.bd_trough>, 'balls': 1}
2025-03-06 22:28:44,739 : INFO : EventManager : Event: ======'ball_will_end'====== Args={}
2025-03-06 22:28:44,740 : INFO : EventManager : Event: ======'balldevice_balls_available'====== Args={}
2025-03-06 22:28:44,740 : INFO : EventManager : Event: ======'balldevice_bd_trough_ball_entered'====== Args={'new_balls': 1, 'device': <ball_device.bd_trough>}
2025-03-06 22:28:44,742 : INFO : EventManager : Event: ======'ball_ending'====== Args={}
2025-03-06 22:28:44,742 : INFO : EventManager : Event: ======'mode_base_will_stop'====== Args={}
2025-03-06 22:28:44,744 : INFO : EventManager : Event: ======'mode_base_stopping'====== Args={}
2025-03-06 22:28:44,744 : INFO : Mode.base : Stopped.
2025-03-06 22:28:44,745 : INFO : EventManager : Event: ======'modes_active_modes_changed'====== Args={}
2025-03-06 22:28:44,747 : INFO : EventManager : Event: ======'mode_base_stopped'====== Args={}
2025-03-06 22:28:44,747 : INFO : EventManager : Event: ======'clear'====== Args={'key': 'base'}
2025-03-06 22:28:44,836 : INFO : EventManager : Event: ======'ball_ended'====== Args={}
2025-03-06 22:28:44,837 : INFO : EventManager : Event: ======'slide_base.slide_player-mode_base_started_removed'====== Args={'_from_bcp': True}
2025-03-06 22:28:44,837 : INFO : EventManager : Event: ======'slide_welcome_slide_active'====== Args={'_from_bcp': True}
2025-03-06 22:28:44,838 : INFO : EventManager : Event: ======'player_turn_will_end'====== Args={'player': <Player 1>, 'number': 1}
2025-03-06 22:28:44,850 : INFO : EventManager : Event: ======'player_turn_ending'====== Args={'player': <Player 1>, 'number': 1}
2025-03-06 22:28:44,851 : INFO : EventManager : Event: ======'player_turn_ended'====== Args={'player': <Player 1>, 'number': 1}
2025-03-06 22:28:44,852 : INFO : EventManager : Event: ======'player_turn_will_start'====== Args={'player': <Player 2>, 'number': 2}
2025-03-06 22:28:44,852 : INFO : EventManager : Event: ======'player_turn_starting'====== Args={'player': <Player 2>, 'number': 2}
2025-03-06 22:28:44,854 : INFO : EventManager : Event: ======'player_ball'====== Args={'value': 1, 'prev_value': 0, 'change': 1, 'player_num': 2}
2025-03-06 22:28:44,856 : INFO : EventManager : Event: ======'player_turn_started'====== Args={'player': <Player 2>, 'number': 2}
2025-03-06 22:28:44,861 : INFO : EventManager : Event: ======'ball_will_start'====== Args={'player': 2, 'ball': 1, 'balls_remaining': 2, 'is_extra_ball': False}
2025-03-06 22:28:44,884 : INFO : EventManager : Event: ======'ball_starting'====== Args={'player': 2, 'ball': 1, 'balls_remaining': 2, 'is_extra_ball': False}
2025-03-06 22:28:44,886 : INFO : EventManager : Event: ======'balls_in_play'====== Args={'balls': 1}
2025-03-06 22:28:44,887 : INFO : EventManager : Event: ======'ball_started'====== Args={'player': 2, 'ball': 1, 'balls_remaining': 2, 'is_extra_ball': False}
2025-03-06 22:28:44,887 : INFO : EventManager : Event: ======'mode_base_will_start'====== Args={'player': 2, 'ball': 1, 'balls_remaining': 2, 'is_extra_ball': False}
2025-03-06 22:28:44,890 : INFO : EventManager : Event: ======'mode_base_starting'====== Args={'player': 2, 'ball': 1, 'balls_remaining': 2, 'is_extra_ball': False}
2025-03-06 22:28:44,892 : INFO : Mode.base : Started. Priority: 100
2025-03-06 22:28:44,893 : INFO : EventManager : Event: ======'modes_active_modes_changed'====== Args={}
2025-03-06 22:28:44,893 : INFO : EventManager : Event: ======'mode_base_started'====== Args={'player': 2, 'ball': 1, 'balls_remaining': 2, 'is_extra_ball': False}
2025-03-06 22:28:44,895 : INFO : EventManager : Event: ======'multi_player_ball_started'====== Args={}
2025-03-06 22:28:44,973 : INFO : EventManager : Event: ======'player_2_ball_started'====== Args={}
2025-03-06 22:28:44,974 : INFO : EventManager : Event: ======'slide_base.slide_player-mode_base_started_created'====== Args={'_from_bcp': True}
2025-03-06 22:28:44,974 : INFO : EventManager : Event: ======'slide_base.slide_player-mode_base_started_active'====== Args={'_from_bcp': True}
2025-03-06 22:28:44,974 : INFO : EventManager : Event: ======'ball_start_target'====== Args={'target': 'playfield'}
2025-03-06 22:28:44,975 : INFO : ball_device.bd_plunger_lane : Setting up player-controlled eject. Balls: 1, Target: <playfield.playfield>, player_controlled_eject_event: s_launcher_button_active
2025-03-06 22:28:44,975 : INFO : EventManager : Event: ======'balldevice_balls_available'====== Args={}
2025-03-06 22:28:44,975 : INFO : ball_device.bd_trough : State: waiting_for_target_ready
2025-03-06 22:28:44,975 : INFO : EventManager : Event: ======'balldevice_bd_trough_ball_eject_attempt'====== Args={'balls': 1, 'target': <ball_device.bd_plunger_lane>, 'source': <ball_device.bd_trough>, 'mechanical_eject': True, 'num_attempts': 0}
2025-03-06 22:28:44,976 : INFO : ball_device.bd_plunger_lane : State: waiting_for_ball
2025-03-06 22:28:44,976 : INFO : ball_device.bd_trough : State: ejecting
2025-03-06 22:28:44,976 : INFO : ball_device.bd_trough : Ejecting ball to <ball_device.bd_plunger_lane>
2025-03-06 22:28:44,976 : INFO : EventManager : Event: ======'balldevice_bd_trough_ejecting_ball'====== Args={'balls': 1, 'target': <ball_device.bd_plunger_lane>, 'source': <ball_device.bd_trough>, 'mechanical_eject': True, 'num_attempts': 0}
2025-03-06 22:28:44,977 : INFO : ball_device.bd_trough : Wait for ball to leave device
2025-03-06 22:28:44,977 : INFO : coil.c_trough_release : Pulsing Driver for 20ms (1.0 pulse_power)
2025-03-06 22:28:44,977 : INFO : SwitchController : <<<<<<< 's_trough1' inactive >>>>>>>
2025-03-06 22:28:44,982 : INFO : ball_device.bd_trough : State: ball_left
2025-03-06 22:28:44,983 : INFO : ball_device.bd_trough : Ball left
2025-03-06 22:28:44,983 : INFO : ball_device.bd_trough : Wait for confirm with timeout 3.0
2025-03-06 22:28:45,093 : INFO : SwitchController : <<<<<<< 's_plunger_lane' active >>>>>>>
2025-03-06 22:28:45,094 : INFO : EventManager : Event: ======'machine_var_audits_switches_s_plunger_lane'====== Args={'value': 79, 'prev_value': 78, 'change': 1}
2025-03-06 22:28:45,610 : INFO : ball_device.bd_plunger_lane : Received ball from <ball_device.bd_trough>
2025-03-06 22:28:45,611 : INFO : EventManager : Event: ======'balldevice_bd_plunger_lane_ball_enter'====== Args={'new_balls': 1, 'unclaimed_balls': 0, 'new_available_balls': 0, 'device': <ball_device.bd_plunger_lane>}
2025-03-06 22:28:45,612 : INFO : EventManager : Event: ======'balldevice_bd_plunger_lane_ball_entered'====== Args={'new_balls': 0, 'device': <ball_device.bd_plunger_lane>}
2025-03-06 22:28:45,612 : INFO : EventManager : Event: ======'balldevice_bd_plunger_lane_ball_count_changed'====== Args={'balls': 1}
2025-03-06 22:28:45,613 : INFO : ball_device.bd_trough : Got eject confirm
2025-03-06 22:28:45,613 : INFO : ball_device.bd_trough : Eject successful
2025-03-06 22:28:45,613 : INFO : EventManager : Event: ======'balldevice_bd_trough_ball_eject_success'====== Args={'balls': 1, 'target': <ball_device.bd_plunger_lane>}
2025-03-06 22:28:45,613 : INFO : ball_device.bd_plunger_lane : State: waiting_for_target_ready
2025-03-06 22:28:45,614 : INFO : EventManager : Event: ======'balldevice_bd_plunger_lane_ball_eject_attempt'====== Args={'balls': 1, 'target': <playfield.playfield>, 'source': <ball_device.bd_plunger_lane>, 'mechanical_eject': True, 'num_attempts': 0}
2025-03-06 22:28:45,614 : INFO : EventManager : Event: ======'balldevice_bd_trough_ball_count_changed'====== Args={'balls': 2}
2025-03-06 22:28:45,614 : INFO : ball_device.bd_trough : State: idle
2025-03-06 22:28:45,615 : INFO : ball_device.bd_plunger_lane : State: ejecting
2025-03-06 22:28:45,616 : INFO : ball_device.bd_plunger_lane : Ejecting ball to <playfield.playfield>
2025-03-06 22:28:45,616 : INFO : EventManager : Event: ======'balldevice_bd_plunger_lane_ejecting_ball'====== Args={'balls': 1, 'target': <playfield.playfield>, 'source': <ball_device.bd_plunger_lane>, 'mechanical_eject': True, 'num_attempts': 0}
2025-03-06 22:28:45,617 : INFO : ball_device.bd_plunger_lane : Wait for ball to leave device
2025-03-06 22:28:46,532 : INFO : SwitchController : <<<<<<< 's_launcher_button' active >>>>>>>
2025-03-06 22:28:46,533 : INFO : EventManager : Event: ======'s_launcher_button_active'====== Args={}
2025-03-06 22:28:46,533 : INFO : EventManager : Event: ======'sw_start'====== Args={}
2025-03-06 22:28:46,533 : INFO : EventManager : Event: ======'machine_var_audits_switches_s_launcher_button'====== Args={'value': 21, 'prev_value': 20, 'change': 1}
2025-03-06 22:28:46,537 : INFO : EventManager : Event: ======'player_add_request'====== Args={}
2025-03-06 22:28:46,537 : INFO : EventManager : Event: ======'player_will_add'====== Args={'number': 3}
2025-03-06 22:28:46,537 : INFO : EventManager : Event: ======'player_adding'====== Args={'player': <Player 3>, 'number': 3}
2025-03-06 22:28:46,537 : INFO : EventManager : Event: ======'player_added'====== Args={'player': <Player 3>, 'num': 3}
2025-03-06 22:28:46,539 : INFO : Mode.game : Player added successfully. Total players: 3
2025-03-06 22:28:46,539 : INFO : EventManager : Event: ======'player_index'====== Args={'value': 2, 'prev_value': 2, 'change': 0, 'player_num': 3}
2025-03-06 22:28:46,539 : INFO : EventManager : Event: ======'player_number'====== Args={'value': 3, 'prev_value': 3, 'change': 0, 'player_num': 3}
2025-03-06 22:28:46,540 : INFO : EventManager : Event: ======'player_score'====== Args={'value': 0, 'prev_value': 0, 'change': 0, 'player_num': 3}
2025-03-06 22:28:46,564 : INFO : coil.c_autolauncher : Pulsing Driver for 20ms (1.0 pulse_power)
2025-03-06 22:28:46,564 : INFO : SwitchController : <<<<<<< 's_plunger_lane' inactive >>>>>>>
2025-03-06 22:28:46,572 : INFO : ball_device.bd_plunger_lane : State: ball_left
2025-03-06 22:28:46,572 : INFO : ball_device.bd_plunger_lane : Ball left
2025-03-06 22:28:46,572 : INFO : ball_device.bd_plunger_lane : Wait for confirm with timeout 3.0
2025-03-06 22:28:46,619 : INFO : SwitchController : <<<<<<< 's_playfield_entry' active >>>>>>>
2025-03-06 22:28:46,620 : INFO : EventManager : Event: ======'sw_playfield_active'====== Args={}
2025-03-06 22:28:46,621 : INFO : EventManager : Event: ======'machine_var_audits_switches_s_playfield_entry'====== Args={'value': 156, 'prev_value': 155, 'change': 1}
2025-03-06 22:28:46,622 : INFO : EventManager : Event: ======'playfield_active'====== Args={}
2025-03-06 22:28:46,623 : INFO : SwitchController : <<<<<<< 's_launcher_button' inactive >>>>>>>
2025-03-06 22:28:46,659 : INFO : SwitchController : <<<<<<< 's_playfield_entry' inactive >>>>>>>
2025-03-06 22:28:46,668 : INFO : ball_device.bd_plunger_lane : Got eject confirm
2025-03-06 22:28:46,668 : INFO : ball_device.bd_plunger_lane : Eject successful
2025-03-06 22:28:46,668 : INFO : EventManager : Event: ======'balldevice_bd_plunger_lane_ball_eject_success'====== Args={'balls': 1, 'target': <playfield.playfield>}
2025-03-06 22:28:46,668 : INFO : EventManager : Event: ======'balldevice_playfield_ball_enter'====== Args={'new_balls': 1, 'unclaimed_balls': 1, 'device': <playfield.playfield>}
2025-03-06 22:28:46,668 : INFO : EventManager : Event: ======'playfield_ball_count_change'====== Args={'balls': 1, 'change': 1}
2025-03-06 22:28:46,668 : INFO : EventManager : Event: ======'balldevice_bd_plunger_lane_ball_count_changed'====== Args={'balls': 0}
2025-03-06 22:28:47,074 : INFO : ball_device.bd_plunger_lane : State: idle
2025-03-06 22:28:47,911 : INFO : SwitchController : <<<<<<< 's_pointTarget' active >>>>>>>
2025-03-06 22:28:47,911 : INFO : EventManager : Event: ======'s_pointTarget_active'====== Args={}
2025-03-06 22:28:47,911 : INFO : EventManager : Event: ======'sw_playfield_active'====== Args={}
2025-03-06 22:28:47,911 : INFO : EventManager : Event: ======'machine_var_audits_switches_s_pointTarget'====== Args={'value': 35, 'prev_value': 34, 'change': 1}
2025-03-06 22:28:47,913 : INFO : EventManager : Event: ======'player_score'====== Args={'value': 100, 'prev_value': 0, 'change': 100, 'player_num': 2, 'source': 'base'}
2025-03-06 22:28:48,013 : INFO : SwitchController : <<<<<<< 's_pointTarget' inactive >>>>>>>
2025-03-06 22:28:48,583 : INFO : SwitchController : <<<<<<< 's_pointTarget' active >>>>>>>
2025-03-06 22:28:48,584 : INFO : EventManager : Event: ======'s_pointTarget_active'====== Args={}
2025-03-06 22:28:48,584 : INFO : EventManager : Event: ======'sw_playfield_active'====== Args={}
2025-03-06 22:28:48,584 : INFO : EventManager : Event: ======'machine_var_audits_switches_s_pointTarget'====== Args={'value': 36, 'prev_value': 35, 'change': 1}
2025-03-06 22:28:48,585 : INFO : EventManager : Event: ======'player_score'====== Args={'value': 200, 'prev_value': 100, 'change': 100, 'player_num': 2, 'source': 'base'}
2025-03-06 22:28:48,674 : INFO : SwitchController : <<<<<<< 's_pointTarget' inactive >>>>>>>
2025-03-06 22:28:48,819 : INFO : SwitchController : <<<<<<< 's_pointTarget' active >>>>>>>
2025-03-06 22:28:48,820 : INFO : EventManager : Event: ======'s_pointTarget_active'====== Args={}
2025-03-06 22:28:48,820 : INFO : EventManager : Event: ======'sw_playfield_active'====== Args={}
2025-03-06 22:28:48,821 : INFO : EventManager : Event: ======'machine_var_audits_switches_s_pointTarget'====== Args={'value': 37, 'prev_value': 36, 'change': 1}
2025-03-06 22:28:48,824 : INFO : EventManager : Event: ======'player_score'====== Args={'value': 300, 'prev_value': 200, 'change': 100, 'player_num': 2, 'source': 'base'}
2025-03-06 22:28:48,900 : INFO : SwitchController : <<<<<<< 's_pointTarget' inactive >>>>>>>
2025-03-06 22:28:49,013 : INFO : SwitchController : <<<<<<< 's_pointTarget' active >>>>>>>
2025-03-06 22:28:49,014 : INFO : EventManager : Event: ======'s_pointTarget_active'====== Args={}
2025-03-06 22:28:49,014 : INFO : EventManager : Event: ======'sw_playfield_active'====== Args={}
2025-03-06 22:28:49,014 : INFO : EventManager : Event: ======'machine_var_audits_switches_s_pointTarget'====== Args={'value': 38, 'prev_value': 37, 'change': 1}
2025-03-06 22:28:49,017 : INFO : EventManager : Event: ======'player_score'====== Args={'value': 400, 'prev_value': 300, 'change': 100, 'player_num': 2, 'source': 'base'}
2025-03-06 22:28:49,117 : INFO : SwitchController : <<<<<<< 's_pointTarget' inactive >>>>>>>
2025-03-06 22:28:49,244 : INFO : SwitchController : <<<<<<< 's_pointTarget' active >>>>>>>
2025-03-06 22:28:49,244 : INFO : EventManager : Event: ======'s_pointTarget_active'====== Args={}
2025-03-06 22:28:49,245 : INFO : EventManager : Event: ======'sw_playfield_active'====== Args={}
2025-03-06 22:28:49,245 : INFO : EventManager : Event: ======'machine_var_audits_switches_s_pointTarget'====== Args={'value': 39, 'prev_value': 38, 'change': 1}
2025-03-06 22:28:49,246 : INFO : EventManager : Event: ======'player_score'====== Args={'value': 500, 'prev_value': 400, 'change': 100, 'player_num': 2, 'source': 'base'}
2025-03-06 22:28:49,339 : INFO : SwitchController : <<<<<<< 's_pointTarget' inactive >>>>>>>
2025-03-06 22:28:49,480 : INFO : SwitchController : <<<<<<< 's_pointTarget' active >>>>>>>
2025-03-06 22:28:49,482 : INFO : EventManager : Event: ======'s_pointTarget_active'====== Args={}
2025-03-06 22:28:49,482 : INFO : EventManager : Event: ======'sw_playfield_active'====== Args={}
2025-03-06 22:28:49,484 : INFO : EventManager : Event: ======'machine_var_audits_switches_s_pointTarget'====== Args={'value': 40, 'prev_value': 39, 'change': 1}
2025-03-06 22:28:49,487 : INFO : EventManager : Event: ======'player_score'====== Args={'value': 600, 'prev_value': 500, 'change': 100, 'player_num': 2, 'source': 'base'}
2025-03-06 22:28:49,566 : INFO : SwitchController : <<<<<<< 's_pointTarget' inactive >>>>>>>
2025-03-06 22:28:49,726 : INFO : SwitchController : <<<<<<< 's_pointTarget' active >>>>>>>
2025-03-06 22:28:49,726 : INFO : EventManager : Event: ======'s_pointTarget_active'====== Args={}
2025-03-06 22:28:49,726 : INFO : EventManager : Event: ======'sw_playfield_active'====== Args={}
2025-03-06 22:28:49,727 : INFO : EventManager : Event: ======'machine_var_audits_switches_s_pointTarget'====== Args={'value': 41, 'prev_value': 40, 'change': 1}
2025-03-06 22:28:49,730 : INFO : EventManager : Event: ======'player_score'====== Args={'value': 700, 'prev_value': 600, 'change': 100, 'player_num': 2, 'source': 'base'}
2025-03-06 22:28:49,812 : INFO : SwitchController : <<<<<<< 's_pointTarget' inactive >>>>>>>
2025-03-06 22:28:49,992 : INFO : SwitchController : <<<<<<< 's_pointTarget' active >>>>>>>
2025-03-06 22:28:49,993 : INFO : EventManager : Event: ======'s_pointTarget_active'====== Args={}
2025-03-06 22:28:49,993 : INFO : EventManager : Event: ======'sw_playfield_active'====== Args={}
2025-03-06 22:28:49,993 : INFO : EventManager : Event: ======'machine_var_audits_switches_s_pointTarget'====== Args={'value': 42, 'prev_value': 41, 'change': 1}
2025-03-06 22:28:49,995 : INFO : EventManager : Event: ======'player_score'====== Args={'value': 800, 'prev_value': 700, 'change': 100, 'player_num': 2, 'source': 'base'}
2025-03-06 22:28:50,092 : INFO : SwitchController : <<<<<<< 's_pointTarget' inactive >>>>>>>
2025-03-06 22:28:50,274 : INFO : SwitchController : <<<<<<< 's_pointTarget' active >>>>>>>
2025-03-06 22:28:50,275 : INFO : EventManager : Event: ======'s_pointTarget_active'====== Args={}
2025-03-06 22:28:50,275 : INFO : EventManager : Event: ======'sw_playfield_active'====== Args={}
2025-03-06 22:28:50,275 : INFO : EventManager : Event: ======'machine_var_audits_switches_s_pointTarget'====== Args={'value': 43, 'prev_value': 42, 'change': 1}
2025-03-06 22:28:50,277 : INFO : EventManager : Event: ======'player_score'====== Args={'value': 900, 'prev_value': 800, 'change': 100, 'player_num': 2, 'source': 'base'}
2025-03-06 22:28:50,391 : INFO : SwitchController : <<<<<<< 's_pointTarget' inactive >>>>>>>
2025-03-06 22:28:52,300 : INFO : SwitchController : <<<<<<< 's_trough1' active >>>>>>>
2025-03-06 22:28:52,301 : INFO : EventManager : Event: ======'machine_var_audits_switches_s_trough1'====== Args={'value': 55, 'prev_value': 54, 'change': 1}
2025-03-06 22:28:52,603 : INFO : EventManager : Event: ======'balldevice_bd_trough_ball_count_changed'====== Args={'balls': 3}
2025-03-06 22:28:52,605 : INFO : ball_device.bd_trough : Received unexpected ball
2025-03-06 22:28:52,605 : INFO : EventManager : Event: ======'balldevice_captured_from_playfield'====== Args={'balls': 1}
2025-03-06 22:28:52,606 : INFO : EventManager : Event: ======'sw_playfield_active'====== Args={'balls': 1}
2025-03-06 22:28:52,606 : INFO : EventManager : Event: ======'playfield_ball_count_change'====== Args={'balls': 0, 'change': -1}
2025-03-06 22:28:52,607 : INFO : EventManager : Event: ======'balldevice_bd_trough_ball_enter'====== Args={'new_balls': 1, 'unclaimed_balls': 1, 'new_available_balls': 1, 'device': <ball_device.bd_trough>}
2025-03-06 22:28:52,608 : INFO : EventManager : Event: ======'ball_drain'====== Args={'device': <ball_device.bd_trough>, 'balls': 1}
2025-03-06 22:28:52,609 : INFO : EventManager : Event: ======'ball_will_end'====== Args={}
2025-03-06 22:28:52,609 : INFO : EventManager : Event: ======'balldevice_balls_available'====== Args={}
2025-03-06 22:28:52,609 : INFO : EventManager : Event: ======'balldevice_bd_trough_ball_entered'====== Args={'new_balls': 1, 'device': <ball_device.bd_trough>}
2025-03-06 22:28:52,611 : INFO : EventManager : Event: ======'ball_ending'====== Args={}
2025-03-06 22:28:52,612 : INFO : EventManager : Event: ======'mode_base_will_stop'====== Args={}
2025-03-06 22:28:52,612 : INFO : EventManager : Event: ======'mode_base_stopping'====== Args={}
2025-03-06 22:28:52,613 : INFO : Mode.base : Stopped.
2025-03-06 22:28:52,613 : INFO : EventManager : Event: ======'modes_active_modes_changed'====== Args={}
2025-03-06 22:28:52,614 : INFO : EventManager : Event: ======'mode_base_stopped'====== Args={}
2025-03-06 22:28:52,614 : INFO : EventManager : Event: ======'clear'====== Args={'key': 'base'}
2025-03-06 22:28:52,652 : INFO : EventManager : Event: ======'ball_ended'====== Args={}
2025-03-06 22:28:52,653 : INFO : EventManager : Event: ======'slide_base.slide_player-mode_base_started_removed'====== Args={'_from_bcp': True}
2025-03-06 22:28:52,653 : INFO : EventManager : Event: ======'slide_welcome_slide_active'====== Args={'_from_bcp': True}
2025-03-06 22:28:52,653 : INFO : EventManager : Event: ======'player_turn_will_end'====== Args={'player': <Player 2>, 'number': 2}
2025-03-06 22:28:52,656 : INFO : EventManager : Event: ======'player_turn_ending'====== Args={'player': <Player 2>, 'number': 2}
2025-03-06 22:28:52,656 : INFO : EventManager : Event: ======'player_turn_ended'====== Args={'player': <Player 2>, 'number': 2}
2025-03-06 22:28:52,656 : INFO : EventManager : Event: ======'player_turn_will_start'====== Args={'player': <Player 3>, 'number': 3}
2025-03-06 22:28:52,657 : INFO : EventManager : Event: ======'player_turn_starting'====== Args={'player': <Player 3>, 'number': 3}
2025-03-06 22:28:52,657 : INFO : EventManager : Event: ======'player_ball'====== Args={'value': 1, 'prev_value': 0, 'change': 1, 'player_num': 3}
2025-03-06 22:28:52,657 : INFO : EventManager : Event: ======'player_turn_started'====== Args={'player': <Player 3>, 'number': 3}
2025-03-06 22:28:52,657 : INFO : EventManager : Event: ======'ball_will_start'====== Args={'player': 3, 'ball': 1, 'balls_remaining': 2, 'is_extra_ball': False}
2025-03-06 22:28:52,661 : INFO : EventManager : Event: ======'ball_starting'====== Args={'player': 3, 'ball': 1, 'balls_remaining': 2, 'is_extra_ball': False}
2025-03-06 22:28:52,661 : INFO : EventManager : Event: ======'balls_in_play'====== Args={'balls': 1}
2025-03-06 22:28:52,661 : INFO : EventManager : Event: ======'ball_started'====== Args={'player': 3, 'ball': 1, 'balls_remaining': 2, 'is_extra_ball': False}
2025-03-06 22:28:52,662 : INFO : EventManager : Event: ======'mode_base_will_start'====== Args={'player': 3, 'ball': 1, 'balls_remaining': 2, 'is_extra_ball': False}
2025-03-06 22:28:52,662 : INFO : EventManager : Event: ======'mode_base_starting'====== Args={'player': 3, 'ball': 1, 'balls_remaining': 2, 'is_extra_ball': False}
2025-03-06 22:28:52,662 : INFO : Mode.base : Started. Priority: 100
2025-03-06 22:28:52,662 : INFO : EventManager : Event: ======'modes_active_modes_changed'====== Args={}
2025-03-06 22:28:52,662 : INFO : EventManager : Event: ======'mode_base_started'====== Args={'player': 3, 'ball': 1, 'balls_remaining': 2, 'is_extra_ball': False}
2025-03-06 22:28:52,663 : INFO : EventManager : Event: ======'multi_player_ball_started'====== Args={}
2025-03-06 22:28:52,675 : INFO : EventManager : Event: ======'player_3_ball_started'====== Args={}
2025-03-06 22:28:52,675 : INFO : EventManager : Event: ======'slide_base.slide_player-mode_base_started_created'====== Args={'_from_bcp': True}
2025-03-06 22:28:52,676 : INFO : EventManager : Event: ======'slide_base.slide_player-mode_base_started_active'====== Args={'_from_bcp': True}
2025-03-06 22:28:52,676 : INFO : EventManager : Event: ======'ball_start_target'====== Args={'target': 'playfield'}
2025-03-06 22:28:52,676 : INFO : ball_device.bd_plunger_lane : Setting up player-controlled eject. Balls: 1, Target: <playfield.playfield>, player_controlled_eject_event: s_launcher_button_active
2025-03-06 22:28:52,676 : INFO : EventManager : Event: ======'balldevice_balls_available'====== Args={}
2025-03-06 22:28:52,676 : INFO : ball_device.bd_trough : State: waiting_for_target_ready
2025-03-06 22:28:52,676 : INFO : EventManager : Event: ======'balldevice_bd_trough_ball_eject_attempt'====== Args={'balls': 1, 'target': <ball_device.bd_plunger_lane>, 'source': <ball_device.bd_trough>, 'mechanical_eject': True, 'num_attempts': 0}
2025-03-06 22:28:52,676 : INFO : ball_device.bd_plunger_lane : State: waiting_for_ball
2025-03-06 22:28:52,677 : INFO : ball_device.bd_trough : State: ejecting
2025-03-06 22:28:52,677 : INFO : ball_device.bd_trough : Ejecting ball to <ball_device.bd_plunger_lane>
2025-03-06 22:28:52,677 : INFO : EventManager : Event: ======'balldevice_bd_trough_ejecting_ball'====== Args={'balls': 1, 'target': <ball_device.bd_plunger_lane>, 'source': <ball_device.bd_trough>, 'mechanical_eject': True, 'num_attempts': 0}
2025-03-06 22:28:52,677 : INFO : ball_device.bd_trough : Wait for ball to leave device
2025-03-06 22:28:52,677 : INFO : coil.c_trough_release : Pulsing Driver for 20ms (1.0 pulse_power)
2025-03-06 22:28:52,677 : INFO : SwitchController : <<<<<<< 's_trough1' inactive >>>>>>>
2025-03-06 22:28:52,680 : INFO : ball_device.bd_trough : State: ball_left
2025-03-06 22:28:52,680 : INFO : ball_device.bd_trough : Ball left
2025-03-06 22:28:52,680 : INFO : ball_device.bd_trough : Wait for confirm with timeout 3.0
2025-03-06 22:28:52,790 : INFO : SwitchController : <<<<<<< 's_plunger_lane' active >>>>>>>
2025-03-06 22:28:52,791 : INFO : EventManager : Event: ======'machine_var_audits_switches_s_plunger_lane'====== Args={'value': 80, 'prev_value': 79, 'change': 1}
2025-03-06 22:28:53,290 : INFO : ball_device.bd_plunger_lane : Received ball from <ball_device.bd_trough>
2025-03-06 22:28:53,291 : INFO : EventManager : Event: ======'balldevice_bd_plunger_lane_ball_enter'====== Args={'new_balls': 1, 'unclaimed_balls': 0, 'new_available_balls': 0, 'device': <ball_device.bd_plunger_lane>}
2025-03-06 22:28:53,292 : INFO : EventManager : Event: ======'balldevice_bd_plunger_lane_ball_entered'====== Args={'new_balls': 0, 'device': <ball_device.bd_plunger_lane>}
2025-03-06 22:28:53,292 : INFO : EventManager : Event: ======'balldevice_bd_plunger_lane_ball_count_changed'====== Args={'balls': 1}
2025-03-06 22:28:53,293 : INFO : ball_device.bd_trough : Got eject confirm
2025-03-06 22:28:53,293 : INFO : ball_device.bd_trough : Eject successful
2025-03-06 22:28:53,293 : INFO : EventManager : Event: ======'balldevice_bd_trough_ball_eject_success'====== Args={'balls': 1, 'target': <ball_device.bd_plunger_lane>}
2025-03-06 22:28:53,294 : INFO : ball_device.bd_plunger_lane : State: waiting_for_target_ready
2025-03-06 22:28:53,295 : INFO : EventManager : Event: ======'balldevice_bd_plunger_lane_ball_eject_attempt'====== Args={'balls': 1, 'target': <playfield.playfield>, 'source': <ball_device.bd_plunger_lane>, 'mechanical_eject': True, 'num_attempts': 0}
2025-03-06 22:28:53,295 : INFO : EventManager : Event: ======'balldevice_bd_trough_ball_count_changed'====== Args={'balls': 2}
2025-03-06 22:28:53,295 : INFO : ball_device.bd_trough : State: idle
2025-03-06 22:28:53,296 : INFO : ball_device.bd_plunger_lane : State: ejecting
2025-03-06 22:28:53,296 : INFO : ball_device.bd_plunger_lane : Ejecting ball to <playfield.playfield>
2025-03-06 22:28:53,296 : INFO : EventManager : Event: ======'balldevice_bd_plunger_lane_ejecting_ball'====== Args={'balls': 1, 'target': <playfield.playfield>, 'source': <ball_device.bd_plunger_lane>, 'mechanical_eject': True, 'num_attempts': 0}
2025-03-06 22:28:53,298 : INFO : ball_device.bd_plunger_lane : Wait for ball to leave device
2025-03-06 22:28:53,792 : INFO : SwitchController : <<<<<<< 's_launcher_button' active >>>>>>>
2025-03-06 22:28:53,792 : INFO : EventManager : Event: ======'s_launcher_button_active'====== Args={}
2025-03-06 22:28:53,792 : INFO : EventManager : Event: ======'sw_start'====== Args={}
2025-03-06 22:28:53,793 : INFO : EventManager : Event: ======'machine_var_audits_switches_s_launcher_button'====== Args={'value': 22, 'prev_value': 21, 'change': 1}
2025-03-06 22:28:53,794 : INFO : EventManager : Event: ======'player_add_request'====== Args={}
2025-03-06 22:28:53,794 : INFO : EventManager : Event: ======'player_will_add'====== Args={'number': 4}
2025-03-06 22:28:53,795 : INFO : EventManager : Event: ======'player_adding'====== Args={'player': <Player 4>, 'number': 4}
2025-03-06 22:28:53,795 : INFO : EventManager : Event: ======'player_added'====== Args={'player': <Player 4>, 'num': 4}
2025-03-06 22:28:53,795 : INFO : Mode.game : Player added successfully. Total players: 4
2025-03-06 22:28:53,795 : INFO : EventManager : Event: ======'player_index'====== Args={'value': 3, 'prev_value': 3, 'change': 0, 'player_num': 4}
2025-03-06 22:28:53,796 : INFO : EventManager : Event: ======'player_number'====== Args={'value': 4, 'prev_value': 4, 'change': 0, 'player_num': 4}
2025-03-06 22:28:53,796 : INFO : EventManager : Event: ======'player_score'====== Args={'value': 0, 'prev_value': 0, 'change': 0, 'player_num': 4}
2025-03-06 22:28:53,804 : INFO : coil.c_autolauncher : Pulsing Driver for 20ms (1.0 pulse_power)
2025-03-06 22:28:53,804 : INFO : SwitchController : <<<<<<< 's_plunger_lane' inactive >>>>>>>
2025-03-06 22:28:53,811 : INFO : ball_device.bd_plunger_lane : State: ball_left
2025-03-06 22:28:53,811 : INFO : ball_device.bd_plunger_lane : Ball left
2025-03-06 22:28:53,811 : INFO : ball_device.bd_plunger_lane : Wait for confirm with timeout 3.0
2025-03-06 22:28:53,845 : INFO : SwitchController : <<<<<<< 's_playfield_entry' active >>>>>>>
2025-03-06 22:28:53,846 : INFO : EventManager : Event: ======'sw_playfield_active'====== Args={}
2025-03-06 22:28:53,846 : INFO : EventManager : Event: ======'machine_var_audits_switches_s_playfield_entry'====== Args={'value': 157, 'prev_value': 156, 'change': 1}
2025-03-06 22:28:53,849 : INFO : EventManager : Event: ======'playfield_active'====== Args={}
2025-03-06 22:28:53,874 : INFO : SwitchController : <<<<<<< 's_playfield_entry' inactive >>>>>>>
2025-03-06 22:28:53,887 : INFO : ball_device.bd_plunger_lane : Got eject confirm
2025-03-06 22:28:53,887 : INFO : ball_device.bd_plunger_lane : Eject successful
2025-03-06 22:28:53,887 : INFO : EventManager : Event: ======'balldevice_bd_plunger_lane_ball_eject_success'====== Args={'balls': 1, 'target': <playfield.playfield>}
2025-03-06 22:28:53,887 : INFO : EventManager : Event: ======'balldevice_playfield_ball_enter'====== Args={'new_balls': 1, 'unclaimed_balls': 1, 'device': <playfield.playfield>}
2025-03-06 22:28:53,889 : INFO : EventManager : Event: ======'playfield_ball_count_change'====== Args={'balls': 1, 'change': 1}
2025-03-06 22:28:53,889 : INFO : EventManager : Event: ======'balldevice_bd_plunger_lane_ball_count_changed'====== Args={'balls': 0}
2025-03-06 22:28:53,916 : INFO : SwitchController : <<<<<<< 's_launcher_button' inactive >>>>>>>
2025-03-06 22:28:54,030 : INFO : SwitchController : <<<<<<< 's_launcher_button' active >>>>>>>
2025-03-06 22:28:54,031 : INFO : EventManager : Event: ======'sw_start'====== Args={}
2025-03-06 22:28:54,032 : INFO : EventManager : Event: ======'machine_var_audits_switches_s_launcher_button'====== Args={'value': 23, 'prev_value': 22, 'change': 1}
2025-03-06 22:28:54,126 : INFO : SwitchController : <<<<<<< 's_launcher_button' inactive >>>>>>>
2025-03-06 22:28:54,295 : INFO : ball_device.bd_plunger_lane : State: idle
2025-03-06 22:28:54,546 : INFO : SwitchController : <<<<<<< 's_launcher_button' active >>>>>>>
2025-03-06 22:28:54,546 : INFO : EventManager : Event: ======'sw_start'====== Args={}
2025-03-06 22:28:54,547 : INFO : EventManager : Event: ======'machine_var_audits_switches_s_launcher_button'====== Args={'value': 24, 'prev_value': 23, 'change': 1}
2025-03-06 22:28:54,618 : INFO : SwitchController : <<<<<<< 's_launcher_button' inactive >>>>>>>
2025-03-06 22:28:55,032 : INFO : SwitchController : <<<<<<< 's_launcher_button' active >>>>>>>
2025-03-06 22:28:55,033 : INFO : EventManager : Event: ======'sw_start'====== Args={}
2025-03-06 22:28:55,033 : INFO : EventManager : Event: ======'machine_var_audits_switches_s_launcher_button'====== Args={'value': 25, 'prev_value': 24, 'change': 1}
2025-03-06 22:28:55,146 : INFO : SwitchController : <<<<<<< 's_launcher_button' inactive >>>>>>>
2025-03-06 22:28:56,164 : INFO : SwitchController : <<<<<<< 's_pointTarget' active >>>>>>>
2025-03-06 22:28:56,165 : INFO : EventManager : Event: ======'s_pointTarget_active'====== Args={}
2025-03-06 22:28:56,165 : INFO : EventManager : Event: ======'sw_playfield_active'====== Args={}
2025-03-06 22:28:56,165 : INFO : EventManager : Event: ======'machine_var_audits_switches_s_pointTarget'====== Args={'value': 44, 'prev_value': 43, 'change': 1}
2025-03-06 22:28:56,167 : INFO : EventManager : Event: ======'player_score'====== Args={'value': 100, 'prev_value': 0, 'change': 100, 'player_num': 3, 'source': 'base'}
2025-03-06 22:28:56,260 : INFO : SwitchController : <<<<<<< 's_pointTarget' inactive >>>>>>>
2025-03-06 22:28:56,350 : INFO : SwitchController : <<<<<<< 's_pointTarget' active >>>>>>>
2025-03-06 22:28:56,350 : INFO : EventManager : Event: ======'s_pointTarget_active'====== Args={}
2025-03-06 22:28:56,350 : INFO : EventManager : Event: ======'sw_playfield_active'====== Args={}
2025-03-06 22:28:56,351 : INFO : EventManager : Event: ======'machine_var_audits_switches_s_pointTarget'====== Args={'value': 45, 'prev_value': 44, 'change': 1}
2025-03-06 22:28:56,352 : INFO : EventManager : Event: ======'player_score'====== Args={'value': 200, 'prev_value': 100, 'change': 100, 'player_num': 3, 'source': 'base'}
2025-03-06 22:28:56,447 : INFO : SwitchController : <<<<<<< 's_pointTarget' inactive >>>>>>>
2025-03-06 22:28:56,541 : INFO : SwitchController : <<<<<<< 's_pointTarget' active >>>>>>>
2025-03-06 22:28:56,542 : INFO : EventManager : Event: ======'s_pointTarget_active'====== Args={}
2025-03-06 22:28:56,543 : INFO : EventManager : Event: ======'sw_playfield_active'====== Args={}
2025-03-06 22:28:56,543 : INFO : EventManager : Event: ======'machine_var_audits_switches_s_pointTarget'====== Args={'value': 46, 'prev_value': 45, 'change': 1}
2025-03-06 22:28:56,547 : INFO : EventManager : Event: ======'player_score'====== Args={'value': 300, 'prev_value': 200, 'change': 100, 'player_num': 3, 'source': 'base'}
2025-03-06 22:28:56,616 : INFO : SwitchController : <<<<<<< 's_pointTarget' inactive >>>>>>>
2025-03-06 22:28:56,704 : INFO : SwitchController : <<<<<<< 's_pointTarget' active >>>>>>>
2025-03-06 22:28:56,705 : INFO : EventManager : Event: ======'s_pointTarget_active'====== Args={}
2025-03-06 22:28:56,705 : INFO : EventManager : Event: ======'sw_playfield_active'====== Args={}
2025-03-06 22:28:56,706 : INFO : EventManager : Event: ======'machine_var_audits_switches_s_pointTarget'====== Args={'value': 47, 'prev_value': 46, 'change': 1}
2025-03-06 22:28:56,708 : INFO : EventManager : Event: ======'player_score'====== Args={'value': 400, 'prev_value': 300, 'change': 100, 'player_num': 3, 'source': 'base'}
2025-03-06 22:28:56,790 : INFO : SwitchController : <<<<<<< 's_pointTarget' inactive >>>>>>>
2025-03-06 22:28:56,882 : INFO : SwitchController : <<<<<<< 's_pointTarget' active >>>>>>>
2025-03-06 22:28:56,882 : INFO : EventManager : Event: ======'s_pointTarget_active'====== Args={}
2025-03-06 22:28:56,883 : INFO : EventManager : Event: ======'sw_playfield_active'====== Args={}
2025-03-06 22:28:56,883 : INFO : EventManager : Event: ======'machine_var_audits_switches_s_pointTarget'====== Args={'value': 48, 'prev_value': 47, 'change': 1}
2025-03-06 22:28:56,886 : INFO : EventManager : Event: ======'player_score'====== Args={'value': 500, 'prev_value': 400, 'change': 100, 'player_num': 3, 'source': 'base'}
2025-03-06 22:28:56,973 : INFO : SwitchController : <<<<<<< 's_pointTarget' inactive >>>>>>>
2025-03-06 22:28:57,077 : INFO : SwitchController : <<<<<<< 's_pointTarget' active >>>>>>>
2025-03-06 22:28:57,077 : INFO : EventManager : Event: ======'s_pointTarget_active'====== Args={}
2025-03-06 22:28:57,077 : INFO : EventManager : Event: ======'sw_playfield_active'====== Args={}
2025-03-06 22:28:57,078 : INFO : EventManager : Event: ======'machine_var_audits_switches_s_pointTarget'====== Args={'value': 49, 'prev_value': 48, 'change': 1}
2025-03-06 22:28:57,079 : INFO : EventManager : Event: ======'player_score'====== Args={'value': 600, 'prev_value': 500, 'change': 100, 'player_num': 3, 'source': 'base'}
2025-03-06 22:28:57,153 : INFO : SwitchController : <<<<<<< 's_pointTarget' inactive >>>>>>>
2025-03-06 22:28:57,264 : INFO : SwitchController : <<<<<<< 's_pointTarget' active >>>>>>>
2025-03-06 22:28:57,265 : INFO : EventManager : Event: ======'s_pointTarget_active'====== Args={}
2025-03-06 22:28:57,265 : INFO : EventManager : Event: ======'sw_playfield_active'====== Args={}
2025-03-06 22:28:57,266 : INFO : EventManager : Event: ======'machine_var_audits_switches_s_pointTarget'====== Args={'value': 50, 'prev_value': 49, 'change': 1}
2025-03-06 22:28:57,269 : INFO : EventManager : Event: ======'player_score'====== Args={'value': 700, 'prev_value': 600, 'change': 100, 'player_num': 3, 'source': 'base'}
2025-03-06 22:28:57,335 : INFO : SwitchController : <<<<<<< 's_pointTarget' inactive >>>>>>>
2025-03-06 22:28:57,450 : INFO : SwitchController : <<<<<<< 's_pointTarget' active >>>>>>>
2025-03-06 22:28:57,451 : INFO : EventManager : Event: ======'s_pointTarget_active'====== Args={}
2025-03-06 22:28:57,451 : INFO : EventManager : Event: ======'sw_playfield_active'====== Args={}
2025-03-06 22:28:57,451 : INFO : EventManager : Event: ======'machine_var_audits_switches_s_pointTarget'====== Args={'value': 51, 'prev_value': 50, 'change': 1}
2025-03-06 22:28:57,452 : INFO : EventManager : Event: ======'player_score'====== Args={'value': 800, 'prev_value': 700, 'change': 100, 'player_num': 3, 'source': 'base'}
2025-03-06 22:28:57,546 : INFO : SwitchController : <<<<<<< 's_pointTarget' inactive >>>>>>>
2025-03-06 22:28:57,642 : INFO : SwitchController : <<<<<<< 's_pointTarget' active >>>>>>>
2025-03-06 22:28:57,642 : INFO : EventManager : Event: ======'s_pointTarget_active'====== Args={}
2025-03-06 22:28:57,642 : INFO : EventManager : Event: ======'sw_playfield_active'====== Args={}
2025-03-06 22:28:57,642 : INFO : EventManager : Event: ======'machine_var_audits_switches_s_pointTarget'====== Args={'value': 52, 'prev_value': 51, 'change': 1}
2025-03-06 22:28:57,645 : INFO : EventManager : Event: ======'player_score'====== Args={'value': 900, 'prev_value': 800, 'change': 100, 'player_num': 3, 'source': 'base'}
2025-03-06 22:28:57,723 : INFO : SwitchController : <<<<<<< 's_pointTarget' inactive >>>>>>>
2025-03-06 22:28:57,824 : INFO : SwitchController : <<<<<<< 's_pointTarget' active >>>>>>>
2025-03-06 22:28:57,826 : INFO : EventManager : Event: ======'s_pointTarget_active'====== Args={}
2025-03-06 22:28:57,826 : INFO : EventManager : Event: ======'sw_playfield_active'====== Args={}
2025-03-06 22:28:57,826 : INFO : EventManager : Event: ======'machine_var_audits_switches_s_pointTarget'====== Args={'value': 53, 'prev_value': 52, 'change': 1}
2025-03-06 22:28:57,831 : INFO : EventManager : Event: ======'player_score'====== Args={'value': 1000, 'prev_value': 900, 'change': 100, 'player_num': 3, 'source': 'base'}
2025-03-06 22:28:57,879 : INFO : SwitchController : <<<<<<< 's_pointTarget' inactive >>>>>>>
2025-03-06 22:28:57,988 : INFO : SwitchController : <<<<<<< 's_pointTarget' active >>>>>>>
2025-03-06 22:28:57,989 : INFO : EventManager : Event: ======'s_pointTarget_active'====== Args={}
2025-03-06 22:28:57,989 : INFO : EventManager : Event: ======'sw_playfield_active'====== Args={}
2025-03-06 22:28:57,989 : INFO : EventManager : Event: ======'machine_var_audits_switches_s_pointTarget'====== Args={'value': 54, 'prev_value': 53, 'change': 1}
2025-03-06 22:28:57,990 : INFO : EventManager : Event: ======'player_score'====== Args={'value': 1100, 'prev_value': 1000, 'change': 100, 'player_num': 3, 'source': 'base'}
2025-03-06 22:28:58,062 : INFO : SwitchController : <<<<<<< 's_pointTarget' inactive >>>>>>>
2025-03-06 22:28:58,173 : INFO : SwitchController : <<<<<<< 's_pointTarget' active >>>>>>>
2025-03-06 22:28:58,174 : INFO : EventManager : Event: ======'s_pointTarget_active'====== Args={}
2025-03-06 22:28:58,174 : INFO : EventManager : Event: ======'sw_playfield_active'====== Args={}
2025-03-06 22:28:58,174 : INFO : EventManager : Event: ======'machine_var_audits_switches_s_pointTarget'====== Args={'value': 55, 'prev_value': 54, 'change': 1}
2025-03-06 22:28:58,176 : INFO : EventManager : Event: ======'player_score'====== Args={'value': 1200, 'prev_value': 1100, 'change': 100, 'player_num': 3, 'source': 'base'}
2025-03-06 22:28:58,257 : INFO : SwitchController : <<<<<<< 's_pointTarget' inactive >>>>>>>
2025-03-06 22:28:58,332 : INFO : SwitchController : <<<<<<< 's_pointTarget' active >>>>>>>
2025-03-06 22:28:58,333 : INFO : EventManager : Event: ======'s_pointTarget_active'====== Args={}
2025-03-06 22:28:58,333 : INFO : EventManager : Event: ======'sw_playfield_active'====== Args={}
2025-03-06 22:28:58,333 : INFO : EventManager : Event: ======'machine_var_audits_switches_s_pointTarget'====== Args={'value': 56, 'prev_value': 55, 'change': 1}
2025-03-06 22:28:58,334 : INFO : EventManager : Event: ======'player_score'====== Args={'value': 1300, 'prev_value': 1200, 'change': 100, 'player_num': 3, 'source': 'base'}
2025-03-06 22:28:58,422 : INFO : SwitchController : <<<<<<< 's_pointTarget' inactive >>>>>>>
2025-03-06 22:28:58,526 : INFO : SwitchController : <<<<<<< 's_pointTarget' active >>>>>>>
2025-03-06 22:28:58,527 : INFO : EventManager : Event: ======'s_pointTarget_active'====== Args={}
2025-03-06 22:28:58,527 : INFO : EventManager : Event: ======'sw_playfield_active'====== Args={}
2025-03-06 22:28:58,528 : INFO : EventManager : Event: ======'machine_var_audits_switches_s_pointTarget'====== Args={'value': 57, 'prev_value': 56, 'change': 1}
2025-03-06 22:28:58,530 : INFO : EventManager : Event: ======'player_score'====== Args={'value': 1400, 'prev_value': 1300, 'change': 100, 'player_num': 3, 'source': 'base'}
2025-03-06 22:28:58,613 : INFO : SwitchController : <<<<<<< 's_pointTarget' inactive >>>>>>>
2025-03-06 22:28:58,742 : INFO : SwitchController : <<<<<<< 's_pointTarget' active >>>>>>>
2025-03-06 22:28:58,742 : INFO : EventManager : Event: ======'s_pointTarget_active'====== Args={}
2025-03-06 22:28:58,742 : INFO : EventManager : Event: ======'sw_playfield_active'====== Args={}
2025-03-06 22:28:58,743 : INFO : EventManager : Event: ======'machine_var_audits_switches_s_pointTarget'====== Args={'value': 58, 'prev_value': 57, 'change': 1}
2025-03-06 22:28:58,744 : INFO : EventManager : Event: ======'player_score'====== Args={'value': 1500, 'prev_value': 1400, 'change': 100, 'player_num': 3, 'source': 'base'}
2025-03-06 22:28:58,809 : INFO : SwitchController : <<<<<<< 's_pointTarget' inactive >>>>>>>
2025-03-06 22:28:58,920 : INFO : SwitchController : <<<<<<< 's_pointTarget' active >>>>>>>
2025-03-06 22:28:58,921 : INFO : EventManager : Event: ======'s_pointTarget_active'====== Args={}
2025-03-06 22:28:58,921 : INFO : EventManager : Event: ======'sw_playfield_active'====== Args={}
2025-03-06 22:28:58,921 : INFO : EventManager : Event: ======'machine_var_audits_switches_s_pointTarget'====== Args={'value': 59, 'prev_value': 58, 'change': 1}
2025-03-06 22:28:58,923 : INFO : EventManager : Event: ======'player_score'====== Args={'value': 1600, 'prev_value': 1500, 'change': 100, 'player_num': 3, 'source': 'base'}
2025-03-06 22:28:59,018 : INFO : SwitchController : <<<<<<< 's_pointTarget' inactive >>>>>>>
2025-03-06 22:28:59,839 : INFO : SwitchController : <<<<<<< 's_trough1' active >>>>>>>
2025-03-06 22:28:59,841 : INFO : EventManager : Event: ======'machine_var_audits_switches_s_trough1'====== Args={'value': 56, 'prev_value': 55, 'change': 1}
2025-03-06 22:29:00,152 : INFO : EventManager : Event: ======'balldevice_bd_trough_ball_count_changed'====== Args={'balls': 3}
2025-03-06 22:29:00,153 : INFO : ball_device.bd_trough : Received unexpected ball
2025-03-06 22:29:00,153 : INFO : EventManager : Event: ======'balldevice_captured_from_playfield'====== Args={'balls': 1}
2025-03-06 22:29:00,153 : INFO : EventManager : Event: ======'sw_playfield_active'====== Args={'balls': 1}
2025-03-06 22:29:00,154 : INFO : EventManager : Event: ======'playfield_ball_count_change'====== Args={'balls': 0, 'change': -1}
2025-03-06 22:29:00,155 : INFO : EventManager : Event: ======'balldevice_bd_trough_ball_enter'====== Args={'new_balls': 1, 'unclaimed_balls': 1, 'new_available_balls': 1, 'device': <ball_device.bd_trough>}
2025-03-06 22:29:00,157 : INFO : EventManager : Event: ======'ball_drain'====== Args={'device': <ball_device.bd_trough>, 'balls': 1}
2025-03-06 22:29:00,157 : INFO : EventManager : Event: ======'ball_will_end'====== Args={}
2025-03-06 22:29:00,159 : INFO : EventManager : Event: ======'balldevice_balls_available'====== Args={}
2025-03-06 22:29:00,159 : INFO : EventManager : Event: ======'balldevice_bd_trough_ball_entered'====== Args={'new_balls': 1, 'device': <ball_device.bd_trough>}
2025-03-06 22:29:00,160 : INFO : EventManager : Event: ======'ball_ending'====== Args={}
2025-03-06 22:29:00,160 : INFO : EventManager : Event: ======'mode_base_will_stop'====== Args={}
2025-03-06 22:29:00,160 : INFO : EventManager : Event: ======'mode_base_stopping'====== Args={}
2025-03-06 22:29:00,160 : INFO : Mode.base : Stopped.
2025-03-06 22:29:00,160 : INFO : EventManager : Event: ======'modes_active_modes_changed'====== Args={}
2025-03-06 22:29:00,161 : INFO : EventManager : Event: ======'mode_base_stopped'====== Args={}
2025-03-06 22:29:00,161 : INFO : EventManager : Event: ======'clear'====== Args={'key': 'base'}
2025-03-06 22:29:00,212 : INFO : EventManager : Event: ======'ball_ended'====== Args={}
2025-03-06 22:29:00,213 : INFO : EventManager : Event: ======'slide_base.slide_player-mode_base_started_removed'====== Args={'_from_bcp': True}
2025-03-06 22:29:00,213 : INFO : EventManager : Event: ======'slide_welcome_slide_active'====== Args={'_from_bcp': True}
2025-03-06 22:29:00,213 : INFO : EventManager : Event: ======'player_turn_will_end'====== Args={'player': <Player 3>, 'number': 3}
2025-03-06 22:29:00,215 : INFO : EventManager : Event: ======'player_turn_ending'====== Args={'player': <Player 3>, 'number': 3}
2025-03-06 22:29:00,215 : INFO : EventManager : Event: ======'player_turn_ended'====== Args={'player': <Player 3>, 'number': 3}
2025-03-06 22:29:00,215 : INFO : EventManager : Event: ======'player_turn_will_start'====== Args={'player': <Player 4>, 'number': 4}
2025-03-06 22:29:00,216 : INFO : EventManager : Event: ======'player_turn_starting'====== Args={'player': <Player 4>, 'number': 4}
2025-03-06 22:29:00,216 : INFO : EventManager : Event: ======'player_ball'====== Args={'value': 1, 'prev_value': 0, 'change': 1, 'player_num': 4}
2025-03-06 22:29:00,216 : INFO : EventManager : Event: ======'player_turn_started'====== Args={'player': <Player 4>, 'number': 4}
2025-03-06 22:29:00,216 : INFO : EventManager : Event: ======'ball_will_start'====== Args={'player': 4, 'ball': 1, 'balls_remaining': 2, 'is_extra_ball': False}
2025-03-06 22:29:00,220 : INFO : EventManager : Event: ======'ball_starting'====== Args={'player': 4, 'ball': 1, 'balls_remaining': 2, 'is_extra_ball': False}
2025-03-06 22:29:00,220 : INFO : EventManager : Event: ======'balls_in_play'====== Args={'balls': 1}
2025-03-06 22:29:00,220 : INFO : EventManager : Event: ======'ball_started'====== Args={'player': 4, 'ball': 1, 'balls_remaining': 2, 'is_extra_ball': False}
2025-03-06 22:29:00,220 : INFO : EventManager : Event: ======'mode_base_will_start'====== Args={'player': 4, 'ball': 1, 'balls_remaining': 2, 'is_extra_ball': False}
2025-03-06 22:29:00,220 : INFO : EventManager : Event: ======'mode_base_starting'====== Args={'player': 4, 'ball': 1, 'balls_remaining': 2, 'is_extra_ball': False}
2025-03-06 22:29:00,221 : INFO : Mode.base : Started. Priority: 100
2025-03-06 22:29:00,221 : INFO : EventManager : Event: ======'modes_active_modes_changed'====== Args={}
2025-03-06 22:29:00,221 : INFO : EventManager : Event: ======'mode_base_started'====== Args={'player': 4, 'ball': 1, 'balls_remaining': 2, 'is_extra_ball': False}
2025-03-06 22:29:00,221 : INFO : EventManager : Event: ======'multi_player_ball_started'====== Args={}
2025-03-06 22:29:00,239 : INFO : EventManager : Event: ======'player_4_ball_started'====== Args={}
2025-03-06 22:29:00,239 : INFO : EventManager : Event: ======'slide_base.slide_player-mode_base_started_created'====== Args={'_from_bcp': True}
2025-03-06 22:29:00,239 : INFO : EventManager : Event: ======'slide_base.slide_player-mode_base_started_active'====== Args={'_from_bcp': True}
2025-03-06 22:29:00,239 : INFO : EventManager : Event: ======'ball_start_target'====== Args={'target': 'playfield'}
2025-03-06 22:29:00,240 : INFO : ball_device.bd_plunger_lane : Setting up player-controlled eject. Balls: 1, Target: <playfield.playfield>, player_controlled_eject_event: s_launcher_button_active
2025-03-06 22:29:00,240 : INFO : EventManager : Event: ======'balldevice_balls_available'====== Args={}
2025-03-06 22:29:00,240 : INFO : ball_device.bd_trough : State: waiting_for_target_ready
2025-03-06 22:29:00,240 : INFO : EventManager : Event: ======'balldevice_bd_trough_ball_eject_attempt'====== Args={'balls': 1, 'target': <ball_device.bd_plunger_lane>, 'source': <ball_device.bd_trough>, 'mechanical_eject': True, 'num_attempts': 0}
2025-03-06 22:29:00,240 : INFO : ball_device.bd_plunger_lane : State: waiting_for_ball
2025-03-06 22:29:00,240 : INFO : ball_device.bd_trough : State: ejecting
2025-03-06 22:29:00,240 : INFO : ball_device.bd_trough : Ejecting ball to <ball_device.bd_plunger_lane>
2025-03-06 22:29:00,240 : INFO : EventManager : Event: ======'balldevice_bd_trough_ejecting_ball'====== Args={'balls': 1, 'target': <ball_device.bd_plunger_lane>, 'source': <ball_device.bd_trough>, 'mechanical_eject': True, 'num_attempts': 0}
2025-03-06 22:29:00,241 : INFO : ball_device.bd_trough : Wait for ball to leave device
2025-03-06 22:29:00,241 : INFO : coil.c_trough_release : Pulsing Driver for 20ms (1.0 pulse_power)
2025-03-06 22:29:00,241 : INFO : SwitchController : <<<<<<< 's_trough1' inactive >>>>>>>
2025-03-06 22:29:00,246 : INFO : ball_device.bd_trough : State: ball_left
2025-03-06 22:29:00,246 : INFO : ball_device.bd_trough : Ball left
2025-03-06 22:29:00,246 : INFO : ball_device.bd_trough : Wait for confirm with timeout 3.0
2025-03-06 22:29:00,339 : INFO : SwitchController : <<<<<<< 's_plunger_lane' active >>>>>>>
2025-03-06 22:29:00,342 : INFO : EventManager : Event: ======'machine_var_audits_switches_s_plunger_lane'====== Args={'value': 81, 'prev_value': 80, 'change': 1}
2025-03-06 22:29:00,855 : INFO : ball_device.bd_plunger_lane : Received ball from <ball_device.bd_trough>
2025-03-06 22:29:00,855 : INFO : EventManager : Event: ======'balldevice_bd_plunger_lane_ball_enter'====== Args={'new_balls': 1, 'unclaimed_balls': 0, 'new_available_balls': 0, 'device': <ball_device.bd_plunger_lane>}
2025-03-06 22:29:00,856 : INFO : EventManager : Event: ======'balldevice_bd_plunger_lane_ball_entered'====== Args={'new_balls': 0, 'device': <ball_device.bd_plunger_lane>}
2025-03-06 22:29:00,857 : INFO : EventManager : Event: ======'balldevice_bd_plunger_lane_ball_count_changed'====== Args={'balls': 1}
2025-03-06 22:29:00,857 : INFO : ball_device.bd_trough : Got eject confirm
2025-03-06 22:29:00,857 : INFO : ball_device.bd_trough : Eject successful
2025-03-06 22:29:00,857 : INFO : EventManager : Event: ======'balldevice_bd_trough_ball_eject_success'====== Args={'balls': 1, 'target': <ball_device.bd_plunger_lane>}
2025-03-06 22:29:00,857 : INFO : ball_device.bd_plunger_lane : State: waiting_for_target_ready
2025-03-06 22:29:00,857 : INFO : EventManager : Event: ======'balldevice_bd_plunger_lane_ball_eject_attempt'====== Args={'balls': 1, 'target': <playfield.playfield>, 'source': <ball_device.bd_plunger_lane>, 'mechanical_eject': True, 'num_attempts': 0}
2025-03-06 22:29:00,857 : INFO : EventManager : Event: ======'balldevice_bd_trough_ball_count_changed'====== Args={'balls': 2}
2025-03-06 22:29:00,859 : INFO : ball_device.bd_trough : State: idle
2025-03-06 22:29:00,859 : INFO : ball_device.bd_plunger_lane : State: ejecting
2025-03-06 22:29:00,860 : INFO : ball_device.bd_plunger_lane : Ejecting ball to <playfield.playfield>
2025-03-06 22:29:00,860 : INFO : EventManager : Event: ======'balldevice_bd_plunger_lane_ejecting_ball'====== Args={'balls': 1, 'target': <playfield.playfield>, 'source': <ball_device.bd_plunger_lane>, 'mechanical_eject': True, 'num_attempts': 0}
2025-03-06 22:29:00,861 : INFO : ball_device.bd_plunger_lane : Wait for ball to leave device
2025-03-06 22:29:01,172 : INFO : SwitchController : <<<<<<< 's_trough1' active >>>>>>>
2025-03-06 22:29:01,173 : INFO : EventManager : Event: ======'machine_var_audits_switches_s_trough1'====== Args={'value': 57, 'prev_value': 56, 'change': 1}
2025-03-06 22:29:01,481 : INFO : EventManager : Event: ======'balldevice_bd_trough_ball_count_changed'====== Args={'balls': 3}
2025-03-06 22:29:01,482 : INFO : ball_device.bd_trough : Received unexpected ball
2025-03-06 22:29:01,482 : INFO : EventManager : Event: ======'balldevice_captured_from_playfield'====== Args={'balls': 1}
2025-03-06 22:29:01,483 : INFO : EventManager : Event: ======'sw_playfield_active'====== Args={'balls': 1}
2025-03-06 22:29:01,484 : INFO : EventManager : Event: ======'playfield_active'====== Args={}
2025-03-06 22:29:01,484 : INFO : EventManager : Event: ======'playfield_ball_count_change'====== Args={'balls': -1, 'change': -1}
2025-03-06 22:29:01,484 : INFO : EventManager : Event: ======'balldevice_playfield_ball_enter'====== Args={'new_balls': 1, 'unclaimed_balls': 1, 'device': <playfield.playfield>}
2025-03-06 22:29:01,485 : INFO : EventManager : Event: ======'playfield_ball_count_change'====== Args={'balls': 0, 'change': 1}
2025-03-06 22:29:01,485 : INFO : BallController : Found a new ball which was captured from playfield. Known balls: 4
2025-03-06 22:29:01,485 : INFO : EventManager : Event: ======'found_new_ball'====== Args={}
2025-03-06 22:29:01,485 : INFO : EventManager : Event: ======'balldevice_bd_trough_ball_enter'====== Args={'new_balls': 1, 'unclaimed_balls': 1, 'new_available_balls': 1, 'device': <ball_device.bd_trough>}
2025-03-06 22:29:01,486 : INFO : EventManager : Event: ======'ball_drain'====== Args={'device': <ball_device.bd_trough>, 'balls': 1}
2025-03-06 22:29:01,486 : INFO : EventManager : Event: ======'ball_will_end'====== Args={}
2025-03-06 22:29:01,486 : INFO : EventManager : Event: ======'balldevice_balls_available'====== Args={}
2025-03-06 22:29:01,487 : INFO : EventManager : Event: ======'balldevice_bd_trough_ball_entered'====== Args={'new_balls': 1, 'device': <ball_device.bd_trough>}
2025-03-06 22:29:01,487 : INFO : EventManager : Event: ======'ball_ending'====== Args={}
2025-03-06 22:29:01,488 : INFO : EventManager : Event: ======'mode_base_will_stop'====== Args={}
2025-03-06 22:29:01,488 : INFO : EventManager : Event: ======'mode_base_stopping'====== Args={}
2025-03-06 22:29:01,488 : INFO : Mode.base : Stopped.
2025-03-06 22:29:01,488 : INFO : EventManager : Event: ======'modes_active_modes_changed'====== Args={}
2025-03-06 22:29:01,489 : INFO : EventManager : Event: ======'mode_base_stopped'====== Args={}
2025-03-06 22:29:01,489 : INFO : EventManager : Event: ======'clear'====== Args={'key': 'base'}
2025-03-06 22:29:01,533 : INFO : EventManager : Event: ======'ball_ended'====== Args={}
2025-03-06 22:29:01,536 : INFO : EventManager : Event: ======'slide_base.slide_player-mode_base_started_removed'====== Args={'_from_bcp': True}
2025-03-06 22:29:01,536 : INFO : EventManager : Event: ======'slide_welcome_slide_active'====== Args={'_from_bcp': True}
2025-03-06 22:29:01,536 : INFO : EventManager : Event: ======'player_turn_will_end'====== Args={'player': <Player 4>, 'number': 4}
2025-03-06 22:29:01,539 : INFO : EventManager : Event: ======'player_turn_ending'====== Args={'player': <Player 4>, 'number': 4}
2025-03-06 22:29:01,539 : INFO : EventManager : Event: ======'player_turn_ended'====== Args={'player': <Player 4>, 'number': 4}
2025-03-06 22:29:01,539 : INFO : EventManager : Event: ======'player_turn_will_start'====== Args={'player': <Player 1>, 'number': 1}
2025-03-06 22:29:01,539 : INFO : EventManager : Event: ======'player_turn_starting'====== Args={'player': <Player 1>, 'number': 1}
2025-03-06 22:29:01,539 : INFO : EventManager : Event: ======'player_ball'====== Args={'value': 2, 'prev_value': 1, 'change': 1, 'player_num': 1}
2025-03-06 22:29:01,539 : INFO : EventManager : Event: ======'player_turn_started'====== Args={'player': <Player 1>, 'number': 1}
2025-03-06 22:29:01,540 : INFO : EventManager : Event: ======'ball_will_start'====== Args={'player': 1, 'ball': 2, 'balls_remaining': 1, 'is_extra_ball': False}
2025-03-06 22:29:01,543 : INFO : BallController : Found 1 ball(s) on playfield.
2025-03-06 22:29:01,543 : WARNING : BallController : Playfields still contain balls. Waiting for those to drain.
2025-03-06 22:29:02,556 : INFO : BallController : Found 1 ball(s) on playfield.
2025-03-06 22:29:02,557 : WARNING : BallController : Playfields still contain balls. Waiting for those to drain.
2025-03-06 22:29:03,411 : INFO : Machine : Shutting down...
2025-03-06 22:29:03,412 : INFO : EventManager : Event: ======'shutdown'====== Args={}
2025-03-06 22:29:03,415 : INFO : EventManager : Event: ======'mode_game_will_stop'====== Args={}
2025-03-06 22:29:03,418 : INFO : EventManager : Event: ======'mode_game_stopping'====== Args={}
2025-03-06 22:29:03,419 : INFO : Mode.game : Stopped.
2025-03-06 22:29:03,419 : INFO : EventManager : Event: ======'modes_active_modes_changed'====== Args={}
2025-03-06 22:29:03,419 : INFO : EventManager : Event: ======'mode_game_stopped'====== Args={}
2025-03-06 22:29:03,419 : INFO : EventManager : Event: ======'clear'====== Args={'key': 'game'}
2025-03-06 22:29:03,422 : INFO : root : MPF run loop ended.
