2025-03-05 21:51:40,939 : kivy : deps: Successfully imported "kivy_deps.gstreamer" 0.3.3
2025-03-05 21:51:40,939 : kivy : deps: Successfully imported "kivy_deps.angle" 0.3.3
2025-03-05 21:51:40,939 : kivy : deps: Successfully imported "kivy_deps.glew" 0.3.1
2025-03-05 21:51:40,939 : kivy : deps: Successfully imported "kivy_deps.sdl2" 0.6.0
2025-03-05 21:51:40,939 : kivy : Kivy: v2.2.1
2025-03-05 21:51:40,939 : kivy : Kivy: Installed at "C:\Users\duffb\.pyenv\pyenv-win\versions\3.11.0\Lib\site-packages\kivy\__init__.py"
2025-03-05 21:51:40,939 : kivy : Python: v3.11.0 (main, Oct 24 2022, 18:26:48) [MSC v.1933 64 bit (AMD64)]
2025-03-05 21:51:40,940 : kivy : Python: Interpreter at "C:\Users\duffb\.pyenv\pyenv-win\versions\3.11.0\python.exe"
2025-03-05 21:51:40,954 : kivy : Factory: 190 symbols loaded
2025-03-05 21:51:41,098 : kivy : ImageLoaderFFPy: Using ffpyplayer 4.5.1
2025-03-05 21:51:41,098 : kivy : Image: Providers: img_tex, img_dds, img_sdl2, img_pil, img_ffpyplayer 
2025-03-05 21:51:41,300 : kivy : VideoGstplayer: Using Gstreamer 1.18.5.0
2025-03-05 21:51:41,301 : kivy : Video: Provider: gstplayer
2025-03-05 21:51:41,381 : root : Loading MPF-MC controller
2025-03-05 21:51:41,404 : YamlMultifileConfigLoader : Machine config file #1: config
2025-03-05 21:51:41,404 : ConfigProcessor : Config file in cache changed: C:\Users\duffb\OneDrive\Documents\Python Envs\PinBallWW1\Machine\config\config
2025-03-05 21:51:41,404 : ConfigProcessor : Loading config from file C:\Users\duffb\.pyenv\pyenv-win\versions\3.11.0\Lib\site-packages\mpfmc\mcconfig.yaml.
2025-03-05 21:51:41,410 : ConfigProcessor : Loading config: C:\Users\duffb\.pyenv\pyenv-win\versions\3.11.0\Lib\site-packages\mpfmc\mcconfig.yaml
2025-03-05 21:51:41,411 : ConfigProcessor : Loading config from file C:\Users\duffb\OneDrive\Documents\Python Envs\PinBallWW1\Machine\config\config.
2025-03-05 21:51:41,413 : ConfigProcessor : Loading config: C:\Users\duffb\OneDrive\Documents\Python Envs\PinBallWW1\Machine\config\config
2025-03-05 21:51:41,414 : ConfigProcessor : Config file cache created: C:\Users\duffb\AppData\Local\Temp\de7a4651692d89380cb727f0a44dc491.mpf_cache
2025-03-05 21:51:41,415 : ConfigProcessor : Loading config from cache: C:\Users\duffb\AppData\Local\Temp\2d51d76727b268a801d8dd7a18b89879.mpf_cache
2025-03-05 21:51:41,415 : ConfigProcessor : Loading config from cache: C:\Users\duffb\AppData\Local\Temp\9f058d482eac17116727d62a93500be7.mpf_cache
2025-03-05 21:51:41,415 : mpfmc : Mission Pinball Framework Media Controller (MPF-MC) v0.57.1. Requires MPF v0.57.0 or newer.
2025-03-05 21:51:41,416 : mpfmc : Found MPF v0.57.0
2025-03-05 21:51:41,416 : mpfmc : Machine path: C:\Users\duffb\OneDrive\Documents\Python Envs\PinBallWW1\Machine
2025-03-05 21:51:41,416 : mpfmc : Starting clock at 60.0Hz
2025-03-05 21:51:41,431 : kivy : Text: Provider: sdl2
2025-03-05 21:51:41,591 : kivy : Window: Provider: sdl2
2025-03-05 21:51:41,875 : kivy : GL: Using the "OpenGL" graphics system
2025-03-05 21:51:41,876 : kivy : GL: GLEW initialization succeeded
2025-03-05 21:51:41,876 : kivy : GL: Backend used <glew>
2025-03-05 21:51:41,876 : kivy : GL: OpenGL version <b'4.6.0 - Build 31.0.101.5592'>
2025-03-05 21:51:41,877 : kivy : GL: OpenGL vendor <b'Intel'>
2025-03-05 21:51:41,877 : kivy : GL: OpenGL renderer <b'Intel(R) UHD Graphics'>
2025-03-05 21:51:41,877 : kivy : GL: OpenGL parsed version: 4, 6
2025-03-05 21:51:41,877 : kivy : GL: Shading version <b'4.60 - Build 31.0.101.5592'>
2025-03-05 21:51:41,877 : kivy : GL: Texture max size <16384>
2025-03-05 21:51:41,877 : kivy : GL: Texture max units <32>
2025-03-05 21:51:41,899 : kivy : Window: auto add sdl2 input provider
2025-03-05 21:51:41,899 : kivy : Window: virtual keyboard not allowed, single mode, not docked
2025-03-05 21:51:42,316 : AudioInterface : Initialized
2025-03-05 21:51:42,316 : AudioInterface : Loaded SDL 2.26.4
2025-03-05 21:51:42,316 : AudioInterface : Loaded SDL_Mixer 2.6.3
2025-03-05 21:51:42,316 : AudioInterface : Loaded GStreamer 1.18.5.0
2025-03-05 21:51:42,316 : AudioInterface : Loaded GLib 2.62.6
2025-03-05 21:51:42,316 : AudioInterface : Settings requested - rate: 44100, channels: 1, buffer: 2048 samples
2025-03-05 21:51:42,317 : AudioInterface : Settings in use - rate: 44100, channels: 1, buffer: 2048 samples (4096 bytes @ 2 bytes per sample)
2025-03-05 21:51:42,317 : SoundSystem : Setting master volume to 0.0
2025-03-05 21:51:42,317 : AudioInterface : Enabling audio playback
2025-03-05 21:51:42,319 : kivy : Base: Start application main loop
2025-03-05 21:51:42,319 : EventManager : Event: ======'display_window_initialized'====== Args={}
2025-03-05 21:51:42,337 : mpfmc : Display: Setting 'window' as default display
2025-03-05 21:51:42,343 : EventManager : Event: ======'displays_initialized'====== Args={}
2025-03-05 21:51:42,344 : EventManager : Event: ======'slide_window_blank_created'====== Args={}
2025-03-05 21:51:42,344 : EventManager : Event: ======'display_window_ready'====== Args={}
2025-03-05 21:51:42,360 : EventManager : Event: ======'init_phase_1'====== Args={}
2025-03-05 21:51:42,365 : EventManager : Event: ======'mc_ready'====== Args={}
2025-03-05 21:51:42,366 : EventManager : Event: ======'init_phase_2'====== Args={}
2025-03-05 21:51:42,367 : EventManager : Event: ======'init_phase_3'====== Args={}
2025-03-05 21:51:42,368 : EventManager : Event: ======'init_phase_4'====== Args={}
2025-03-05 21:51:42,368 : EventManager : Event: ======'init_phase_5'====== Args={}
2025-03-05 21:51:42,395 : kivy : GL: NPOT texture support is available
2025-03-05 21:51:42,402 : EventManager : Event: ======'loading_assets'====== Args={'total': 1, 'loaded': 1, 'remaining': 0, 'percent': 100}
2025-03-05 21:51:42,403 : AssetManager : Asset loading took: 0.08623528480529785
2025-03-05 21:51:42,403 : EventManager : Event: ======'asset_loading_complete'====== Args={}
2025-03-05 21:51:42,403 : AssetManager : Loading assets: 1/1 (100%)
2025-03-05 21:51:42,403 : EventManager : Event: ======'init_done'====== Args={}
2025-03-05 21:51:42,403 : MPF-MC BCP Server : Starting up on localhost port 5050
2025-03-05 21:51:42,411 : MPF-MC BCP Server : Waiting for a connection...
2025-03-05 21:51:42,414 : EventManager : Event: ======'slide_welcome_slide_created'====== Args={}
2025-03-05 21:51:42,415 : EventManager : Event: ======'slide_welcome_slide_active'====== Args={}
2025-03-05 21:51:42,416 : EventManager : Event: ======'client_disconnected'====== Args={'host': '127.0.0.1', 'port': 5050}
2025-03-05 21:51:45,623 : kivy : Base: Leaving application in progress...
2025-03-05 21:51:45,623 : mpfmc : Stopping...
2025-03-05 21:51:45,625 : EventManager : Event: ======'shutdown'====== Args={}
2025-03-05 21:51:45,625 : AudioInterface : Disabling audio playback
2025-03-05 21:51:45,773 : mpfmc : Loop rate 72.92 Hz
2025-03-05 21:51:45,774 : root : MC run loop ended.
2025-03-05 21:51:45,774 : root : Stopping child threads... (3 remaining)
2025-03-05 21:51:46,413 : MPF-MC BCP Server : Stopping BCP sending thread
2025-03-05 21:51:46,417 : MPF-MC BCP Server : Stopping BCP listener thread
2025-03-05 21:51:46,479 : root : All child threads stopped.
