2025-03-05 21:47:18,710 : INFO : root : Loading config.
2025-03-05 21:47:18,713 : INFO : YamlMultifileConfigLoader : Machine config file #1: config.yaml
2025-03-05 21:47:18,714 : WARNING : ConfigProcessor : Config file in cache changed: C:\Users\duffb\OneDrive\Documents\Python Envs\PinBallWW1\Machine\config\config.yaml
2025-03-05 21:47:18,714 : INFO : ConfigProcessor : Loading config from file C:\Users\duffb\.pyenv\pyenv-win\versions\3.11.0\Lib\site-packages\mpf\mpfconfig.yaml.
2025-03-05 21:47:18,723 : INFO : ConfigProcessor : Loading config: C:\Users\duffb\.pyenv\pyenv-win\versions\3.11.0\Lib\site-packages\mpf\mpfconfig.yaml
2025-03-05 21:47:18,724 : INFO : ConfigProcessor : Loading config from file C:\Users\duffb\OneDrive\Documents\Python Envs\PinBallWW1\Machine\config\config.yaml.
2025-03-05 21:47:18,739 : INFO : ConfigProcessor : Loading config: C:\Users\duffb\OneDrive\Documents\Python Envs\PinBallWW1\Machine\config\config.yaml
2025-03-05 21:47:18,741 : INFO : ConfigProcessor : Config file cache created: C:\Users\duffb\AppData\Local\Temp\cadfdee4981114acd6fff59d1071b59b.mpf_cache
2025-03-05 21:47:18,815 : INFO : ConfigProcessor : Loading config from cache: C:\Users\duffb\AppData\Local\Temp\2d51d76727b268a801d8dd7a18b89879.mpf_cache
2025-03-05 21:47:18,815 : INFO : ConfigProcessor : Loading config from cache: C:\Users\duffb\AppData\Local\Temp\9f058d482eac17116727d62a93500be7.mpf_cache
2025-03-05 21:47:18,816 : INFO : Machine : Mission Pinball Framework Core Engine v0.57.0
2025-03-05 21:47:18,816 : INFO : Machine : Command line arguments: {'no_load_cache': False, 'create_config_cache': True, 'bcp': True, 'configfile': ['config.yaml'], 'force_assets_load': False, 'platform_integration_test': False, 'jsonlogging': False, 'logfile': 'logs\\2025-03-05-21-47-18-mpf-T0SHIII.log', 'pause': False, 'production': False, 'text_ui': True, 'loglevel': 15, 'consoleloglevel': 20, 'force_platform': None, 'syslog_address': None, 'mc_file_name': None, 'no_sound': False}
2025-03-05 21:47:18,817 : INFO : Machine : MPF path: C:\Users\duffb\.pyenv\pyenv-win\versions\3.11.0\Lib\site-packages\mpf
2025-03-05 21:47:18,817 : INFO : Machine : Machine path: C:\Users\duffb\OneDrive\Documents\Python Envs\PinBallWW1\Machine
2025-03-05 21:47:18,817 : INFO : Machine : Platform: win32
2025-03-05 21:47:18,817 : INFO : Machine : Python executable location: C:\Users\duffb\.pyenv\pyenv-win\versions\3.11.0\python.exe
2025-03-05 21:47:18,817 : INFO : Machine : Python version: 3.11.0 (64-bit)
2025-03-05 21:47:18,818 : INFO : Machine : Initializing MPF...
2025-03-05 21:47:19,006 : INFO : EventManager : Event: ======'machine_var_credits_string'====== Args={'value': 'FREE PLAY', 'prev_value': None, 'change': True}
2025-03-05 21:47:19,047 : INFO : EventManager : Event: ======'machine_var_master_volume'====== Args={'value': 0.5, 'prev_value': None, 'change': True}
2025-03-05 21:47:19,047 : INFO : EventManager : Event: ======'machine_var_mpf_version'====== Args={'value': 'Mission Pinball Framework v0.57.0', 'prev_value': None, 'change': True}
2025-03-05 21:47:19,047 : INFO : EventManager : Event: ======'machine_var_mpf_extended_version'====== Args={'value': 'Mission Pinball Framework v0.57.0, Config version:6, Show version: 6, BCP version:1.1', 'prev_value': None, 'change': True}
2025-03-05 21:47:19,047 : INFO : EventManager : Event: ======'machine_var_python_version'====== Args={'value': '3.11.0', 'prev_value': None, 'change': True}
2025-03-05 21:47:19,061 : INFO : EventManager : Event: ======'machine_var_platform'====== Args={'value': 'Windows-10-10.0.26100-SP0', 'prev_value': None, 'change': True}
2025-03-05 21:47:19,061 : INFO : EventManager : Event: ======'machine_var_platform_system'====== Args={'value': 'Windows', 'prev_value': None, 'change': True}
2025-03-05 21:47:19,061 : INFO : EventManager : Event: ======'machine_var_platform_release'====== Args={'value': '10', 'prev_value': None, 'change': True}
2025-03-05 21:47:19,061 : INFO : EventManager : Event: ======'machine_var_platform_version'====== Args={'value': '10.0.26100', 'prev_value': None, 'change': True}
2025-03-05 21:47:19,061 : INFO : EventManager : Event: ======'machine_var_platform_machine'====== Args={'value': 'AMD64', 'prev_value': None, 'change': True}
2025-03-05 21:47:19,061 : INFO : EventManager : Event: ======'init_phase_1'====== Args={}
2025-03-05 21:47:19,078 : INFO : EventManager : Event: ======'init_phase_2'====== Args={}
2025-03-05 21:47:19,078 : INFO : SwitchController : Found active switch: ('8', <Platform.SmartVirtual>) <switch.s_trough_enter>
2025-03-05 21:47:19,078 : INFO : SwitchController : Found active switch: ('7', <Platform.SmartVirtual>) <switch.s_trough1>
2025-03-05 21:47:19,078 : INFO : SwitchController : Found active switch: ('10', <Platform.SmartVirtual>) <switch.s_trough2>
2025-03-05 21:47:19,078 : INFO : SwitchController : Found active switch: ('11', <Platform.SmartVirtual>) <switch.s_trough3>
2025-03-05 21:47:19,079 : INFO : EventManager : Event: ======'bcp_connection_attempt'====== Args={'name': 'local_display', 'host': 'localhost', 'port': 5050}
2025-03-05 21:47:19,080 : INFO : BCPClientSocket : Connecting BCP to 'local_display' at localhost:5050...
2025-03-05 21:47:21,116 : INFO : BCPClientSocket : Connected BCP to 'local_display' localhost:5050
2025-03-05 21:47:21,119 : INFO : EventManager : Event: ======'bcp_clients_connected'====== Args={}
2025-03-05 21:47:21,311 : INFO : EventManager : Event: ======'machine_var_mc_version'====== Args={'value': 'MPF-MC v0.57.1', 'prev_value': None, 'change': True}
2025-03-05 21:47:21,311 : INFO : EventManager : Event: ======'machine_var_mc_extended_version'====== Args={'value': 'MPF-MC v0.57.1 (config_version=6, BCP v1.1,                      Requires MPF API compatibility v0.57.0 or newer)', 'prev_value': None, 'change': True}
2025-03-05 21:47:21,312 : INFO : ball_device.bd_drain : BCH: Initial count: 0
2025-03-05 21:47:21,335 : INFO : ball_device.bd_drain : State: idle
2025-03-05 21:47:21,335 : INFO : ball_device.bd_trough : BCH: Initial count: 3
2025-03-05 21:47:21,335 : INFO : ball_device.bd_trough : State: idle
2025-03-05 21:47:21,336 : INFO : ball_device.bd_plunger_lane : BCH: Initial count: 0
2025-03-05 21:47:21,336 : INFO : ball_device.bd_plunger_lane : State: idle
2025-03-05 21:47:21,342 : INFO : EventManager : Event: ======'init_phase_3'====== Args={}
2025-03-05 21:47:21,343 : INFO : EventManager : Event: ======'init_phase_4'====== Args={}
2025-03-05 21:47:21,343 : INFO : BallController : Initial balls found: 3
2025-03-05 21:47:21,345 : INFO : EventManager : Event: ======'machine_var_audits_switches_s_left_flipper'====== Args={'value': 0, 'prev_value': None, 'change': True}
2025-03-05 21:47:21,345 : INFO : EventManager : Event: ======'machine_var_audits_switches_s_playfield_entry'====== Args={'value': 0, 'prev_value': None, 'change': True}
2025-03-05 21:47:21,346 : INFO : EventManager : Event: ======'machine_var_audits_switches_s_trough3'====== Args={'value': 0, 'prev_value': None, 'change': True}
2025-03-05 21:47:21,346 : INFO : EventManager : Event: ======'machine_var_audits_switches_s_trough1'====== Args={'value': 0, 'prev_value': None, 'change': True}
2025-03-05 21:47:21,346 : INFO : EventManager : Event: ======'machine_var_audits_switches_s_trough_enter'====== Args={'value': 0, 'prev_value': None, 'change': True}
2025-03-05 21:47:21,346 : INFO : EventManager : Event: ======'machine_var_audits_switches_s_launcher_button'====== Args={'value': 0, 'prev_value': None, 'change': True}
2025-03-05 21:47:21,346 : INFO : EventManager : Event: ======'machine_var_audits_switches_s_drain'====== Args={'value': 0, 'prev_value': None, 'change': True}
2025-03-05 21:47:21,346 : INFO : EventManager : Event: ======'machine_var_audits_switches_s_trough2'====== Args={'value': 0, 'prev_value': None, 'change': True}
2025-03-05 21:47:21,346 : INFO : EventManager : Event: ======'machine_var_audits_switches_s_plunger_lane'====== Args={'value': 0, 'prev_value': None, 'change': True}
2025-03-05 21:47:21,346 : INFO : EventManager : Event: ======'machine_var_audits_switches_s_right_flipper'====== Args={'value': 0, 'prev_value': None, 'change': True}
2025-03-05 21:47:21,347 : INFO : EventManager : Event: ======'machine_var_audits_events_game_started'====== Args={'value': 0, 'prev_value': None, 'change': True}
2025-03-05 21:47:21,347 : INFO : EventManager : Event: ======'machine_var_audits_events_game_ended'====== Args={'value': 0, 'prev_value': None, 'change': True}
2025-03-05 21:47:21,347 : INFO : EventManager : Event: ======'machine_var_audits_player_score'====== Args={'value': {'top': [], 'average': 0, 'total': 0}, 'prev_value': None, 'change': True}
2025-03-05 21:47:21,347 : INFO : EventManager : Event: ======'init_phase_5'====== Args={}
2025-03-05 21:47:21,358 : INFO : EventManager : Event: ======'init_done'====== Args={}
2025-03-05 21:47:21,359 : INFO : EventManager : Event: ======'machine_reset_phase_1'====== Args={}
2025-03-05 21:47:21,360 : INFO : EventManager : Event: ======'slide_welcome_slide_removed'====== Args={'_from_bcp': True}
2025-03-05 21:47:21,362 : INFO : EventManager : Event: ======'slide_welcome_slide_created'====== Args={'_from_bcp': True}
2025-03-05 21:47:21,362 : INFO : EventManager : Event: ======'machine_reset_phase_2'====== Args={}
2025-03-05 21:47:21,362 : INFO : EventManager : Event: ======'machine_reset_phase_3'====== Args={}
2025-03-05 21:47:21,363 : INFO : EventManager : Event: ======'reset_complete'====== Args={}
2025-03-05 21:47:21,363 : INFO : EventManager : Event: ======'mode_attract_will_start'====== Args={}
2025-03-05 21:47:21,363 : INFO : EventManager : Event: ======'mode_attract_starting'====== Args={}
2025-03-05 21:47:21,363 : INFO : Mode.attract : Started. Priority: 10
2025-03-05 21:47:21,363 : INFO : EventManager : Event: ======'modes_active_modes_changed'====== Args={}
2025-03-05 21:47:21,363 : INFO : EventManager : Event: ======'mode_attract_started'====== Args={}
2025-03-05 21:47:21,363 : INFO : EventManager : Event: ======'collecting_balls_complete'====== Args={}
2025-03-05 21:47:21,380 : INFO : EventManager : Event: ======'slide_welcome_slide_active'====== Args={'_from_bcp': True}
2025-03-05 21:47:21,380 : INFO : Machine : Starting the main run loop.
2025-03-05 21:47:24,089 : INFO : SwitchController : <<<<<<< 's_trough1' inactive >>>>>>>
2025-03-05 21:47:29,626 : INFO : EventManager : Event: ======'balldevice_bd_trough_ball_count_changed'====== Args={'balls': 2}
2025-03-05 21:47:29,626 : WARNING : ball_device.bd_trough : Ball disappeared while idle. This should not normally happen.
2025-03-05 21:47:29,627 : INFO : EventManager : Event: ======'balldevice_playfield_ball_enter'====== Args={'new_balls': 1, 'unclaimed_balls': 1, 'device': <playfield.playfield>}
2025-03-05 21:47:29,627 : INFO : EventManager : Event: ======'playfield_ball_count_change'====== Args={'balls': 1, 'change': 1}
2025-03-05 21:47:29,627 : INFO : ball_device.bd_trough : 1 ball(s) missing from device. Mechanical eject? False
2025-03-05 21:47:29,628 : INFO : EventManager : Event: ======'balldevice_bd_trough_ball_missing'====== Args={'balls': 1}
2025-03-05 21:47:29,628 : INFO : EventManager : Event: ======'balldevice_ball_missing'====== Args={'balls': 1, 'name': 'bd_trough'}
2025-03-05 21:47:30,634 : INFO : SwitchController : <<<<<<< 's_trough1' active >>>>>>>
2025-03-05 21:47:31,155 : INFO : EventManager : Event: ======'balldevice_bd_trough_ball_count_changed'====== Args={'balls': 3}
2025-03-05 21:47:31,156 : INFO : ball_device.bd_trough : Received unexpected ball
2025-03-05 21:47:31,157 : INFO : EventManager : Event: ======'balldevice_captured_from_playfield'====== Args={'balls': 1}
2025-03-05 21:47:31,157 : INFO : EventManager : Event: ======'sw_playfield_active'====== Args={'balls': 1}
2025-03-05 21:47:31,157 : INFO : EventManager : Event: ======'playfield_ball_count_change'====== Args={'balls': 0, 'change': -1}
2025-03-05 21:47:31,159 : INFO : EventManager : Event: ======'balldevice_bd_trough_ball_enter'====== Args={'new_balls': 1, 'unclaimed_balls': 1, 'new_available_balls': 1, 'device': <ball_device.bd_trough>}
2025-03-05 21:47:31,159 : INFO : EventManager : Event: ======'ball_drain'====== Args={'device': <ball_device.bd_trough>, 'balls': 1}
2025-03-05 21:47:31,160 : INFO : EventManager : Event: ======'balldevice_balls_available'====== Args={}
2025-03-05 21:47:31,160 : INFO : EventManager : Event: ======'balldevice_bd_trough_ball_entered'====== Args={'new_balls': 1, 'device': <ball_device.bd_trough>}
2025-03-05 21:47:32,990 : INFO : SwitchController : <<<<<<< 's_launcher_button' active >>>>>>>
2025-03-05 21:47:33,134 : INFO : SwitchController : <<<<<<< 's_launcher_button' inactive >>>>>>>
2025-03-05 21:47:33,734 : INFO : SwitchController : <<<<<<< 's_launcher_button' active >>>>>>>
2025-03-05 21:47:33,889 : INFO : SwitchController : <<<<<<< 's_launcher_button' inactive >>>>>>>
2025-03-05 21:47:34,013 : INFO : SwitchController : <<<<<<< 's_playfield_entry' active >>>>>>>
2025-03-05 21:47:34,013 : INFO : EventManager : Event: ======'sw_playfield_active'====== Args={}
2025-03-05 21:47:34,015 : INFO : EventManager : Event: ======'playfield_active'====== Args={}
2025-03-05 21:47:34,016 : INFO : EventManager : Event: ======'unexpected_ball_on_playfield'====== Args={}
2025-03-05 21:47:34,186 : INFO : SwitchController : <<<<<<< 's_playfield_entry' inactive >>>>>>>
2025-03-05 21:47:35,150 : INFO : SwitchController : <<<<<<< 's_right_flipper' active >>>>>>>
2025-03-05 21:47:35,347 : INFO : SwitchController : <<<<<<< 's_right_flipper' inactive >>>>>>>
2025-03-05 21:47:35,711 : INFO : SwitchController : <<<<<<< 's_right_flipper' active >>>>>>>
2025-03-05 21:47:35,929 : INFO : SwitchController : <<<<<<< 's_right_flipper' inactive >>>>>>>
2025-03-05 21:47:37,657 : INFO : SwitchController : <<<<<<< 's_playfield_entry' active >>>>>>>
2025-03-05 21:47:37,657 : INFO : EventManager : Event: ======'sw_playfield_active'====== Args={}
2025-03-05 21:47:37,658 : INFO : EventManager : Event: ======'playfield_active'====== Args={}
2025-03-05 21:47:37,658 : INFO : EventManager : Event: ======'unexpected_ball_on_playfield'====== Args={}
2025-03-05 21:47:37,805 : INFO : SwitchController : <<<<<<< 's_playfield_entry' inactive >>>>>>>
2025-03-05 21:47:37,943 : INFO : SwitchController : <<<<<<< 's_playfield_entry' active >>>>>>>
2025-03-05 21:47:37,943 : INFO : EventManager : Event: ======'sw_playfield_active'====== Args={}
2025-03-05 21:47:37,944 : INFO : EventManager : Event: ======'playfield_active'====== Args={}
2025-03-05 21:47:37,944 : INFO : EventManager : Event: ======'unexpected_ball_on_playfield'====== Args={}
2025-03-05 21:47:38,087 : INFO : SwitchController : <<<<<<< 's_playfield_entry' inactive >>>>>>>
2025-03-05 21:47:38,160 : INFO : SwitchController : <<<<<<< 's_playfield_entry' active >>>>>>>
2025-03-05 21:47:38,162 : INFO : EventManager : Event: ======'sw_playfield_active'====== Args={}
2025-03-05 21:47:38,164 : INFO : EventManager : Event: ======'playfield_active'====== Args={}
2025-03-05 21:47:38,165 : INFO : EventManager : Event: ======'unexpected_ball_on_playfield'====== Args={}
2025-03-05 21:47:38,294 : INFO : SwitchController : <<<<<<< 's_playfield_entry' inactive >>>>>>>
2025-03-05 21:47:38,368 : INFO : SwitchController : <<<<<<< 's_launcher_button' active >>>>>>>
2025-03-05 21:47:38,507 : INFO : SwitchController : <<<<<<< 's_launcher_button' inactive >>>>>>>
2025-03-05 21:47:38,603 : INFO : SwitchController : <<<<<<< 's_launcher_button' active >>>>>>>
2025-03-05 21:47:38,705 : INFO : SwitchController : <<<<<<< 's_launcher_button' inactive >>>>>>>
2025-03-05 21:47:38,830 : INFO : SwitchController : <<<<<<< 's_launcher_button' active >>>>>>>
2025-03-05 21:47:38,939 : INFO : SwitchController : <<<<<<< 's_launcher_button' inactive >>>>>>>
2025-03-05 21:47:39,016 : INFO : SwitchController : <<<<<<< 's_launcher_button' active >>>>>>>
2025-03-05 21:47:39,141 : INFO : SwitchController : <<<<<<< 's_launcher_button' inactive >>>>>>>
2025-03-05 21:47:39,689 : INFO : SwitchController : <<<<<<< 's_launcher_button' active >>>>>>>
2025-03-05 21:47:39,816 : INFO : SwitchController : <<<<<<< 's_launcher_button' inactive >>>>>>>
2025-03-05 21:47:40,043 : INFO : SwitchController : <<<<<<< 's_launcher_button' active >>>>>>>
2025-03-05 21:47:40,149 : INFO : SwitchController : <<<<<<< 's_launcher_button' inactive >>>>>>>
2025-03-05 21:47:40,297 : INFO : SwitchController : <<<<<<< 's_launcher_button' active >>>>>>>
2025-03-05 21:47:40,396 : INFO : SwitchController : <<<<<<< 's_launcher_button' inactive >>>>>>>
2025-03-05 21:47:40,517 : INFO : SwitchController : <<<<<<< 's_playfield_entry' active >>>>>>>
2025-03-05 21:47:40,517 : INFO : EventManager : Event: ======'sw_playfield_active'====== Args={}
2025-03-05 21:47:40,517 : INFO : EventManager : Event: ======'playfield_active'====== Args={}
2025-03-05 21:47:40,517 : INFO : EventManager : Event: ======'unexpected_ball_on_playfield'====== Args={}
2025-03-05 21:47:40,681 : INFO : SwitchController : <<<<<<< 's_playfield_entry' inactive >>>>>>>
2025-03-05 21:47:41,013 : INFO : SwitchController : <<<<<<< 's_plunger_lane' active >>>>>>>
2025-03-05 21:47:41,147 : INFO : SwitchController : <<<<<<< 's_plunger_lane' inactive >>>>>>>
2025-03-05 21:47:41,284 : INFO : SwitchController : <<<<<<< 's_plunger_lane' active >>>>>>>
2025-03-05 21:47:41,435 : INFO : SwitchController : <<<<<<< 's_plunger_lane' inactive >>>>>>>
2025-03-05 21:47:41,572 : INFO : SwitchController : <<<<<<< 's_plunger_lane' active >>>>>>>
2025-03-05 21:47:41,683 : INFO : SwitchController : <<<<<<< 's_plunger_lane' inactive >>>>>>>
2025-03-05 21:47:41,832 : INFO : SwitchController : <<<<<<< 's_plunger_lane' active >>>>>>>
2025-03-05 21:47:41,969 : INFO : SwitchController : <<<<<<< 's_plunger_lane' inactive >>>>>>>
2025-03-05 21:47:43,850 : INFO : SwitchController : <<<<<<< 's_trough2' inactive >>>>>>>
2025-03-05 21:47:44,259 : INFO : SwitchController : <<<<<<< 's_plunger_lane' active >>>>>>>
2025-03-05 21:47:44,524 : INFO : SwitchController : <<<<<<< 's_plunger_lane' inactive >>>>>>>
2025-03-05 21:47:44,723 : INFO : SwitchController : <<<<<<< 's_plunger_lane' active >>>>>>>
2025-03-05 21:47:45,217 : INFO : EventManager : Event: ======'balldevice_bd_plunger_lane_ball_count_changed'====== Args={'balls': 1}
2025-03-05 21:47:45,217 : INFO : ball_device.bd_plunger_lane : Received unexpected ball
2025-03-05 21:47:45,219 : INFO : EventManager : Event: ======'balldevice_captured_from_playfield'====== Args={'balls': 1}
2025-03-05 21:47:45,219 : INFO : EventManager : Event: ======'sw_playfield_active'====== Args={'balls': 1}
2025-03-05 21:47:45,219 : INFO : EventManager : Event: ======'playfield_active'====== Args={}
2025-03-05 21:47:45,219 : INFO : EventManager : Event: ======'unexpected_ball_on_playfield'====== Args={}
2025-03-05 21:47:45,219 : INFO : EventManager : Event: ======'playfield_ball_count_change'====== Args={'balls': -1, 'change': -1}
2025-03-05 21:47:45,220 : INFO : EventManager : Event: ======'balldevice_bd_plunger_lane_ball_enter'====== Args={'new_balls': 1, 'unclaimed_balls': 1, 'new_available_balls': 1, 'device': <ball_device.bd_plunger_lane>}
2025-03-05 21:47:45,220 : INFO : ball_device.bd_plunger_lane : Ejecting 1 unexpected balls using path deque([<ball_device.bd_plunger_lane>, <playfield.playfield>])
2025-03-05 21:47:45,221 : INFO : EventManager : Event: ======'balldevice_balls_available'====== Args={}
2025-03-05 21:47:45,221 : INFO : EventManager : Event: ======'balldevice_balls_available'====== Args={}
2025-03-05 21:47:45,221 : INFO : EventManager : Event: ======'balldevice_bd_plunger_lane_ball_entered'====== Args={'new_balls': 1, 'device': <ball_device.bd_plunger_lane>}
2025-03-05 21:47:45,223 : INFO : ball_device.bd_plunger_lane : State: waiting_for_target_ready
2025-03-05 21:47:45,225 : INFO : EventManager : Event: ======'balldevice_bd_plunger_lane_ball_eject_attempt'====== Args={'balls': 1, 'target': <playfield.playfield>, 'source': <ball_device.bd_plunger_lane>, 'mechanical_eject': False, 'num_attempts': 0}
2025-03-05 21:47:45,226 : INFO : ball_device.bd_plunger_lane : State: ejecting
2025-03-05 21:47:45,226 : INFO : ball_device.bd_plunger_lane : Ejecting ball to <playfield.playfield>
2025-03-05 21:47:45,226 : INFO : EventManager : Event: ======'balldevice_bd_plunger_lane_ejecting_ball'====== Args={'balls': 1, 'target': <playfield.playfield>, 'source': <ball_device.bd_plunger_lane>, 'mechanical_eject': False, 'num_attempts': 0}
2025-03-05 21:47:45,228 : INFO : ball_device.bd_plunger_lane : Wait for ball to leave device
2025-03-05 21:47:45,228 : INFO : coil.c_autolauncher : Pulsing Driver for 20ms (1.0 pulse_power)
2025-03-05 21:47:45,228 : INFO : SwitchController : <<<<<<< 's_plunger_lane' inactive >>>>>>>
2025-03-05 21:47:45,252 : WARNING : SwitchController : Received duplicate switch state 0 for switch s_plunger_lane from the platform interface. Log Code: Log-SwitchController-1 (https://missionpinball.org/logs)
2025-03-05 21:47:45,253 : INFO : ball_device.bd_plunger_lane : State: ball_left
2025-03-05 21:47:45,253 : INFO : ball_device.bd_plunger_lane : Ball left
2025-03-05 21:47:45,253 : INFO : ball_device.bd_plunger_lane : Wait for confirm with timeout 3.0
2025-03-05 21:47:45,295 : INFO : SwitchController : <<<<<<< 's_playfield_entry' active >>>>>>>
2025-03-05 21:47:45,296 : INFO : EventManager : Event: ======'sw_playfield_active'====== Args={}
2025-03-05 21:47:45,296 : INFO : EventManager : Event: ======'playfield_active'====== Args={}
2025-03-05 21:47:45,319 : INFO : SwitchController : <<<<<<< 's_playfield_entry' inactive >>>>>>>
2025-03-05 21:47:45,329 : INFO : ball_device.bd_plunger_lane : Got eject confirm
2025-03-05 21:47:45,329 : INFO : ball_device.bd_plunger_lane : Eject successful
2025-03-05 21:47:45,330 : INFO : EventManager : Event: ======'balldevice_bd_plunger_lane_ball_eject_success'====== Args={'balls': 1, 'target': <playfield.playfield>}
2025-03-05 21:47:45,330 : INFO : EventManager : Event: ======'balldevice_playfield_ball_enter'====== Args={'new_balls': 1, 'unclaimed_balls': 1, 'device': <playfield.playfield>}
2025-03-05 21:47:45,330 : INFO : EventManager : Event: ======'playfield_ball_count_change'====== Args={'balls': 0, 'change': 1}
2025-03-05 21:47:45,330 : INFO : EventManager : Event: ======'balldevice_bd_plunger_lane_ball_count_changed'====== Args={'balls': 0}
2025-03-05 21:47:45,501 : INFO : SwitchController : <<<<<<< 's_launcher_button' active >>>>>>>
2025-03-05 21:47:45,648 : INFO : SwitchController : <<<<<<< 's_launcher_button' inactive >>>>>>>
2025-03-05 21:47:45,750 : INFO : ball_device.bd_plunger_lane : State: idle
2025-03-05 21:47:45,960 : INFO : SwitchController : <<<<<<< 's_launcher_button' active >>>>>>>
2025-03-05 21:47:46,113 : INFO : SwitchController : <<<<<<< 's_launcher_button' inactive >>>>>>>
2025-03-05 21:47:46,170 : INFO : SwitchController : <<<<<<< 's_plunger_lane' active >>>>>>>
2025-03-05 21:47:46,336 : INFO : SwitchController : <<<<<<< 's_plunger_lane' inactive >>>>>>>
2025-03-05 21:47:46,531 : INFO : SwitchController : <<<<<<< 's_launcher_button' active >>>>>>>
2025-03-05 21:47:46,693 : INFO : SwitchController : <<<<<<< 's_launcher_button' inactive >>>>>>>
2025-03-05 21:47:46,807 : INFO : SwitchController : <<<<<<< 's_playfield_entry' active >>>>>>>
2025-03-05 21:47:46,808 : INFO : EventManager : Event: ======'sw_playfield_active'====== Args={}
2025-03-05 21:47:46,808 : INFO : EventManager : Event: ======'playfield_active'====== Args={}
2025-03-05 21:47:46,808 : INFO : EventManager : Event: ======'unexpected_ball_on_playfield'====== Args={}
2025-03-05 21:47:46,955 : INFO : SwitchController : <<<<<<< 's_playfield_entry' inactive >>>>>>>
2025-03-05 21:47:47,257 : INFO : SwitchController : <<<<<<< 's_launcher_button' active >>>>>>>
2025-03-05 21:47:47,430 : INFO : SwitchController : <<<<<<< 's_launcher_button' inactive >>>>>>>
2025-03-05 21:47:47,462 : INFO : SwitchController : <<<<<<< 's_playfield_entry' active >>>>>>>
2025-03-05 21:47:47,462 : INFO : EventManager : Event: ======'sw_playfield_active'====== Args={}
2025-03-05 21:47:47,463 : INFO : EventManager : Event: ======'playfield_active'====== Args={}
2025-03-05 21:47:47,463 : INFO : EventManager : Event: ======'unexpected_ball_on_playfield'====== Args={}
2025-03-05 21:47:47,617 : INFO : SwitchController : <<<<<<< 's_playfield_entry' inactive >>>>>>>
2025-03-05 21:47:47,653 : INFO : SwitchController : <<<<<<< 's_launcher_button' active >>>>>>>
2025-03-05 21:47:47,768 : INFO : SwitchController : <<<<<<< 's_launcher_button' inactive >>>>>>>
2025-03-05 21:47:47,798 : INFO : SwitchController : <<<<<<< 's_playfield_entry' active >>>>>>>
2025-03-05 21:47:47,798 : INFO : EventManager : Event: ======'sw_playfield_active'====== Args={}
2025-03-05 21:47:47,798 : INFO : EventManager : Event: ======'playfield_active'====== Args={}
2025-03-05 21:47:47,798 : INFO : EventManager : Event: ======'unexpected_ball_on_playfield'====== Args={}
2025-03-05 21:47:47,921 : INFO : SwitchController : <<<<<<< 's_playfield_entry' inactive >>>>>>>
2025-03-05 21:47:48,080 : INFO : SwitchController : <<<<<<< 's_plunger_lane' active >>>>>>>
2025-03-05 21:47:48,256 : INFO : SwitchController : <<<<<<< 's_plunger_lane' inactive >>>>>>>
2025-03-05 21:47:48,562 : INFO : SwitchController : <<<<<<< 's_launcher_button' active >>>>>>>
2025-03-05 21:47:48,786 : INFO : SwitchController : <<<<<<< 's_launcher_button' inactive >>>>>>>
2025-03-05 21:47:48,787 : INFO : SwitchController : <<<<<<< 's_playfield_entry' active >>>>>>>
2025-03-05 21:47:48,787 : INFO : EventManager : Event: ======'sw_playfield_active'====== Args={}
2025-03-05 21:47:48,787 : INFO : EventManager : Event: ======'playfield_active'====== Args={}
2025-03-05 21:47:48,787 : INFO : EventManager : Event: ======'unexpected_ball_on_playfield'====== Args={}
2025-03-05 21:47:48,958 : INFO : SwitchController : <<<<<<< 's_playfield_entry' inactive >>>>>>>
2025-03-05 21:47:49,081 : INFO : SwitchController : <<<<<<< 's_plunger_lane' active >>>>>>>
2025-03-05 21:47:49,255 : INFO : SwitchController : <<<<<<< 's_plunger_lane' inactive >>>>>>>
2025-03-05 21:47:49,306 : INFO : SwitchController : <<<<<<< 's_launcher_button' active >>>>>>>
2025-03-05 21:47:49,352 : INFO : EventManager : Event: ======'balldevice_bd_trough_ball_count_changed'====== Args={'balls': 2}
2025-03-05 21:47:49,352 : WARNING : ball_device.bd_trough : Ball disappeared while idle. This should not normally happen.
2025-03-05 21:47:49,353 : INFO : EventManager : Event: ======'balldevice_playfield_ball_enter'====== Args={'new_balls': 1, 'unclaimed_balls': 1, 'device': <playfield.playfield>}
2025-03-05 21:47:49,353 : INFO : EventManager : Event: ======'playfield_ball_count_change'====== Args={'balls': 1, 'change': 1}
2025-03-05 21:47:49,353 : INFO : ball_device.bd_trough : 1 ball(s) missing from device. Mechanical eject? False
2025-03-05 21:47:49,353 : INFO : EventManager : Event: ======'balldevice_bd_trough_ball_missing'====== Args={'balls': 1}
2025-03-05 21:47:49,353 : INFO : EventManager : Event: ======'balldevice_ball_missing'====== Args={'balls': 1, 'name': 'bd_trough'}
2025-03-05 21:47:49,530 : INFO : SwitchController : <<<<<<< 's_launcher_button' inactive >>>>>>>
2025-03-05 21:47:49,720 : INFO : SwitchController : <<<<<<< 's_plunger_lane' active >>>>>>>
2025-03-05 21:47:49,885 : INFO : SwitchController : <<<<<<< 's_launcher_button' active >>>>>>>
2025-03-05 21:47:49,906 : INFO : SwitchController : <<<<<<< 's_plunger_lane' inactive >>>>>>>
2025-03-05 21:47:50,065 : INFO : SwitchController : <<<<<<< 's_launcher_button' inactive >>>>>>>
2025-03-05 21:47:50,140 : INFO : SwitchController : <<<<<<< 's_plunger_lane' active >>>>>>>
2025-03-05 21:47:50,279 : INFO : SwitchController : <<<<<<< 's_launcher_button' active >>>>>>>
2025-03-05 21:47:50,325 : INFO : SwitchController : <<<<<<< 's_plunger_lane' inactive >>>>>>>
2025-03-05 21:47:50,453 : INFO : SwitchController : <<<<<<< 's_launcher_button' inactive >>>>>>>
2025-03-05 21:47:50,563 : INFO : SwitchController : <<<<<<< 's_plunger_lane' active >>>>>>>
2025-03-05 21:47:50,605 : INFO : SwitchController : <<<<<<< 's_launcher_button' active >>>>>>>
2025-03-05 21:47:50,702 : INFO : SwitchController : <<<<<<< 's_plunger_lane' inactive >>>>>>>
2025-03-05 21:47:50,747 : INFO : SwitchController : <<<<<<< 's_launcher_button' inactive >>>>>>>
2025-03-05 21:47:50,819 : INFO : SwitchController : <<<<<<< 's_launcher_button' active >>>>>>>
2025-03-05 21:47:50,852 : INFO : SwitchController : <<<<<<< 's_plunger_lane' active >>>>>>>
2025-03-05 21:47:50,908 : INFO : SwitchController : <<<<<<< 's_launcher_button' inactive >>>>>>>
2025-03-05 21:47:50,970 : INFO : SwitchController : <<<<<<< 's_plunger_lane' inactive >>>>>>>
2025-03-05 21:47:51,019 : INFO : SwitchController : <<<<<<< 's_launcher_button' active >>>>>>>
2025-03-05 21:47:51,095 : INFO : SwitchController : <<<<<<< 's_plunger_lane' active >>>>>>>
2025-03-05 21:47:51,139 : INFO : SwitchController : <<<<<<< 's_launcher_button' inactive >>>>>>>
2025-03-05 21:47:51,228 : INFO : SwitchController : <<<<<<< 's_plunger_lane' inactive >>>>>>>
2025-03-05 21:47:51,427 : INFO : SwitchController : <<<<<<< 's_trough2' active >>>>>>>
2025-03-05 21:47:51,928 : INFO : EventManager : Event: ======'balldevice_bd_trough_ball_count_changed'====== Args={'balls': 3}
2025-03-05 21:47:51,928 : INFO : ball_device.bd_trough : Received unexpected ball
2025-03-05 21:47:51,928 : INFO : EventManager : Event: ======'balldevice_captured_from_playfield'====== Args={'balls': 1}
2025-03-05 21:47:51,929 : INFO : EventManager : Event: ======'sw_playfield_active'====== Args={'balls': 1}
2025-03-05 21:47:51,929 : INFO : EventManager : Event: ======'playfield_ball_count_change'====== Args={'balls': 0, 'change': -1}
2025-03-05 21:47:51,929 : INFO : EventManager : Event: ======'balldevice_bd_trough_ball_enter'====== Args={'new_balls': 1, 'unclaimed_balls': 1, 'new_available_balls': 1, 'device': <ball_device.bd_trough>}
2025-03-05 21:47:51,929 : INFO : EventManager : Event: ======'ball_drain'====== Args={'device': <ball_device.bd_trough>, 'balls': 1}
2025-03-05 21:47:51,929 : INFO : EventManager : Event: ======'balldevice_balls_available'====== Args={}
2025-03-05 21:47:51,929 : INFO : EventManager : Event: ======'balldevice_bd_trough_ball_entered'====== Args={'new_balls': 1, 'device': <ball_device.bd_trough>}
2025-03-05 21:47:52,949 : INFO : Machine : Shutting down...
2025-03-05 21:47:52,950 : INFO : EventManager : Event: ======'shutdown'====== Args={}
2025-03-05 21:47:52,959 : INFO : root : MPF run loop ended.
