2025-03-06 21:38:33,642 : INFO : root : Loading config.
2025-03-06 21:38:33,645 : INFO : YamlMultifileConfigLoader : Machine config file #1: config.yaml
2025-03-06 21:38:33,646 : WARNING : ConfigProcessor : Config file in cache changed: C:\Users\duffb\OneDrive\Documents\Python Envs\PinBallWW1\Machine\config\config.yaml
2025-03-06 21:38:33,646 : INFO : ConfigProcessor : Loading config from file C:\Users\duffb\.pyenv\pyenv-win\versions\3.11.0\Lib\site-packages\mpf\mpfconfig.yaml.
2025-03-06 21:38:33,656 : INFO : ConfigProcessor : Loading config: C:\Users\duffb\.pyenv\pyenv-win\versions\3.11.0\Lib\site-packages\mpf\mpfconfig.yaml
2025-03-06 21:38:33,656 : INFO : ConfigProcessor : Loading config from file C:\Users\duffb\OneDrive\Documents\Python Envs\PinBallWW1\Machine\config\config.yaml.
2025-03-06 21:38:33,673 : INFO : ConfigProcessor : Loading config: C:\Users\duffb\OneDrive\Documents\Python Envs\PinBallWW1\Machine\config\config.yaml
2025-03-06 21:38:33,674 : INFO : ConfigProcessor : Config file cache created: C:\Users\duffb\AppData\Local\Temp\cadfdee4981114acd6fff59d1071b59b.mpf_cache
2025-03-06 21:38:33,757 : INFO : ConfigProcessor : Loading config from cache: C:\Users\duffb\AppData\Local\Temp\2d51d76727b268a801d8dd7a18b89879.mpf_cache
2025-03-06 21:38:33,758 : INFO : ConfigProcessor : Loading config from cache: C:\Users\duffb\AppData\Local\Temp\9f058d482eac17116727d62a93500be7.mpf_cache
2025-03-06 21:38:33,759 : INFO : ConfigProcessor : Loading config from cache: C:\Users\duffb\AppData\Local\Temp\9e006ea23aa21ec68e01f6c49afad9f4.mpf_cache
2025-03-06 21:38:33,759 : INFO : Machine : Mission Pinball Framework Core Engine v0.57.0
2025-03-06 21:38:33,759 : INFO : Machine : Command line arguments: {'no_load_cache': False, 'create_config_cache': True, 'bcp': True, 'configfile': ['config.yaml'], 'force_assets_load': False, 'platform_integration_test': False, 'jsonlogging': False, 'logfile': 'logs\\2025-03-06-21-38-33-mpf-T0SHIII.log', 'pause': False, 'production': False, 'text_ui': True, 'loglevel': 15, 'consoleloglevel': 20, 'force_platform': None, 'syslog_address': None, 'mc_file_name': None, 'no_sound': False}
2025-03-06 21:38:33,759 : INFO : Machine : MPF path: C:\Users\duffb\.pyenv\pyenv-win\versions\3.11.0\Lib\site-packages\mpf
2025-03-06 21:38:33,759 : INFO : Machine : Machine path: C:\Users\duffb\OneDrive\Documents\Python Envs\PinBallWW1\Machine
2025-03-06 21:38:33,759 : INFO : Machine : Platform: win32
2025-03-06 21:38:33,759 : INFO : Machine : Python executable location: C:\Users\duffb\.pyenv\pyenv-win\versions\3.11.0\python.exe
2025-03-06 21:38:33,759 : INFO : Machine : Python version: 3.11.0 (64-bit)
2025-03-06 21:38:33,761 : INFO : Machine : Initializing MPF...
2025-03-06 21:38:33,908 : INFO : EventManager : Event: ======'machine_var_credits_string'====== Args={'value': 'FREE PLAY', 'prev_value': None, 'change': True}
2025-03-06 21:38:33,951 : INFO : EventManager : Event: ======'machine_var_master_volume'====== Args={'value': 0.5, 'prev_value': None, 'change': True}
2025-03-06 21:38:33,951 : INFO : EventManager : Event: ======'machine_var_player1_score'====== Args={'value': 8000, 'prev_value': None, 'change': True}
2025-03-06 21:38:33,951 : INFO : EventManager : Event: ======'machine_var_player2_score'====== Args={'value': 1000, 'prev_value': None, 'change': True}
2025-03-06 21:38:33,951 : INFO : EventManager : Event: ======'machine_var_mpf_version'====== Args={'value': 'Mission Pinball Framework v0.57.0', 'prev_value': None, 'change': True}
2025-03-06 21:38:33,951 : INFO : EventManager : Event: ======'machine_var_mpf_extended_version'====== Args={'value': 'Mission Pinball Framework v0.57.0, Config version:6, Show version: 6, BCP version:1.1', 'prev_value': None, 'change': True}
2025-03-06 21:38:33,951 : INFO : EventManager : Event: ======'machine_var_python_version'====== Args={'value': '3.11.0', 'prev_value': None, 'change': True}
2025-03-06 21:38:33,960 : INFO : EventManager : Event: ======'machine_var_platform'====== Args={'value': 'Windows-10-10.0.26100-SP0', 'prev_value': None, 'change': True}
2025-03-06 21:38:33,960 : INFO : EventManager : Event: ======'machine_var_platform_system'====== Args={'value': 'Windows', 'prev_value': None, 'change': True}
2025-03-06 21:38:33,960 : INFO : EventManager : Event: ======'machine_var_platform_release'====== Args={'value': '10', 'prev_value': None, 'change': True}
2025-03-06 21:38:33,960 : INFO : EventManager : Event: ======'machine_var_platform_version'====== Args={'value': '10.0.26100', 'prev_value': None, 'change': True}
2025-03-06 21:38:33,960 : INFO : EventManager : Event: ======'machine_var_platform_machine'====== Args={'value': 'AMD64', 'prev_value': None, 'change': True}
2025-03-06 21:38:33,960 : INFO : EventManager : Event: ======'init_phase_1'====== Args={}
2025-03-06 21:38:33,971 : INFO : EventManager : Event: ======'init_phase_2'====== Args={}
2025-03-06 21:38:33,972 : INFO : SwitchController : Found active switch: ('3', <Platform.SmartVirtual>) <switch.s_trough1>
2025-03-06 21:38:33,972 : INFO : SwitchController : Found active switch: ('4', <Platform.SmartVirtual>) <switch.s_trough2>
2025-03-06 21:38:33,972 : INFO : SwitchController : Found active switch: ('5', <Platform.SmartVirtual>) <switch.s_trough3>
2025-03-06 21:38:33,973 : INFO : EventManager : Event: ======'bcp_connection_attempt'====== Args={'name': 'local_display', 'host': 'localhost', 'port': 5050}
2025-03-06 21:38:33,974 : INFO : BCPClientSocket : Connecting BCP to 'local_display' at localhost:5050...
2025-03-06 21:38:36,043 : INFO : BCPClientSocket : Connected BCP to 'local_display' localhost:5050
2025-03-06 21:38:36,045 : INFO : EventManager : Event: ======'bcp_clients_connected'====== Args={}
2025-03-06 21:38:36,178 : INFO : EventManager : Event: ======'machine_var_mc_version'====== Args={'value': 'MPF-MC v0.57.1', 'prev_value': None, 'change': True}
2025-03-06 21:38:36,178 : INFO : EventManager : Event: ======'machine_var_mc_extended_version'====== Args={'value': 'MPF-MC v0.57.1 (config_version=6, BCP v1.1,                      Requires MPF API compatibility v0.57.0 or newer)', 'prev_value': None, 'change': True}
2025-03-06 21:38:36,180 : INFO : ball_device.bd_trough : BCH: Initial count: 3
2025-03-06 21:38:36,201 : INFO : ball_device.bd_trough : State: idle
2025-03-06 21:38:36,201 : INFO : ball_device.bd_plunger_lane : BCH: Initial count: 0
2025-03-06 21:38:36,201 : INFO : ball_device.bd_plunger_lane : State: idle
2025-03-06 21:38:36,224 : INFO : EventManager : Event: ======'init_phase_3'====== Args={}
2025-03-06 21:38:36,226 : INFO : EventManager : Event: ======'init_phase_4'====== Args={}
2025-03-06 21:38:36,226 : INFO : BallController : Initial balls found: 3
2025-03-06 21:38:36,227 : INFO : EventManager : Event: ======'machine_var_audits_events_game_ended'====== Args={'value': 13, 'prev_value': None, 'change': True}
2025-03-06 21:38:36,227 : INFO : EventManager : Event: ======'machine_var_audits_events_game_started'====== Args={'value': 27, 'prev_value': None, 'change': True}
2025-03-06 21:38:36,227 : INFO : EventManager : Event: ======'machine_var_audits_missing_switches_s_drain'====== Args={'value': 6, 'prev_value': None, 'change': True}
2025-03-06 21:38:36,227 : INFO : EventManager : Event: ======'machine_var_audits_missing_switches_s_left_flipper'====== Args={'value': 19, 'prev_value': None, 'change': True}
2025-03-06 21:38:36,227 : INFO : EventManager : Event: ======'machine_var_audits_missing_switches_s_playfield_entry'====== Args={'value': 1, 'prev_value': None, 'change': True}
2025-03-06 21:38:36,227 : INFO : EventManager : Event: ======'machine_var_audits_missing_switches_s_pointTarget'====== Args={'value': 1, 'prev_value': None, 'change': True}
2025-03-06 21:38:36,228 : INFO : EventManager : Event: ======'machine_var_audits_missing_switches_s_right_flipper'====== Args={'value': 20, 'prev_value': None, 'change': True}
2025-03-06 21:38:36,228 : INFO : EventManager : Event: ======'machine_var_audits_missing_switches_s_trough1'====== Args={'value': 1, 'prev_value': None, 'change': True}
2025-03-06 21:38:36,228 : INFO : EventManager : Event: ======'machine_var_audits_missing_switches_s_trough2'====== Args={'value': 13, 'prev_value': None, 'change': True}
2025-03-06 21:38:36,228 : INFO : EventManager : Event: ======'machine_var_audits_missing_switches_s_trough3'====== Args={'value': 20, 'prev_value': None, 'change': True}
2025-03-06 21:38:36,228 : INFO : EventManager : Event: ======'machine_var_audits_missing_switches_s_trough_enter'====== Args={'value': 27, 'prev_value': None, 'change': True}
2025-03-06 21:38:36,228 : INFO : EventManager : Event: ======'machine_var_audits_player_score'====== Args={'value': {'average': 124, 'top': [8000, 1000, 0, 0, 0, 0, 0, 0, 0, 0], 'total': 16}, 'prev_value': None, 'change': True}
2025-03-06 21:38:36,228 : INFO : EventManager : Event: ======'machine_var_audits_switches_s_drain'====== Args={'value': 0, 'prev_value': None, 'change': True}
2025-03-06 21:38:36,228 : INFO : EventManager : Event: ======'machine_var_audits_switches_s_launcher_button'====== Args={'value': 15, 'prev_value': None, 'change': True}
2025-03-06 21:38:36,228 : INFO : EventManager : Event: ======'machine_var_audits_switches_s_left_flipper'====== Args={'value': 14, 'prev_value': None, 'change': True}
2025-03-06 21:38:36,229 : INFO : EventManager : Event: ======'machine_var_audits_switches_s_playfield_entry'====== Args={'value': 151, 'prev_value': None, 'change': True}
2025-03-06 21:38:36,229 : INFO : EventManager : Event: ======'machine_var_audits_switches_s_plunger_lane'====== Args={'value': 74, 'prev_value': None, 'change': True}
2025-03-06 21:38:36,229 : INFO : EventManager : Event: ======'machine_var_audits_switches_s_pointTarget'====== Args={'value': 14, 'prev_value': None, 'change': True}
2025-03-06 21:38:36,229 : INFO : EventManager : Event: ======'machine_var_audits_switches_s_right_flipper'====== Args={'value': 10, 'prev_value': None, 'change': True}
2025-03-06 21:38:36,229 : INFO : EventManager : Event: ======'machine_var_audits_switches_s_trough1'====== Args={'value': 51, 'prev_value': None, 'change': True}
2025-03-06 21:38:36,229 : INFO : EventManager : Event: ======'machine_var_audits_switches_s_trough2'====== Args={'value': 6, 'prev_value': None, 'change': True}
2025-03-06 21:38:36,229 : INFO : EventManager : Event: ======'machine_var_audits_switches_s_trough3'====== Args={'value': 6, 'prev_value': None, 'change': True}
2025-03-06 21:38:36,229 : INFO : EventManager : Event: ======'machine_var_audits_switches_s_trough_enter'====== Args={'value': 0, 'prev_value': None, 'change': True}
2025-03-06 21:38:36,230 : INFO : EventManager : Event: ======'init_phase_5'====== Args={}
2025-03-06 21:38:36,241 : INFO : EventManager : Event: ======'init_done'====== Args={}
2025-03-06 21:38:36,241 : INFO : EventManager : Event: ======'machine_reset_phase_1'====== Args={}
2025-03-06 21:38:36,249 : INFO : EventManager : Event: ======'machine_reset_phase_2'====== Args={}
2025-03-06 21:38:36,249 : INFO : EventManager : Event: ======'machine_reset_phase_3'====== Args={}
2025-03-06 21:38:36,249 : INFO : EventManager : Event: ======'reset_complete'====== Args={}
2025-03-06 21:38:36,250 : INFO : EventManager : Event: ======'mode_attract_will_start'====== Args={}
2025-03-06 21:38:36,250 : INFO : EventManager : Event: ======'mode_attract_starting'====== Args={}
2025-03-06 21:38:36,250 : INFO : Mode.attract : Started. Priority: 10
2025-03-06 21:38:36,250 : INFO : EventManager : Event: ======'modes_active_modes_changed'====== Args={}
2025-03-06 21:38:36,250 : INFO : EventManager : Event: ======'mode_attract_started'====== Args={}
2025-03-06 21:38:36,250 : INFO : EventManager : Event: ======'collecting_balls_complete'====== Args={}
2025-03-06 21:38:36,267 : INFO : EventManager : Event: ======'slide_welcome_slide_created'====== Args={'_from_bcp': True}
2025-03-06 21:38:36,267 : INFO : EventManager : Event: ======'slide_welcome_slide_active'====== Args={'_from_bcp': True}
2025-03-06 21:38:36,267 : INFO : Machine : Starting the main run loop.
2025-03-06 21:38:39,365 : INFO : SwitchController : <<<<<<< 's_launcher_button' active >>>>>>>
2025-03-06 21:38:39,440 : INFO : SwitchController : <<<<<<< 's_launcher_button' inactive >>>>>>>
2025-03-06 21:38:39,440 : INFO : EventManager : Event: ======'request_to_start_game'====== Args={}
2025-03-06 21:38:39,441 : INFO : EventManager : Event: ======'game_start'====== Args={'buttons': [], 'hold_time': 0.07900000002700835}
2025-03-06 21:38:39,441 : INFO : EventManager : Event: ======'mode_game_will_start'====== Args={'buttons': [], 'hold_time': 0.07900000002700835}
2025-03-06 21:38:39,443 : INFO : EventManager : Event: ======'mode_game_starting'====== Args={'buttons': [], 'hold_time': 0.07900000002700835}
2025-03-06 21:38:39,444 : INFO : EventManager : Event: ======'mode_attract_will_stop'====== Args={}
2025-03-06 21:38:39,444 : INFO : EventManager : Event: ======'mode_attract_stopping'====== Args={}
2025-03-06 21:38:39,444 : INFO : Mode.attract : Stopped.
2025-03-06 21:38:39,444 : INFO : EventManager : Event: ======'modes_active_modes_changed'====== Args={}
2025-03-06 21:38:39,444 : INFO : EventManager : Event: ======'mode_attract_stopped'====== Args={}
2025-03-06 21:38:39,444 : INFO : EventManager : Event: ======'clear'====== Args={'key': 'attract'}
2025-03-06 21:38:39,445 : INFO : Mode.game : Started. Priority: 20
2025-03-06 21:38:39,445 : INFO : EventManager : Event: ======'modes_active_modes_changed'====== Args={}
2025-03-06 21:38:39,445 : INFO : EventManager : Event: ======'mode_game_started'====== Args={'buttons': [], 'hold_time': 0.07900000002700835}
2025-03-06 21:38:39,464 : INFO : EventManager : Event: ======'game_will_start'====== Args={}
2025-03-06 21:38:39,465 : INFO : EventManager : Event: ======'game_starting'====== Args={'game': <Mode.game>}
2025-03-06 21:38:39,466 : INFO : EventManager : Unordered handler for class <Auditor> on event game_ended with priority 1. Handlers: [RegisteredHandler(callback=<bound method Auditor.disable of <Auditor>>, priority=1, kwargs={}, key=UUID('e2380324-c1bd-4c79-a9f2-6f5e24465c43'), condition=None, blocking_facility=None), RegisteredHandler(callback=<bound method Auditor._save_audits of <Auditor>>, priority=1, kwargs={}, key=UUID('844a5d48-500e-4683-996a-0186054ad238'), condition=None, blocking_facility=None)]. The order of those handlers is not defined and they will be executed in random order. This might lead to race conditions and potential bugs.
2025-03-06 21:38:39,467 : INFO : EventManager : Event: ======'player_add_request'====== Args={}
2025-03-06 21:38:39,467 : INFO : EventManager : Event: ======'player_will_add'====== Args={'number': 1}
2025-03-06 21:38:39,468 : INFO : EventManager : Event: ======'player_adding'====== Args={'player': <Player 1>, 'number': 1}
2025-03-06 21:38:39,468 : INFO : EventManager : Event: ======'player_added'====== Args={'player': <Player 1>, 'num': 1}
2025-03-06 21:38:39,468 : INFO : Mode.game : Player added successfully. Total players: 1
2025-03-06 21:38:39,469 : INFO : EventManager : Event: ======'player_index'====== Args={'value': 0, 'prev_value': 0, 'change': 0, 'player_num': 1}
2025-03-06 21:38:39,470 : INFO : EventManager : Event: ======'player_number'====== Args={'value': 1, 'prev_value': 1, 'change': 0, 'player_num': 1}
2025-03-06 21:38:39,470 : INFO : EventManager : Event: ======'player_score'====== Args={'value': 0, 'prev_value': 0, 'change': 0, 'player_num': 1}
2025-03-06 21:38:39,471 : INFO : EventManager : Event: ======'game_started'====== Args={}
2025-03-06 21:38:39,494 : INFO : EventManager : Event: ======'player_turn_will_start'====== Args={'player': <Player 1>, 'number': 1}
2025-03-06 21:38:39,495 : INFO : EventManager : Event: ======'player_turn_starting'====== Args={'player': <Player 1>, 'number': 1}
2025-03-06 21:38:39,495 : INFO : EventManager : Event: ======'player_ball'====== Args={'value': 1, 'prev_value': 0, 'change': 1, 'player_num': 1}
2025-03-06 21:38:39,496 : INFO : EventManager : Event: ======'player_turn_started'====== Args={'player': <Player 1>, 'number': 1}
2025-03-06 21:38:39,497 : INFO : EventManager : Event: ======'ball_will_start'====== Args={'player': 1, 'ball': 1, 'balls_remaining': 2, 'is_extra_ball': False}
2025-03-06 21:38:39,502 : INFO : EventManager : Event: ======'ball_starting'====== Args={'player': 1, 'ball': 1, 'balls_remaining': 2, 'is_extra_ball': False}
2025-03-06 21:38:39,503 : INFO : EventManager : Event: ======'balls_in_play'====== Args={'balls': 1}
2025-03-06 21:38:39,503 : INFO : EventManager : Event: ======'ball_started'====== Args={'player': 1, 'ball': 1, 'balls_remaining': 2, 'is_extra_ball': False}
2025-03-06 21:38:39,503 : INFO : EventManager : Event: ======'mode_base_will_start'====== Args={'player': 1, 'ball': 1, 'balls_remaining': 2, 'is_extra_ball': False}
2025-03-06 21:38:39,506 : INFO : EventManager : Event: ======'mode_base_starting'====== Args={'player': 1, 'ball': 1, 'balls_remaining': 2, 'is_extra_ball': False}
2025-03-06 21:38:39,507 : INFO : Mode.base : Started. Priority: 100
2025-03-06 21:38:39,507 : INFO : EventManager : Event: ======'modes_active_modes_changed'====== Args={}
2025-03-06 21:38:39,507 : INFO : EventManager : Event: ======'mode_base_started'====== Args={'player': 1, 'ball': 1, 'balls_remaining': 2, 'is_extra_ball': False}
2025-03-06 21:38:39,508 : INFO : EventManager : Event: ======'single_player_ball_started'====== Args={}
2025-03-06 21:38:39,550 : INFO : EventManager : Event: ======'ball_start_target'====== Args={'target': 'playfield'}
2025-03-06 21:38:39,551 : INFO : EventManager : Event: ======'slide__global.slide_player-ball_started_created'====== Args={'_from_bcp': True}
2025-03-06 21:38:39,551 : INFO : EventManager : Event: ======'slide_base.slide_player-mode_base_started_created'====== Args={'_from_bcp': True}
2025-03-06 21:38:39,551 : INFO : EventManager : Event: ======'slide_base.slide_player-mode_base_started_active'====== Args={'_from_bcp': True}
2025-03-06 21:38:39,551 : INFO : ball_device.bd_plunger_lane : Setting up player-controlled eject. Balls: 1, Target: <playfield.playfield>, player_controlled_eject_event: s_launcher_button_active
2025-03-06 21:38:39,551 : INFO : EventManager : Event: ======'balldevice_balls_available'====== Args={}
2025-03-06 21:38:39,551 : INFO : ball_device.bd_trough : State: waiting_for_target_ready
2025-03-06 21:38:39,551 : INFO : EventManager : Event: ======'balldevice_bd_trough_ball_eject_attempt'====== Args={'balls': 1, 'target': <ball_device.bd_plunger_lane>, 'source': <ball_device.bd_trough>, 'mechanical_eject': True, 'num_attempts': 0}
2025-03-06 21:38:39,551 : INFO : ball_device.bd_plunger_lane : State: waiting_for_ball
2025-03-06 21:38:39,551 : INFO : ball_device.bd_trough : State: ejecting
2025-03-06 21:38:39,551 : INFO : ball_device.bd_trough : Ejecting ball to <ball_device.bd_plunger_lane>
2025-03-06 21:38:39,551 : INFO : EventManager : Event: ======'balldevice_bd_trough_ejecting_ball'====== Args={'balls': 1, 'target': <ball_device.bd_plunger_lane>, 'source': <ball_device.bd_trough>, 'mechanical_eject': True, 'num_attempts': 0}
2025-03-06 21:38:39,551 : INFO : ball_device.bd_trough : Wait for ball to leave device
2025-03-06 21:38:39,552 : INFO : coil.c_trough_release : Pulsing Driver for 20ms (1.0 pulse_power)
2025-03-06 21:38:39,552 : INFO : SwitchController : <<<<<<< 's_trough1' inactive >>>>>>>
2025-03-06 21:38:39,555 : INFO : ball_device.bd_trough : State: ball_left
2025-03-06 21:38:39,555 : INFO : ball_device.bd_trough : Ball left
2025-03-06 21:38:39,555 : INFO : ball_device.bd_trough : Wait for confirm with timeout 3.0
2025-03-06 21:38:39,643 : INFO : SwitchController : <<<<<<< 's_plunger_lane' active >>>>>>>
2025-03-06 21:38:39,644 : INFO : EventManager : Event: ======'machine_var_audits_switches_s_plunger_lane'====== Args={'value': 75, 'prev_value': 74, 'change': 1}
2025-03-06 21:38:40,159 : INFO : ball_device.bd_plunger_lane : Received ball from <ball_device.bd_trough>
2025-03-06 21:38:40,159 : INFO : EventManager : Event: ======'balldevice_bd_plunger_lane_ball_enter'====== Args={'new_balls': 1, 'unclaimed_balls': 0, 'new_available_balls': 0, 'device': <ball_device.bd_plunger_lane>}
2025-03-06 21:38:40,160 : INFO : EventManager : Event: ======'balldevice_bd_plunger_lane_ball_entered'====== Args={'new_balls': 0, 'device': <ball_device.bd_plunger_lane>}
2025-03-06 21:38:40,160 : INFO : EventManager : Event: ======'balldevice_bd_plunger_lane_ball_count_changed'====== Args={'balls': 1}
2025-03-06 21:38:40,160 : INFO : ball_device.bd_trough : Got eject confirm
2025-03-06 21:38:40,160 : INFO : ball_device.bd_trough : Eject successful
2025-03-06 21:38:40,160 : INFO : EventManager : Event: ======'balldevice_bd_trough_ball_eject_success'====== Args={'balls': 1, 'target': <ball_device.bd_plunger_lane>}
2025-03-06 21:38:40,160 : INFO : ball_device.bd_plunger_lane : State: waiting_for_target_ready
2025-03-06 21:38:40,160 : INFO : EventManager : Event: ======'balldevice_bd_plunger_lane_ball_eject_attempt'====== Args={'balls': 1, 'target': <playfield.playfield>, 'source': <ball_device.bd_plunger_lane>, 'mechanical_eject': True, 'num_attempts': 0}
2025-03-06 21:38:40,160 : INFO : EventManager : Event: ======'balldevice_bd_trough_ball_count_changed'====== Args={'balls': 2}
2025-03-06 21:38:40,160 : INFO : ball_device.bd_trough : State: idle
2025-03-06 21:38:40,161 : INFO : ball_device.bd_plunger_lane : State: ejecting
2025-03-06 21:38:40,161 : INFO : ball_device.bd_plunger_lane : Ejecting ball to <playfield.playfield>
2025-03-06 21:38:40,162 : INFO : EventManager : Event: ======'balldevice_bd_plunger_lane_ejecting_ball'====== Args={'balls': 1, 'target': <playfield.playfield>, 'source': <ball_device.bd_plunger_lane>, 'mechanical_eject': True, 'num_attempts': 0}
2025-03-06 21:38:40,162 : INFO : ball_device.bd_plunger_lane : Wait for ball to leave device
2025-03-06 21:38:43,298 : INFO : SwitchController : <<<<<<< 's_launcher_button' active >>>>>>>
2025-03-06 21:38:43,298 : INFO : EventManager : Event: ======'s_launcher_button_active'====== Args={}
2025-03-06 21:38:43,299 : INFO : EventManager : Event: ======'sw_start'====== Args={}
2025-03-06 21:38:43,299 : INFO : EventManager : Event: ======'machine_var_audits_switches_s_launcher_button'====== Args={'value': 16, 'prev_value': 15, 'change': 1}
2025-03-06 21:38:43,302 : INFO : EventManager : Event: ======'player_add_request'====== Args={}
2025-03-06 21:38:43,303 : INFO : EventManager : Event: ======'player_will_add'====== Args={'number': 2}
2025-03-06 21:38:43,303 : INFO : EventManager : Event: ======'player_adding'====== Args={'player': <Player 2>, 'number': 2}
2025-03-06 21:38:43,304 : INFO : EventManager : Event: ======'player_added'====== Args={'player': <Player 2>, 'num': 2}
2025-03-06 21:38:43,304 : INFO : Mode.game : Player added successfully. Total players: 2
2025-03-06 21:38:43,304 : INFO : EventManager : Event: ======'multiplayer_game'====== Args={}
2025-03-06 21:38:43,305 : INFO : EventManager : Event: ======'player_index'====== Args={'value': 1, 'prev_value': 1, 'change': 0, 'player_num': 2}
2025-03-06 21:38:43,305 : INFO : EventManager : Event: ======'player_number'====== Args={'value': 2, 'prev_value': 2, 'change': 0, 'player_num': 2}
2025-03-06 21:38:43,306 : INFO : EventManager : Event: ======'player_score'====== Args={'value': 0, 'prev_value': 0, 'change': 0, 'player_num': 2}
2025-03-06 21:38:43,329 : INFO : coil.c_autolauncher : Pulsing Driver for 20ms (1.0 pulse_power)
2025-03-06 21:38:43,329 : INFO : SwitchController : <<<<<<< 's_plunger_lane' inactive >>>>>>>
2025-03-06 21:38:43,341 : INFO : ball_device.bd_plunger_lane : State: ball_left
2025-03-06 21:38:43,341 : INFO : ball_device.bd_plunger_lane : Ball left
2025-03-06 21:38:43,341 : INFO : ball_device.bd_plunger_lane : Wait for confirm with timeout 3.0
2025-03-06 21:38:43,374 : INFO : SwitchController : <<<<<<< 's_playfield_entry' active >>>>>>>
2025-03-06 21:38:43,375 : INFO : EventManager : Event: ======'sw_playfield_active'====== Args={}
2025-03-06 21:38:43,376 : INFO : EventManager : Event: ======'machine_var_audits_switches_s_playfield_entry'====== Args={'value': 152, 'prev_value': 151, 'change': 1}
2025-03-06 21:38:43,377 : INFO : EventManager : Event: ======'playfield_active'====== Args={}
2025-03-06 21:38:43,377 : INFO : SwitchController : <<<<<<< 's_launcher_button' inactive >>>>>>>
2025-03-06 21:38:43,419 : INFO : SwitchController : <<<<<<< 's_playfield_entry' inactive >>>>>>>
2025-03-06 21:38:43,446 : INFO : ball_device.bd_plunger_lane : Got eject confirm
2025-03-06 21:38:43,446 : INFO : ball_device.bd_plunger_lane : Eject successful
2025-03-06 21:38:43,447 : INFO : EventManager : Event: ======'balldevice_bd_plunger_lane_ball_eject_success'====== Args={'balls': 1, 'target': <playfield.playfield>}
2025-03-06 21:38:43,447 : INFO : EventManager : Event: ======'balldevice_playfield_ball_enter'====== Args={'new_balls': 1, 'unclaimed_balls': 1, 'device': <playfield.playfield>}
2025-03-06 21:38:43,447 : INFO : EventManager : Event: ======'playfield_ball_count_change'====== Args={'balls': 1, 'change': 1}
2025-03-06 21:38:43,448 : INFO : EventManager : Event: ======'balldevice_bd_plunger_lane_ball_count_changed'====== Args={'balls': 0}
2025-03-06 21:38:43,836 : INFO : ball_device.bd_plunger_lane : State: idle
2025-03-06 21:38:46,186 : INFO : SwitchController : <<<<<<< 's_left_flipper' active >>>>>>>
2025-03-06 21:38:46,188 : INFO : EventManager : Event: ======'machine_var_audits_switches_s_left_flipper'====== Args={'value': 15, 'prev_value': 14, 'change': 1}
2025-03-06 21:38:46,300 : INFO : SwitchController : <<<<<<< 's_left_flipper' inactive >>>>>>>
2025-03-06 21:38:46,622 : INFO : SwitchController : <<<<<<< 's_right_flipper' active >>>>>>>
2025-03-06 21:38:46,623 : INFO : EventManager : Event: ======'machine_var_audits_switches_s_right_flipper'====== Args={'value': 11, 'prev_value': 10, 'change': 1}
2025-03-06 21:38:46,750 : INFO : SwitchController : <<<<<<< 's_right_flipper' inactive >>>>>>>
2025-03-06 21:38:48,864 : INFO : SwitchController : <<<<<<< 's_pointTarget' active >>>>>>>
2025-03-06 21:38:48,864 : INFO : EventManager : Event: ======'s_pointTarget_active'====== Args={}
2025-03-06 21:38:48,865 : INFO : EventManager : Event: ======'sw_playfield_active'====== Args={}
2025-03-06 21:38:48,865 : INFO : EventManager : Event: ======'machine_var_audits_switches_s_pointTarget'====== Args={'value': 15, 'prev_value': 14, 'change': 1}
2025-03-06 21:38:48,867 : INFO : EventManager : Event: ======'player_score'====== Args={'value': 100, 'prev_value': 0, 'change': 100, 'player_num': 1, 'source': 'base'}
2025-03-06 21:38:48,961 : INFO : SwitchController : <<<<<<< 's_pointTarget' inactive >>>>>>>
2025-03-06 21:38:50,220 : INFO : SwitchController : <<<<<<< 's_pointTarget' active >>>>>>>
2025-03-06 21:38:50,221 : INFO : EventManager : Event: ======'s_pointTarget_active'====== Args={}
2025-03-06 21:38:50,221 : INFO : EventManager : Event: ======'sw_playfield_active'====== Args={}
2025-03-06 21:38:50,221 : INFO : EventManager : Event: ======'machine_var_audits_switches_s_pointTarget'====== Args={'value': 16, 'prev_value': 15, 'change': 1}
2025-03-06 21:38:50,225 : INFO : EventManager : Event: ======'player_score'====== Args={'value': 200, 'prev_value': 100, 'change': 100, 'player_num': 1, 'source': 'base'}
2025-03-06 21:38:50,341 : INFO : SwitchController : <<<<<<< 's_pointTarget' inactive >>>>>>>
2025-03-06 21:38:51,311 : INFO : SwitchController : <<<<<<< 's_trough1' active >>>>>>>
2025-03-06 21:38:51,313 : INFO : EventManager : Event: ======'machine_var_audits_switches_s_trough1'====== Args={'value': 52, 'prev_value': 51, 'change': 1}
2025-03-06 21:38:51,625 : INFO : EventManager : Event: ======'balldevice_bd_trough_ball_count_changed'====== Args={'balls': 3}
2025-03-06 21:38:51,625 : INFO : ball_device.bd_trough : Received unexpected ball
2025-03-06 21:38:51,625 : INFO : EventManager : Event: ======'balldevice_captured_from_playfield'====== Args={'balls': 1}
2025-03-06 21:38:51,626 : INFO : EventManager : Event: ======'sw_playfield_active'====== Args={'balls': 1}
2025-03-06 21:38:51,626 : INFO : EventManager : Event: ======'playfield_ball_count_change'====== Args={'balls': 0, 'change': -1}
2025-03-06 21:38:51,627 : INFO : EventManager : Event: ======'balldevice_bd_trough_ball_enter'====== Args={'new_balls': 1, 'unclaimed_balls': 1, 'new_available_balls': 1, 'device': <ball_device.bd_trough>}
2025-03-06 21:38:51,627 : INFO : EventManager : Event: ======'ball_drain'====== Args={'device': <ball_device.bd_trough>, 'balls': 1}
2025-03-06 21:38:51,628 : INFO : EventManager : Event: ======'ball_will_end'====== Args={}
2025-03-06 21:38:51,628 : INFO : EventManager : Event: ======'balldevice_balls_available'====== Args={}
2025-03-06 21:38:51,629 : INFO : EventManager : Event: ======'balldevice_bd_trough_ball_entered'====== Args={'new_balls': 1, 'device': <ball_device.bd_trough>}
2025-03-06 21:38:51,631 : INFO : EventManager : Event: ======'ball_ending'====== Args={}
2025-03-06 21:38:51,634 : INFO : EventManager : Event: ======'mode_base_will_stop'====== Args={}
2025-03-06 21:38:51,635 : INFO : EventManager : Event: ======'mode_base_stopping'====== Args={}
2025-03-06 21:38:51,636 : INFO : Mode.base : Stopped.
2025-03-06 21:38:51,636 : INFO : EventManager : Event: ======'modes_active_modes_changed'====== Args={}
2025-03-06 21:38:51,639 : INFO : EventManager : Event: ======'mode_base_stopped'====== Args={}
2025-03-06 21:38:51,639 : INFO : EventManager : Event: ======'clear'====== Args={'key': 'base'}
2025-03-06 21:38:51,713 : INFO : EventManager : Event: ======'ball_ended'====== Args={}
2025-03-06 21:38:51,715 : INFO : EventManager : Event: ======'slide_base.slide_player-mode_base_started_removed'====== Args={'_from_bcp': True}
2025-03-06 21:38:51,715 : INFO : EventManager : Event: ======'slide__global.slide_player-ball_started_active'====== Args={'_from_bcp': True}
2025-03-06 21:38:51,716 : INFO : EventManager : Event: ======'player_turn_will_end'====== Args={'player': <Player 1>, 'number': 1}
2025-03-06 21:38:51,721 : INFO : EventManager : Event: ======'player_turn_ending'====== Args={'player': <Player 1>, 'number': 1}
2025-03-06 21:38:51,721 : INFO : EventManager : Event: ======'player_turn_ended'====== Args={'player': <Player 1>, 'number': 1}
2025-03-06 21:38:51,721 : INFO : EventManager : Event: ======'player_turn_will_start'====== Args={'player': <Player 2>, 'number': 2}
2025-03-06 21:38:51,721 : INFO : EventManager : Event: ======'player_turn_starting'====== Args={'player': <Player 2>, 'number': 2}
2025-03-06 21:38:51,722 : INFO : EventManager : Event: ======'player_ball'====== Args={'value': 1, 'prev_value': 0, 'change': 1, 'player_num': 2}
2025-03-06 21:38:51,722 : INFO : EventManager : Event: ======'player_turn_started'====== Args={'player': <Player 2>, 'number': 2}
2025-03-06 21:38:51,725 : INFO : EventManager : Event: ======'ball_will_start'====== Args={'player': 2, 'ball': 1, 'balls_remaining': 2, 'is_extra_ball': False}
2025-03-06 21:38:51,730 : INFO : EventManager : Event: ======'ball_starting'====== Args={'player': 2, 'ball': 1, 'balls_remaining': 2, 'is_extra_ball': False}
2025-03-06 21:38:51,731 : INFO : EventManager : Event: ======'balls_in_play'====== Args={'balls': 1}
2025-03-06 21:38:51,731 : INFO : EventManager : Event: ======'ball_started'====== Args={'player': 2, 'ball': 1, 'balls_remaining': 2, 'is_extra_ball': False}
2025-03-06 21:38:51,731 : INFO : EventManager : Event: ======'mode_base_will_start'====== Args={'player': 2, 'ball': 1, 'balls_remaining': 2, 'is_extra_ball': False}
2025-03-06 21:38:51,731 : INFO : EventManager : Event: ======'mode_base_starting'====== Args={'player': 2, 'ball': 1, 'balls_remaining': 2, 'is_extra_ball': False}
2025-03-06 21:38:51,731 : INFO : Mode.base : Started. Priority: 100
2025-03-06 21:38:51,731 : INFO : EventManager : Event: ======'modes_active_modes_changed'====== Args={}
2025-03-06 21:38:51,731 : INFO : EventManager : Event: ======'mode_base_started'====== Args={'player': 2, 'ball': 1, 'balls_remaining': 2, 'is_extra_ball': False}
2025-03-06 21:38:51,732 : INFO : EventManager : Event: ======'multi_player_ball_started'====== Args={}
2025-03-06 21:38:51,752 : INFO : EventManager : Event: ======'player_2_ball_started'====== Args={}
2025-03-06 21:38:51,752 : INFO : EventManager : Event: ======'slide__global.slide_player-ball_started_removed'====== Args={'_from_bcp': True}
2025-03-06 21:38:51,752 : INFO : EventManager : Event: ======'slide__global.slide_player-ball_started_created'====== Args={'_from_bcp': True}
2025-03-06 21:38:51,752 : INFO : EventManager : Event: ======'slide_base.slide_player-mode_base_started_created'====== Args={'_from_bcp': True}
2025-03-06 21:38:51,752 : INFO : EventManager : Event: ======'slide_base.slide_player-mode_base_started_active'====== Args={'_from_bcp': True}
2025-03-06 21:38:51,752 : INFO : EventManager : Event: ======'ball_start_target'====== Args={'target': 'playfield'}
2025-03-06 21:38:51,752 : INFO : ball_device.bd_plunger_lane : Setting up player-controlled eject. Balls: 1, Target: <playfield.playfield>, player_controlled_eject_event: s_launcher_button_active
2025-03-06 21:38:51,752 : INFO : EventManager : Event: ======'balldevice_balls_available'====== Args={}
2025-03-06 21:38:51,753 : INFO : ball_device.bd_trough : State: waiting_for_target_ready
2025-03-06 21:38:51,753 : INFO : EventManager : Event: ======'balldevice_bd_trough_ball_eject_attempt'====== Args={'balls': 1, 'target': <ball_device.bd_plunger_lane>, 'source': <ball_device.bd_trough>, 'mechanical_eject': True, 'num_attempts': 0}
2025-03-06 21:38:51,753 : INFO : ball_device.bd_plunger_lane : State: waiting_for_ball
2025-03-06 21:38:51,753 : INFO : ball_device.bd_trough : State: ejecting
2025-03-06 21:38:51,753 : INFO : ball_device.bd_trough : Ejecting ball to <ball_device.bd_plunger_lane>
2025-03-06 21:38:51,753 : INFO : EventManager : Event: ======'balldevice_bd_trough_ejecting_ball'====== Args={'balls': 1, 'target': <ball_device.bd_plunger_lane>, 'source': <ball_device.bd_trough>, 'mechanical_eject': True, 'num_attempts': 0}
2025-03-06 21:38:51,753 : INFO : ball_device.bd_trough : Wait for ball to leave device
2025-03-06 21:38:51,753 : INFO : coil.c_trough_release : Pulsing Driver for 20ms (1.0 pulse_power)
2025-03-06 21:38:51,753 : INFO : SwitchController : <<<<<<< 's_trough1' inactive >>>>>>>
2025-03-06 21:38:51,757 : INFO : ball_device.bd_trough : State: ball_left
2025-03-06 21:38:51,757 : INFO : ball_device.bd_trough : Ball left
2025-03-06 21:38:51,757 : INFO : ball_device.bd_trough : Wait for confirm with timeout 3.0
2025-03-06 21:38:51,862 : INFO : SwitchController : <<<<<<< 's_plunger_lane' active >>>>>>>
2025-03-06 21:38:51,862 : INFO : EventManager : Event: ======'machine_var_audits_switches_s_plunger_lane'====== Args={'value': 76, 'prev_value': 75, 'change': 1}
2025-03-06 21:38:52,355 : INFO : ball_device.bd_plunger_lane : Received ball from <ball_device.bd_trough>
2025-03-06 21:38:52,356 : INFO : EventManager : Event: ======'balldevice_bd_plunger_lane_ball_enter'====== Args={'new_balls': 1, 'unclaimed_balls': 0, 'new_available_balls': 0, 'device': <ball_device.bd_plunger_lane>}
2025-03-06 21:38:52,359 : INFO : EventManager : Event: ======'balldevice_bd_plunger_lane_ball_entered'====== Args={'new_balls': 0, 'device': <ball_device.bd_plunger_lane>}
2025-03-06 21:38:52,359 : INFO : EventManager : Event: ======'balldevice_bd_plunger_lane_ball_count_changed'====== Args={'balls': 1}
2025-03-06 21:38:52,359 : INFO : ball_device.bd_trough : Got eject confirm
2025-03-06 21:38:52,360 : INFO : ball_device.bd_trough : Eject successful
2025-03-06 21:38:52,360 : INFO : EventManager : Event: ======'balldevice_bd_trough_ball_eject_success'====== Args={'balls': 1, 'target': <ball_device.bd_plunger_lane>}
2025-03-06 21:38:52,360 : INFO : ball_device.bd_plunger_lane : State: waiting_for_target_ready
2025-03-06 21:38:52,361 : INFO : EventManager : Event: ======'balldevice_bd_plunger_lane_ball_eject_attempt'====== Args={'balls': 1, 'target': <playfield.playfield>, 'source': <ball_device.bd_plunger_lane>, 'mechanical_eject': True, 'num_attempts': 0}
2025-03-06 21:38:52,361 : INFO : EventManager : Event: ======'balldevice_bd_trough_ball_count_changed'====== Args={'balls': 2}
2025-03-06 21:38:52,361 : INFO : ball_device.bd_trough : State: idle
2025-03-06 21:38:52,362 : INFO : ball_device.bd_plunger_lane : State: ejecting
2025-03-06 21:38:52,362 : INFO : ball_device.bd_plunger_lane : Ejecting ball to <playfield.playfield>
2025-03-06 21:38:52,362 : INFO : EventManager : Event: ======'balldevice_bd_plunger_lane_ejecting_ball'====== Args={'balls': 1, 'target': <playfield.playfield>, 'source': <ball_device.bd_plunger_lane>, 'mechanical_eject': True, 'num_attempts': 0}
2025-03-06 21:38:52,364 : INFO : ball_device.bd_plunger_lane : Wait for ball to leave device
2025-03-06 21:38:56,896 : INFO : SwitchController : <<<<<<< 's_launcher_button' active >>>>>>>
2025-03-06 21:38:56,896 : INFO : EventManager : Event: ======'s_launcher_button_active'====== Args={}
2025-03-06 21:38:56,897 : INFO : EventManager : Event: ======'sw_start'====== Args={}
2025-03-06 21:38:56,897 : INFO : EventManager : Event: ======'machine_var_audits_switches_s_launcher_button'====== Args={'value': 17, 'prev_value': 16, 'change': 1}
2025-03-06 21:38:56,900 : INFO : EventManager : Event: ======'player_add_request'====== Args={}
2025-03-06 21:38:56,900 : INFO : EventManager : Event: ======'player_will_add'====== Args={'number': 3}
2025-03-06 21:38:56,901 : INFO : EventManager : Event: ======'player_adding'====== Args={'player': <Player 3>, 'number': 3}
2025-03-06 21:38:56,901 : INFO : EventManager : Event: ======'player_added'====== Args={'player': <Player 3>, 'num': 3}
2025-03-06 21:38:56,902 : INFO : Mode.game : Player added successfully. Total players: 3
2025-03-06 21:38:56,903 : INFO : EventManager : Event: ======'player_index'====== Args={'value': 2, 'prev_value': 2, 'change': 0, 'player_num': 3}
2025-03-06 21:38:56,903 : INFO : EventManager : Event: ======'player_number'====== Args={'value': 3, 'prev_value': 3, 'change': 0, 'player_num': 3}
2025-03-06 21:38:56,904 : INFO : EventManager : Event: ======'player_score'====== Args={'value': 0, 'prev_value': 0, 'change': 0, 'player_num': 3}
2025-03-06 21:38:56,922 : INFO : coil.c_autolauncher : Pulsing Driver for 20ms (1.0 pulse_power)
2025-03-06 21:38:56,922 : INFO : SwitchController : <<<<<<< 's_plunger_lane' inactive >>>>>>>
2025-03-06 21:38:56,928 : INFO : ball_device.bd_plunger_lane : State: ball_left
2025-03-06 21:38:56,928 : INFO : ball_device.bd_plunger_lane : Ball left
2025-03-06 21:38:56,928 : INFO : ball_device.bd_plunger_lane : Wait for confirm with timeout 3.0
2025-03-06 21:38:56,978 : INFO : SwitchController : <<<<<<< 's_playfield_entry' active >>>>>>>
2025-03-06 21:38:56,979 : INFO : EventManager : Event: ======'sw_playfield_active'====== Args={}
2025-03-06 21:38:56,979 : INFO : EventManager : Event: ======'machine_var_audits_switches_s_playfield_entry'====== Args={'value': 153, 'prev_value': 152, 'change': 1}
2025-03-06 21:38:56,982 : INFO : EventManager : Event: ======'playfield_active'====== Args={}
2025-03-06 21:38:57,014 : INFO : SwitchController : <<<<<<< 's_playfield_entry' inactive >>>>>>>
2025-03-06 21:38:57,016 : INFO : SwitchController : <<<<<<< 's_launcher_button' inactive >>>>>>>
2025-03-06 21:38:57,034 : INFO : ball_device.bd_plunger_lane : Got eject confirm
2025-03-06 21:38:57,034 : INFO : ball_device.bd_plunger_lane : Eject successful
2025-03-06 21:38:57,035 : INFO : EventManager : Event: ======'balldevice_bd_plunger_lane_ball_eject_success'====== Args={'balls': 1, 'target': <playfield.playfield>}
2025-03-06 21:38:57,035 : INFO : EventManager : Event: ======'balldevice_playfield_ball_enter'====== Args={'new_balls': 1, 'unclaimed_balls': 1, 'device': <playfield.playfield>}
2025-03-06 21:38:57,035 : INFO : EventManager : Event: ======'playfield_ball_count_change'====== Args={'balls': 1, 'change': 1}
2025-03-06 21:38:57,035 : INFO : EventManager : Event: ======'balldevice_bd_plunger_lane_ball_count_changed'====== Args={'balls': 0}
2025-03-06 21:38:57,433 : INFO : ball_device.bd_plunger_lane : State: idle
2025-03-06 21:38:58,389 : INFO : SwitchController : <<<<<<< 's_pointTarget' active >>>>>>>
2025-03-06 21:38:58,390 : INFO : EventManager : Event: ======'s_pointTarget_active'====== Args={}
2025-03-06 21:38:58,390 : INFO : EventManager : Event: ======'sw_playfield_active'====== Args={}
2025-03-06 21:38:58,390 : INFO : EventManager : Event: ======'machine_var_audits_switches_s_pointTarget'====== Args={'value': 17, 'prev_value': 16, 'change': 1}
2025-03-06 21:38:58,391 : INFO : EventManager : Event: ======'player_score'====== Args={'value': 100, 'prev_value': 0, 'change': 100, 'player_num': 2, 'source': 'base'}
2025-03-06 21:38:58,474 : INFO : SwitchController : <<<<<<< 's_pointTarget' inactive >>>>>>>
2025-03-06 21:38:59,187 : INFO : SwitchController : <<<<<<< 's_pointTarget' active >>>>>>>
2025-03-06 21:38:59,188 : INFO : EventManager : Event: ======'s_pointTarget_active'====== Args={}
2025-03-06 21:38:59,188 : INFO : EventManager : Event: ======'sw_playfield_active'====== Args={}
2025-03-06 21:38:59,188 : INFO : EventManager : Event: ======'machine_var_audits_switches_s_pointTarget'====== Args={'value': 18, 'prev_value': 17, 'change': 1}
2025-03-06 21:38:59,190 : INFO : EventManager : Event: ======'player_score'====== Args={'value': 200, 'prev_value': 100, 'change': 100, 'player_num': 2, 'source': 'base'}
2025-03-06 21:38:59,254 : INFO : SwitchController : <<<<<<< 's_pointTarget' inactive >>>>>>>
2025-03-06 21:38:59,489 : INFO : SwitchController : <<<<<<< 's_pointTarget' active >>>>>>>
2025-03-06 21:38:59,490 : INFO : EventManager : Event: ======'s_pointTarget_active'====== Args={}
2025-03-06 21:38:59,490 : INFO : EventManager : Event: ======'sw_playfield_active'====== Args={}
2025-03-06 21:38:59,490 : INFO : EventManager : Event: ======'machine_var_audits_switches_s_pointTarget'====== Args={'value': 19, 'prev_value': 18, 'change': 1}
2025-03-06 21:38:59,492 : INFO : EventManager : Event: ======'player_score'====== Args={'value': 300, 'prev_value': 200, 'change': 100, 'player_num': 2, 'source': 'base'}
2025-03-06 21:38:59,565 : INFO : SwitchController : <<<<<<< 's_pointTarget' inactive >>>>>>>
2025-03-06 21:38:59,706 : INFO : SwitchController : <<<<<<< 's_pointTarget' active >>>>>>>
2025-03-06 21:38:59,706 : INFO : EventManager : Event: ======'s_pointTarget_active'====== Args={}
2025-03-06 21:38:59,707 : INFO : EventManager : Event: ======'sw_playfield_active'====== Args={}
2025-03-06 21:38:59,707 : INFO : EventManager : Event: ======'machine_var_audits_switches_s_pointTarget'====== Args={'value': 20, 'prev_value': 19, 'change': 1}
2025-03-06 21:38:59,711 : INFO : EventManager : Event: ======'player_score'====== Args={'value': 400, 'prev_value': 300, 'change': 100, 'player_num': 2, 'source': 'base'}
2025-03-06 21:38:59,779 : INFO : SwitchController : <<<<<<< 's_pointTarget' inactive >>>>>>>
2025-03-06 21:39:02,846 : INFO : Machine : Shutting down...
2025-03-06 21:39:02,846 : INFO : EventManager : Event: ======'shutdown'====== Args={}
2025-03-06 21:39:02,849 : INFO : EventManager : Event: ======'mode_game_will_stop'====== Args={}
2025-03-06 21:39:02,849 : INFO : EventManager : Event: ======'mode_game_stopping'====== Args={}
2025-03-06 21:39:02,850 : INFO : EventManager : Event: ======'mode_base_will_stop'====== Args={}
2025-03-06 21:39:02,850 : INFO : EventManager : Event: ======'mode_base_stopping'====== Args={}
2025-03-06 21:39:02,850 : INFO : Mode.base : Stopped.
2025-03-06 21:39:02,850 : INFO : EventManager : Event: ======'modes_active_modes_changed'====== Args={}
2025-03-06 21:39:02,851 : INFO : EventManager : Event: ======'mode_base_stopped'====== Args={}
2025-03-06 21:39:02,851 : INFO : EventManager : Event: ======'clear'====== Args={'key': 'base'}
2025-03-06 21:39:02,851 : INFO : Mode.game : Stopped.
2025-03-06 21:39:02,851 : INFO : EventManager : Event: ======'modes_active_modes_changed'====== Args={}
2025-03-06 21:39:02,851 : INFO : EventManager : Event: ======'mode_game_stopped'====== Args={}
2025-03-06 21:39:02,851 : INFO : EventManager : Event: ======'clear'====== Args={'key': 'game'}
2025-03-06 21:39:02,855 : INFO : root : MPF run loop ended.
