2025-03-06 22:27:30,378 : kivy : deps: Successfully imported "kivy_deps.gstreamer" 0.3.3
2025-03-06 22:27:30,378 : kivy : deps: Successfully imported "kivy_deps.angle" 0.3.3
2025-03-06 22:27:30,378 : kivy : deps: Successfully imported "kivy_deps.glew" 0.3.1
2025-03-06 22:27:30,378 : kivy : deps: Successfully imported "kivy_deps.sdl2" 0.6.0
2025-03-06 22:27:30,378 : kivy : Kivy: v2.2.1
2025-03-06 22:27:30,378 : kivy : Kivy: Installed at "C:\Users\duffb\.pyenv\pyenv-win\versions\3.11.0\Lib\site-packages\kivy\__init__.py"
2025-03-06 22:27:30,378 : kivy : Python: v3.11.0 (main, Oct 24 2022, 18:26:48) [MSC v.1933 64 bit (AMD64)]
2025-03-06 22:27:30,379 : kivy : Python: Interpreter at "C:\Users\duffb\.pyenv\pyenv-win\versions\3.11.0\python.exe"
2025-03-06 22:27:30,392 : kivy : Factory: 190 symbols loaded
2025-03-06 22:27:30,532 : kivy : ImageLoaderFFPy: Using ffpyplayer 4.5.1
2025-03-06 22:27:30,532 : kivy : Image: Providers: img_tex, img_dds, img_sdl2, img_pil, img_ffpyplayer 
2025-03-06 22:27:30,815 : kivy : VideoGstplayer: Using Gstreamer 1.18.5.0
2025-03-06 22:27:30,815 : kivy : Video: Provider: gstplayer
2025-03-06 22:27:30,905 : root : Loading MPF-MC controller
2025-03-06 22:27:30,919 : YamlMultifileConfigLoader : Machine config file #1: config
2025-03-06 22:27:30,920 : ConfigProcessor : Config file in cache changed: C:\Users\duffb\OneDrive\Documents\Python Envs\PinBallWW1\Machine\config\config
2025-03-06 22:27:30,920 : ConfigProcessor : Loading config from file C:\Users\duffb\.pyenv\pyenv-win\versions\3.11.0\Lib\site-packages\mpfmc\mcconfig.yaml.
2025-03-06 22:27:30,926 : ConfigProcessor : Loading config: C:\Users\duffb\.pyenv\pyenv-win\versions\3.11.0\Lib\site-packages\mpfmc\mcconfig.yaml
2025-03-06 22:27:30,926 : ConfigProcessor : Loading config from file C:\Users\duffb\OneDrive\Documents\Python Envs\PinBallWW1\Machine\config\config.
2025-03-06 22:27:30,929 : ConfigProcessor : Loading config: C:\Users\duffb\OneDrive\Documents\Python Envs\PinBallWW1\Machine\config\config
2025-03-06 22:27:30,930 : ConfigProcessor : Config file cache created: C:\Users\duffb\AppData\Local\Temp\de7a4651692d89380cb727f0a44dc491.mpf_cache
2025-03-06 22:27:30,931 : ConfigProcessor : Loading config from cache: C:\Users\duffb\AppData\Local\Temp\ee7db1e8d011f44c876692bb4657f2e9.mpf_cache
2025-03-06 22:27:30,942 : ConfigProcessor : Loading config from cache: C:\Users\duffb\AppData\Local\Temp\9f058d482eac17116727d62a93500be7.mpf_cache
2025-03-06 22:27:30,943 : ConfigProcessor : Loading config from cache: C:\Users\duffb\AppData\Local\Temp\9e006ea23aa21ec68e01f6c49afad9f4.mpf_cache
2025-03-06 22:27:30,944 : mpfmc : Mission Pinball Framework Media Controller (MPF-MC) v0.57.1. Requires MPF v0.57.0 or newer.
2025-03-06 22:27:30,944 : mpfmc : Found MPF v0.57.0
2025-03-06 22:27:30,944 : mpfmc : Machine path: C:\Users\duffb\OneDrive\Documents\Python Envs\PinBallWW1\Machine
2025-03-06 22:27:30,944 : mpfmc : Starting clock at 60.0Hz
2025-03-06 22:27:30,962 : kivy : Text: Provider: sdl2
2025-03-06 22:27:31,014 : kivy : Window: Provider: sdl2
2025-03-06 22:27:31,247 : kivy : GL: Using the "OpenGL" graphics system
2025-03-06 22:27:31,248 : kivy : GL: GLEW initialization succeeded
2025-03-06 22:27:31,248 : kivy : GL: Backend used <glew>
2025-03-06 22:27:31,248 : kivy : GL: OpenGL version <b'4.6.0 - Build 31.0.101.5592'>
2025-03-06 22:27:31,248 : kivy : GL: OpenGL vendor <b'Intel'>
2025-03-06 22:27:31,248 : kivy : GL: OpenGL renderer <b'Intel(R) UHD Graphics'>
2025-03-06 22:27:31,249 : kivy : GL: OpenGL parsed version: 4, 6
2025-03-06 22:27:31,249 : kivy : GL: Shading version <b'4.60 - Build 31.0.101.5592'>
2025-03-06 22:27:31,249 : kivy : GL: Texture max size <16384>
2025-03-06 22:27:31,249 : kivy : GL: Texture max units <32>
2025-03-06 22:27:31,276 : kivy : Window: auto add sdl2 input provider
2025-03-06 22:27:31,276 : kivy : Window: virtual keyboard not allowed, single mode, not docked
2025-03-06 22:27:31,695 : AudioInterface : Initialized
2025-03-06 22:27:31,695 : AudioInterface : Loaded SDL 2.26.4
2025-03-06 22:27:31,695 : AudioInterface : Loaded SDL_Mixer 2.6.3
2025-03-06 22:27:31,695 : AudioInterface : Loaded GStreamer 1.18.5.0
2025-03-06 22:27:31,695 : AudioInterface : Loaded GLib 2.62.6
2025-03-06 22:27:31,695 : AudioInterface : Settings requested - rate: 44100, channels: 1, buffer: 2048 samples
2025-03-06 22:27:31,695 : AudioInterface : Settings in use - rate: 44100, channels: 1, buffer: 2048 samples (4096 bytes @ 2 bytes per sample)
2025-03-06 22:27:31,695 : SoundSystem : Setting master volume to 0.0
2025-03-06 22:27:31,695 : AudioInterface : Enabling audio playback
2025-03-06 22:27:31,698 : kivy : Base: Start application main loop
2025-03-06 22:27:31,698 : EventManager : Event: ======'display_window_initialized'====== Args={}
2025-03-06 22:27:31,717 : mpfmc : Display: Setting 'window' as default display
2025-03-06 22:27:31,726 : EventManager : Event: ======'displays_initialized'====== Args={}
2025-03-06 22:27:31,728 : EventManager : Event: ======'slide_window_blank_created'====== Args={}
2025-03-06 22:27:31,728 : EventManager : Event: ======'display_window_ready'====== Args={}
2025-03-06 22:27:31,739 : EventManager : Event: ======'init_phase_1'====== Args={}
2025-03-06 22:27:31,741 : EventManager : Event: ======'mc_ready'====== Args={}
2025-03-06 22:27:31,741 : EventManager : Event: ======'init_phase_2'====== Args={}
2025-03-06 22:27:31,743 : EventManager : Event: ======'init_phase_3'====== Args={}
2025-03-06 22:27:31,744 : EventManager : Event: ======'init_phase_4'====== Args={}
2025-03-06 22:27:31,744 : EventManager : Event: ======'init_phase_5'====== Args={}
2025-03-06 22:27:31,758 : kivy : GL: NPOT texture support is available
2025-03-06 22:27:31,774 : EventManager : Event: ======'loading_assets'====== Args={'total': 4, 'loaded': 1, 'remaining': 3, 'percent': 25}
2025-03-06 22:27:31,774 : AssetManager : Loading assets: 1/4 (25%)
2025-03-06 22:27:31,780 : EventManager : Event: ======'loading_assets'====== Args={'total': 4, 'loaded': 4, 'remaining': 0, 'percent': 100}
2025-03-06 22:27:31,780 : AssetManager : Asset loading took: 0.08420538902282715
2025-03-06 22:27:31,780 : EventManager : Event: ======'asset_loading_complete'====== Args={}
2025-03-06 22:27:31,780 : AssetManager : Loading assets: 4/4 (100%)
2025-03-06 22:27:31,780 : EventManager : Event: ======'init_done'====== Args={}
2025-03-06 22:27:31,780 : MPF-MC BCP Server : Starting up on localhost port 5050
2025-03-06 22:27:31,787 : MPF-MC BCP Server : Waiting for a connection...
2025-03-06 22:27:31,792 : EventManager : Event: ======'slide_welcome_slide_created'====== Args={}
2025-03-06 22:27:31,793 : EventManager : Event: ======'slide_welcome_slide_active'====== Args={}
2025-03-06 22:27:31,796 : EventManager : Event: ======'client_disconnected'====== Args={'host': '127.0.0.1', 'port': 5050}
2025-03-06 22:27:32,628 : MPF-MC BCP Server : Received connection from: 127.0.0.1:51420
2025-03-06 22:27:32,639 : EventManager : Event: ======'client_connected'====== Args={'host': '127.0.0.1', 'port': 51420}
2025-03-06 22:27:32,816 : EventManager : Event: ======'machine_var_credits_string'====== Args={'value': 'FREE PLAY', 'prev_value': None, 'change': True}
2025-03-06 22:27:32,816 : EventManager : Event: ======'machine_var_master_volume'====== Args={'value': 0.5, 'prev_value': None, 'change': True}
2025-03-06 22:27:32,816 : EventManager : Event: ======'machine_var_player1_score'====== Args={'value': 8000, 'prev_value': None, 'change': True}
2025-03-06 22:27:32,816 : EventManager : Event: ======'machine_var_player2_score'====== Args={'value': 1000, 'prev_value': None, 'change': True}
2025-03-06 22:27:32,816 : EventManager : Event: ======'machine_var_mpf_version'====== Args={'value': 'Mission Pinball Framework v0.57.0', 'prev_value': None, 'change': True}
2025-03-06 22:27:32,816 : EventManager : Event: ======'machine_var_mpf_extended_version'====== Args={'value': 'Mission Pinball Framework v0.57.0, Config version:6, Show version: 6, BCP version:1.1', 'prev_value': None, 'change': True}
2025-03-06 22:27:32,816 : EventManager : Event: ======'machine_var_python_version'====== Args={'value': '3.11.0', 'prev_value': None, 'change': True}
2025-03-06 22:27:32,816 : EventManager : Event: ======'machine_var_platform'====== Args={'value': 'Windows-10-10.0.26100-SP0', 'prev_value': None, 'change': True}
2025-03-06 22:27:32,816 : EventManager : Event: ======'machine_var_platform_system'====== Args={'value': 'Windows', 'prev_value': None, 'change': True}
2025-03-06 22:27:32,816 : EventManager : Event: ======'machine_var_platform_release'====== Args={'value': '10', 'prev_value': None, 'change': True}
2025-03-06 22:27:32,816 : EventManager : Event: ======'machine_var_platform_version'====== Args={'value': '10.0.26100', 'prev_value': None, 'change': True}
2025-03-06 22:27:32,816 : EventManager : Event: ======'machine_var_platform_machine'====== Args={'value': 'AMD64', 'prev_value': None, 'change': True}
2025-03-06 22:27:32,816 : EventManager : Event: ======'machine_var_mc_version'====== Args={'value': 'MPF-MC v0.57.1', 'prev_value': None, 'change': True}
2025-03-06 22:27:32,816 : EventManager : Event: ======'machine_var_mc_extended_version'====== Args={'value': 'MPF-MC v0.57.1 (config_version=6, BCP v1.1,                      Requires MPF API compatibility v0.57.0 or newer)', 'prev_value': None, 'change': True}
2025-03-06 22:27:32,816 : EventManager : Event: ======'machine_var_credits_string'====== Args={'value': 'FREE PLAY', 'prev_value': None, 'change': True}
2025-03-06 22:27:32,816 : EventManager : Event: ======'machine_var_master_volume'====== Args={'value': 0.5, 'prev_value': None, 'change': True}
2025-03-06 22:27:32,816 : EventManager : Event: ======'machine_var_player1_score'====== Args={'value': 8000, 'prev_value': None, 'change': True}
2025-03-06 22:27:32,816 : EventManager : Event: ======'machine_var_player2_score'====== Args={'value': 1000, 'prev_value': None, 'change': True}
2025-03-06 22:27:32,816 : EventManager : Event: ======'machine_var_mpf_version'====== Args={'value': 'Mission Pinball Framework v0.57.0', 'prev_value': None, 'change': True}
2025-03-06 22:27:32,817 : EventManager : Event: ======'machine_var_mpf_extended_version'====== Args={'value': 'Mission Pinball Framework v0.57.0, Config version:6, Show version: 6, BCP version:1.1', 'prev_value': None, 'change': True}
2025-03-06 22:27:32,817 : EventManager : Event: ======'machine_var_python_version'====== Args={'value': '3.11.0', 'prev_value': None, 'change': True}
2025-03-06 22:27:32,817 : EventManager : Event: ======'machine_var_platform'====== Args={'value': 'Windows-10-10.0.26100-SP0', 'prev_value': None, 'change': True}
2025-03-06 22:27:32,817 : EventManager : Event: ======'machine_var_platform_system'====== Args={'value': 'Windows', 'prev_value': None, 'change': True}
2025-03-06 22:27:32,817 : EventManager : Event: ======'machine_var_platform_release'====== Args={'value': '10', 'prev_value': None, 'change': True}
2025-03-06 22:27:32,817 : EventManager : Event: ======'machine_var_platform_version'====== Args={'value': '10.0.26100', 'prev_value': None, 'change': True}
2025-03-06 22:27:32,817 : EventManager : Event: ======'machine_var_platform_machine'====== Args={'value': 'AMD64', 'prev_value': None, 'change': True}
2025-03-06 22:27:32,817 : EventManager : Event: ======'machine_var_mc_version'====== Args={'value': 'MPF-MC v0.57.1', 'prev_value': None, 'change': True}
2025-03-06 22:27:32,817 : EventManager : Event: ======'machine_var_mc_extended_version'====== Args={'value': 'MPF-MC v0.57.1 (config_version=6, BCP v1.1,                      Requires MPF API compatibility v0.57.0 or newer)', 'prev_value': None, 'change': True}
2025-03-06 22:27:32,817 : EventManager : Event: ======'machine_var_credits_string'====== Args={'value': 'FREE PLAY', 'prev_value': None, 'change': True}
2025-03-06 22:27:32,817 : EventManager : Event: ======'machine_var_master_volume'====== Args={'value': 0.5, 'prev_value': None, 'change': True}
2025-03-06 22:27:32,817 : EventManager : Event: ======'machine_var_player1_score'====== Args={'value': 8000, 'prev_value': None, 'change': True}
2025-03-06 22:27:32,817 : EventManager : Event: ======'machine_var_player2_score'====== Args={'value': 1000, 'prev_value': None, 'change': True}
2025-03-06 22:27:32,817 : EventManager : Event: ======'machine_var_mpf_version'====== Args={'value': 'Mission Pinball Framework v0.57.0', 'prev_value': None, 'change': True}
2025-03-06 22:27:32,817 : EventManager : Event: ======'machine_var_mpf_extended_version'====== Args={'value': 'Mission Pinball Framework v0.57.0, Config version:6, Show version: 6, BCP version:1.1', 'prev_value': None, 'change': True}
2025-03-06 22:27:32,817 : EventManager : Event: ======'machine_var_python_version'====== Args={'value': '3.11.0', 'prev_value': None, 'change': True}
2025-03-06 22:27:32,817 : EventManager : Event: ======'machine_var_platform'====== Args={'value': 'Windows-10-10.0.26100-SP0', 'prev_value': None, 'change': True}
2025-03-06 22:27:32,817 : EventManager : Event: ======'machine_var_platform_system'====== Args={'value': 'Windows', 'prev_value': None, 'change': True}
2025-03-06 22:27:32,817 : EventManager : Event: ======'machine_var_platform_release'====== Args={'value': '10', 'prev_value': None, 'change': True}
2025-03-06 22:27:32,817 : EventManager : Event: ======'machine_var_platform_version'====== Args={'value': '10.0.26100', 'prev_value': None, 'change': True}
2025-03-06 22:27:32,817 : EventManager : Event: ======'machine_var_platform_machine'====== Args={'value': 'AMD64', 'prev_value': None, 'change': True}
2025-03-06 22:27:32,817 : EventManager : Event: ======'machine_var_mc_version'====== Args={'value': 'MPF-MC v0.57.1', 'prev_value': None, 'change': True}
2025-03-06 22:27:32,817 : EventManager : Event: ======'machine_var_mc_extended_version'====== Args={'value': 'MPF-MC v0.57.1 (config_version=6, BCP v1.1,                      Requires MPF API compatibility v0.57.0 or newer)', 'prev_value': None, 'change': True}
2025-03-06 22:27:32,817 : EventManager : Event: ======'machine_var_credits_string'====== Args={'value': 'FREE PLAY', 'prev_value': None, 'change': True}
2025-03-06 22:27:32,817 : EventManager : Event: ======'machine_var_master_volume'====== Args={'value': 0.5, 'prev_value': None, 'change': True}
2025-03-06 22:27:32,817 : EventManager : Event: ======'machine_var_player1_score'====== Args={'value': 8000, 'prev_value': None, 'change': True}
2025-03-06 22:27:32,817 : EventManager : Event: ======'machine_var_player2_score'====== Args={'value': 1000, 'prev_value': None, 'change': True}
2025-03-06 22:27:32,817 : EventManager : Event: ======'machine_var_mpf_version'====== Args={'value': 'Mission Pinball Framework v0.57.0', 'prev_value': None, 'change': True}
2025-03-06 22:27:32,818 : EventManager : Event: ======'machine_var_mpf_extended_version'====== Args={'value': 'Mission Pinball Framework v0.57.0, Config version:6, Show version: 6, BCP version:1.1', 'prev_value': None, 'change': True}
2025-03-06 22:27:32,818 : EventManager : Event: ======'machine_var_python_version'====== Args={'value': '3.11.0', 'prev_value': None, 'change': True}
2025-03-06 22:27:32,818 : EventManager : Event: ======'machine_var_platform'====== Args={'value': 'Windows-10-10.0.26100-SP0', 'prev_value': None, 'change': True}
2025-03-06 22:27:32,818 : EventManager : Event: ======'machine_var_platform_system'====== Args={'value': 'Windows', 'prev_value': None, 'change': True}
2025-03-06 22:27:32,818 : EventManager : Event: ======'machine_var_platform_release'====== Args={'value': '10', 'prev_value': None, 'change': True}
2025-03-06 22:27:32,818 : EventManager : Event: ======'machine_var_platform_version'====== Args={'value': '10.0.26100', 'prev_value': None, 'change': True}
2025-03-06 22:27:32,818 : EventManager : Event: ======'machine_var_platform_machine'====== Args={'value': 'AMD64', 'prev_value': None, 'change': True}
2025-03-06 22:27:32,818 : EventManager : Event: ======'machine_var_mc_version'====== Args={'value': 'MPF-MC v0.57.1', 'prev_value': None, 'change': True}
2025-03-06 22:27:32,818 : EventManager : Event: ======'machine_var_mc_extended_version'====== Args={'value': 'MPF-MC v0.57.1 (config_version=6, BCP v1.1,                      Requires MPF API compatibility v0.57.0 or newer)', 'prev_value': None, 'change': True}
2025-03-06 22:27:32,818 : SoundSystem : Setting master volume to 0.5
2025-03-06 22:27:32,818 : SoundSystem : Setting master volume to 0.5
2025-03-06 22:27:32,818 : SoundSystem : Setting master volume to 0.5
2025-03-06 22:27:32,818 : SoundSystem : Setting master volume to 0.5
2025-03-06 22:27:32,853 : EventManager : Event: ======'machine_var_audits_events_game_ended'====== Args={'value': 13, 'prev_value': None, 'change': True}
2025-03-06 22:27:32,853 : EventManager : Event: ======'machine_var_audits_events_game_started'====== Args={'value': 28, 'prev_value': None, 'change': True}
2025-03-06 22:27:32,853 : EventManager : Event: ======'machine_var_audits_missing_switches_s_drain'====== Args={'value': 6, 'prev_value': None, 'change': True}
2025-03-06 22:27:32,853 : EventManager : Event: ======'machine_var_audits_missing_switches_s_trough2'====== Args={'value': 14, 'prev_value': None, 'change': True}
2025-03-06 22:27:32,853 : EventManager : Event: ======'machine_var_audits_missing_switches_s_trough3'====== Args={'value': 21, 'prev_value': None, 'change': True}
2025-03-06 22:27:32,853 : EventManager : Event: ======'machine_var_audits_missing_switches_s_trough_enter'====== Args={'value': 28, 'prev_value': None, 'change': True}
2025-03-06 22:27:32,853 : EventManager : Event: ======'machine_var_audits_player_score'====== Args={'value': {'average': 124, 'top': [8000, 1000, 0, 0, 0, 0, 0, 0, 0, 0], 'total': 16}, 'prev_value': None, 'change': True}
2025-03-06 22:27:32,853 : EventManager : Event: ======'machine_var_audits_switches_s_drain'====== Args={'value': 0, 'prev_value': None, 'change': True}
2025-03-06 22:27:32,853 : EventManager : Event: ======'machine_var_audits_switches_s_launcher_button'====== Args={'value': 17, 'prev_value': None, 'change': True}
2025-03-06 22:27:32,853 : EventManager : Event: ======'machine_var_audits_switches_s_left_flipper'====== Args={'value': 15, 'prev_value': None, 'change': True}
2025-03-06 22:27:32,853 : EventManager : Event: ======'machine_var_audits_switches_s_playfield_entry'====== Args={'value': 153, 'prev_value': None, 'change': True}
2025-03-06 22:27:32,853 : EventManager : Event: ======'machine_var_audits_switches_s_plunger_lane'====== Args={'value': 76, 'prev_value': None, 'change': True}
2025-03-06 22:27:32,853 : EventManager : Event: ======'machine_var_audits_switches_s_pointTarget'====== Args={'value': 20, 'prev_value': None, 'change': True}
2025-03-06 22:27:32,853 : EventManager : Event: ======'machine_var_audits_switches_s_right_flipper'====== Args={'value': 11, 'prev_value': None, 'change': True}
2025-03-06 22:27:32,853 : EventManager : Event: ======'machine_var_audits_switches_s_trough1'====== Args={'value': 52, 'prev_value': None, 'change': True}
2025-03-06 22:27:32,853 : EventManager : Event: ======'machine_var_audits_switches_s_trough2'====== Args={'value': 6, 'prev_value': None, 'change': True}
2025-03-06 22:27:32,853 : EventManager : Event: ======'machine_var_audits_switches_s_trough3'====== Args={'value': 6, 'prev_value': None, 'change': True}
2025-03-06 22:27:32,853 : EventManager : Event: ======'machine_var_audits_switches_s_trough_enter'====== Args={'value': 0, 'prev_value': None, 'change': True}
2025-03-06 22:27:32,865 : EventManager : Event: ======'slides_play'====== Args={'settings': {'welcome_slide': {'target': None, 'background_color': [0.0, 0.0, 0.0, 1.0], 'priority': None, 'show': True, 'force': False, 'expire': None, 'slide': None, 'tokens': {}, 'action': 'play'}}, 'context': '_global', 'calling_context': 'init_done', 'priority': 0}
2025-03-06 22:27:32,865 : EventManager : Event: ======'mc_reset_phase_1'====== Args={}
2025-03-06 22:27:32,865 : EventManager : Event: ======'slide_welcome_slide_removed'====== Args={}
2025-03-06 22:27:32,867 : EventManager : Event: ======'slide_welcome_slide_created'====== Args={}
2025-03-06 22:27:32,867 : EventManager : Event: ======'mc_reset_phase_2'====== Args={}
2025-03-06 22:27:32,867 : EventManager : Event: ======'mc_reset_phase_3'====== Args={}
2025-03-06 22:27:32,867 : EventManager : Event: ======'mc_reset_complete'====== Args={}
2025-03-06 22:27:32,868 : EventManager : Event: ======'slide_welcome_slide_active'====== Args={}
2025-03-06 22:27:32,877 : EventManager : Event: ======'slides_play'====== Args={'settings': {'ship_slide': {'widgets': [{'type': 'image', 'image': 'ship', '_default_settings': ['type', 'image'], 'x': None, 'y': None, 'anchor_x': 'center', 'anchor_y': 'center', 'round_anchor_x': None, 'round_anchor_y': None, 'opacity': 1.0, 'z': 0, 'reset_animations_events': {}, 'color': [1.0, 1.0, 1.0, 1.0], 'style': [], 'adjust_top': 0, 'adjust_bottom': 0, 'adjust_left': 0, 'adjust_right': 0, 'expire': None, 'key': None, 'widget': None, 'events_when_added': [], 'events_when_removed': [], 'fps': 10, 'loops': -1, 'auto_play': True, 'start_frame': 0, 'rotation': 0, 'scale': 1.0, 'animations': None}], 'target': None, 'background_color': [0.0, 0.0, 0.0, 1.0], 'priority': None, 'show': True, 'force': False, 'expire': None, 'slide': None, 'tokens': {}, 'action': 'play'}}, 'context': 'show_1', 'calling_context': 0, 'priority': 10, 'show_tokens': {}, 'start_time': 356286.812}
2025-03-06 22:27:32,877 : EventManager : Event: ======'sounds_play'====== Args={'settings': {'main': {'action': 'play', 'priority': None, 'block': False, 'delay': None, 'track': None, 'volume': None, 'ducking': {}, 'pan': None, 'loops': None, 'start_at': None, 'fade_in': None, 'fade_out': None, 'about_to_finish_time': -1.0, 'max_queue_time': -1.0, 'events_when_played': ['use_sound_setting'], 'events_when_stopped': ['use_sound_setting'], 'events_when_looping': ['use_sound_setting'], 'events_when_about_to_finish': ['use_sound_setting'], 'mode_end_action': 'use_sound_setting', 'key': 'use_sound_setting'}}, 'context': '_global', 'calling_context': 'mode_attract_started', 'priority': 0}
2025-03-06 22:27:32,879 : EventManager : Event: ======'slide_ship_slide_created'====== Args={}
2025-03-06 22:27:32,880 : EventManager : Event: ======'slide_ship_slide_active'====== Args={}
2025-03-06 22:27:32,900 : EventManager : Event: ======'loading_assets'====== Args={'total': 1, 'loaded': 1, 'remaining': 0, 'percent': 100}
2025-03-06 22:27:32,900 : AssetManager : Asset loading took: 1.2036652565002441
2025-03-06 22:27:32,900 : EventManager : Event: ======'asset_loading_complete'====== Args={}
2025-03-06 22:27:32,900 : AssetManager : Loading assets: 1/1 (100%)
2025-03-06 22:27:36,075 : EventManager : Event: ======'slides_play'====== Args={'settings': {'start_slide': {'widgets': [{'type': 'image', 'image': 'start_game', '_default_settings': ['type', 'image'], 'x': None, 'y': None, 'anchor_x': 'center', 'anchor_y': 'center', 'round_anchor_x': None, 'round_anchor_y': None, 'opacity': 1.0, 'z': 0, 'reset_animations_events': {}, 'color': [1.0, 1.0, 1.0, 1.0], 'style': [], 'adjust_top': 0, 'adjust_bottom': 0, 'adjust_left': 0, 'adjust_right': 0, 'expire': None, 'key': None, 'widget': None, 'events_when_added': [], 'events_when_removed': [], 'fps': 10, 'loops': -1, 'auto_play': True, 'start_frame': 0, 'rotation': 0, 'scale': 1.0, 'animations': None}], 'target': None, 'background_color': [0.0, 0.0, 0.0, 1.0], 'priority': None, 'show': True, 'force': False, 'expire': None, 'slide': None, 'tokens': {}, 'action': 'play'}}, 'context': 'show_1', 'calling_context': 1, 'priority': 10, 'show_tokens': {}, 'start_time': 356289.812}
2025-03-06 22:27:36,079 : EventManager : Event: ======'slide_start_slide_created'====== Args={}
2025-03-06 22:27:36,080 : EventManager : Event: ======'slide_start_slide_active'====== Args={}
2025-03-06 22:27:38,888 : EventManager : Event: ======'slides_play'====== Args={'settings': {'company_slide': {'widgets': [{'type': 'image', 'image': 'company', '_default_settings': ['type', 'image'], 'x': None, 'y': None, 'anchor_x': 'center', 'anchor_y': 'center', 'round_anchor_x': None, 'round_anchor_y': None, 'opacity': 1.0, 'z': 0, 'reset_animations_events': {}, 'color': [1.0, 1.0, 1.0, 1.0], 'style': [], 'adjust_top': 0, 'adjust_bottom': 0, 'adjust_left': 0, 'adjust_right': 0, 'expire': None, 'key': None, 'widget': None, 'events_when_added': [], 'events_when_removed': [], 'fps': 10, 'loops': -1, 'auto_play': True, 'start_frame': 0, 'rotation': 0, 'scale': 1.0, 'animations': None}, {'type': 'text', 'text': '(machine|player1_score)', 'number_grouping': True, 'min_digits': 2, 'font_size': 50, 'y': '40%', '_default_settings': ['type', 'text', 'number_grouping', 'min_digits', 'font_size', 'y'], 'x': None, 'anchor_x': 'center', 'anchor_y': 'center', 'round_anchor_x': None, 'round_anchor_y': None, 'opacity': 1.0, 'z': 0, 'reset_animations_events': {}, 'color': [1.0, 1.0, 1.0, 1.0], 'style': [], 'adjust_top': 0, 'adjust_bottom': 0, 'adjust_left': 0, 'adjust_right': 0, 'expire': None, 'key': None, 'widget': None, 'events_when_added': [], 'events_when_removed': [], 'bitmap_font': False, 'font_kerning': True, 'bold': False, 'italic': False, 'halign': 'center', 'valign': 'middle', 'rotation': 0, 'scale': 1.0, 'casing': None, 'outline_color': [1.0, 1.0, 1.0, 1.0], 'outline_width': 0, 'animations': None}], 'target': None, 'background_color': [0.0, 0.0, 0.0, 1.0], 'priority': None, 'show': True, 'force': False, 'expire': None, 'slide': None, 'tokens': {}, 'action': 'play'}}, 'context': 'show_1', 'calling_context': 2, 'priority': 10, 'show_tokens': {}, 'start_time': 356292.812}
2025-03-06 22:27:38,897 : EventManager : Event: ======'slide_company_slide_created'====== Args={}
2025-03-06 22:27:38,897 : EventManager : Unordered handler for class <Text Widget text=8,000> on event machine_var_player1_score with priority 1. Handlers: [RegisteredHandler(callback=<bound method Text._machine_var_change of <Text Widget text=8,000>>, priority=1, kwargs={}, key=UUID('b1790518-9b87-4f04-9e52-b77f81f2f0b8'), condition=None, blocking_facility=None), RegisteredHandler(callback=<bound method Text._machine_var_change of <Text Widget text=8,000>>, priority=1, kwargs={}, key=UUID('42d6b955-c7f6-45ce-89d8-034bc55dd60f'), condition=None, blocking_facility=None)]. The order of those handlers is not defined and they will be executed in random order. This might lead to race conditions and potential bugs.
2025-03-06 22:27:38,900 : EventManager : Event: ======'slide_company_slide_active'====== Args={}
2025-03-06 22:27:41,885 : EventManager : Event: ======'slides_play'====== Args={'settings': {'lastgame_slide': {'widgets': [{'type': 'image', 'image': 'last_game', '_default_settings': ['type', 'image'], 'x': None, 'y': None, 'anchor_x': 'center', 'anchor_y': 'center', 'round_anchor_x': None, 'round_anchor_y': None, 'opacity': 1.0, 'z': 0, 'reset_animations_events': {}, 'color': [1.0, 1.0, 1.0, 1.0], 'style': [], 'adjust_top': 0, 'adjust_bottom': 0, 'adjust_left': 0, 'adjust_right': 0, 'expire': None, 'key': None, 'widget': None, 'events_when_added': [], 'events_when_removed': [], 'fps': 10, 'loops': -1, 'auto_play': True, 'start_frame': 0, 'rotation': 0, 'scale': 1.0, 'animations': None}], 'target': None, 'background_color': [0.0, 0.0, 0.0, 1.0], 'priority': None, 'show': True, 'force': False, 'expire': None, 'slide': None, 'tokens': {}, 'action': 'play'}}, 'context': 'show_1', 'calling_context': 3, 'priority': 10, 'show_tokens': {}, 'start_time': 356295.812}
2025-03-06 22:27:41,892 : EventManager : Event: ======'slide_lastgame_slide_created'====== Args={}
2025-03-06 22:27:41,894 : EventManager : Event: ======'slide_lastgame_slide_active'====== Args={}
2025-03-06 22:27:44,889 : EventManager : Event: ======'slides_play'====== Args={'settings': {'ship_slide': {'widgets': [{'type': 'image', 'image': 'ship', '_default_settings': ['type', 'image'], 'x': None, 'y': None, 'anchor_x': 'center', 'anchor_y': 'center', 'round_anchor_x': None, 'round_anchor_y': None, 'opacity': 1.0, 'z': 0, 'reset_animations_events': {}, 'color': [1.0, 1.0, 1.0, 1.0], 'style': [], 'adjust_top': 0, 'adjust_bottom': 0, 'adjust_left': 0, 'adjust_right': 0, 'expire': None, 'key': None, 'widget': None, 'events_when_added': [], 'events_when_removed': [], 'fps': 10, 'loops': -1, 'auto_play': True, 'start_frame': 0, 'rotation': 0, 'scale': 1.0, 'animations': None}], 'target': None, 'background_color': [0.0, 0.0, 0.0, 1.0], 'priority': None, 'show': True, 'force': False, 'expire': None, 'slide': None, 'tokens': {}, 'action': 'play'}}, 'context': 'show_1', 'calling_context': 0, 'priority': 10, 'show_tokens': {}, 'start_time': 356298.812}
2025-03-06 22:27:44,891 : EventManager : Event: ======'slide_ship_slide_removed'====== Args={}
2025-03-06 22:27:44,898 : EventManager : Event: ======'slide_ship_slide_created'====== Args={}
2025-03-06 22:27:44,900 : EventManager : Event: ======'slide_ship_slide_active'====== Args={}
2025-03-06 22:27:45,833 : EventManager : Event: ======'game_started'====== Args={}
2025-03-06 22:27:45,870 : EventManager : Event: ======'slides_clear'====== Args={'context': 'show_1'}
2025-03-06 22:27:45,871 : EventManager : Event: ======'sounds_play'====== Args={'settings': {'main': {'action': 'stop', 'priority': None, 'block': False, 'delay': None, 'track': None, 'volume': None, 'ducking': {}, 'pan': None, 'loops': None, 'start_at': None, 'fade_in': None, 'fade_out': None, 'about_to_finish_time': -1.0, 'max_queue_time': -1.0, 'events_when_played': ['use_sound_setting'], 'events_when_stopped': ['use_sound_setting'], 'events_when_looping': ['use_sound_setting'], 'events_when_about_to_finish': ['use_sound_setting'], 'mode_end_action': 'use_sound_setting', 'key': 'use_sound_setting'}}, 'context': '_global', 'calling_context': 'mode_attract_stopped', 'priority': 0}
2025-03-06 22:27:45,871 : EventManager : Event: ======'slide_start_slide_removed'====== Args={}
2025-03-06 22:27:45,872 : EventManager : Event: ======'slide_company_slide_removed'====== Args={}
2025-03-06 22:27:45,873 : EventManager : Event: ======'slide_lastgame_slide_removed'====== Args={}
2025-03-06 22:27:45,873 : EventManager : Event: ======'slide_ship_slide_removed'====== Args={}
2025-03-06 22:27:45,876 : EventManager : Event: ======'slide_welcome_slide_active'====== Args={}
2025-03-06 22:27:45,880 : EventManager : Event: ======'player_added'====== Args={'player': <Player 1>, 'num': 1}
2025-03-06 22:27:45,881 : EventManager : Event: ======'player_index'====== Args={'value': 0, 'prev_value': 0, 'change': 0, 'player_num': 1}
2025-03-06 22:27:45,881 : EventManager : Event: ======'player_number'====== Args={'value': 1, 'prev_value': 1, 'change': 0, 'player_num': 1}
2025-03-06 22:27:45,881 : EventManager : Event: ======'player_score'====== Args={'value': 0, 'prev_value': 0, 'change': 0, 'player_num': 1}
2025-03-06 22:27:45,943 : EventManager : Event: ======'player_ball'====== Args={'value': 1, 'prev_value': 0, 'change': 1, 'player_num': 1}
2025-03-06 22:27:45,955 : EventManager : Event: ======'player_turn_start'====== Args={'number': 1, 'player': <Player 1>}
2025-03-06 22:27:45,967 : EventManager : Event: ======'slides_play'====== Args={'settings': {'widgets': {'widgets': [{'type': 'text', 'text': '(score)', 'number_grouping': True, 'min_digits': 2, 'font_size': 100, '_default_settings': ['type', 'text', 'number_grouping', 'min_digits', 'font_size'], 'x': None, 'y': None, 'anchor_x': 'center', 'anchor_y': 'center', 'round_anchor_x': None, 'round_anchor_y': None, 'opacity': 1.0, 'z': 0, 'reset_animations_events': {}, 'color': [1.0, 1.0, 1.0, 1.0], 'style': [], 'adjust_top': 0, 'adjust_bottom': 0, 'adjust_left': 0, 'adjust_right': 0, 'expire': None, 'key': None, 'widget': None, 'events_when_added': [], 'events_when_removed': [], 'bitmap_font': False, 'font_kerning': True, 'bold': False, 'italic': False, 'halign': 'center', 'valign': 'middle', 'rotation': 0, 'scale': 1.0, 'casing': None, 'outline_color': [1.0, 1.0, 1.0, 1.0], 'outline_width': 0, 'animations': None}, {'type': 'text', 'text': 'PLAYER (number)', 'y': '10', 'x': '10', 'font_size': 50, 'anchor_x': 'left', 'anchor_y': 'bottom', '_default_settings': ['type', 'text', 'y', 'x', 'font_size', 'anchor_x', 'anchor_y'], 'round_anchor_x': None, 'round_anchor_y': None, 'opacity': 1.0, 'z': 0, 'reset_animations_events': {}, 'color': [1.0, 1.0, 1.0, 1.0], 'style': [], 'adjust_top': 0, 'adjust_bottom': 0, 'adjust_left': 0, 'adjust_right': 0, 'expire': None, 'key': None, 'widget': None, 'events_when_added': [], 'events_when_removed': [], 'bitmap_font': False, 'font_kerning': True, 'bold': False, 'italic': False, 'number_grouping': False, 'min_digits': 0, 'halign': 'center', 'valign': 'middle', 'rotation': 0, 'scale': 1.0, 'casing': None, 'outline_color': [1.0, 1.0, 1.0, 1.0], 'outline_width': 0, 'animations': None}, {'type': 'text', 'text': 'BALL (ball)', 'y': '10', 'x': 'right-10', 'anchor_x': 'right', 'anchor_y': 'bottom', 'font_size': 50, '_default_settings': ['type', 'text', 'y', 'x', 'anchor_x', 'anchor_y', 'font_size'], 'round_anchor_x': None, 'round_anchor_y': None, 'opacity': 1.0, 'z': 0, 'reset_animations_events': {}, 'color': [1.0, 1.0, 1.0, 1.0], 'style': [], 'adjust_top': 0, 'adjust_bottom': 0, 'adjust_left': 0, 'adjust_right': 0, 'expire': None, 'key': None, 'widget': None, 'events_when_added': [], 'events_when_removed': [], 'bitmap_font': False, 'font_kerning': True, 'bold': False, 'italic': False, 'number_grouping': False, 'min_digits': 0, 'halign': 'center', 'valign': 'middle', 'rotation': 0, 'scale': 1.0, 'casing': None, 'outline_color': [1.0, 1.0, 1.0, 1.0], 'outline_width': 0, 'animations': None}], 'target': None, 'background_color': [0.0, 0.0, 0.0, 1.0], 'priority': None, 'show': True, 'force': False, 'expire': None, 'slide': None, 'tokens': {}, 'action': 'play'}}, 'context': 'base', 'calling_context': 'mode_base_started', 'priority': 100, 'player': 1, 'ball': 1, 'balls_remaining': 2, 'is_extra_ball': False}
2025-03-06 22:27:45,983 : EventManager : Event: ======'slide_base.slide_player-mode_base_started_created'====== Args={}
2025-03-06 22:27:45,988 : EventManager : Event: ======'slide_base.slide_player-mode_base_started_active'====== Args={}
2025-03-06 22:27:46,132 : EventManager : Event: ======'machine_var_audits_switches_s_plunger_lane'====== Args={'value': 77, 'prev_value': 76, 'change': 1}
2025-03-06 22:27:47,975 : EventManager : Event: ======'machine_var_audits_switches_s_pointTarget'====== Args={'value': 21, 'prev_value': 20, 'change': 1}
2025-03-06 22:27:47,976 : EventManager : Event: ======'player_score'====== Args={'value': 100, 'prev_value': 0, 'change': 100, 'player_num': 1}
2025-03-06 22:27:48,190 : EventManager : Event: ======'machine_var_audits_switches_s_pointTarget'====== Args={'value': 22, 'prev_value': 21, 'change': 1}
2025-03-06 22:27:48,191 : EventManager : Event: ======'player_score'====== Args={'value': 200, 'prev_value': 100, 'change': 100, 'player_num': 1}
2025-03-06 22:27:48,437 : EventManager : Event: ======'machine_var_audits_switches_s_pointTarget'====== Args={'value': 23, 'prev_value': 22, 'change': 1}
2025-03-06 22:27:48,437 : EventManager : Event: ======'player_score'====== Args={'value': 300, 'prev_value': 200, 'change': 100, 'player_num': 1}
2025-03-06 22:27:49,183 : EventManager : Event: ======'machine_var_audits_switches_s_pointTarget'====== Args={'value': 24, 'prev_value': 23, 'change': 1}
2025-03-06 22:27:49,183 : EventManager : Event: ======'player_score'====== Args={'value': 400, 'prev_value': 300, 'change': 100, 'player_num': 1}
2025-03-06 22:27:49,767 : EventManager : Event: ======'machine_var_audits_switches_s_pointTarget'====== Args={'value': 25, 'prev_value': 24, 'change': 1}
2025-03-06 22:27:49,767 : EventManager : Event: ======'player_score'====== Args={'value': 500, 'prev_value': 400, 'change': 100, 'player_num': 1}
2025-03-06 22:27:49,930 : EventManager : Event: ======'machine_var_audits_switches_s_pointTarget'====== Args={'value': 26, 'prev_value': 25, 'change': 1}
2025-03-06 22:27:49,930 : EventManager : Event: ======'player_score'====== Args={'value': 600, 'prev_value': 500, 'change': 100, 'player_num': 1}
2025-03-06 22:27:50,115 : EventManager : Event: ======'machine_var_audits_switches_s_pointTarget'====== Args={'value': 27, 'prev_value': 26, 'change': 1}
2025-03-06 22:27:50,115 : EventManager : Event: ======'player_score'====== Args={'value': 700, 'prev_value': 600, 'change': 100, 'player_num': 1}
2025-03-06 22:27:50,303 : EventManager : Event: ======'machine_var_audits_switches_s_pointTarget'====== Args={'value': 28, 'prev_value': 27, 'change': 1}
2025-03-06 22:27:50,304 : EventManager : Event: ======'player_score'====== Args={'value': 800, 'prev_value': 700, 'change': 100, 'player_num': 1}
2025-03-06 22:27:50,462 : EventManager : Event: ======'machine_var_audits_switches_s_pointTarget'====== Args={'value': 29, 'prev_value': 28, 'change': 1}
2025-03-06 22:27:50,463 : EventManager : Event: ======'player_score'====== Args={'value': 900, 'prev_value': 800, 'change': 100, 'player_num': 1}
2025-03-06 22:27:50,640 : EventManager : Event: ======'machine_var_audits_switches_s_pointTarget'====== Args={'value': 30, 'prev_value': 29, 'change': 1}
2025-03-06 22:27:50,641 : EventManager : Event: ======'player_score'====== Args={'value': 1000, 'prev_value': 900, 'change': 100, 'player_num': 1}
2025-03-06 22:27:50,832 : EventManager : Event: ======'machine_var_audits_switches_s_pointTarget'====== Args={'value': 31, 'prev_value': 30, 'change': 1}
2025-03-06 22:27:50,833 : EventManager : Event: ======'player_score'====== Args={'value': 1100, 'prev_value': 1000, 'change': 100, 'player_num': 1}
2025-03-06 22:27:51,037 : EventManager : Event: ======'machine_var_audits_switches_s_pointTarget'====== Args={'value': 32, 'prev_value': 31, 'change': 1}
2025-03-06 22:27:51,037 : EventManager : Event: ======'player_score'====== Args={'value': 1200, 'prev_value': 1100, 'change': 100, 'player_num': 1}
2025-03-06 22:27:51,225 : EventManager : Event: ======'machine_var_audits_switches_s_pointTarget'====== Args={'value': 33, 'prev_value': 32, 'change': 1}
2025-03-06 22:27:51,238 : EventManager : Event: ======'player_score'====== Args={'value': 1300, 'prev_value': 1200, 'change': 100, 'player_num': 1}
2025-03-06 22:27:51,645 : EventManager : Event: ======'machine_var_audits_switches_s_trough1'====== Args={'value': 53, 'prev_value': 52, 'change': 1}
2025-03-06 22:27:51,963 : EventManager : Event: ======'slides_clear'====== Args={'context': 'base'}
2025-03-06 22:27:51,965 : EventManager : Event: ======'slide_base.slide_player-mode_base_started_removed'====== Args={}
2025-03-06 22:27:51,969 : EventManager : Event: ======'slide_welcome_slide_active'====== Args={}
2025-03-06 22:27:52,086 : EventManager : Event: ======'player_ball'====== Args={'value': 2, 'prev_value': 1, 'change': 1, 'player_num': 1}
2025-03-06 22:27:58,318 : EventManager : Event: ======'machine_var_audits_switches_s_launcher_button'====== Args={'value': 18, 'prev_value': 17, 'change': 1}
2025-03-06 22:27:58,417 : EventManager : Event: ======'machine_var_audits_switches_s_playfield_entry'====== Args={'value': 154, 'prev_value': 153, 'change': 1}
2025-03-06 22:28:00,169 : EventManager : Event: ======'machine_var_audits_switches_s_launcher_button'====== Args={'value': 19, 'prev_value': 18, 'change': 1}
2025-03-06 22:28:00,790 : EventManager : Event: ======'machine_var_audits_switches_s_pointTarget'====== Args={'value': 34, 'prev_value': 33, 'change': 1}
2025-03-06 22:28:01,864 : EventManager : Event: ======'machine_var_audits_switches_s_right_flipper'====== Args={'value': 12, 'prev_value': 11, 'change': 1}
2025-03-06 22:28:02,483 : EventManager : Event: ======'machine_var_audits_switches_s_left_flipper'====== Args={'value': 16, 'prev_value': 15, 'change': 1}
2025-03-06 22:28:03,144 : EventManager : Event: ======'machine_var_audits_switches_s_right_flipper'====== Args={'value': 13, 'prev_value': 12, 'change': 1}
2025-03-06 22:28:04,130 : kivy : Base: Leaving application in progress...
2025-03-06 22:28:04,348 : mpfmc : Stopping...
2025-03-06 22:28:04,348 : EventManager : Event: ======'shutdown'====== Args={}
2025-03-06 22:28:04,348 : AudioInterface : Disabling audio playback
2025-03-06 22:28:04,348 : mpfmc : Loop rate 75.74 Hz
2025-03-06 22:28:04,348 : root : MC run loop ended.
2025-03-06 22:28:04,348 : root : Stopping child threads... (3 remaining)
2025-03-06 22:28:04,391 : mpfmc : Stopping...
2025-03-06 22:28:04,392 : EventManager : Event: ======'shutdown'====== Args={}
2025-03-06 22:28:04,392 : mpfmc : Loop rate 75.64 Hz
2025-03-06 22:28:04,398 : MPF-MC BCP Server : Stopping BCP sending thread
2025-03-06 22:28:04,952 : root : All child threads stopped.
