2025-03-09 22:32:20,297 : kivy : deps: Successfully imported "kivy_deps.gstreamer" 0.3.3
2025-03-09 22:32:20,297 : kivy : deps: Successfully imported "kivy_deps.angle" 0.3.3
2025-03-09 22:32:20,298 : kivy : deps: Successfully imported "kivy_deps.glew" 0.3.1
2025-03-09 22:32:20,298 : kivy : deps: Successfully imported "kivy_deps.sdl2" 0.6.0
2025-03-09 22:32:20,298 : kivy : Kivy: v2.2.1
2025-03-09 22:32:20,298 : kivy : Kivy: Installed at "C:\Users\duffb\.pyenv\pyenv-win\versions\3.11.0\Lib\site-packages\kivy\__init__.py"
2025-03-09 22:32:20,298 : kivy : Python: v3.11.0 (main, Oct 24 2022, 18:26:48) [MSC v.1933 64 bit (AMD64)]
2025-03-09 22:32:20,298 : kivy : Python: Interpreter at "C:\Users\duffb\.pyenv\pyenv-win\versions\3.11.0\python.exe"
2025-03-09 22:32:20,319 : kivy : Factory: 190 symbols loaded
2025-03-09 22:32:20,513 : kivy : ImageLoaderFFPy: Using ffpyplayer 4.5.1
2025-03-09 22:32:20,513 : kivy : Image: Providers: img_tex, img_dds, img_sdl2, img_pil, img_ffpyplayer 
2025-03-09 22:32:20,712 : kivy : VideoGstplayer: Using Gstreamer 1.18.5.0
2025-03-09 22:32:20,712 : kivy : Video: Provider: gstplayer
2025-03-09 22:32:20,759 : root : Loading MPF-MC controller
2025-03-09 22:32:20,778 : YamlMultifileConfigLoader : Machine config file #1: config
2025-03-09 22:32:20,778 : ConfigProcessor : Config file in cache changed: C:\Users\duffb\OneDrive\Documents\Python Envs\PinBallWW1\Machine\config\config
2025-03-09 22:32:20,778 : ConfigProcessor : Loading config from file C:\Users\duffb\.pyenv\pyenv-win\versions\3.11.0\Lib\site-packages\mpfmc\mcconfig.yaml.
2025-03-09 22:32:20,785 : ConfigProcessor : Loading config: C:\Users\duffb\.pyenv\pyenv-win\versions\3.11.0\Lib\site-packages\mpfmc\mcconfig.yaml
2025-03-09 22:32:20,785 : ConfigProcessor : Loading config from file C:\Users\duffb\OneDrive\Documents\Python Envs\PinBallWW1\Machine\config\config.
2025-03-09 22:32:20,789 : ConfigProcessor : Loading config: C:\Users\duffb\OneDrive\Documents\Python Envs\PinBallWW1\Machine\config\config
2025-03-09 22:32:20,791 : ConfigProcessor : Config file cache created: C:\Users\duffb\AppData\Local\Temp\de7a4651692d89380cb727f0a44dc491.mpf_cache
2025-03-09 22:32:20,791 : ConfigProcessor : Loading config from cache: C:\Users\duffb\AppData\Local\Temp\ee7db1e8d011f44c876692bb4657f2e9.mpf_cache
2025-03-09 22:32:20,791 : ConfigProcessor : Loading config from cache: C:\Users\duffb\AppData\Local\Temp\9f058d482eac17116727d62a93500be7.mpf_cache
2025-03-09 22:32:20,793 : ConfigProcessor : Loading config from cache: C:\Users\duffb\AppData\Local\Temp\9e006ea23aa21ec68e01f6c49afad9f4.mpf_cache
2025-03-09 22:32:20,793 : mpfmc : Mission Pinball Framework Media Controller (MPF-MC) v0.57.1. Requires MPF v0.57.0 or newer.
2025-03-09 22:32:20,793 : mpfmc : Found MPF v0.57.0
2025-03-09 22:32:20,793 : mpfmc : Machine path: C:\Users\duffb\OneDrive\Documents\Python Envs\PinBallWW1\Machine
2025-03-09 22:32:20,793 : mpfmc : Starting clock at 60.0Hz
2025-03-09 22:32:20,817 : kivy : Text: Provider: sdl2
2025-03-09 22:32:20,885 : kivy : Window: Provider: sdl2
2025-03-09 22:32:21,219 : kivy : GL: Using the "OpenGL" graphics system
2025-03-09 22:32:21,221 : kivy : GL: GLEW initialization succeeded
2025-03-09 22:32:21,221 : kivy : GL: Backend used <glew>
2025-03-09 22:32:21,222 : kivy : GL: OpenGL version <b'4.6.0 - Build 31.0.101.5592'>
2025-03-09 22:32:21,222 : kivy : GL: OpenGL vendor <b'Intel'>
2025-03-09 22:32:21,222 : kivy : GL: OpenGL renderer <b'Intel(R) UHD Graphics'>
2025-03-09 22:32:21,222 : kivy : GL: OpenGL parsed version: 4, 6
2025-03-09 22:32:21,222 : kivy : GL: Shading version <b'4.60 - Build 31.0.101.5592'>
2025-03-09 22:32:21,222 : kivy : GL: Texture max size <16384>
2025-03-09 22:32:21,222 : kivy : GL: Texture max units <32>
2025-03-09 22:32:21,257 : kivy : Window: auto add sdl2 input provider
2025-03-09 22:32:21,258 : kivy : Window: virtual keyboard not allowed, single mode, not docked
2025-03-09 22:32:21,903 : AudioInterface : Initialized
2025-03-09 22:32:21,903 : AudioInterface : Loaded SDL 2.26.4
2025-03-09 22:32:21,903 : AudioInterface : Loaded SDL_Mixer 2.6.3
2025-03-09 22:32:21,903 : AudioInterface : Loaded GStreamer 1.18.5.0
2025-03-09 22:32:21,903 : AudioInterface : Loaded GLib 2.62.6
2025-03-09 22:32:21,903 : AudioInterface : Settings requested - rate: 44100, channels: 1, buffer: 2048 samples
2025-03-09 22:32:21,903 : AudioInterface : Settings in use - rate: 44100, channels: 1, buffer: 2048 samples (4096 bytes @ 2 bytes per sample)
2025-03-09 22:32:21,903 : SoundSystem : Setting master volume to 0.0
2025-03-09 22:32:21,903 : AudioInterface : Enabling audio playback
2025-03-09 22:32:21,906 : kivy : Base: Start application main loop
2025-03-09 22:32:21,906 : EventManager : Event: ======'display_window_initialized'====== Args={}
2025-03-09 22:32:21,915 : mpfmc : Display: Setting 'window' as default display
2025-03-09 22:32:21,922 : EventManager : Event: ======'displays_initialized'====== Args={}
2025-03-09 22:32:21,923 : EventManager : Event: ======'slide_window_blank_created'====== Args={}
2025-03-09 22:32:21,923 : EventManager : Event: ======'display_window_ready'====== Args={}
2025-03-09 22:32:21,937 : EventManager : Event: ======'init_phase_1'====== Args={}
2025-03-09 22:32:21,939 : EventManager : Event: ======'mc_ready'====== Args={}
2025-03-09 22:32:21,939 : EventManager : Event: ======'init_phase_2'====== Args={}
2025-03-09 22:32:21,941 : EventManager : Event: ======'init_phase_3'====== Args={}
2025-03-09 22:32:21,943 : EventManager : Event: ======'init_phase_4'====== Args={}
2025-03-09 22:32:21,943 : EventManager : Event: ======'init_phase_5'====== Args={}
2025-03-09 22:32:21,955 : kivy : GL: NPOT texture support is available
2025-03-09 22:32:21,966 : EventManager : Event: ======'loading_assets'====== Args={'total': 5, 'loaded': 1, 'remaining': 4, 'percent': 20}
2025-03-09 22:32:21,966 : AssetManager : Loading assets: 1/5 (20%)
2025-03-09 22:32:22,002 : EventManager : Event: ======'loading_assets'====== Args={'total': 5, 'loaded': 5, 'remaining': 0, 'percent': 100}
2025-03-09 22:32:22,002 : AssetManager : Asset loading took: 0.09809207916259766
2025-03-09 22:32:22,002 : EventManager : Event: ======'asset_loading_complete'====== Args={}
2025-03-09 22:32:22,002 : AssetManager : Loading assets: 5/5 (100%)
2025-03-09 22:32:22,002 : EventManager : Event: ======'init_done'====== Args={}
2025-03-09 22:32:22,002 : MPF-MC BCP Server : Starting up on localhost port 5050
2025-03-09 22:32:22,008 : MPF-MC BCP Server : Waiting for a connection...
2025-03-09 22:32:22,012 : EventManager : Event: ======'slide_welcome_slide_created'====== Args={}
2025-03-09 22:32:22,013 : EventManager : Event: ======'slide_welcome_slide_active'====== Args={}
2025-03-09 22:32:22,017 : EventManager : Event: ======'client_disconnected'====== Args={'host': '127.0.0.1', 'port': 5050}
2025-03-09 22:32:48,633 : kivy : Base: Leaving application in progress...
