2025-03-05 20:47:56,833 : INFO : root : Loading config.
2025-03-05 20:47:56,835 : INFO : YamlMultifileConfigLoader : Machine config file #1: config.yaml
2025-03-05 20:47:56,836 : WARNING : ConfigProcessor : Config file in cache changed: C:\Users\duffb\OneDrive\Documents\Python Envs\PinBallWW1\Machine\config\config.yaml
2025-03-05 20:47:56,836 : INFO : ConfigProcessor : Loading config from file C:\Users\duffb\.pyenv\pyenv-win\versions\3.11.0\Lib\site-packages\mpf\mpfconfig.yaml.
2025-03-05 20:47:56,836 : DEBUG : YAML File Interface : Loading file: C:\Users\duffb\.pyenv\pyenv-win\versions\3.11.0\Lib\site-packages\mpf\mpfconfig.yaml
2025-03-05 20:47:56,845 : INFO : ConfigProcessor : Loading config: C:\Users\duffb\.pyenv\pyenv-win\versions\3.11.0\Lib\site-packages\mpf\mpfconfig.yaml
2025-03-05 20:47:56,845 : INFO : ConfigProcessor : Loading config from file C:\Users\duffb\OneDrive\Documents\Python Envs\PinBallWW1\Machine\config\config.yaml.
2025-03-05 20:47:56,845 : DEBUG : YAML File Interface : Loading file: C:\Users\duffb\OneDrive\Documents\Python Envs\PinBallWW1\Machine\config\config.yaml
2025-03-05 20:47:56,857 : INFO : ConfigProcessor : Loading config: C:\Users\duffb\OneDrive\Documents\Python Envs\PinBallWW1\Machine\config\config.yaml
2025-03-05 20:47:56,858 : INFO : ConfigProcessor : Config file cache created: C:\Users\duffb\AppData\Local\Temp\cadfdee4981114acd6fff59d1071b59b.mpf_cache
2025-03-05 20:47:56,930 : DEBUG : YamlMultifileConfigLoader : Loading mode attract from C:\Users\duffb\.pyenv\pyenv-win\versions\3.11.0\Lib\site-packages\mpf\modes\attract\config\attract.yaml
2025-03-05 20:47:56,930 : INFO : ConfigProcessor : Loading config from cache: C:\Users\duffb\AppData\Local\Temp\2d51d76727b268a801d8dd7a18b89879.mpf_cache
2025-03-05 20:47:56,931 : DEBUG : YamlMultifileConfigLoader : Loading mode game from C:\Users\duffb\.pyenv\pyenv-win\versions\3.11.0\Lib\site-packages\mpf\modes\game\config\game.yaml
2025-03-05 20:47:56,931 : INFO : ConfigProcessor : Loading config from cache: C:\Users\duffb\AppData\Local\Temp\9f058d482eac17116727d62a93500be7.mpf_cache
2025-03-05 20:47:56,932 : INFO : Machine : Mission Pinball Framework Core Engine v0.57.0
2025-03-05 20:47:56,932 : INFO : Machine : Command line arguments: {'no_load_cache': False, 'create_config_cache': True, 'bcp': True, 'configfile': ['config.yaml'], 'force_assets_load': False, 'platform_integration_test': False, 'jsonlogging': False, 'logfile': 'logs\\2025-03-05-20-47-56-mpf-T0SHIII.log', 'pause': False, 'production': False, 'text_ui': True, 'loglevel': 10, 'consoleloglevel': 20, 'force_platform': None, 'syslog_address': None, 'mc_file_name': None, 'no_sound': False}
2025-03-05 20:47:56,932 : INFO : Machine : MPF path: C:\Users\duffb\.pyenv\pyenv-win\versions\3.11.0\Lib\site-packages\mpf
2025-03-05 20:47:56,932 : INFO : Machine : Machine path: C:\Users\duffb\OneDrive\Documents\Python Envs\PinBallWW1\Machine
2025-03-05 20:47:56,932 : INFO : Machine : Platform: win32
2025-03-05 20:47:56,932 : INFO : Machine : Python executable location: C:\Users\duffb\.pyenv\pyenv-win\versions\3.11.0\python.exe
2025-03-05 20:47:56,932 : INFO : Machine : Python version: 3.11.0 (64-bit)
2025-03-05 20:47:56,933 : DEBUG : asyncio : Using proactor: IocpProactor
2025-03-05 20:47:56,933 : INFO : Machine : Initializing MPF...
2025-03-05 20:47:56,992 : DEBUG : asciimatics.widgets.layout : Updating: None
2025-03-05 20:47:56,992 : DEBUG : asciimatics.widgets.layout : Updating: None
2025-03-05 20:47:56,992 : DEBUG : asciimatics.widgets.layout : Updating: None
2025-03-05 20:47:56,992 : DEBUG : asciimatics.widgets.layout : Updating: None
2025-03-05 20:47:56,992 : DEBUG : asciimatics.widgets.layout : Updating: None
2025-03-05 20:47:56,992 : DEBUG : asciimatics.widgets.layout : Updating: None
2025-03-05 20:47:56,992 : DEBUG : asciimatics.widgets.layout : Updating: None
2025-03-05 20:47:56,992 : DEBUG : asciimatics.widgets.layout : Updating: None
2025-03-05 20:47:56,992 : DEBUG : asciimatics.widgets.layout : Updating: None
2025-03-05 20:47:56,992 : DEBUG : asciimatics.widgets.layout : Updating: None
2025-03-05 20:47:56,992 : DEBUG : asciimatics.widgets.layout : Updating: None
2025-03-05 20:47:56,992 : DEBUG : asciimatics.widgets.layout : Updating: None
2025-03-05 20:47:56,992 : DEBUG : asciimatics.widgets.widget : Widget blur: <asciimatics.widgets.label.Label object at 0x00000253C257E190>
2025-03-05 20:47:56,992 : DEBUG : asciimatics.widgets.widget : Widget blur: <asciimatics.widgets.label.Label object at 0x00000253C27497D0>
2025-03-05 20:47:56,992 : DEBUG : asciimatics.widgets.widget : Widget blur: <asciimatics.widgets.label.Label object at 0x00000253C27498A0>
2025-03-05 20:47:56,992 : DEBUG : asciimatics.widgets.layout : Blur: <asciimatics.widgets.layout.Layout object at 0x00000253C271B2E0>
2025-03-05 20:47:56,992 : DEBUG : asciimatics.widgets.layout : Blur: <mpf.core.text_ui.MpfLayout object at 0x00000253C2709C50>
2025-03-05 20:47:56,992 : DEBUG : asciimatics.widgets.layout : Updating: None
2025-03-05 20:47:56,992 : DEBUG : asciimatics.widgets.layout : Updating: None
2025-03-05 20:47:56,992 : DEBUG : asciimatics.widgets.layout : Updating: None
2025-03-05 20:47:56,992 : DEBUG : asciimatics.widgets.layout : Updating: None
2025-03-05 20:47:56,992 : DEBUG : asciimatics.widgets.layout : Updating: None
2025-03-05 20:47:56,992 : DEBUG : asciimatics.widgets.layout : Updating: None
2025-03-05 20:47:56,992 : DEBUG : asciimatics.widgets.widget : Widget blur: <asciimatics.widgets.label.Label object at 0x00000253C2749CB0>
2025-03-05 20:47:56,992 : DEBUG : asciimatics.widgets.widget : Widget blur: <asciimatics.widgets.label.Label object at 0x00000253C2749BE0>
2025-03-05 20:47:56,992 : DEBUG : asciimatics.widgets.widget : Widget blur: <asciimatics.widgets.label.Label object at 0x00000253C2749D80>
2025-03-05 20:47:56,992 : DEBUG : asciimatics.widgets.widget : Widget blur: <asciimatics.widgets.label.Label object at 0x00000253C2749B10>
2025-03-05 20:47:56,993 : DEBUG : asciimatics.widgets.widget : Widget blur: <asciimatics.widgets.label.Label object at 0x00000253C2749A40>
2025-03-05 20:47:56,993 : DEBUG : asciimatics.widgets.widget : Widget blur: <asciimatics.widgets.label.Label object at 0x00000253C2749970>
2025-03-05 20:47:56,993 : DEBUG : asciimatics.widgets.layout : Blur: <asciimatics.widgets.layout.Layout object at 0x00000253C271B3A0>
2025-03-05 20:47:56,993 : DEBUG : asciimatics.widgets.layout : Focus: <asciimatics.widgets.layout.Layout object at 0x00000253C271B2E0>
2025-03-05 20:47:56,993 : DEBUG : asciimatics.widgets.layout : Focus: <mpf.core.text_ui.MpfLayout object at 0x00000253C2709C50>
2025-03-05 20:47:56,993 : DEBUG : asciimatics.widgets.layout : Focus: <asciimatics.widgets.layout.Layout object at 0x00000253C271B3A0>
2025-03-05 20:47:56,993 : DEBUG : asciimatics.widgets.frame : Cloning: Test
2025-03-05 20:47:56,993 : DEBUG : asciimatics.widgets.layout : Updating: None
2025-03-05 20:47:56,993 : DEBUG : asciimatics.widgets.layout : Updating: None
2025-03-05 20:47:56,993 : DEBUG : asciimatics.widgets.layout : Updating: None
2025-03-05 20:47:56,993 : DEBUG : asciimatics.widgets.layout : Updating: None
2025-03-05 20:47:56,993 : DEBUG : asciimatics.widgets.layout : Updating: None
2025-03-05 20:47:56,993 : DEBUG : asciimatics.widgets.layout : Updating: None
2025-03-05 20:47:56,993 : DEBUG : asciimatics.widgets.layout : Updating: None
2025-03-05 20:47:56,993 : DEBUG : asciimatics.widgets.layout : Updating: None
2025-03-05 20:47:56,993 : DEBUG : asciimatics.widgets.layout : Updating: None
2025-03-05 20:47:56,993 : DEBUG : asciimatics.widgets.layout : Updating: None
2025-03-05 20:47:56,993 : DEBUG : asciimatics.widgets.layout : Updating: None
2025-03-05 20:47:56,993 : DEBUG : asciimatics.widgets.layout : Updating: None
2025-03-05 20:47:56,993 : DEBUG : asciimatics.widgets.layout : Updating: None
2025-03-05 20:47:56,993 : DEBUG : asciimatics.widgets.layout : Updating: None
2025-03-05 20:47:56,993 : DEBUG : asciimatics.widgets.layout : Updating: None
2025-03-05 20:47:56,993 : DEBUG : asciimatics.widgets.layout : Updating: None
2025-03-05 20:47:56,993 : DEBUG : asciimatics.widgets.layout : Updating: None
2025-03-05 20:47:56,993 : DEBUG : asciimatics.widgets.layout : Updating: None
2025-03-05 20:47:56,994 : DEBUG : asciimatics.screen : Processing key: d
2025-03-05 20:47:57,108 : INFO : EventManager : Event: ======'machine_var_credits_string'====== Args={'value': 'FREE PLAY', 'prev_value': None, 'change': True}
2025-03-05 20:47:57,148 : INFO : EventManager : Event: ======'machine_var_master_volume'====== Args={'value': 0.5, 'prev_value': None, 'change': True}
2025-03-05 20:47:57,148 : INFO : EventManager : Event: ======'machine_var_mpf_version'====== Args={'value': 'Mission Pinball Framework v0.57.0', 'prev_value': None, 'change': True}
2025-03-05 20:47:57,148 : INFO : EventManager : Event: ======'machine_var_mpf_extended_version'====== Args={'value': 'Mission Pinball Framework v0.57.0, Config version:6, Show version: 6, BCP version:1.1', 'prev_value': None, 'change': True}
2025-03-05 20:47:57,148 : INFO : EventManager : Event: ======'machine_var_python_version'====== Args={'value': '3.11.0', 'prev_value': None, 'change': True}
2025-03-05 20:47:57,158 : INFO : EventManager : Event: ======'machine_var_platform'====== Args={'value': 'Windows-10-10.0.26100-SP0', 'prev_value': None, 'change': True}
2025-03-05 20:47:57,158 : INFO : EventManager : Event: ======'machine_var_platform_system'====== Args={'value': 'Windows', 'prev_value': None, 'change': True}
2025-03-05 20:47:57,158 : INFO : EventManager : Event: ======'machine_var_platform_release'====== Args={'value': '10', 'prev_value': None, 'change': True}
2025-03-05 20:47:57,158 : INFO : EventManager : Event: ======'machine_var_platform_version'====== Args={'value': '10.0.26100', 'prev_value': None, 'change': True}
2025-03-05 20:47:57,158 : INFO : EventManager : Event: ======'machine_var_platform_machine'====== Args={'value': 'AMD64', 'prev_value': None, 'change': True}
2025-03-05 20:47:57,158 : INFO : EventManager : Event: ======'init_phase_1'====== Args={}
2025-03-05 20:47:57,163 : DEBUG : ModeController : Loaded mode attract
2025-03-05 20:47:57,166 : DEBUG : ModeController : Loaded mode game
2025-03-05 20:47:57,168 : DEBUG : ball_device.bd_trough : Configuring device with settings: '{'entrance_switch': 's_trough_enter', 'entrance_switch_full_timeout': '500ms', 'ball_capacity': 3, 'eject_coil': 'c_trough_release', 'eject_targets': [<ball_device.bd_plunger_lane>], 'tags': ['trough', 'home'], 'eject_timeouts': [3000], 'debug': True, 'label': '%', 'console_log': 'full', 'file_log': 'full', 'entrance_events': {}, 'idle_missing_ball_timeout': 5.0, 'confirm_eject_type': 'target', 'captures_from': <playfield.playfield>, 'ball_missing_timeouts': [], 'ball_missing_target': <playfield.playfield>, 'confirm_eject_switch': None, 'confirm_eject_event': None, 'max_eject_attempts': 0, 'request_ball_events': {}, 'eject_events': {}, 'eject_all_events': {}, 'mechanical_eject': False, 'player_controlled_eject_event': None, 'ball_search_order': 200, 'auto_fire_on_unexpected_ball': True, 'target_on_unexpected_ball': None}'
2025-03-05 20:47:57,171 : INFO : EventManager : Event: ======'init_phase_2'====== Args={}
2025-03-05 20:47:57,171 : INFO : SwitchController : Found active switch: ('8', <Platform.SmartVirtual>) <switch.s_trough_enter>
2025-03-05 20:47:57,171 : INFO : SwitchController : Found active switch: ('7', <Platform.SmartVirtual>) <switch.s_trough1>
2025-03-05 20:47:57,171 : INFO : SwitchController : Found active switch: ('10', <Platform.SmartVirtual>) <switch.s_trough2>
2025-03-05 20:47:57,171 : INFO : SwitchController : Found active switch: ('11', <Platform.SmartVirtual>) <switch.s_trough3>
2025-03-05 20:47:57,172 : INFO : EventManager : Event: ======'bcp_connection_attempt'====== Args={'name': 'local_display', 'host': 'localhost', 'port': 5050}
2025-03-05 20:47:57,173 : DEBUG : asciimatics.widgets.layout : Updating: message
2025-03-05 20:47:57,173 : DEBUG : asciimatics.widgets.layout : Updating: message
2025-03-05 20:47:57,173 : DEBUG : asciimatics.widgets.widget : Widget blur: <asciimatics.widgets.textbox.TextBox object at 0x00000253C27171C0>
2025-03-05 20:47:57,173 : DEBUG : asciimatics.widgets.layout : Blur: <asciimatics.widgets.layout.Layout object at 0x00000253C286BEE0>
2025-03-05 20:47:57,173 : DEBUG : asciimatics.widgets.layout : Blur: <asciimatics.widgets.layout.Layout object at 0x00000253C286BF40>
2025-03-05 20:47:57,173 : DEBUG : asciimatics.widgets.layout : Focus: <asciimatics.widgets.layout.Layout object at 0x00000253C286BEE0>
2025-03-05 20:47:57,173 : DEBUG : asciimatics.widgets.layout : Focus: <asciimatics.widgets.layout.Layout object at 0x00000253C286BF40>
2025-03-05 20:47:57,173 : INFO : BCPClientSocket : Connecting BCP to 'local_display' at localhost:5050...
2025-03-05 20:47:58,015 : DEBUG : asciimatics.screen : Processing mouse: 71, 19
2025-03-05 20:47:58,015 : DEBUG : asciimatics.widgets.frame : New event: MouseEvent (34, 6) 0
2025-03-05 20:47:59,207 : INFO : BCPClientSocket : Connected BCP to 'local_display' localhost:5050
2025-03-05 20:47:59,209 : INFO : EventManager : Event: ======'bcp_clients_connected'====== Args={}
2025-03-05 20:47:59,215 : DEBUG : asciimatics.widgets.layout : Updating: None
2025-03-05 20:47:59,216 : DEBUG : asciimatics.widgets.layout : Updating: None
2025-03-05 20:47:59,216 : DEBUG : asciimatics.widgets.layout : Updating: None
2025-03-05 20:47:59,216 : DEBUG : asciimatics.widgets.layout : Updating: None
2025-03-05 20:47:59,216 : DEBUG : asciimatics.widgets.layout : Updating: None
2025-03-05 20:47:59,217 : DEBUG : asciimatics.widgets.layout : Updating: None
2025-03-05 20:47:59,217 : DEBUG : asciimatics.widgets.layout : Updating: None
2025-03-05 20:47:59,217 : DEBUG : asciimatics.widgets.layout : Updating: None
2025-03-05 20:47:59,217 : DEBUG : asciimatics.widgets.layout : Updating: None
2025-03-05 20:47:59,218 : DEBUG : asciimatics.widgets.layout : Updating: None
2025-03-05 20:47:59,218 : DEBUG : asciimatics.widgets.layout : Updating: None
2025-03-05 20:47:59,218 : DEBUG : asciimatics.widgets.layout : Updating: None
2025-03-05 20:47:59,218 : DEBUG : asciimatics.widgets.widget : Widget blur: <asciimatics.widgets.label.Label object at 0x00000253C2898AD0>
2025-03-05 20:47:59,218 : DEBUG : asciimatics.widgets.widget : Widget blur: <asciimatics.widgets.label.Label object at 0x00000253C2898BA0>
2025-03-05 20:47:59,218 : DEBUG : asciimatics.widgets.widget : Widget blur: <asciimatics.widgets.label.Label object at 0x00000253C2898C70>
2025-03-05 20:47:59,219 : DEBUG : asciimatics.widgets.layout : Blur: <asciimatics.widgets.layout.Layout object at 0x00000253C28A8820>
2025-03-05 20:47:59,219 : DEBUG : asciimatics.widgets.layout : Blur: <mpf.core.text_ui.MpfLayout object at 0x00000253C286D950>
2025-03-05 20:47:59,219 : DEBUG : asciimatics.widgets.layout : Updating: None
2025-03-05 20:47:59,219 : DEBUG : asciimatics.widgets.layout : Updating: None
2025-03-05 20:47:59,219 : DEBUG : asciimatics.widgets.layout : Updating: None
2025-03-05 20:47:59,219 : DEBUG : asciimatics.widgets.layout : Updating: None
2025-03-05 20:47:59,220 : DEBUG : asciimatics.widgets.layout : Updating: None
2025-03-05 20:47:59,220 : DEBUG : asciimatics.widgets.layout : Updating: None
2025-03-05 20:47:59,220 : DEBUG : asciimatics.widgets.widget : Widget blur: <asciimatics.widgets.label.Label object at 0x00000253C2899630>
2025-03-05 20:47:59,221 : DEBUG : asciimatics.widgets.widget : Widget blur: <asciimatics.widgets.label.Label object at 0x00000253C2899560>
2025-03-05 20:47:59,221 : DEBUG : asciimatics.widgets.widget : Widget blur: <asciimatics.widgets.label.Label object at 0x00000253C2899700>
2025-03-05 20:47:59,221 : DEBUG : asciimatics.widgets.widget : Widget blur: <asciimatics.widgets.label.Label object at 0x00000253C2899490>
2025-03-05 20:47:59,222 : DEBUG : asciimatics.widgets.widget : Widget blur: <asciimatics.widgets.label.Label object at 0x00000253C2898E10>
2025-03-05 20:47:59,222 : DEBUG : asciimatics.widgets.widget : Widget blur: <asciimatics.widgets.label.Label object at 0x00000253C2898D40>
2025-03-05 20:47:59,222 : DEBUG : asciimatics.widgets.layout : Blur: <asciimatics.widgets.layout.Layout object at 0x00000253C28A8940>
2025-03-05 20:47:59,222 : DEBUG : asciimatics.widgets.layout : Focus: <asciimatics.widgets.layout.Layout object at 0x00000253C28A8820>
2025-03-05 20:47:59,223 : DEBUG : asciimatics.widgets.layout : Focus: <mpf.core.text_ui.MpfLayout object at 0x00000253C286D950>
2025-03-05 20:47:59,223 : DEBUG : asciimatics.widgets.layout : Focus: <asciimatics.widgets.layout.Layout object at 0x00000253C28A8940>
2025-03-05 20:47:59,223 : DEBUG : asciimatics.widgets.frame : Cloning: Test
2025-03-05 20:47:59,223 : DEBUG : asciimatics.widgets.layout : Updating: None
2025-03-05 20:47:59,223 : DEBUG : asciimatics.widgets.layout : Updating: None
2025-03-05 20:47:59,224 : DEBUG : asciimatics.widgets.layout : Updating: None
2025-03-05 20:47:59,224 : DEBUG : asciimatics.widgets.layout : Updating: None
2025-03-05 20:47:59,224 : DEBUG : asciimatics.widgets.layout : Updating: None
2025-03-05 20:47:59,224 : DEBUG : asciimatics.widgets.layout : Updating: None
2025-03-05 20:47:59,224 : DEBUG : asciimatics.widgets.layout : Updating: None
2025-03-05 20:47:59,224 : DEBUG : asciimatics.widgets.layout : Updating: None
2025-03-05 20:47:59,224 : DEBUG : asciimatics.widgets.layout : Updating: None
2025-03-05 20:47:59,224 : DEBUG : asciimatics.widgets.layout : Updating: None
2025-03-05 20:47:59,224 : DEBUG : asciimatics.widgets.layout : Updating: None
2025-03-05 20:47:59,225 : DEBUG : asciimatics.widgets.layout : Updating: None
2025-03-05 20:47:59,225 : DEBUG : asciimatics.widgets.layout : Updating: None
2025-03-05 20:47:59,226 : DEBUG : asciimatics.widgets.layout : Updating: None
2025-03-05 20:47:59,226 : DEBUG : asciimatics.widgets.layout : Updating: None
2025-03-05 20:47:59,226 : DEBUG : asciimatics.widgets.layout : Updating: None
2025-03-05 20:47:59,226 : DEBUG : asciimatics.widgets.layout : Updating: None
2025-03-05 20:47:59,226 : DEBUG : asciimatics.widgets.layout : Updating: None
2025-03-05 20:47:59,460 : INFO : EventManager : Event: ======'machine_var_mc_version'====== Args={'value': 'MPF-MC v0.57.1', 'prev_value': None, 'change': True}
2025-03-05 20:47:59,460 : INFO : EventManager : Event: ======'machine_var_mc_extended_version'====== Args={'value': 'MPF-MC v0.57.1 (config_version=6, BCP v1.1,                      Requires MPF API compatibility v0.57.0 or newer)', 'prev_value': None, 'change': True}
2025-03-05 20:47:59,461 : INFO : ball_device.bd_drain : BCH: Initial count: 0
2025-03-05 20:47:59,494 : INFO : ball_device.bd_drain : State: idle
2025-03-05 20:47:59,494 : INFO : ball_device.bd_trough : BCH: Initial count: 3
2025-03-05 20:47:59,494 : INFO : ball_device.bd_trough : State: idle
2025-03-05 20:47:59,494 : DEBUG : ball_device.bd_trough : Waiting for eject request.
2025-03-05 20:47:59,495 : INFO : ball_device.bd_plunger_lane : BCH: Initial count: 0
2025-03-05 20:47:59,495 : INFO : ball_device.bd_plunger_lane : State: idle
2025-03-05 20:47:59,497 : DEBUG : Machine : "info_lights:" section not found in machine configuration, so the InfoLights will not be used.
2025-03-05 20:47:59,500 : DEBUG : Machine : "switch_player:" section not found in machine configuration, so the SwitchPlayer will not be used.
2025-03-05 20:47:59,503 : DEBUG : Machine : "twitch_client:" section not found in machine configuration, so the TwitchBot will not be used.
2025-03-05 20:47:59,503 : DEBUG : Machine : "virtual_segment_display_connector:" section not found in machine configuration, so the VirtualSegmentDisplayConnector will not be used.
2025-03-05 20:47:59,503 : INFO : EventManager : Event: ======'init_phase_3'====== Args={}
2025-03-05 20:47:59,503 : DEBUG : ShowController : Loading show: flash
2025-03-05 20:47:59,503 : DEBUG : ShowController : Loading show: on
2025-03-05 20:47:59,503 : DEBUG : ShowController : Loading show: off
2025-03-05 20:47:59,504 : DEBUG : ShowController : Loading show: led_color
2025-03-05 20:47:59,504 : DEBUG : ShowController : Loading show: bl_color
2025-03-05 20:47:59,504 : DEBUG : ShowController : Loading show: flash_color
2025-03-05 20:47:59,505 : INFO : EventManager : Event: ======'init_phase_4'====== Args={}
2025-03-05 20:47:59,505 : INFO : BallController : Initial balls found: 3
2025-03-05 20:47:59,506 : INFO : EventManager : Event: ======'machine_var_audits_switches_s_launcher_button'====== Args={'value': 0, 'prev_value': None, 'change': True}
2025-03-05 20:47:59,506 : INFO : EventManager : Event: ======'machine_var_audits_switches_s_trough2'====== Args={'value': 0, 'prev_value': None, 'change': True}
2025-03-05 20:47:59,506 : INFO : EventManager : Event: ======'machine_var_audits_switches_s_trough1'====== Args={'value': 0, 'prev_value': None, 'change': True}
2025-03-05 20:47:59,506 : INFO : EventManager : Event: ======'machine_var_audits_switches_s_playfield_entry'====== Args={'value': 0, 'prev_value': None, 'change': True}
2025-03-05 20:47:59,506 : INFO : EventManager : Event: ======'machine_var_audits_switches_s_drain'====== Args={'value': 0, 'prev_value': None, 'change': True}
2025-03-05 20:47:59,506 : INFO : EventManager : Event: ======'machine_var_audits_switches_s_trough3'====== Args={'value': 0, 'prev_value': None, 'change': True}
2025-03-05 20:47:59,506 : INFO : EventManager : Event: ======'machine_var_audits_switches_s_right_flipper'====== Args={'value': 0, 'prev_value': None, 'change': True}
2025-03-05 20:47:59,507 : INFO : EventManager : Event: ======'machine_var_audits_switches_s_trough_enter'====== Args={'value': 0, 'prev_value': None, 'change': True}
2025-03-05 20:47:59,507 : INFO : EventManager : Event: ======'machine_var_audits_switches_s_left_flipper'====== Args={'value': 0, 'prev_value': None, 'change': True}
2025-03-05 20:47:59,507 : INFO : EventManager : Event: ======'machine_var_audits_switches_s_plunger_lane'====== Args={'value': 0, 'prev_value': None, 'change': True}
2025-03-05 20:47:59,507 : INFO : EventManager : Event: ======'machine_var_audits_events_game_started'====== Args={'value': 0, 'prev_value': None, 'change': True}
2025-03-05 20:47:59,507 : INFO : EventManager : Event: ======'machine_var_audits_events_game_ended'====== Args={'value': 0, 'prev_value': None, 'change': True}
2025-03-05 20:47:59,507 : INFO : EventManager : Event: ======'machine_var_audits_player_score'====== Args={'value': {'top': [], 'average': 0, 'total': 0}, 'prev_value': None, 'change': True}
2025-03-05 20:47:59,508 : INFO : EventManager : Event: ======'init_phase_5'====== Args={}
2025-03-05 20:47:59,523 : INFO : EventManager : Event: ======'init_done'====== Args={}
2025-03-05 20:47:59,523 : INFO : EventManager : Event: ======'machine_reset_phase_1'====== Args={}
2025-03-05 20:48:02,275 : INFO : EventManager : Event: ======'slide_welcome_slide_removed'====== Args={'_from_bcp': True}
2025-03-05 20:48:02,281 : INFO : EventManager : Event: ======'slide_welcome_slide_created'====== Args={'_from_bcp': True}
2025-03-05 20:48:02,281 : INFO : EventManager : Event: ======'slide_welcome_slide_active'====== Args={'_from_bcp': True}
2025-03-05 20:48:02,281 : INFO : EventManager : Event: ======'machine_reset_phase_2'====== Args={}
2025-03-05 20:48:02,281 : INFO : EventManager : Event: ======'machine_reset_phase_3'====== Args={}
2025-03-05 20:48:02,281 : INFO : EventManager : Event: ======'reset_complete'====== Args={}
2025-03-05 20:48:02,281 : INFO : EventManager : Event: ======'mode_attract_will_start'====== Args={}
2025-03-05 20:48:02,282 : INFO : EventManager : Event: ======'mode_attract_starting'====== Args={}
2025-03-05 20:48:02,282 : INFO : Mode.attract : Started. Priority: 10
2025-03-05 20:48:02,283 : INFO : EventManager : Event: ======'modes_active_modes_changed'====== Args={}
2025-03-05 20:48:02,283 : INFO : EventManager : Event: ======'mode_attract_started'====== Args={}
2025-03-05 20:48:02,283 : INFO : EventManager : Event: ======'collecting_balls_complete'====== Args={}
2025-03-05 20:48:02,310 : INFO : Machine : Starting the main run loop.
2025-03-05 20:48:05,051 : INFO : SwitchController : <<<<<<< 's_left_flipper' active >>>>>>>
2025-03-05 20:48:05,228 : INFO : SwitchController : <<<<<<< 's_left_flipper' inactive >>>>>>>
2025-03-05 20:48:05,388 : INFO : SwitchController : <<<<<<< 's_right_flipper' active >>>>>>>
2025-03-05 20:48:05,531 : INFO : SwitchController : <<<<<<< 's_right_flipper' inactive >>>>>>>
2025-03-05 20:48:06,115 : INFO : SwitchController : <<<<<<< 's_left_flipper' active >>>>>>>
2025-03-05 20:48:06,277 : INFO : SwitchController : <<<<<<< 's_right_flipper' active >>>>>>>
2025-03-05 20:48:06,278 : INFO : EventManager : Event: ======'flipper_cancel'====== Args={'triggering_group': 2, 'triggering_switch': 's_right_flipper'}
2025-03-05 20:48:06,311 : INFO : SwitchController : <<<<<<< 's_left_flipper' inactive >>>>>>>
2025-03-05 20:48:06,311 : INFO : EventManager : Event: ======'both_flippers_one'====== Args={'triggering_group': 1, 'triggering_switch': 's_left_flipper'}
2025-03-05 20:48:06,401 : INFO : SwitchController : <<<<<<< 's_right_flipper' inactive >>>>>>>
2025-03-05 20:48:06,401 : INFO : EventManager : Event: ======'both_flippers_inactive'====== Args={'triggering_group': 2, 'triggering_switch': 's_right_flipper'}
2025-03-05 20:48:07,082 : INFO : SwitchController : <<<<<<< 's_left_flipper' active >>>>>>>
2025-03-05 20:48:07,267 : INFO : SwitchController : <<<<<<< 's_right_flipper' active >>>>>>>
2025-03-05 20:48:07,267 : INFO : EventManager : Event: ======'flipper_cancel'====== Args={'triggering_group': 2, 'triggering_switch': 's_right_flipper'}
2025-03-05 20:48:07,307 : INFO : SwitchController : <<<<<<< 's_left_flipper' inactive >>>>>>>
2025-03-05 20:48:07,308 : INFO : EventManager : Event: ======'both_flippers_one'====== Args={'triggering_group': 1, 'triggering_switch': 's_left_flipper'}
2025-03-05 20:48:07,383 : INFO : SwitchController : <<<<<<< 's_right_flipper' inactive >>>>>>>
2025-03-05 20:48:07,383 : INFO : EventManager : Event: ======'both_flippers_inactive'====== Args={'triggering_group': 2, 'triggering_switch': 's_right_flipper'}
2025-03-05 20:48:09,766 : WARNING : SwitchController : Received duplicate switch state 1 for switch s_trough_enter from the platform interface. Log Code: Log-SwitchController-1 (https://missionpinball.org/logs)
2025-03-05 20:48:09,915 : INFO : SwitchController : <<<<<<< 's_trough_enter' inactive >>>>>>>
2025-03-05 20:48:10,418 : INFO : SwitchController : <<<<<<< 's_trough_enter' active >>>>>>>
2025-03-05 20:48:10,419 : DEBUG : ball_device.bd_trough : Entrance switch hit
2025-03-05 20:48:10,419 : WARNING : ball_device.bd_trough : Device received balls but is already full!
2025-03-05 20:48:10,543 : INFO : SwitchController : <<<<<<< 's_trough_enter' inactive >>>>>>>
2025-03-05 20:48:11,525 : INFO : SwitchController : <<<<<<< 's_launcher_button' active >>>>>>>
2025-03-05 20:48:11,650 : INFO : SwitchController : <<<<<<< 's_launcher_button' inactive >>>>>>>
2025-03-05 20:48:11,991 : INFO : SwitchController : <<<<<<< 's_launcher_button' active >>>>>>>
2025-03-05 20:48:12,100 : INFO : SwitchController : <<<<<<< 's_launcher_button' inactive >>>>>>>
2025-03-05 20:48:13,642 : INFO : SwitchController : <<<<<<< 's_launcher_button' active >>>>>>>
2025-03-05 20:48:13,798 : INFO : SwitchController : <<<<<<< 's_launcher_button' inactive >>>>>>>
2025-03-05 20:48:13,836 : INFO : SwitchController : <<<<<<< 's_trough_enter' active >>>>>>>
2025-03-05 20:48:13,837 : DEBUG : ball_device.bd_trough : Entrance switch hit
2025-03-05 20:48:13,837 : WARNING : ball_device.bd_trough : Device received balls but is already full!
2025-03-05 20:48:13,901 : INFO : SwitchController : <<<<<<< 's_trough_enter' inactive >>>>>>>
2025-03-05 20:48:14,597 : INFO : SwitchController : <<<<<<< 's_trough1' inactive >>>>>>>
2025-03-05 20:48:14,788 : INFO : SwitchController : <<<<<<< 's_trough2' inactive >>>>>>>
2025-03-05 20:48:15,040 : INFO : SwitchController : <<<<<<< 's_trough3' inactive >>>>>>>
2025-03-05 20:48:15,490 : INFO : SwitchController : <<<<<<< 's_trough1' active >>>>>>>
2025-03-05 20:48:15,705 : INFO : SwitchController : <<<<<<< 's_trough2' active >>>>>>>
2025-03-05 20:48:15,917 : INFO : SwitchController : <<<<<<< 's_trough3' active >>>>>>>
2025-03-05 20:48:17,187 : INFO : SwitchController : <<<<<<< 's_trough_enter' active >>>>>>>
2025-03-05 20:48:17,188 : DEBUG : ball_device.bd_trough : Entrance switch hit
2025-03-05 20:48:17,188 : WARNING : ball_device.bd_trough : Device received balls but is already full!
2025-03-05 20:48:17,281 : INFO : SwitchController : <<<<<<< 's_trough_enter' inactive >>>>>>>
2025-03-05 20:48:18,033 : INFO : SwitchController : <<<<<<< 's_trough_enter' active >>>>>>>
2025-03-05 20:48:18,033 : DEBUG : ball_device.bd_trough : Entrance switch hit
2025-03-05 20:48:18,033 : WARNING : ball_device.bd_trough : Device received balls but is already full!
2025-03-05 20:48:18,157 : INFO : SwitchController : <<<<<<< 's_trough_enter' inactive >>>>>>>
2025-03-05 20:48:18,688 : INFO : SwitchController : <<<<<<< 's_trough_enter' active >>>>>>>
2025-03-05 20:48:18,688 : DEBUG : ball_device.bd_trough : Entrance switch hit
2025-03-05 20:48:18,690 : WARNING : ball_device.bd_trough : Device received balls but is already full!
2025-03-05 20:48:18,859 : INFO : SwitchController : <<<<<<< 's_trough_enter' inactive >>>>>>>
2025-03-05 20:48:19,081 : INFO : SwitchController : <<<<<<< 's_trough_enter' active >>>>>>>
2025-03-05 20:48:19,081 : DEBUG : ball_device.bd_trough : Entrance switch hit
2025-03-05 20:48:19,081 : WARNING : ball_device.bd_trough : Device received balls but is already full!
2025-03-05 20:48:19,234 : INFO : SwitchController : <<<<<<< 's_trough_enter' inactive >>>>>>>
2025-03-05 20:48:19,343 : INFO : SwitchController : <<<<<<< 's_trough_enter' active >>>>>>>
2025-03-05 20:48:19,343 : DEBUG : ball_device.bd_trough : Entrance switch hit
2025-03-05 20:48:19,343 : WARNING : ball_device.bd_trough : Device received balls but is already full!
2025-03-05 20:48:19,467 : INFO : SwitchController : <<<<<<< 's_trough_enter' inactive >>>>>>>
2025-03-05 20:48:19,657 : INFO : SwitchController : <<<<<<< 's_trough_enter' active >>>>>>>
2025-03-05 20:48:19,657 : DEBUG : ball_device.bd_trough : Entrance switch hit
2025-03-05 20:48:19,657 : WARNING : ball_device.bd_trough : Device received balls but is already full!
2025-03-05 20:48:19,752 : INFO : SwitchController : <<<<<<< 's_trough_enter' inactive >>>>>>>
2025-03-05 20:48:21,043 : INFO : SwitchController : <<<<<<< 's_right_flipper' active >>>>>>>
2025-03-05 20:48:21,143 : INFO : SwitchController : <<<<<<< 's_right_flipper' inactive >>>>>>>
2025-03-05 20:48:21,518 : INFO : SwitchController : <<<<<<< 's_right_flipper' active >>>>>>>
2025-03-05 20:48:21,623 : INFO : SwitchController : <<<<<<< 's_right_flipper' inactive >>>>>>>
2025-03-05 20:48:21,801 : INFO : SwitchController : <<<<<<< 's_right_flipper' active >>>>>>>
2025-03-05 20:48:21,905 : INFO : SwitchController : <<<<<<< 's_right_flipper' inactive >>>>>>>
2025-03-05 20:48:22,035 : INFO : SwitchController : <<<<<<< 's_right_flipper' active >>>>>>>
2025-03-05 20:48:22,147 : INFO : SwitchController : <<<<<<< 's_right_flipper' inactive >>>>>>>
2025-03-05 20:48:22,283 : INFO : SwitchController : <<<<<<< 's_right_flipper' active >>>>>>>
2025-03-05 20:48:22,408 : INFO : SwitchController : <<<<<<< 's_right_flipper' inactive >>>>>>>
2025-03-05 20:48:23,347 : INFO : SwitchController : <<<<<<< 's_trough_enter' active >>>>>>>
2025-03-05 20:48:23,347 : DEBUG : ball_device.bd_trough : Entrance switch hit
2025-03-05 20:48:23,347 : WARNING : ball_device.bd_trough : Device received balls but is already full!
2025-03-05 20:48:23,474 : INFO : SwitchController : <<<<<<< 's_trough_enter' inactive >>>>>>>
2025-03-05 20:48:23,873 : INFO : SwitchController : <<<<<<< 's_trough_enter' active >>>>>>>
2025-03-05 20:48:23,873 : DEBUG : ball_device.bd_trough : Entrance switch hit
2025-03-05 20:48:23,874 : WARNING : ball_device.bd_trough : Device received balls but is already full!
2025-03-05 20:48:24,015 : INFO : SwitchController : <<<<<<< 's_trough_enter' inactive >>>>>>>
2025-03-05 20:48:26,589 : INFO : SwitchController : <<<<<<< 's_playfield_entry' active >>>>>>>
2025-03-05 20:48:26,590 : INFO : EventManager : Event: ======'sw_playfield_active'====== Args={}
2025-03-05 20:48:26,590 : INFO : EventManager : Event: ======'playfield_active'====== Args={}
2025-03-05 20:48:26,590 : INFO : EventManager : Event: ======'unexpected_ball_on_playfield'====== Args={}
2025-03-05 20:48:26,726 : INFO : SwitchController : <<<<<<< 's_playfield_entry' inactive >>>>>>>
2025-03-05 20:48:27,413 : INFO : SwitchController : <<<<<<< 's_launcher_button' active >>>>>>>
2025-03-05 20:48:27,593 : INFO : SwitchController : <<<<<<< 's_launcher_button' inactive >>>>>>>
2025-03-05 20:48:27,866 : INFO : SwitchController : <<<<<<< 's_launcher_button' active >>>>>>>
2025-03-05 20:48:28,043 : INFO : SwitchController : <<<<<<< 's_launcher_button' inactive >>>>>>>
2025-03-05 20:48:28,108 : INFO : SwitchController : <<<<<<< 's_playfield_entry' active >>>>>>>
2025-03-05 20:48:28,108 : INFO : EventManager : Event: ======'sw_playfield_active'====== Args={}
2025-03-05 20:48:28,109 : INFO : EventManager : Event: ======'playfield_active'====== Args={}
2025-03-05 20:48:28,109 : INFO : EventManager : Event: ======'unexpected_ball_on_playfield'====== Args={}
2025-03-05 20:48:28,268 : INFO : SwitchController : <<<<<<< 's_playfield_entry' inactive >>>>>>>
2025-03-05 20:48:28,543 : INFO : SwitchController : <<<<<<< 's_playfield_entry' active >>>>>>>
2025-03-05 20:48:28,543 : INFO : EventManager : Event: ======'sw_playfield_active'====== Args={}
2025-03-05 20:48:28,544 : INFO : EventManager : Event: ======'playfield_active'====== Args={}
2025-03-05 20:48:28,544 : INFO : EventManager : Event: ======'unexpected_ball_on_playfield'====== Args={}
2025-03-05 20:48:28,657 : INFO : SwitchController : <<<<<<< 's_launcher_button' active >>>>>>>
2025-03-05 20:48:28,700 : INFO : SwitchController : <<<<<<< 's_playfield_entry' inactive >>>>>>>
2025-03-05 20:48:28,874 : INFO : SwitchController : <<<<<<< 's_playfield_entry' active >>>>>>>
2025-03-05 20:48:28,875 : INFO : EventManager : Event: ======'sw_playfield_active'====== Args={}
2025-03-05 20:48:28,875 : INFO : EventManager : Event: ======'playfield_active'====== Args={}
2025-03-05 20:48:28,875 : INFO : EventManager : Event: ======'unexpected_ball_on_playfield'====== Args={}
2025-03-05 20:48:28,885 : INFO : SwitchController : <<<<<<< 's_launcher_button' inactive >>>>>>>
2025-03-05 20:48:29,070 : INFO : SwitchController : <<<<<<< 's_launcher_button' active >>>>>>>
2025-03-05 20:48:29,102 : INFO : SwitchController : <<<<<<< 's_playfield_entry' inactive >>>>>>>
2025-03-05 20:48:29,196 : INFO : SwitchController : <<<<<<< 's_playfield_entry' active >>>>>>>
2025-03-05 20:48:29,197 : INFO : EventManager : Event: ======'sw_playfield_active'====== Args={}
2025-03-05 20:48:29,198 : INFO : EventManager : Event: ======'playfield_active'====== Args={}
2025-03-05 20:48:29,199 : INFO : EventManager : Event: ======'unexpected_ball_on_playfield'====== Args={}
2025-03-05 20:48:29,398 : INFO : SwitchController : <<<<<<< 's_playfield_entry' inactive >>>>>>>
2025-03-05 20:48:29,783 : INFO : SwitchController : <<<<<<< 's_launcher_button' inactive >>>>>>>
2025-03-05 20:48:29,955 : INFO : SwitchController : <<<<<<< 's_launcher_button' active >>>>>>>
2025-03-05 20:48:30,037 : INFO : SwitchController : <<<<<<< 's_launcher_button' inactive >>>>>>>
2025-03-05 20:48:30,219 : INFO : SwitchController : <<<<<<< 's_playfield_entry' active >>>>>>>
2025-03-05 20:48:30,220 : INFO : EventManager : Event: ======'sw_playfield_active'====== Args={}
2025-03-05 20:48:30,221 : INFO : EventManager : Event: ======'playfield_active'====== Args={}
2025-03-05 20:48:30,222 : INFO : EventManager : Event: ======'unexpected_ball_on_playfield'====== Args={}
2025-03-05 20:48:30,405 : INFO : SwitchController : <<<<<<< 's_playfield_entry' inactive >>>>>>>
2025-03-05 20:48:30,505 : INFO : SwitchController : <<<<<<< 's_left_flipper' active >>>>>>>
2025-03-05 20:48:30,685 : INFO : SwitchController : <<<<<<< 's_right_flipper' active >>>>>>>
2025-03-05 20:48:30,686 : INFO : EventManager : Event: ======'flipper_cancel'====== Args={'triggering_group': 2, 'triggering_switch': 's_right_flipper'}
2025-03-05 20:48:30,703 : INFO : SwitchController : <<<<<<< 's_left_flipper' inactive >>>>>>>
2025-03-05 20:48:30,703 : INFO : EventManager : Event: ======'both_flippers_one'====== Args={'triggering_group': 1, 'triggering_switch': 's_left_flipper'}
2025-03-05 20:48:30,776 : INFO : SwitchController : <<<<<<< 's_right_flipper' inactive >>>>>>>
2025-03-05 20:48:30,777 : INFO : EventManager : Event: ======'both_flippers_inactive'====== Args={'triggering_group': 2, 'triggering_switch': 's_right_flipper'}
2025-03-05 20:48:30,819 : INFO : SwitchController : <<<<<<< 's_left_flipper' active >>>>>>>
2025-03-05 20:48:30,990 : INFO : SwitchController : <<<<<<< 's_left_flipper' inactive >>>>>>>
2025-03-05 20:48:31,076 : INFO : SwitchController : <<<<<<< 's_left_flipper' active >>>>>>>
2025-03-05 20:48:31,198 : INFO : SwitchController : <<<<<<< 's_left_flipper' inactive >>>>>>>
2025-03-05 20:48:31,228 : INFO : SwitchController : <<<<<<< 's_right_flipper' active >>>>>>>
2025-03-05 20:48:31,335 : INFO : SwitchController : <<<<<<< 's_right_flipper' inactive >>>>>>>
2025-03-05 20:48:31,350 : INFO : SwitchController : <<<<<<< 's_left_flipper' active >>>>>>>
2025-03-05 20:48:31,450 : INFO : SwitchController : <<<<<<< 's_left_flipper' inactive >>>>>>>
2025-03-05 20:48:31,495 : INFO : SwitchController : <<<<<<< 's_right_flipper' active >>>>>>>
2025-03-05 20:48:31,588 : INFO : SwitchController : <<<<<<< 's_right_flipper' inactive >>>>>>>
2025-03-05 20:48:33,042 : INFO : Machine : Shutting down...
2025-03-05 20:48:33,042 : INFO : EventManager : Event: ======'shutdown'====== Args={}
2025-03-05 20:48:33,048 : DEBUG : ball_device.bd_trough : Stopping ball device
2025-03-05 20:48:33,055 : INFO : root : MPF run loop ended.
