2025-03-19 14:24:36,212 : kivy : deps: Successfully imported "kivy_deps.gstreamer" 0.3.3
2025-03-19 14:24:36,212 : kivy : deps: Successfully imported "kivy_deps.angle" 0.3.3
2025-03-19 14:24:36,212 : kivy : deps: Successfully imported "kivy_deps.glew" 0.3.1
2025-03-19 14:24:36,212 : kivy : deps: Successfully imported "kivy_deps.sdl2" 0.6.0
2025-03-19 14:24:36,212 : kivy : Kivy: v2.2.1
2025-03-19 14:24:36,212 : kivy : Kivy: Installed at "C:\Users\duffb\.pyenv\pyenv-win\versions\3.11.0\Lib\site-packages\kivy\__init__.py"
2025-03-19 14:24:36,212 : kivy : Python: v3.11.0 (main, Oct 24 2022, 18:26:48) [MSC v.1933 64 bit (AMD64)]
2025-03-19 14:24:36,213 : kivy : Python: Interpreter at "C:\Users\duffb\.pyenv\pyenv-win\versions\3.11.0\python.exe"
2025-03-19 14:24:36,254 : kivy : Factory: 190 symbols loaded
2025-03-19 14:24:36,474 : kivy : ImageLoaderFFPy: Using ffpyplayer 4.5.1
2025-03-19 14:24:36,474 : kivy : Image: Providers: img_tex, img_dds, img_sdl2, img_pil, img_ffpyplayer 
2025-03-19 14:24:36,795 : kivy : VideoGstplayer: Using Gstreamer 1.18.5.0
2025-03-19 14:24:36,795 : kivy : Video: Provider: gstplayer
2025-03-19 14:24:36,857 : root : Loading MPF-MC controller
2025-03-19 14:24:36,879 : YamlMultifileConfigLoader : Machine config file #1: config
2025-03-19 14:24:36,879 : ConfigProcessor : Config file in cache changed: C:\Users\duffb\OneDrive\Documents\Python Envs\PinBallWW1\Machine\config\config
2025-03-19 14:24:36,879 : ConfigProcessor : Loading config from file C:\Users\duffb\.pyenv\pyenv-win\versions\3.11.0\Lib\site-packages\mpfmc\mcconfig.yaml.
2025-03-19 14:24:36,886 : ConfigProcessor : Loading config: C:\Users\duffb\.pyenv\pyenv-win\versions\3.11.0\Lib\site-packages\mpfmc\mcconfig.yaml
2025-03-19 14:24:36,886 : ConfigProcessor : Loading config from file C:\Users\duffb\OneDrive\Documents\Python Envs\PinBallWW1\Machine\config\config.
2025-03-19 14:24:36,890 : ConfigProcessor : Loading config: C:\Users\duffb\OneDrive\Documents\Python Envs\PinBallWW1\Machine\config\config
2025-03-19 14:24:36,891 : ConfigProcessor : Config file cache created: C:\Users\duffb\AppData\Local\Temp\de7a4651692d89380cb727f0a44dc491.mpf_cache
2025-03-19 14:24:36,891 : ConfigProcessor : Loading config from cache: C:\Users\duffb\AppData\Local\Temp\ee7db1e8d011f44c876692bb4657f2e9.mpf_cache
2025-03-19 14:24:36,892 : ConfigProcessor : Loading config from cache: C:\Users\duffb\AppData\Local\Temp\9f058d482eac17116727d62a93500be7.mpf_cache
2025-03-19 14:24:36,893 : ConfigProcessor : Loading config from cache: C:\Users\duffb\AppData\Local\Temp\2c9362052ff91db960f514d041b7f4e4.mpf_cache
2025-03-19 14:24:36,909 : ConfigProcessor : Loading config from cache: C:\Users\duffb\AppData\Local\Temp\9e006ea23aa21ec68e01f6c49afad9f4.mpf_cache
2025-03-19 14:24:36,911 : mpfmc : Mission Pinball Framework Media Controller (MPF-MC) v0.57.1. Requires MPF v0.57.0 or newer.
2025-03-19 14:24:36,911 : mpfmc : Found MPF v0.57.0
2025-03-19 14:24:36,911 : mpfmc : Machine path: C:\Users\duffb\OneDrive\Documents\Python Envs\PinBallWW1\Machine
2025-03-19 14:24:36,911 : mpfmc : Starting clock at 60.0Hz
2025-03-19 14:24:36,932 : kivy : Text: Provider: sdl2
2025-03-19 14:24:37,052 : kivy : Window: Provider: sdl2
2025-03-19 14:24:37,344 : kivy : GL: Using the "OpenGL" graphics system
2025-03-19 14:24:37,346 : kivy : GL: GLEW initialization succeeded
2025-03-19 14:24:37,346 : kivy : GL: Backend used <glew>
2025-03-19 14:24:37,346 : kivy : GL: OpenGL version <b'4.6.0 - Build 31.0.101.5592'>
2025-03-19 14:24:37,346 : kivy : GL: OpenGL vendor <b'Intel'>
2025-03-19 14:24:37,346 : kivy : GL: OpenGL renderer <b'Intel(R) UHD Graphics'>
2025-03-19 14:24:37,346 : kivy : GL: OpenGL parsed version: 4, 6
2025-03-19 14:24:37,346 : kivy : GL: Shading version <b'4.60 - Build 31.0.101.5592'>
2025-03-19 14:24:37,346 : kivy : GL: Texture max size <16384>
2025-03-19 14:24:37,346 : kivy : GL: Texture max units <32>
2025-03-19 14:24:37,377 : kivy : Window: auto add sdl2 input provider
2025-03-19 14:24:37,377 : kivy : Window: virtual keyboard not allowed, single mode, not docked
2025-03-19 14:24:37,888 : AudioInterface : Initialized
2025-03-19 14:24:37,888 : AudioInterface : Loaded SDL 2.26.4
2025-03-19 14:24:37,888 : AudioInterface : Loaded SDL_Mixer 2.6.3
2025-03-19 14:24:37,888 : AudioInterface : Loaded GStreamer 1.18.5.0
2025-03-19 14:24:37,889 : AudioInterface : Loaded GLib 2.62.6
2025-03-19 14:24:37,889 : AudioInterface : Settings requested - rate: 44100, channels: 1, buffer: 2048 samples
2025-03-19 14:24:37,889 : AudioInterface : Settings in use - rate: 44100, channels: 1, buffer: 2048 samples (4096 bytes @ 2 bytes per sample)
2025-03-19 14:24:37,889 : SoundSystem : Setting master volume to 0.0
2025-03-19 14:24:37,889 : AudioInterface : Enabling audio playback
2025-03-19 14:24:37,892 : kivy : Base: Start application main loop
2025-03-19 14:24:37,892 : EventManager : Event: ======'display_window_initialized'====== Args={}
2025-03-19 14:24:37,903 : mpfmc : Display: Setting 'window' as default display
2025-03-19 14:24:37,911 : EventManager : Event: ======'displays_initialized'====== Args={}
2025-03-19 14:24:37,913 : EventManager : Event: ======'slide_window_blank_created'====== Args={}
2025-03-19 14:24:37,913 : EventManager : Event: ======'display_window_ready'====== Args={}
2025-03-19 14:24:37,932 : EventManager : Event: ======'init_phase_1'====== Args={}
2025-03-19 14:24:37,936 : EventManager : Event: ======'mc_ready'====== Args={}
2025-03-19 14:24:37,937 : EventManager : Event: ======'init_phase_2'====== Args={}
2025-03-19 14:24:37,939 : EventManager : Event: ======'init_phase_3'====== Args={}
2025-03-19 14:24:37,942 : EventManager : Event: ======'init_phase_4'====== Args={}
2025-03-19 14:24:37,942 : EventManager : Event: ======'init_phase_5'====== Args={}
2025-03-19 14:24:37,955 : kivy : GL: NPOT texture support is available
2025-03-19 14:24:37,969 : EventManager : Event: ======'loading_assets'====== Args={'total': 5, 'loaded': 1, 'remaining': 4, 'percent': 20}
2025-03-19 14:24:37,969 : AssetManager : Loading assets: 1/5 (20%)
2025-03-19 14:24:38,017 : EventManager : Event: ======'loading_assets'====== Args={'total': 5, 'loaded': 5, 'remaining': 0, 'percent': 100}
2025-03-19 14:24:38,017 : AssetManager : Asset loading took: 0.1277027130126953
2025-03-19 14:24:38,017 : EventManager : Event: ======'asset_loading_complete'====== Args={}
2025-03-19 14:24:38,017 : AssetManager : Loading assets: 5/5 (100%)
2025-03-19 14:24:38,018 : EventManager : Event: ======'init_done'====== Args={}
2025-03-19 14:24:38,018 : MPF-MC BCP Server : Starting up on localhost port 5050
2025-03-19 14:24:38,024 : MPF-MC BCP Server : Waiting for a connection...
2025-03-19 14:24:38,028 : EventManager : Event: ======'slide_welcome_slide_created'====== Args={}
2025-03-19 14:24:38,029 : EventManager : Event: ======'slide_welcome_slide_active'====== Args={}
2025-03-19 14:24:38,034 : EventManager : Event: ======'client_disconnected'====== Args={'host': '127.0.0.1', 'port': 5050}
2025-03-19 14:24:38,480 : MPF-MC BCP Server : Received connection from: 127.0.0.1:54004
2025-03-19 14:24:38,483 : EventManager : Event: ======'client_connected'====== Args={'host': '127.0.0.1', 'port': 54004}
2025-03-19 14:24:38,495 : EventManager : Event: ======'machine_var_credits_string'====== Args={'value': 'FREE PLAY', 'prev_value': None, 'change': True}
2025-03-19 14:24:38,495 : EventManager : Event: ======'machine_var_master_volume'====== Args={'value': 0.5, 'prev_value': None, 'change': True}
2025-03-19 14:24:38,495 : EventManager : Event: ======'machine_var_player1_score'====== Args={'value': 8000, 'prev_value': None, 'change': True}
2025-03-19 14:24:38,495 : EventManager : Event: ======'machine_var_player2_score'====== Args={'value': 1000, 'prev_value': None, 'change': True}
2025-03-19 14:24:38,495 : EventManager : Event: ======'machine_var_mpf_version'====== Args={'value': 'Mission Pinball Framework v0.57.0', 'prev_value': None, 'change': True}
2025-03-19 14:24:38,495 : EventManager : Event: ======'machine_var_mpf_extended_version'====== Args={'value': 'Mission Pinball Framework v0.57.0, Config version:6, Show version: 6, BCP version:1.1', 'prev_value': None, 'change': True}
2025-03-19 14:24:38,495 : EventManager : Event: ======'machine_var_python_version'====== Args={'value': '3.11.0', 'prev_value': None, 'change': True}
2025-03-19 14:24:38,495 : EventManager : Event: ======'machine_var_platform'====== Args={'value': 'Windows-10-10.0.26100-SP0', 'prev_value': None, 'change': True}
2025-03-19 14:24:38,495 : EventManager : Event: ======'machine_var_platform_system'====== Args={'value': 'Windows', 'prev_value': None, 'change': True}
2025-03-19 14:24:38,495 : EventManager : Event: ======'machine_var_platform_release'====== Args={'value': '10', 'prev_value': None, 'change': True}
2025-03-19 14:24:38,495 : EventManager : Event: ======'machine_var_platform_version'====== Args={'value': '10.0.26100', 'prev_value': None, 'change': True}
2025-03-19 14:24:38,495 : EventManager : Event: ======'machine_var_platform_machine'====== Args={'value': 'AMD64', 'prev_value': None, 'change': True}
2025-03-19 14:24:38,495 : EventManager : Event: ======'machine_var_mc_version'====== Args={'value': 'MPF-MC v0.57.1', 'prev_value': None, 'change': True}
2025-03-19 14:24:38,495 : EventManager : Event: ======'machine_var_mc_extended_version'====== Args={'value': 'MPF-MC v0.57.1 (config_version=6, BCP v1.1,                      Requires MPF API compatibility v0.57.0 or newer)', 'prev_value': None, 'change': True}
2025-03-19 14:24:38,495 : EventManager : Event: ======'machine_var_credits_string'====== Args={'value': 'FREE PLAY', 'prev_value': None, 'change': True}
2025-03-19 14:24:38,495 : EventManager : Event: ======'machine_var_master_volume'====== Args={'value': 0.5, 'prev_value': None, 'change': True}
2025-03-19 14:24:38,495 : EventManager : Event: ======'machine_var_player1_score'====== Args={'value': 8000, 'prev_value': None, 'change': True}
2025-03-19 14:24:38,495 : EventManager : Event: ======'machine_var_player2_score'====== Args={'value': 1000, 'prev_value': None, 'change': True}
2025-03-19 14:24:38,495 : EventManager : Event: ======'machine_var_mpf_version'====== Args={'value': 'Mission Pinball Framework v0.57.0', 'prev_value': None, 'change': True}
2025-03-19 14:24:38,495 : EventManager : Event: ======'machine_var_mpf_extended_version'====== Args={'value': 'Mission Pinball Framework v0.57.0, Config version:6, Show version: 6, BCP version:1.1', 'prev_value': None, 'change': True}
2025-03-19 14:24:38,495 : EventManager : Event: ======'machine_var_python_version'====== Args={'value': '3.11.0', 'prev_value': None, 'change': True}
2025-03-19 14:24:38,495 : EventManager : Event: ======'machine_var_platform'====== Args={'value': 'Windows-10-10.0.26100-SP0', 'prev_value': None, 'change': True}
2025-03-19 14:24:38,495 : EventManager : Event: ======'machine_var_platform_system'====== Args={'value': 'Windows', 'prev_value': None, 'change': True}
2025-03-19 14:24:38,495 : EventManager : Event: ======'machine_var_platform_release'====== Args={'value': '10', 'prev_value': None, 'change': True}
2025-03-19 14:24:38,495 : EventManager : Event: ======'machine_var_platform_version'====== Args={'value': '10.0.26100', 'prev_value': None, 'change': True}
2025-03-19 14:24:38,495 : EventManager : Event: ======'machine_var_platform_machine'====== Args={'value': 'AMD64', 'prev_value': None, 'change': True}
2025-03-19 14:24:38,495 : EventManager : Event: ======'machine_var_mc_version'====== Args={'value': 'MPF-MC v0.57.1', 'prev_value': None, 'change': True}
2025-03-19 14:24:38,495 : EventManager : Event: ======'machine_var_mc_extended_version'====== Args={'value': 'MPF-MC v0.57.1 (config_version=6, BCP v1.1,                      Requires MPF API compatibility v0.57.0 or newer)', 'prev_value': None, 'change': True}
2025-03-19 14:24:38,495 : EventManager : Event: ======'machine_var_credits_string'====== Args={'value': 'FREE PLAY', 'prev_value': None, 'change': True}
2025-03-19 14:24:38,495 : EventManager : Event: ======'machine_var_master_volume'====== Args={'value': 0.5, 'prev_value': None, 'change': True}
2025-03-19 14:24:38,495 : EventManager : Event: ======'machine_var_player1_score'====== Args={'value': 8000, 'prev_value': None, 'change': True}
2025-03-19 14:24:38,495 : EventManager : Event: ======'machine_var_player2_score'====== Args={'value': 1000, 'prev_value': None, 'change': True}
2025-03-19 14:24:38,495 : EventManager : Event: ======'machine_var_mpf_version'====== Args={'value': 'Mission Pinball Framework v0.57.0', 'prev_value': None, 'change': True}
2025-03-19 14:24:38,497 : EventManager : Event: ======'machine_var_mpf_extended_version'====== Args={'value': 'Mission Pinball Framework v0.57.0, Config version:6, Show version: 6, BCP version:1.1', 'prev_value': None, 'change': True}
2025-03-19 14:24:38,497 : EventManager : Event: ======'machine_var_python_version'====== Args={'value': '3.11.0', 'prev_value': None, 'change': True}
2025-03-19 14:24:38,498 : EventManager : Event: ======'machine_var_platform'====== Args={'value': 'Windows-10-10.0.26100-SP0', 'prev_value': None, 'change': True}
2025-03-19 14:24:38,499 : EventManager : Event: ======'machine_var_platform_system'====== Args={'value': 'Windows', 'prev_value': None, 'change': True}
2025-03-19 14:24:38,499 : EventManager : Event: ======'machine_var_platform_release'====== Args={'value': '10', 'prev_value': None, 'change': True}
2025-03-19 14:24:38,500 : EventManager : Event: ======'machine_var_platform_version'====== Args={'value': '10.0.26100', 'prev_value': None, 'change': True}
2025-03-19 14:24:38,501 : EventManager : Event: ======'machine_var_platform_machine'====== Args={'value': 'AMD64', 'prev_value': None, 'change': True}
2025-03-19 14:24:38,501 : EventManager : Event: ======'machine_var_mc_version'====== Args={'value': 'MPF-MC v0.57.1', 'prev_value': None, 'change': True}
2025-03-19 14:24:38,501 : EventManager : Event: ======'machine_var_mc_extended_version'====== Args={'value': 'MPF-MC v0.57.1 (config_version=6, BCP v1.1,                      Requires MPF API compatibility v0.57.0 or newer)', 'prev_value': None, 'change': True}
2025-03-19 14:24:38,501 : EventManager : Event: ======'machine_var_credits_string'====== Args={'value': 'FREE PLAY', 'prev_value': None, 'change': True}
2025-03-19 14:24:38,501 : EventManager : Event: ======'machine_var_master_volume'====== Args={'value': 0.5, 'prev_value': None, 'change': True}
2025-03-19 14:24:38,501 : EventManager : Event: ======'machine_var_player1_score'====== Args={'value': 8000, 'prev_value': None, 'change': True}
2025-03-19 14:24:38,501 : EventManager : Event: ======'machine_var_player2_score'====== Args={'value': 1000, 'prev_value': None, 'change': True}
2025-03-19 14:24:38,501 : EventManager : Event: ======'machine_var_mpf_version'====== Args={'value': 'Mission Pinball Framework v0.57.0', 'prev_value': None, 'change': True}
2025-03-19 14:24:38,501 : EventManager : Event: ======'machine_var_mpf_extended_version'====== Args={'value': 'Mission Pinball Framework v0.57.0, Config version:6, Show version: 6, BCP version:1.1', 'prev_value': None, 'change': True}
2025-03-19 14:24:38,501 : EventManager : Event: ======'machine_var_python_version'====== Args={'value': '3.11.0', 'prev_value': None, 'change': True}
2025-03-19 14:24:38,501 : EventManager : Event: ======'machine_var_platform'====== Args={'value': 'Windows-10-10.0.26100-SP0', 'prev_value': None, 'change': True}
2025-03-19 14:24:38,501 : EventManager : Event: ======'machine_var_platform_system'====== Args={'value': 'Windows', 'prev_value': None, 'change': True}
2025-03-19 14:24:38,501 : EventManager : Event: ======'machine_var_platform_release'====== Args={'value': '10', 'prev_value': None, 'change': True}
2025-03-19 14:24:38,501 : EventManager : Event: ======'machine_var_platform_version'====== Args={'value': '10.0.26100', 'prev_value': None, 'change': True}
2025-03-19 14:24:38,501 : EventManager : Event: ======'machine_var_platform_machine'====== Args={'value': 'AMD64', 'prev_value': None, 'change': True}
2025-03-19 14:24:38,501 : EventManager : Event: ======'machine_var_mc_version'====== Args={'value': 'MPF-MC v0.57.1', 'prev_value': None, 'change': True}
2025-03-19 14:24:38,502 : EventManager : Event: ======'machine_var_mc_extended_version'====== Args={'value': 'MPF-MC v0.57.1 (config_version=6, BCP v1.1,                      Requires MPF API compatibility v0.57.0 or newer)', 'prev_value': None, 'change': True}
2025-03-19 14:24:38,502 : SoundSystem : Setting master volume to 0.5
2025-03-19 14:24:38,502 : SoundSystem : Setting master volume to 0.5
2025-03-19 14:24:38,502 : SoundSystem : Setting master volume to 0.5
2025-03-19 14:24:38,502 : SoundSystem : Setting master volume to 0.5
2025-03-19 14:24:38,557 : mpfmc : Stopping...
2025-03-19 14:24:38,557 : EventManager : Event: ======'shutdown'====== Args={}
2025-03-19 14:24:38,557 : AudioInterface : Disabling audio playback
2025-03-19 14:24:38,675 : mpfmc : Loop rate 61.19 Hz
2025-03-19 14:24:38,677 : kivy : Base: Leaving application in progress...
2025-03-19 14:24:39,324 : kivy : WindowSDL: Window is now on display 1
2025-03-19 14:24:39,324 : mpfmc : Stopping...
2025-03-19 14:24:39,324 : EventManager : Event: ======'shutdown'====== Args={}
2025-03-19 14:24:39,324 : mpfmc : Loop rate 34.88 Hz
2025-03-19 14:24:39,324 : root : MC run loop ended.
2025-03-19 14:24:39,324 : root : Stopping child threads... (1 remaining)
2025-03-19 14:24:39,484 : MPF-MC BCP Server : Stopping BCP sending thread
2025-03-19 14:24:39,526 : root : All child threads stopped.
