2025-03-05 21:15:30,232 : kivy : deps: Successfully imported "kivy_deps.gstreamer" 0.3.3
2025-03-05 21:15:30,232 : kivy : deps: Successfully imported "kivy_deps.angle" 0.3.3
2025-03-05 21:15:30,232 : kivy : deps: Successfully imported "kivy_deps.glew" 0.3.1
2025-03-05 21:15:30,232 : kivy : deps: Successfully imported "kivy_deps.sdl2" 0.6.0
2025-03-05 21:15:30,232 : kivy : Kivy: v2.2.1
2025-03-05 21:15:30,232 : kivy : Kivy: Installed at "C:\Users\duffb\.pyenv\pyenv-win\versions\3.11.0\Lib\site-packages\kivy\__init__.py"
2025-03-05 21:15:30,232 : kivy : Python: v3.11.0 (main, Oct 24 2022, 18:26:48) [MSC v.1933 64 bit (AMD64)]
2025-03-05 21:15:30,233 : kivy : Python: Interpreter at "C:\Users\duffb\.pyenv\pyenv-win\versions\3.11.0\python.exe"
2025-03-05 21:15:30,246 : kivy : Factory: 190 symbols loaded
2025-03-05 21:15:30,397 : kivy : ImageLoaderFFPy: Using ffpyplayer 4.5.1
2025-03-05 21:15:30,397 : kivy : Image: Providers: img_tex, img_dds, img_sdl2, img_pil, img_ffpyplayer 
2025-03-05 21:15:30,585 : kivy : VideoGstplayer: Using Gstreamer 1.18.5.0
2025-03-05 21:15:30,585 : kivy : Video: Provider: gstplayer
2025-03-05 21:15:30,612 : root : Loading MPF-MC controller
2025-03-05 21:15:30,627 : YamlMultifileConfigLoader : Machine config file #1: config
2025-03-05 21:15:30,628 : ConfigProcessor : Config file in cache changed: C:\Users\duffb\OneDrive\Documents\Python Envs\PinBallWW1\Machine\config\config
2025-03-05 21:15:30,628 : ConfigProcessor : Loading config from file C:\Users\duffb\.pyenv\pyenv-win\versions\3.11.0\Lib\site-packages\mpfmc\mcconfig.yaml.
2025-03-05 21:15:30,637 : ConfigProcessor : Loading config: C:\Users\duffb\.pyenv\pyenv-win\versions\3.11.0\Lib\site-packages\mpfmc\mcconfig.yaml
2025-03-05 21:15:30,637 : ConfigProcessor : Loading config from file C:\Users\duffb\OneDrive\Documents\Python Envs\PinBallWW1\Machine\config\config.
2025-03-05 21:15:30,640 : ConfigProcessor : Loading config: C:\Users\duffb\OneDrive\Documents\Python Envs\PinBallWW1\Machine\config\config
2025-03-05 21:15:30,641 : ConfigProcessor : Config file cache created: C:\Users\duffb\AppData\Local\Temp\de7a4651692d89380cb727f0a44dc491.mpf_cache
2025-03-05 21:15:30,642 : ConfigProcessor : Loading config from cache: C:\Users\duffb\AppData\Local\Temp\2d51d76727b268a801d8dd7a18b89879.mpf_cache
2025-03-05 21:15:30,642 : ConfigProcessor : Loading config from cache: C:\Users\duffb\AppData\Local\Temp\9f058d482eac17116727d62a93500be7.mpf_cache
2025-03-05 21:15:30,643 : mpfmc : Mission Pinball Framework Media Controller (MPF-MC) v0.57.1. Requires MPF v0.57.0 or newer.
2025-03-05 21:15:30,643 : mpfmc : Found MPF v0.57.0
2025-03-05 21:15:30,643 : mpfmc : Machine path: C:\Users\duffb\OneDrive\Documents\Python Envs\PinBallWW1\Machine
2025-03-05 21:15:30,643 : mpfmc : Starting clock at 60.0Hz
2025-03-05 21:15:30,663 : kivy : Text: Provider: sdl2
2025-03-05 21:15:30,711 : kivy : Window: Provider: sdl2
2025-03-05 21:15:30,913 : kivy : GL: Using the "OpenGL" graphics system
2025-03-05 21:15:30,914 : kivy : GL: GLEW initialization succeeded
2025-03-05 21:15:30,914 : kivy : GL: Backend used <glew>
2025-03-05 21:15:30,914 : kivy : GL: OpenGL version <b'4.6.0 - Build 31.0.101.5592'>
2025-03-05 21:15:30,915 : kivy : GL: OpenGL vendor <b'Intel'>
2025-03-05 21:15:30,915 : kivy : GL: OpenGL renderer <b'Intel(R) UHD Graphics'>
2025-03-05 21:15:30,915 : kivy : GL: OpenGL parsed version: 4, 6
2025-03-05 21:15:30,915 : kivy : GL: Shading version <b'4.60 - Build 31.0.101.5592'>
2025-03-05 21:15:30,915 : kivy : GL: Texture max size <16384>
2025-03-05 21:15:30,915 : kivy : GL: Texture max units <32>
2025-03-05 21:15:30,934 : kivy : Window: auto add sdl2 input provider
2025-03-05 21:15:30,934 : kivy : Window: virtual keyboard not allowed, single mode, not docked
2025-03-05 21:15:31,392 : AudioInterface : Initialized
2025-03-05 21:15:31,393 : AudioInterface : Loaded SDL 2.26.4
2025-03-05 21:15:31,393 : AudioInterface : Loaded SDL_Mixer 2.6.3
2025-03-05 21:15:31,393 : AudioInterface : Loaded GStreamer 1.18.5.0
2025-03-05 21:15:31,393 : AudioInterface : Loaded GLib 2.62.6
2025-03-05 21:15:31,393 : AudioInterface : Settings requested - rate: 44100, channels: 1, buffer: 2048 samples
2025-03-05 21:15:31,393 : AudioInterface : Settings in use - rate: 44100, channels: 1, buffer: 2048 samples (4096 bytes @ 2 bytes per sample)
2025-03-05 21:15:31,393 : SoundSystem : Setting master volume to 0.0
2025-03-05 21:15:31,393 : AudioInterface : Enabling audio playback
2025-03-05 21:15:31,395 : kivy : Base: Start application main loop
2025-03-05 21:15:31,396 : EventManager : Event: ======'display_window_initialized'====== Args={}
2025-03-05 21:15:31,409 : mpfmc : Display: Setting 'window' as default display
2025-03-05 21:15:31,415 : EventManager : Event: ======'displays_initialized'====== Args={}
2025-03-05 21:15:31,416 : EventManager : Event: ======'slide_window_blank_created'====== Args={}
2025-03-05 21:15:31,417 : EventManager : Event: ======'display_window_ready'====== Args={}
2025-03-05 21:15:31,435 : EventManager : Event: ======'init_phase_1'====== Args={}
2025-03-05 21:15:31,440 : EventManager : Event: ======'mc_ready'====== Args={}
2025-03-05 21:15:31,440 : EventManager : Event: ======'init_phase_2'====== Args={}
2025-03-05 21:15:31,441 : EventManager : Event: ======'init_phase_3'====== Args={}
2025-03-05 21:15:31,442 : EventManager : Event: ======'init_phase_4'====== Args={}
2025-03-05 21:15:31,442 : EventManager : Event: ======'init_phase_5'====== Args={}
2025-03-05 21:15:31,457 : kivy : GL: NPOT texture support is available
2025-03-05 21:15:31,459 : EventManager : Event: ======'loading_assets'====== Args={'total': 1, 'loaded': 1, 'remaining': 0, 'percent': 100}
2025-03-05 21:15:31,459 : AssetManager : Asset loading took: 0.06506729125976562
2025-03-05 21:15:31,460 : EventManager : Event: ======'asset_loading_complete'====== Args={}
2025-03-05 21:15:31,460 : AssetManager : Loading assets: 1/1 (100%)
2025-03-05 21:15:31,460 : EventManager : Event: ======'init_done'====== Args={}
2025-03-05 21:15:31,460 : MPF-MC BCP Server : Starting up on localhost port 5050
2025-03-05 21:15:31,464 : MPF-MC BCP Server : Waiting for a connection...
2025-03-05 21:15:31,467 : EventManager : Event: ======'slide_welcome_slide_created'====== Args={}
2025-03-05 21:15:31,467 : EventManager : Event: ======'slide_welcome_slide_active'====== Args={}
2025-03-05 21:15:31,472 : EventManager : Event: ======'client_disconnected'====== Args={'host': '127.0.0.1', 'port': 5050}
2025-03-05 21:15:32,389 : MPF-MC BCP Server : Received connection from: 127.0.0.1:57800
2025-03-05 21:15:32,396 : EventManager : Event: ======'client_connected'====== Args={'host': '127.0.0.1', 'port': 57800}
2025-03-05 21:15:32,546 : EventManager : Event: ======'machine_var_credits_string'====== Args={'value': 'FREE PLAY', 'prev_value': None, 'change': True}
2025-03-05 21:15:32,546 : EventManager : Event: ======'machine_var_master_volume'====== Args={'value': 0.5, 'prev_value': None, 'change': True}
2025-03-05 21:15:32,546 : EventManager : Event: ======'machine_var_mpf_version'====== Args={'value': 'Mission Pinball Framework v0.57.0', 'prev_value': None, 'change': True}
2025-03-05 21:15:32,546 : EventManager : Event: ======'machine_var_mpf_extended_version'====== Args={'value': 'Mission Pinball Framework v0.57.0, Config version:6, Show version: 6, BCP version:1.1', 'prev_value': None, 'change': True}
2025-03-05 21:15:32,546 : EventManager : Event: ======'machine_var_python_version'====== Args={'value': '3.11.0', 'prev_value': None, 'change': True}
2025-03-05 21:15:32,546 : EventManager : Event: ======'machine_var_platform'====== Args={'value': 'Windows-10-10.0.26100-SP0', 'prev_value': None, 'change': True}
2025-03-05 21:15:32,546 : EventManager : Event: ======'machine_var_platform_system'====== Args={'value': 'Windows', 'prev_value': None, 'change': True}
2025-03-05 21:15:32,546 : EventManager : Event: ======'machine_var_platform_release'====== Args={'value': '10', 'prev_value': None, 'change': True}
2025-03-05 21:15:32,546 : EventManager : Event: ======'machine_var_platform_version'====== Args={'value': '10.0.26100', 'prev_value': None, 'change': True}
2025-03-05 21:15:32,546 : EventManager : Event: ======'machine_var_platform_machine'====== Args={'value': 'AMD64', 'prev_value': None, 'change': True}
2025-03-05 21:15:32,546 : EventManager : Event: ======'machine_var_mc_version'====== Args={'value': 'MPF-MC v0.57.1', 'prev_value': None, 'change': True}
2025-03-05 21:15:32,546 : EventManager : Event: ======'machine_var_mc_extended_version'====== Args={'value': 'MPF-MC v0.57.1 (config_version=6, BCP v1.1,                      Requires MPF API compatibility v0.57.0 or newer)', 'prev_value': None, 'change': True}
2025-03-05 21:15:32,546 : EventManager : Event: ======'machine_var_credits_string'====== Args={'value': 'FREE PLAY', 'prev_value': None, 'change': True}
2025-03-05 21:15:32,546 : EventManager : Event: ======'machine_var_master_volume'====== Args={'value': 0.5, 'prev_value': None, 'change': True}
2025-03-05 21:15:32,546 : EventManager : Event: ======'machine_var_mpf_version'====== Args={'value': 'Mission Pinball Framework v0.57.0', 'prev_value': None, 'change': True}
2025-03-05 21:15:32,546 : EventManager : Event: ======'machine_var_mpf_extended_version'====== Args={'value': 'Mission Pinball Framework v0.57.0, Config version:6, Show version: 6, BCP version:1.1', 'prev_value': None, 'change': True}
2025-03-05 21:15:32,546 : EventManager : Event: ======'machine_var_python_version'====== Args={'value': '3.11.0', 'prev_value': None, 'change': True}
2025-03-05 21:15:32,547 : EventManager : Event: ======'machine_var_platform'====== Args={'value': 'Windows-10-10.0.26100-SP0', 'prev_value': None, 'change': True}
2025-03-05 21:15:32,547 : EventManager : Event: ======'machine_var_platform_system'====== Args={'value': 'Windows', 'prev_value': None, 'change': True}
2025-03-05 21:15:32,547 : EventManager : Event: ======'machine_var_platform_release'====== Args={'value': '10', 'prev_value': None, 'change': True}
2025-03-05 21:15:32,547 : EventManager : Event: ======'machine_var_platform_version'====== Args={'value': '10.0.26100', 'prev_value': None, 'change': True}
2025-03-05 21:15:32,547 : EventManager : Event: ======'machine_var_platform_machine'====== Args={'value': 'AMD64', 'prev_value': None, 'change': True}
2025-03-05 21:15:32,547 : EventManager : Event: ======'machine_var_mc_version'====== Args={'value': 'MPF-MC v0.57.1', 'prev_value': None, 'change': True}
2025-03-05 21:15:32,547 : EventManager : Event: ======'machine_var_mc_extended_version'====== Args={'value': 'MPF-MC v0.57.1 (config_version=6, BCP v1.1,                      Requires MPF API compatibility v0.57.0 or newer)', 'prev_value': None, 'change': True}
2025-03-05 21:15:32,547 : EventManager : Event: ======'machine_var_credits_string'====== Args={'value': 'FREE PLAY', 'prev_value': None, 'change': True}
2025-03-05 21:15:32,547 : EventManager : Event: ======'machine_var_master_volume'====== Args={'value': 0.5, 'prev_value': None, 'change': True}
2025-03-05 21:15:32,547 : EventManager : Event: ======'machine_var_mpf_version'====== Args={'value': 'Mission Pinball Framework v0.57.0', 'prev_value': None, 'change': True}
2025-03-05 21:15:32,547 : EventManager : Event: ======'machine_var_mpf_extended_version'====== Args={'value': 'Mission Pinball Framework v0.57.0, Config version:6, Show version: 6, BCP version:1.1', 'prev_value': None, 'change': True}
2025-03-05 21:15:32,547 : EventManager : Event: ======'machine_var_python_version'====== Args={'value': '3.11.0', 'prev_value': None, 'change': True}
2025-03-05 21:15:32,547 : EventManager : Event: ======'machine_var_platform'====== Args={'value': 'Windows-10-10.0.26100-SP0', 'prev_value': None, 'change': True}
2025-03-05 21:15:32,547 : EventManager : Event: ======'machine_var_platform_system'====== Args={'value': 'Windows', 'prev_value': None, 'change': True}
2025-03-05 21:15:32,547 : EventManager : Event: ======'machine_var_platform_release'====== Args={'value': '10', 'prev_value': None, 'change': True}
2025-03-05 21:15:32,547 : EventManager : Event: ======'machine_var_platform_version'====== Args={'value': '10.0.26100', 'prev_value': None, 'change': True}
2025-03-05 21:15:32,547 : EventManager : Event: ======'machine_var_platform_machine'====== Args={'value': 'AMD64', 'prev_value': None, 'change': True}
2025-03-05 21:15:32,547 : EventManager : Event: ======'machine_var_mc_version'====== Args={'value': 'MPF-MC v0.57.1', 'prev_value': None, 'change': True}
2025-03-05 21:15:32,547 : EventManager : Event: ======'machine_var_mc_extended_version'====== Args={'value': 'MPF-MC v0.57.1 (config_version=6, BCP v1.1,                      Requires MPF API compatibility v0.57.0 or newer)', 'prev_value': None, 'change': True}
2025-03-05 21:15:32,547 : EventManager : Event: ======'machine_var_credits_string'====== Args={'value': 'FREE PLAY', 'prev_value': None, 'change': True}
2025-03-05 21:15:32,547 : EventManager : Event: ======'machine_var_master_volume'====== Args={'value': 0.5, 'prev_value': None, 'change': True}
2025-03-05 21:15:32,548 : EventManager : Event: ======'machine_var_mpf_version'====== Args={'value': 'Mission Pinball Framework v0.57.0', 'prev_value': None, 'change': True}
2025-03-05 21:15:32,548 : EventManager : Event: ======'machine_var_mpf_extended_version'====== Args={'value': 'Mission Pinball Framework v0.57.0, Config version:6, Show version: 6, BCP version:1.1', 'prev_value': None, 'change': True}
2025-03-05 21:15:32,548 : EventManager : Event: ======'machine_var_python_version'====== Args={'value': '3.11.0', 'prev_value': None, 'change': True}
2025-03-05 21:15:32,548 : EventManager : Event: ======'machine_var_platform'====== Args={'value': 'Windows-10-10.0.26100-SP0', 'prev_value': None, 'change': True}
2025-03-05 21:15:32,548 : EventManager : Event: ======'machine_var_platform_system'====== Args={'value': 'Windows', 'prev_value': None, 'change': True}
2025-03-05 21:15:32,548 : EventManager : Event: ======'machine_var_platform_release'====== Args={'value': '10', 'prev_value': None, 'change': True}
2025-03-05 21:15:32,548 : EventManager : Event: ======'machine_var_platform_version'====== Args={'value': '10.0.26100', 'prev_value': None, 'change': True}
2025-03-05 21:15:32,548 : EventManager : Event: ======'machine_var_platform_machine'====== Args={'value': 'AMD64', 'prev_value': None, 'change': True}
2025-03-05 21:15:32,548 : EventManager : Event: ======'machine_var_mc_version'====== Args={'value': 'MPF-MC v0.57.1', 'prev_value': None, 'change': True}
2025-03-05 21:15:32,548 : EventManager : Event: ======'machine_var_mc_extended_version'====== Args={'value': 'MPF-MC v0.57.1 (config_version=6, BCP v1.1,                      Requires MPF API compatibility v0.57.0 or newer)', 'prev_value': None, 'change': True}
2025-03-05 21:15:32,548 : SoundSystem : Setting master volume to 0.5
2025-03-05 21:15:32,548 : SoundSystem : Setting master volume to 0.5
2025-03-05 21:15:32,548 : SoundSystem : Setting master volume to 0.5
2025-03-05 21:15:32,548 : SoundSystem : Setting master volume to 0.5
2025-03-05 21:15:32,577 : mpfmc : Stopping...
2025-03-05 21:15:32,578 : EventManager : Event: ======'shutdown'====== Args={}
2025-03-05 21:15:32,578 : AudioInterface : Disabling audio playback
2025-03-05 21:15:32,731 : mpfmc : Loop rate 69.59 Hz
2025-03-05 21:15:32,732 : kivy : Base: Leaving application in progress...
2025-03-05 21:15:32,746 : mpfmc : Stopping...
2025-03-05 21:15:32,747 : EventManager : Event: ======'shutdown'====== Args={}
2025-03-05 21:15:32,748 : mpfmc : Loop rate 69.46 Hz
2025-03-05 21:15:32,749 : root : MC run loop ended.
2025-03-05 21:15:32,750 : root : Stopping child threads... (3 remaining)
2025-03-05 21:15:33,400 : MPF-MC BCP Server : Stopping BCP sending thread
2025-03-05 21:15:33,458 : root : All child threads stopped.
