2025-03-22 23:10:18,625 : INFO : root : Loading config.
2025-03-22 23:10:18,629 : INFO : YamlMultifileConfigLoader : Machine config file #1: config.yaml
2025-03-22 23:10:18,631 : INFO : ConfigProcessor : Loading config from cache: C:\Users\duffb\AppData\Local\Temp\cadfdee4981114acd6fff59d1071b59b.mpf_cache
2025-03-22 23:10:18,738 : INFO : ConfigProcessor : Loading config from cache: C:\Users\duffb\AppData\Local\Temp\ee7db1e8d011f44c876692bb4657f2e9.mpf_cache
2025-03-22 23:10:18,739 : INFO : ConfigProcessor : Loading config from cache: C:\Users\duffb\AppData\Local\Temp\9f058d482eac17116727d62a93500be7.mpf_cache
2025-03-22 23:10:18,740 : INFO : ConfigProcessor : Loading config from cache: C:\Users\duffb\AppData\Local\Temp\2c9362052ff91db960f514d041b7f4e4.mpf_cache
2025-03-22 23:10:18,741 : INFO : ConfigProcessor : Loading config from cache: C:\Users\duffb\AppData\Local\Temp\9e006ea23aa21ec68e01f6c49afad9f4.mpf_cache
2025-03-22 23:10:18,742 : INFO : ConfigProcessor : Loading config from cache: C:\Users\duffb\AppData\Local\Temp\fd253b339e263587268891c4dd997fbd.mpf_cache
2025-03-22 23:10:18,743 : INFO : ConfigProcessor : Loading config from cache: C:\Users\duffb\AppData\Local\Temp\c114ce798d07012a33b8b14d8f953bb7.mpf_cache
2025-03-22 23:10:18,744 : INFO : ConfigProcessor : Loading config from cache: C:\Users\duffb\AppData\Local\Temp\ef70c2e65c3659b77bacdd3a7a24b233.mpf_cache
2025-03-22 23:10:18,744 : INFO : ConfigProcessor : Loading config from cache: C:\Users\duffb\AppData\Local\Temp\ec6e376f0ea10a5fdf8f7130b4bbbe7c.mpf_cache
2025-03-22 23:10:18,746 : INFO : Machine : Mission Pinball Framework Core Engine v0.57.0
2025-03-22 23:10:18,746 : INFO : Machine : Command line arguments: {'no_load_cache': False, 'create_config_cache': True, 'bcp': True, 'configfile': ['config.yaml'], 'force_assets_load': False, 'platform_integration_test': False, 'jsonlogging': False, 'logfile': 'logs\\2025-03-22-23-10-18-mpf-T0SHIII.log', 'pause': False, 'production': False, 'text_ui': True, 'loglevel': 15, 'consoleloglevel': 20, 'force_platform': None, 'syslog_address': None, 'mc_file_name': None, 'no_sound': False}
2025-03-22 23:10:18,746 : INFO : Machine : MPF path: C:\Users\duffb\.pyenv\pyenv-win\versions\3.11.0\Lib\site-packages\mpf
2025-03-22 23:10:18,746 : INFO : Machine : Machine path: C:\Users\duffb\OneDrive\Documents\Python Envs\PinBallWW1\Machine
2025-03-22 23:10:18,746 : INFO : Machine : Platform: win32
2025-03-22 23:10:18,746 : INFO : Machine : Python executable location: C:\Users\duffb\.pyenv\pyenv-win\versions\3.11.0\python.exe
2025-03-22 23:10:18,746 : INFO : Machine : Python version: 3.11.0 (64-bit)
2025-03-22 23:10:18,749 : INFO : Machine : Initializing MPF...
2025-03-22 23:10:18,973 : INFO : EventManager : Event: ======'machine_var_credits_string'====== Args={'value': 'FREE PLAY', 'prev_value': None, 'change': True}
2025-03-22 23:10:19,033 : INFO : EventManager : Event: ======'machine_var_master_volume'====== Args={'value': 0.5, 'prev_value': None, 'change': True}
2025-03-22 23:10:19,033 : INFO : EventManager : Event: ======'machine_var_player1_score'====== Args={'value': 8000, 'prev_value': None, 'change': True}
2025-03-22 23:10:19,033 : INFO : EventManager : Event: ======'machine_var_player2_score'====== Args={'value': 1000, 'prev_value': None, 'change': True}
2025-03-22 23:10:19,033 : INFO : EventManager : Event: ======'machine_var_mpf_version'====== Args={'value': 'Mission Pinball Framework v0.57.0', 'prev_value': None, 'change': True}
2025-03-22 23:10:19,033 : INFO : EventManager : Event: ======'machine_var_mpf_extended_version'====== Args={'value': 'Mission Pinball Framework v0.57.0, Config version:6, Show version: 6, BCP version:1.1', 'prev_value': None, 'change': True}
2025-03-22 23:10:19,034 : INFO : EventManager : Event: ======'machine_var_python_version'====== Args={'value': '3.11.0', 'prev_value': None, 'change': True}
2025-03-22 23:10:19,052 : INFO : EventManager : Event: ======'machine_var_platform'====== Args={'value': 'Windows-10-10.0.26100-SP0', 'prev_value': None, 'change': True}
2025-03-22 23:10:19,052 : INFO : EventManager : Event: ======'machine_var_platform_system'====== Args={'value': 'Windows', 'prev_value': None, 'change': True}
2025-03-22 23:10:19,052 : INFO : EventManager : Event: ======'machine_var_platform_release'====== Args={'value': '10', 'prev_value': None, 'change': True}
2025-03-22 23:10:19,052 : INFO : EventManager : Event: ======'machine_var_platform_version'====== Args={'value': '10.0.26100', 'prev_value': None, 'change': True}
2025-03-22 23:10:19,052 : INFO : EventManager : Event: ======'machine_var_platform_machine'====== Args={'value': 'AMD64', 'prev_value': None, 'change': True}
2025-03-22 23:10:19,052 : INFO : EventManager : Event: ======'init_phase_1'====== Args={}
2025-03-22 23:10:19,081 : INFO : EventManager : Event: ======'init_phase_2'====== Args={}
2025-03-22 23:10:19,082 : INFO : SwitchController : Found active switch: ('3', <Platform.SmartVirtual>) <switch.s_trough1>
2025-03-22 23:10:19,082 : INFO : SwitchController : Found active switch: ('4', <Platform.SmartVirtual>) <switch.s_trough2>
2025-03-22 23:10:19,082 : INFO : SwitchController : Found active switch: ('5', <Platform.SmartVirtual>) <switch.s_trough3>
2025-03-22 23:10:19,084 : INFO : EventManager : Event: ======'bcp_connection_attempt'====== Args={'name': 'local_display', 'host': 'localhost', 'port': 5050}
2025-03-22 23:10:19,087 : INFO : BCPClientSocket : Connecting BCP to 'local_display' at localhost:5050...
2025-03-22 23:10:21,141 : INFO : BCPClientSocket : Connected BCP to 'local_display' localhost:5050
2025-03-22 23:10:21,144 : INFO : EventManager : Event: ======'bcp_clients_connected'====== Args={}
2025-03-22 23:10:21,421 : INFO : ball_device.bd_trough : BCH: Initial count: 3
2025-03-22 23:10:21,422 : INFO : EventManager : Event: ======'machine_var_mc_version'====== Args={'value': 'MPF-MC v0.57.1', 'prev_value': None, 'change': True}
2025-03-22 23:10:21,422 : INFO : EventManager : Event: ======'machine_var_mc_extended_version'====== Args={'value': 'MPF-MC v0.57.1 (config_version=6, BCP v1.1,                      Requires MPF API compatibility v0.57.0 or newer)', 'prev_value': None, 'change': True}
2025-03-22 23:10:21,425 : INFO : ball_device.bd_trough : State: idle
2025-03-22 23:10:21,482 : INFO : ball_device.bd_plunger_lane : BCH: Initial count: 0
2025-03-22 23:10:21,483 : INFO : ball_device.bd_plunger_lane : State: idle
2025-03-22 23:10:21,515 : INFO : EventManager : Event: ======'init_phase_3'====== Args={}
2025-03-22 23:10:21,525 : INFO : EventManager : Event: ======'init_phase_4'====== Args={}
2025-03-22 23:10:21,525 : INFO : BallController : Initial balls found: 3
2025-03-22 23:10:21,526 : INFO : EventManager : Event: ======'machine_var_audits_events_game_ended'====== Args={'value': 13, 'prev_value': None, 'change': True}
2025-03-22 23:10:21,527 : INFO : EventManager : Event: ======'machine_var_audits_events_game_started'====== Args={'value': 77, 'prev_value': None, 'change': True}
2025-03-22 23:10:21,527 : INFO : EventManager : Event: ======'machine_var_audits_missing_switches_s_Lane2'====== Args={'value': 5, 'prev_value': None, 'change': True}
2025-03-22 23:10:21,527 : INFO : EventManager : Event: ======'machine_var_audits_missing_switches_s_Lane3'====== Args={'value': 5, 'prev_value': None, 'change': True}
2025-03-22 23:10:21,527 : INFO : EventManager : Event: ======'machine_var_audits_missing_switches_s_Target1'====== Args={'value': 4, 'prev_value': None, 'change': True}
2025-03-22 23:10:21,527 : INFO : EventManager : Event: ======'machine_var_audits_missing_switches_s_Target2'====== Args={'value': 4, 'prev_value': None, 'change': True}
2025-03-22 23:10:21,527 : INFO : EventManager : Event: ======'machine_var_audits_missing_switches_s_Target3'====== Args={'value': 4, 'prev_value': None, 'change': True}
2025-03-22 23:10:21,527 : INFO : EventManager : Event: ======'machine_var_audits_missing_switches_s_Target4'====== Args={'value': 4, 'prev_value': None, 'change': True}
2025-03-22 23:10:21,527 : INFO : EventManager : Event: ======'machine_var_audits_missing_switches_s_drain'====== Args={'value': 6, 'prev_value': None, 'change': True}
2025-03-22 23:10:21,528 : INFO : EventManager : Event: ======'machine_var_audits_missing_switches_s_left_flipper'====== Args={'value': 25, 'prev_value': None, 'change': True}
2025-03-22 23:10:21,528 : INFO : EventManager : Event: ======'machine_var_audits_missing_switches_s_right_flipper'====== Args={'value': 25, 'prev_value': None, 'change': True}
2025-03-22 23:10:21,528 : INFO : EventManager : Event: ======'machine_var_audits_missing_switches_s_start_button'====== Args={'value': 12, 'prev_value': None, 'change': True}
2025-03-22 23:10:21,528 : INFO : EventManager : Event: ======'machine_var_audits_missing_switches_s_trough1'====== Args={'value': 30, 'prev_value': None, 'change': True}
2025-03-22 23:10:21,528 : INFO : EventManager : Event: ======'machine_var_audits_missing_switches_s_trough2'====== Args={'value': 33, 'prev_value': None, 'change': True}
2025-03-22 23:10:21,528 : INFO : EventManager : Event: ======'machine_var_audits_missing_switches_s_trough3'====== Args={'value': 37, 'prev_value': None, 'change': True}
2025-03-22 23:10:21,528 : INFO : EventManager : Event: ======'machine_var_audits_missing_switches_s_trough_enter'====== Args={'value': 32, 'prev_value': None, 'change': True}
2025-03-22 23:10:21,529 : INFO : EventManager : Event: ======'machine_var_audits_player_score'====== Args={'value': {'average': 124, 'top': [8000, 1000, 0, 0, 0, 0, 0, 0, 0, 0], 'total': 16}, 'prev_value': None, 'change': True}
2025-03-22 23:10:21,529 : INFO : EventManager : Event: ======'machine_var_audits_switches_s_Lane1'====== Args={'value': 47, 'prev_value': None, 'change': True}
2025-03-22 23:10:21,529 : INFO : EventManager : Event: ======'machine_var_audits_switches_s_Lane2'====== Args={'value': 26, 'prev_value': None, 'change': True}
2025-03-22 23:10:21,529 : INFO : EventManager : Event: ======'machine_var_audits_switches_s_Lane3'====== Args={'value': 24, 'prev_value': None, 'change': True}
2025-03-22 23:10:21,529 : INFO : EventManager : Event: ======'machine_var_audits_switches_s_Lane4'====== Args={'value': 31, 'prev_value': None, 'change': True}
2025-03-22 23:10:21,530 : INFO : EventManager : Event: ======'machine_var_audits_switches_s_Target1'====== Args={'value': 69, 'prev_value': None, 'change': True}
2025-03-22 23:10:21,530 : INFO : EventManager : Event: ======'machine_var_audits_switches_s_Target2'====== Args={'value': 62, 'prev_value': None, 'change': True}
2025-03-22 23:10:21,530 : INFO : EventManager : Event: ======'machine_var_audits_switches_s_Target3'====== Args={'value': 69, 'prev_value': None, 'change': True}
2025-03-22 23:10:21,530 : INFO : EventManager : Event: ======'machine_var_audits_switches_s_Target4'====== Args={'value': 58, 'prev_value': None, 'change': True}
2025-03-22 23:10:21,531 : INFO : EventManager : Event: ======'machine_var_audits_switches_s_drain'====== Args={'value': 0, 'prev_value': None, 'change': True}
2025-03-22 23:10:21,531 : INFO : EventManager : Event: ======'machine_var_audits_switches_s_launcher_button'====== Args={'value': 160, 'prev_value': None, 'change': True}
2025-03-22 23:10:21,531 : INFO : EventManager : Event: ======'machine_var_audits_switches_s_left_flipper'====== Args={'value': 103, 'prev_value': None, 'change': True}
2025-03-22 23:10:21,531 : INFO : EventManager : Event: ======'machine_var_audits_switches_s_playfield_entry'====== Args={'value': 213, 'prev_value': None, 'change': True}
2025-03-22 23:10:21,531 : INFO : EventManager : Event: ======'machine_var_audits_switches_s_plunger_lane'====== Args={'value': 161, 'prev_value': None, 'change': True}
2025-03-22 23:10:21,532 : INFO : EventManager : Event: ======'machine_var_audits_switches_s_pointTarget'====== Args={'value': 193, 'prev_value': None, 'change': True}
2025-03-22 23:10:21,532 : INFO : EventManager : Event: ======'machine_var_audits_switches_s_right_flipper'====== Args={'value': 95, 'prev_value': None, 'change': True}
2025-03-22 23:10:21,532 : INFO : EventManager : Event: ======'machine_var_audits_switches_s_start_button'====== Args={'value': 0, 'prev_value': None, 'change': True}
2025-03-22 23:10:21,532 : INFO : EventManager : Event: ======'machine_var_audits_switches_s_trough1'====== Args={'value': 109, 'prev_value': None, 'change': True}
2025-03-22 23:10:21,532 : INFO : EventManager : Event: ======'machine_var_audits_switches_s_trough2'====== Args={'value': 17, 'prev_value': None, 'change': True}
2025-03-22 23:10:21,532 : INFO : EventManager : Event: ======'machine_var_audits_switches_s_trough3'====== Args={'value': 14, 'prev_value': None, 'change': True}
2025-03-22 23:10:21,532 : INFO : EventManager : Event: ======'machine_var_audits_switches_s_trough_enter'====== Args={'value': 1, 'prev_value': None, 'change': True}
2025-03-22 23:10:21,533 : INFO : EventManager : Event: ======'init_phase_5'====== Args={}
2025-03-22 23:10:21,555 : INFO : EventManager : Event: ======'init_done'====== Args={}
2025-03-22 23:10:21,555 : INFO : EventManager : Event: ======'machine_reset_phase_1'====== Args={}
2025-03-22 23:10:21,694 : INFO : EventManager : Event: ======'slide_welcome_slide_removed'====== Args={'_from_bcp': True}
2025-03-22 23:10:21,696 : INFO : EventManager : Event: ======'slide_welcome_slide_created'====== Args={'_from_bcp': True}
2025-03-22 23:10:21,698 : INFO : EventManager : Event: ======'machine_reset_phase_2'====== Args={}
2025-03-22 23:10:21,698 : INFO : EventManager : Event: ======'machine_reset_phase_3'====== Args={}
2025-03-22 23:10:21,698 : INFO : EventManager : Event: ======'reset_complete'====== Args={}
2025-03-22 23:10:21,698 : INFO : EventManager : Event: ======'mode_attract_will_start'====== Args={}
2025-03-22 23:10:21,699 : INFO : EventManager : Event: ======'mode_attract_starting'====== Args={}
2025-03-22 23:10:21,699 : INFO : Mode.attract : Started. Priority: 10
2025-03-22 23:10:21,699 : INFO : EventManager : Event: ======'modes_active_modes_changed'====== Args={}
2025-03-22 23:10:21,699 : INFO : EventManager : Event: ======'mode_attract_started'====== Args={}
2025-03-22 23:10:21,700 : INFO : EventManager : Event: ======'cmd_flipper_disable'====== Args={'priority': 0}
2025-03-22 23:10:21,700 : INFO : EventManager : Event: ======'cmd_launcher_disable'====== Args={'priority': 0}
2025-03-22 23:10:21,700 : INFO : EventManager : Event: ======'collecting_balls_complete'====== Args={}
2025-03-22 23:10:21,733 : INFO : EventManager : Event: ======'slide_welcome_slide_active'====== Args={'_from_bcp': True}
2025-03-22 23:10:21,733 : INFO : EventManager : Event: ======'slide_ship_slide_created'====== Args={'_from_bcp': True}
2025-03-22 23:10:21,733 : INFO : EventManager : Event: ======'slide_ship_slide_active'====== Args={'_from_bcp': True}
2025-03-22 23:10:21,734 : INFO : Machine : Starting the main run loop.
2025-03-22 23:10:21,858 : INFO : BcpServer : New client connected.
2025-03-22 23:10:26,685 : INFO : EventManager : Event: ======'slide_starting_slide_created'====== Args={'_from_bcp': True}
2025-03-22 23:10:26,686 : INFO : EventManager : Event: ======'slide_starting_slide_active'====== Args={'_from_bcp': True}
2025-03-22 23:10:31,724 : INFO : EventManager : Event: ======'slide_company_slide_created'====== Args={'_from_bcp': True}
2025-03-22 23:10:31,734 : INFO : EventManager : Event: ======'slide_company_slide_active'====== Args={'_from_bcp': True}
2025-03-22 23:10:36,706 : INFO : EventManager : Event: ======'slide_lastgame_slide_created'====== Args={'_from_bcp': True}
2025-03-22 23:10:36,707 : INFO : EventManager : Event: ======'slide_lastgame_slide_active'====== Args={'_from_bcp': True}
2025-03-22 23:10:41,706 : INFO : EventManager : Event: ======'slide_ship_slide_removed'====== Args={'_from_bcp': True}
2025-03-22 23:10:41,715 : INFO : EventManager : Event: ======'slide_ship_slide_created'====== Args={'_from_bcp': True}
2025-03-22 23:10:41,718 : INFO : EventManager : Event: ======'slide_ship_slide_active'====== Args={'_from_bcp': True}
2025-03-22 23:10:46,697 : INFO : EventManager : Event: ======'slide_starting_slide_removed'====== Args={'_from_bcp': True}
2025-03-22 23:10:46,702 : INFO : EventManager : Event: ======'slide_starting_slide_created'====== Args={'_from_bcp': True}
2025-03-22 23:10:46,704 : INFO : EventManager : Event: ======'slide_starting_slide_active'====== Args={'_from_bcp': True}
2025-03-22 23:10:51,684 : INFO : EventManager : Event: ======'slide_company_slide_removed'====== Args={'_from_bcp': True}
2025-03-22 23:10:51,698 : INFO : EventManager : Event: ======'slide_company_slide_created'====== Args={'_from_bcp': True}
2025-03-22 23:10:51,700 : INFO : EventManager : Event: ======'slide_company_slide_active'====== Args={'_from_bcp': True}
2025-03-22 23:10:56,700 : INFO : EventManager : Event: ======'slide_lastgame_slide_removed'====== Args={'_from_bcp': True}
2025-03-22 23:10:56,715 : INFO : EventManager : Event: ======'slide_lastgame_slide_created'====== Args={'_from_bcp': True}
2025-03-22 23:10:56,716 : INFO : EventManager : Event: ======'slide_lastgame_slide_active'====== Args={'_from_bcp': True}
2025-03-22 23:11:01,684 : INFO : EventManager : Event: ======'slide_ship_slide_removed'====== Args={'_from_bcp': True}
2025-03-22 23:11:01,706 : INFO : EventManager : Event: ======'slide_ship_slide_created'====== Args={'_from_bcp': True}
2025-03-22 23:11:01,713 : INFO : EventManager : Event: ======'slide_ship_slide_active'====== Args={'_from_bcp': True}
2025-03-22 23:11:06,700 : INFO : EventManager : Event: ======'slide_starting_slide_removed'====== Args={'_from_bcp': True}
2025-03-22 23:11:06,712 : INFO : EventManager : Event: ======'slide_starting_slide_created'====== Args={'_from_bcp': True}
2025-03-22 23:11:06,713 : INFO : EventManager : Event: ======'slide_starting_slide_active'====== Args={'_from_bcp': True}
2025-03-22 23:11:10,849 : INFO : SwitchController : <<<<<<< 's_launcher_button' active >>>>>>>
2025-03-22 23:11:10,931 : INFO : SwitchController : <<<<<<< 's_launcher_button' inactive >>>>>>>
2025-03-22 23:11:11,064 : INFO : SwitchController : <<<<<<< 's_launcher_button' active >>>>>>>
2025-03-22 23:11:11,152 : INFO : SwitchController : <<<<<<< 's_launcher_button' inactive >>>>>>>
2025-03-22 23:11:11,351 : INFO : SwitchController : <<<<<<< 's_launcher_button' active >>>>>>>
2025-03-22 23:11:11,431 : INFO : SwitchController : <<<<<<< 's_launcher_button' inactive >>>>>>>
2025-03-22 23:11:11,587 : INFO : SwitchController : <<<<<<< 's_launcher_button' active >>>>>>>
2025-03-22 23:11:11,663 : INFO : SwitchController : <<<<<<< 's_launcher_button' inactive >>>>>>>
2025-03-22 23:11:11,728 : INFO : EventManager : Event: ======'slide_company_slide_removed'====== Args={'_from_bcp': True}
2025-03-22 23:11:11,742 : INFO : EventManager : Event: ======'slide_company_slide_created'====== Args={'_from_bcp': True}
2025-03-22 23:11:11,749 : INFO : EventManager : Event: ======'slide_company_slide_active'====== Args={'_from_bcp': True}
2025-03-22 23:11:11,844 : INFO : SwitchController : <<<<<<< 's_launcher_button' active >>>>>>>
2025-03-22 23:11:11,893 : INFO : SwitchController : <<<<<<< 's_launcher_button' inactive >>>>>>>
2025-03-22 23:11:12,063 : INFO : SwitchController : <<<<<<< 's_launcher_button' active >>>>>>>
2025-03-22 23:11:12,114 : INFO : SwitchController : <<<<<<< 's_launcher_button' inactive >>>>>>>
2025-03-22 23:11:16,688 : INFO : EventManager : Event: ======'slide_lastgame_slide_removed'====== Args={'_from_bcp': True}
2025-03-22 23:11:16,690 : INFO : EventManager : Event: ======'slide_lastgame_slide_created'====== Args={'_from_bcp': True}
2025-03-22 23:11:16,696 : INFO : EventManager : Event: ======'slide_lastgame_slide_active'====== Args={'_from_bcp': True}
2025-03-22 23:11:19,227 : INFO : SwitchController : <<<<<<< 's_start_button' active >>>>>>>
2025-03-22 23:11:19,264 : INFO : SwitchController : <<<<<<< 's_start_button' inactive >>>>>>>
2025-03-22 23:11:19,264 : INFO : EventManager : Event: ======'request_to_start_game'====== Args={}
2025-03-22 23:11:19,265 : INFO : EventManager : Event: ======'game_start'====== Args={'buttons': [], 'hold_time': 0.031000000002677552}
2025-03-22 23:11:19,266 : INFO : EventManager : Event: ======'mode_game_will_start'====== Args={'buttons': [], 'hold_time': 0.031000000002677552}
2025-03-22 23:11:19,266 : INFO : EventManager : Event: ======'mode_game_starting'====== Args={'buttons': [], 'hold_time': 0.031000000002677552}
2025-03-22 23:11:19,267 : INFO : EventManager : Event: ======'mode_attract_will_stop'====== Args={}
2025-03-22 23:11:19,267 : INFO : EventManager : Event: ======'mode_attract_stopping'====== Args={}
2025-03-22 23:11:19,267 : INFO : Mode.attract : Stopped.
2025-03-22 23:11:19,267 : INFO : EventManager : Event: ======'modes_active_modes_changed'====== Args={}
2025-03-22 23:11:19,267 : INFO : EventManager : Event: ======'mode_attract_stopped'====== Args={}
2025-03-22 23:11:19,268 : INFO : EventManager : Event: ======'clear'====== Args={'key': 'attract'}
2025-03-22 23:11:19,268 : INFO : Mode.game : Started. Priority: 20
2025-03-22 23:11:19,268 : INFO : EventManager : Event: ======'modes_active_modes_changed'====== Args={}
2025-03-22 23:11:19,268 : INFO : EventManager : Event: ======'mode_game_started'====== Args={'buttons': [], 'hold_time': 0.031000000002677552}
2025-03-22 23:11:19,277 : INFO : EventManager : Event: ======'game_will_start'====== Args={}
2025-03-22 23:11:19,279 : INFO : EventManager : Event: ======'game_starting'====== Args={'game': <Mode.game>}
2025-03-22 23:11:19,280 : INFO : EventManager : Unordered handler for class <Auditor> on event game_ended with priority 1. Handlers: [RegisteredHandler(callback=<bound method Auditor.disable of <Auditor>>, priority=1, kwargs={}, key=UUID('8dd1a1f7-4bc3-4a21-823d-caf3d9be4eb1'), condition=None, blocking_facility=None), RegisteredHandler(callback=<bound method Auditor._save_audits of <Auditor>>, priority=1, kwargs={}, key=UUID('1a404d40-ba68-4abd-8560-a58f9888c23a'), condition=None, blocking_facility=None)]. The order of those handlers is not defined and they will be executed in random order. This might lead to race conditions and potential bugs.
2025-03-22 23:11:19,280 : INFO : EventManager : Event: ======'player_add_request'====== Args={}
2025-03-22 23:11:19,280 : INFO : EventManager : Event: ======'player_will_add'====== Args={'number': 1}
2025-03-22 23:11:19,282 : INFO : EventManager : Event: ======'player_adding'====== Args={'player': <Player 1>, 'number': 1}
2025-03-22 23:11:19,282 : INFO : EventManager : Event: ======'player_added'====== Args={'player': <Player 1>, 'num': 1}
2025-03-22 23:11:19,282 : INFO : Mode.game : Player added successfully. Total players: 1
2025-03-22 23:11:19,283 : INFO : EventManager : Event: ======'player_index'====== Args={'value': 0, 'prev_value': 0, 'change': 0, 'player_num': 1}
2025-03-22 23:11:19,283 : INFO : EventManager : Event: ======'player_number'====== Args={'value': 1, 'prev_value': 1, 'change': 0, 'player_num': 1}
2025-03-22 23:11:19,283 : INFO : EventManager : Event: ======'player_score'====== Args={'value': 0, 'prev_value': 0, 'change': 0, 'player_num': 1}
2025-03-22 23:11:19,284 : INFO : EventManager : Event: ======'game_started'====== Args={}
2025-03-22 23:11:19,299 : INFO : EventManager : Event: ======'player_turn_will_start'====== Args={'player': <Player 1>, 'number': 1}
2025-03-22 23:11:19,304 : INFO : EventManager : Event: ======'slide_ship_slide_removed'====== Args={'_from_bcp': True}
2025-03-22 23:11:19,305 : INFO : EventManager : Event: ======'slide_starting_slide_removed'====== Args={'_from_bcp': True}
2025-03-22 23:11:19,306 : INFO : EventManager : Event: ======'slide_company_slide_removed'====== Args={'_from_bcp': True}
2025-03-22 23:11:19,307 : INFO : EventManager : Event: ======'slide_lastgame_slide_removed'====== Args={'_from_bcp': True}
2025-03-22 23:11:19,307 : INFO : EventManager : Event: ======'slide_welcome_slide_active'====== Args={'_from_bcp': True}
2025-03-22 23:11:19,308 : INFO : EventManager : Event: ======'player_turn_starting'====== Args={'player': <Player 1>, 'number': 1}
2025-03-22 23:11:19,308 : INFO : EventManager : Event: ======'player_ball'====== Args={'value': 1, 'prev_value': 0, 'change': 1, 'player_num': 1}
2025-03-22 23:11:19,309 : INFO : EventManager : Event: ======'player_turn_started'====== Args={'player': <Player 1>, 'number': 1}
2025-03-22 23:11:19,312 : INFO : EventManager : Event: ======'ball_will_start'====== Args={'player': 1, 'ball': 1, 'balls_remaining': 2, 'is_extra_ball': False}
2025-03-22 23:11:19,326 : INFO : EventManager : Event: ======'ball_starting'====== Args={'player': 1, 'ball': 1, 'balls_remaining': 2, 'is_extra_ball': False}
2025-03-22 23:11:19,327 : INFO : EventManager : Event: ======'balls_in_play'====== Args={'balls': 1}
2025-03-22 23:11:19,327 : INFO : EventManager : Event: ======'ball_started'====== Args={'player': 1, 'ball': 1, 'balls_remaining': 2, 'is_extra_ball': False}
2025-03-22 23:11:19,327 : INFO : EventManager : Event: ======'mode_intro_will_start'====== Args={'player': 1, 'ball': 1, 'balls_remaining': 2, 'is_extra_ball': False}
2025-03-22 23:11:19,328 : INFO : EventManager : Event: ======'mode_intro_starting'====== Args={'player': 1, 'ball': 1, 'balls_remaining': 2, 'is_extra_ball': False}
2025-03-22 23:11:19,328 : INFO : Mode.intro : Started. Priority: 200
2025-03-22 23:11:19,328 : INFO : EventManager : Event: ======'modes_active_modes_changed'====== Args={}
2025-03-22 23:11:19,328 : INFO : EventManager : Event: ======'mode_intro_started'====== Args={'player': 1, 'ball': 1, 'balls_remaining': 2, 'is_extra_ball': False}
2025-03-22 23:11:19,330 : INFO : EventManager : Event: ======'single_player_ball_started'====== Args={}
2025-03-22 23:11:19,365 : INFO : EventManager : Event: ======'ball_start_target'====== Args={'target': 'playfield'}
2025-03-22 23:11:19,366 : INFO : EventManager : Event: ======'slide_objective_slide_created'====== Args={'_from_bcp': True}
2025-03-22 23:11:19,366 : INFO : EventManager : Event: ======'slide_objective_slide_active'====== Args={'_from_bcp': True}
2025-03-22 23:11:19,367 : INFO : ball_device.bd_plunger_lane : Setting up player-controlled eject. Balls: 1, Target: <playfield.playfield>, player_controlled_eject_event: s_launcher_button_active{mode.base.active}
2025-03-22 23:11:19,367 : INFO : EventManager : Event: ======'balldevice_balls_available'====== Args={}
2025-03-22 23:11:19,368 : INFO : ball_device.bd_trough : State: waiting_for_target_ready
2025-03-22 23:11:19,368 : INFO : EventManager : Event: ======'balldevice_bd_trough_ball_eject_attempt'====== Args={'balls': 1, 'target': <ball_device.bd_plunger_lane>, 'source': <ball_device.bd_trough>, 'mechanical_eject': True, 'num_attempts': 0}
2025-03-22 23:11:19,368 : INFO : ball_device.bd_plunger_lane : State: waiting_for_ball
2025-03-22 23:11:19,368 : INFO : ball_device.bd_trough : State: ejecting
2025-03-22 23:11:19,369 : INFO : ball_device.bd_trough : Ejecting ball to <ball_device.bd_plunger_lane>
2025-03-22 23:11:19,369 : INFO : EventManager : Event: ======'balldevice_bd_trough_ejecting_ball'====== Args={'balls': 1, 'target': <ball_device.bd_plunger_lane>, 'source': <ball_device.bd_trough>, 'mechanical_eject': True, 'num_attempts': 0}
2025-03-22 23:11:19,369 : INFO : ball_device.bd_trough : Wait for ball to leave device
2025-03-22 23:11:19,370 : INFO : coil.c_trough_release : Pulsing Driver for 20ms (1.0 pulse_power)
2025-03-22 23:11:19,370 : INFO : SwitchController : <<<<<<< 's_trough1' inactive >>>>>>>
2025-03-22 23:11:19,375 : INFO : ball_device.bd_trough : State: ball_left
2025-03-22 23:11:19,376 : INFO : ball_device.bd_trough : Ball left
2025-03-22 23:11:19,376 : INFO : ball_device.bd_trough : Wait for confirm with timeout 3.0
2025-03-22 23:11:19,467 : INFO : SwitchController : <<<<<<< 's_plunger_lane' active >>>>>>>
2025-03-22 23:11:19,468 : INFO : EventManager : Event: ======'machine_var_audits_switches_s_plunger_lane'====== Args={'value': 162, 'prev_value': 161, 'change': 1}
2025-03-22 23:11:19,982 : INFO : ball_device.bd_plunger_lane : Received ball from <ball_device.bd_trough>
2025-03-22 23:11:19,983 : INFO : EventManager : Event: ======'balldevice_bd_plunger_lane_ball_enter'====== Args={'new_balls': 1, 'unclaimed_balls': 0, 'new_available_balls': 0, 'device': <ball_device.bd_plunger_lane>}
2025-03-22 23:11:19,985 : INFO : EventManager : Event: ======'balldevice_bd_plunger_lane_ball_entered'====== Args={'new_balls': 0, 'device': <ball_device.bd_plunger_lane>}
2025-03-22 23:11:19,986 : INFO : EventManager : Event: ======'balldevice_bd_plunger_lane_ball_count_changed'====== Args={'balls': 1}
2025-03-22 23:11:19,986 : INFO : ball_device.bd_trough : Got eject confirm
2025-03-22 23:11:19,986 : INFO : ball_device.bd_trough : Eject successful
2025-03-22 23:11:19,987 : INFO : EventManager : Event: ======'balldevice_bd_trough_ball_eject_success'====== Args={'balls': 1, 'target': <ball_device.bd_plunger_lane>}
2025-03-22 23:11:19,987 : INFO : EventManager : Event: ======'balldevice_bd_trough_ball_count_changed'====== Args={'balls': 2}
2025-03-22 23:11:19,988 : INFO : ball_device.bd_trough : State: idle
2025-03-22 23:11:19,988 : INFO : ball_device.bd_plunger_lane : State: waiting_for_target_ready
2025-03-22 23:11:19,989 : INFO : EventManager : Event: ======'balldevice_bd_plunger_lane_ball_eject_attempt'====== Args={'balls': 1, 'target': <playfield.playfield>, 'source': <ball_device.bd_plunger_lane>, 'mechanical_eject': True, 'num_attempts': 0}
2025-03-22 23:11:19,989 : INFO : ball_device.bd_plunger_lane : State: ejecting
2025-03-22 23:11:19,989 : INFO : ball_device.bd_plunger_lane : Ejecting ball to <playfield.playfield>
2025-03-22 23:11:19,989 : INFO : EventManager : Event: ======'balldevice_bd_plunger_lane_ejecting_ball'====== Args={'balls': 1, 'target': <playfield.playfield>, 'source': <ball_device.bd_plunger_lane>, 'mechanical_eject': True, 'num_attempts': 0}
2025-03-22 23:11:19,994 : INFO : ball_device.bd_plunger_lane : Wait for ball to leave device
2025-03-22 23:11:24,327 : INFO : EventManager : Event: ======'slide_objective_slide_removed'====== Args={'_from_bcp': True}
2025-03-22 23:11:24,340 : INFO : EventManager : Event: ======'slide_objective_slide_created'====== Args={'_from_bcp': True}
2025-03-22 23:11:24,342 : INFO : EventManager : Event: ======'slide_objective_slide_active'====== Args={'_from_bcp': True}
2025-03-22 23:11:29,319 : INFO : EventManager : Event: ======'slide_objective_slide_removed'====== Args={'_from_bcp': True}
2025-03-22 23:11:29,330 : INFO : EventManager : Event: ======'slide_objective_slide_created'====== Args={'_from_bcp': True}
2025-03-22 23:11:29,336 : INFO : EventManager : Event: ======'slide_objective_slide_active'====== Args={'_from_bcp': True}
2025-03-22 23:11:29,896 : INFO : SwitchController : <<<<<<< 's_launcher_button' active >>>>>>>
2025-03-22 23:11:29,897 : INFO : EventManager : Event: ======'s_launcher_button_active'====== Args={}
2025-03-22 23:11:29,898 : INFO : EventManager : Event: ======'machine_var_audits_switches_s_launcher_button'====== Args={'value': 161, 'prev_value': 160, 'change': 1}
2025-03-22 23:11:29,973 : INFO : SwitchController : <<<<<<< 's_launcher_button' inactive >>>>>>>
2025-03-22 23:11:30,100 : INFO : SwitchController : <<<<<<< 's_launcher_button' active >>>>>>>
2025-03-22 23:11:30,100 : INFO : EventManager : Event: ======'s_launcher_button_active'====== Args={}
2025-03-22 23:11:30,100 : INFO : EventManager : Event: ======'machine_var_audits_switches_s_launcher_button'====== Args={'value': 162, 'prev_value': 161, 'change': 1}
2025-03-22 23:11:30,207 : INFO : SwitchController : <<<<<<< 's_launcher_button' inactive >>>>>>>
2025-03-22 23:11:30,318 : INFO : SwitchController : <<<<<<< 's_launcher_button' active >>>>>>>
2025-03-22 23:11:30,318 : INFO : EventManager : Event: ======'s_launcher_button_active'====== Args={}
2025-03-22 23:11:30,318 : INFO : EventManager : Event: ======'machine_var_audits_switches_s_launcher_button'====== Args={'value': 163, 'prev_value': 162, 'change': 1}
2025-03-22 23:11:30,417 : INFO : SwitchController : <<<<<<< 's_launcher_button' inactive >>>>>>>
2025-03-22 23:11:30,534 : INFO : SwitchController : <<<<<<< 's_launcher_button' active >>>>>>>
2025-03-22 23:11:30,534 : INFO : EventManager : Event: ======'s_launcher_button_active'====== Args={}
2025-03-22 23:11:30,537 : INFO : EventManager : Event: ======'machine_var_audits_switches_s_launcher_button'====== Args={'value': 164, 'prev_value': 163, 'change': 1}
2025-03-22 23:11:30,607 : INFO : SwitchController : <<<<<<< 's_launcher_button' inactive >>>>>>>
2025-03-22 23:11:30,756 : INFO : SwitchController : <<<<<<< 's_launcher_button' active >>>>>>>
2025-03-22 23:11:30,756 : INFO : EventManager : Event: ======'s_launcher_button_active'====== Args={}
2025-03-22 23:11:30,757 : INFO : EventManager : Event: ======'machine_var_audits_switches_s_launcher_button'====== Args={'value': 165, 'prev_value': 164, 'change': 1}
2025-03-22 23:11:30,812 : INFO : SwitchController : <<<<<<< 's_launcher_button' inactive >>>>>>>
2025-03-22 23:11:30,976 : INFO : SwitchController : <<<<<<< 's_launcher_button' active >>>>>>>
2025-03-22 23:11:30,977 : INFO : EventManager : Event: ======'s_launcher_button_active'====== Args={}
2025-03-22 23:11:30,977 : INFO : EventManager : Event: ======'machine_var_audits_switches_s_launcher_button'====== Args={'value': 166, 'prev_value': 165, 'change': 1}
2025-03-22 23:11:31,041 : INFO : SwitchController : <<<<<<< 's_launcher_button' inactive >>>>>>>
2025-03-22 23:11:31,202 : INFO : SwitchController : <<<<<<< 's_launcher_button' active >>>>>>>
2025-03-22 23:11:31,202 : INFO : EventManager : Event: ======'s_launcher_button_active'====== Args={}
2025-03-22 23:11:31,202 : INFO : EventManager : Event: ======'machine_var_audits_switches_s_launcher_button'====== Args={'value': 167, 'prev_value': 166, 'change': 1}
2025-03-22 23:11:31,268 : INFO : SwitchController : <<<<<<< 's_launcher_button' inactive >>>>>>>
2025-03-22 23:11:31,508 : INFO : SwitchController : <<<<<<< 's_launcher_button' active >>>>>>>
2025-03-22 23:11:31,508 : INFO : EventManager : Event: ======'s_launcher_button_active'====== Args={}
2025-03-22 23:11:31,510 : INFO : EventManager : Event: ======'machine_var_audits_switches_s_launcher_button'====== Args={'value': 168, 'prev_value': 167, 'change': 1}
2025-03-22 23:11:31,602 : INFO : SwitchController : <<<<<<< 's_launcher_button' inactive >>>>>>>
2025-03-22 23:11:31,774 : INFO : SwitchController : <<<<<<< 's_launcher_button' active >>>>>>>
2025-03-22 23:11:31,774 : INFO : EventManager : Event: ======'s_launcher_button_active'====== Args={}
2025-03-22 23:11:31,775 : INFO : EventManager : Event: ======'machine_var_audits_switches_s_launcher_button'====== Args={'value': 169, 'prev_value': 168, 'change': 1}
2025-03-22 23:11:31,864 : INFO : SwitchController : <<<<<<< 's_launcher_button' inactive >>>>>>>
2025-03-22 23:11:34,319 : INFO : EventManager : Event: ======'Intro_end'====== Args={}
2025-03-22 23:11:34,323 : INFO : EventManager : Event: ======'mode_intro_will_stop'====== Args={}
2025-03-22 23:11:34,323 : INFO : EventManager : Event: ======'mode_intro_stopping'====== Args={}
2025-03-22 23:11:34,323 : INFO : Mode.intro : Stopped.
2025-03-22 23:11:34,323 : INFO : EventManager : Event: ======'modes_active_modes_changed'====== Args={}
2025-03-22 23:11:34,324 : INFO : EventManager : Event: ======'mode_intro_stopped'====== Args={}
2025-03-22 23:11:34,325 : INFO : EventManager : Event: ======'clear'====== Args={'key': 'intro'}
2025-03-22 23:11:34,325 : INFO : EventManager : Event: ======'mode_base_will_start'====== Args={}
2025-03-22 23:11:34,326 : INFO : EventManager : Event: ======'mode_base_starting'====== Args={}
2025-03-22 23:11:34,327 : INFO : Mode.base : Started. Priority: 100
2025-03-22 23:11:34,327 : INFO : EventManager : Event: ======'modes_active_modes_changed'====== Args={}
2025-03-22 23:11:34,330 : INFO : EventManager : Event: ======'mode_base_started'====== Args={}
2025-03-22 23:11:34,338 : INFO : EventManager : Event: ======'cmd_flipper_enable'====== Args={'priority': 0}
2025-03-22 23:11:34,338 : INFO : EventManager : Event: ======'cmd_launcher_enable'====== Args={'priority': 0}
2025-03-22 23:11:34,369 : INFO : EventManager : Event: ======'slide_objective_slide_removed'====== Args={'_from_bcp': True}
2025-03-22 23:11:34,372 : INFO : EventManager : Event: ======'slide_welcome_slide_active'====== Args={'_from_bcp': True}
2025-03-22 23:11:34,394 : INFO : EventManager : Event: ======'slide_base.slide_player-mode_base_started_created'====== Args={'_from_bcp': True}
2025-03-22 23:11:34,398 : INFO : EventManager : Event: ======'slide_base.slide_player-mode_base_started_active'====== Args={'_from_bcp': True}
