2025-03-22 23:04:00,559 : kivy : deps: Successfully imported "kivy_deps.gstreamer" 0.3.3
2025-03-22 23:04:00,559 : kivy : deps: Successfully imported "kivy_deps.angle" 0.3.3
2025-03-22 23:04:00,559 : kivy : deps: Successfully imported "kivy_deps.glew" 0.3.1
2025-03-22 23:04:00,559 : kivy : deps: Successfully imported "kivy_deps.sdl2" 0.6.0
2025-03-22 23:04:00,559 : kivy : Kivy: v2.2.1
2025-03-22 23:04:00,560 : kivy : Kivy: Installed at "C:\Users\duffb\.pyenv\pyenv-win\versions\3.11.0\Lib\site-packages\kivy\__init__.py"
2025-03-22 23:04:00,560 : kivy : Python: v3.11.0 (main, Oct 24 2022, 18:26:48) [MSC v.1933 64 bit (AMD64)]
2025-03-22 23:04:00,560 : kivy : Python: Interpreter at "C:\Users\duffb\.pyenv\pyenv-win\versions\3.11.0\python.exe"
2025-03-22 23:04:00,575 : kivy : Factory: 190 symbols loaded
2025-03-22 23:04:00,742 : kivy : ImageLoaderFFPy: Using ffpyplayer 4.5.1
2025-03-22 23:04:00,742 : kivy : Image: Providers: img_tex, img_dds, img_sdl2, img_pil, img_ffpyplayer 
2025-03-22 23:04:01,000 : kivy : VideoGstplayer: Using Gstreamer 1.18.5.0
2025-03-22 23:04:01,000 : kivy : Video: Provider: gstplayer
2025-03-22 23:04:01,061 : root : Loading MPF-MC controller
2025-03-22 23:04:01,082 : YamlMultifileConfigLoader : Machine config file #1: config
2025-03-22 23:04:01,083 : ConfigProcessor : Config file in cache changed: C:\Users\duffb\OneDrive\Documents\Python Envs\PinBallWW1\Machine\config\config
2025-03-22 23:04:01,083 : ConfigProcessor : Loading config from file C:\Users\duffb\.pyenv\pyenv-win\versions\3.11.0\Lib\site-packages\mpfmc\mcconfig.yaml.
2025-03-22 23:04:01,091 : ConfigProcessor : Loading config: C:\Users\duffb\.pyenv\pyenv-win\versions\3.11.0\Lib\site-packages\mpfmc\mcconfig.yaml
2025-03-22 23:04:01,091 : ConfigProcessor : Loading config from file C:\Users\duffb\OneDrive\Documents\Python Envs\PinBallWW1\Machine\config\config.
2025-03-22 23:04:01,097 : ConfigProcessor : Loading config: C:\Users\duffb\OneDrive\Documents\Python Envs\PinBallWW1\Machine\config\config
2025-03-22 23:04:01,098 : ConfigProcessor : Config file cache created: C:\Users\duffb\AppData\Local\Temp\de7a4651692d89380cb727f0a44dc491.mpf_cache
2025-03-22 23:04:01,099 : ConfigProcessor : Loading config from cache: C:\Users\duffb\AppData\Local\Temp\ee7db1e8d011f44c876692bb4657f2e9.mpf_cache
2025-03-22 23:04:01,099 : ConfigProcessor : Loading config from cache: C:\Users\duffb\AppData\Local\Temp\9f058d482eac17116727d62a93500be7.mpf_cache
2025-03-22 23:04:01,100 : ConfigProcessor : Loading config from cache: C:\Users\duffb\AppData\Local\Temp\2c9362052ff91db960f514d041b7f4e4.mpf_cache
2025-03-22 23:04:01,100 : ConfigProcessor : Loading config from cache: C:\Users\duffb\AppData\Local\Temp\9e006ea23aa21ec68e01f6c49afad9f4.mpf_cache
2025-03-22 23:04:01,100 : mpfmc : Mission Pinball Framework Media Controller (MPF-MC) v0.57.1. Requires MPF v0.57.0 or newer.
2025-03-22 23:04:01,101 : mpfmc : Found MPF v0.57.0
2025-03-22 23:04:01,101 : mpfmc : Machine path: C:\Users\duffb\OneDrive\Documents\Python Envs\PinBallWW1\Machine
2025-03-22 23:04:01,101 : mpfmc : Starting clock at 60.0Hz
2025-03-22 23:04:01,123 : kivy : Text: Provider: sdl2
2025-03-22 23:04:01,181 : kivy : Window: Provider: sdl2
2025-03-22 23:04:01,491 : kivy : GL: Using the "OpenGL" graphics system
2025-03-22 23:04:01,493 : kivy : GL: GLEW initialization succeeded
2025-03-22 23:04:01,493 : kivy : GL: Backend used <glew>
2025-03-22 23:04:01,493 : kivy : GL: OpenGL version <b'4.6.0 - Build 31.0.101.5592'>
2025-03-22 23:04:01,493 : kivy : GL: OpenGL vendor <b'Intel'>
2025-03-22 23:04:01,493 : kivy : GL: OpenGL renderer <b'Intel(R) UHD Graphics'>
2025-03-22 23:04:01,493 : kivy : GL: OpenGL parsed version: 4, 6
2025-03-22 23:04:01,494 : kivy : GL: Shading version <b'4.60 - Build 31.0.101.5592'>
2025-03-22 23:04:01,494 : kivy : GL: Texture max size <16384>
2025-03-22 23:04:01,494 : kivy : GL: Texture max units <32>
2025-03-22 23:04:01,531 : kivy : Window: auto add sdl2 input provider
2025-03-22 23:04:01,531 : kivy : Window: virtual keyboard not allowed, single mode, not docked
2025-03-22 23:04:01,949 : AudioInterface : Initialized
2025-03-22 23:04:01,949 : AudioInterface : Loaded SDL 2.26.4
2025-03-22 23:04:01,949 : AudioInterface : Loaded SDL_Mixer 2.6.3
2025-03-22 23:04:01,949 : AudioInterface : Loaded GStreamer 1.18.5.0
2025-03-22 23:04:01,949 : AudioInterface : Loaded GLib 2.62.6
2025-03-22 23:04:01,949 : AudioInterface : Settings requested - rate: 44100, channels: 1, buffer: 2048 samples
2025-03-22 23:04:01,949 : AudioInterface : Settings in use - rate: 44100, channels: 1, buffer: 2048 samples (4096 bytes @ 2 bytes per sample)
2025-03-22 23:04:01,949 : SoundSystem : Setting master volume to 0.0
2025-03-22 23:04:01,950 : AudioInterface : Enabling audio playback
2025-03-22 23:04:01,952 : kivy : Base: Start application main loop
2025-03-22 23:04:01,953 : EventManager : Event: ======'display_window_initialized'====== Args={}
2025-03-22 23:04:01,962 : mpfmc : Display: Setting 'window' as default display
2025-03-22 23:04:01,967 : EventManager : Event: ======'displays_initialized'====== Args={}
2025-03-22 23:04:01,967 : EventManager : Event: ======'slide_window_blank_created'====== Args={}
2025-03-22 23:04:01,968 : EventManager : Event: ======'display_window_ready'====== Args={}
2025-03-22 23:04:01,980 : EventManager : Event: ======'init_phase_1'====== Args={}
2025-03-22 23:04:01,982 : EventManager : Event: ======'mc_ready'====== Args={}
2025-03-22 23:04:01,982 : EventManager : Event: ======'init_phase_2'====== Args={}
2025-03-22 23:04:01,984 : EventManager : Event: ======'init_phase_3'====== Args={}
2025-03-22 23:04:01,987 : EventManager : Event: ======'init_phase_4'====== Args={}
2025-03-22 23:04:01,987 : EventManager : Event: ======'init_phase_5'====== Args={}
2025-03-22 23:04:02,020 : kivy : GL: NPOT texture support is available
2025-03-22 23:04:02,025 : EventManager : Event: ======'loading_assets'====== Args={'total': 5, 'loaded': 1, 'remaining': 4, 'percent': 20}
2025-03-22 23:04:02,026 : AssetManager : Loading assets: 1/5 (20%)
2025-03-22 23:04:02,042 : EventManager : Event: ======'loading_assets'====== Args={'total': 5, 'loaded': 5, 'remaining': 0, 'percent': 100}
2025-03-22 23:04:02,042 : AssetManager : Asset loading took: 0.09257984161376953
2025-03-22 23:04:02,042 : EventManager : Event: ======'asset_loading_complete'====== Args={}
2025-03-22 23:04:02,042 : AssetManager : Loading assets: 5/5 (100%)
2025-03-22 23:04:02,042 : EventManager : Event: ======'init_done'====== Args={}
2025-03-22 23:04:02,042 : MPF-MC BCP Server : Starting up on localhost port 5050
2025-03-22 23:04:02,053 : MPF-MC BCP Server : Waiting for a connection...
2025-03-22 23:04:02,058 : EventManager : Event: ======'slide_welcome_slide_created'====== Args={}
2025-03-22 23:04:02,060 : EventManager : Event: ======'slide_welcome_slide_active'====== Args={}
2025-03-22 23:04:02,070 : EventManager : Event: ======'client_disconnected'====== Args={'host': '127.0.0.1', 'port': 5050}
2025-03-22 23:04:02,778 : MPF-MC BCP Server : Received connection from: 127.0.0.1:50253
2025-03-22 23:04:02,784 : EventManager : Event: ======'client_connected'====== Args={'host': '127.0.0.1', 'port': 50253}
2025-03-22 23:04:03,234 : EventManager : Event: ======'machine_var_credits_string'====== Args={'value': 'FREE PLAY', 'prev_value': None, 'change': True}
2025-03-22 23:04:03,235 : EventManager : Event: ======'machine_var_master_volume'====== Args={'value': 0.5, 'prev_value': None, 'change': True}
2025-03-22 23:04:03,235 : EventManager : Event: ======'machine_var_player1_score'====== Args={'value': 8000, 'prev_value': None, 'change': True}
2025-03-22 23:04:03,235 : EventManager : Event: ======'machine_var_player2_score'====== Args={'value': 1000, 'prev_value': None, 'change': True}
2025-03-22 23:04:03,235 : EventManager : Event: ======'machine_var_mpf_version'====== Args={'value': 'Mission Pinball Framework v0.57.0', 'prev_value': None, 'change': True}
2025-03-22 23:04:03,235 : EventManager : Event: ======'machine_var_mpf_extended_version'====== Args={'value': 'Mission Pinball Framework v0.57.0, Config version:6, Show version: 6, BCP version:1.1', 'prev_value': None, 'change': True}
2025-03-22 23:04:03,235 : EventManager : Event: ======'machine_var_python_version'====== Args={'value': '3.11.0', 'prev_value': None, 'change': True}
2025-03-22 23:04:03,235 : EventManager : Event: ======'machine_var_platform'====== Args={'value': 'Windows-10-10.0.26100-SP0', 'prev_value': None, 'change': True}
2025-03-22 23:04:03,236 : EventManager : Event: ======'machine_var_platform_system'====== Args={'value': 'Windows', 'prev_value': None, 'change': True}
2025-03-22 23:04:03,236 : EventManager : Event: ======'machine_var_platform_release'====== Args={'value': '10', 'prev_value': None, 'change': True}
2025-03-22 23:04:03,236 : EventManager : Event: ======'machine_var_platform_version'====== Args={'value': '10.0.26100', 'prev_value': None, 'change': True}
2025-03-22 23:04:03,236 : EventManager : Event: ======'machine_var_platform_machine'====== Args={'value': 'AMD64', 'prev_value': None, 'change': True}
2025-03-22 23:04:03,236 : EventManager : Event: ======'machine_var_mc_version'====== Args={'value': 'MPF-MC v0.57.1', 'prev_value': None, 'change': True}
2025-03-22 23:04:03,236 : EventManager : Event: ======'machine_var_mc_extended_version'====== Args={'value': 'MPF-MC v0.57.1 (config_version=6, BCP v1.1,                      Requires MPF API compatibility v0.57.0 or newer)', 'prev_value': None, 'change': True}
2025-03-22 23:04:03,236 : EventManager : Event: ======'machine_var_credits_string'====== Args={'value': 'FREE PLAY', 'prev_value': None, 'change': True}
2025-03-22 23:04:03,236 : EventManager : Event: ======'machine_var_master_volume'====== Args={'value': 0.5, 'prev_value': None, 'change': True}
2025-03-22 23:04:03,236 : EventManager : Event: ======'machine_var_player1_score'====== Args={'value': 8000, 'prev_value': None, 'change': True}
2025-03-22 23:04:03,236 : EventManager : Event: ======'machine_var_player2_score'====== Args={'value': 1000, 'prev_value': None, 'change': True}
2025-03-22 23:04:03,236 : EventManager : Event: ======'machine_var_mpf_version'====== Args={'value': 'Mission Pinball Framework v0.57.0', 'prev_value': None, 'change': True}
2025-03-22 23:04:03,236 : EventManager : Event: ======'machine_var_mpf_extended_version'====== Args={'value': 'Mission Pinball Framework v0.57.0, Config version:6, Show version: 6, BCP version:1.1', 'prev_value': None, 'change': True}
2025-03-22 23:04:03,236 : EventManager : Event: ======'machine_var_python_version'====== Args={'value': '3.11.0', 'prev_value': None, 'change': True}
2025-03-22 23:04:03,236 : EventManager : Event: ======'machine_var_platform'====== Args={'value': 'Windows-10-10.0.26100-SP0', 'prev_value': None, 'change': True}
2025-03-22 23:04:03,237 : EventManager : Event: ======'machine_var_platform_system'====== Args={'value': 'Windows', 'prev_value': None, 'change': True}
2025-03-22 23:04:03,237 : EventManager : Event: ======'machine_var_platform_release'====== Args={'value': '10', 'prev_value': None, 'change': True}
2025-03-22 23:04:03,237 : EventManager : Event: ======'machine_var_platform_version'====== Args={'value': '10.0.26100', 'prev_value': None, 'change': True}
2025-03-22 23:04:03,237 : EventManager : Event: ======'machine_var_platform_machine'====== Args={'value': 'AMD64', 'prev_value': None, 'change': True}
2025-03-22 23:04:03,237 : EventManager : Event: ======'machine_var_mc_version'====== Args={'value': 'MPF-MC v0.57.1', 'prev_value': None, 'change': True}
2025-03-22 23:04:03,237 : EventManager : Event: ======'machine_var_mc_extended_version'====== Args={'value': 'MPF-MC v0.57.1 (config_version=6, BCP v1.1,                      Requires MPF API compatibility v0.57.0 or newer)', 'prev_value': None, 'change': True}
2025-03-22 23:04:03,237 : EventManager : Event: ======'machine_var_credits_string'====== Args={'value': 'FREE PLAY', 'prev_value': None, 'change': True}
2025-03-22 23:04:03,237 : EventManager : Event: ======'machine_var_master_volume'====== Args={'value': 0.5, 'prev_value': None, 'change': True}
2025-03-22 23:04:03,237 : EventManager : Event: ======'machine_var_player1_score'====== Args={'value': 8000, 'prev_value': None, 'change': True}
2025-03-22 23:04:03,237 : EventManager : Event: ======'machine_var_player2_score'====== Args={'value': 1000, 'prev_value': None, 'change': True}
2025-03-22 23:04:03,237 : EventManager : Event: ======'machine_var_mpf_version'====== Args={'value': 'Mission Pinball Framework v0.57.0', 'prev_value': None, 'change': True}
2025-03-22 23:04:03,237 : EventManager : Event: ======'machine_var_mpf_extended_version'====== Args={'value': 'Mission Pinball Framework v0.57.0, Config version:6, Show version: 6, BCP version:1.1', 'prev_value': None, 'change': True}
2025-03-22 23:04:03,237 : EventManager : Event: ======'machine_var_python_version'====== Args={'value': '3.11.0', 'prev_value': None, 'change': True}
2025-03-22 23:04:03,237 : EventManager : Event: ======'machine_var_platform'====== Args={'value': 'Windows-10-10.0.26100-SP0', 'prev_value': None, 'change': True}
2025-03-22 23:04:03,237 : EventManager : Event: ======'machine_var_platform_system'====== Args={'value': 'Windows', 'prev_value': None, 'change': True}
2025-03-22 23:04:03,237 : EventManager : Event: ======'machine_var_platform_release'====== Args={'value': '10', 'prev_value': None, 'change': True}
2025-03-22 23:04:03,237 : EventManager : Event: ======'machine_var_platform_version'====== Args={'value': '10.0.26100', 'prev_value': None, 'change': True}
2025-03-22 23:04:03,238 : EventManager : Event: ======'machine_var_platform_machine'====== Args={'value': 'AMD64', 'prev_value': None, 'change': True}
2025-03-22 23:04:03,238 : EventManager : Event: ======'machine_var_mc_version'====== Args={'value': 'MPF-MC v0.57.1', 'prev_value': None, 'change': True}
2025-03-22 23:04:03,238 : EventManager : Event: ======'machine_var_mc_extended_version'====== Args={'value': 'MPF-MC v0.57.1 (config_version=6, BCP v1.1,                      Requires MPF API compatibility v0.57.0 or newer)', 'prev_value': None, 'change': True}
2025-03-22 23:04:03,238 : EventManager : Event: ======'machine_var_credits_string'====== Args={'value': 'FREE PLAY', 'prev_value': None, 'change': True}
2025-03-22 23:04:03,238 : EventManager : Event: ======'machine_var_master_volume'====== Args={'value': 0.5, 'prev_value': None, 'change': True}
2025-03-22 23:04:03,238 : EventManager : Event: ======'machine_var_player1_score'====== Args={'value': 8000, 'prev_value': None, 'change': True}
2025-03-22 23:04:03,238 : EventManager : Event: ======'machine_var_player2_score'====== Args={'value': 1000, 'prev_value': None, 'change': True}
2025-03-22 23:04:03,238 : EventManager : Event: ======'machine_var_mpf_version'====== Args={'value': 'Mission Pinball Framework v0.57.0', 'prev_value': None, 'change': True}
2025-03-22 23:04:03,238 : EventManager : Event: ======'machine_var_mpf_extended_version'====== Args={'value': 'Mission Pinball Framework v0.57.0, Config version:6, Show version: 6, BCP version:1.1', 'prev_value': None, 'change': True}
2025-03-22 23:04:03,238 : EventManager : Event: ======'machine_var_python_version'====== Args={'value': '3.11.0', 'prev_value': None, 'change': True}
2025-03-22 23:04:03,238 : EventManager : Event: ======'machine_var_platform'====== Args={'value': 'Windows-10-10.0.26100-SP0', 'prev_value': None, 'change': True}
2025-03-22 23:04:03,238 : EventManager : Event: ======'machine_var_platform_system'====== Args={'value': 'Windows', 'prev_value': None, 'change': True}
2025-03-22 23:04:03,238 : EventManager : Event: ======'machine_var_platform_release'====== Args={'value': '10', 'prev_value': None, 'change': True}
2025-03-22 23:04:03,238 : EventManager : Event: ======'machine_var_platform_version'====== Args={'value': '10.0.26100', 'prev_value': None, 'change': True}
2025-03-22 23:04:03,238 : EventManager : Event: ======'machine_var_platform_machine'====== Args={'value': 'AMD64', 'prev_value': None, 'change': True}
2025-03-22 23:04:03,238 : EventManager : Event: ======'machine_var_mc_version'====== Args={'value': 'MPF-MC v0.57.1', 'prev_value': None, 'change': True}
2025-03-22 23:04:03,239 : EventManager : Event: ======'machine_var_mc_extended_version'====== Args={'value': 'MPF-MC v0.57.1 (config_version=6, BCP v1.1,                      Requires MPF API compatibility v0.57.0 or newer)', 'prev_value': None, 'change': True}
2025-03-22 23:04:03,239 : SoundSystem : Setting master volume to 0.5
2025-03-22 23:04:03,239 : SoundSystem : Setting master volume to 0.5
2025-03-22 23:04:03,239 : SoundSystem : Setting master volume to 0.5
2025-03-22 23:04:03,239 : SoundSystem : Setting master volume to 0.5
2025-03-22 23:04:03,361 : EventManager : Event: ======'machine_var_audits_events_game_ended'====== Args={'value': 13, 'prev_value': None, 'change': True}
2025-03-22 23:04:03,374 : EventManager : Event: ======'machine_var_audits_events_game_started'====== Args={'value': 75, 'prev_value': None, 'change': True}
2025-03-22 23:04:03,374 : EventManager : Event: ======'machine_var_audits_missing_switches_s_Lane1'====== Args={'value': 1, 'prev_value': None, 'change': True}
2025-03-22 23:04:03,374 : EventManager : Event: ======'machine_var_audits_missing_switches_s_Lane2'====== Args={'value': 3, 'prev_value': None, 'change': True}
2025-03-22 23:04:03,374 : EventManager : Event: ======'machine_var_audits_missing_switches_s_Lane3'====== Args={'value': 3, 'prev_value': None, 'change': True}
2025-03-22 23:04:03,374 : EventManager : Event: ======'machine_var_audits_missing_switches_s_Lane4'====== Args={'value': 2, 'prev_value': None, 'change': True}
2025-03-22 23:04:03,374 : EventManager : Event: ======'machine_var_audits_missing_switches_s_Target1'====== Args={'value': 2, 'prev_value': None, 'change': True}
2025-03-22 23:04:03,374 : EventManager : Event: ======'machine_var_audits_missing_switches_s_Target2'====== Args={'value': 2, 'prev_value': None, 'change': True}
2025-03-22 23:04:03,374 : EventManager : Event: ======'machine_var_audits_missing_switches_s_Target3'====== Args={'value': 2, 'prev_value': None, 'change': True}
2025-03-22 23:04:03,374 : EventManager : Event: ======'machine_var_audits_missing_switches_s_Target4'====== Args={'value': 2, 'prev_value': None, 'change': True}
2025-03-22 23:04:03,374 : EventManager : Event: ======'machine_var_audits_missing_switches_s_drain'====== Args={'value': 6, 'prev_value': None, 'change': True}
2025-03-22 23:04:03,374 : EventManager : Event: ======'machine_var_audits_missing_switches_s_launcher_button'====== Args={'value': 1, 'prev_value': None, 'change': True}
2025-03-22 23:04:03,374 : EventManager : Event: ======'machine_var_audits_missing_switches_s_left_flipper'====== Args={'value': 23, 'prev_value': None, 'change': True}
2025-03-22 23:04:03,374 : EventManager : Event: ======'machine_var_audits_missing_switches_s_playfield_entry'====== Args={'value': 1, 'prev_value': None, 'change': True}
2025-03-22 23:04:03,374 : EventManager : Event: ======'machine_var_audits_missing_switches_s_right_flipper'====== Args={'value': 23, 'prev_value': None, 'change': True}
2025-03-22 23:04:03,374 : EventManager : Event: ======'machine_var_audits_missing_switches_s_start_button'====== Args={'value': 10, 'prev_value': None, 'change': True}
2025-03-22 23:04:03,374 : EventManager : Event: ======'machine_var_audits_missing_switches_s_trough1'====== Args={'value': 28, 'prev_value': None, 'change': True}
2025-03-22 23:04:03,374 : EventManager : Event: ======'machine_var_audits_missing_switches_s_trough2'====== Args={'value': 31, 'prev_value': None, 'change': True}
2025-03-22 23:04:03,374 : EventManager : Event: ======'machine_var_audits_missing_switches_s_trough3'====== Args={'value': 35, 'prev_value': None, 'change': True}
2025-03-22 23:04:03,374 : EventManager : Event: ======'machine_var_audits_missing_switches_s_trough_enter'====== Args={'value': 30, 'prev_value': None, 'change': True}
2025-03-22 23:04:03,374 : EventManager : Event: ======'machine_var_audits_player_score'====== Args={'value': {'average': 124, 'top': [8000, 1000, 0, 0, 0, 0, 0, 0, 0, 0], 'total': 16}, 'prev_value': None, 'change': True}
2025-03-22 23:04:03,374 : EventManager : Event: ======'machine_var_audits_switches_s_Lane1'====== Args={'value': 39, 'prev_value': None, 'change': True}
2025-03-22 23:04:03,374 : EventManager : Event: ======'machine_var_audits_switches_s_Lane2'====== Args={'value': 26, 'prev_value': None, 'change': True}
2025-03-22 23:04:03,374 : EventManager : Event: ======'machine_var_audits_switches_s_Lane3'====== Args={'value': 24, 'prev_value': None, 'change': True}
2025-03-22 23:04:03,374 : EventManager : Event: ======'machine_var_audits_switches_s_Lane4'====== Args={'value': 28, 'prev_value': None, 'change': True}
2025-03-22 23:04:03,374 : EventManager : Event: ======'machine_var_audits_switches_s_Target1'====== Args={'value': 69, 'prev_value': None, 'change': True}
2025-03-22 23:04:03,374 : EventManager : Event: ======'machine_var_audits_switches_s_Target2'====== Args={'value': 62, 'prev_value': None, 'change': True}
2025-03-22 23:04:03,374 : EventManager : Event: ======'machine_var_audits_switches_s_Target3'====== Args={'value': 69, 'prev_value': None, 'change': True}
2025-03-22 23:04:03,374 : EventManager : Event: ======'machine_var_audits_switches_s_Target4'====== Args={'value': 58, 'prev_value': None, 'change': True}
2025-03-22 23:04:03,374 : EventManager : Event: ======'machine_var_audits_switches_s_drain'====== Args={'value': 0, 'prev_value': None, 'change': True}
2025-03-22 23:04:03,374 : EventManager : Event: ======'machine_var_audits_switches_s_launcher_button'====== Args={'value': 144, 'prev_value': None, 'change': True}
2025-03-22 23:04:03,374 : EventManager : Event: ======'machine_var_audits_switches_s_left_flipper'====== Args={'value': 103, 'prev_value': None, 'change': True}
2025-03-22 23:04:03,374 : EventManager : Event: ======'machine_var_audits_switches_s_playfield_entry'====== Args={'value': 211, 'prev_value': None, 'change': True}
2025-03-22 23:04:03,374 : EventManager : Event: ======'machine_var_audits_switches_s_plunger_lane'====== Args={'value': 159, 'prev_value': None, 'change': True}
2025-03-22 23:04:03,374 : EventManager : Event: ======'machine_var_audits_switches_s_pointTarget'====== Args={'value': 193, 'prev_value': None, 'change': True}
2025-03-22 23:04:03,374 : EventManager : Event: ======'machine_var_audits_switches_s_right_flipper'====== Args={'value': 95, 'prev_value': None, 'change': True}
2025-03-22 23:04:03,374 : EventManager : Event: ======'machine_var_audits_switches_s_start_button'====== Args={'value': 0, 'prev_value': None, 'change': True}
2025-03-22 23:04:03,374 : EventManager : Event: ======'machine_var_audits_switches_s_trough1'====== Args={'value': 109, 'prev_value': None, 'change': True}
2025-03-22 23:04:03,374 : EventManager : Event: ======'machine_var_audits_switches_s_trough2'====== Args={'value': 17, 'prev_value': None, 'change': True}
2025-03-22 23:04:03,375 : EventManager : Event: ======'machine_var_audits_switches_s_trough3'====== Args={'value': 14, 'prev_value': None, 'change': True}
2025-03-22 23:04:03,375 : EventManager : Event: ======'machine_var_audits_switches_s_trough_enter'====== Args={'value': 1, 'prev_value': None, 'change': True}
2025-03-22 23:04:03,398 : EventManager : Event: ======'slides_play'====== Args={'settings': {'welcome_slide': {'target': None, 'background_color': [0.0, 0.0, 0.0, 1.0], 'priority': None, 'show': True, 'force': False, 'expire': None, 'slide': None, 'tokens': {}, 'action': 'play'}}, 'context': '_global', 'calling_context': 'init_done', 'priority': 0}
2025-03-22 23:04:03,398 : EventManager : Event: ======'mc_reset_phase_1'====== Args={}
2025-03-22 23:04:03,399 : EventManager : Event: ======'slide_welcome_slide_removed'====== Args={}
2025-03-22 23:04:03,402 : EventManager : Event: ======'slide_welcome_slide_created'====== Args={}
2025-03-22 23:04:03,403 : EventManager : Event: ======'mc_reset_phase_2'====== Args={}
2025-03-22 23:04:03,403 : EventManager : Event: ======'mc_reset_phase_3'====== Args={}
2025-03-22 23:04:03,403 : EventManager : Event: ======'mc_reset_complete'====== Args={}
2025-03-22 23:04:03,403 : EventManager : Event: ======'slide_welcome_slide_active'====== Args={}
2025-03-22 23:04:03,407 : EventManager : Event: ======'slides_play'====== Args={'settings': {'ship_slide': {'widgets': [{'type': 'image', 'image': 'ship', '_default_settings': ['type', 'image'], 'x': None, 'y': None, 'anchor_x': 'center', 'anchor_y': 'center', 'round_anchor_x': None, 'round_anchor_y': None, 'opacity': 1.0, 'z': 0, 'reset_animations_events': {}, 'color': [1.0, 1.0, 1.0, 1.0], 'style': [], 'adjust_top': 0, 'adjust_bottom': 0, 'adjust_left': 0, 'adjust_right': 0, 'expire': None, 'key': None, 'widget': None, 'events_when_added': [], 'events_when_removed': [], 'fps': 10, 'loops': -1, 'auto_play': True, 'start_frame': 0, 'rotation': 0, 'scale': 1.0, 'animations': None}], 'target': None, 'background_color': [0.0, 0.0, 0.0, 1.0], 'priority': None, 'show': True, 'force': False, 'expire': None, 'slide': None, 'tokens': {}, 'action': 'play'}}, 'context': 'show_2', 'calling_context': 0, 'priority': 10, 'show_tokens': {}, 'start_time': 87070.375}
2025-03-22 23:04:03,407 : EventManager : Event: ======'sounds_play'====== Args={'settings': {'main': {'action': 'play', 'priority': None, 'block': False, 'delay': None, 'track': None, 'volume': None, 'ducking': {}, 'pan': None, 'loops': None, 'start_at': None, 'fade_in': None, 'fade_out': None, 'about_to_finish_time': -1.0, 'max_queue_time': -1.0, 'events_when_played': ['use_sound_setting'], 'events_when_stopped': ['use_sound_setting'], 'events_when_looping': ['use_sound_setting'], 'events_when_about_to_finish': ['use_sound_setting'], 'mode_end_action': 'use_sound_setting', 'key': 'use_sound_setting'}}, 'context': '_global', 'calling_context': 'mode_attract_started', 'priority': 0}
2025-03-22 23:04:03,410 : EventManager : Event: ======'slide_ship_slide_created'====== Args={}
2025-03-22 23:04:03,411 : EventManager : Event: ======'slide_ship_slide_active'====== Args={}
2025-03-22 23:04:03,448 : EventManager : Event: ======'loading_assets'====== Args={'total': 1, 'loaded': 1, 'remaining': 0, 'percent': 100}
2025-03-22 23:04:03,448 : AssetManager : Asset loading took: 1.498401403427124
2025-03-22 23:04:03,448 : EventManager : Event: ======'asset_loading_complete'====== Args={}
2025-03-22 23:04:03,448 : AssetManager : Loading assets: 1/1 (100%)
2025-03-22 23:04:04,578 : kivy : WindowSDL: Window is now on display 1
2025-03-22 23:04:08,424 : EventManager : Event: ======'slides_play'====== Args={'settings': {'starting_slide': {'widgets': [{'type': 'image', 'image': 'start', 'animations': {'pre_show_slide': [{'property': ['opacity'], 'value': ['0'], 'duration': 0.5, 'relative': False, 'timing': 'after_previous', 'repeat': False, 'easing': 'linear', 'step': 0.0}, {'property': ['opacity'], 'value': ['1'], 'duration': 0.5, 'repeat': True, 'relative': False, 'timing': 'after_previous', 'easing': 'linear', 'step': 0.0}]}, '_default_settings': ['type', 'image', 'animations'], 'x': None, 'y': None, 'anchor_x': 'center', 'anchor_y': 'center', 'round_anchor_x': None, 'round_anchor_y': None, 'opacity': 1.0, 'z': 0, 'reset_animations_events': {}, 'color': [1.0, 1.0, 1.0, 1.0], 'style': [], 'adjust_top': 0, 'adjust_bottom': 0, 'adjust_left': 0, 'adjust_right': 0, 'expire': None, 'key': None, 'widget': None, 'events_when_added': [], 'events_when_removed': [], 'fps': 10, 'loops': -1, 'auto_play': True, 'start_frame': 0, 'rotation': 0, 'scale': 1.0}, {'type': 'image', 'image': 'start_game', '_default_settings': ['type', 'image'], 'x': None, 'y': None, 'anchor_x': 'center', 'anchor_y': 'center', 'round_anchor_x': None, 'round_anchor_y': None, 'opacity': 1.0, 'z': 0, 'reset_animations_events': {}, 'color': [1.0, 1.0, 1.0, 1.0], 'style': [], 'adjust_top': 0, 'adjust_bottom': 0, 'adjust_left': 0, 'adjust_right': 0, 'expire': None, 'key': None, 'widget': None, 'events_when_added': [], 'events_when_removed': [], 'fps': 10, 'loops': -1, 'auto_play': True, 'start_frame': 0, 'rotation': 0, 'scale': 1.0, 'animations': None}], 'transition': {'type': 'push', 'duration': 1.0, 'direction': 'left', 'easing': 'out_quad'}, 'target': None, 'background_color': [0.0, 0.0, 0.0, 1.0], 'priority': None, 'show': True, 'force': False, 'expire': None, 'slide': None, 'tokens': {}, 'action': 'play'}}, 'context': 'show_2', 'calling_context': 1, 'priority': 10, 'show_tokens': {}, 'start_time': 87075.375}
2025-03-22 23:04:08,446 : EventManager : Event: ======'slide_starting_slide_created'====== Args={}
2025-03-22 23:04:08,454 : EventManager : Event: ======'slide_starting_slide_active'====== Args={}
2025-03-22 23:04:13,413 : EventManager : Event: ======'slides_play'====== Args={'settings': {'company_slide': {'widgets': [{'type': 'image', 'image': 'company', '_default_settings': ['type', 'image'], 'x': None, 'y': None, 'anchor_x': 'center', 'anchor_y': 'center', 'round_anchor_x': None, 'round_anchor_y': None, 'opacity': 1.0, 'z': 0, 'reset_animations_events': {}, 'color': [1.0, 1.0, 1.0, 1.0], 'style': [], 'adjust_top': 0, 'adjust_bottom': 0, 'adjust_left': 0, 'adjust_right': 0, 'expire': None, 'key': None, 'widget': None, 'events_when_added': [], 'events_when_removed': [], 'fps': 10, 'loops': -1, 'auto_play': True, 'start_frame': 0, 'rotation': 0, 'scale': 1.0, 'animations': None}, {'type': 'text', 'text': '(machine|player1_score)', 'number_grouping': True, 'min_digits': 2, 'font_size': 50, 'y': '40%', '_default_settings': ['type', 'text', 'number_grouping', 'min_digits', 'font_size', 'y'], 'x': None, 'anchor_x': 'center', 'anchor_y': 'center', 'round_anchor_x': None, 'round_anchor_y': None, 'opacity': 1.0, 'z': 0, 'reset_animations_events': {}, 'color': [1.0, 1.0, 1.0, 1.0], 'style': [], 'adjust_top': 0, 'adjust_bottom': 0, 'adjust_left': 0, 'adjust_right': 0, 'expire': None, 'key': None, 'widget': None, 'events_when_added': [], 'events_when_removed': [], 'bitmap_font': False, 'font_kerning': True, 'bold': False, 'italic': False, 'halign': 'center', 'valign': 'middle', 'rotation': 0, 'scale': 1.0, 'casing': None, 'outline_color': [1.0, 1.0, 1.0, 1.0], 'outline_width': 0, 'animations': None}], 'transition': {'type': 'move_in', 'duration': 1.0, 'direction': 'right', 'easing': 'out_quad'}, 'target': None, 'background_color': [0.0, 0.0, 0.0, 1.0], 'priority': None, 'show': True, 'force': False, 'expire': None, 'slide': None, 'tokens': {}, 'action': 'play'}}, 'context': 'show_2', 'calling_context': 2, 'priority': 10, 'show_tokens': {}, 'start_time': 87080.375}
2025-03-22 23:04:13,424 : EventManager : Event: ======'slide_company_slide_created'====== Args={}
2025-03-22 23:04:13,424 : EventManager : Unordered handler for class <Text Widget text=8,000> on event machine_var_player1_score with priority 1. Handlers: [RegisteredHandler(callback=<bound method Text._machine_var_change of <Text Widget text=8,000>>, priority=1, kwargs={}, key=UUID('ecad2d61-8c5b-420c-bd21-627b362ddecb'), condition=None, blocking_facility=None), RegisteredHandler(callback=<bound method Text._machine_var_change of <Text Widget text=8,000>>, priority=1, kwargs={}, key=UUID('c752e8d3-117f-404a-bc98-43c6d5cc3c56'), condition=None, blocking_facility=None)]. The order of those handlers is not defined and they will be executed in random order. This might lead to race conditions and potential bugs.
2025-03-22 23:04:13,428 : EventManager : Event: ======'slide_company_slide_active'====== Args={}
2025-03-22 23:04:18,421 : EventManager : Event: ======'slides_play'====== Args={'settings': {'lastgame_slide': {'widgets': [{'type': 'image', 'image': 'last_game', '_default_settings': ['type', 'image'], 'x': None, 'y': None, 'anchor_x': 'center', 'anchor_y': 'center', 'round_anchor_x': None, 'round_anchor_y': None, 'opacity': 1.0, 'z': 0, 'reset_animations_events': {}, 'color': [1.0, 1.0, 1.0, 1.0], 'style': [], 'adjust_top': 0, 'adjust_bottom': 0, 'adjust_left': 0, 'adjust_right': 0, 'expire': None, 'key': None, 'widget': None, 'events_when_added': [], 'events_when_removed': [], 'fps': 10, 'loops': -1, 'auto_play': True, 'start_frame': 0, 'rotation': 0, 'scale': 1.0, 'animations': None}], 'transition': {'type': 'move_in', 'duration': 1.0, 'direction': 'top', 'easing': 'out_quad'}, 'target': None, 'background_color': [0.0, 0.0, 0.0, 1.0], 'priority': None, 'show': True, 'force': False, 'expire': None, 'slide': None, 'tokens': {}, 'action': 'play'}}, 'context': 'show_2', 'calling_context': 3, 'priority': 10, 'show_tokens': {}, 'start_time': 87085.375}
2025-03-22 23:04:18,422 : EventManager : Event: ======'slide_lastgame_slide_created'====== Args={}
2025-03-22 23:04:18,422 : EventManager : Event: ======'slide_lastgame_slide_active'====== Args={}
2025-03-22 23:04:23,420 : EventManager : Event: ======'slides_play'====== Args={'settings': {'ship_slide': {'widgets': [{'type': 'image', 'image': 'ship', '_default_settings': ['type', 'image'], 'x': None, 'y': None, 'anchor_x': 'center', 'anchor_y': 'center', 'round_anchor_x': None, 'round_anchor_y': None, 'opacity': 1.0, 'z': 0, 'reset_animations_events': {}, 'color': [1.0, 1.0, 1.0, 1.0], 'style': [], 'adjust_top': 0, 'adjust_bottom': 0, 'adjust_left': 0, 'adjust_right': 0, 'expire': None, 'key': None, 'widget': None, 'events_when_added': [], 'events_when_removed': [], 'fps': 10, 'loops': -1, 'auto_play': True, 'start_frame': 0, 'rotation': 0, 'scale': 1.0, 'animations': None}], 'target': None, 'background_color': [0.0, 0.0, 0.0, 1.0], 'priority': None, 'show': True, 'force': False, 'expire': None, 'slide': None, 'tokens': {}, 'action': 'play'}}, 'context': 'show_2', 'calling_context': 0, 'priority': 10, 'show_tokens': {}, 'start_time': 87090.375}
2025-03-22 23:04:23,421 : EventManager : Event: ======'slide_ship_slide_removed'====== Args={}
2025-03-22 23:04:23,427 : EventManager : Event: ======'slide_ship_slide_created'====== Args={}
2025-03-22 23:04:23,431 : EventManager : Event: ======'slide_ship_slide_active'====== Args={}
2025-03-22 23:04:28,404 : EventManager : Event: ======'slides_play'====== Args={'settings': {'starting_slide': {'widgets': [{'type': 'image', 'image': 'start', 'animations': {'pre_show_slide': [{'property': ['opacity'], 'value': ['0'], 'duration': 0.5, 'relative': False, 'timing': 'after_previous', 'repeat': False, 'easing': 'linear', 'step': 0.0}, {'property': ['opacity'], 'value': ['1'], 'duration': 0.5, 'repeat': True, 'relative': False, 'timing': 'after_previous', 'easing': 'linear', 'step': 0.0}]}, '_default_settings': ['type', 'image', 'animations'], 'x': None, 'y': None, 'anchor_x': 'center', 'anchor_y': 'center', 'round_anchor_x': None, 'round_anchor_y': None, 'opacity': 1.0, 'z': 0, 'reset_animations_events': {}, 'color': [1.0, 1.0, 1.0, 1.0], 'style': [], 'adjust_top': 0, 'adjust_bottom': 0, 'adjust_left': 0, 'adjust_right': 0, 'expire': None, 'key': None, 'widget': None, 'events_when_added': [], 'events_when_removed': [], 'fps': 10, 'loops': -1, 'auto_play': True, 'start_frame': 0, 'rotation': 0, 'scale': 1.0}, {'type': 'image', 'image': 'start_game', '_default_settings': ['type', 'image'], 'x': None, 'y': None, 'anchor_x': 'center', 'anchor_y': 'center', 'round_anchor_x': None, 'round_anchor_y': None, 'opacity': 1.0, 'z': 0, 'reset_animations_events': {}, 'color': [1.0, 1.0, 1.0, 1.0], 'style': [], 'adjust_top': 0, 'adjust_bottom': 0, 'adjust_left': 0, 'adjust_right': 0, 'expire': None, 'key': None, 'widget': None, 'events_when_added': [], 'events_when_removed': [], 'fps': 10, 'loops': -1, 'auto_play': True, 'start_frame': 0, 'rotation': 0, 'scale': 1.0, 'animations': None}], 'transition': {'type': 'push', 'duration': 1.0, 'direction': 'left', 'easing': 'out_quad'}, 'target': None, 'background_color': [0.0, 0.0, 0.0, 1.0], 'priority': None, 'show': True, 'force': False, 'expire': None, 'slide': None, 'tokens': {}, 'action': 'play'}}, 'context': 'show_2', 'calling_context': 1, 'priority': 10, 'show_tokens': {}, 'start_time': 87095.375}
2025-03-22 23:04:28,408 : EventManager : Event: ======'slide_starting_slide_removed'====== Args={}
2025-03-22 23:04:28,421 : EventManager : Event: ======'slide_starting_slide_created'====== Args={}
2025-03-22 23:04:28,428 : EventManager : Event: ======'slide_starting_slide_active'====== Args={}
2025-03-22 23:04:33,408 : EventManager : Event: ======'slides_play'====== Args={'settings': {'company_slide': {'widgets': [{'type': 'image', 'image': 'company', '_default_settings': ['type', 'image'], 'x': None, 'y': None, 'anchor_x': 'center', 'anchor_y': 'center', 'round_anchor_x': None, 'round_anchor_y': None, 'opacity': 1.0, 'z': 0, 'reset_animations_events': {}, 'color': [1.0, 1.0, 1.0, 1.0], 'style': [], 'adjust_top': 0, 'adjust_bottom': 0, 'adjust_left': 0, 'adjust_right': 0, 'expire': None, 'key': None, 'widget': None, 'events_when_added': [], 'events_when_removed': [], 'fps': 10, 'loops': -1, 'auto_play': True, 'start_frame': 0, 'rotation': 0, 'scale': 1.0, 'animations': None}, {'type': 'text', 'text': '(machine|player1_score)', 'number_grouping': True, 'min_digits': 2, 'font_size': 50, 'y': '40%', '_default_settings': ['type', 'text', 'number_grouping', 'min_digits', 'font_size', 'y'], 'x': None, 'anchor_x': 'center', 'anchor_y': 'center', 'round_anchor_x': None, 'round_anchor_y': None, 'opacity': 1.0, 'z': 0, 'reset_animations_events': {}, 'color': [1.0, 1.0, 1.0, 1.0], 'style': [], 'adjust_top': 0, 'adjust_bottom': 0, 'adjust_left': 0, 'adjust_right': 0, 'expire': None, 'key': None, 'widget': None, 'events_when_added': [], 'events_when_removed': [], 'bitmap_font': False, 'font_kerning': True, 'bold': False, 'italic': False, 'halign': 'center', 'valign': 'middle', 'rotation': 0, 'scale': 1.0, 'casing': None, 'outline_color': [1.0, 1.0, 1.0, 1.0], 'outline_width': 0, 'animations': None}], 'transition': {'type': 'move_in', 'duration': 1.0, 'direction': 'right', 'easing': 'out_quad'}, 'target': None, 'background_color': [0.0, 0.0, 0.0, 1.0], 'priority': None, 'show': True, 'force': False, 'expire': None, 'slide': None, 'tokens': {}, 'action': 'play'}}, 'context': 'show_2', 'calling_context': 2, 'priority': 10, 'show_tokens': {}, 'start_time': 87100.375}
2025-03-22 23:04:33,409 : EventManager : Event: ======'slide_company_slide_removed'====== Args={}
2025-03-22 23:04:33,412 : EventManager : Event: ======'slide_company_slide_created'====== Args={}
2025-03-22 23:04:33,412 : EventManager : Unordered handler for class <Text Widget text=8,000> on event machine_var_player1_score with priority 1. Handlers: [RegisteredHandler(callback=<bound method Text._machine_var_change of <Text Widget text=8,000>>, priority=1, kwargs={}, key=UUID('3a1e5f4f-cbb8-4272-b146-a6827f72c192'), condition=None, blocking_facility=None), RegisteredHandler(callback=<bound method Text._machine_var_change of <Text Widget text=8,000>>, priority=1, kwargs={}, key=UUID('23c1e22f-7c4b-4db5-92ee-0cbd69aa801c'), condition=None, blocking_facility=None)]. The order of those handlers is not defined and they will be executed in random order. This might lead to race conditions and potential bugs.
2025-03-22 23:04:33,413 : EventManager : Event: ======'slide_company_slide_active'====== Args={}
2025-03-22 23:04:38,406 : EventManager : Event: ======'slides_play'====== Args={'settings': {'lastgame_slide': {'widgets': [{'type': 'image', 'image': 'last_game', '_default_settings': ['type', 'image'], 'x': None, 'y': None, 'anchor_x': 'center', 'anchor_y': 'center', 'round_anchor_x': None, 'round_anchor_y': None, 'opacity': 1.0, 'z': 0, 'reset_animations_events': {}, 'color': [1.0, 1.0, 1.0, 1.0], 'style': [], 'adjust_top': 0, 'adjust_bottom': 0, 'adjust_left': 0, 'adjust_right': 0, 'expire': None, 'key': None, 'widget': None, 'events_when_added': [], 'events_when_removed': [], 'fps': 10, 'loops': -1, 'auto_play': True, 'start_frame': 0, 'rotation': 0, 'scale': 1.0, 'animations': None}], 'transition': {'type': 'move_in', 'duration': 1.0, 'direction': 'top', 'easing': 'out_quad'}, 'target': None, 'background_color': [0.0, 0.0, 0.0, 1.0], 'priority': None, 'show': True, 'force': False, 'expire': None, 'slide': None, 'tokens': {}, 'action': 'play'}}, 'context': 'show_2', 'calling_context': 3, 'priority': 10, 'show_tokens': {}, 'start_time': 87105.375}
2025-03-22 23:04:38,407 : EventManager : Event: ======'slide_lastgame_slide_removed'====== Args={}
2025-03-22 23:04:38,412 : EventManager : Event: ======'slide_lastgame_slide_created'====== Args={}
2025-03-22 23:04:38,417 : EventManager : Event: ======'slide_lastgame_slide_active'====== Args={}
2025-03-22 23:04:43,409 : EventManager : Event: ======'slides_play'====== Args={'settings': {'ship_slide': {'widgets': [{'type': 'image', 'image': 'ship', '_default_settings': ['type', 'image'], 'x': None, 'y': None, 'anchor_x': 'center', 'anchor_y': 'center', 'round_anchor_x': None, 'round_anchor_y': None, 'opacity': 1.0, 'z': 0, 'reset_animations_events': {}, 'color': [1.0, 1.0, 1.0, 1.0], 'style': [], 'adjust_top': 0, 'adjust_bottom': 0, 'adjust_left': 0, 'adjust_right': 0, 'expire': None, 'key': None, 'widget': None, 'events_when_added': [], 'events_when_removed': [], 'fps': 10, 'loops': -1, 'auto_play': True, 'start_frame': 0, 'rotation': 0, 'scale': 1.0, 'animations': None}], 'target': None, 'background_color': [0.0, 0.0, 0.0, 1.0], 'priority': None, 'show': True, 'force': False, 'expire': None, 'slide': None, 'tokens': {}, 'action': 'play'}}, 'context': 'show_2', 'calling_context': 0, 'priority': 10, 'show_tokens': {}, 'start_time': 87110.375}
2025-03-22 23:04:43,409 : EventManager : Event: ======'slide_ship_slide_removed'====== Args={}
2025-03-22 23:04:43,417 : EventManager : Event: ======'slide_ship_slide_created'====== Args={}
2025-03-22 23:04:43,424 : EventManager : Event: ======'slide_ship_slide_active'====== Args={}
2025-03-22 23:04:48,415 : EventManager : Event: ======'slides_play'====== Args={'settings': {'starting_slide': {'widgets': [{'type': 'image', 'image': 'start', 'animations': {'pre_show_slide': [{'property': ['opacity'], 'value': ['0'], 'duration': 0.5, 'relative': False, 'timing': 'after_previous', 'repeat': False, 'easing': 'linear', 'step': 0.0}, {'property': ['opacity'], 'value': ['1'], 'duration': 0.5, 'repeat': True, 'relative': False, 'timing': 'after_previous', 'easing': 'linear', 'step': 0.0}]}, '_default_settings': ['type', 'image', 'animations'], 'x': None, 'y': None, 'anchor_x': 'center', 'anchor_y': 'center', 'round_anchor_x': None, 'round_anchor_y': None, 'opacity': 1.0, 'z': 0, 'reset_animations_events': {}, 'color': [1.0, 1.0, 1.0, 1.0], 'style': [], 'adjust_top': 0, 'adjust_bottom': 0, 'adjust_left': 0, 'adjust_right': 0, 'expire': None, 'key': None, 'widget': None, 'events_when_added': [], 'events_when_removed': [], 'fps': 10, 'loops': -1, 'auto_play': True, 'start_frame': 0, 'rotation': 0, 'scale': 1.0}, {'type': 'image', 'image': 'start_game', '_default_settings': ['type', 'image'], 'x': None, 'y': None, 'anchor_x': 'center', 'anchor_y': 'center', 'round_anchor_x': None, 'round_anchor_y': None, 'opacity': 1.0, 'z': 0, 'reset_animations_events': {}, 'color': [1.0, 1.0, 1.0, 1.0], 'style': [], 'adjust_top': 0, 'adjust_bottom': 0, 'adjust_left': 0, 'adjust_right': 0, 'expire': None, 'key': None, 'widget': None, 'events_when_added': [], 'events_when_removed': [], 'fps': 10, 'loops': -1, 'auto_play': True, 'start_frame': 0, 'rotation': 0, 'scale': 1.0, 'animations': None}], 'transition': {'type': 'push', 'duration': 1.0, 'direction': 'left', 'easing': 'out_quad'}, 'target': None, 'background_color': [0.0, 0.0, 0.0, 1.0], 'priority': None, 'show': True, 'force': False, 'expire': None, 'slide': None, 'tokens': {}, 'action': 'play'}}, 'context': 'show_2', 'calling_context': 1, 'priority': 10, 'show_tokens': {}, 'start_time': 87115.375}
2025-03-22 23:04:48,417 : EventManager : Event: ======'slide_starting_slide_removed'====== Args={}
2025-03-22 23:04:48,423 : EventManager : Event: ======'slide_starting_slide_created'====== Args={}
2025-03-22 23:04:48,424 : EventManager : Event: ======'slide_starting_slide_active'====== Args={}
2025-03-22 23:04:53,399 : EventManager : Event: ======'slides_play'====== Args={'settings': {'company_slide': {'widgets': [{'type': 'image', 'image': 'company', '_default_settings': ['type', 'image'], 'x': None, 'y': None, 'anchor_x': 'center', 'anchor_y': 'center', 'round_anchor_x': None, 'round_anchor_y': None, 'opacity': 1.0, 'z': 0, 'reset_animations_events': {}, 'color': [1.0, 1.0, 1.0, 1.0], 'style': [], 'adjust_top': 0, 'adjust_bottom': 0, 'adjust_left': 0, 'adjust_right': 0, 'expire': None, 'key': None, 'widget': None, 'events_when_added': [], 'events_when_removed': [], 'fps': 10, 'loops': -1, 'auto_play': True, 'start_frame': 0, 'rotation': 0, 'scale': 1.0, 'animations': None}, {'type': 'text', 'text': '(machine|player1_score)', 'number_grouping': True, 'min_digits': 2, 'font_size': 50, 'y': '40%', '_default_settings': ['type', 'text', 'number_grouping', 'min_digits', 'font_size', 'y'], 'x': None, 'anchor_x': 'center', 'anchor_y': 'center', 'round_anchor_x': None, 'round_anchor_y': None, 'opacity': 1.0, 'z': 0, 'reset_animations_events': {}, 'color': [1.0, 1.0, 1.0, 1.0], 'style': [], 'adjust_top': 0, 'adjust_bottom': 0, 'adjust_left': 0, 'adjust_right': 0, 'expire': None, 'key': None, 'widget': None, 'events_when_added': [], 'events_when_removed': [], 'bitmap_font': False, 'font_kerning': True, 'bold': False, 'italic': False, 'halign': 'center', 'valign': 'middle', 'rotation': 0, 'scale': 1.0, 'casing': None, 'outline_color': [1.0, 1.0, 1.0, 1.0], 'outline_width': 0, 'animations': None}], 'transition': {'type': 'move_in', 'duration': 1.0, 'direction': 'right', 'easing': 'out_quad'}, 'target': None, 'background_color': [0.0, 0.0, 0.0, 1.0], 'priority': None, 'show': True, 'force': False, 'expire': None, 'slide': None, 'tokens': {}, 'action': 'play'}}, 'context': 'show_2', 'calling_context': 2, 'priority': 10, 'show_tokens': {}, 'start_time': 87120.375}
2025-03-22 23:04:53,400 : EventManager : Event: ======'slide_company_slide_removed'====== Args={}
2025-03-22 23:04:53,403 : EventManager : Event: ======'slide_company_slide_created'====== Args={}
2025-03-22 23:04:53,403 : EventManager : Unordered handler for class <Text Widget text=8,000> on event machine_var_player1_score with priority 1. Handlers: [RegisteredHandler(callback=<bound method Text._machine_var_change of <Text Widget text=8,000>>, priority=1, kwargs={}, key=UUID('8ec3ac4e-9552-4033-81ae-0480fcb413c7'), condition=None, blocking_facility=None), RegisteredHandler(callback=<bound method Text._machine_var_change of <Text Widget text=8,000>>, priority=1, kwargs={}, key=UUID('44292888-ae09-4a8a-baa0-029897e6f5ca'), condition=None, blocking_facility=None)]. The order of those handlers is not defined and they will be executed in random order. This might lead to race conditions and potential bugs.
2025-03-22 23:04:53,404 : EventManager : Event: ======'slide_company_slide_active'====== Args={}
2025-03-22 23:04:58,428 : EventManager : Event: ======'slides_play'====== Args={'settings': {'lastgame_slide': {'widgets': [{'type': 'image', 'image': 'last_game', '_default_settings': ['type', 'image'], 'x': None, 'y': None, 'anchor_x': 'center', 'anchor_y': 'center', 'round_anchor_x': None, 'round_anchor_y': None, 'opacity': 1.0, 'z': 0, 'reset_animations_events': {}, 'color': [1.0, 1.0, 1.0, 1.0], 'style': [], 'adjust_top': 0, 'adjust_bottom': 0, 'adjust_left': 0, 'adjust_right': 0, 'expire': None, 'key': None, 'widget': None, 'events_when_added': [], 'events_when_removed': [], 'fps': 10, 'loops': -1, 'auto_play': True, 'start_frame': 0, 'rotation': 0, 'scale': 1.0, 'animations': None}], 'transition': {'type': 'move_in', 'duration': 1.0, 'direction': 'top', 'easing': 'out_quad'}, 'target': None, 'background_color': [0.0, 0.0, 0.0, 1.0], 'priority': None, 'show': True, 'force': False, 'expire': None, 'slide': None, 'tokens': {}, 'action': 'play'}}, 'context': 'show_2', 'calling_context': 3, 'priority': 10, 'show_tokens': {}, 'start_time': 87125.375}
2025-03-22 23:04:58,430 : EventManager : Event: ======'slide_lastgame_slide_removed'====== Args={}
2025-03-22 23:04:58,438 : EventManager : Event: ======'slide_lastgame_slide_created'====== Args={}
2025-03-22 23:04:58,441 : EventManager : Event: ======'slide_lastgame_slide_active'====== Args={}
2025-03-22 23:05:03,428 : EventManager : Event: ======'slides_play'====== Args={'settings': {'ship_slide': {'widgets': [{'type': 'image', 'image': 'ship', '_default_settings': ['type', 'image'], 'x': None, 'y': None, 'anchor_x': 'center', 'anchor_y': 'center', 'round_anchor_x': None, 'round_anchor_y': None, 'opacity': 1.0, 'z': 0, 'reset_animations_events': {}, 'color': [1.0, 1.0, 1.0, 1.0], 'style': [], 'adjust_top': 0, 'adjust_bottom': 0, 'adjust_left': 0, 'adjust_right': 0, 'expire': None, 'key': None, 'widget': None, 'events_when_added': [], 'events_when_removed': [], 'fps': 10, 'loops': -1, 'auto_play': True, 'start_frame': 0, 'rotation': 0, 'scale': 1.0, 'animations': None}], 'target': None, 'background_color': [0.0, 0.0, 0.0, 1.0], 'priority': None, 'show': True, 'force': False, 'expire': None, 'slide': None, 'tokens': {}, 'action': 'play'}}, 'context': 'show_2', 'calling_context': 0, 'priority': 10, 'show_tokens': {}, 'start_time': 87130.375}
2025-03-22 23:05:03,429 : EventManager : Event: ======'slide_ship_slide_removed'====== Args={}
2025-03-22 23:05:03,441 : EventManager : Event: ======'slide_ship_slide_created'====== Args={}
2025-03-22 23:05:03,443 : EventManager : Event: ======'slide_ship_slide_active'====== Args={}
2025-03-22 23:05:07,943 : EventManager : Event: ======'game_started'====== Args={}
2025-03-22 23:05:07,943 : EventManager : Event: ======'slides_clear'====== Args={'context': 'show_2'}
2025-03-22 23:05:07,943 : EventManager : Event: ======'sounds_play'====== Args={'settings': {'main': {'action': 'stop', 'priority': None, 'block': False, 'delay': None, 'track': None, 'volume': None, 'ducking': {}, 'pan': None, 'loops': None, 'start_at': None, 'fade_in': None, 'fade_out': None, 'about_to_finish_time': -1.0, 'max_queue_time': -1.0, 'events_when_played': ['use_sound_setting'], 'events_when_stopped': ['use_sound_setting'], 'events_when_looping': ['use_sound_setting'], 'events_when_about_to_finish': ['use_sound_setting'], 'mode_end_action': 'use_sound_setting', 'key': 'use_sound_setting'}}, 'context': '_global', 'calling_context': 'mode_attract_stopped', 'priority': 0}
2025-03-22 23:05:07,943 : EventManager : Event: ======'player_added'====== Args={'player': <Player 1>, 'num': 1}
2025-03-22 23:05:07,943 : EventManager : Event: ======'player_index'====== Args={'value': 0, 'prev_value': 0, 'change': 0, 'player_num': 1}
2025-03-22 23:05:07,943 : EventManager : Event: ======'player_number'====== Args={'value': 1, 'prev_value': 1, 'change': 0, 'player_num': 1}
2025-03-22 23:05:07,943 : EventManager : Event: ======'player_score'====== Args={'value': 0, 'prev_value': 0, 'change': 0, 'player_num': 1}
2025-03-22 23:05:07,943 : EventManager : Event: ======'slide_starting_slide_removed'====== Args={}
2025-03-22 23:05:07,944 : EventManager : Event: ======'slide_company_slide_removed'====== Args={}
2025-03-22 23:05:07,944 : EventManager : Event: ======'slide_lastgame_slide_removed'====== Args={}
2025-03-22 23:05:07,944 : EventManager : Event: ======'slide_ship_slide_removed'====== Args={}
2025-03-22 23:05:07,945 : EventManager : Event: ======'slide_welcome_slide_active'====== Args={}
2025-03-22 23:05:07,966 : EventManager : Event: ======'player_ball'====== Args={'value': 1, 'prev_value': 0, 'change': 1, 'player_num': 1}
2025-03-22 23:05:07,966 : EventManager : Event: ======'player_turn_start'====== Args={'number': 1, 'player': <Player 1>}
2025-03-22 23:05:07,978 : EventManager : Event: ======'slides_play'====== Args={'settings': {'objective_slide': {'widgets': [{'type': 'text', 'text': 'You are currently on the first island.', 'font_size': 20, 'y': '50%', '_default_settings': ['type', 'text', 'font_size', 'y'], 'x': None, 'anchor_x': 'center', 'anchor_y': 'center', 'round_anchor_x': None, 'round_anchor_y': None, 'opacity': 1.0, 'z': 0, 'reset_animations_events': {}, 'color': [1.0, 1.0, 1.0, 1.0], 'style': [], 'adjust_top': 0, 'adjust_bottom': 0, 'adjust_left': 0, 'adjust_right': 0, 'expire': None, 'key': None, 'widget': None, 'events_when_added': [], 'events_when_removed': [], 'bitmap_font': False, 'font_kerning': True, 'bold': False, 'italic': False, 'number_grouping': False, 'min_digits': 0, 'halign': 'center', 'valign': 'middle', 'rotation': 0, 'scale': 1.0, 'casing': None, 'outline_color': [1.0, 1.0, 1.0, 1.0], 'outline_width': 0, 'animations': None}], 'target': None, 'background_color': [0.0, 0.0, 0.0, 1.0], 'priority': None, 'show': True, 'force': False, 'expire': None, 'slide': None, 'tokens': {}, 'action': 'play'}}, 'context': 'show_4', 'calling_context': 0, 'priority': 200, 'show_tokens': {}, 'start_time': 87134.937}
2025-03-22 23:05:07,980 : EventManager : Event: ======'slide_objective_slide_created'====== Args={}
2025-03-22 23:05:07,981 : EventManager : Event: ======'slide_objective_slide_active'====== Args={}
2025-03-22 23:05:08,117 : EventManager : Event: ======'machine_var_audits_switches_s_plunger_lane'====== Args={'value': 160, 'prev_value': 159, 'change': 1}
2025-03-22 23:05:12,968 : EventManager : Event: ======'slides_play'====== Args={'settings': {'objective_slide': {'widgets': [{'type': 'text', 'text': 'Score 10k points and hit 3 point targets!', 'font_size': 20, 'y': '50%', '_default_settings': ['type', 'text', 'font_size', 'y'], 'x': None, 'anchor_x': 'center', 'anchor_y': 'center', 'round_anchor_x': None, 'round_anchor_y': None, 'opacity': 1.0, 'z': 0, 'reset_animations_events': {}, 'color': [1.0, 1.0, 1.0, 1.0], 'style': [], 'adjust_top': 0, 'adjust_bottom': 0, 'adjust_left': 0, 'adjust_right': 0, 'expire': None, 'key': None, 'widget': None, 'events_when_added': [], 'events_when_removed': [], 'bitmap_font': False, 'font_kerning': True, 'bold': False, 'italic': False, 'number_grouping': False, 'min_digits': 0, 'halign': 'center', 'valign': 'middle', 'rotation': 0, 'scale': 1.0, 'casing': None, 'outline_color': [1.0, 1.0, 1.0, 1.0], 'outline_width': 0, 'animations': None}], 'target': None, 'background_color': [0.0, 0.0, 0.0, 1.0], 'priority': None, 'show': True, 'force': False, 'expire': None, 'slide': None, 'tokens': {}, 'action': 'play'}}, 'context': 'show_4', 'calling_context': 1, 'priority': 200, 'show_tokens': {}, 'start_time': 87139.937}
2025-03-22 23:05:12,970 : EventManager : Event: ======'slide_objective_slide_removed'====== Args={}
2025-03-22 23:05:12,985 : EventManager : Event: ======'slide_objective_slide_created'====== Args={}
2025-03-22 23:05:12,985 : EventManager : Event: ======'slide_objective_slide_active'====== Args={}
2025-03-22 23:05:15,732 : EventManager : Event: ======'machine_var_audits_switches_s_launcher_button'====== Args={'value': 145, 'prev_value': 144, 'change': 1}
2025-03-22 23:05:15,956 : EventManager : Event: ======'machine_var_audits_switches_s_launcher_button'====== Args={'value': 146, 'prev_value': 145, 'change': 1}
2025-03-22 23:05:16,171 : EventManager : Event: ======'machine_var_audits_switches_s_launcher_button'====== Args={'value': 147, 'prev_value': 146, 'change': 1}
2025-03-22 23:05:16,381 : EventManager : Event: ======'machine_var_audits_switches_s_launcher_button'====== Args={'value': 148, 'prev_value': 147, 'change': 1}
2025-03-22 23:05:16,582 : EventManager : Event: ======'machine_var_audits_switches_s_launcher_button'====== Args={'value': 149, 'prev_value': 148, 'change': 1}
2025-03-22 23:05:16,778 : EventManager : Event: ======'machine_var_audits_switches_s_launcher_button'====== Args={'value': 150, 'prev_value': 149, 'change': 1}
2025-03-22 23:05:16,932 : EventManager : Event: ======'machine_var_audits_switches_s_launcher_button'====== Args={'value': 151, 'prev_value': 150, 'change': 1}
2025-03-22 23:05:17,109 : EventManager : Event: ======'machine_var_audits_switches_s_launcher_button'====== Args={'value': 152, 'prev_value': 151, 'change': 1}
2025-03-22 23:05:17,272 : EventManager : Event: ======'machine_var_audits_switches_s_launcher_button'====== Args={'value': 153, 'prev_value': 152, 'change': 1}
2025-03-22 23:05:17,977 : EventManager : Event: ======'slides_play'====== Args={'settings': {'objective_slide': {'widgets': [{'type': 'text', 'text': 'Go get them soldier!!!', 'font_size': 20, 'y': '50%', '_default_settings': ['type', 'text', 'font_size', 'y'], 'x': None, 'anchor_x': 'center', 'anchor_y': 'center', 'round_anchor_x': None, 'round_anchor_y': None, 'opacity': 1.0, 'z': 0, 'reset_animations_events': {}, 'color': [1.0, 1.0, 1.0, 1.0], 'style': [], 'adjust_top': 0, 'adjust_bottom': 0, 'adjust_left': 0, 'adjust_right': 0, 'expire': None, 'key': None, 'widget': None, 'events_when_added': [], 'events_when_removed': [], 'bitmap_font': False, 'font_kerning': True, 'bold': False, 'italic': False, 'number_grouping': False, 'min_digits': 0, 'halign': 'center', 'valign': 'middle', 'rotation': 0, 'scale': 1.0, 'casing': None, 'outline_color': [1.0, 1.0, 1.0, 1.0], 'outline_width': 0, 'animations': None}], 'target': None, 'background_color': [0.0, 0.0, 0.0, 1.0], 'priority': None, 'show': True, 'force': False, 'expire': None, 'slide': None, 'tokens': {}, 'action': 'play'}}, 'context': 'show_4', 'calling_context': 2, 'priority': 200, 'show_tokens': {}, 'start_time': 87144.937}
2025-03-22 23:05:17,978 : EventManager : Event: ======'slide_objective_slide_removed'====== Args={}
2025-03-22 23:05:17,992 : EventManager : Event: ======'slide_objective_slide_created'====== Args={}
2025-03-22 23:05:17,993 : EventManager : Event: ======'slide_objective_slide_active'====== Args={}
2025-03-22 23:05:22,986 : EventManager : Event: ======'slides_clear'====== Args={'context': 'show_4'}
2025-03-22 23:05:22,988 : EventManager : Event: ======'slide_objective_slide_removed'====== Args={}
2025-03-22 23:05:22,991 : EventManager : Event: ======'slide_welcome_slide_active'====== Args={}
2025-03-22 23:05:23,027 : EventManager : Event: ======'slides_play'====== Args={'settings': {'widgets': {'widgets': [{'type': 'text', 'text': '(score)', 'number_grouping': True, 'min_digits': 2, 'font_size': 100, '_default_settings': ['type', 'text', 'number_grouping', 'min_digits', 'font_size'], 'x': None, 'y': None, 'anchor_x': 'center', 'anchor_y': 'center', 'round_anchor_x': None, 'round_anchor_y': None, 'opacity': 1.0, 'z': 0, 'reset_animations_events': {}, 'color': [1.0, 1.0, 1.0, 1.0], 'style': [], 'adjust_top': 0, 'adjust_bottom': 0, 'adjust_left': 0, 'adjust_right': 0, 'expire': None, 'key': None, 'widget': None, 'events_when_added': [], 'events_when_removed': [], 'bitmap_font': False, 'font_kerning': True, 'bold': False, 'italic': False, 'halign': 'center', 'valign': 'middle', 'rotation': 0, 'scale': 1.0, 'casing': None, 'outline_color': [1.0, 1.0, 1.0, 1.0], 'outline_width': 0, 'animations': None}, {'type': 'text', 'text': 'PLAYER (ball)', 'y': '10', 'x': '10', 'font_size': 50, 'anchor_x': 'left', 'anchor_y': 'bottom', '_default_settings': ['type', 'text', 'y', 'x', 'font_size', 'anchor_x', 'anchor_y'], 'round_anchor_x': None, 'round_anchor_y': None, 'opacity': 1.0, 'z': 0, 'reset_animations_events': {}, 'color': [1.0, 1.0, 1.0, 1.0], 'style': [], 'adjust_top': 0, 'adjust_bottom': 0, 'adjust_left': 0, 'adjust_right': 0, 'expire': None, 'key': None, 'widget': None, 'events_when_added': [], 'events_when_removed': [], 'bitmap_font': False, 'font_kerning': True, 'bold': False, 'italic': False, 'number_grouping': False, 'min_digits': 0, 'halign': 'center', 'valign': 'middle', 'rotation': 0, 'scale': 1.0, 'casing': None, 'outline_color': [1.0, 1.0, 1.0, 1.0], 'outline_width': 0, 'animations': None}, {'type': 'text', 'text': 'BALL (number)', 'y': '10', 'x': 'right-10', 'anchor_x': 'right', 'anchor_y': 'bottom', 'font_size': 50, '_default_settings': ['type', 'text', 'y', 'x', 'anchor_x', 'anchor_y', 'font_size'], 'round_anchor_x': None, 'round_anchor_y': None, 'opacity': 1.0, 'z': 0, 'reset_animations_events': {}, 'color': [1.0, 1.0, 1.0, 1.0], 'style': [], 'adjust_top': 0, 'adjust_bottom': 0, 'adjust_left': 0, 'adjust_right': 0, 'expire': None, 'key': None, 'widget': None, 'events_when_added': [], 'events_when_removed': [], 'bitmap_font': False, 'font_kerning': True, 'bold': False, 'italic': False, 'number_grouping': False, 'min_digits': 0, 'halign': 'center', 'valign': 'middle', 'rotation': 0, 'scale': 1.0, 'casing': None, 'outline_color': [1.0, 1.0, 1.0, 1.0], 'outline_width': 0, 'animations': None}], 'target': None, 'background_color': [0.0, 0.0, 0.0, 1.0], 'priority': None, 'show': True, 'force': False, 'expire': None, 'slide': None, 'tokens': {}, 'action': 'play'}}, 'context': 'base', 'calling_context': 'mode_base_started', 'priority': 100}
2025-03-22 23:05:23,046 : EventManager : Event: ======'slide_base.slide_player-mode_base_started_created'====== Args={}
2025-03-22 23:05:23,049 : EventManager : Event: ======'slide_base.slide_player-mode_base_started_active'====== Args={}
2025-03-22 23:05:33,180 : EventManager : Event: ======'machine_var_audits_switches_s_launcher_button'====== Args={'value': 154, 'prev_value': 153, 'change': 1}
2025-03-22 23:05:33,231 : EventManager : Event: ======'machine_var_audits_switches_s_playfield_entry'====== Args={'value': 212, 'prev_value': 211, 'change': 1}
2025-03-22 23:05:49,440 : EventManager : Event: ======'machine_var_audits_switches_s_Lane1'====== Args={'value': 40, 'prev_value': 39, 'change': 1}
2025-03-22 23:07:07,147 : kivy : Base: Leaving application in progress...
2025-03-22 23:07:07,147 : mpfmc : Stopping...
2025-03-22 23:07:07,147 : EventManager : Event: ======'shutdown'====== Args={}
2025-03-22 23:07:07,148 : AudioInterface : Disabling audio playback
2025-03-22 23:07:07,266 : mpfmc : Loop rate 79.56 Hz
2025-03-22 23:07:07,266 : root : MC run loop ended.
2025-03-22 23:07:07,266 : root : Stopping child threads... (3 remaining)
2025-03-22 23:07:07,500 : mpfmc : Stopping...
2025-03-22 23:07:07,500 : EventManager : Event: ======'shutdown'====== Args={}
2025-03-22 23:07:07,501 : mpfmc : Loop rate 79.46 Hz
2025-03-22 23:07:07,501 : MPF-MC BCP Server : Stopping BCP sending thread
2025-03-22 23:07:07,668 : root : All child threads stopped.
