2025-03-10 19:21:31,188 : kivy : deps: Successfully imported "kivy_deps.gstreamer" 0.3.3
2025-03-10 19:21:31,188 : kivy : deps: Successfully imported "kivy_deps.angle" 0.3.3
2025-03-10 19:21:31,188 : kivy : deps: Successfully imported "kivy_deps.glew" 0.3.1
2025-03-10 19:21:31,188 : kivy : deps: Successfully imported "kivy_deps.sdl2" 0.6.0
2025-03-10 19:21:31,188 : kivy : Kivy: v2.2.1
2025-03-10 19:21:31,188 : kivy : Kivy: Installed at "C:\Users\duffb\.pyenv\pyenv-win\versions\3.11.0\Lib\site-packages\kivy\__init__.py"
2025-03-10 19:21:31,188 : kivy : Python: v3.11.0 (main, Oct 24 2022, 18:26:48) [MSC v.1933 64 bit (AMD64)]
2025-03-10 19:21:31,189 : kivy : Python: Interpreter at "C:\Users\duffb\.pyenv\pyenv-win\versions\3.11.0\python.exe"
2025-03-10 19:21:31,201 : kivy : Factory: 190 symbols loaded
2025-03-10 19:21:31,361 : kivy : ImageLoaderFFPy: Using ffpyplayer 4.5.1
2025-03-10 19:21:31,361 : kivy : Image: Providers: img_tex, img_dds, img_sdl2, img_pil, img_ffpyplayer 
2025-03-10 19:21:31,525 : kivy : VideoGstplayer: Using Gstreamer 1.18.5.0
2025-03-10 19:21:31,525 : kivy : Video: Provider: gstplayer
2025-03-10 19:21:31,553 : root : Loading MPF-MC controller
2025-03-10 19:21:31,567 : YamlMultifileConfigLoader : Machine config file #1: config
2025-03-10 19:21:31,568 : ConfigProcessor : Config file in cache changed: C:\Users\duffb\OneDrive\Documents\Python Envs\PinBallWW1\Machine\config\config
2025-03-10 19:21:31,568 : ConfigProcessor : Loading config from file C:\Users\duffb\.pyenv\pyenv-win\versions\3.11.0\Lib\site-packages\mpfmc\mcconfig.yaml.
2025-03-10 19:21:31,574 : ConfigProcessor : Loading config: C:\Users\duffb\.pyenv\pyenv-win\versions\3.11.0\Lib\site-packages\mpfmc\mcconfig.yaml
2025-03-10 19:21:31,574 : ConfigProcessor : Loading config from file C:\Users\duffb\OneDrive\Documents\Python Envs\PinBallWW1\Machine\config\config.
2025-03-10 19:21:31,578 : ConfigProcessor : Loading config: C:\Users\duffb\OneDrive\Documents\Python Envs\PinBallWW1\Machine\config\config
2025-03-10 19:21:31,579 : ConfigProcessor : Config file cache created: C:\Users\duffb\AppData\Local\Temp\de7a4651692d89380cb727f0a44dc491.mpf_cache
2025-03-10 19:21:31,580 : ConfigProcessor : Loading config from cache: C:\Users\duffb\AppData\Local\Temp\ee7db1e8d011f44c876692bb4657f2e9.mpf_cache
2025-03-10 19:21:31,580 : ConfigProcessor : Loading config from cache: C:\Users\duffb\AppData\Local\Temp\9f058d482eac17116727d62a93500be7.mpf_cache
2025-03-10 19:21:31,581 : ConfigProcessor : Loading config from cache: C:\Users\duffb\AppData\Local\Temp\9e006ea23aa21ec68e01f6c49afad9f4.mpf_cache
2025-03-10 19:21:31,581 : mpfmc : Mission Pinball Framework Media Controller (MPF-MC) v0.57.1. Requires MPF v0.57.0 or newer.
2025-03-10 19:21:31,581 : mpfmc : Found MPF v0.57.0
2025-03-10 19:21:31,582 : mpfmc : Machine path: C:\Users\duffb\OneDrive\Documents\Python Envs\PinBallWW1\Machine
2025-03-10 19:21:31,582 : mpfmc : Starting clock at 60.0Hz
2025-03-10 19:21:31,607 : kivy : Text: Provider: sdl2
2025-03-10 19:21:31,755 : kivy : Window: Provider: sdl2
2025-03-10 19:21:31,995 : kivy : GL: Using the "OpenGL" graphics system
2025-03-10 19:21:31,997 : kivy : GL: GLEW initialization succeeded
2025-03-10 19:21:31,997 : kivy : GL: Backend used <glew>
2025-03-10 19:21:31,997 : kivy : GL: OpenGL version <b'4.6.0 - Build 31.0.101.5592'>
2025-03-10 19:21:31,997 : kivy : GL: OpenGL vendor <b'Intel'>
2025-03-10 19:21:31,997 : kivy : GL: OpenGL renderer <b'Intel(R) UHD Graphics'>
2025-03-10 19:21:31,997 : kivy : GL: OpenGL parsed version: 4, 6
2025-03-10 19:21:31,998 : kivy : GL: Shading version <b'4.60 - Build 31.0.101.5592'>
2025-03-10 19:21:31,998 : kivy : GL: Texture max size <16384>
2025-03-10 19:21:31,998 : kivy : GL: Texture max units <32>
2025-03-10 19:21:32,018 : kivy : Window: auto add sdl2 input provider
2025-03-10 19:21:32,018 : kivy : Window: virtual keyboard not allowed, single mode, not docked
2025-03-10 19:21:32,447 : AudioInterface : Initialized
2025-03-10 19:21:32,447 : AudioInterface : Loaded SDL 2.26.4
2025-03-10 19:21:32,447 : AudioInterface : Loaded SDL_Mixer 2.6.3
2025-03-10 19:21:32,447 : AudioInterface : Loaded GStreamer 1.18.5.0
2025-03-10 19:21:32,447 : AudioInterface : Loaded GLib 2.62.6
2025-03-10 19:21:32,447 : AudioInterface : Settings requested - rate: 44100, channels: 1, buffer: 2048 samples
2025-03-10 19:21:32,447 : AudioInterface : Settings in use - rate: 44100, channels: 1, buffer: 2048 samples (4096 bytes @ 2 bytes per sample)
2025-03-10 19:21:32,448 : SoundSystem : Setting master volume to 0.0
2025-03-10 19:21:32,448 : AudioInterface : Enabling audio playback
2025-03-10 19:21:32,450 : kivy : Base: Start application main loop
2025-03-10 19:21:32,451 : EventManager : Event: ======'display_window_initialized'====== Args={}
2025-03-10 19:21:32,460 : mpfmc : Display: Setting 'window' as default display
2025-03-10 19:21:32,486 : EventManager : Event: ======'displays_initialized'====== Args={}
2025-03-10 19:21:32,488 : EventManager : Event: ======'slide_window_blank_created'====== Args={}
2025-03-10 19:21:32,488 : EventManager : Event: ======'display_window_ready'====== Args={}
2025-03-10 19:21:32,517 : EventManager : Event: ======'init_phase_1'====== Args={}
2025-03-10 19:21:32,519 : EventManager : Event: ======'mc_ready'====== Args={}
2025-03-10 19:21:32,519 : EventManager : Event: ======'init_phase_2'====== Args={}
2025-03-10 19:21:32,520 : EventManager : Event: ======'init_phase_3'====== Args={}
2025-03-10 19:21:32,522 : EventManager : Event: ======'init_phase_4'====== Args={}
2025-03-10 19:21:32,522 : EventManager : Event: ======'init_phase_5'====== Args={}
2025-03-10 19:21:32,537 : kivy : GL: NPOT texture support is available
2025-03-10 19:21:32,552 : EventManager : Event: ======'loading_assets'====== Args={'total': 5, 'loaded': 1, 'remaining': 4, 'percent': 20}
2025-03-10 19:21:32,553 : AssetManager : Loading assets: 1/5 (20%)
2025-03-10 19:21:32,569 : EventManager : Event: ======'loading_assets'====== Args={'total': 5, 'loaded': 5, 'remaining': 0, 'percent': 100}
2025-03-10 19:21:32,569 : AssetManager : Asset loading took: 0.12107729911804199
2025-03-10 19:21:32,569 : EventManager : Event: ======'asset_loading_complete'====== Args={}
2025-03-10 19:21:32,569 : AssetManager : Loading assets: 5/5 (100%)
2025-03-10 19:21:32,569 : EventManager : Event: ======'init_done'====== Args={}
2025-03-10 19:21:32,569 : MPF-MC BCP Server : Starting up on localhost port 5050
2025-03-10 19:21:32,576 : MPF-MC BCP Server : Waiting for a connection...
2025-03-10 19:21:32,583 : EventManager : Event: ======'slide_welcome_slide_created'====== Args={}
2025-03-10 19:21:32,584 : EventManager : Event: ======'slide_welcome_slide_active'====== Args={}
2025-03-10 19:21:32,596 : EventManager : Event: ======'client_disconnected'====== Args={'host': '127.0.0.1', 'port': 5050}
2025-03-10 19:21:33,623 : MPF-MC BCP Server : Received connection from: 127.0.0.1:64568
2025-03-10 19:21:33,627 : EventManager : Event: ======'client_connected'====== Args={'host': '127.0.0.1', 'port': 64568}
2025-03-10 19:21:34,213 : EventManager : Event: ======'machine_var_credits_string'====== Args={'value': 'FREE PLAY', 'prev_value': None, 'change': True}
2025-03-10 19:21:34,213 : EventManager : Event: ======'machine_var_master_volume'====== Args={'value': 0.5, 'prev_value': None, 'change': True}
2025-03-10 19:21:34,213 : EventManager : Event: ======'machine_var_player1_score'====== Args={'value': 8000, 'prev_value': None, 'change': True}
2025-03-10 19:21:34,214 : EventManager : Event: ======'machine_var_player2_score'====== Args={'value': 1000, 'prev_value': None, 'change': True}
2025-03-10 19:21:34,214 : EventManager : Event: ======'machine_var_mpf_version'====== Args={'value': 'Mission Pinball Framework v0.57.0', 'prev_value': None, 'change': True}
2025-03-10 19:21:34,214 : EventManager : Event: ======'machine_var_mpf_extended_version'====== Args={'value': 'Mission Pinball Framework v0.57.0, Config version:6, Show version: 6, BCP version:1.1', 'prev_value': None, 'change': True}
2025-03-10 19:21:34,214 : EventManager : Event: ======'machine_var_python_version'====== Args={'value': '3.11.0', 'prev_value': None, 'change': True}
2025-03-10 19:21:34,214 : EventManager : Event: ======'machine_var_platform'====== Args={'value': 'Windows-10-10.0.26100-SP0', 'prev_value': None, 'change': True}
2025-03-10 19:21:34,214 : EventManager : Event: ======'machine_var_platform_system'====== Args={'value': 'Windows', 'prev_value': None, 'change': True}
2025-03-10 19:21:34,214 : EventManager : Event: ======'machine_var_platform_release'====== Args={'value': '10', 'prev_value': None, 'change': True}
2025-03-10 19:21:34,215 : EventManager : Event: ======'machine_var_platform_version'====== Args={'value': '10.0.26100', 'prev_value': None, 'change': True}
2025-03-10 19:21:34,215 : EventManager : Event: ======'machine_var_platform_machine'====== Args={'value': 'AMD64', 'prev_value': None, 'change': True}
2025-03-10 19:21:34,215 : EventManager : Event: ======'machine_var_mc_version'====== Args={'value': 'MPF-MC v0.57.1', 'prev_value': None, 'change': True}
2025-03-10 19:21:34,215 : EventManager : Event: ======'machine_var_mc_extended_version'====== Args={'value': 'MPF-MC v0.57.1 (config_version=6, BCP v1.1,                      Requires MPF API compatibility v0.57.0 or newer)', 'prev_value': None, 'change': True}
2025-03-10 19:21:34,215 : EventManager : Event: ======'machine_var_credits_string'====== Args={'value': 'FREE PLAY', 'prev_value': None, 'change': True}
2025-03-10 19:21:34,215 : EventManager : Event: ======'machine_var_master_volume'====== Args={'value': 0.5, 'prev_value': None, 'change': True}
2025-03-10 19:21:34,215 : EventManager : Event: ======'machine_var_player1_score'====== Args={'value': 8000, 'prev_value': None, 'change': True}
2025-03-10 19:21:34,215 : EventManager : Event: ======'machine_var_player2_score'====== Args={'value': 1000, 'prev_value': None, 'change': True}
2025-03-10 19:21:34,215 : EventManager : Event: ======'machine_var_mpf_version'====== Args={'value': 'Mission Pinball Framework v0.57.0', 'prev_value': None, 'change': True}
2025-03-10 19:21:34,216 : EventManager : Event: ======'machine_var_mpf_extended_version'====== Args={'value': 'Mission Pinball Framework v0.57.0, Config version:6, Show version: 6, BCP version:1.1', 'prev_value': None, 'change': True}
2025-03-10 19:21:34,216 : EventManager : Event: ======'machine_var_python_version'====== Args={'value': '3.11.0', 'prev_value': None, 'change': True}
2025-03-10 19:21:34,216 : EventManager : Event: ======'machine_var_platform'====== Args={'value': 'Windows-10-10.0.26100-SP0', 'prev_value': None, 'change': True}
2025-03-10 19:21:34,216 : EventManager : Event: ======'machine_var_platform_system'====== Args={'value': 'Windows', 'prev_value': None, 'change': True}
2025-03-10 19:21:34,216 : EventManager : Event: ======'machine_var_platform_release'====== Args={'value': '10', 'prev_value': None, 'change': True}
2025-03-10 19:21:34,216 : EventManager : Event: ======'machine_var_platform_version'====== Args={'value': '10.0.26100', 'prev_value': None, 'change': True}
2025-03-10 19:21:34,216 : EventManager : Event: ======'machine_var_platform_machine'====== Args={'value': 'AMD64', 'prev_value': None, 'change': True}
2025-03-10 19:21:34,216 : EventManager : Event: ======'machine_var_mc_version'====== Args={'value': 'MPF-MC v0.57.1', 'prev_value': None, 'change': True}
2025-03-10 19:21:34,216 : EventManager : Event: ======'machine_var_mc_extended_version'====== Args={'value': 'MPF-MC v0.57.1 (config_version=6, BCP v1.1,                      Requires MPF API compatibility v0.57.0 or newer)', 'prev_value': None, 'change': True}
2025-03-10 19:21:34,217 : EventManager : Event: ======'machine_var_credits_string'====== Args={'value': 'FREE PLAY', 'prev_value': None, 'change': True}
2025-03-10 19:21:34,217 : EventManager : Event: ======'machine_var_master_volume'====== Args={'value': 0.5, 'prev_value': None, 'change': True}
2025-03-10 19:21:34,217 : EventManager : Event: ======'machine_var_player1_score'====== Args={'value': 8000, 'prev_value': None, 'change': True}
2025-03-10 19:21:34,217 : EventManager : Event: ======'machine_var_player2_score'====== Args={'value': 1000, 'prev_value': None, 'change': True}
2025-03-10 19:21:34,217 : EventManager : Event: ======'machine_var_mpf_version'====== Args={'value': 'Mission Pinball Framework v0.57.0', 'prev_value': None, 'change': True}
2025-03-10 19:21:34,217 : EventManager : Event: ======'machine_var_mpf_extended_version'====== Args={'value': 'Mission Pinball Framework v0.57.0, Config version:6, Show version: 6, BCP version:1.1', 'prev_value': None, 'change': True}
2025-03-10 19:21:34,217 : EventManager : Event: ======'machine_var_python_version'====== Args={'value': '3.11.0', 'prev_value': None, 'change': True}
2025-03-10 19:21:34,217 : EventManager : Event: ======'machine_var_platform'====== Args={'value': 'Windows-10-10.0.26100-SP0', 'prev_value': None, 'change': True}
2025-03-10 19:21:34,217 : EventManager : Event: ======'machine_var_platform_system'====== Args={'value': 'Windows', 'prev_value': None, 'change': True}
2025-03-10 19:21:34,217 : EventManager : Event: ======'machine_var_platform_release'====== Args={'value': '10', 'prev_value': None, 'change': True}
2025-03-10 19:21:34,218 : EventManager : Event: ======'machine_var_platform_version'====== Args={'value': '10.0.26100', 'prev_value': None, 'change': True}
2025-03-10 19:21:34,218 : EventManager : Event: ======'machine_var_platform_machine'====== Args={'value': 'AMD64', 'prev_value': None, 'change': True}
2025-03-10 19:21:34,218 : EventManager : Event: ======'machine_var_mc_version'====== Args={'value': 'MPF-MC v0.57.1', 'prev_value': None, 'change': True}
2025-03-10 19:21:34,218 : EventManager : Event: ======'machine_var_mc_extended_version'====== Args={'value': 'MPF-MC v0.57.1 (config_version=6, BCP v1.1,                      Requires MPF API compatibility v0.57.0 or newer)', 'prev_value': None, 'change': True}
2025-03-10 19:21:34,218 : EventManager : Event: ======'machine_var_credits_string'====== Args={'value': 'FREE PLAY', 'prev_value': None, 'change': True}
2025-03-10 19:21:34,218 : EventManager : Event: ======'machine_var_master_volume'====== Args={'value': 0.5, 'prev_value': None, 'change': True}
2025-03-10 19:21:34,218 : EventManager : Event: ======'machine_var_player1_score'====== Args={'value': 8000, 'prev_value': None, 'change': True}
2025-03-10 19:21:34,218 : EventManager : Event: ======'machine_var_player2_score'====== Args={'value': 1000, 'prev_value': None, 'change': True}
2025-03-10 19:21:34,218 : EventManager : Event: ======'machine_var_mpf_version'====== Args={'value': 'Mission Pinball Framework v0.57.0', 'prev_value': None, 'change': True}
2025-03-10 19:21:34,218 : EventManager : Event: ======'machine_var_mpf_extended_version'====== Args={'value': 'Mission Pinball Framework v0.57.0, Config version:6, Show version: 6, BCP version:1.1', 'prev_value': None, 'change': True}
2025-03-10 19:21:34,218 : EventManager : Event: ======'machine_var_python_version'====== Args={'value': '3.11.0', 'prev_value': None, 'change': True}
2025-03-10 19:21:34,219 : EventManager : Event: ======'machine_var_platform'====== Args={'value': 'Windows-10-10.0.26100-SP0', 'prev_value': None, 'change': True}
2025-03-10 19:21:34,219 : EventManager : Event: ======'machine_var_platform_system'====== Args={'value': 'Windows', 'prev_value': None, 'change': True}
2025-03-10 19:21:34,219 : EventManager : Event: ======'machine_var_platform_release'====== Args={'value': '10', 'prev_value': None, 'change': True}
2025-03-10 19:21:34,219 : EventManager : Event: ======'machine_var_platform_version'====== Args={'value': '10.0.26100', 'prev_value': None, 'change': True}
2025-03-10 19:21:34,219 : EventManager : Event: ======'machine_var_platform_machine'====== Args={'value': 'AMD64', 'prev_value': None, 'change': True}
2025-03-10 19:21:34,219 : EventManager : Event: ======'machine_var_mc_version'====== Args={'value': 'MPF-MC v0.57.1', 'prev_value': None, 'change': True}
2025-03-10 19:21:34,219 : EventManager : Event: ======'machine_var_mc_extended_version'====== Args={'value': 'MPF-MC v0.57.1 (config_version=6, BCP v1.1,                      Requires MPF API compatibility v0.57.0 or newer)', 'prev_value': None, 'change': True}
2025-03-10 19:21:34,219 : SoundSystem : Setting master volume to 0.5
2025-03-10 19:21:34,220 : SoundSystem : Setting master volume to 0.5
2025-03-10 19:21:34,220 : SoundSystem : Setting master volume to 0.5
2025-03-10 19:21:34,220 : SoundSystem : Setting master volume to 0.5
2025-03-10 19:21:34,305 : mpfmc : Stopping...
2025-03-10 19:21:34,305 : EventManager : Event: ======'shutdown'====== Args={}
2025-03-10 19:21:34,305 : AudioInterface : Disabling audio playback
2025-03-10 19:21:34,431 : mpfmc : Loop rate 71.68 Hz
2025-03-10 19:21:34,432 : kivy : Base: Leaving application in progress...
2025-03-10 19:21:34,444 : mpfmc : Stopping...
2025-03-10 19:21:34,445 : EventManager : Event: ======'shutdown'====== Args={}
2025-03-10 19:21:34,445 : mpfmc : Loop rate 71.67 Hz
2025-03-10 19:21:34,446 : root : MC run loop ended.
2025-03-10 19:21:34,447 : root : Stopping child threads... (3 remaining)
2025-03-10 19:21:35,221 : MPF-MC BCP Server : Stopping BCP sending thread
2025-03-10 19:21:35,252 : root : All child threads stopped.
