2025-03-06 22:43:37,376 : kivy : deps: Successfully imported "kivy_deps.gstreamer" 0.3.3
2025-03-06 22:43:37,376 : kivy : deps: Successfully imported "kivy_deps.angle" 0.3.3
2025-03-06 22:43:37,376 : kivy : deps: Successfully imported "kivy_deps.glew" 0.3.1
2025-03-06 22:43:37,376 : kivy : deps: Successfully imported "kivy_deps.sdl2" 0.6.0
2025-03-06 22:43:37,376 : kivy : Kivy: v2.2.1
2025-03-06 22:43:37,377 : kivy : Kivy: Installed at "C:\Users\duffb\.pyenv\pyenv-win\versions\3.11.0\Lib\site-packages\kivy\__init__.py"
2025-03-06 22:43:37,377 : kivy : Python: v3.11.0 (main, Oct 24 2022, 18:26:48) [MSC v.1933 64 bit (AMD64)]
2025-03-06 22:43:37,378 : kivy : Python: Interpreter at "C:\Users\duffb\.pyenv\pyenv-win\versions\3.11.0\python.exe"
2025-03-06 22:43:37,408 : kivy : Factory: 190 symbols loaded
2025-03-06 22:43:37,558 : kivy : ImageLoaderFFPy: Using ffpyplayer 4.5.1
2025-03-06 22:43:37,558 : kivy : Image: Providers: img_tex, img_dds, img_sdl2, img_pil, img_ffpyplayer 
2025-03-06 22:43:37,729 : kivy : VideoGstplayer: Using Gstreamer 1.18.5.0
2025-03-06 22:43:37,729 : kivy : Video: Provider: gstplayer
2025-03-06 22:43:37,761 : root : Loading MPF-MC controller
2025-03-06 22:43:37,774 : YamlMultifileConfigLoader : Machine config file #1: config
2025-03-06 22:43:37,774 : ConfigProcessor : Config file in cache changed: C:\Users\duffb\OneDrive\Documents\Python Envs\PinBallWW1\Machine\config\config
2025-03-06 22:43:37,774 : ConfigProcessor : Loading config from file C:\Users\duffb\.pyenv\pyenv-win\versions\3.11.0\Lib\site-packages\mpfmc\mcconfig.yaml.
2025-03-06 22:43:37,780 : ConfigProcessor : Loading config: C:\Users\duffb\.pyenv\pyenv-win\versions\3.11.0\Lib\site-packages\mpfmc\mcconfig.yaml
2025-03-06 22:43:37,780 : ConfigProcessor : Loading config from file C:\Users\duffb\OneDrive\Documents\Python Envs\PinBallWW1\Machine\config\config.
2025-03-06 22:43:37,783 : ConfigProcessor : Loading config: C:\Users\duffb\OneDrive\Documents\Python Envs\PinBallWW1\Machine\config\config
2025-03-06 22:43:37,784 : ConfigProcessor : Config file cache created: C:\Users\duffb\AppData\Local\Temp\de7a4651692d89380cb727f0a44dc491.mpf_cache
2025-03-06 22:43:37,784 : ConfigProcessor : Loading config from cache: C:\Users\duffb\AppData\Local\Temp\ee7db1e8d011f44c876692bb4657f2e9.mpf_cache
2025-03-06 22:43:37,785 : ConfigProcessor : Loading config from cache: C:\Users\duffb\AppData\Local\Temp\9f058d482eac17116727d62a93500be7.mpf_cache
2025-03-06 22:43:37,785 : ConfigProcessor : Loading config from cache: C:\Users\duffb\AppData\Local\Temp\9e006ea23aa21ec68e01f6c49afad9f4.mpf_cache
2025-03-06 22:43:37,785 : mpfmc : Mission Pinball Framework Media Controller (MPF-MC) v0.57.1. Requires MPF v0.57.0 or newer.
2025-03-06 22:43:37,785 : mpfmc : Found MPF v0.57.0
2025-03-06 22:43:37,785 : mpfmc : Machine path: C:\Users\duffb\OneDrive\Documents\Python Envs\PinBallWW1\Machine
2025-03-06 22:43:37,786 : mpfmc : Starting clock at 60.0Hz
2025-03-06 22:43:37,803 : kivy : Text: Provider: sdl2
2025-03-06 22:43:37,969 : kivy : Window: Provider: sdl2
2025-03-06 22:43:38,337 : kivy : GL: Using the "OpenGL" graphics system
2025-03-06 22:43:38,338 : kivy : GL: GLEW initialization succeeded
2025-03-06 22:43:38,338 : kivy : GL: Backend used <glew>
2025-03-06 22:43:38,339 : kivy : GL: OpenGL version <b'4.6.0 - Build 31.0.101.5592'>
2025-03-06 22:43:38,339 : kivy : GL: OpenGL vendor <b'Intel'>
2025-03-06 22:43:38,339 : kivy : GL: OpenGL renderer <b'Intel(R) UHD Graphics'>
2025-03-06 22:43:38,339 : kivy : GL: OpenGL parsed version: 4, 6
2025-03-06 22:43:38,340 : kivy : GL: Shading version <b'4.60 - Build 31.0.101.5592'>
2025-03-06 22:43:38,340 : kivy : GL: Texture max size <16384>
2025-03-06 22:43:38,340 : kivy : GL: Texture max units <32>
2025-03-06 22:43:38,366 : kivy : Window: auto add sdl2 input provider
2025-03-06 22:43:38,366 : kivy : Window: virtual keyboard not allowed, single mode, not docked
2025-03-06 22:43:38,774 : AudioInterface : Initialized
2025-03-06 22:43:38,774 : AudioInterface : Loaded SDL 2.26.4
2025-03-06 22:43:38,775 : AudioInterface : Loaded SDL_Mixer 2.6.3
2025-03-06 22:43:38,775 : AudioInterface : Loaded GStreamer 1.18.5.0
2025-03-06 22:43:38,775 : AudioInterface : Loaded GLib 2.62.6
2025-03-06 22:43:38,775 : AudioInterface : Settings requested - rate: 44100, channels: 1, buffer: 2048 samples
2025-03-06 22:43:38,775 : AudioInterface : Settings in use - rate: 44100, channels: 1, buffer: 2048 samples (4096 bytes @ 2 bytes per sample)
2025-03-06 22:43:38,775 : SoundSystem : Setting master volume to 0.0
2025-03-06 22:43:38,775 : AudioInterface : Enabling audio playback
2025-03-06 22:43:38,777 : kivy : Base: Start application main loop
2025-03-06 22:43:38,777 : EventManager : Event: ======'display_window_initialized'====== Args={}
2025-03-06 22:43:38,789 : mpfmc : Display: Setting 'window' as default display
2025-03-06 22:43:38,799 : EventManager : Event: ======'displays_initialized'====== Args={}
2025-03-06 22:43:38,800 : EventManager : Event: ======'slide_window_blank_created'====== Args={}
2025-03-06 22:43:38,800 : EventManager : Event: ======'display_window_ready'====== Args={}
2025-03-06 22:43:38,811 : EventManager : Event: ======'init_phase_1'====== Args={}
2025-03-06 22:43:38,814 : EventManager : Event: ======'mc_ready'====== Args={}
2025-03-06 22:43:38,814 : EventManager : Event: ======'init_phase_2'====== Args={}
2025-03-06 22:43:38,815 : EventManager : Event: ======'init_phase_3'====== Args={}
2025-03-06 22:43:38,816 : EventManager : Event: ======'init_phase_4'====== Args={}
2025-03-06 22:43:38,817 : EventManager : Event: ======'init_phase_5'====== Args={}
2025-03-06 22:43:38,840 : kivy : GL: NPOT texture support is available
2025-03-06 22:43:38,853 : EventManager : Event: ======'loading_assets'====== Args={'total': 5, 'loaded': 1, 'remaining': 4, 'percent': 20}
2025-03-06 22:43:38,853 : AssetManager : Loading assets: 1/5 (20%)
2025-03-06 22:43:38,865 : EventManager : Event: ======'loading_assets'====== Args={'total': 5, 'loaded': 5, 'remaining': 0, 'percent': 100}
2025-03-06 22:43:38,865 : AssetManager : Asset loading took: 0.09038901329040527
2025-03-06 22:43:38,865 : EventManager : Event: ======'asset_loading_complete'====== Args={}
2025-03-06 22:43:38,865 : AssetManager : Loading assets: 5/5 (100%)
2025-03-06 22:43:38,865 : EventManager : Event: ======'init_done'====== Args={}
2025-03-06 22:43:38,865 : MPF-MC BCP Server : Starting up on localhost port 5050
2025-03-06 22:43:38,870 : MPF-MC BCP Server : Waiting for a connection...
2025-03-06 22:43:38,874 : EventManager : Event: ======'slide_welcome_slide_created'====== Args={}
2025-03-06 22:43:38,875 : EventManager : Event: ======'slide_welcome_slide_active'====== Args={}
2025-03-06 22:43:38,878 : EventManager : Event: ======'client_disconnected'====== Args={'host': '127.0.0.1', 'port': 5050}
2025-03-06 22:43:39,703 : MPF-MC BCP Server : Received connection from: 127.0.0.1:51573
2025-03-06 22:43:39,707 : EventManager : Event: ======'client_connected'====== Args={'host': '127.0.0.1', 'port': 51573}
2025-03-06 22:43:40,387 : EventManager : Event: ======'machine_var_credits_string'====== Args={'value': 'FREE PLAY', 'prev_value': None, 'change': True}
2025-03-06 22:43:40,388 : EventManager : Event: ======'machine_var_master_volume'====== Args={'value': 0.5, 'prev_value': None, 'change': True}
2025-03-06 22:43:40,388 : EventManager : Event: ======'machine_var_player1_score'====== Args={'value': 8000, 'prev_value': None, 'change': True}
2025-03-06 22:43:40,388 : EventManager : Event: ======'machine_var_player2_score'====== Args={'value': 1000, 'prev_value': None, 'change': True}
2025-03-06 22:43:40,389 : EventManager : Event: ======'machine_var_mpf_version'====== Args={'value': 'Mission Pinball Framework v0.57.0', 'prev_value': None, 'change': True}
2025-03-06 22:43:40,389 : EventManager : Event: ======'machine_var_mpf_extended_version'====== Args={'value': 'Mission Pinball Framework v0.57.0, Config version:6, Show version: 6, BCP version:1.1', 'prev_value': None, 'change': True}
2025-03-06 22:43:40,389 : EventManager : Event: ======'machine_var_python_version'====== Args={'value': '3.11.0', 'prev_value': None, 'change': True}
2025-03-06 22:43:40,389 : EventManager : Event: ======'machine_var_platform'====== Args={'value': 'Windows-10-10.0.26100-SP0', 'prev_value': None, 'change': True}
2025-03-06 22:43:40,389 : EventManager : Event: ======'machine_var_platform_system'====== Args={'value': 'Windows', 'prev_value': None, 'change': True}
2025-03-06 22:43:40,389 : EventManager : Event: ======'machine_var_platform_release'====== Args={'value': '10', 'prev_value': None, 'change': True}
2025-03-06 22:43:40,390 : EventManager : Event: ======'machine_var_platform_version'====== Args={'value': '10.0.26100', 'prev_value': None, 'change': True}
2025-03-06 22:43:40,390 : EventManager : Event: ======'machine_var_platform_machine'====== Args={'value': 'AMD64', 'prev_value': None, 'change': True}
2025-03-06 22:43:40,390 : EventManager : Event: ======'machine_var_mc_version'====== Args={'value': 'MPF-MC v0.57.1', 'prev_value': None, 'change': True}
2025-03-06 22:43:40,390 : EventManager : Event: ======'machine_var_mc_extended_version'====== Args={'value': 'MPF-MC v0.57.1 (config_version=6, BCP v1.1,                      Requires MPF API compatibility v0.57.0 or newer)', 'prev_value': None, 'change': True}
2025-03-06 22:43:40,390 : EventManager : Event: ======'machine_var_credits_string'====== Args={'value': 'FREE PLAY', 'prev_value': None, 'change': True}
2025-03-06 22:43:40,390 : EventManager : Event: ======'machine_var_master_volume'====== Args={'value': 0.5, 'prev_value': None, 'change': True}
2025-03-06 22:43:40,390 : EventManager : Event: ======'machine_var_player1_score'====== Args={'value': 8000, 'prev_value': None, 'change': True}
2025-03-06 22:43:40,390 : EventManager : Event: ======'machine_var_player2_score'====== Args={'value': 1000, 'prev_value': None, 'change': True}
2025-03-06 22:43:40,390 : EventManager : Event: ======'machine_var_mpf_version'====== Args={'value': 'Mission Pinball Framework v0.57.0', 'prev_value': None, 'change': True}
2025-03-06 22:43:40,390 : EventManager : Event: ======'machine_var_mpf_extended_version'====== Args={'value': 'Mission Pinball Framework v0.57.0, Config version:6, Show version: 6, BCP version:1.1', 'prev_value': None, 'change': True}
2025-03-06 22:43:40,390 : EventManager : Event: ======'machine_var_python_version'====== Args={'value': '3.11.0', 'prev_value': None, 'change': True}
2025-03-06 22:43:40,390 : EventManager : Event: ======'machine_var_platform'====== Args={'value': 'Windows-10-10.0.26100-SP0', 'prev_value': None, 'change': True}
2025-03-06 22:43:40,391 : EventManager : Event: ======'machine_var_platform_system'====== Args={'value': 'Windows', 'prev_value': None, 'change': True}
2025-03-06 22:43:40,391 : EventManager : Event: ======'machine_var_platform_release'====== Args={'value': '10', 'prev_value': None, 'change': True}
2025-03-06 22:43:40,391 : EventManager : Event: ======'machine_var_platform_version'====== Args={'value': '10.0.26100', 'prev_value': None, 'change': True}
2025-03-06 22:43:40,391 : EventManager : Event: ======'machine_var_platform_machine'====== Args={'value': 'AMD64', 'prev_value': None, 'change': True}
2025-03-06 22:43:40,391 : EventManager : Event: ======'machine_var_mc_version'====== Args={'value': 'MPF-MC v0.57.1', 'prev_value': None, 'change': True}
2025-03-06 22:43:40,391 : EventManager : Event: ======'machine_var_mc_extended_version'====== Args={'value': 'MPF-MC v0.57.1 (config_version=6, BCP v1.1,                      Requires MPF API compatibility v0.57.0 or newer)', 'prev_value': None, 'change': True}
2025-03-06 22:43:40,391 : EventManager : Event: ======'machine_var_credits_string'====== Args={'value': 'FREE PLAY', 'prev_value': None, 'change': True}
2025-03-06 22:43:40,391 : EventManager : Event: ======'machine_var_master_volume'====== Args={'value': 0.5, 'prev_value': None, 'change': True}
2025-03-06 22:43:40,391 : EventManager : Event: ======'machine_var_player1_score'====== Args={'value': 8000, 'prev_value': None, 'change': True}
2025-03-06 22:43:40,391 : EventManager : Event: ======'machine_var_player2_score'====== Args={'value': 1000, 'prev_value': None, 'change': True}
2025-03-06 22:43:40,391 : EventManager : Event: ======'machine_var_mpf_version'====== Args={'value': 'Mission Pinball Framework v0.57.0', 'prev_value': None, 'change': True}
2025-03-06 22:43:40,391 : EventManager : Event: ======'machine_var_mpf_extended_version'====== Args={'value': 'Mission Pinball Framework v0.57.0, Config version:6, Show version: 6, BCP version:1.1', 'prev_value': None, 'change': True}
2025-03-06 22:43:40,392 : EventManager : Event: ======'machine_var_python_version'====== Args={'value': '3.11.0', 'prev_value': None, 'change': True}
2025-03-06 22:43:40,392 : EventManager : Event: ======'machine_var_platform'====== Args={'value': 'Windows-10-10.0.26100-SP0', 'prev_value': None, 'change': True}
2025-03-06 22:43:40,392 : EventManager : Event: ======'machine_var_platform_system'====== Args={'value': 'Windows', 'prev_value': None, 'change': True}
2025-03-06 22:43:40,392 : EventManager : Event: ======'machine_var_platform_release'====== Args={'value': '10', 'prev_value': None, 'change': True}
2025-03-06 22:43:40,392 : EventManager : Event: ======'machine_var_platform_version'====== Args={'value': '10.0.26100', 'prev_value': None, 'change': True}
2025-03-06 22:43:40,392 : EventManager : Event: ======'machine_var_platform_machine'====== Args={'value': 'AMD64', 'prev_value': None, 'change': True}
2025-03-06 22:43:40,392 : EventManager : Event: ======'machine_var_mc_version'====== Args={'value': 'MPF-MC v0.57.1', 'prev_value': None, 'change': True}
2025-03-06 22:43:40,392 : EventManager : Event: ======'machine_var_mc_extended_version'====== Args={'value': 'MPF-MC v0.57.1 (config_version=6, BCP v1.1,                      Requires MPF API compatibility v0.57.0 or newer)', 'prev_value': None, 'change': True}
2025-03-06 22:43:40,392 : EventManager : Event: ======'machine_var_credits_string'====== Args={'value': 'FREE PLAY', 'prev_value': None, 'change': True}
2025-03-06 22:43:40,392 : EventManager : Event: ======'machine_var_master_volume'====== Args={'value': 0.5, 'prev_value': None, 'change': True}
2025-03-06 22:43:40,392 : EventManager : Event: ======'machine_var_player1_score'====== Args={'value': 8000, 'prev_value': None, 'change': True}
2025-03-06 22:43:40,392 : EventManager : Event: ======'machine_var_player2_score'====== Args={'value': 1000, 'prev_value': None, 'change': True}
2025-03-06 22:43:40,392 : EventManager : Event: ======'machine_var_mpf_version'====== Args={'value': 'Mission Pinball Framework v0.57.0', 'prev_value': None, 'change': True}
2025-03-06 22:43:40,393 : EventManager : Event: ======'machine_var_mpf_extended_version'====== Args={'value': 'Mission Pinball Framework v0.57.0, Config version:6, Show version: 6, BCP version:1.1', 'prev_value': None, 'change': True}
2025-03-06 22:43:40,393 : EventManager : Event: ======'machine_var_python_version'====== Args={'value': '3.11.0', 'prev_value': None, 'change': True}
2025-03-06 22:43:40,393 : EventManager : Event: ======'machine_var_platform'====== Args={'value': 'Windows-10-10.0.26100-SP0', 'prev_value': None, 'change': True}
2025-03-06 22:43:40,393 : EventManager : Event: ======'machine_var_platform_system'====== Args={'value': 'Windows', 'prev_value': None, 'change': True}
2025-03-06 22:43:40,393 : EventManager : Event: ======'machine_var_platform_release'====== Args={'value': '10', 'prev_value': None, 'change': True}
2025-03-06 22:43:40,393 : EventManager : Event: ======'machine_var_platform_version'====== Args={'value': '10.0.26100', 'prev_value': None, 'change': True}
2025-03-06 22:43:40,393 : EventManager : Event: ======'machine_var_platform_machine'====== Args={'value': 'AMD64', 'prev_value': None, 'change': True}
2025-03-06 22:43:40,393 : EventManager : Event: ======'machine_var_mc_version'====== Args={'value': 'MPF-MC v0.57.1', 'prev_value': None, 'change': True}
2025-03-06 22:43:40,393 : EventManager : Event: ======'machine_var_mc_extended_version'====== Args={'value': 'MPF-MC v0.57.1 (config_version=6, BCP v1.1,                      Requires MPF API compatibility v0.57.0 or newer)', 'prev_value': None, 'change': True}
2025-03-06 22:43:40,394 : SoundSystem : Setting master volume to 0.5
2025-03-06 22:43:40,394 : SoundSystem : Setting master volume to 0.5
2025-03-06 22:43:40,394 : SoundSystem : Setting master volume to 0.5
2025-03-06 22:43:40,394 : SoundSystem : Setting master volume to 0.5
2025-03-06 22:43:40,634 : EventManager : Event: ======'machine_var_audits_events_game_ended'====== Args={'value': 13, 'prev_value': None, 'change': True}
2025-03-06 22:43:40,647 : EventManager : Event: ======'machine_var_audits_events_game_started'====== Args={'value': 32, 'prev_value': None, 'change': True}
2025-03-06 22:43:40,647 : EventManager : Event: ======'machine_var_audits_missing_switches_s_drain'====== Args={'value': 6, 'prev_value': None, 'change': True}
2025-03-06 22:43:40,647 : EventManager : Event: ======'machine_var_audits_missing_switches_s_left_flipper'====== Args={'value': 3, 'prev_value': None, 'change': True}
2025-03-06 22:43:40,647 : EventManager : Event: ======'machine_var_audits_missing_switches_s_right_flipper'====== Args={'value': 3, 'prev_value': None, 'change': True}
2025-03-06 22:43:40,648 : EventManager : Event: ======'machine_var_audits_missing_switches_s_trough_enter'====== Args={'value': 32, 'prev_value': None, 'change': True}
2025-03-06 22:43:40,648 : EventManager : Event: ======'machine_var_audits_player_score'====== Args={'value': {'average': 124, 'top': [8000, 1000, 0, 0, 0, 0, 0, 0, 0, 0], 'total': 16}, 'prev_value': None, 'change': True}
2025-03-06 22:43:40,648 : EventManager : Event: ======'machine_var_audits_switches_s_drain'====== Args={'value': 0, 'prev_value': None, 'change': True}
2025-03-06 22:43:40,648 : EventManager : Event: ======'machine_var_audits_switches_s_launcher_button'====== Args={'value': 37, 'prev_value': None, 'change': True}
2025-03-06 22:43:40,648 : EventManager : Event: ======'machine_var_audits_switches_s_left_flipper'====== Args={'value': 16, 'prev_value': None, 'change': True}
2025-03-06 22:43:40,648 : EventManager : Event: ======'machine_var_audits_switches_s_playfield_entry'====== Args={'value': 160, 'prev_value': None, 'change': True}
2025-03-06 22:43:40,648 : EventManager : Event: ======'machine_var_audits_switches_s_plunger_lane'====== Args={'value': 85, 'prev_value': None, 'change': True}
2025-03-06 22:43:40,648 : EventManager : Event: ======'machine_var_audits_switches_s_pointTarget'====== Args={'value': 71, 'prev_value': None, 'change': True}
2025-03-06 22:43:40,648 : EventManager : Event: ======'machine_var_audits_switches_s_right_flipper'====== Args={'value': 13, 'prev_value': None, 'change': True}
2025-03-06 22:43:40,649 : EventManager : Event: ======'machine_var_audits_switches_s_trough1'====== Args={'value': 62, 'prev_value': None, 'change': True}
2025-03-06 22:43:40,649 : EventManager : Event: ======'machine_var_audits_switches_s_trough2'====== Args={'value': 8, 'prev_value': None, 'change': True}
2025-03-06 22:43:40,649 : EventManager : Event: ======'machine_var_audits_switches_s_trough3'====== Args={'value': 7, 'prev_value': None, 'change': True}
2025-03-06 22:43:40,649 : EventManager : Event: ======'machine_var_audits_switches_s_trough_enter'====== Args={'value': 0, 'prev_value': None, 'change': True}
2025-03-06 22:43:40,696 : EventManager : Event: ======'slides_play'====== Args={'settings': {'welcome_slide': {'target': None, 'background_color': [0.0, 0.0, 0.0, 1.0], 'priority': None, 'show': True, 'force': False, 'expire': None, 'slide': None, 'tokens': {}, 'action': 'play'}}, 'context': '_global', 'calling_context': 'init_done', 'priority': 0}
2025-03-06 22:43:40,697 : EventManager : Event: ======'mc_reset_phase_1'====== Args={}
2025-03-06 22:43:40,698 : EventManager : Event: ======'slide_welcome_slide_removed'====== Args={}
2025-03-06 22:43:40,708 : EventManager : Event: ======'slide_welcome_slide_created'====== Args={}
2025-03-06 22:43:40,710 : EventManager : Event: ======'mc_reset_phase_2'====== Args={}
2025-03-06 22:43:40,710 : EventManager : Event: ======'mc_reset_phase_3'====== Args={}
2025-03-06 22:43:40,710 : EventManager : Event: ======'mc_reset_complete'====== Args={}
2025-03-06 22:43:40,713 : EventManager : Event: ======'slide_welcome_slide_active'====== Args={}
2025-03-06 22:43:40,721 : EventManager : Event: ======'slides_play'====== Args={'settings': {'ship_slide': {'widgets': [{'type': 'image', 'image': 'ship', '_default_settings': ['type', 'image'], 'x': None, 'y': None, 'anchor_x': 'center', 'anchor_y': 'center', 'round_anchor_x': None, 'round_anchor_y': None, 'opacity': 1.0, 'z': 0, 'reset_animations_events': {}, 'color': [1.0, 1.0, 1.0, 1.0], 'style': [], 'adjust_top': 0, 'adjust_bottom': 0, 'adjust_left': 0, 'adjust_right': 0, 'expire': None, 'key': None, 'widget': None, 'events_when_added': [], 'events_when_removed': [], 'fps': 10, 'loops': -1, 'auto_play': True, 'start_frame': 0, 'rotation': 0, 'scale': 1.0, 'animations': None}], 'target': None, 'background_color': [0.0, 0.0, 0.0, 1.0], 'priority': None, 'show': True, 'force': False, 'expire': None, 'slide': None, 'tokens': {}, 'action': 'play'}}, 'context': 'show_1', 'calling_context': 0, 'priority': 10, 'show_tokens': {}, 'start_time': 357254.656}
2025-03-06 22:43:40,721 : EventManager : Event: ======'sounds_play'====== Args={'settings': {'main': {'action': 'play', 'priority': None, 'block': False, 'delay': None, 'track': None, 'volume': None, 'ducking': {}, 'pan': None, 'loops': None, 'start_at': None, 'fade_in': None, 'fade_out': None, 'about_to_finish_time': -1.0, 'max_queue_time': -1.0, 'events_when_played': ['use_sound_setting'], 'events_when_stopped': ['use_sound_setting'], 'events_when_looping': ['use_sound_setting'], 'events_when_about_to_finish': ['use_sound_setting'], 'mode_end_action': 'use_sound_setting', 'key': 'use_sound_setting'}}, 'context': '_global', 'calling_context': 'mode_attract_started', 'priority': 0}
2025-03-06 22:43:40,726 : EventManager : Event: ======'slide_ship_slide_created'====== Args={}
2025-03-06 22:43:40,729 : EventManager : Event: ======'slide_ship_slide_active'====== Args={}
2025-03-06 22:43:40,766 : EventManager : Event: ======'loading_assets'====== Args={'total': 1, 'loaded': 1, 'remaining': 0, 'percent': 100}
2025-03-06 22:43:40,766 : AssetManager : Asset loading took: 1.9916813373565674
2025-03-06 22:43:40,766 : EventManager : Event: ======'asset_loading_complete'====== Args={}
2025-03-06 22:43:40,766 : AssetManager : Loading assets: 1/1 (100%)
2025-03-06 22:43:44,327 : EventManager : Event: ======'game_started'====== Args={}
2025-03-06 22:43:44,340 : EventManager : Event: ======'slides_clear'====== Args={'context': 'show_1'}
2025-03-06 22:43:44,340 : EventManager : Event: ======'sounds_play'====== Args={'settings': {'main': {'action': 'stop', 'priority': None, 'block': False, 'delay': None, 'track': None, 'volume': None, 'ducking': {}, 'pan': None, 'loops': None, 'start_at': None, 'fade_in': None, 'fade_out': None, 'about_to_finish_time': -1.0, 'max_queue_time': -1.0, 'events_when_played': ['use_sound_setting'], 'events_when_stopped': ['use_sound_setting'], 'events_when_looping': ['use_sound_setting'], 'events_when_about_to_finish': ['use_sound_setting'], 'mode_end_action': 'use_sound_setting', 'key': 'use_sound_setting'}}, 'context': '_global', 'calling_context': 'mode_attract_stopped', 'priority': 0}
2025-03-06 22:43:44,340 : EventManager : Event: ======'player_added'====== Args={'player': <Player 1>, 'num': 1}
2025-03-06 22:43:44,340 : EventManager : Event: ======'player_index'====== Args={'value': 0, 'prev_value': 0, 'change': 0, 'player_num': 1}
2025-03-06 22:43:44,340 : EventManager : Event: ======'player_number'====== Args={'value': 1, 'prev_value': 1, 'change': 0, 'player_num': 1}
2025-03-06 22:43:44,340 : EventManager : Event: ======'player_score'====== Args={'value': 0, 'prev_value': 0, 'change': 0, 'player_num': 1}
2025-03-06 22:43:44,340 : EventManager : Event: ======'slide_ship_slide_removed'====== Args={}
2025-03-06 22:43:44,342 : EventManager : Event: ======'slide_welcome_slide_active'====== Args={}
2025-03-06 22:43:44,352 : EventManager : Event: ======'player_ball'====== Args={'value': 1, 'prev_value': 0, 'change': 1, 'player_num': 1}
2025-03-06 22:43:44,352 : EventManager : Event: ======'player_turn_start'====== Args={'number': 1, 'player': <Player 1>}
2025-03-06 22:43:44,352 : EventManager : Event: ======'slides_play'====== Args={'settings': {'widgets': {'widgets': [{'type': 'text', 'text': '(score)', 'number_grouping': True, 'min_digits': 2, 'font_size': 100, '_default_settings': ['type', 'text', 'number_grouping', 'min_digits', 'font_size'], 'x': None, 'y': None, 'anchor_x': 'center', 'anchor_y': 'center', 'round_anchor_x': None, 'round_anchor_y': None, 'opacity': 1.0, 'z': 0, 'reset_animations_events': {}, 'color': [1.0, 1.0, 1.0, 1.0], 'style': [], 'adjust_top': 0, 'adjust_bottom': 0, 'adjust_left': 0, 'adjust_right': 0, 'expire': None, 'key': None, 'widget': None, 'events_when_added': [], 'events_when_removed': [], 'bitmap_font': False, 'font_kerning': True, 'bold': False, 'italic': False, 'halign': 'center', 'valign': 'middle', 'rotation': 0, 'scale': 1.0, 'casing': None, 'outline_color': [1.0, 1.0, 1.0, 1.0], 'outline_width': 0, 'animations': None}, {'type': 'text', 'text': 'PLAYER (number)', 'y': '10', 'x': '10', 'font_size': 50, 'anchor_x': 'left', 'anchor_y': 'bottom', '_default_settings': ['type', 'text', 'y', 'x', 'font_size', 'anchor_x', 'anchor_y'], 'round_anchor_x': None, 'round_anchor_y': None, 'opacity': 1.0, 'z': 0, 'reset_animations_events': {}, 'color': [1.0, 1.0, 1.0, 1.0], 'style': [], 'adjust_top': 0, 'adjust_bottom': 0, 'adjust_left': 0, 'adjust_right': 0, 'expire': None, 'key': None, 'widget': None, 'events_when_added': [], 'events_when_removed': [], 'bitmap_font': False, 'font_kerning': True, 'bold': False, 'italic': False, 'number_grouping': False, 'min_digits': 0, 'halign': 'center', 'valign': 'middle', 'rotation': 0, 'scale': 1.0, 'casing': None, 'outline_color': [1.0, 1.0, 1.0, 1.0], 'outline_width': 0, 'animations': None}, {'type': 'text', 'text': 'BALL (ball)', 'y': '10', 'x': 'right-10', 'anchor_x': 'right', 'anchor_y': 'bottom', 'font_size': 50, '_default_settings': ['type', 'text', 'y', 'x', 'anchor_x', 'anchor_y', 'font_size'], 'round_anchor_x': None, 'round_anchor_y': None, 'opacity': 1.0, 'z': 0, 'reset_animations_events': {}, 'color': [1.0, 1.0, 1.0, 1.0], 'style': [], 'adjust_top': 0, 'adjust_bottom': 0, 'adjust_left': 0, 'adjust_right': 0, 'expire': None, 'key': None, 'widget': None, 'events_when_added': [], 'events_when_removed': [], 'bitmap_font': False, 'font_kerning': True, 'bold': False, 'italic': False, 'number_grouping': False, 'min_digits': 0, 'halign': 'center', 'valign': 'middle', 'rotation': 0, 'scale': 1.0, 'casing': None, 'outline_color': [1.0, 1.0, 1.0, 1.0], 'outline_width': 0, 'animations': None}], 'target': None, 'background_color': [0.0, 0.0, 0.0, 1.0], 'priority': None, 'show': True, 'force': False, 'expire': None, 'slide': None, 'tokens': {}, 'action': 'play'}}, 'context': 'base', 'calling_context': 'mode_base_started', 'priority': 100, 'player': 1, 'ball': 1, 'balls_remaining': 2, 'is_extra_ball': False}
2025-03-06 22:43:44,357 : EventManager : Event: ======'slide_base.slide_player-mode_base_started_created'====== Args={}
2025-03-06 22:43:44,360 : EventManager : Event: ======'slide_base.slide_player-mode_base_started_active'====== Args={}
2025-03-06 22:43:44,487 : EventManager : Event: ======'machine_var_audits_switches_s_plunger_lane'====== Args={'value': 86, 'prev_value': 85, 'change': 1}
2025-03-06 22:43:49,477 : EventManager : Event: ======'machine_var_audits_switches_s_trough2'====== Args={'value': 9, 'prev_value': 8, 'change': 1}
2025-03-06 22:43:51,436 : EventManager : Event: ======'machine_var_audits_switches_s_launcher_button'====== Args={'value': 38, 'prev_value': 37, 'change': 1}
2025-03-06 22:43:51,448 : EventManager : Event: ======'player_added'====== Args={'player': <Player 2>, 'num': 2}
2025-03-06 22:43:51,449 : EventManager : Event: ======'player_index'====== Args={'value': 1, 'prev_value': 1, 'change': 0, 'player_num': 2}
2025-03-06 22:43:51,449 : EventManager : Event: ======'player_number'====== Args={'value': 2, 'prev_value': 2, 'change': 0, 'player_num': 2}
2025-03-06 22:43:51,449 : EventManager : Event: ======'player_score'====== Args={'value': 0, 'prev_value': 0, 'change': 0, 'player_num': 2}
2025-03-06 22:43:51,535 : EventManager : Event: ======'machine_var_audits_switches_s_playfield_entry'====== Args={'value': 161, 'prev_value': 160, 'change': 1}
2025-03-06 22:43:56,000 : EventManager : Event: ======'machine_var_audits_switches_s_trough1'====== Args={'value': 63, 'prev_value': 62, 'change': 1}
2025-03-06 22:43:56,341 : EventManager : Event: ======'slides_clear'====== Args={'context': 'base'}
2025-03-06 22:43:56,342 : EventManager : Event: ======'slide_base.slide_player-mode_base_started_removed'====== Args={}
2025-03-06 22:43:56,343 : EventManager : Event: ======'slide_welcome_slide_active'====== Args={}
2025-03-06 22:43:56,441 : EventManager : Event: ======'player_ball'====== Args={'value': 1, 'prev_value': 0, 'change': 1, 'player_num': 2}
2025-03-06 22:43:56,441 : EventManager : Event: ======'player_turn_start'====== Args={'number': 2, 'player': <Player 2>}
2025-03-06 22:43:56,480 : EventManager : Event: ======'slides_play'====== Args={'settings': {'widgets': {'widgets': [{'type': 'text', 'text': '(score)', 'number_grouping': True, 'min_digits': 2, 'font_size': 100, '_default_settings': ['type', 'text', 'number_grouping', 'min_digits', 'font_size'], 'x': None, 'y': None, 'anchor_x': 'center', 'anchor_y': 'center', 'round_anchor_x': None, 'round_anchor_y': None, 'opacity': 1.0, 'z': 0, 'reset_animations_events': {}, 'color': [1.0, 1.0, 1.0, 1.0], 'style': [], 'adjust_top': 0, 'adjust_bottom': 0, 'adjust_left': 0, 'adjust_right': 0, 'expire': None, 'key': None, 'widget': None, 'events_when_added': [], 'events_when_removed': [], 'bitmap_font': False, 'font_kerning': True, 'bold': False, 'italic': False, 'halign': 'center', 'valign': 'middle', 'rotation': 0, 'scale': 1.0, 'casing': None, 'outline_color': [1.0, 1.0, 1.0, 1.0], 'outline_width': 0, 'animations': None}, {'type': 'text', 'text': 'PLAYER (number)', 'y': '10', 'x': '10', 'font_size': 50, 'anchor_x': 'left', 'anchor_y': 'bottom', '_default_settings': ['type', 'text', 'y', 'x', 'font_size', 'anchor_x', 'anchor_y'], 'round_anchor_x': None, 'round_anchor_y': None, 'opacity': 1.0, 'z': 0, 'reset_animations_events': {}, 'color': [1.0, 1.0, 1.0, 1.0], 'style': [], 'adjust_top': 0, 'adjust_bottom': 0, 'adjust_left': 0, 'adjust_right': 0, 'expire': None, 'key': None, 'widget': None, 'events_when_added': [], 'events_when_removed': [], 'bitmap_font': False, 'font_kerning': True, 'bold': False, 'italic': False, 'number_grouping': False, 'min_digits': 0, 'halign': 'center', 'valign': 'middle', 'rotation': 0, 'scale': 1.0, 'casing': None, 'outline_color': [1.0, 1.0, 1.0, 1.0], 'outline_width': 0, 'animations': None}, {'type': 'text', 'text': 'BALL (ball)', 'y': '10', 'x': 'right-10', 'anchor_x': 'right', 'anchor_y': 'bottom', 'font_size': 50, '_default_settings': ['type', 'text', 'y', 'x', 'anchor_x', 'anchor_y', 'font_size'], 'round_anchor_x': None, 'round_anchor_y': None, 'opacity': 1.0, 'z': 0, 'reset_animations_events': {}, 'color': [1.0, 1.0, 1.0, 1.0], 'style': [], 'adjust_top': 0, 'adjust_bottom': 0, 'adjust_left': 0, 'adjust_right': 0, 'expire': None, 'key': None, 'widget': None, 'events_when_added': [], 'events_when_removed': [], 'bitmap_font': False, 'font_kerning': True, 'bold': False, 'italic': False, 'number_grouping': False, 'min_digits': 0, 'halign': 'center', 'valign': 'middle', 'rotation': 0, 'scale': 1.0, 'casing': None, 'outline_color': [1.0, 1.0, 1.0, 1.0], 'outline_width': 0, 'animations': None}], 'target': None, 'background_color': [0.0, 0.0, 0.0, 1.0], 'priority': None, 'show': True, 'force': False, 'expire': None, 'slide': None, 'tokens': {}, 'action': 'play'}}, 'context': 'base', 'calling_context': 'mode_base_started', 'priority': 100, 'player': 2, 'ball': 1, 'balls_remaining': 2, 'is_extra_ball': False}
2025-03-06 22:43:56,491 : EventManager : Event: ======'slide_base.slide_player-mode_base_started_created'====== Args={}
2025-03-06 22:43:56,494 : EventManager : Event: ======'slide_base.slide_player-mode_base_started_active'====== Args={}
2025-03-06 22:43:56,623 : EventManager : Event: ======'machine_var_audits_switches_s_plunger_lane'====== Args={'value': 87, 'prev_value': 86, 'change': 1}
2025-03-06 22:44:00,250 : EventManager : Event: ======'machine_var_audits_switches_s_launcher_button'====== Args={'value': 39, 'prev_value': 38, 'change': 1}
2025-03-06 22:44:00,262 : EventManager : Event: ======'player_added'====== Args={'player': <Player 3>, 'num': 3}
2025-03-06 22:44:00,262 : EventManager : Event: ======'player_index'====== Args={'value': 2, 'prev_value': 2, 'change': 0, 'player_num': 3}
2025-03-06 22:44:00,262 : EventManager : Event: ======'player_number'====== Args={'value': 3, 'prev_value': 3, 'change': 0, 'player_num': 3}
2025-03-06 22:44:00,262 : EventManager : Event: ======'player_score'====== Args={'value': 0, 'prev_value': 0, 'change': 0, 'player_num': 3}
2025-03-06 22:44:00,337 : EventManager : Event: ======'machine_var_audits_switches_s_playfield_entry'====== Args={'value': 162, 'prev_value': 161, 'change': 1}
2025-03-06 22:44:23,355 : EventManager : Event: ======'machine_var_audits_switches_s_trough3'====== Args={'value': 8, 'prev_value': 7, 'change': 1}
2025-03-06 22:44:23,677 : EventManager : Event: ======'slides_clear'====== Args={'context': 'base'}
2025-03-06 22:44:23,679 : EventManager : Event: ======'slide_base.slide_player-mode_base_started_removed'====== Args={}
2025-03-06 22:44:23,680 : EventManager : Event: ======'slide_welcome_slide_active'====== Args={}
2025-03-06 22:44:23,809 : EventManager : Event: ======'player_ball'====== Args={'value': 1, 'prev_value': 0, 'change': 1, 'player_num': 3}
2025-03-06 22:44:23,809 : EventManager : Event: ======'player_turn_start'====== Args={'number': 3, 'player': <Player 3>}
2025-03-06 22:44:24,221 : EventManager : Event: ======'machine_var_audits_switches_s_trough2'====== Args={'value': 10, 'prev_value': 9, 'change': 1}
2025-03-06 22:44:25,304 : EventManager : Event: ======'machine_var_audits_switches_s_trough1'====== Args={'value': 64, 'prev_value': 63, 'change': 1}
2025-03-06 22:44:25,816 : EventManager : Event: ======'machine_var_audits_switches_s_trough1'====== Args={'value': 65, 'prev_value': 64, 'change': 1}
2025-03-06 22:44:26,869 : EventManager : Event: ======'machine_var_audits_switches_s_trough2'====== Args={'value': 11, 'prev_value': 10, 'change': 1}
2025-03-06 22:44:27,767 : EventManager : Event: ======'machine_var_audits_switches_s_trough3'====== Args={'value': 9, 'prev_value': 8, 'change': 1}
2025-03-06 22:44:28,869 : EventManager : Event: ======'slides_play'====== Args={'settings': {'widgets': {'widgets': [{'type': 'text', 'text': '(score)', 'number_grouping': True, 'min_digits': 2, 'font_size': 100, '_default_settings': ['type', 'text', 'number_grouping', 'min_digits', 'font_size'], 'x': None, 'y': None, 'anchor_x': 'center', 'anchor_y': 'center', 'round_anchor_x': None, 'round_anchor_y': None, 'opacity': 1.0, 'z': 0, 'reset_animations_events': {}, 'color': [1.0, 1.0, 1.0, 1.0], 'style': [], 'adjust_top': 0, 'adjust_bottom': 0, 'adjust_left': 0, 'adjust_right': 0, 'expire': None, 'key': None, 'widget': None, 'events_when_added': [], 'events_when_removed': [], 'bitmap_font': False, 'font_kerning': True, 'bold': False, 'italic': False, 'halign': 'center', 'valign': 'middle', 'rotation': 0, 'scale': 1.0, 'casing': None, 'outline_color': [1.0, 1.0, 1.0, 1.0], 'outline_width': 0, 'animations': None}, {'type': 'text', 'text': 'PLAYER (number)', 'y': '10', 'x': '10', 'font_size': 50, 'anchor_x': 'left', 'anchor_y': 'bottom', '_default_settings': ['type', 'text', 'y', 'x', 'font_size', 'anchor_x', 'anchor_y'], 'round_anchor_x': None, 'round_anchor_y': None, 'opacity': 1.0, 'z': 0, 'reset_animations_events': {}, 'color': [1.0, 1.0, 1.0, 1.0], 'style': [], 'adjust_top': 0, 'adjust_bottom': 0, 'adjust_left': 0, 'adjust_right': 0, 'expire': None, 'key': None, 'widget': None, 'events_when_added': [], 'events_when_removed': [], 'bitmap_font': False, 'font_kerning': True, 'bold': False, 'italic': False, 'number_grouping': False, 'min_digits': 0, 'halign': 'center', 'valign': 'middle', 'rotation': 0, 'scale': 1.0, 'casing': None, 'outline_color': [1.0, 1.0, 1.0, 1.0], 'outline_width': 0, 'animations': None}, {'type': 'text', 'text': 'BALL (ball)', 'y': '10', 'x': 'right-10', 'anchor_x': 'right', 'anchor_y': 'bottom', 'font_size': 50, '_default_settings': ['type', 'text', 'y', 'x', 'anchor_x', 'anchor_y', 'font_size'], 'round_anchor_x': None, 'round_anchor_y': None, 'opacity': 1.0, 'z': 0, 'reset_animations_events': {}, 'color': [1.0, 1.0, 1.0, 1.0], 'style': [], 'adjust_top': 0, 'adjust_bottom': 0, 'adjust_left': 0, 'adjust_right': 0, 'expire': None, 'key': None, 'widget': None, 'events_when_added': [], 'events_when_removed': [], 'bitmap_font': False, 'font_kerning': True, 'bold': False, 'italic': False, 'number_grouping': False, 'min_digits': 0, 'halign': 'center', 'valign': 'middle', 'rotation': 0, 'scale': 1.0, 'casing': None, 'outline_color': [1.0, 1.0, 1.0, 1.0], 'outline_width': 0, 'animations': None}], 'target': None, 'background_color': [0.0, 0.0, 0.0, 1.0], 'priority': None, 'show': True, 'force': False, 'expire': None, 'slide': None, 'tokens': {}, 'action': 'play'}}, 'context': 'base', 'calling_context': 'mode_base_started', 'priority': 100, 'player': 3, 'ball': 1, 'balls_remaining': 2, 'is_extra_ball': False}
2025-03-06 22:44:28,883 : EventManager : Event: ======'slide_base.slide_player-mode_base_started_created'====== Args={}
2025-03-06 22:44:28,885 : EventManager : Event: ======'slide_base.slide_player-mode_base_started_active'====== Args={}
2025-03-06 22:44:29,028 : EventManager : Event: ======'machine_var_audits_switches_s_plunger_lane'====== Args={'value': 88, 'prev_value': 87, 'change': 1}
2025-03-06 22:44:32,210 : EventManager : Event: ======'machine_var_audits_switches_s_launcher_button'====== Args={'value': 40, 'prev_value': 39, 'change': 1}
2025-03-06 22:44:32,222 : EventManager : Event: ======'player_added'====== Args={'player': <Player 4>, 'num': 4}
2025-03-06 22:44:32,223 : EventManager : Event: ======'player_index'====== Args={'value': 3, 'prev_value': 3, 'change': 0, 'player_num': 4}
2025-03-06 22:44:32,223 : EventManager : Event: ======'player_number'====== Args={'value': 4, 'prev_value': 4, 'change': 0, 'player_num': 4}
2025-03-06 22:44:32,223 : EventManager : Event: ======'player_score'====== Args={'value': 0, 'prev_value': 0, 'change': 0, 'player_num': 4}
2025-03-06 22:44:32,313 : EventManager : Event: ======'machine_var_audits_switches_s_playfield_entry'====== Args={'value': 163, 'prev_value': 162, 'change': 1}
2025-03-06 22:44:33,957 : EventManager : Event: ======'machine_var_audits_switches_s_trough1'====== Args={'value': 66, 'prev_value': 65, 'change': 1}
2025-03-06 22:44:34,321 : EventManager : Event: ======'slides_clear'====== Args={'context': 'base'}
2025-03-06 22:44:34,322 : EventManager : Event: ======'slide_base.slide_player-mode_base_started_removed'====== Args={}
2025-03-06 22:44:34,324 : EventManager : Event: ======'slide_welcome_slide_active'====== Args={}
2025-03-06 22:44:34,415 : EventManager : Event: ======'player_ball'====== Args={'value': 1, 'prev_value': 0, 'change': 1, 'player_num': 4}
2025-03-06 22:44:34,415 : EventManager : Event: ======'player_turn_start'====== Args={'number': 4, 'player': <Player 4>}
2025-03-06 22:44:34,415 : EventManager : Event: ======'slides_play'====== Args={'settings': {'widgets': {'widgets': [{'type': 'text', 'text': '(score)', 'number_grouping': True, 'min_digits': 2, 'font_size': 100, '_default_settings': ['type', 'text', 'number_grouping', 'min_digits', 'font_size'], 'x': None, 'y': None, 'anchor_x': 'center', 'anchor_y': 'center', 'round_anchor_x': None, 'round_anchor_y': None, 'opacity': 1.0, 'z': 0, 'reset_animations_events': {}, 'color': [1.0, 1.0, 1.0, 1.0], 'style': [], 'adjust_top': 0, 'adjust_bottom': 0, 'adjust_left': 0, 'adjust_right': 0, 'expire': None, 'key': None, 'widget': None, 'events_when_added': [], 'events_when_removed': [], 'bitmap_font': False, 'font_kerning': True, 'bold': False, 'italic': False, 'halign': 'center', 'valign': 'middle', 'rotation': 0, 'scale': 1.0, 'casing': None, 'outline_color': [1.0, 1.0, 1.0, 1.0], 'outline_width': 0, 'animations': None}, {'type': 'text', 'text': 'PLAYER (number)', 'y': '10', 'x': '10', 'font_size': 50, 'anchor_x': 'left', 'anchor_y': 'bottom', '_default_settings': ['type', 'text', 'y', 'x', 'font_size', 'anchor_x', 'anchor_y'], 'round_anchor_x': None, 'round_anchor_y': None, 'opacity': 1.0, 'z': 0, 'reset_animations_events': {}, 'color': [1.0, 1.0, 1.0, 1.0], 'style': [], 'adjust_top': 0, 'adjust_bottom': 0, 'adjust_left': 0, 'adjust_right': 0, 'expire': None, 'key': None, 'widget': None, 'events_when_added': [], 'events_when_removed': [], 'bitmap_font': False, 'font_kerning': True, 'bold': False, 'italic': False, 'number_grouping': False, 'min_digits': 0, 'halign': 'center', 'valign': 'middle', 'rotation': 0, 'scale': 1.0, 'casing': None, 'outline_color': [1.0, 1.0, 1.0, 1.0], 'outline_width': 0, 'animations': None}, {'type': 'text', 'text': 'BALL (ball)', 'y': '10', 'x': 'right-10', 'anchor_x': 'right', 'anchor_y': 'bottom', 'font_size': 50, '_default_settings': ['type', 'text', 'y', 'x', 'anchor_x', 'anchor_y', 'font_size'], 'round_anchor_x': None, 'round_anchor_y': None, 'opacity': 1.0, 'z': 0, 'reset_animations_events': {}, 'color': [1.0, 1.0, 1.0, 1.0], 'style': [], 'adjust_top': 0, 'adjust_bottom': 0, 'adjust_left': 0, 'adjust_right': 0, 'expire': None, 'key': None, 'widget': None, 'events_when_added': [], 'events_when_removed': [], 'bitmap_font': False, 'font_kerning': True, 'bold': False, 'italic': False, 'number_grouping': False, 'min_digits': 0, 'halign': 'center', 'valign': 'middle', 'rotation': 0, 'scale': 1.0, 'casing': None, 'outline_color': [1.0, 1.0, 1.0, 1.0], 'outline_width': 0, 'animations': None}], 'target': None, 'background_color': [0.0, 0.0, 0.0, 1.0], 'priority': None, 'show': True, 'force': False, 'expire': None, 'slide': None, 'tokens': {}, 'action': 'play'}}, 'context': 'base', 'calling_context': 'mode_base_started', 'priority': 100, 'player': 4, 'ball': 1, 'balls_remaining': 2, 'is_extra_ball': False}
2025-03-06 22:44:34,421 : EventManager : Event: ======'slide_base.slide_player-mode_base_started_created'====== Args={}
2025-03-06 22:44:34,423 : EventManager : Event: ======'slide_base.slide_player-mode_base_started_active'====== Args={}
2025-03-06 22:44:34,650 : EventManager : Event: ======'machine_var_audits_switches_s_plunger_lane'====== Args={'value': 89, 'prev_value': 88, 'change': 1}
2025-03-06 22:44:35,850 : EventManager : Event: ======'machine_var_audits_switches_s_launcher_button'====== Args={'value': 41, 'prev_value': 40, 'change': 1}
2025-03-06 22:44:35,926 : EventManager : Event: ======'machine_var_audits_switches_s_playfield_entry'====== Args={'value': 164, 'prev_value': 163, 'change': 1}
2025-03-06 22:44:38,840 : EventManager : Event: ======'machine_var_audits_switches_s_trough1'====== Args={'value': 67, 'prev_value': 66, 'change': 1}
2025-03-06 22:44:39,166 : EventManager : Event: ======'slides_clear'====== Args={'context': 'base'}
2025-03-06 22:44:39,168 : EventManager : Event: ======'slide_base.slide_player-mode_base_started_removed'====== Args={}
2025-03-06 22:44:39,171 : EventManager : Event: ======'slide_welcome_slide_active'====== Args={}
2025-03-06 22:44:39,249 : EventManager : Event: ======'player_ball'====== Args={'value': 2, 'prev_value': 1, 'change': 1, 'player_num': 1}
2025-03-06 22:44:39,249 : EventManager : Event: ======'player_turn_start'====== Args={'number': 1, 'player': <Player 1>}
2025-03-06 22:44:39,262 : EventManager : Event: ======'slides_play'====== Args={'settings': {'widgets': {'widgets': [{'type': 'text', 'text': '(score)', 'number_grouping': True, 'min_digits': 2, 'font_size': 100, '_default_settings': ['type', 'text', 'number_grouping', 'min_digits', 'font_size'], 'x': None, 'y': None, 'anchor_x': 'center', 'anchor_y': 'center', 'round_anchor_x': None, 'round_anchor_y': None, 'opacity': 1.0, 'z': 0, 'reset_animations_events': {}, 'color': [1.0, 1.0, 1.0, 1.0], 'style': [], 'adjust_top': 0, 'adjust_bottom': 0, 'adjust_left': 0, 'adjust_right': 0, 'expire': None, 'key': None, 'widget': None, 'events_when_added': [], 'events_when_removed': [], 'bitmap_font': False, 'font_kerning': True, 'bold': False, 'italic': False, 'halign': 'center', 'valign': 'middle', 'rotation': 0, 'scale': 1.0, 'casing': None, 'outline_color': [1.0, 1.0, 1.0, 1.0], 'outline_width': 0, 'animations': None}, {'type': 'text', 'text': 'PLAYER (number)', 'y': '10', 'x': '10', 'font_size': 50, 'anchor_x': 'left', 'anchor_y': 'bottom', '_default_settings': ['type', 'text', 'y', 'x', 'font_size', 'anchor_x', 'anchor_y'], 'round_anchor_x': None, 'round_anchor_y': None, 'opacity': 1.0, 'z': 0, 'reset_animations_events': {}, 'color': [1.0, 1.0, 1.0, 1.0], 'style': [], 'adjust_top': 0, 'adjust_bottom': 0, 'adjust_left': 0, 'adjust_right': 0, 'expire': None, 'key': None, 'widget': None, 'events_when_added': [], 'events_when_removed': [], 'bitmap_font': False, 'font_kerning': True, 'bold': False, 'italic': False, 'number_grouping': False, 'min_digits': 0, 'halign': 'center', 'valign': 'middle', 'rotation': 0, 'scale': 1.0, 'casing': None, 'outline_color': [1.0, 1.0, 1.0, 1.0], 'outline_width': 0, 'animations': None}, {'type': 'text', 'text': 'BALL (ball)', 'y': '10', 'x': 'right-10', 'anchor_x': 'right', 'anchor_y': 'bottom', 'font_size': 50, '_default_settings': ['type', 'text', 'y', 'x', 'anchor_x', 'anchor_y', 'font_size'], 'round_anchor_x': None, 'round_anchor_y': None, 'opacity': 1.0, 'z': 0, 'reset_animations_events': {}, 'color': [1.0, 1.0, 1.0, 1.0], 'style': [], 'adjust_top': 0, 'adjust_bottom': 0, 'adjust_left': 0, 'adjust_right': 0, 'expire': None, 'key': None, 'widget': None, 'events_when_added': [], 'events_when_removed': [], 'bitmap_font': False, 'font_kerning': True, 'bold': False, 'italic': False, 'number_grouping': False, 'min_digits': 0, 'halign': 'center', 'valign': 'middle', 'rotation': 0, 'scale': 1.0, 'casing': None, 'outline_color': [1.0, 1.0, 1.0, 1.0], 'outline_width': 0, 'animations': None}], 'target': None, 'background_color': [0.0, 0.0, 0.0, 1.0], 'priority': None, 'show': True, 'force': False, 'expire': None, 'slide': None, 'tokens': {}, 'action': 'play'}}, 'context': 'base', 'calling_context': 'mode_base_started', 'priority': 100, 'player': 1, 'ball': 2, 'balls_remaining': 1, 'is_extra_ball': False}
2025-03-06 22:44:39,276 : EventManager : Event: ======'slide_base.slide_player-mode_base_started_created'====== Args={}
2025-03-06 22:44:39,280 : EventManager : Event: ======'slide_base.slide_player-mode_base_started_active'====== Args={}
2025-03-06 22:44:39,424 : EventManager : Event: ======'machine_var_audits_switches_s_plunger_lane'====== Args={'value': 90, 'prev_value': 89, 'change': 1}
2025-03-06 22:44:39,950 : EventManager : Event: ======'machine_var_audits_switches_s_launcher_button'====== Args={'value': 42, 'prev_value': 41, 'change': 1}
2025-03-06 22:44:43,592 : EventManager : Event: ======'machine_var_audits_switches_s_launcher_button'====== Args={'value': 43, 'prev_value': 42, 'change': 1}
2025-03-06 22:44:43,677 : EventManager : Event: ======'machine_var_audits_switches_s_playfield_entry'====== Args={'value': 165, 'prev_value': 164, 'change': 1}
2025-03-06 22:44:45,945 : EventManager : Event: ======'machine_var_audits_switches_s_trough1'====== Args={'value': 68, 'prev_value': 67, 'change': 1}
2025-03-06 22:44:46,330 : EventManager : Event: ======'slides_clear'====== Args={'context': 'base'}
2025-03-06 22:44:46,330 : EventManager : Event: ======'slide_base.slide_player-mode_base_started_removed'====== Args={}
2025-03-06 22:44:46,331 : EventManager : Event: ======'slide_welcome_slide_active'====== Args={}
2025-03-06 22:44:46,378 : EventManager : Event: ======'player_ball'====== Args={'value': 2, 'prev_value': 1, 'change': 1, 'player_num': 2}
2025-03-06 22:44:46,378 : EventManager : Event: ======'player_turn_start'====== Args={'number': 2, 'player': <Player 2>}
2025-03-06 22:44:46,391 : EventManager : Event: ======'slides_play'====== Args={'settings': {'widgets': {'widgets': [{'type': 'text', 'text': '(score)', 'number_grouping': True, 'min_digits': 2, 'font_size': 100, '_default_settings': ['type', 'text', 'number_grouping', 'min_digits', 'font_size'], 'x': None, 'y': None, 'anchor_x': 'center', 'anchor_y': 'center', 'round_anchor_x': None, 'round_anchor_y': None, 'opacity': 1.0, 'z': 0, 'reset_animations_events': {}, 'color': [1.0, 1.0, 1.0, 1.0], 'style': [], 'adjust_top': 0, 'adjust_bottom': 0, 'adjust_left': 0, 'adjust_right': 0, 'expire': None, 'key': None, 'widget': None, 'events_when_added': [], 'events_when_removed': [], 'bitmap_font': False, 'font_kerning': True, 'bold': False, 'italic': False, 'halign': 'center', 'valign': 'middle', 'rotation': 0, 'scale': 1.0, 'casing': None, 'outline_color': [1.0, 1.0, 1.0, 1.0], 'outline_width': 0, 'animations': None}, {'type': 'text', 'text': 'PLAYER (number)', 'y': '10', 'x': '10', 'font_size': 50, 'anchor_x': 'left', 'anchor_y': 'bottom', '_default_settings': ['type', 'text', 'y', 'x', 'font_size', 'anchor_x', 'anchor_y'], 'round_anchor_x': None, 'round_anchor_y': None, 'opacity': 1.0, 'z': 0, 'reset_animations_events': {}, 'color': [1.0, 1.0, 1.0, 1.0], 'style': [], 'adjust_top': 0, 'adjust_bottom': 0, 'adjust_left': 0, 'adjust_right': 0, 'expire': None, 'key': None, 'widget': None, 'events_when_added': [], 'events_when_removed': [], 'bitmap_font': False, 'font_kerning': True, 'bold': False, 'italic': False, 'number_grouping': False, 'min_digits': 0, 'halign': 'center', 'valign': 'middle', 'rotation': 0, 'scale': 1.0, 'casing': None, 'outline_color': [1.0, 1.0, 1.0, 1.0], 'outline_width': 0, 'animations': None}, {'type': 'text', 'text': 'BALL (ball)', 'y': '10', 'x': 'right-10', 'anchor_x': 'right', 'anchor_y': 'bottom', 'font_size': 50, '_default_settings': ['type', 'text', 'y', 'x', 'anchor_x', 'anchor_y', 'font_size'], 'round_anchor_x': None, 'round_anchor_y': None, 'opacity': 1.0, 'z': 0, 'reset_animations_events': {}, 'color': [1.0, 1.0, 1.0, 1.0], 'style': [], 'adjust_top': 0, 'adjust_bottom': 0, 'adjust_left': 0, 'adjust_right': 0, 'expire': None, 'key': None, 'widget': None, 'events_when_added': [], 'events_when_removed': [], 'bitmap_font': False, 'font_kerning': True, 'bold': False, 'italic': False, 'number_grouping': False, 'min_digits': 0, 'halign': 'center', 'valign': 'middle', 'rotation': 0, 'scale': 1.0, 'casing': None, 'outline_color': [1.0, 1.0, 1.0, 1.0], 'outline_width': 0, 'animations': None}], 'target': None, 'background_color': [0.0, 0.0, 0.0, 1.0], 'priority': None, 'show': True, 'force': False, 'expire': None, 'slide': None, 'tokens': {}, 'action': 'play'}}, 'context': 'base', 'calling_context': 'mode_base_started', 'priority': 100, 'player': 2, 'ball': 2, 'balls_remaining': 1, 'is_extra_ball': False}
2025-03-06 22:44:46,401 : EventManager : Event: ======'slide_base.slide_player-mode_base_started_created'====== Args={}
2025-03-06 22:44:46,403 : EventManager : Event: ======'slide_base.slide_player-mode_base_started_active'====== Args={}
2025-03-06 22:44:46,541 : EventManager : Event: ======'machine_var_audits_switches_s_plunger_lane'====== Args={'value': 91, 'prev_value': 90, 'change': 1}
2025-03-06 22:44:47,950 : EventManager : Event: ======'machine_var_audits_switches_s_launcher_button'====== Args={'value': 44, 'prev_value': 43, 'change': 1}
2025-03-06 22:44:48,024 : EventManager : Event: ======'machine_var_audits_switches_s_playfield_entry'====== Args={'value': 166, 'prev_value': 165, 'change': 1}
2025-03-06 22:44:49,131 : EventManager : Event: ======'machine_var_audits_switches_s_trough1'====== Args={'value': 69, 'prev_value': 68, 'change': 1}
2025-03-06 22:44:49,454 : EventManager : Event: ======'slides_clear'====== Args={'context': 'base'}
2025-03-06 22:44:49,456 : EventManager : Event: ======'slide_base.slide_player-mode_base_started_removed'====== Args={}
2025-03-06 22:44:49,457 : EventManager : Event: ======'slide_welcome_slide_active'====== Args={}
2025-03-06 22:44:49,604 : EventManager : Event: ======'player_ball'====== Args={'value': 2, 'prev_value': 1, 'change': 1, 'player_num': 3}
2025-03-06 22:44:49,604 : EventManager : Event: ======'player_turn_start'====== Args={'number': 3, 'player': <Player 3>}
2025-03-06 22:44:49,628 : EventManager : Event: ======'slides_play'====== Args={'settings': {'widgets': {'widgets': [{'type': 'text', 'text': '(score)', 'number_grouping': True, 'min_digits': 2, 'font_size': 100, '_default_settings': ['type', 'text', 'number_grouping', 'min_digits', 'font_size'], 'x': None, 'y': None, 'anchor_x': 'center', 'anchor_y': 'center', 'round_anchor_x': None, 'round_anchor_y': None, 'opacity': 1.0, 'z': 0, 'reset_animations_events': {}, 'color': [1.0, 1.0, 1.0, 1.0], 'style': [], 'adjust_top': 0, 'adjust_bottom': 0, 'adjust_left': 0, 'adjust_right': 0, 'expire': None, 'key': None, 'widget': None, 'events_when_added': [], 'events_when_removed': [], 'bitmap_font': False, 'font_kerning': True, 'bold': False, 'italic': False, 'halign': 'center', 'valign': 'middle', 'rotation': 0, 'scale': 1.0, 'casing': None, 'outline_color': [1.0, 1.0, 1.0, 1.0], 'outline_width': 0, 'animations': None}, {'type': 'text', 'text': 'PLAYER (number)', 'y': '10', 'x': '10', 'font_size': 50, 'anchor_x': 'left', 'anchor_y': 'bottom', '_default_settings': ['type', 'text', 'y', 'x', 'font_size', 'anchor_x', 'anchor_y'], 'round_anchor_x': None, 'round_anchor_y': None, 'opacity': 1.0, 'z': 0, 'reset_animations_events': {}, 'color': [1.0, 1.0, 1.0, 1.0], 'style': [], 'adjust_top': 0, 'adjust_bottom': 0, 'adjust_left': 0, 'adjust_right': 0, 'expire': None, 'key': None, 'widget': None, 'events_when_added': [], 'events_when_removed': [], 'bitmap_font': False, 'font_kerning': True, 'bold': False, 'italic': False, 'number_grouping': False, 'min_digits': 0, 'halign': 'center', 'valign': 'middle', 'rotation': 0, 'scale': 1.0, 'casing': None, 'outline_color': [1.0, 1.0, 1.0, 1.0], 'outline_width': 0, 'animations': None}, {'type': 'text', 'text': 'BALL (ball)', 'y': '10', 'x': 'right-10', 'anchor_x': 'right', 'anchor_y': 'bottom', 'font_size': 50, '_default_settings': ['type', 'text', 'y', 'x', 'anchor_x', 'anchor_y', 'font_size'], 'round_anchor_x': None, 'round_anchor_y': None, 'opacity': 1.0, 'z': 0, 'reset_animations_events': {}, 'color': [1.0, 1.0, 1.0, 1.0], 'style': [], 'adjust_top': 0, 'adjust_bottom': 0, 'adjust_left': 0, 'adjust_right': 0, 'expire': None, 'key': None, 'widget': None, 'events_when_added': [], 'events_when_removed': [], 'bitmap_font': False, 'font_kerning': True, 'bold': False, 'italic': False, 'number_grouping': False, 'min_digits': 0, 'halign': 'center', 'valign': 'middle', 'rotation': 0, 'scale': 1.0, 'casing': None, 'outline_color': [1.0, 1.0, 1.0, 1.0], 'outline_width': 0, 'animations': None}], 'target': None, 'background_color': [0.0, 0.0, 0.0, 1.0], 'priority': None, 'show': True, 'force': False, 'expire': None, 'slide': None, 'tokens': {}, 'action': 'play'}}, 'context': 'base', 'calling_context': 'mode_base_started', 'priority': 100, 'player': 3, 'ball': 2, 'balls_remaining': 1, 'is_extra_ball': False}
2025-03-06 22:44:49,638 : EventManager : Event: ======'slide_base.slide_player-mode_base_started_created'====== Args={}
2025-03-06 22:44:49,641 : EventManager : Event: ======'slide_base.slide_player-mode_base_started_active'====== Args={}
2025-03-06 22:44:49,844 : EventManager : Event: ======'machine_var_audits_switches_s_plunger_lane'====== Args={'value': 92, 'prev_value': 91, 'change': 1}
2025-03-06 22:44:50,588 : EventManager : Event: ======'machine_var_audits_switches_s_launcher_button'====== Args={'value': 45, 'prev_value': 44, 'change': 1}
2025-03-06 22:44:50,671 : EventManager : Event: ======'machine_var_audits_switches_s_playfield_entry'====== Args={'value': 167, 'prev_value': 166, 'change': 1}
2025-03-06 22:44:52,066 : EventManager : Event: ======'machine_var_audits_switches_s_trough1'====== Args={'value': 70, 'prev_value': 69, 'change': 1}
2025-03-06 22:44:52,387 : EventManager : Event: ======'slides_clear'====== Args={'context': 'base'}
2025-03-06 22:44:52,389 : EventManager : Event: ======'slide_base.slide_player-mode_base_started_removed'====== Args={}
2025-03-06 22:44:52,390 : EventManager : Event: ======'slide_welcome_slide_active'====== Args={}
2025-03-06 22:44:52,449 : EventManager : Event: ======'player_ball'====== Args={'value': 2, 'prev_value': 1, 'change': 1, 'player_num': 4}
2025-03-06 22:44:52,449 : EventManager : Event: ======'player_turn_start'====== Args={'number': 4, 'player': <Player 4>}
2025-03-06 22:44:52,449 : EventManager : Event: ======'slides_play'====== Args={'settings': {'widgets': {'widgets': [{'type': 'text', 'text': '(score)', 'number_grouping': True, 'min_digits': 2, 'font_size': 100, '_default_settings': ['type', 'text', 'number_grouping', 'min_digits', 'font_size'], 'x': None, 'y': None, 'anchor_x': 'center', 'anchor_y': 'center', 'round_anchor_x': None, 'round_anchor_y': None, 'opacity': 1.0, 'z': 0, 'reset_animations_events': {}, 'color': [1.0, 1.0, 1.0, 1.0], 'style': [], 'adjust_top': 0, 'adjust_bottom': 0, 'adjust_left': 0, 'adjust_right': 0, 'expire': None, 'key': None, 'widget': None, 'events_when_added': [], 'events_when_removed': [], 'bitmap_font': False, 'font_kerning': True, 'bold': False, 'italic': False, 'halign': 'center', 'valign': 'middle', 'rotation': 0, 'scale': 1.0, 'casing': None, 'outline_color': [1.0, 1.0, 1.0, 1.0], 'outline_width': 0, 'animations': None}, {'type': 'text', 'text': 'PLAYER (number)', 'y': '10', 'x': '10', 'font_size': 50, 'anchor_x': 'left', 'anchor_y': 'bottom', '_default_settings': ['type', 'text', 'y', 'x', 'font_size', 'anchor_x', 'anchor_y'], 'round_anchor_x': None, 'round_anchor_y': None, 'opacity': 1.0, 'z': 0, 'reset_animations_events': {}, 'color': [1.0, 1.0, 1.0, 1.0], 'style': [], 'adjust_top': 0, 'adjust_bottom': 0, 'adjust_left': 0, 'adjust_right': 0, 'expire': None, 'key': None, 'widget': None, 'events_when_added': [], 'events_when_removed': [], 'bitmap_font': False, 'font_kerning': True, 'bold': False, 'italic': False, 'number_grouping': False, 'min_digits': 0, 'halign': 'center', 'valign': 'middle', 'rotation': 0, 'scale': 1.0, 'casing': None, 'outline_color': [1.0, 1.0, 1.0, 1.0], 'outline_width': 0, 'animations': None}, {'type': 'text', 'text': 'BALL (ball)', 'y': '10', 'x': 'right-10', 'anchor_x': 'right', 'anchor_y': 'bottom', 'font_size': 50, '_default_settings': ['type', 'text', 'y', 'x', 'anchor_x', 'anchor_y', 'font_size'], 'round_anchor_x': None, 'round_anchor_y': None, 'opacity': 1.0, 'z': 0, 'reset_animations_events': {}, 'color': [1.0, 1.0, 1.0, 1.0], 'style': [], 'adjust_top': 0, 'adjust_bottom': 0, 'adjust_left': 0, 'adjust_right': 0, 'expire': None, 'key': None, 'widget': None, 'events_when_added': [], 'events_when_removed': [], 'bitmap_font': False, 'font_kerning': True, 'bold': False, 'italic': False, 'number_grouping': False, 'min_digits': 0, 'halign': 'center', 'valign': 'middle', 'rotation': 0, 'scale': 1.0, 'casing': None, 'outline_color': [1.0, 1.0, 1.0, 1.0], 'outline_width': 0, 'animations': None}], 'target': None, 'background_color': [0.0, 0.0, 0.0, 1.0], 'priority': None, 'show': True, 'force': False, 'expire': None, 'slide': None, 'tokens': {}, 'action': 'play'}}, 'context': 'base', 'calling_context': 'mode_base_started', 'priority': 100, 'player': 4, 'ball': 2, 'balls_remaining': 1, 'is_extra_ball': False}
2025-03-06 22:44:52,453 : EventManager : Event: ======'slide_base.slide_player-mode_base_started_created'====== Args={}
2025-03-06 22:44:52,454 : EventManager : Event: ======'slide_base.slide_player-mode_base_started_active'====== Args={}
2025-03-06 22:44:52,580 : EventManager : Event: ======'machine_var_audits_switches_s_plunger_lane'====== Args={'value': 93, 'prev_value': 92, 'change': 1}
2025-03-06 22:44:53,700 : EventManager : Event: ======'machine_var_audits_switches_s_launcher_button'====== Args={'value': 46, 'prev_value': 45, 'change': 1}
2025-03-06 22:44:53,788 : EventManager : Event: ======'machine_var_audits_switches_s_playfield_entry'====== Args={'value': 168, 'prev_value': 167, 'change': 1}
2025-03-06 22:44:56,706 : EventManager : Event: ======'machine_var_audits_switches_s_pointTarget'====== Args={'value': 72, 'prev_value': 71, 'change': 1}
2025-03-06 22:44:56,719 : EventManager : Event: ======'player_score'====== Args={'value': 100, 'prev_value': 0, 'change': 100, 'player_num': 4}
2025-03-06 22:44:57,008 : EventManager : Event: ======'machine_var_audits_switches_s_pointTarget'====== Args={'value': 73, 'prev_value': 72, 'change': 1}
2025-03-06 22:44:57,008 : EventManager : Event: ======'player_score'====== Args={'value': 200, 'prev_value': 100, 'change': 100, 'player_num': 4}
2025-03-06 22:44:57,196 : EventManager : Event: ======'machine_var_audits_switches_s_pointTarget'====== Args={'value': 74, 'prev_value': 73, 'change': 1}
2025-03-06 22:44:57,197 : EventManager : Event: ======'player_score'====== Args={'value': 300, 'prev_value': 200, 'change': 100, 'player_num': 4}
2025-03-06 22:44:57,390 : EventManager : Event: ======'machine_var_audits_switches_s_pointTarget'====== Args={'value': 75, 'prev_value': 74, 'change': 1}
2025-03-06 22:44:57,391 : EventManager : Event: ======'player_score'====== Args={'value': 400, 'prev_value': 300, 'change': 100, 'player_num': 4}
2025-03-06 22:44:57,584 : EventManager : Event: ======'machine_var_audits_switches_s_pointTarget'====== Args={'value': 76, 'prev_value': 75, 'change': 1}
2025-03-06 22:44:57,586 : EventManager : Event: ======'player_score'====== Args={'value': 500, 'prev_value': 400, 'change': 100, 'player_num': 4}
2025-03-06 22:44:57,800 : EventManager : Event: ======'machine_var_audits_switches_s_pointTarget'====== Args={'value': 77, 'prev_value': 76, 'change': 1}
2025-03-06 22:44:57,800 : EventManager : Event: ======'player_score'====== Args={'value': 600, 'prev_value': 500, 'change': 100, 'player_num': 4}
2025-03-06 22:44:58,010 : EventManager : Event: ======'machine_var_audits_switches_s_pointTarget'====== Args={'value': 78, 'prev_value': 77, 'change': 1}
2025-03-06 22:44:58,011 : EventManager : Event: ======'player_score'====== Args={'value': 700, 'prev_value': 600, 'change': 100, 'player_num': 4}
2025-03-06 22:44:58,259 : EventManager : Event: ======'machine_var_audits_switches_s_pointTarget'====== Args={'value': 79, 'prev_value': 78, 'change': 1}
2025-03-06 22:44:58,260 : EventManager : Event: ======'player_score'====== Args={'value': 800, 'prev_value': 700, 'change': 100, 'player_num': 4}
2025-03-06 22:44:58,750 : EventManager : Event: ======'machine_var_audits_switches_s_trough1'====== Args={'value': 71, 'prev_value': 70, 'change': 1}
2025-03-06 22:44:59,068 : EventManager : Event: ======'slides_clear'====== Args={'context': 'base'}
2025-03-06 22:44:59,070 : EventManager : Event: ======'slide_base.slide_player-mode_base_started_removed'====== Args={}
2025-03-06 22:44:59,072 : EventManager : Event: ======'slide_welcome_slide_active'====== Args={}
2025-03-06 22:44:59,199 : EventManager : Event: ======'player_ball'====== Args={'value': 3, 'prev_value': 2, 'change': 1, 'player_num': 1}
2025-03-06 22:44:59,199 : EventManager : Event: ======'player_turn_start'====== Args={'number': 1, 'player': <Player 1>}
2025-03-06 22:44:59,224 : EventManager : Event: ======'slides_play'====== Args={'settings': {'widgets': {'widgets': [{'type': 'text', 'text': '(score)', 'number_grouping': True, 'min_digits': 2, 'font_size': 100, '_default_settings': ['type', 'text', 'number_grouping', 'min_digits', 'font_size'], 'x': None, 'y': None, 'anchor_x': 'center', 'anchor_y': 'center', 'round_anchor_x': None, 'round_anchor_y': None, 'opacity': 1.0, 'z': 0, 'reset_animations_events': {}, 'color': [1.0, 1.0, 1.0, 1.0], 'style': [], 'adjust_top': 0, 'adjust_bottom': 0, 'adjust_left': 0, 'adjust_right': 0, 'expire': None, 'key': None, 'widget': None, 'events_when_added': [], 'events_when_removed': [], 'bitmap_font': False, 'font_kerning': True, 'bold': False, 'italic': False, 'halign': 'center', 'valign': 'middle', 'rotation': 0, 'scale': 1.0, 'casing': None, 'outline_color': [1.0, 1.0, 1.0, 1.0], 'outline_width': 0, 'animations': None}, {'type': 'text', 'text': 'PLAYER (number)', 'y': '10', 'x': '10', 'font_size': 50, 'anchor_x': 'left', 'anchor_y': 'bottom', '_default_settings': ['type', 'text', 'y', 'x', 'font_size', 'anchor_x', 'anchor_y'], 'round_anchor_x': None, 'round_anchor_y': None, 'opacity': 1.0, 'z': 0, 'reset_animations_events': {}, 'color': [1.0, 1.0, 1.0, 1.0], 'style': [], 'adjust_top': 0, 'adjust_bottom': 0, 'adjust_left': 0, 'adjust_right': 0, 'expire': None, 'key': None, 'widget': None, 'events_when_added': [], 'events_when_removed': [], 'bitmap_font': False, 'font_kerning': True, 'bold': False, 'italic': False, 'number_grouping': False, 'min_digits': 0, 'halign': 'center', 'valign': 'middle', 'rotation': 0, 'scale': 1.0, 'casing': None, 'outline_color': [1.0, 1.0, 1.0, 1.0], 'outline_width': 0, 'animations': None}, {'type': 'text', 'text': 'BALL (ball)', 'y': '10', 'x': 'right-10', 'anchor_x': 'right', 'anchor_y': 'bottom', 'font_size': 50, '_default_settings': ['type', 'text', 'y', 'x', 'anchor_x', 'anchor_y', 'font_size'], 'round_anchor_x': None, 'round_anchor_y': None, 'opacity': 1.0, 'z': 0, 'reset_animations_events': {}, 'color': [1.0, 1.0, 1.0, 1.0], 'style': [], 'adjust_top': 0, 'adjust_bottom': 0, 'adjust_left': 0, 'adjust_right': 0, 'expire': None, 'key': None, 'widget': None, 'events_when_added': [], 'events_when_removed': [], 'bitmap_font': False, 'font_kerning': True, 'bold': False, 'italic': False, 'number_grouping': False, 'min_digits': 0, 'halign': 'center', 'valign': 'middle', 'rotation': 0, 'scale': 1.0, 'casing': None, 'outline_color': [1.0, 1.0, 1.0, 1.0], 'outline_width': 0, 'animations': None}], 'target': None, 'background_color': [0.0, 0.0, 0.0, 1.0], 'priority': None, 'show': True, 'force': False, 'expire': None, 'slide': None, 'tokens': {}, 'action': 'play'}}, 'context': 'base', 'calling_context': 'mode_base_started', 'priority': 100, 'player': 1, 'ball': 3, 'balls_remaining': 0, 'is_extra_ball': False}
2025-03-06 22:44:59,237 : EventManager : Event: ======'slide_base.slide_player-mode_base_started_created'====== Args={}
2025-03-06 22:44:59,243 : EventManager : Event: ======'slide_base.slide_player-mode_base_started_active'====== Args={}
2025-03-06 22:44:59,432 : EventManager : Event: ======'machine_var_audits_switches_s_plunger_lane'====== Args={'value': 94, 'prev_value': 93, 'change': 1}
2025-03-06 22:45:00,531 : EventManager : Event: ======'machine_var_audits_switches_s_launcher_button'====== Args={'value': 47, 'prev_value': 46, 'change': 1}
2025-03-06 22:45:00,643 : EventManager : Event: ======'machine_var_audits_switches_s_playfield_entry'====== Args={'value': 169, 'prev_value': 168, 'change': 1}
2025-03-06 22:45:01,900 : EventManager : Event: ======'machine_var_audits_switches_s_pointTarget'====== Args={'value': 80, 'prev_value': 79, 'change': 1}
2025-03-06 22:45:01,901 : EventManager : Event: ======'player_score'====== Args={'value': 100, 'prev_value': 0, 'change': 100, 'player_num': 1}
2025-03-06 22:45:02,513 : EventManager : Event: ======'machine_var_audits_switches_s_pointTarget'====== Args={'value': 81, 'prev_value': 80, 'change': 1}
2025-03-06 22:45:02,513 : EventManager : Event: ======'player_score'====== Args={'value': 200, 'prev_value': 100, 'change': 100, 'player_num': 1}
2025-03-06 22:45:02,828 : EventManager : Event: ======'machine_var_audits_switches_s_pointTarget'====== Args={'value': 82, 'prev_value': 81, 'change': 1}
2025-03-06 22:45:02,829 : EventManager : Event: ======'player_score'====== Args={'value': 300, 'prev_value': 200, 'change': 100, 'player_num': 1}
2025-03-06 22:45:03,156 : EventManager : Event: ======'machine_var_audits_switches_s_pointTarget'====== Args={'value': 83, 'prev_value': 82, 'change': 1}
2025-03-06 22:45:03,157 : EventManager : Event: ======'player_score'====== Args={'value': 400, 'prev_value': 300, 'change': 100, 'player_num': 1}
2025-03-06 22:45:03,487 : EventManager : Event: ======'machine_var_audits_switches_s_pointTarget'====== Args={'value': 84, 'prev_value': 83, 'change': 1}
2025-03-06 22:45:03,488 : EventManager : Event: ======'player_score'====== Args={'value': 500, 'prev_value': 400, 'change': 100, 'player_num': 1}
2025-03-06 22:45:03,864 : EventManager : Event: ======'machine_var_audits_switches_s_pointTarget'====== Args={'value': 85, 'prev_value': 84, 'change': 1}
2025-03-06 22:45:03,864 : EventManager : Event: ======'player_score'====== Args={'value': 600, 'prev_value': 500, 'change': 100, 'player_num': 1}
2025-03-06 22:45:04,205 : EventManager : Event: ======'machine_var_audits_switches_s_pointTarget'====== Args={'value': 86, 'prev_value': 85, 'change': 1}
2025-03-06 22:45:04,206 : EventManager : Event: ======'player_score'====== Args={'value': 700, 'prev_value': 600, 'change': 100, 'player_num': 1}
2025-03-06 22:45:04,451 : EventManager : Event: ======'machine_var_audits_switches_s_pointTarget'====== Args={'value': 87, 'prev_value': 86, 'change': 1}
2025-03-06 22:45:04,464 : EventManager : Event: ======'player_score'====== Args={'value': 800, 'prev_value': 700, 'change': 100, 'player_num': 1}
2025-03-06 22:45:04,662 : EventManager : Event: ======'machine_var_audits_switches_s_pointTarget'====== Args={'value': 88, 'prev_value': 87, 'change': 1}
2025-03-06 22:45:04,663 : EventManager : Event: ======'player_score'====== Args={'value': 900, 'prev_value': 800, 'change': 100, 'player_num': 1}
2025-03-06 22:45:04,878 : EventManager : Event: ======'machine_var_audits_switches_s_pointTarget'====== Args={'value': 89, 'prev_value': 88, 'change': 1}
2025-03-06 22:45:04,879 : EventManager : Event: ======'player_score'====== Args={'value': 1000, 'prev_value': 900, 'change': 100, 'player_num': 1}
2025-03-06 22:45:05,062 : EventManager : Event: ======'machine_var_audits_switches_s_pointTarget'====== Args={'value': 90, 'prev_value': 89, 'change': 1}
2025-03-06 22:45:05,074 : EventManager : Event: ======'player_score'====== Args={'value': 1100, 'prev_value': 1000, 'change': 100, 'player_num': 1}
2025-03-06 22:45:05,282 : EventManager : Event: ======'machine_var_audits_switches_s_pointTarget'====== Args={'value': 91, 'prev_value': 90, 'change': 1}
2025-03-06 22:45:05,293 : EventManager : Event: ======'player_score'====== Args={'value': 1200, 'prev_value': 1100, 'change': 100, 'player_num': 1}
2025-03-06 22:45:05,508 : EventManager : Event: ======'machine_var_audits_switches_s_pointTarget'====== Args={'value': 92, 'prev_value': 91, 'change': 1}
2025-03-06 22:45:05,508 : EventManager : Event: ======'player_score'====== Args={'value': 1300, 'prev_value': 1200, 'change': 100, 'player_num': 1}
2025-03-06 22:45:05,704 : EventManager : Event: ======'machine_var_audits_switches_s_pointTarget'====== Args={'value': 93, 'prev_value': 92, 'change': 1}
2025-03-06 22:45:05,705 : EventManager : Event: ======'player_score'====== Args={'value': 1400, 'prev_value': 1300, 'change': 100, 'player_num': 1}
2025-03-06 22:45:05,910 : EventManager : Event: ======'machine_var_audits_switches_s_pointTarget'====== Args={'value': 94, 'prev_value': 93, 'change': 1}
2025-03-06 22:45:05,911 : EventManager : Event: ======'player_score'====== Args={'value': 1500, 'prev_value': 1400, 'change': 100, 'player_num': 1}
2025-03-06 22:45:06,118 : EventManager : Event: ======'machine_var_audits_switches_s_pointTarget'====== Args={'value': 95, 'prev_value': 94, 'change': 1}
2025-03-06 22:45:06,118 : EventManager : Event: ======'player_score'====== Args={'value': 1600, 'prev_value': 1500, 'change': 100, 'player_num': 1}
2025-03-06 22:45:06,332 : EventManager : Event: ======'machine_var_audits_switches_s_pointTarget'====== Args={'value': 96, 'prev_value': 95, 'change': 1}
2025-03-06 22:45:06,332 : EventManager : Event: ======'player_score'====== Args={'value': 1700, 'prev_value': 1600, 'change': 100, 'player_num': 1}
2025-03-06 22:45:06,532 : EventManager : Event: ======'machine_var_audits_switches_s_pointTarget'====== Args={'value': 97, 'prev_value': 96, 'change': 1}
2025-03-06 22:45:06,533 : EventManager : Event: ======'player_score'====== Args={'value': 1800, 'prev_value': 1700, 'change': 100, 'player_num': 1}
2025-03-06 22:45:06,746 : EventManager : Event: ======'machine_var_audits_switches_s_pointTarget'====== Args={'value': 98, 'prev_value': 97, 'change': 1}
2025-03-06 22:45:06,747 : EventManager : Event: ======'player_score'====== Args={'value': 1900, 'prev_value': 1800, 'change': 100, 'player_num': 1}
2025-03-06 22:45:06,960 : EventManager : Event: ======'machine_var_audits_switches_s_pointTarget'====== Args={'value': 99, 'prev_value': 98, 'change': 1}
2025-03-06 22:45:06,961 : EventManager : Event: ======'player_score'====== Args={'value': 2000, 'prev_value': 1900, 'change': 100, 'player_num': 1}
2025-03-06 22:45:07,185 : EventManager : Event: ======'machine_var_audits_switches_s_pointTarget'====== Args={'value': 100, 'prev_value': 99, 'change': 1}
2025-03-06 22:45:07,185 : EventManager : Event: ======'player_score'====== Args={'value': 2100, 'prev_value': 2000, 'change': 100, 'player_num': 1}
2025-03-06 22:45:07,884 : EventManager : Event: ======'machine_var_audits_switches_s_trough1'====== Args={'value': 72, 'prev_value': 71, 'change': 1}
2025-03-06 22:45:08,195 : EventManager : Event: ======'slides_clear'====== Args={'context': 'base'}
2025-03-06 22:45:08,196 : EventManager : Event: ======'slide_base.slide_player-mode_base_started_removed'====== Args={}
2025-03-06 22:45:08,198 : EventManager : Event: ======'slide_welcome_slide_active'====== Args={}
2025-03-06 22:45:08,291 : EventManager : Event: ======'player_ball'====== Args={'value': 3, 'prev_value': 2, 'change': 1, 'player_num': 2}
2025-03-06 22:45:08,291 : EventManager : Event: ======'player_turn_start'====== Args={'number': 2, 'player': <Player 2>}
2025-03-06 22:45:08,291 : EventManager : Event: ======'slides_play'====== Args={'settings': {'widgets': {'widgets': [{'type': 'text', 'text': '(score)', 'number_grouping': True, 'min_digits': 2, 'font_size': 100, '_default_settings': ['type', 'text', 'number_grouping', 'min_digits', 'font_size'], 'x': None, 'y': None, 'anchor_x': 'center', 'anchor_y': 'center', 'round_anchor_x': None, 'round_anchor_y': None, 'opacity': 1.0, 'z': 0, 'reset_animations_events': {}, 'color': [1.0, 1.0, 1.0, 1.0], 'style': [], 'adjust_top': 0, 'adjust_bottom': 0, 'adjust_left': 0, 'adjust_right': 0, 'expire': None, 'key': None, 'widget': None, 'events_when_added': [], 'events_when_removed': [], 'bitmap_font': False, 'font_kerning': True, 'bold': False, 'italic': False, 'halign': 'center', 'valign': 'middle', 'rotation': 0, 'scale': 1.0, 'casing': None, 'outline_color': [1.0, 1.0, 1.0, 1.0], 'outline_width': 0, 'animations': None}, {'type': 'text', 'text': 'PLAYER (number)', 'y': '10', 'x': '10', 'font_size': 50, 'anchor_x': 'left', 'anchor_y': 'bottom', '_default_settings': ['type', 'text', 'y', 'x', 'font_size', 'anchor_x', 'anchor_y'], 'round_anchor_x': None, 'round_anchor_y': None, 'opacity': 1.0, 'z': 0, 'reset_animations_events': {}, 'color': [1.0, 1.0, 1.0, 1.0], 'style': [], 'adjust_top': 0, 'adjust_bottom': 0, 'adjust_left': 0, 'adjust_right': 0, 'expire': None, 'key': None, 'widget': None, 'events_when_added': [], 'events_when_removed': [], 'bitmap_font': False, 'font_kerning': True, 'bold': False, 'italic': False, 'number_grouping': False, 'min_digits': 0, 'halign': 'center', 'valign': 'middle', 'rotation': 0, 'scale': 1.0, 'casing': None, 'outline_color': [1.0, 1.0, 1.0, 1.0], 'outline_width': 0, 'animations': None}, {'type': 'text', 'text': 'BALL (ball)', 'y': '10', 'x': 'right-10', 'anchor_x': 'right', 'anchor_y': 'bottom', 'font_size': 50, '_default_settings': ['type', 'text', 'y', 'x', 'anchor_x', 'anchor_y', 'font_size'], 'round_anchor_x': None, 'round_anchor_y': None, 'opacity': 1.0, 'z': 0, 'reset_animations_events': {}, 'color': [1.0, 1.0, 1.0, 1.0], 'style': [], 'adjust_top': 0, 'adjust_bottom': 0, 'adjust_left': 0, 'adjust_right': 0, 'expire': None, 'key': None, 'widget': None, 'events_when_added': [], 'events_when_removed': [], 'bitmap_font': False, 'font_kerning': True, 'bold': False, 'italic': False, 'number_grouping': False, 'min_digits': 0, 'halign': 'center', 'valign': 'middle', 'rotation': 0, 'scale': 1.0, 'casing': None, 'outline_color': [1.0, 1.0, 1.0, 1.0], 'outline_width': 0, 'animations': None}], 'target': None, 'background_color': [0.0, 0.0, 0.0, 1.0], 'priority': None, 'show': True, 'force': False, 'expire': None, 'slide': None, 'tokens': {}, 'action': 'play'}}, 'context': 'base', 'calling_context': 'mode_base_started', 'priority': 100, 'player': 2, 'ball': 3, 'balls_remaining': 0, 'is_extra_ball': False}
2025-03-06 22:45:08,294 : EventManager : Event: ======'slide_base.slide_player-mode_base_started_created'====== Args={}
2025-03-06 22:45:08,296 : EventManager : Event: ======'slide_base.slide_player-mode_base_started_active'====== Args={}
2025-03-06 22:45:08,449 : EventManager : Event: ======'machine_var_audits_switches_s_plunger_lane'====== Args={'value': 95, 'prev_value': 94, 'change': 1}
2025-03-06 22:45:10,699 : EventManager : Event: ======'machine_var_audits_switches_s_launcher_button'====== Args={'value': 48, 'prev_value': 47, 'change': 1}
2025-03-06 22:45:10,773 : EventManager : Event: ======'machine_var_audits_switches_s_playfield_entry'====== Args={'value': 170, 'prev_value': 169, 'change': 1}
2025-03-06 22:45:11,965 : EventManager : Event: ======'machine_var_audits_switches_s_pointTarget'====== Args={'value': 101, 'prev_value': 100, 'change': 1}
2025-03-06 22:45:11,966 : EventManager : Event: ======'player_score'====== Args={'value': 100, 'prev_value': 0, 'change': 100, 'player_num': 2}
2025-03-06 22:45:12,983 : EventManager : Event: ======'machine_var_audits_switches_s_pointTarget'====== Args={'value': 102, 'prev_value': 101, 'change': 1}
2025-03-06 22:45:12,984 : EventManager : Event: ======'player_score'====== Args={'value': 200, 'prev_value': 100, 'change': 100, 'player_num': 2}
2025-03-06 22:45:13,603 : EventManager : Event: ======'machine_var_audits_switches_s_pointTarget'====== Args={'value': 103, 'prev_value': 102, 'change': 1}
2025-03-06 22:45:13,603 : EventManager : Event: ======'player_score'====== Args={'value': 300, 'prev_value': 200, 'change': 100, 'player_num': 2}
2025-03-06 22:45:13,828 : EventManager : Event: ======'machine_var_audits_switches_s_pointTarget'====== Args={'value': 104, 'prev_value': 103, 'change': 1}
2025-03-06 22:45:13,829 : EventManager : Event: ======'player_score'====== Args={'value': 400, 'prev_value': 300, 'change': 100, 'player_num': 2}
2025-03-06 22:45:14,092 : EventManager : Event: ======'machine_var_audits_switches_s_pointTarget'====== Args={'value': 105, 'prev_value': 104, 'change': 1}
2025-03-06 22:45:14,093 : EventManager : Event: ======'player_score'====== Args={'value': 500, 'prev_value': 400, 'change': 100, 'player_num': 2}
2025-03-06 22:45:14,376 : EventManager : Event: ======'machine_var_audits_switches_s_pointTarget'====== Args={'value': 106, 'prev_value': 105, 'change': 1}
2025-03-06 22:45:14,376 : EventManager : Event: ======'player_score'====== Args={'value': 600, 'prev_value': 500, 'change': 100, 'player_num': 2}
2025-03-06 22:45:14,636 : EventManager : Event: ======'machine_var_audits_switches_s_pointTarget'====== Args={'value': 107, 'prev_value': 106, 'change': 1}
2025-03-06 22:45:14,636 : EventManager : Event: ======'player_score'====== Args={'value': 700, 'prev_value': 600, 'change': 100, 'player_num': 2}
2025-03-06 22:45:14,936 : EventManager : Event: ======'machine_var_audits_switches_s_pointTarget'====== Args={'value': 108, 'prev_value': 107, 'change': 1}
2025-03-06 22:45:14,936 : EventManager : Event: ======'player_score'====== Args={'value': 800, 'prev_value': 700, 'change': 100, 'player_num': 2}
2025-03-06 22:45:15,730 : EventManager : Event: ======'machine_var_audits_switches_s_pointTarget'====== Args={'value': 109, 'prev_value': 108, 'change': 1}
2025-03-06 22:45:15,742 : EventManager : Event: ======'player_score'====== Args={'value': 900, 'prev_value': 800, 'change': 100, 'player_num': 2}
2025-03-06 22:45:19,442 : EventManager : Event: ======'machine_var_audits_switches_s_trough1'====== Args={'value': 73, 'prev_value': 72, 'change': 1}
2025-03-06 22:45:19,755 : EventManager : Event: ======'slides_clear'====== Args={'context': 'base'}
2025-03-06 22:45:19,756 : EventManager : Event: ======'slide_base.slide_player-mode_base_started_removed'====== Args={}
2025-03-06 22:45:19,758 : EventManager : Event: ======'slide_welcome_slide_active'====== Args={}
2025-03-06 22:45:19,951 : EventManager : Event: ======'player_ball'====== Args={'value': 3, 'prev_value': 2, 'change': 1, 'player_num': 3}
2025-03-06 22:45:19,951 : EventManager : Event: ======'player_turn_start'====== Args={'number': 3, 'player': <Player 3>}
2025-03-06 22:45:19,966 : EventManager : Event: ======'slides_play'====== Args={'settings': {'widgets': {'widgets': [{'type': 'text', 'text': '(score)', 'number_grouping': True, 'min_digits': 2, 'font_size': 100, '_default_settings': ['type', 'text', 'number_grouping', 'min_digits', 'font_size'], 'x': None, 'y': None, 'anchor_x': 'center', 'anchor_y': 'center', 'round_anchor_x': None, 'round_anchor_y': None, 'opacity': 1.0, 'z': 0, 'reset_animations_events': {}, 'color': [1.0, 1.0, 1.0, 1.0], 'style': [], 'adjust_top': 0, 'adjust_bottom': 0, 'adjust_left': 0, 'adjust_right': 0, 'expire': None, 'key': None, 'widget': None, 'events_when_added': [], 'events_when_removed': [], 'bitmap_font': False, 'font_kerning': True, 'bold': False, 'italic': False, 'halign': 'center', 'valign': 'middle', 'rotation': 0, 'scale': 1.0, 'casing': None, 'outline_color': [1.0, 1.0, 1.0, 1.0], 'outline_width': 0, 'animations': None}, {'type': 'text', 'text': 'PLAYER (number)', 'y': '10', 'x': '10', 'font_size': 50, 'anchor_x': 'left', 'anchor_y': 'bottom', '_default_settings': ['type', 'text', 'y', 'x', 'font_size', 'anchor_x', 'anchor_y'], 'round_anchor_x': None, 'round_anchor_y': None, 'opacity': 1.0, 'z': 0, 'reset_animations_events': {}, 'color': [1.0, 1.0, 1.0, 1.0], 'style': [], 'adjust_top': 0, 'adjust_bottom': 0, 'adjust_left': 0, 'adjust_right': 0, 'expire': None, 'key': None, 'widget': None, 'events_when_added': [], 'events_when_removed': [], 'bitmap_font': False, 'font_kerning': True, 'bold': False, 'italic': False, 'number_grouping': False, 'min_digits': 0, 'halign': 'center', 'valign': 'middle', 'rotation': 0, 'scale': 1.0, 'casing': None, 'outline_color': [1.0, 1.0, 1.0, 1.0], 'outline_width': 0, 'animations': None}, {'type': 'text', 'text': 'BALL (ball)', 'y': '10', 'x': 'right-10', 'anchor_x': 'right', 'anchor_y': 'bottom', 'font_size': 50, '_default_settings': ['type', 'text', 'y', 'x', 'anchor_x', 'anchor_y', 'font_size'], 'round_anchor_x': None, 'round_anchor_y': None, 'opacity': 1.0, 'z': 0, 'reset_animations_events': {}, 'color': [1.0, 1.0, 1.0, 1.0], 'style': [], 'adjust_top': 0, 'adjust_bottom': 0, 'adjust_left': 0, 'adjust_right': 0, 'expire': None, 'key': None, 'widget': None, 'events_when_added': [], 'events_when_removed': [], 'bitmap_font': False, 'font_kerning': True, 'bold': False, 'italic': False, 'number_grouping': False, 'min_digits': 0, 'halign': 'center', 'valign': 'middle', 'rotation': 0, 'scale': 1.0, 'casing': None, 'outline_color': [1.0, 1.0, 1.0, 1.0], 'outline_width': 0, 'animations': None}], 'target': None, 'background_color': [0.0, 0.0, 0.0, 1.0], 'priority': None, 'show': True, 'force': False, 'expire': None, 'slide': None, 'tokens': {}, 'action': 'play'}}, 'context': 'base', 'calling_context': 'mode_base_started', 'priority': 100, 'player': 3, 'ball': 3, 'balls_remaining': 0, 'is_extra_ball': False}
2025-03-06 22:45:19,983 : EventManager : Event: ======'slide_base.slide_player-mode_base_started_created'====== Args={}
2025-03-06 22:45:19,988 : EventManager : Event: ======'slide_base.slide_player-mode_base_started_active'====== Args={}
2025-03-06 22:45:20,148 : EventManager : Event: ======'machine_var_audits_switches_s_plunger_lane'====== Args={'value': 96, 'prev_value': 95, 'change': 1}
2025-03-06 22:45:21,928 : EventManager : Event: ======'machine_var_audits_switches_s_trough1'====== Args={'value': 74, 'prev_value': 73, 'change': 1}
2025-03-06 22:45:22,252 : EventManager : Event: ======'slides_clear'====== Args={'context': 'base'}
2025-03-06 22:45:22,253 : EventManager : Event: ======'slide_base.slide_player-mode_base_started_removed'====== Args={}
2025-03-06 22:45:22,255 : EventManager : Event: ======'slide_welcome_slide_active'====== Args={}
2025-03-06 22:45:22,339 : EventManager : Event: ======'player_ball'====== Args={'value': 3, 'prev_value': 2, 'change': 1, 'player_num': 4}
2025-03-06 22:45:22,339 : EventManager : Event: ======'player_turn_start'====== Args={'number': 4, 'player': <Player 4>}
2025-03-06 22:45:24,569 : EventManager : Event: ======'machine_var_audits_switches_s_launcher_button'====== Args={'value': 49, 'prev_value': 48, 'change': 1}
2025-03-06 22:45:24,658 : EventManager : Event: ======'machine_var_audits_switches_s_playfield_entry'====== Args={'value': 171, 'prev_value': 170, 'change': 1}
2025-03-06 22:45:26,832 : EventManager : Event: ======'machine_var_audits_switches_s_trough1'====== Args={'value': 75, 'prev_value': 74, 'change': 1}
2025-03-06 22:45:30,953 : EventManager : Event: ======'machine_var_audits_switches_s_launcher_button'====== Args={'value': 50, 'prev_value': 49, 'change': 1}
2025-03-06 22:45:38,924 : EventManager : Event: ======'machine_var_audits_switches_s_trough1'====== Args={'value': 76, 'prev_value': 75, 'change': 1}
2025-03-06 22:45:42,307 : EventManager : Event: ======'machine_var_audits_switches_s_trough2'====== Args={'value': 12, 'prev_value': 11, 'change': 1}
2025-03-06 22:45:48,578 : EventManager : Event: ======'machine_var_audits_switches_s_trough1'====== Args={'value': 77, 'prev_value': 76, 'change': 1}
2025-03-06 22:45:48,826 : EventManager : Event: ======'machine_var_audits_switches_s_trough2'====== Args={'value': 13, 'prev_value': 12, 'change': 1}
2025-03-06 22:45:49,134 : EventManager : Event: ======'machine_var_audits_switches_s_trough3'====== Args={'value': 10, 'prev_value': 9, 'change': 1}
2025-03-06 22:45:51,486 : kivy : Base: Leaving application in progress...
2025-03-06 22:45:51,771 : mpfmc : Stopping...
2025-03-06 22:45:51,772 : EventManager : Event: ======'shutdown'====== Args={}
2025-03-06 22:45:51,772 : AudioInterface : Disabling audio playback
2025-03-06 22:45:51,772 : mpfmc : Loop rate 80.13 Hz
2025-03-06 22:45:51,772 : root : MC run loop ended.
2025-03-06 22:45:51,772 : root : Stopping child threads... (3 remaining)
2025-03-06 22:45:52,296 : mpfmc : Stopping...
2025-03-06 22:45:52,297 : EventManager : Event: ======'shutdown'====== Args={}
2025-03-06 22:45:52,297 : mpfmc : Loop rate 79.82 Hz
2025-03-06 22:45:52,324 : MPF-MC BCP Server : Stopping BCP sending thread
2025-03-06 22:45:52,376 : root : All child threads stopped.
