2025-03-02 13:13:48,883 : INFO : root : Loading config.
2025-03-02 13:13:48,886 : INFO : YamlMultifileConfigLoader : Machine config file #1: config.yaml
2025-03-02 13:13:48,887 : INFO : ConfigProcessor : Loading config from cache: C:\Users\duffb\AppData\Local\Temp\cadfdee4981114acd6fff59d1071b59b.mpf_cache
2025-03-02 13:13:48,963 : INFO : ConfigProcessor : Loading config from cache: C:\Users\duffb\AppData\Local\Temp\2d51d76727b268a801d8dd7a18b89879.mpf_cache
2025-03-02 13:13:48,964 : INFO : ConfigProcessor : Loading config from cache: C:\Users\duffb\AppData\Local\Temp\9f058d482eac17116727d62a93500be7.mpf_cache
2025-03-02 13:13:48,965 : INFO : Machine : Mission Pinball Framework Core Engine v0.57.0
2025-03-02 13:13:48,965 : INFO : Machine : Command line arguments: {'no_load_cache': False, 'create_config_cache': True, 'bcp': True, 'configfile': ['config.yaml'], 'force_assets_load': False, 'platform_integration_test': False, 'jsonlogging': False, 'logfile': 'logs\\2025-03-02-13-13-48-mpf-T0SHIII.log', 'pause': False, 'production': False, 'text_ui': True, 'loglevel': 15, 'consoleloglevel': 20, 'force_platform': None, 'syslog_address': None, 'mc_file_name': None, 'no_sound': False}
2025-03-02 13:13:48,965 : INFO : Machine : MPF path: C:\Users\duffb\.pyenv\pyenv-win\versions\3.11.0\Lib\site-packages\mpf
2025-03-02 13:13:48,965 : INFO : Machine : Machine path: C:\Users\duffb\OneDrive\Documents\Python Envs\PinBallWW1\Machine
2025-03-02 13:13:48,965 : INFO : Machine : Platform: win32
2025-03-02 13:13:48,965 : INFO : Machine : Python executable location: C:\Users\duffb\.pyenv\pyenv-win\versions\3.11.0\python.exe
2025-03-02 13:13:48,965 : INFO : Machine : Python version: 3.11.0 (64-bit)
2025-03-02 13:13:48,966 : INFO : Machine : Initializing MPF...
2025-03-02 13:13:49,314 : INFO : EventManager : Event: ======'machine_var_credits_string'====== Args={'value': 'FREE PLAY', 'prev_value': None, 'change': True}
2025-03-02 13:13:49,354 : INFO : EventManager : Event: ======'machine_var_master_volume'====== Args={'value': 0.5, 'prev_value': None, 'change': True}
2025-03-02 13:13:49,354 : INFO : EventManager : Event: ======'machine_var_mpf_version'====== Args={'value': 'Mission Pinball Framework v0.57.0', 'prev_value': None, 'change': True}
2025-03-02 13:13:49,354 : INFO : EventManager : Event: ======'machine_var_mpf_extended_version'====== Args={'value': 'Mission Pinball Framework v0.57.0, Config version:6, Show version: 6, BCP version:1.1', 'prev_value': None, 'change': True}
2025-03-02 13:13:49,354 : INFO : EventManager : Event: ======'machine_var_python_version'====== Args={'value': '3.11.0', 'prev_value': None, 'change': True}
2025-03-02 13:13:49,372 : INFO : EventManager : Event: ======'machine_var_platform'====== Args={'value': 'Windows-10-10.0.26100-SP0', 'prev_value': None, 'change': True}
2025-03-02 13:13:49,372 : INFO : EventManager : Event: ======'machine_var_platform_system'====== Args={'value': 'Windows', 'prev_value': None, 'change': True}
2025-03-02 13:13:49,372 : INFO : EventManager : Event: ======'machine_var_platform_release'====== Args={'value': '10', 'prev_value': None, 'change': True}
2025-03-02 13:13:49,372 : INFO : EventManager : Event: ======'machine_var_platform_version'====== Args={'value': '10.0.26100', 'prev_value': None, 'change': True}
2025-03-02 13:13:49,372 : INFO : EventManager : Event: ======'machine_var_platform_machine'====== Args={'value': 'AMD64', 'prev_value': None, 'change': True}
2025-03-02 13:13:49,372 : INFO : EventManager : Event: ======'init_phase_1'====== Args={}
2025-03-02 13:13:49,384 : INFO : EventManager : Event: ======'init_phase_2'====== Args={}
2025-03-02 13:13:49,384 : INFO : SwitchController : Found active switch: ('8', <Platform.SmartVirtual>) <switch.s_trough_enter>
2025-03-02 13:13:49,385 : INFO : EventManager : Event: ======'bcp_connection_attempt'====== Args={'name': 'local_display', 'host': 'localhost', 'port': 5050}
2025-03-02 13:13:49,386 : INFO : BCPClientSocket : Connecting BCP to 'local_display' at localhost:5050...
2025-03-02 13:14:10,983 : INFO : Machine : Starting the main run loop.
2025-03-02 13:14:10,983 : INFO : Machine : Shutting down...
2025-03-02 13:14:10,983 : INFO : EventManager : Event: ======'shutdown'====== Args={}
2025-03-02 13:14:11,993 : INFO : root : MPF run loop ended.
