2025-03-05 20:51:15,398 : INFO : root : Loading config.
2025-03-05 20:51:15,400 : INFO : YamlMultifileConfigLoader : Machine config file #1: config.yaml
2025-03-05 20:51:15,401 : WARNING : ConfigProcessor : Config file in cache changed: C:\Users\duffb\OneDrive\Documents\Python Envs\PinBallWW1\Machine\config\config.yaml
2025-03-05 20:51:15,401 : INFO : ConfigProcessor : Loading config from file C:\Users\duffb\.pyenv\pyenv-win\versions\3.11.0\Lib\site-packages\mpf\mpfconfig.yaml.
2025-03-05 20:51:15,401 : DEBUG : YAML File Interface : Loading file: C:\Users\duffb\.pyenv\pyenv-win\versions\3.11.0\Lib\site-packages\mpf\mpfconfig.yaml
2025-03-05 20:51:15,410 : INFO : ConfigProcessor : Loading config: C:\Users\duffb\.pyenv\pyenv-win\versions\3.11.0\Lib\site-packages\mpf\mpfconfig.yaml
2025-03-05 20:51:15,410 : INFO : ConfigProcessor : Loading config from file C:\Users\duffb\OneDrive\Documents\Python Envs\PinBallWW1\Machine\config\config.yaml.
2025-03-05 20:51:15,411 : DEBUG : YAML File Interface : Loading file: C:\Users\duffb\OneDrive\Documents\Python Envs\PinBallWW1\Machine\config\config.yaml
2025-03-05 20:51:15,429 : INFO : ConfigProcessor : Loading config: C:\Users\duffb\OneDrive\Documents\Python Envs\PinBallWW1\Machine\config\config.yaml
2025-03-05 20:51:15,430 : INFO : ConfigProcessor : Config file cache created: C:\Users\duffb\AppData\Local\Temp\cadfdee4981114acd6fff59d1071b59b.mpf_cache
2025-03-05 20:51:15,506 : DEBUG : YamlMultifileConfigLoader : Loading mode attract from C:\Users\duffb\.pyenv\pyenv-win\versions\3.11.0\Lib\site-packages\mpf\modes\attract\config\attract.yaml
2025-03-05 20:51:15,507 : INFO : ConfigProcessor : Loading config from cache: C:\Users\duffb\AppData\Local\Temp\2d51d76727b268a801d8dd7a18b89879.mpf_cache
2025-03-05 20:51:15,507 : DEBUG : YamlMultifileConfigLoader : Loading mode game from C:\Users\duffb\.pyenv\pyenv-win\versions\3.11.0\Lib\site-packages\mpf\modes\game\config\game.yaml
2025-03-05 20:51:15,508 : INFO : ConfigProcessor : Loading config from cache: C:\Users\duffb\AppData\Local\Temp\9f058d482eac17116727d62a93500be7.mpf_cache
2025-03-05 20:51:15,508 : INFO : Machine : Mission Pinball Framework Core Engine v0.57.0
2025-03-05 20:51:15,508 : INFO : Machine : Command line arguments: {'no_load_cache': False, 'create_config_cache': True, 'bcp': True, 'configfile': ['config.yaml'], 'force_assets_load': False, 'platform_integration_test': False, 'jsonlogging': False, 'logfile': 'logs\\2025-03-05-20-51-15-mpf-T0SHIII.log', 'pause': False, 'production': False, 'text_ui': True, 'loglevel': 10, 'consoleloglevel': 20, 'force_platform': None, 'syslog_address': None, 'mc_file_name': None, 'no_sound': False}
2025-03-05 20:51:15,508 : INFO : Machine : MPF path: C:\Users\duffb\.pyenv\pyenv-win\versions\3.11.0\Lib\site-packages\mpf
2025-03-05 20:51:15,508 : INFO : Machine : Machine path: C:\Users\duffb\OneDrive\Documents\Python Envs\PinBallWW1\Machine
2025-03-05 20:51:15,508 : INFO : Machine : Platform: win32
2025-03-05 20:51:15,508 : INFO : Machine : Python executable location: C:\Users\duffb\.pyenv\pyenv-win\versions\3.11.0\python.exe
2025-03-05 20:51:15,508 : INFO : Machine : Python version: 3.11.0 (64-bit)
2025-03-05 20:51:15,509 : DEBUG : asyncio : Using proactor: IocpProactor
2025-03-05 20:51:15,510 : INFO : Machine : Initializing MPF...
2025-03-05 20:51:15,567 : DEBUG : asciimatics.widgets.layout : Updating: None
2025-03-05 20:51:15,567 : DEBUG : asciimatics.widgets.layout : Updating: None
2025-03-05 20:51:15,567 : DEBUG : asciimatics.widgets.layout : Updating: None
2025-03-05 20:51:15,567 : DEBUG : asciimatics.widgets.layout : Updating: None
2025-03-05 20:51:15,567 : DEBUG : asciimatics.widgets.layout : Updating: None
2025-03-05 20:51:15,567 : DEBUG : asciimatics.widgets.layout : Updating: None
2025-03-05 20:51:15,567 : DEBUG : asciimatics.widgets.layout : Updating: None
2025-03-05 20:51:15,567 : DEBUG : asciimatics.widgets.layout : Updating: None
2025-03-05 20:51:15,567 : DEBUG : asciimatics.widgets.layout : Updating: None
2025-03-05 20:51:15,567 : DEBUG : asciimatics.widgets.layout : Updating: None
2025-03-05 20:51:15,567 : DEBUG : asciimatics.widgets.layout : Updating: None
2025-03-05 20:51:15,567 : DEBUG : asciimatics.widgets.layout : Updating: None
2025-03-05 20:51:15,567 : DEBUG : asciimatics.widgets.widget : Widget blur: <asciimatics.widgets.label.Label object at 0x000002224FF0E190>
2025-03-05 20:51:15,567 : DEBUG : asciimatics.widgets.widget : Widget blur: <asciimatics.widgets.label.Label object at 0x00000222500D97D0>
2025-03-05 20:51:15,567 : DEBUG : asciimatics.widgets.widget : Widget blur: <asciimatics.widgets.label.Label object at 0x00000222500D98A0>
2025-03-05 20:51:15,567 : DEBUG : asciimatics.widgets.layout : Blur: <asciimatics.widgets.layout.Layout object at 0x00000222500AB2E0>
2025-03-05 20:51:15,567 : DEBUG : asciimatics.widgets.layout : Blur: <mpf.core.text_ui.MpfLayout object at 0x0000022250099C50>
2025-03-05 20:51:15,567 : DEBUG : asciimatics.widgets.layout : Updating: None
2025-03-05 20:51:15,567 : DEBUG : asciimatics.widgets.layout : Updating: None
2025-03-05 20:51:15,567 : DEBUG : asciimatics.widgets.layout : Updating: None
2025-03-05 20:51:15,567 : DEBUG : asciimatics.widgets.layout : Updating: None
2025-03-05 20:51:15,567 : DEBUG : asciimatics.widgets.layout : Updating: None
2025-03-05 20:51:15,567 : DEBUG : asciimatics.widgets.layout : Updating: None
2025-03-05 20:51:15,567 : DEBUG : asciimatics.widgets.widget : Widget blur: <asciimatics.widgets.label.Label object at 0x00000222500D9CB0>
2025-03-05 20:51:15,567 : DEBUG : asciimatics.widgets.widget : Widget blur: <asciimatics.widgets.label.Label object at 0x00000222500D9BE0>
2025-03-05 20:51:15,569 : DEBUG : asciimatics.widgets.widget : Widget blur: <asciimatics.widgets.label.Label object at 0x00000222500D9D80>
2025-03-05 20:51:15,569 : DEBUG : asciimatics.widgets.widget : Widget blur: <asciimatics.widgets.label.Label object at 0x00000222500D9B10>
2025-03-05 20:51:15,569 : DEBUG : asciimatics.widgets.widget : Widget blur: <asciimatics.widgets.label.Label object at 0x00000222500D9A40>
2025-03-05 20:51:15,569 : DEBUG : asciimatics.widgets.widget : Widget blur: <asciimatics.widgets.label.Label object at 0x00000222500D9970>
2025-03-05 20:51:15,569 : DEBUG : asciimatics.widgets.layout : Blur: <asciimatics.widgets.layout.Layout object at 0x00000222500AB3A0>
2025-03-05 20:51:15,569 : DEBUG : asciimatics.widgets.layout : Focus: <asciimatics.widgets.layout.Layout object at 0x00000222500AB2E0>
2025-03-05 20:51:15,569 : DEBUG : asciimatics.widgets.layout : Focus: <mpf.core.text_ui.MpfLayout object at 0x0000022250099C50>
2025-03-05 20:51:15,569 : DEBUG : asciimatics.widgets.layout : Focus: <asciimatics.widgets.layout.Layout object at 0x00000222500AB3A0>
2025-03-05 20:51:15,569 : DEBUG : asciimatics.widgets.frame : Cloning: Test
2025-03-05 20:51:15,569 : DEBUG : asciimatics.widgets.layout : Updating: None
2025-03-05 20:51:15,569 : DEBUG : asciimatics.widgets.layout : Updating: None
2025-03-05 20:51:15,569 : DEBUG : asciimatics.widgets.layout : Updating: None
2025-03-05 20:51:15,569 : DEBUG : asciimatics.widgets.layout : Updating: None
2025-03-05 20:51:15,569 : DEBUG : asciimatics.widgets.layout : Updating: None
2025-03-05 20:51:15,569 : DEBUG : asciimatics.widgets.layout : Updating: None
2025-03-05 20:51:15,569 : DEBUG : asciimatics.widgets.layout : Updating: None
2025-03-05 20:51:15,569 : DEBUG : asciimatics.widgets.layout : Updating: None
2025-03-05 20:51:15,569 : DEBUG : asciimatics.widgets.layout : Updating: None
2025-03-05 20:51:15,569 : DEBUG : asciimatics.widgets.layout : Updating: None
2025-03-05 20:51:15,569 : DEBUG : asciimatics.widgets.layout : Updating: None
2025-03-05 20:51:15,569 : DEBUG : asciimatics.widgets.layout : Updating: None
2025-03-05 20:51:15,569 : DEBUG : asciimatics.widgets.layout : Updating: None
2025-03-05 20:51:15,569 : DEBUG : asciimatics.widgets.layout : Updating: None
2025-03-05 20:51:15,569 : DEBUG : asciimatics.widgets.layout : Updating: None
2025-03-05 20:51:15,569 : DEBUG : asciimatics.widgets.layout : Updating: None
2025-03-05 20:51:15,569 : DEBUG : asciimatics.widgets.layout : Updating: None
2025-03-05 20:51:15,569 : DEBUG : asciimatics.widgets.layout : Updating: None
2025-03-05 20:51:15,570 : DEBUG : asciimatics.screen : Processing key: d
2025-03-05 20:51:15,664 : INFO : EventManager : Event: ======'machine_var_credits_string'====== Args={'value': 'FREE PLAY', 'prev_value': None, 'change': True}
2025-03-05 20:51:15,704 : INFO : EventManager : Event: ======'machine_var_master_volume'====== Args={'value': 0.5, 'prev_value': None, 'change': True}
2025-03-05 20:51:15,704 : INFO : EventManager : Event: ======'machine_var_mpf_version'====== Args={'value': 'Mission Pinball Framework v0.57.0', 'prev_value': None, 'change': True}
2025-03-05 20:51:15,704 : INFO : EventManager : Event: ======'machine_var_mpf_extended_version'====== Args={'value': 'Mission Pinball Framework v0.57.0, Config version:6, Show version: 6, BCP version:1.1', 'prev_value': None, 'change': True}
2025-03-05 20:51:15,704 : INFO : EventManager : Event: ======'machine_var_python_version'====== Args={'value': '3.11.0', 'prev_value': None, 'change': True}
2025-03-05 20:51:15,715 : INFO : EventManager : Event: ======'machine_var_platform'====== Args={'value': 'Windows-10-10.0.26100-SP0', 'prev_value': None, 'change': True}
2025-03-05 20:51:15,715 : INFO : EventManager : Event: ======'machine_var_platform_system'====== Args={'value': 'Windows', 'prev_value': None, 'change': True}
2025-03-05 20:51:15,715 : INFO : EventManager : Event: ======'machine_var_platform_release'====== Args={'value': '10', 'prev_value': None, 'change': True}
2025-03-05 20:51:15,716 : INFO : EventManager : Event: ======'machine_var_platform_version'====== Args={'value': '10.0.26100', 'prev_value': None, 'change': True}
2025-03-05 20:51:15,716 : INFO : EventManager : Event: ======'machine_var_platform_machine'====== Args={'value': 'AMD64', 'prev_value': None, 'change': True}
2025-03-05 20:51:15,716 : INFO : EventManager : Event: ======'init_phase_1'====== Args={}
2025-03-05 20:51:15,720 : DEBUG : ModeController : Loaded mode game
2025-03-05 20:51:15,722 : DEBUG : ModeController : Loaded mode attract
2025-03-05 20:51:15,725 : DEBUG : ball_device.bd_trough : Configuring device with settings: '{'entrance_switch': 's_trough_enter', 'entrance_switch_full_timeout': '500ms', 'ball_capacity': 3, 'eject_coil': 'c_trough_release', 'eject_targets': [<ball_device.bd_plunger_lane>], 'tags': ['trough', 'home'], 'eject_timeouts': [3000], 'debug': True, 'label': '%', 'console_log': 'full', 'file_log': 'full', 'entrance_events': {}, 'idle_missing_ball_timeout': 5.0, 'confirm_eject_type': 'target', 'captures_from': <playfield.playfield>, 'ball_missing_timeouts': [], 'ball_missing_target': <playfield.playfield>, 'confirm_eject_switch': None, 'confirm_eject_event': None, 'max_eject_attempts': 0, 'request_ball_events': {}, 'eject_events': {}, 'eject_all_events': {}, 'mechanical_eject': False, 'player_controlled_eject_event': None, 'ball_search_order': 200, 'auto_fire_on_unexpected_ball': True, 'target_on_unexpected_ball': None}'
2025-03-05 20:51:15,727 : INFO : EventManager : Event: ======'init_phase_2'====== Args={}
2025-03-05 20:51:15,727 : INFO : SwitchController : Found active switch: ('8', <Platform.SmartVirtual>) <switch.s_trough_enter>
2025-03-05 20:51:15,727 : INFO : SwitchController : Found active switch: ('7', <Platform.SmartVirtual>) <switch.s_trough1>
2025-03-05 20:51:15,727 : INFO : SwitchController : Found active switch: ('10', <Platform.SmartVirtual>) <switch.s_trough2>
2025-03-05 20:51:15,727 : INFO : SwitchController : Found active switch: ('11', <Platform.SmartVirtual>) <switch.s_trough3>
2025-03-05 20:51:15,728 : INFO : EventManager : Event: ======'bcp_connection_attempt'====== Args={'name': 'local_display', 'host': 'localhost', 'port': 5050}
2025-03-05 20:51:15,729 : DEBUG : asciimatics.widgets.layout : Updating: message
2025-03-05 20:51:15,729 : DEBUG : asciimatics.widgets.layout : Updating: message
2025-03-05 20:51:15,729 : DEBUG : asciimatics.widgets.widget : Widget blur: <asciimatics.widgets.textbox.TextBox object at 0x00000222500A71C0>
2025-03-05 20:51:15,729 : DEBUG : asciimatics.widgets.layout : Blur: <asciimatics.widgets.layout.Layout object at 0x00000222501F3EE0>
2025-03-05 20:51:15,729 : DEBUG : asciimatics.widgets.layout : Blur: <asciimatics.widgets.layout.Layout object at 0x00000222501F3F40>
2025-03-05 20:51:15,730 : DEBUG : asciimatics.widgets.layout : Focus: <asciimatics.widgets.layout.Layout object at 0x00000222501F3EE0>
2025-03-05 20:51:15,730 : DEBUG : asciimatics.widgets.layout : Focus: <asciimatics.widgets.layout.Layout object at 0x00000222501F3F40>
2025-03-05 20:51:15,730 : INFO : BCPClientSocket : Connecting BCP to 'local_display' at localhost:5050...
2025-03-05 20:51:16,612 : DEBUG : asciimatics.screen : Processing mouse: 61, 16
2025-03-05 20:51:16,612 : DEBUG : asciimatics.widgets.frame : New event: MouseEvent (24, 3) 0
2025-03-05 20:51:17,767 : INFO : BCPClientSocket : Connected BCP to 'local_display' localhost:5050
2025-03-05 20:51:17,769 : INFO : EventManager : Event: ======'bcp_clients_connected'====== Args={}
2025-03-05 20:51:17,776 : DEBUG : asciimatics.widgets.layout : Updating: None
2025-03-05 20:51:17,777 : DEBUG : asciimatics.widgets.layout : Updating: None
2025-03-05 20:51:17,777 : DEBUG : asciimatics.widgets.layout : Updating: None
2025-03-05 20:51:17,777 : DEBUG : asciimatics.widgets.layout : Updating: None
2025-03-05 20:51:17,777 : DEBUG : asciimatics.widgets.layout : Updating: None
2025-03-05 20:51:17,777 : DEBUG : asciimatics.widgets.layout : Updating: None
2025-03-05 20:51:17,778 : DEBUG : asciimatics.widgets.layout : Updating: None
2025-03-05 20:51:17,778 : DEBUG : asciimatics.widgets.layout : Updating: None
2025-03-05 20:51:17,778 : DEBUG : asciimatics.widgets.layout : Updating: None
2025-03-05 20:51:17,779 : DEBUG : asciimatics.widgets.layout : Updating: None
2025-03-05 20:51:17,779 : DEBUG : asciimatics.widgets.layout : Updating: None
2025-03-05 20:51:17,779 : DEBUG : asciimatics.widgets.layout : Updating: None
2025-03-05 20:51:17,779 : DEBUG : asciimatics.widgets.widget : Widget blur: <asciimatics.widgets.label.Label object at 0x0000022250228AD0>
2025-03-05 20:51:17,779 : DEBUG : asciimatics.widgets.widget : Widget blur: <asciimatics.widgets.label.Label object at 0x0000022250228BA0>
2025-03-05 20:51:17,779 : DEBUG : asciimatics.widgets.widget : Widget blur: <asciimatics.widgets.label.Label object at 0x0000022250228C70>
2025-03-05 20:51:17,779 : DEBUG : asciimatics.widgets.layout : Blur: <asciimatics.widgets.layout.Layout object at 0x0000022250238880>
2025-03-05 20:51:17,780 : DEBUG : asciimatics.widgets.layout : Blur: <mpf.core.text_ui.MpfLayout object at 0x00000222501FD650>
2025-03-05 20:51:17,780 : DEBUG : asciimatics.widgets.layout : Updating: None
2025-03-05 20:51:17,780 : DEBUG : asciimatics.widgets.layout : Updating: None
2025-03-05 20:51:17,780 : DEBUG : asciimatics.widgets.layout : Updating: None
2025-03-05 20:51:17,781 : DEBUG : asciimatics.widgets.layout : Updating: None
2025-03-05 20:51:17,781 : DEBUG : asciimatics.widgets.layout : Updating: None
2025-03-05 20:51:17,781 : DEBUG : asciimatics.widgets.layout : Updating: None
2025-03-05 20:51:17,781 : DEBUG : asciimatics.widgets.widget : Widget blur: <asciimatics.widgets.label.Label object at 0x0000022250229630>
2025-03-05 20:51:17,781 : DEBUG : asciimatics.widgets.widget : Widget blur: <asciimatics.widgets.label.Label object at 0x0000022250229560>
2025-03-05 20:51:17,781 : DEBUG : asciimatics.widgets.widget : Widget blur: <asciimatics.widgets.label.Label object at 0x0000022250229700>
2025-03-05 20:51:17,781 : DEBUG : asciimatics.widgets.widget : Widget blur: <asciimatics.widgets.label.Label object at 0x0000022250229490>
2025-03-05 20:51:17,782 : DEBUG : asciimatics.widgets.widget : Widget blur: <asciimatics.widgets.label.Label object at 0x0000022250228E10>
2025-03-05 20:51:17,782 : DEBUG : asciimatics.widgets.widget : Widget blur: <asciimatics.widgets.label.Label object at 0x0000022250228D40>
2025-03-05 20:51:17,782 : DEBUG : asciimatics.widgets.layout : Blur: <asciimatics.widgets.layout.Layout object at 0x0000022250238940>
2025-03-05 20:51:17,782 : DEBUG : asciimatics.widgets.layout : Focus: <asciimatics.widgets.layout.Layout object at 0x0000022250238880>
2025-03-05 20:51:17,783 : DEBUG : asciimatics.widgets.layout : Focus: <mpf.core.text_ui.MpfLayout object at 0x00000222501FD650>
2025-03-05 20:51:17,783 : DEBUG : asciimatics.widgets.layout : Focus: <asciimatics.widgets.layout.Layout object at 0x0000022250238940>
2025-03-05 20:51:17,783 : DEBUG : asciimatics.widgets.frame : Cloning: Test
2025-03-05 20:51:17,783 : DEBUG : asciimatics.widgets.layout : Updating: None
2025-03-05 20:51:17,783 : DEBUG : asciimatics.widgets.layout : Updating: None
2025-03-05 20:51:17,783 : DEBUG : asciimatics.widgets.layout : Updating: None
2025-03-05 20:51:17,783 : DEBUG : asciimatics.widgets.layout : Updating: None
2025-03-05 20:51:17,783 : DEBUG : asciimatics.widgets.layout : Updating: None
2025-03-05 20:51:17,783 : DEBUG : asciimatics.widgets.layout : Updating: None
2025-03-05 20:51:17,783 : DEBUG : asciimatics.widgets.layout : Updating: None
2025-03-05 20:51:17,784 : DEBUG : asciimatics.widgets.layout : Updating: None
2025-03-05 20:51:17,784 : DEBUG : asciimatics.widgets.layout : Updating: None
2025-03-05 20:51:17,784 : DEBUG : asciimatics.widgets.layout : Updating: None
2025-03-05 20:51:17,784 : DEBUG : asciimatics.widgets.layout : Updating: None
2025-03-05 20:51:17,784 : DEBUG : asciimatics.widgets.layout : Updating: None
2025-03-05 20:51:17,784 : DEBUG : asciimatics.widgets.layout : Updating: None
2025-03-05 20:51:17,784 : DEBUG : asciimatics.widgets.layout : Updating: None
2025-03-05 20:51:17,784 : DEBUG : asciimatics.widgets.layout : Updating: None
2025-03-05 20:51:17,784 : DEBUG : asciimatics.widgets.layout : Updating: None
2025-03-05 20:51:17,784 : DEBUG : asciimatics.widgets.layout : Updating: None
2025-03-05 20:51:17,784 : DEBUG : asciimatics.widgets.layout : Updating: None
2025-03-05 20:51:17,883 : INFO : EventManager : Event: ======'machine_var_mc_version'====== Args={'value': 'MPF-MC v0.57.1', 'prev_value': None, 'change': True}
2025-03-05 20:51:17,884 : INFO : EventManager : Event: ======'machine_var_mc_extended_version'====== Args={'value': 'MPF-MC v0.57.1 (config_version=6, BCP v1.1,                      Requires MPF API compatibility v0.57.0 or newer)', 'prev_value': None, 'change': True}
2025-03-05 20:51:17,885 : INFO : ball_device.bd_drain : BCH: Initial count: 0
2025-03-05 20:51:17,905 : INFO : ball_device.bd_drain : State: idle
2025-03-05 20:51:17,906 : INFO : ball_device.bd_trough : BCH: Initial count: 3
2025-03-05 20:51:17,906 : INFO : ball_device.bd_trough : State: idle
2025-03-05 20:51:17,906 : DEBUG : ball_device.bd_trough : Waiting for eject request.
2025-03-05 20:51:17,906 : INFO : ball_device.bd_plunger_lane : BCH: Initial count: 0
2025-03-05 20:51:17,906 : INFO : ball_device.bd_plunger_lane : State: idle
2025-03-05 20:51:17,909 : DEBUG : Machine : "info_lights:" section not found in machine configuration, so the InfoLights will not be used.
2025-03-05 20:51:17,910 : DEBUG : Machine : "switch_player:" section not found in machine configuration, so the SwitchPlayer will not be used.
2025-03-05 20:51:17,913 : DEBUG : Machine : "twitch_client:" section not found in machine configuration, so the TwitchBot will not be used.
2025-03-05 20:51:17,913 : DEBUG : Machine : "virtual_segment_display_connector:" section not found in machine configuration, so the VirtualSegmentDisplayConnector will not be used.
2025-03-05 20:51:17,913 : INFO : EventManager : Event: ======'init_phase_3'====== Args={}
2025-03-05 20:51:17,913 : DEBUG : ShowController : Loading show: flash
2025-03-05 20:51:17,913 : DEBUG : ShowController : Loading show: on
2025-03-05 20:51:17,914 : DEBUG : ShowController : Loading show: off
2025-03-05 20:51:17,914 : DEBUG : ShowController : Loading show: led_color
2025-03-05 20:51:17,914 : DEBUG : ShowController : Loading show: bl_color
2025-03-05 20:51:17,914 : DEBUG : ShowController : Loading show: flash_color
2025-03-05 20:51:17,915 : INFO : EventManager : Event: ======'init_phase_4'====== Args={}
2025-03-05 20:51:17,915 : INFO : BallController : Initial balls found: 3
2025-03-05 20:51:17,916 : INFO : EventManager : Event: ======'machine_var_audits_switches_s_drain'====== Args={'value': 0, 'prev_value': None, 'change': True}
2025-03-05 20:51:17,916 : INFO : EventManager : Event: ======'machine_var_audits_switches_s_right_flipper'====== Args={'value': 0, 'prev_value': None, 'change': True}
2025-03-05 20:51:17,916 : INFO : EventManager : Event: ======'machine_var_audits_switches_s_left_flipper'====== Args={'value': 0, 'prev_value': None, 'change': True}
2025-03-05 20:51:17,916 : INFO : EventManager : Event: ======'machine_var_audits_switches_s_trough_enter'====== Args={'value': 0, 'prev_value': None, 'change': True}
2025-03-05 20:51:17,916 : INFO : EventManager : Event: ======'machine_var_audits_switches_s_trough2'====== Args={'value': 0, 'prev_value': None, 'change': True}
2025-03-05 20:51:17,916 : INFO : EventManager : Event: ======'machine_var_audits_switches_s_plunger_lane'====== Args={'value': 0, 'prev_value': None, 'change': True}
2025-03-05 20:51:17,916 : INFO : EventManager : Event: ======'machine_var_audits_switches_s_launcher_button'====== Args={'value': 0, 'prev_value': None, 'change': True}
2025-03-05 20:51:17,916 : INFO : EventManager : Event: ======'machine_var_audits_switches_s_trough3'====== Args={'value': 0, 'prev_value': None, 'change': True}
2025-03-05 20:51:17,916 : INFO : EventManager : Event: ======'machine_var_audits_switches_s_trough1'====== Args={'value': 0, 'prev_value': None, 'change': True}
2025-03-05 20:51:17,916 : INFO : EventManager : Event: ======'machine_var_audits_switches_s_playfield_entry'====== Args={'value': 0, 'prev_value': None, 'change': True}
2025-03-05 20:51:17,916 : INFO : EventManager : Event: ======'machine_var_audits_events_game_started'====== Args={'value': 0, 'prev_value': None, 'change': True}
2025-03-05 20:51:17,916 : INFO : EventManager : Event: ======'machine_var_audits_events_game_ended'====== Args={'value': 0, 'prev_value': None, 'change': True}
2025-03-05 20:51:17,918 : INFO : EventManager : Event: ======'machine_var_audits_player_score'====== Args={'value': {'top': [], 'average': 0, 'total': 0}, 'prev_value': None, 'change': True}
2025-03-05 20:51:17,918 : INFO : EventManager : Event: ======'init_phase_5'====== Args={}
2025-03-05 20:51:17,929 : INFO : EventManager : Event: ======'init_done'====== Args={}
2025-03-05 20:51:17,929 : INFO : EventManager : Event: ======'machine_reset_phase_1'====== Args={}
2025-03-05 20:51:17,939 : INFO : EventManager : Event: ======'slide_welcome_slide_removed'====== Args={'_from_bcp': True}
2025-03-05 20:51:17,940 : INFO : EventManager : Event: ======'slide_welcome_slide_created'====== Args={'_from_bcp': True}
2025-03-05 20:51:17,941 : INFO : EventManager : Event: ======'machine_reset_phase_2'====== Args={}
2025-03-05 20:51:17,941 : INFO : EventManager : Event: ======'machine_reset_phase_3'====== Args={}
2025-03-05 20:51:17,942 : INFO : EventManager : Event: ======'slide_welcome_slide_active'====== Args={'_from_bcp': True}
2025-03-05 20:51:17,942 : INFO : EventManager : Event: ======'reset_complete'====== Args={}
2025-03-05 20:51:17,942 : INFO : EventManager : Event: ======'mode_attract_will_start'====== Args={}
2025-03-05 20:51:17,942 : INFO : EventManager : Event: ======'mode_attract_starting'====== Args={}
2025-03-05 20:51:17,942 : INFO : Mode.attract : Started. Priority: 10
2025-03-05 20:51:17,942 : INFO : EventManager : Event: ======'modes_active_modes_changed'====== Args={}
2025-03-05 20:51:17,942 : INFO : EventManager : Event: ======'mode_attract_started'====== Args={}
2025-03-05 20:51:17,943 : INFO : EventManager : Event: ======'collecting_balls_complete'====== Args={}
2025-03-05 20:51:17,956 : INFO : Machine : Starting the main run loop.
2025-03-05 20:51:25,236 : INFO : SwitchController : <<<<<<< 's_launcher_button' active >>>>>>>
2025-03-05 20:51:25,396 : INFO : SwitchController : <<<<<<< 's_launcher_button' inactive >>>>>>>
2025-03-05 20:51:26,734 : INFO : SwitchController : <<<<<<< 's_plunger_lane' active >>>>>>>
2025-03-05 20:51:26,891 : INFO : SwitchController : <<<<<<< 's_plunger_lane' inactive >>>>>>>
2025-03-05 20:51:27,428 : INFO : SwitchController : <<<<<<< 's_plunger_lane' active >>>>>>>
2025-03-05 20:51:27,605 : INFO : SwitchController : <<<<<<< 's_plunger_lane' inactive >>>>>>>
2025-03-05 20:51:28,069 : INFO : SwitchController : <<<<<<< 's_playfield_entry' active >>>>>>>
2025-03-05 20:51:28,070 : INFO : EventManager : Event: ======'sw_playfield_active'====== Args={}
2025-03-05 20:51:28,070 : INFO : EventManager : Event: ======'playfield_active'====== Args={}
2025-03-05 20:51:28,070 : INFO : EventManager : Event: ======'unexpected_ball_on_playfield'====== Args={}
2025-03-05 20:51:28,236 : INFO : SwitchController : <<<<<<< 's_playfield_entry' inactive >>>>>>>
2025-03-05 20:51:28,570 : INFO : SwitchController : <<<<<<< 's_launcher_button' active >>>>>>>
2025-03-05 20:51:28,786 : INFO : SwitchController : <<<<<<< 's_launcher_button' inactive >>>>>>>
2025-03-05 20:51:29,515 : INFO : SwitchController : <<<<<<< 's_playfield_entry' active >>>>>>>
2025-03-05 20:51:29,516 : INFO : EventManager : Event: ======'sw_playfield_active'====== Args={}
2025-03-05 20:51:29,516 : INFO : EventManager : Event: ======'playfield_active'====== Args={}
2025-03-05 20:51:29,517 : INFO : EventManager : Event: ======'unexpected_ball_on_playfield'====== Args={}
2025-03-05 20:51:29,648 : INFO : SwitchController : <<<<<<< 's_launcher_button' active >>>>>>>
2025-03-05 20:51:29,725 : INFO : SwitchController : <<<<<<< 's_playfield_entry' inactive >>>>>>>
2025-03-05 20:51:29,888 : INFO : SwitchController : <<<<<<< 's_launcher_button' inactive >>>>>>>
2025-03-05 20:51:30,235 : INFO : SwitchController : <<<<<<< 's_playfield_entry' active >>>>>>>
2025-03-05 20:51:30,236 : INFO : EventManager : Event: ======'sw_playfield_active'====== Args={}
2025-03-05 20:51:30,236 : INFO : EventManager : Event: ======'playfield_active'====== Args={}
2025-03-05 20:51:30,236 : INFO : EventManager : Event: ======'unexpected_ball_on_playfield'====== Args={}
2025-03-05 20:51:30,427 : INFO : SwitchController : <<<<<<< 's_playfield_entry' inactive >>>>>>>
2025-03-05 20:51:30,592 : INFO : SwitchController : <<<<<<< 's_playfield_entry' active >>>>>>>
2025-03-05 20:51:30,593 : INFO : EventManager : Event: ======'sw_playfield_active'====== Args={}
2025-03-05 20:51:30,610 : INFO : EventManager : Event: ======'playfield_active'====== Args={}
2025-03-05 20:51:30,610 : INFO : EventManager : Event: ======'unexpected_ball_on_playfield'====== Args={}
2025-03-05 20:51:30,752 : INFO : SwitchController : <<<<<<< 's_playfield_entry' inactive >>>>>>>
2025-03-05 20:51:30,926 : INFO : SwitchController : <<<<<<< 's_playfield_entry' active >>>>>>>
2025-03-05 20:51:30,926 : INFO : EventManager : Event: ======'sw_playfield_active'====== Args={}
2025-03-05 20:51:30,927 : INFO : EventManager : Event: ======'playfield_active'====== Args={}
2025-03-05 20:51:30,927 : INFO : EventManager : Event: ======'unexpected_ball_on_playfield'====== Args={}
2025-03-05 20:51:31,112 : INFO : SwitchController : <<<<<<< 's_playfield_entry' inactive >>>>>>>
2025-03-05 20:51:31,288 : INFO : SwitchController : <<<<<<< 's_playfield_entry' active >>>>>>>
2025-03-05 20:51:31,288 : INFO : EventManager : Event: ======'sw_playfield_active'====== Args={}
2025-03-05 20:51:31,289 : INFO : EventManager : Event: ======'playfield_active'====== Args={}
2025-03-05 20:51:31,290 : INFO : EventManager : Event: ======'unexpected_ball_on_playfield'====== Args={}
2025-03-05 20:51:31,421 : INFO : SwitchController : <<<<<<< 's_playfield_entry' inactive >>>>>>>
2025-03-05 20:51:31,607 : INFO : SwitchController : <<<<<<< 's_playfield_entry' active >>>>>>>
2025-03-05 20:51:31,608 : INFO : EventManager : Event: ======'sw_playfield_active'====== Args={}
2025-03-05 20:51:31,608 : INFO : EventManager : Event: ======'playfield_active'====== Args={}
2025-03-05 20:51:31,608 : INFO : EventManager : Event: ======'unexpected_ball_on_playfield'====== Args={}
2025-03-05 20:51:31,785 : INFO : SwitchController : <<<<<<< 's_playfield_entry' inactive >>>>>>>
2025-03-05 20:51:34,816 : INFO : SwitchController : <<<<<<< 's_plunger_lane' active >>>>>>>
2025-03-05 20:51:34,978 : INFO : SwitchController : <<<<<<< 's_plunger_lane' inactive >>>>>>>
2025-03-05 20:51:38,204 : INFO : SwitchController : <<<<<<< 's_right_flipper' active >>>>>>>
2025-03-05 20:51:38,328 : INFO : SwitchController : <<<<<<< 's_right_flipper' inactive >>>>>>>
2025-03-05 20:51:38,628 : INFO : SwitchController : <<<<<<< 's_right_flipper' active >>>>>>>
2025-03-05 20:51:38,767 : INFO : SwitchController : <<<<<<< 's_right_flipper' inactive >>>>>>>
2025-03-05 20:51:38,819 : INFO : SwitchController : <<<<<<< 's_left_flipper' active >>>>>>>
2025-03-05 20:51:38,966 : INFO : SwitchController : <<<<<<< 's_left_flipper' inactive >>>>>>>
2025-03-05 20:51:39,242 : INFO : SwitchController : <<<<<<< 's_left_flipper' active >>>>>>>
2025-03-05 20:51:39,391 : INFO : SwitchController : <<<<<<< 's_left_flipper' inactive >>>>>>>
2025-03-05 20:51:39,430 : INFO : SwitchController : <<<<<<< 's_right_flipper' active >>>>>>>
2025-03-05 20:51:39,527 : INFO : SwitchController : <<<<<<< 's_right_flipper' inactive >>>>>>>
2025-03-05 20:51:39,787 : INFO : SwitchController : <<<<<<< 's_playfield_entry' active >>>>>>>
2025-03-05 20:51:39,787 : INFO : EventManager : Event: ======'sw_playfield_active'====== Args={}
2025-03-05 20:51:39,789 : INFO : EventManager : Event: ======'playfield_active'====== Args={}
2025-03-05 20:51:39,789 : INFO : EventManager : Event: ======'unexpected_ball_on_playfield'====== Args={}
2025-03-05 20:51:39,887 : INFO : SwitchController : <<<<<<< 's_playfield_entry' inactive >>>>>>>
2025-03-05 20:51:40,152 : INFO : SwitchController : <<<<<<< 's_playfield_entry' active >>>>>>>
2025-03-05 20:51:40,154 : INFO : EventManager : Event: ======'sw_playfield_active'====== Args={}
2025-03-05 20:51:40,155 : INFO : EventManager : Event: ======'playfield_active'====== Args={}
2025-03-05 20:51:40,155 : INFO : EventManager : Event: ======'unexpected_ball_on_playfield'====== Args={}
2025-03-05 20:51:40,274 : INFO : SwitchController : <<<<<<< 's_playfield_entry' inactive >>>>>>>
2025-03-05 20:51:40,387 : INFO : SwitchController : <<<<<<< 's_playfield_entry' active >>>>>>>
2025-03-05 20:51:40,387 : INFO : EventManager : Event: ======'sw_playfield_active'====== Args={}
2025-03-05 20:51:40,388 : INFO : EventManager : Event: ======'playfield_active'====== Args={}
2025-03-05 20:51:40,388 : INFO : EventManager : Event: ======'unexpected_ball_on_playfield'====== Args={}
2025-03-05 20:51:40,498 : INFO : SwitchController : <<<<<<< 's_playfield_entry' inactive >>>>>>>
2025-03-05 20:51:40,684 : INFO : SwitchController : <<<<<<< 's_playfield_entry' active >>>>>>>
2025-03-05 20:51:40,685 : INFO : EventManager : Event: ======'sw_playfield_active'====== Args={}
2025-03-05 20:51:40,685 : INFO : EventManager : Event: ======'playfield_active'====== Args={}
2025-03-05 20:51:40,685 : INFO : EventManager : Event: ======'unexpected_ball_on_playfield'====== Args={}
2025-03-05 20:51:40,783 : INFO : SwitchController : <<<<<<< 's_playfield_entry' inactive >>>>>>>
2025-03-05 20:51:40,961 : INFO : SwitchController : <<<<<<< 's_plunger_lane' active >>>>>>>
2025-03-05 20:51:41,039 : INFO : SwitchController : <<<<<<< 's_plunger_lane' inactive >>>>>>>
2025-03-05 20:51:41,166 : INFO : SwitchController : <<<<<<< 's_plunger_lane' active >>>>>>>
2025-03-05 20:51:41,242 : INFO : SwitchController : <<<<<<< 's_plunger_lane' inactive >>>>>>>
2025-03-05 20:51:41,366 : INFO : SwitchController : <<<<<<< 's_plunger_lane' active >>>>>>>
2025-03-05 20:51:41,443 : INFO : SwitchController : <<<<<<< 's_plunger_lane' inactive >>>>>>>
2025-03-05 20:51:47,596 : INFO : Machine : Shutting down...
2025-03-05 20:51:47,596 : INFO : EventManager : Event: ======'shutdown'====== Args={}
2025-03-05 20:51:47,598 : DEBUG : ball_device.bd_trough : Stopping ball device
2025-03-05 20:51:47,599 : INFO : root : MPF run loop ended.
