2025-02-24 13:39:18,752 : INFO : root : Loading config.
2025-02-24 13:39:18,755 : INFO : YamlMultifileConfigLoader : Machine config file #1: config.yaml
2025-02-24 13:39:18,756 : INFO : ConfigProcessor : Loading config from cache: C:\Users\duffb\AppData\Local\Temp\cadfdee4981114acd6fff59d1071b59b.mpf_cache
2025-02-24 13:39:18,855 : INFO : ConfigProcessor : Loading config from cache: C:\Users\duffb\AppData\Local\Temp\2d51d76727b268a801d8dd7a18b89879.mpf_cache
2025-02-24 13:39:18,855 : INFO : ConfigProcessor : Loading config from cache: C:\Users\duffb\AppData\Local\Temp\9f058d482eac17116727d62a93500be7.mpf_cache
2025-02-24 13:39:18,856 : INFO : Machine : Mission Pinball Framework Core Engine v0.57.0
2025-02-24 13:39:18,856 : INFO : Machine : Command line arguments: {'no_load_cache': False, 'create_config_cache': True, 'bcp': True, 'configfile': ['config.yaml'], 'force_assets_load': False, 'platform_integration_test': False, 'jsonlogging': False, 'logfile': 'logs\\2025-02-24-13-39-18-mpf-T0SHIII.log', 'pause': False, 'production': False, 'text_ui': True, 'loglevel': 15, 'consoleloglevel': 20, 'force_platform': None, 'syslog_address': None, 'mc_file_name': None, 'no_sound': False}
2025-02-24 13:39:18,856 : INFO : Machine : MPF path: C:\Users\duffb\.pyenv\pyenv-win\versions\3.11.0\Lib\site-packages\mpf
2025-02-24 13:39:18,856 : INFO : Machine : Machine path: C:\Users\duffb\OneDrive\Documents\Python Envs\PinBallWW1\Machine
2025-02-24 13:39:18,856 : INFO : Machine : Platform: win32
2025-02-24 13:39:18,856 : INFO : Machine : Python executable location: C:\Users\duffb\.pyenv\pyenv-win\versions\3.11.0\python.exe
2025-02-24 13:39:18,856 : INFO : Machine : Python version: 3.11.0 (64-bit)
2025-02-24 13:39:18,858 : INFO : Machine : Initializing MPF...
2025-02-24 13:39:19,023 : INFO : EventManager : Event: ======'machine_var_credits_string'====== Args={'value': 'FREE PLAY', 'prev_value': None, 'change': True}
2025-02-24 13:39:19,064 : INFO : EventManager : Event: ======'machine_var_master_volume'====== Args={'value': 0.5, 'prev_value': None, 'change': True}
2025-02-24 13:39:19,064 : INFO : EventManager : Event: ======'machine_var_mpf_version'====== Args={'value': 'Mission Pinball Framework v0.57.0', 'prev_value': None, 'change': True}
2025-02-24 13:39:19,064 : INFO : EventManager : Event: ======'machine_var_mpf_extended_version'====== Args={'value': 'Mission Pinball Framework v0.57.0, Config version:6, Show version: 6, BCP version:1.1', 'prev_value': None, 'change': True}
2025-02-24 13:39:19,064 : INFO : EventManager : Event: ======'machine_var_python_version'====== Args={'value': '3.11.0', 'prev_value': None, 'change': True}
2025-02-24 13:39:19,073 : INFO : EventManager : Event: ======'machine_var_platform'====== Args={'value': 'Windows-10-10.0.26100-SP0', 'prev_value': None, 'change': True}
2025-02-24 13:39:19,073 : INFO : EventManager : Event: ======'machine_var_platform_system'====== Args={'value': 'Windows', 'prev_value': None, 'change': True}
2025-02-24 13:39:19,073 : INFO : EventManager : Event: ======'machine_var_platform_release'====== Args={'value': '10', 'prev_value': None, 'change': True}
2025-02-24 13:39:19,073 : INFO : EventManager : Event: ======'machine_var_platform_version'====== Args={'value': '10.0.26100', 'prev_value': None, 'change': True}
2025-02-24 13:39:19,073 : INFO : EventManager : Event: ======'machine_var_platform_machine'====== Args={'value': 'AMD64', 'prev_value': None, 'change': True}
2025-02-24 13:39:19,073 : INFO : EventManager : Event: ======'init_phase_1'====== Args={}
2025-02-24 13:39:19,083 : INFO : EventManager : Event: ======'init_phase_2'====== Args={}
2025-02-24 13:39:19,084 : INFO : EventManager : Event: ======'bcp_connection_attempt'====== Args={'name': 'local_display', 'host': 'localhost', 'port': 5050}
2025-02-24 13:39:19,085 : INFO : BCPClientSocket : Connecting BCP to 'local_display' at localhost:5050...
2025-02-24 13:39:21,111 : INFO : BCPClientSocket : Connected BCP to 'local_display' localhost:5050
2025-02-24 13:39:21,112 : INFO : EventManager : Event: ======'bcp_clients_connected'====== Args={}
2025-02-24 13:39:21,146 : INFO : EventManager : Event: ======'init_phase_3'====== Args={}
2025-02-24 13:39:21,252 : INFO : EventManager : Event: ======'machine_var_mc_version'====== Args={'value': 'MPF-MC v0.57.1', 'prev_value': None, 'change': True}
2025-02-24 13:39:21,252 : INFO : EventManager : Event: ======'machine_var_mc_extended_version'====== Args={'value': 'MPF-MC v0.57.1 (config_version=6, BCP v1.1,                      Requires MPF API compatibility v0.57.0 or newer)', 'prev_value': None, 'change': True}
2025-02-24 13:39:21,255 : INFO : EventManager : Event: ======'init_phase_4'====== Args={}
2025-02-24 13:39:21,271 : INFO : EventManager : Event: ======'machine_var_audits_switches_s_right_flipper'====== Args={'value': 0, 'prev_value': None, 'change': True}
2025-02-24 13:39:21,272 : INFO : EventManager : Event: ======'machine_var_audits_switches_s_left_flipper'====== Args={'value': 0, 'prev_value': None, 'change': True}
2025-02-24 13:39:21,272 : INFO : EventManager : Event: ======'machine_var_audits_events_game_started'====== Args={'value': 0, 'prev_value': None, 'change': True}
2025-02-24 13:39:21,272 : INFO : EventManager : Event: ======'machine_var_audits_events_game_ended'====== Args={'value': 0, 'prev_value': None, 'change': True}
2025-02-24 13:39:21,272 : INFO : EventManager : Event: ======'machine_var_audits_player_score'====== Args={'value': {'top': [], 'average': 0, 'total': 0}, 'prev_value': None, 'change': True}
2025-02-24 13:39:21,272 : INFO : EventManager : Event: ======'init_phase_5'====== Args={}
2025-02-24 13:39:21,277 : INFO : EventManager : Event: ======'init_done'====== Args={}
2025-02-24 13:39:21,277 : INFO : EventManager : Event: ======'machine_reset_phase_1'====== Args={}
2025-02-24 13:39:21,288 : INFO : EventManager : Event: ======'slide_welcome_slide_removed'====== Args={'_from_bcp': True}
2025-02-24 13:39:21,290 : INFO : EventManager : Event: ======'slide_welcome_slide_created'====== Args={'_from_bcp': True}
2025-02-24 13:39:21,290 : INFO : EventManager : Event: ======'machine_reset_phase_2'====== Args={}
2025-02-24 13:39:21,290 : INFO : EventManager : Event: ======'machine_reset_phase_3'====== Args={}
2025-02-24 13:39:21,291 : INFO : EventManager : Event: ======'reset_complete'====== Args={}
2025-02-24 13:39:21,291 : INFO : EventManager : Event: ======'mode_attract_will_start'====== Args={}
2025-02-24 13:39:21,291 : INFO : EventManager : Event: ======'mode_attract_starting'====== Args={}
2025-02-24 13:39:21,291 : INFO : Mode.attract : Started. Priority: 10
2025-02-24 13:39:21,291 : INFO : EventManager : Event: ======'modes_active_modes_changed'====== Args={}
2025-02-24 13:39:21,291 : INFO : EventManager : Event: ======'mode_attract_started'====== Args={}
2025-02-24 13:39:21,292 : INFO : EventManager : Event: ======'collecting_balls_complete'====== Args={}
2025-02-24 13:39:21,308 : INFO : EventManager : Event: ======'slide_welcome_slide_active'====== Args={'_from_bcp': True}
2025-02-24 13:39:21,308 : INFO : Machine : Starting the main run loop.
2025-02-24 13:39:35,956 : INFO : Machine : Shutting down...
2025-02-24 13:39:35,956 : INFO : EventManager : Event: ======'shutdown'====== Args={}
2025-02-24 13:39:35,961 : INFO : root : MPF run loop ended.
