2025-03-06 23:00:26,006 : INFO : root : Loading config.
2025-03-06 23:00:26,009 : INFO : YamlMultifileConfigLoader : Machine config file #1: config.yaml
2025-03-06 23:00:26,009 : WARNING : ConfigProcessor : Config file in cache changed: C:\Users\duffb\OneDrive\Documents\Python Envs\PinBallWW1\Machine\config\config.yaml
2025-03-06 23:00:26,009 : INFO : ConfigProcessor : Loading config from file C:\Users\duffb\.pyenv\pyenv-win\versions\3.11.0\Lib\site-packages\mpf\mpfconfig.yaml.
2025-03-06 23:00:26,020 : INFO : ConfigProcessor : Loading config: C:\Users\duffb\.pyenv\pyenv-win\versions\3.11.0\Lib\site-packages\mpf\mpfconfig.yaml
2025-03-06 23:00:26,020 : INFO : ConfigProcessor : Loading config from file C:\Users\duffb\OneDrive\Documents\Python Envs\PinBallWW1\Machine\config\config.yaml.
2025-03-06 23:00:26,025 : INFO : ConfigProcessor : Loading config: C:\Users\duffb\OneDrive\Documents\Python Envs\PinBallWW1\Machine\config\config.yaml
2025-03-06 23:00:26,026 : INFO : ConfigProcessor : Config file cache created: C:\Users\duffb\AppData\Local\Temp\cadfdee4981114acd6fff59d1071b59b.mpf_cache
2025-03-06 23:00:26,129 : INFO : ConfigProcessor : Loading config from cache: C:\Users\duffb\AppData\Local\Temp\ee7db1e8d011f44c876692bb4657f2e9.mpf_cache
2025-03-06 23:00:26,130 : INFO : ConfigProcessor : Loading config from cache: C:\Users\duffb\AppData\Local\Temp\9f058d482eac17116727d62a93500be7.mpf_cache
2025-03-06 23:00:26,131 : WARNING : ConfigProcessor : Config file in cache changed: C:\Users\duffb\OneDrive\Documents\Python Envs\PinBallWW1\Machine\modes\base\config\base.yaml
2025-03-06 23:00:26,131 : INFO : ConfigProcessor : Loading config from file C:\Users\duffb\OneDrive\Documents\Python Envs\PinBallWW1\Machine\modes\base\config\base.yaml.
2025-03-06 23:00:26,149 : INFO : ConfigProcessor : Loading config: C:\Users\duffb\OneDrive\Documents\Python Envs\PinBallWW1\Machine\modes\base\config\base.yaml
2025-03-06 23:00:26,150 : INFO : ConfigProcessor : Config file cache created: C:\Users\duffb\AppData\Local\Temp\9e006ea23aa21ec68e01f6c49afad9f4.mpf_cache
2025-03-06 23:00:26,150 : WARNING : ConfigProcessor : Config file in cache changed: C:\Users\duffb\OneDrive\Documents\Python Envs\PinBallWW1\Machine\modes\attract\shows\.\attract_display_loop.yaml
2025-03-06 23:00:26,150 : INFO : ConfigProcessor : Loading config from file C:\Users\duffb\OneDrive\Documents\Python Envs\PinBallWW1\Machine\modes\attract\shows\.\attract_display_loop.yaml.
2025-03-06 23:00:26,153 : INFO : ConfigProcessor : Loading config: C:\Users\duffb\OneDrive\Documents\Python Envs\PinBallWW1\Machine\modes\attract\shows\.\attract_display_loop.yaml
2025-03-06 23:00:26,154 : INFO : ConfigProcessor : Config file cache created: C:\Users\duffb\AppData\Local\Temp\fd253b339e263587268891c4dd997fbd.mpf_cache
2025-03-06 23:00:26,154 : INFO : Machine : Mission Pinball Framework Core Engine v0.57.0
2025-03-06 23:00:26,154 : INFO : Machine : Command line arguments: {'no_load_cache': False, 'create_config_cache': True, 'bcp': True, 'configfile': ['config.yaml'], 'force_assets_load': False, 'platform_integration_test': False, 'jsonlogging': False, 'logfile': 'logs\\2025-03-06-23-00-26-mpf-T0SHIII.log', 'pause': False, 'production': False, 'text_ui': True, 'loglevel': 15, 'consoleloglevel': 20, 'force_platform': None, 'syslog_address': None, 'mc_file_name': None, 'no_sound': False}
2025-03-06 23:00:26,154 : INFO : Machine : MPF path: C:\Users\duffb\.pyenv\pyenv-win\versions\3.11.0\Lib\site-packages\mpf
2025-03-06 23:00:26,154 : INFO : Machine : Machine path: C:\Users\duffb\OneDrive\Documents\Python Envs\PinBallWW1\Machine
2025-03-06 23:00:26,154 : INFO : Machine : Platform: win32
2025-03-06 23:00:26,154 : INFO : Machine : Python executable location: C:\Users\duffb\.pyenv\pyenv-win\versions\3.11.0\python.exe
2025-03-06 23:00:26,154 : INFO : Machine : Python version: 3.11.0 (64-bit)
2025-03-06 23:00:26,156 : INFO : Machine : Initializing MPF...
2025-03-06 23:00:26,469 : INFO : EventManager : Event: ======'machine_var_credits_string'====== Args={'value': 'FREE PLAY', 'prev_value': None, 'change': True}
2025-03-06 23:00:26,517 : INFO : EventManager : Event: ======'machine_var_master_volume'====== Args={'value': 0.5, 'prev_value': None, 'change': True}
2025-03-06 23:00:26,517 : INFO : EventManager : Event: ======'machine_var_player1_score'====== Args={'value': 8000, 'prev_value': None, 'change': True}
2025-03-06 23:00:26,517 : INFO : EventManager : Event: ======'machine_var_player2_score'====== Args={'value': 1000, 'prev_value': None, 'change': True}
2025-03-06 23:00:26,517 : INFO : EventManager : Event: ======'machine_var_mpf_version'====== Args={'value': 'Mission Pinball Framework v0.57.0', 'prev_value': None, 'change': True}
2025-03-06 23:00:26,517 : INFO : EventManager : Event: ======'machine_var_mpf_extended_version'====== Args={'value': 'Mission Pinball Framework v0.57.0, Config version:6, Show version: 6, BCP version:1.1', 'prev_value': None, 'change': True}
2025-03-06 23:00:26,517 : INFO : EventManager : Event: ======'machine_var_python_version'====== Args={'value': '3.11.0', 'prev_value': None, 'change': True}
2025-03-06 23:00:26,531 : INFO : EventManager : Event: ======'machine_var_platform'====== Args={'value': 'Windows-10-10.0.26100-SP0', 'prev_value': None, 'change': True}
2025-03-06 23:00:26,531 : INFO : EventManager : Event: ======'machine_var_platform_system'====== Args={'value': 'Windows', 'prev_value': None, 'change': True}
2025-03-06 23:00:26,531 : INFO : EventManager : Event: ======'machine_var_platform_release'====== Args={'value': '10', 'prev_value': None, 'change': True}
2025-03-06 23:00:26,531 : INFO : EventManager : Event: ======'machine_var_platform_version'====== Args={'value': '10.0.26100', 'prev_value': None, 'change': True}
2025-03-06 23:00:26,531 : INFO : EventManager : Event: ======'machine_var_platform_machine'====== Args={'value': 'AMD64', 'prev_value': None, 'change': True}
2025-03-06 23:00:26,531 : INFO : EventManager : Event: ======'init_phase_1'====== Args={}
2025-03-06 23:00:26,543 : INFO : EventManager : Event: ======'init_phase_2'====== Args={}
2025-03-06 23:00:26,543 : INFO : SwitchController : Found active switch: ('3', <Platform.SmartVirtual>) <switch.s_trough1>
2025-03-06 23:00:26,543 : INFO : SwitchController : Found active switch: ('4', <Platform.SmartVirtual>) <switch.s_trough2>
2025-03-06 23:00:26,543 : INFO : SwitchController : Found active switch: ('5', <Platform.SmartVirtual>) <switch.s_trough3>
2025-03-06 23:00:26,545 : INFO : EventManager : Event: ======'bcp_connection_attempt'====== Args={'name': 'local_display', 'host': 'localhost', 'port': 5050}
2025-03-06 23:00:26,547 : INFO : BCPClientSocket : Connecting BCP to 'local_display' at localhost:5050...
2025-03-06 23:00:28,599 : INFO : BCPClientSocket : Connected BCP to 'local_display' localhost:5050
2025-03-06 23:00:28,600 : INFO : EventManager : Event: ======'bcp_clients_connected'====== Args={}
2025-03-06 23:00:29,211 : INFO : EventManager : Event: ======'machine_var_mc_version'====== Args={'value': 'MPF-MC v0.57.1', 'prev_value': None, 'change': True}
2025-03-06 23:00:29,212 : INFO : EventManager : Event: ======'machine_var_mc_extended_version'====== Args={'value': 'MPF-MC v0.57.1 (config_version=6, BCP v1.1,                      Requires MPF API compatibility v0.57.0 or newer)', 'prev_value': None, 'change': True}
2025-03-06 23:00:29,218 : INFO : ball_device.bd_trough : BCH: Initial count: 3
2025-03-06 23:00:29,436 : INFO : ball_device.bd_trough : State: idle
2025-03-06 23:00:29,437 : INFO : ball_device.bd_plunger_lane : BCH: Initial count: 0
2025-03-06 23:00:29,439 : INFO : ball_device.bd_plunger_lane : State: idle
2025-03-06 23:00:29,480 : INFO : EventManager : Event: ======'init_phase_3'====== Args={}
2025-03-06 23:00:29,491 : INFO : EventManager : Event: ======'init_phase_4'====== Args={}
2025-03-06 23:00:29,491 : INFO : BallController : Initial balls found: 3
2025-03-06 23:00:29,492 : INFO : EventManager : Event: ======'machine_var_audits_events_game_ended'====== Args={'value': 13, 'prev_value': None, 'change': True}
2025-03-06 23:00:29,492 : INFO : EventManager : Event: ======'machine_var_audits_events_game_started'====== Args={'value': 33, 'prev_value': None, 'change': True}
2025-03-06 23:00:29,493 : INFO : EventManager : Event: ======'machine_var_audits_missing_switches_s_drain'====== Args={'value': 6, 'prev_value': None, 'change': True}
2025-03-06 23:00:29,493 : INFO : EventManager : Event: ======'machine_var_audits_missing_switches_s_left_flipper'====== Args={'value': 4, 'prev_value': None, 'change': True}
2025-03-06 23:00:29,493 : INFO : EventManager : Event: ======'machine_var_audits_missing_switches_s_right_flipper'====== Args={'value': 4, 'prev_value': None, 'change': True}
2025-03-06 23:00:29,493 : INFO : EventManager : Event: ======'machine_var_audits_missing_switches_s_trough_enter'====== Args={'value': 33, 'prev_value': None, 'change': True}
2025-03-06 23:00:29,493 : INFO : EventManager : Event: ======'machine_var_audits_player_score'====== Args={'value': {'average': 124, 'top': [8000, 1000, 0, 0, 0, 0, 0, 0, 0, 0], 'total': 16}, 'prev_value': None, 'change': True}
2025-03-06 23:00:29,494 : INFO : EventManager : Event: ======'machine_var_audits_switches_s_drain'====== Args={'value': 0, 'prev_value': None, 'change': True}
2025-03-06 23:00:29,494 : INFO : EventManager : Event: ======'machine_var_audits_switches_s_launcher_button'====== Args={'value': 50, 'prev_value': None, 'change': True}
2025-03-06 23:00:29,494 : INFO : EventManager : Event: ======'machine_var_audits_switches_s_left_flipper'====== Args={'value': 16, 'prev_value': None, 'change': True}
2025-03-06 23:00:29,494 : INFO : EventManager : Event: ======'machine_var_audits_switches_s_playfield_entry'====== Args={'value': 171, 'prev_value': None, 'change': True}
2025-03-06 23:00:29,494 : INFO : EventManager : Event: ======'machine_var_audits_switches_s_plunger_lane'====== Args={'value': 96, 'prev_value': None, 'change': True}
2025-03-06 23:00:29,495 : INFO : EventManager : Event: ======'machine_var_audits_switches_s_pointTarget'====== Args={'value': 109, 'prev_value': None, 'change': True}
2025-03-06 23:00:29,495 : INFO : EventManager : Event: ======'machine_var_audits_switches_s_right_flipper'====== Args={'value': 13, 'prev_value': None, 'change': True}
2025-03-06 23:00:29,495 : INFO : EventManager : Event: ======'machine_var_audits_switches_s_trough1'====== Args={'value': 77, 'prev_value': None, 'change': True}
2025-03-06 23:00:29,495 : INFO : EventManager : Event: ======'machine_var_audits_switches_s_trough2'====== Args={'value': 13, 'prev_value': None, 'change': True}
2025-03-06 23:00:29,495 : INFO : EventManager : Event: ======'machine_var_audits_switches_s_trough3'====== Args={'value': 10, 'prev_value': None, 'change': True}
2025-03-06 23:00:29,496 : INFO : EventManager : Event: ======'machine_var_audits_switches_s_trough_enter'====== Args={'value': 0, 'prev_value': None, 'change': True}
2025-03-06 23:00:29,497 : INFO : EventManager : Event: ======'init_phase_5'====== Args={}
2025-03-06 23:00:29,541 : INFO : EventManager : Event: ======'init_done'====== Args={}
2025-03-06 23:00:29,541 : INFO : EventManager : Event: ======'machine_reset_phase_1'====== Args={}
2025-03-06 23:00:29,548 : INFO : EventManager : Event: ======'slide_welcome_slide_removed'====== Args={'_from_bcp': True}
2025-03-06 23:00:29,556 : INFO : EventManager : Event: ======'slide_welcome_slide_created'====== Args={'_from_bcp': True}
2025-03-06 23:00:29,557 : INFO : EventManager : Event: ======'machine_reset_phase_2'====== Args={}
2025-03-06 23:00:29,558 : INFO : EventManager : Event: ======'machine_reset_phase_3'====== Args={}
2025-03-06 23:00:29,558 : INFO : EventManager : Event: ======'reset_complete'====== Args={}
2025-03-06 23:00:29,559 : INFO : EventManager : Event: ======'slide_welcome_slide_active'====== Args={'_from_bcp': True}
2025-03-06 23:00:29,559 : INFO : EventManager : Event: ======'mode_attract_will_start'====== Args={}
2025-03-06 23:00:29,562 : INFO : EventManager : Event: ======'mode_attract_starting'====== Args={}
2025-03-06 23:00:29,562 : INFO : Mode.attract : Started. Priority: 10
2025-03-06 23:00:29,563 : INFO : EventManager : Event: ======'modes_active_modes_changed'====== Args={}
2025-03-06 23:00:29,563 : INFO : EventManager : Event: ======'mode_attract_started'====== Args={}
2025-03-06 23:00:29,565 : INFO : EventManager : Event: ======'collecting_balls_complete'====== Args={}
2025-03-06 23:00:29,654 : INFO : EventManager : Event: ======'slide_ship_slide_created'====== Args={'_from_bcp': True}
2025-03-06 23:00:29,654 : INFO : EventManager : Event: ======'slide_ship_slide_active'====== Args={'_from_bcp': True}
2025-03-06 23:00:29,654 : INFO : Machine : Starting the main run loop.
2025-03-06 23:00:34,609 : INFO : EventManager : Event: ======'slide_starting_slide_created'====== Args={'_from_bcp': True}
2025-03-06 23:00:34,614 : INFO : EventManager : Event: ======'slide_starting_slide_active'====== Args={'_from_bcp': True}
2025-03-06 23:00:39,598 : INFO : EventManager : Event: ======'slide_company_slide_created'====== Args={'_from_bcp': True}
2025-03-06 23:00:39,599 : INFO : EventManager : Event: ======'slide_company_slide_active'====== Args={'_from_bcp': True}
2025-03-06 23:00:40,979 : INFO : SwitchController : <<<<<<< 's_launcher_button' active >>>>>>>
2025-03-06 23:00:41,163 : INFO : SwitchController : <<<<<<< 's_launcher_button' inactive >>>>>>>
2025-03-06 23:00:41,163 : INFO : EventManager : Event: ======'request_to_start_game'====== Args={}
2025-03-06 23:00:41,163 : INFO : EventManager : Event: ======'game_start'====== Args={'buttons': [], 'hold_time': 0.1720000000204891}
2025-03-06 23:00:41,163 : INFO : EventManager : Event: ======'mode_game_will_start'====== Args={'buttons': [], 'hold_time': 0.1720000000204891}
2025-03-06 23:00:41,164 : INFO : EventManager : Event: ======'mode_game_starting'====== Args={'buttons': [], 'hold_time': 0.1720000000204891}
2025-03-06 23:00:41,164 : INFO : EventManager : Event: ======'mode_attract_will_stop'====== Args={}
2025-03-06 23:00:41,164 : INFO : EventManager : Event: ======'mode_attract_stopping'====== Args={}
2025-03-06 23:00:41,164 : INFO : Mode.attract : Stopped.
2025-03-06 23:00:41,164 : INFO : EventManager : Event: ======'modes_active_modes_changed'====== Args={}
2025-03-06 23:00:41,164 : INFO : EventManager : Event: ======'mode_attract_stopped'====== Args={}
2025-03-06 23:00:41,165 : INFO : EventManager : Event: ======'clear'====== Args={'key': 'attract'}
2025-03-06 23:00:41,165 : INFO : Mode.game : Started. Priority: 20
2025-03-06 23:00:41,165 : INFO : EventManager : Event: ======'modes_active_modes_changed'====== Args={}
2025-03-06 23:00:41,165 : INFO : EventManager : Event: ======'mode_game_started'====== Args={'buttons': [], 'hold_time': 0.1720000000204891}
2025-03-06 23:00:41,172 : INFO : EventManager : Event: ======'game_will_start'====== Args={}
2025-03-06 23:00:41,172 : INFO : EventManager : Event: ======'game_starting'====== Args={'game': <Mode.game>}
2025-03-06 23:00:41,172 : INFO : EventManager : Unordered handler for class <Auditor> on event game_ended with priority 1. Handlers: [RegisteredHandler(callback=<bound method Auditor.disable of <Auditor>>, priority=1, kwargs={}, key=UUID('ca14280d-6f5b-4318-b8e5-e9d38b15eafd'), condition=None, blocking_facility=None), RegisteredHandler(callback=<bound method Auditor._save_audits of <Auditor>>, priority=1, kwargs={}, key=UUID('3ce963a0-7d9f-4da9-b5f8-269ae9fe7532'), condition=None, blocking_facility=None)]. The order of those handlers is not defined and they will be executed in random order. This might lead to race conditions and potential bugs.
2025-03-06 23:00:41,173 : INFO : EventManager : Event: ======'player_add_request'====== Args={}
2025-03-06 23:00:41,173 : INFO : EventManager : Event: ======'player_will_add'====== Args={'number': 1}
2025-03-06 23:00:41,173 : INFO : EventManager : Event: ======'player_adding'====== Args={'player': <Player 1>, 'number': 1}
2025-03-06 23:00:41,173 : INFO : EventManager : Event: ======'player_added'====== Args={'player': <Player 1>, 'num': 1}
2025-03-06 23:00:41,173 : INFO : Mode.game : Player added successfully. Total players: 1
2025-03-06 23:00:41,174 : INFO : EventManager : Event: ======'player_index'====== Args={'value': 0, 'prev_value': 0, 'change': 0, 'player_num': 1}
2025-03-06 23:00:41,174 : INFO : EventManager : Event: ======'player_number'====== Args={'value': 1, 'prev_value': 1, 'change': 0, 'player_num': 1}
2025-03-06 23:00:41,174 : INFO : EventManager : Event: ======'player_score'====== Args={'value': 0, 'prev_value': 0, 'change': 0, 'player_num': 1}
2025-03-06 23:00:41,174 : INFO : EventManager : Event: ======'game_started'====== Args={}
2025-03-06 23:00:41,185 : INFO : EventManager : Event: ======'player_turn_will_start'====== Args={'player': <Player 1>, 'number': 1}
2025-03-06 23:00:41,186 : INFO : EventManager : Event: ======'slide_ship_slide_removed'====== Args={'_from_bcp': True}
2025-03-06 23:00:41,186 : INFO : EventManager : Event: ======'slide_starting_slide_removed'====== Args={'_from_bcp': True}
2025-03-06 23:00:41,186 : INFO : EventManager : Event: ======'slide_company_slide_removed'====== Args={'_from_bcp': True}
2025-03-06 23:00:41,186 : INFO : EventManager : Event: ======'player_turn_starting'====== Args={'player': <Player 1>, 'number': 1}
2025-03-06 23:00:41,186 : INFO : EventManager : Event: ======'slide_welcome_slide_active'====== Args={'_from_bcp': True}
2025-03-06 23:00:41,187 : INFO : EventManager : Event: ======'player_ball'====== Args={'value': 1, 'prev_value': 0, 'change': 1, 'player_num': 1}
2025-03-06 23:00:41,188 : INFO : EventManager : Event: ======'player_turn_started'====== Args={'player': <Player 1>, 'number': 1}
2025-03-06 23:00:41,189 : INFO : EventManager : Event: ======'ball_will_start'====== Args={'player': 1, 'ball': 1, 'balls_remaining': 2, 'is_extra_ball': False}
2025-03-06 23:00:41,192 : INFO : EventManager : Event: ======'ball_starting'====== Args={'player': 1, 'ball': 1, 'balls_remaining': 2, 'is_extra_ball': False}
2025-03-06 23:00:41,193 : INFO : EventManager : Event: ======'balls_in_play'====== Args={'balls': 1}
2025-03-06 23:00:41,193 : INFO : EventManager : Event: ======'ball_started'====== Args={'player': 1, 'ball': 1, 'balls_remaining': 2, 'is_extra_ball': False}
2025-03-06 23:00:41,193 : INFO : EventManager : Event: ======'mode_base_will_start'====== Args={'player': 1, 'ball': 1, 'balls_remaining': 2, 'is_extra_ball': False}
2025-03-06 23:00:41,194 : INFO : EventManager : Event: ======'mode_base_starting'====== Args={'player': 1, 'ball': 1, 'balls_remaining': 2, 'is_extra_ball': False}
2025-03-06 23:00:41,194 : INFO : Mode.base : Started. Priority: 100
2025-03-06 23:00:41,195 : INFO : EventManager : Event: ======'modes_active_modes_changed'====== Args={}
2025-03-06 23:00:41,195 : INFO : EventManager : Event: ======'mode_base_started'====== Args={'player': 1, 'ball': 1, 'balls_remaining': 2, 'is_extra_ball': False}
2025-03-06 23:00:41,198 : INFO : EventManager : Event: ======'single_player_ball_started'====== Args={}
2025-03-06 23:00:41,230 : INFO : EventManager : Event: ======'ball_start_target'====== Args={'target': 'playfield'}
2025-03-06 23:00:41,239 : INFO : EventManager : Event: ======'slide_base.slide_player-mode_base_started_created'====== Args={'_from_bcp': True}
2025-03-06 23:00:41,239 : INFO : EventManager : Event: ======'slide_base.slide_player-mode_base_started_active'====== Args={'_from_bcp': True}
2025-03-06 23:00:41,244 : INFO : ball_device.bd_plunger_lane : Setting up player-controlled eject. Balls: 1, Target: <playfield.playfield>, player_controlled_eject_event: s_launcher_button_active
2025-03-06 23:00:41,245 : INFO : EventManager : Event: ======'balldevice_balls_available'====== Args={}
2025-03-06 23:00:41,245 : INFO : ball_device.bd_trough : State: waiting_for_target_ready
2025-03-06 23:00:41,245 : INFO : EventManager : Event: ======'balldevice_bd_trough_ball_eject_attempt'====== Args={'balls': 1, 'target': <ball_device.bd_plunger_lane>, 'source': <ball_device.bd_trough>, 'mechanical_eject': True, 'num_attempts': 0}
2025-03-06 23:00:41,245 : INFO : ball_device.bd_plunger_lane : State: waiting_for_ball
2025-03-06 23:00:41,246 : INFO : ball_device.bd_trough : State: ejecting
2025-03-06 23:00:41,246 : INFO : ball_device.bd_trough : Ejecting ball to <ball_device.bd_plunger_lane>
2025-03-06 23:00:41,246 : INFO : EventManager : Event: ======'balldevice_bd_trough_ejecting_ball'====== Args={'balls': 1, 'target': <ball_device.bd_plunger_lane>, 'source': <ball_device.bd_trough>, 'mechanical_eject': True, 'num_attempts': 0}
2025-03-06 23:00:41,246 : INFO : ball_device.bd_trough : Wait for ball to leave device
2025-03-06 23:00:41,247 : INFO : coil.c_trough_release : Pulsing Driver for 20ms (1.0 pulse_power)
2025-03-06 23:00:41,247 : INFO : SwitchController : <<<<<<< 's_trough1' inactive >>>>>>>
2025-03-06 23:00:41,253 : INFO : ball_device.bd_trough : State: ball_left
2025-03-06 23:00:41,253 : INFO : ball_device.bd_trough : Ball left
2025-03-06 23:00:41,253 : INFO : ball_device.bd_trough : Wait for confirm with timeout 3.0
2025-03-06 23:00:41,357 : INFO : SwitchController : <<<<<<< 's_plunger_lane' active >>>>>>>
2025-03-06 23:00:41,357 : INFO : EventManager : Event: ======'machine_var_audits_switches_s_plunger_lane'====== Args={'value': 97, 'prev_value': 96, 'change': 1}
2025-03-06 23:00:41,858 : INFO : ball_device.bd_plunger_lane : Received ball from <ball_device.bd_trough>
2025-03-06 23:00:41,858 : INFO : EventManager : Event: ======'balldevice_bd_plunger_lane_ball_enter'====== Args={'new_balls': 1, 'unclaimed_balls': 0, 'new_available_balls': 0, 'device': <ball_device.bd_plunger_lane>}
2025-03-06 23:00:41,859 : INFO : EventManager : Event: ======'balldevice_bd_plunger_lane_ball_entered'====== Args={'new_balls': 0, 'device': <ball_device.bd_plunger_lane>}
2025-03-06 23:00:41,860 : INFO : EventManager : Event: ======'balldevice_bd_plunger_lane_ball_count_changed'====== Args={'balls': 1}
2025-03-06 23:00:41,860 : INFO : ball_device.bd_trough : Got eject confirm
2025-03-06 23:00:41,860 : INFO : ball_device.bd_trough : Eject successful
2025-03-06 23:00:41,861 : INFO : EventManager : Event: ======'balldevice_bd_trough_ball_eject_success'====== Args={'balls': 1, 'target': <ball_device.bd_plunger_lane>}
2025-03-06 23:00:41,862 : INFO : ball_device.bd_plunger_lane : State: waiting_for_target_ready
2025-03-06 23:00:41,862 : INFO : EventManager : Event: ======'balldevice_bd_plunger_lane_ball_eject_attempt'====== Args={'balls': 1, 'target': <playfield.playfield>, 'source': <ball_device.bd_plunger_lane>, 'mechanical_eject': True, 'num_attempts': 0}
2025-03-06 23:00:41,862 : INFO : EventManager : Event: ======'balldevice_bd_trough_ball_count_changed'====== Args={'balls': 2}
2025-03-06 23:00:41,863 : INFO : ball_device.bd_trough : State: idle
2025-03-06 23:00:41,863 : INFO : ball_device.bd_plunger_lane : State: ejecting
2025-03-06 23:00:41,863 : INFO : ball_device.bd_plunger_lane : Ejecting ball to <playfield.playfield>
2025-03-06 23:00:41,864 : INFO : EventManager : Event: ======'balldevice_bd_plunger_lane_ejecting_ball'====== Args={'balls': 1, 'target': <playfield.playfield>, 'source': <ball_device.bd_plunger_lane>, 'mechanical_eject': True, 'num_attempts': 0}
2025-03-06 23:00:41,865 : INFO : ball_device.bd_plunger_lane : Wait for ball to leave device
2025-03-06 23:00:43,643 : INFO : SwitchController : <<<<<<< 's_launcher_button' active >>>>>>>
2025-03-06 23:00:43,644 : INFO : EventManager : Event: ======'s_launcher_button_active'====== Args={}
2025-03-06 23:00:43,644 : INFO : EventManager : Event: ======'sw_start'====== Args={}
2025-03-06 23:00:43,645 : INFO : EventManager : Event: ======'machine_var_audits_switches_s_launcher_button'====== Args={'value': 51, 'prev_value': 50, 'change': 1}
2025-03-06 23:00:43,649 : INFO : EventManager : Event: ======'player_add_request'====== Args={}
2025-03-06 23:00:43,650 : INFO : EventManager : Event: ======'player_will_add'====== Args={'number': 2}
2025-03-06 23:00:43,651 : INFO : EventManager : Event: ======'player_adding'====== Args={'player': <Player 2>, 'number': 2}
2025-03-06 23:00:43,651 : INFO : EventManager : Event: ======'player_added'====== Args={'player': <Player 2>, 'num': 2}
2025-03-06 23:00:43,652 : INFO : Mode.game : Player added successfully. Total players: 2
2025-03-06 23:00:43,652 : INFO : EventManager : Event: ======'multiplayer_game'====== Args={}
2025-03-06 23:00:43,652 : INFO : EventManager : Event: ======'player_index'====== Args={'value': 1, 'prev_value': 1, 'change': 0, 'player_num': 2}
2025-03-06 23:00:43,653 : INFO : EventManager : Event: ======'player_number'====== Args={'value': 2, 'prev_value': 2, 'change': 0, 'player_num': 2}
2025-03-06 23:00:43,653 : INFO : EventManager : Event: ======'player_score'====== Args={'value': 0, 'prev_value': 0, 'change': 0, 'player_num': 2}
2025-03-06 23:00:43,681 : INFO : coil.c_autolauncher : Pulsing Driver for 20ms (1.0 pulse_power)
2025-03-06 23:00:43,682 : INFO : SwitchController : <<<<<<< 's_plunger_lane' inactive >>>>>>>
2025-03-06 23:00:43,707 : INFO : ball_device.bd_plunger_lane : State: ball_left
2025-03-06 23:00:43,707 : INFO : ball_device.bd_plunger_lane : Ball left
2025-03-06 23:00:43,707 : INFO : ball_device.bd_plunger_lane : Wait for confirm with timeout 3.0
2025-03-06 23:00:43,727 : INFO : SwitchController : <<<<<<< 's_playfield_entry' active >>>>>>>
2025-03-06 23:00:43,729 : INFO : EventManager : Event: ======'sw_playfield_active'====== Args={}
2025-03-06 23:00:43,729 : INFO : EventManager : Event: ======'machine_var_audits_switches_s_playfield_entry'====== Args={'value': 172, 'prev_value': 171, 'change': 1}
2025-03-06 23:00:43,730 : INFO : EventManager : Event: ======'playfield_active'====== Args={}
2025-03-06 23:00:43,731 : INFO : SwitchController : <<<<<<< 's_launcher_button' inactive >>>>>>>
2025-03-06 23:00:43,755 : INFO : SwitchController : <<<<<<< 's_playfield_entry' inactive >>>>>>>
2025-03-06 23:00:43,773 : INFO : ball_device.bd_plunger_lane : Got eject confirm
2025-03-06 23:00:43,773 : INFO : ball_device.bd_plunger_lane : Eject successful
2025-03-06 23:00:43,774 : INFO : EventManager : Event: ======'balldevice_bd_plunger_lane_ball_eject_success'====== Args={'balls': 1, 'target': <playfield.playfield>}
2025-03-06 23:00:43,774 : INFO : EventManager : Event: ======'balldevice_playfield_ball_enter'====== Args={'new_balls': 1, 'unclaimed_balls': 1, 'device': <playfield.playfield>}
2025-03-06 23:00:43,774 : INFO : EventManager : Event: ======'playfield_ball_count_change'====== Args={'balls': 1, 'change': 1}
2025-03-06 23:00:43,776 : INFO : EventManager : Event: ======'balldevice_bd_plunger_lane_ball_count_changed'====== Args={'balls': 0}
2025-03-06 23:00:44,192 : INFO : ball_device.bd_plunger_lane : State: idle
2025-03-06 23:00:46,096 : INFO : SwitchController : <<<<<<< 's_trough1' active >>>>>>>
2025-03-06 23:00:46,096 : INFO : EventManager : Event: ======'machine_var_audits_switches_s_trough1'====== Args={'value': 78, 'prev_value': 77, 'change': 1}
2025-03-06 23:00:46,405 : INFO : EventManager : Event: ======'balldevice_bd_trough_ball_count_changed'====== Args={'balls': 3}
2025-03-06 23:00:46,405 : INFO : ball_device.bd_trough : Received unexpected ball
2025-03-06 23:00:46,406 : INFO : EventManager : Event: ======'balldevice_captured_from_playfield'====== Args={'balls': 1}
2025-03-06 23:00:46,406 : INFO : EventManager : Event: ======'sw_playfield_active'====== Args={'balls': 1}
2025-03-06 23:00:46,406 : INFO : EventManager : Event: ======'playfield_ball_count_change'====== Args={'balls': 0, 'change': -1}
2025-03-06 23:00:46,406 : INFO : EventManager : Event: ======'balldevice_bd_trough_ball_enter'====== Args={'new_balls': 1, 'unclaimed_balls': 1, 'new_available_balls': 1, 'device': <ball_device.bd_trough>}
2025-03-06 23:00:46,406 : INFO : EventManager : Event: ======'ball_drain'====== Args={'device': <ball_device.bd_trough>, 'balls': 1}
2025-03-06 23:00:46,407 : INFO : EventManager : Event: ======'ball_will_end'====== Args={}
2025-03-06 23:00:46,407 : INFO : EventManager : Event: ======'balldevice_balls_available'====== Args={}
2025-03-06 23:00:46,407 : INFO : EventManager : Event: ======'balldevice_bd_trough_ball_entered'====== Args={'new_balls': 1, 'device': <ball_device.bd_trough>}
2025-03-06 23:00:46,407 : INFO : EventManager : Event: ======'ball_ending'====== Args={}
2025-03-06 23:00:46,407 : INFO : EventManager : Event: ======'mode_base_will_stop'====== Args={}
2025-03-06 23:00:46,407 : INFO : EventManager : Event: ======'mode_base_stopping'====== Args={}
2025-03-06 23:00:46,408 : INFO : Mode.base : Stopped.
2025-03-06 23:00:46,408 : INFO : EventManager : Event: ======'modes_active_modes_changed'====== Args={}
2025-03-06 23:00:46,409 : INFO : EventManager : Event: ======'mode_base_stopped'====== Args={}
2025-03-06 23:00:46,409 : INFO : EventManager : Event: ======'clear'====== Args={'key': 'base'}
2025-03-06 23:00:46,495 : INFO : EventManager : Event: ======'ball_ended'====== Args={}
2025-03-06 23:00:46,497 : INFO : EventManager : Event: ======'slide_base.slide_player-mode_base_started_removed'====== Args={'_from_bcp': True}
2025-03-06 23:00:46,497 : INFO : EventManager : Event: ======'slide_welcome_slide_active'====== Args={'_from_bcp': True}
2025-03-06 23:00:46,497 : INFO : EventManager : Event: ======'player_turn_will_end'====== Args={'player': <Player 1>, 'number': 1}
2025-03-06 23:00:46,506 : INFO : EventManager : Event: ======'player_turn_ending'====== Args={'player': <Player 1>, 'number': 1}
2025-03-06 23:00:46,507 : INFO : EventManager : Event: ======'player_turn_ended'====== Args={'player': <Player 1>, 'number': 1}
2025-03-06 23:00:46,510 : INFO : EventManager : Event: ======'player_turn_will_start'====== Args={'player': <Player 2>, 'number': 2}
2025-03-06 23:00:46,510 : INFO : EventManager : Event: ======'player_turn_starting'====== Args={'player': <Player 2>, 'number': 2}
2025-03-06 23:00:46,511 : INFO : EventManager : Event: ======'player_ball'====== Args={'value': 1, 'prev_value': 0, 'change': 1, 'player_num': 2}
2025-03-06 23:00:46,511 : INFO : EventManager : Event: ======'player_turn_started'====== Args={'player': <Player 2>, 'number': 2}
2025-03-06 23:00:46,512 : INFO : EventManager : Event: ======'ball_will_start'====== Args={'player': 2, 'ball': 1, 'balls_remaining': 2, 'is_extra_ball': False}
2025-03-06 23:00:46,525 : INFO : EventManager : Event: ======'ball_starting'====== Args={'player': 2, 'ball': 1, 'balls_remaining': 2, 'is_extra_ball': False}
2025-03-06 23:00:46,526 : INFO : EventManager : Event: ======'balls_in_play'====== Args={'balls': 1}
2025-03-06 23:00:46,526 : INFO : EventManager : Event: ======'ball_started'====== Args={'player': 2, 'ball': 1, 'balls_remaining': 2, 'is_extra_ball': False}
2025-03-06 23:00:46,526 : INFO : EventManager : Event: ======'mode_base_will_start'====== Args={'player': 2, 'ball': 1, 'balls_remaining': 2, 'is_extra_ball': False}
2025-03-06 23:00:46,527 : INFO : EventManager : Event: ======'mode_base_starting'====== Args={'player': 2, 'ball': 1, 'balls_remaining': 2, 'is_extra_ball': False}
2025-03-06 23:00:46,529 : INFO : Mode.base : Started. Priority: 100
2025-03-06 23:00:46,529 : INFO : EventManager : Event: ======'modes_active_modes_changed'====== Args={}
2025-03-06 23:00:46,529 : INFO : EventManager : Event: ======'mode_base_started'====== Args={'player': 2, 'ball': 1, 'balls_remaining': 2, 'is_extra_ball': False}
2025-03-06 23:00:46,534 : INFO : EventManager : Event: ======'multi_player_ball_started'====== Args={}
2025-03-06 23:00:46,620 : INFO : EventManager : Event: ======'player_2_ball_started'====== Args={}
2025-03-06 23:00:46,621 : INFO : EventManager : Event: ======'slide_base.slide_player-mode_base_started_created'====== Args={'_from_bcp': True}
2025-03-06 23:00:46,621 : INFO : EventManager : Event: ======'slide_base.slide_player-mode_base_started_active'====== Args={'_from_bcp': True}
2025-03-06 23:00:46,621 : INFO : EventManager : Event: ======'ball_start_target'====== Args={'target': 'playfield'}
2025-03-06 23:00:46,621 : INFO : ball_device.bd_plunger_lane : Setting up player-controlled eject. Balls: 1, Target: <playfield.playfield>, player_controlled_eject_event: s_launcher_button_active
2025-03-06 23:00:46,621 : INFO : EventManager : Event: ======'balldevice_balls_available'====== Args={}
2025-03-06 23:00:46,623 : INFO : ball_device.bd_trough : State: waiting_for_target_ready
2025-03-06 23:00:46,623 : INFO : EventManager : Event: ======'balldevice_bd_trough_ball_eject_attempt'====== Args={'balls': 1, 'target': <ball_device.bd_plunger_lane>, 'source': <ball_device.bd_trough>, 'mechanical_eject': True, 'num_attempts': 0}
2025-03-06 23:00:46,623 : INFO : ball_device.bd_plunger_lane : State: waiting_for_ball
2025-03-06 23:00:46,623 : INFO : ball_device.bd_trough : State: ejecting
2025-03-06 23:00:46,623 : INFO : ball_device.bd_trough : Ejecting ball to <ball_device.bd_plunger_lane>
2025-03-06 23:00:46,624 : INFO : EventManager : Event: ======'balldevice_bd_trough_ejecting_ball'====== Args={'balls': 1, 'target': <ball_device.bd_plunger_lane>, 'source': <ball_device.bd_trough>, 'mechanical_eject': True, 'num_attempts': 0}
2025-03-06 23:00:46,624 : INFO : ball_device.bd_trough : Wait for ball to leave device
2025-03-06 23:00:46,626 : INFO : coil.c_trough_release : Pulsing Driver for 20ms (1.0 pulse_power)
2025-03-06 23:00:46,627 : INFO : SwitchController : <<<<<<< 's_trough1' inactive >>>>>>>
2025-03-06 23:00:46,649 : INFO : ball_device.bd_trough : State: ball_left
2025-03-06 23:00:46,649 : INFO : ball_device.bd_trough : Ball left
2025-03-06 23:00:46,649 : INFO : ball_device.bd_trough : Wait for confirm with timeout 3.0
2025-03-06 23:00:46,733 : INFO : SwitchController : <<<<<<< 's_plunger_lane' active >>>>>>>
2025-03-06 23:00:46,734 : INFO : EventManager : Event: ======'machine_var_audits_switches_s_plunger_lane'====== Args={'value': 98, 'prev_value': 97, 'change': 1}
2025-03-06 23:00:47,276 : INFO : ball_device.bd_plunger_lane : Received ball from <ball_device.bd_trough>
2025-03-06 23:00:47,276 : INFO : EventManager : Event: ======'balldevice_bd_plunger_lane_ball_enter'====== Args={'new_balls': 1, 'unclaimed_balls': 0, 'new_available_balls': 0, 'device': <ball_device.bd_plunger_lane>}
2025-03-06 23:00:47,278 : INFO : EventManager : Event: ======'balldevice_bd_plunger_lane_ball_entered'====== Args={'new_balls': 0, 'device': <ball_device.bd_plunger_lane>}
2025-03-06 23:00:47,278 : INFO : EventManager : Event: ======'balldevice_bd_plunger_lane_ball_count_changed'====== Args={'balls': 1}
2025-03-06 23:00:47,279 : INFO : ball_device.bd_trough : Got eject confirm
2025-03-06 23:00:47,279 : INFO : ball_device.bd_trough : Eject successful
2025-03-06 23:00:47,279 : INFO : EventManager : Event: ======'balldevice_bd_trough_ball_eject_success'====== Args={'balls': 1, 'target': <ball_device.bd_plunger_lane>}
2025-03-06 23:00:47,280 : INFO : ball_device.bd_plunger_lane : State: waiting_for_target_ready
2025-03-06 23:00:47,280 : INFO : EventManager : Event: ======'balldevice_bd_plunger_lane_ball_eject_attempt'====== Args={'balls': 1, 'target': <playfield.playfield>, 'source': <ball_device.bd_plunger_lane>, 'mechanical_eject': True, 'num_attempts': 0}
2025-03-06 23:00:47,281 : INFO : EventManager : Event: ======'balldevice_bd_trough_ball_count_changed'====== Args={'balls': 2}
2025-03-06 23:00:47,281 : INFO : ball_device.bd_trough : State: idle
2025-03-06 23:00:47,281 : INFO : ball_device.bd_plunger_lane : State: ejecting
2025-03-06 23:00:47,282 : INFO : ball_device.bd_plunger_lane : Ejecting ball to <playfield.playfield>
2025-03-06 23:00:47,282 : INFO : EventManager : Event: ======'balldevice_bd_plunger_lane_ejecting_ball'====== Args={'balls': 1, 'target': <playfield.playfield>, 'source': <ball_device.bd_plunger_lane>, 'mechanical_eject': True, 'num_attempts': 0}
2025-03-06 23:00:47,282 : INFO : ball_device.bd_plunger_lane : Wait for ball to leave device
2025-03-06 23:00:49,479 : INFO : SwitchController : <<<<<<< 's_launcher_button' active >>>>>>>
2025-03-06 23:00:49,479 : INFO : EventManager : Event: ======'s_launcher_button_active'====== Args={}
2025-03-06 23:00:49,479 : INFO : EventManager : Event: ======'sw_start'====== Args={}
2025-03-06 23:00:49,480 : INFO : EventManager : Event: ======'machine_var_audits_switches_s_launcher_button'====== Args={'value': 52, 'prev_value': 51, 'change': 1}
2025-03-06 23:00:49,480 : INFO : EventManager : Event: ======'player_add_request'====== Args={}
2025-03-06 23:00:49,481 : INFO : EventManager : Event: ======'player_will_add'====== Args={'number': 3}
2025-03-06 23:00:49,481 : INFO : EventManager : Event: ======'player_adding'====== Args={'player': <Player 3>, 'number': 3}
2025-03-06 23:00:49,482 : INFO : EventManager : Event: ======'player_added'====== Args={'player': <Player 3>, 'num': 3}
2025-03-06 23:00:49,482 : INFO : Mode.game : Player added successfully. Total players: 3
2025-03-06 23:00:49,484 : INFO : EventManager : Event: ======'player_index'====== Args={'value': 2, 'prev_value': 2, 'change': 0, 'player_num': 3}
2025-03-06 23:00:49,485 : INFO : EventManager : Event: ======'player_number'====== Args={'value': 3, 'prev_value': 3, 'change': 0, 'player_num': 3}
2025-03-06 23:00:49,485 : INFO : EventManager : Event: ======'player_score'====== Args={'value': 0, 'prev_value': 0, 'change': 0, 'player_num': 3}
2025-03-06 23:00:49,512 : INFO : coil.c_autolauncher : Pulsing Driver for 20ms (1.0 pulse_power)
2025-03-06 23:00:49,513 : INFO : SwitchController : <<<<<<< 's_plunger_lane' inactive >>>>>>>
2025-03-06 23:00:49,529 : INFO : ball_device.bd_plunger_lane : State: ball_left
2025-03-06 23:00:49,529 : INFO : ball_device.bd_plunger_lane : Ball left
2025-03-06 23:00:49,529 : INFO : ball_device.bd_plunger_lane : Wait for confirm with timeout 3.0
2025-03-06 23:00:49,576 : INFO : SwitchController : <<<<<<< 's_playfield_entry' active >>>>>>>
2025-03-06 23:00:49,577 : INFO : EventManager : Event: ======'sw_playfield_active'====== Args={}
2025-03-06 23:00:49,577 : INFO : EventManager : Event: ======'machine_var_audits_switches_s_playfield_entry'====== Args={'value': 173, 'prev_value': 172, 'change': 1}
2025-03-06 23:00:49,579 : INFO : EventManager : Event: ======'playfield_active'====== Args={}
2025-03-06 23:00:49,582 : INFO : SwitchController : <<<<<<< 's_launcher_button' inactive >>>>>>>
2025-03-06 23:00:49,626 : INFO : SwitchController : <<<<<<< 's_playfield_entry' inactive >>>>>>>
2025-03-06 23:00:49,654 : INFO : ball_device.bd_plunger_lane : Got eject confirm
2025-03-06 23:00:49,654 : INFO : ball_device.bd_plunger_lane : Eject successful
2025-03-06 23:00:49,655 : INFO : EventManager : Event: ======'balldevice_bd_plunger_lane_ball_eject_success'====== Args={'balls': 1, 'target': <playfield.playfield>}
2025-03-06 23:00:49,655 : INFO : EventManager : Event: ======'balldevice_playfield_ball_enter'====== Args={'new_balls': 1, 'unclaimed_balls': 1, 'device': <playfield.playfield>}
2025-03-06 23:00:49,655 : INFO : EventManager : Event: ======'playfield_ball_count_change'====== Args={'balls': 1, 'change': 1}
2025-03-06 23:00:49,657 : INFO : EventManager : Event: ======'balldevice_bd_plunger_lane_ball_count_changed'====== Args={'balls': 0}
2025-03-06 23:00:50,031 : INFO : ball_device.bd_plunger_lane : State: idle
2025-03-06 23:00:51,564 : INFO : SwitchController : <<<<<<< 's_pointTarget' active >>>>>>>
2025-03-06 23:00:51,564 : INFO : EventManager : Event: ======'s_pointTarget_active'====== Args={}
2025-03-06 23:00:51,565 : INFO : EventManager : Event: ======'sw_playfield_active'====== Args={}
2025-03-06 23:00:51,565 : INFO : EventManager : Event: ======'machine_var_audits_switches_s_pointTarget'====== Args={'value': 110, 'prev_value': 109, 'change': 1}
2025-03-06 23:00:51,569 : INFO : EventManager : Event: ======'player_score'====== Args={'value': 100, 'prev_value': 0, 'change': 100, 'player_num': 2, 'source': 'base'}
2025-03-06 23:00:51,678 : INFO : SwitchController : <<<<<<< 's_pointTarget' inactive >>>>>>>
2025-03-06 23:00:51,852 : INFO : SwitchController : <<<<<<< 's_pointTarget' active >>>>>>>
2025-03-06 23:00:51,854 : INFO : EventManager : Event: ======'s_pointTarget_active'====== Args={}
2025-03-06 23:00:51,854 : INFO : EventManager : Event: ======'sw_playfield_active'====== Args={}
2025-03-06 23:00:51,855 : INFO : EventManager : Event: ======'machine_var_audits_switches_s_pointTarget'====== Args={'value': 111, 'prev_value': 110, 'change': 1}
2025-03-06 23:00:51,860 : INFO : EventManager : Event: ======'player_score'====== Args={'value': 200, 'prev_value': 100, 'change': 100, 'player_num': 2, 'source': 'base'}
2025-03-06 23:00:51,886 : INFO : SwitchController : <<<<<<< 's_pointTarget' inactive >>>>>>>
2025-03-06 23:00:52,192 : INFO : SwitchController : <<<<<<< 's_pointTarget' active >>>>>>>
2025-03-06 23:00:52,192 : INFO : EventManager : Event: ======'s_pointTarget_active'====== Args={}
2025-03-06 23:00:52,192 : INFO : EventManager : Event: ======'sw_playfield_active'====== Args={}
2025-03-06 23:00:52,192 : INFO : EventManager : Event: ======'machine_var_audits_switches_s_pointTarget'====== Args={'value': 112, 'prev_value': 111, 'change': 1}
2025-03-06 23:00:52,194 : INFO : EventManager : Event: ======'player_score'====== Args={'value': 300, 'prev_value': 200, 'change': 100, 'player_num': 2, 'source': 'base'}
2025-03-06 23:00:52,277 : INFO : SwitchController : <<<<<<< 's_pointTarget' inactive >>>>>>>
2025-03-06 23:00:52,462 : INFO : SwitchController : <<<<<<< 's_pointTarget' active >>>>>>>
2025-03-06 23:00:52,463 : INFO : EventManager : Event: ======'s_pointTarget_active'====== Args={}
2025-03-06 23:00:52,463 : INFO : EventManager : Event: ======'sw_playfield_active'====== Args={}
2025-03-06 23:00:52,464 : INFO : EventManager : Event: ======'machine_var_audits_switches_s_pointTarget'====== Args={'value': 113, 'prev_value': 112, 'change': 1}
2025-03-06 23:00:52,466 : INFO : EventManager : Event: ======'player_score'====== Args={'value': 400, 'prev_value': 300, 'change': 100, 'player_num': 2, 'source': 'base'}
2025-03-06 23:00:52,534 : INFO : SwitchController : <<<<<<< 's_pointTarget' inactive >>>>>>>
2025-03-06 23:00:52,735 : INFO : SwitchController : <<<<<<< 's_pointTarget' active >>>>>>>
2025-03-06 23:00:52,735 : INFO : EventManager : Event: ======'s_pointTarget_active'====== Args={}
2025-03-06 23:00:52,735 : INFO : EventManager : Event: ======'sw_playfield_active'====== Args={}
2025-03-06 23:00:52,735 : INFO : EventManager : Event: ======'machine_var_audits_switches_s_pointTarget'====== Args={'value': 114, 'prev_value': 113, 'change': 1}
2025-03-06 23:00:52,736 : INFO : EventManager : Event: ======'player_score'====== Args={'value': 500, 'prev_value': 400, 'change': 100, 'player_num': 2, 'source': 'base'}
2025-03-06 23:00:52,841 : INFO : SwitchController : <<<<<<< 's_pointTarget' inactive >>>>>>>
2025-03-06 23:00:53,594 : INFO : SwitchController : <<<<<<< 's_trough1' active >>>>>>>
2025-03-06 23:00:53,595 : INFO : EventManager : Event: ======'machine_var_audits_switches_s_trough1'====== Args={'value': 79, 'prev_value': 78, 'change': 1}
2025-03-06 23:00:53,907 : INFO : EventManager : Event: ======'balldevice_bd_trough_ball_count_changed'====== Args={'balls': 3}
2025-03-06 23:00:53,907 : INFO : ball_device.bd_trough : Received unexpected ball
2025-03-06 23:00:53,908 : INFO : EventManager : Event: ======'balldevice_captured_from_playfield'====== Args={'balls': 1}
2025-03-06 23:00:53,908 : INFO : EventManager : Event: ======'sw_playfield_active'====== Args={'balls': 1}
2025-03-06 23:00:53,908 : INFO : EventManager : Event: ======'playfield_ball_count_change'====== Args={'balls': 0, 'change': -1}
2025-03-06 23:00:53,908 : INFO : EventManager : Event: ======'balldevice_bd_trough_ball_enter'====== Args={'new_balls': 1, 'unclaimed_balls': 1, 'new_available_balls': 1, 'device': <ball_device.bd_trough>}
2025-03-06 23:00:53,909 : INFO : EventManager : Event: ======'ball_drain'====== Args={'device': <ball_device.bd_trough>, 'balls': 1}
2025-03-06 23:00:53,910 : INFO : EventManager : Event: ======'ball_will_end'====== Args={}
2025-03-06 23:00:53,911 : INFO : EventManager : Event: ======'balldevice_balls_available'====== Args={}
2025-03-06 23:00:53,911 : INFO : EventManager : Event: ======'balldevice_bd_trough_ball_entered'====== Args={'new_balls': 1, 'device': <ball_device.bd_trough>}
2025-03-06 23:00:53,912 : INFO : EventManager : Event: ======'ball_ending'====== Args={}
2025-03-06 23:00:53,912 : INFO : EventManager : Event: ======'mode_base_will_stop'====== Args={}
2025-03-06 23:00:53,912 : INFO : EventManager : Event: ======'mode_base_stopping'====== Args={}
2025-03-06 23:00:53,912 : INFO : Mode.base : Stopped.
2025-03-06 23:00:53,913 : INFO : EventManager : Event: ======'modes_active_modes_changed'====== Args={}
2025-03-06 23:00:53,914 : INFO : EventManager : Event: ======'mode_base_stopped'====== Args={}
2025-03-06 23:00:53,914 : INFO : EventManager : Event: ======'clear'====== Args={'key': 'base'}
2025-03-06 23:00:53,986 : INFO : EventManager : Event: ======'ball_ended'====== Args={}
2025-03-06 23:00:53,987 : INFO : EventManager : Event: ======'slide_base.slide_player-mode_base_started_removed'====== Args={'_from_bcp': True}
2025-03-06 23:00:53,987 : INFO : EventManager : Event: ======'slide_welcome_slide_active'====== Args={'_from_bcp': True}
2025-03-06 23:00:53,987 : INFO : EventManager : Event: ======'player_turn_will_end'====== Args={'player': <Player 2>, 'number': 2}
2025-03-06 23:00:53,991 : INFO : EventManager : Event: ======'player_turn_ending'====== Args={'player': <Player 2>, 'number': 2}
2025-03-06 23:00:53,991 : INFO : EventManager : Event: ======'player_turn_ended'====== Args={'player': <Player 2>, 'number': 2}
2025-03-06 23:00:53,991 : INFO : EventManager : Event: ======'player_turn_will_start'====== Args={'player': <Player 3>, 'number': 3}
2025-03-06 23:00:53,991 : INFO : EventManager : Event: ======'player_turn_starting'====== Args={'player': <Player 3>, 'number': 3}
2025-03-06 23:00:53,992 : INFO : EventManager : Event: ======'player_ball'====== Args={'value': 1, 'prev_value': 0, 'change': 1, 'player_num': 3}
2025-03-06 23:00:53,993 : INFO : EventManager : Event: ======'player_turn_started'====== Args={'player': <Player 3>, 'number': 3}
2025-03-06 23:00:53,995 : INFO : EventManager : Event: ======'ball_will_start'====== Args={'player': 3, 'ball': 1, 'balls_remaining': 2, 'is_extra_ball': False}
2025-03-06 23:00:54,003 : INFO : EventManager : Event: ======'ball_starting'====== Args={'player': 3, 'ball': 1, 'balls_remaining': 2, 'is_extra_ball': False}
2025-03-06 23:00:54,004 : INFO : EventManager : Event: ======'balls_in_play'====== Args={'balls': 1}
2025-03-06 23:00:54,004 : INFO : EventManager : Event: ======'ball_started'====== Args={'player': 3, 'ball': 1, 'balls_remaining': 2, 'is_extra_ball': False}
2025-03-06 23:00:54,004 : INFO : EventManager : Event: ======'mode_base_will_start'====== Args={'player': 3, 'ball': 1, 'balls_remaining': 2, 'is_extra_ball': False}
2025-03-06 23:00:54,005 : INFO : EventManager : Event: ======'mode_base_starting'====== Args={'player': 3, 'ball': 1, 'balls_remaining': 2, 'is_extra_ball': False}
2025-03-06 23:00:54,007 : INFO : Mode.base : Started. Priority: 100
2025-03-06 23:00:54,007 : INFO : EventManager : Event: ======'modes_active_modes_changed'====== Args={}
2025-03-06 23:00:54,007 : INFO : EventManager : Event: ======'mode_base_started'====== Args={'player': 3, 'ball': 1, 'balls_remaining': 2, 'is_extra_ball': False}
2025-03-06 23:00:54,009 : INFO : EventManager : Event: ======'multi_player_ball_started'====== Args={}
2025-03-06 23:00:54,066 : INFO : EventManager : Event: ======'player_3_ball_started'====== Args={}
2025-03-06 23:00:54,067 : INFO : EventManager : Event: ======'slide_base.slide_player-mode_base_started_created'====== Args={'_from_bcp': True}
2025-03-06 23:00:54,067 : INFO : EventManager : Event: ======'slide_base.slide_player-mode_base_started_active'====== Args={'_from_bcp': True}
2025-03-06 23:00:54,067 : INFO : EventManager : Event: ======'ball_start_target'====== Args={'target': 'playfield'}
2025-03-06 23:00:54,067 : INFO : ball_device.bd_plunger_lane : Setting up player-controlled eject. Balls: 1, Target: <playfield.playfield>, player_controlled_eject_event: s_launcher_button_active
2025-03-06 23:00:54,068 : INFO : EventManager : Event: ======'balldevice_balls_available'====== Args={}
2025-03-06 23:00:54,068 : INFO : ball_device.bd_trough : State: waiting_for_target_ready
2025-03-06 23:00:54,068 : INFO : EventManager : Event: ======'balldevice_bd_trough_ball_eject_attempt'====== Args={'balls': 1, 'target': <ball_device.bd_plunger_lane>, 'source': <ball_device.bd_trough>, 'mechanical_eject': True, 'num_attempts': 0}
2025-03-06 23:00:54,068 : INFO : ball_device.bd_plunger_lane : State: waiting_for_ball
2025-03-06 23:00:54,069 : INFO : ball_device.bd_trough : State: ejecting
2025-03-06 23:00:54,069 : INFO : ball_device.bd_trough : Ejecting ball to <ball_device.bd_plunger_lane>
2025-03-06 23:00:54,069 : INFO : EventManager : Event: ======'balldevice_bd_trough_ejecting_ball'====== Args={'balls': 1, 'target': <ball_device.bd_plunger_lane>, 'source': <ball_device.bd_trough>, 'mechanical_eject': True, 'num_attempts': 0}
2025-03-06 23:00:54,069 : INFO : ball_device.bd_trough : Wait for ball to leave device
2025-03-06 23:00:54,069 : INFO : coil.c_trough_release : Pulsing Driver for 20ms (1.0 pulse_power)
2025-03-06 23:00:54,069 : INFO : SwitchController : <<<<<<< 's_trough1' inactive >>>>>>>
2025-03-06 23:00:54,077 : INFO : ball_device.bd_trough : State: ball_left
2025-03-06 23:00:54,077 : INFO : ball_device.bd_trough : Ball left
2025-03-06 23:00:54,077 : INFO : ball_device.bd_trough : Wait for confirm with timeout 3.0
2025-03-06 23:00:54,173 : INFO : SwitchController : <<<<<<< 's_plunger_lane' active >>>>>>>
2025-03-06 23:00:54,174 : INFO : EventManager : Event: ======'machine_var_audits_switches_s_plunger_lane'====== Args={'value': 99, 'prev_value': 98, 'change': 1}
2025-03-06 23:00:54,673 : INFO : ball_device.bd_plunger_lane : Received ball from <ball_device.bd_trough>
2025-03-06 23:00:54,674 : INFO : EventManager : Event: ======'balldevice_bd_plunger_lane_ball_enter'====== Args={'new_balls': 1, 'unclaimed_balls': 0, 'new_available_balls': 0, 'device': <ball_device.bd_plunger_lane>}
2025-03-06 23:00:54,674 : INFO : EventManager : Event: ======'balldevice_bd_plunger_lane_ball_entered'====== Args={'new_balls': 0, 'device': <ball_device.bd_plunger_lane>}
2025-03-06 23:00:54,675 : INFO : EventManager : Event: ======'balldevice_bd_plunger_lane_ball_count_changed'====== Args={'balls': 1}
2025-03-06 23:00:54,675 : INFO : ball_device.bd_trough : Got eject confirm
2025-03-06 23:00:54,675 : INFO : ball_device.bd_trough : Eject successful
2025-03-06 23:00:54,675 : INFO : EventManager : Event: ======'balldevice_bd_trough_ball_eject_success'====== Args={'balls': 1, 'target': <ball_device.bd_plunger_lane>}
2025-03-06 23:00:54,675 : INFO : ball_device.bd_plunger_lane : State: waiting_for_target_ready
2025-03-06 23:00:54,675 : INFO : EventManager : Event: ======'balldevice_bd_plunger_lane_ball_eject_attempt'====== Args={'balls': 1, 'target': <playfield.playfield>, 'source': <ball_device.bd_plunger_lane>, 'mechanical_eject': True, 'num_attempts': 0}
2025-03-06 23:00:54,675 : INFO : EventManager : Event: ======'balldevice_bd_trough_ball_count_changed'====== Args={'balls': 2}
2025-03-06 23:00:54,675 : INFO : ball_device.bd_trough : State: idle
2025-03-06 23:00:54,675 : INFO : ball_device.bd_plunger_lane : State: ejecting
2025-03-06 23:00:54,675 : INFO : ball_device.bd_plunger_lane : Ejecting ball to <playfield.playfield>
2025-03-06 23:00:54,675 : INFO : EventManager : Event: ======'balldevice_bd_plunger_lane_ejecting_ball'====== Args={'balls': 1, 'target': <playfield.playfield>, 'source': <ball_device.bd_plunger_lane>, 'mechanical_eject': True, 'num_attempts': 0}
2025-03-06 23:00:54,677 : INFO : ball_device.bd_plunger_lane : Wait for ball to leave device
2025-03-06 23:00:56,327 : INFO : SwitchController : <<<<<<< 's_trough1' active >>>>>>>
2025-03-06 23:00:56,327 : INFO : EventManager : Event: ======'machine_var_audits_switches_s_trough1'====== Args={'value': 80, 'prev_value': 79, 'change': 1}
2025-03-06 23:00:56,641 : INFO : EventManager : Event: ======'balldevice_bd_trough_ball_count_changed'====== Args={'balls': 3}
2025-03-06 23:00:56,642 : INFO : ball_device.bd_trough : Received unexpected ball
2025-03-06 23:00:56,643 : INFO : EventManager : Event: ======'balldevice_captured_from_playfield'====== Args={'balls': 1}
2025-03-06 23:00:56,643 : INFO : EventManager : Event: ======'sw_playfield_active'====== Args={'balls': 1}
2025-03-06 23:00:56,644 : INFO : EventManager : Event: ======'playfield_active'====== Args={}
2025-03-06 23:00:56,645 : INFO : EventManager : Event: ======'playfield_ball_count_change'====== Args={'balls': -1, 'change': -1}
2025-03-06 23:00:56,646 : INFO : EventManager : Event: ======'balldevice_playfield_ball_enter'====== Args={'new_balls': 1, 'unclaimed_balls': 1, 'device': <playfield.playfield>}
2025-03-06 23:00:56,646 : INFO : EventManager : Event: ======'playfield_ball_count_change'====== Args={'balls': 0, 'change': 1}
2025-03-06 23:00:56,647 : INFO : BallController : Found a new ball which was captured from playfield. Known balls: 4
2025-03-06 23:00:56,647 : INFO : EventManager : Event: ======'found_new_ball'====== Args={}
2025-03-06 23:00:56,648 : INFO : EventManager : Event: ======'balldevice_bd_trough_ball_enter'====== Args={'new_balls': 1, 'unclaimed_balls': 1, 'new_available_balls': 1, 'device': <ball_device.bd_trough>}
2025-03-06 23:00:56,649 : INFO : EventManager : Event: ======'ball_drain'====== Args={'device': <ball_device.bd_trough>, 'balls': 1}
2025-03-06 23:00:56,651 : INFO : EventManager : Event: ======'ball_will_end'====== Args={}
2025-03-06 23:00:56,653 : INFO : EventManager : Event: ======'balldevice_balls_available'====== Args={}
2025-03-06 23:00:56,653 : INFO : EventManager : Event: ======'balldevice_bd_trough_ball_entered'====== Args={'new_balls': 1, 'device': <ball_device.bd_trough>}
2025-03-06 23:00:56,655 : INFO : EventManager : Event: ======'ball_ending'====== Args={}
2025-03-06 23:00:56,655 : INFO : EventManager : Event: ======'mode_base_will_stop'====== Args={}
2025-03-06 23:00:56,655 : INFO : EventManager : Event: ======'mode_base_stopping'====== Args={}
2025-03-06 23:00:56,656 : INFO : Mode.base : Stopped.
2025-03-06 23:00:56,656 : INFO : EventManager : Event: ======'modes_active_modes_changed'====== Args={}
2025-03-06 23:00:56,659 : INFO : EventManager : Event: ======'mode_base_stopped'====== Args={}
2025-03-06 23:00:56,660 : INFO : EventManager : Event: ======'clear'====== Args={'key': 'base'}
2025-03-06 23:00:56,805 : INFO : EventManager : Event: ======'ball_ended'====== Args={}
2025-03-06 23:00:56,807 : INFO : EventManager : Event: ======'slide_base.slide_player-mode_base_started_removed'====== Args={'_from_bcp': True}
2025-03-06 23:00:56,807 : INFO : EventManager : Event: ======'slide_welcome_slide_active'====== Args={'_from_bcp': True}
2025-03-06 23:00:56,807 : INFO : EventManager : Event: ======'player_turn_will_end'====== Args={'player': <Player 3>, 'number': 3}
2025-03-06 23:00:56,819 : INFO : EventManager : Event: ======'player_turn_ending'====== Args={'player': <Player 3>, 'number': 3}
2025-03-06 23:00:56,819 : INFO : EventManager : Event: ======'player_turn_ended'====== Args={'player': <Player 3>, 'number': 3}
2025-03-06 23:00:56,820 : INFO : EventManager : Event: ======'player_turn_will_start'====== Args={'player': <Player 1>, 'number': 1}
2025-03-06 23:00:56,821 : INFO : EventManager : Event: ======'player_turn_starting'====== Args={'player': <Player 1>, 'number': 1}
2025-03-06 23:00:56,822 : INFO : EventManager : Event: ======'player_ball'====== Args={'value': 2, 'prev_value': 1, 'change': 1, 'player_num': 1}
2025-03-06 23:00:56,823 : INFO : EventManager : Event: ======'player_turn_started'====== Args={'player': <Player 1>, 'number': 1}
2025-03-06 23:00:56,825 : INFO : EventManager : Event: ======'ball_will_start'====== Args={'player': 1, 'ball': 2, 'balls_remaining': 1, 'is_extra_ball': False}
2025-03-06 23:00:56,845 : INFO : BallController : Found 1 ball(s) on playfield.
2025-03-06 23:00:56,845 : WARNING : BallController : Playfields still contain balls. Waiting for those to drain.
2025-03-06 23:00:57,859 : INFO : BallController : Found 1 ball(s) on playfield.
2025-03-06 23:00:57,860 : WARNING : BallController : Playfields still contain balls. Waiting for those to drain.
2025-03-06 23:00:58,358 : INFO : SwitchController : <<<<<<< 's_launcher_button' active >>>>>>>
2025-03-06 23:00:58,359 : INFO : EventManager : Event: ======'s_launcher_button_active'====== Args={}
2025-03-06 23:00:58,359 : INFO : EventManager : Event: ======'sw_start'====== Args={}
2025-03-06 23:00:58,359 : INFO : EventManager : Event: ======'machine_var_audits_switches_s_launcher_button'====== Args={'value': 53, 'prev_value': 52, 'change': 1}
2025-03-06 23:00:58,394 : INFO : coil.c_autolauncher : Pulsing Driver for 20ms (1.0 pulse_power)
2025-03-06 23:00:58,395 : INFO : SwitchController : <<<<<<< 's_plunger_lane' inactive >>>>>>>
2025-03-06 23:00:58,421 : INFO : ball_device.bd_plunger_lane : State: ball_left
2025-03-06 23:00:58,421 : INFO : ball_device.bd_plunger_lane : Ball left
2025-03-06 23:00:58,421 : INFO : ball_device.bd_plunger_lane : Wait for confirm with timeout 3.0
2025-03-06 23:00:58,455 : INFO : SwitchController : <<<<<<< 's_playfield_entry' active >>>>>>>
2025-03-06 23:00:58,455 : INFO : EventManager : Event: ======'sw_playfield_active'====== Args={}
2025-03-06 23:00:58,455 : INFO : EventManager : Event: ======'machine_var_audits_switches_s_playfield_entry'====== Args={'value': 174, 'prev_value': 173, 'change': 1}
2025-03-06 23:00:58,456 : INFO : EventManager : Event: ======'playfield_active'====== Args={}
2025-03-06 23:00:58,461 : INFO : SwitchController : <<<<<<< 's_playfield_entry' inactive >>>>>>>
2025-03-06 23:00:58,466 : INFO : ball_device.bd_plunger_lane : Got eject confirm
2025-03-06 23:00:58,466 : INFO : ball_device.bd_plunger_lane : Eject successful
2025-03-06 23:00:58,466 : INFO : EventManager : Event: ======'balldevice_bd_plunger_lane_ball_eject_success'====== Args={'balls': 1, 'target': <playfield.playfield>}
2025-03-06 23:00:58,466 : INFO : EventManager : Event: ======'balldevice_playfield_ball_enter'====== Args={'new_balls': 1, 'unclaimed_balls': 1, 'device': <playfield.playfield>}
2025-03-06 23:00:58,466 : INFO : EventManager : Event: ======'playfield_ball_count_change'====== Args={'balls': 1, 'change': 1}
2025-03-06 23:00:58,466 : INFO : EventManager : Event: ======'balldevice_bd_plunger_lane_ball_count_changed'====== Args={'balls': 0}
2025-03-06 23:00:58,481 : INFO : SwitchController : <<<<<<< 's_launcher_button' inactive >>>>>>>
2025-03-06 23:00:58,873 : INFO : BallController : Found 1 ball(s) on playfield.
2025-03-06 23:00:58,874 : WARNING : BallController : Playfields still contain balls. Waiting for those to drain.
2025-03-06 23:00:58,905 : INFO : ball_device.bd_plunger_lane : State: idle
2025-03-06 23:00:59,765 : INFO : SwitchController : <<<<<<< 's_trough1' inactive >>>>>>>
2025-03-06 23:00:59,885 : INFO : BallController : Found 1 ball(s) on playfield.
2025-03-06 23:00:59,885 : WARNING : BallController : Playfields still contain balls. Waiting for those to drain.
2025-03-06 23:01:00,906 : INFO : BallController : Found 1 ball(s) on playfield.
2025-03-06 23:01:00,907 : WARNING : BallController : Playfields still contain balls. Waiting for those to drain.
2025-03-06 23:01:01,525 : INFO : SwitchController : <<<<<<< 's_trough1' active >>>>>>>
2025-03-06 23:01:01,525 : INFO : EventManager : Event: ======'machine_var_audits_switches_s_trough1'====== Args={'value': 81, 'prev_value': 80, 'change': 1}
2025-03-06 23:01:01,917 : INFO : BallController : Found 1 ball(s) on playfield.
2025-03-06 23:01:01,919 : WARNING : BallController : Playfields still contain balls. Waiting for those to drain.
2025-03-06 23:01:02,930 : INFO : BallController : Found 1 ball(s) on playfield.
2025-03-06 23:01:02,931 : WARNING : BallController : Playfields still contain balls. Waiting for those to drain.
2025-03-06 23:01:03,939 : INFO : BallController : Found 1 ball(s) on playfield.
2025-03-06 23:01:03,939 : WARNING : BallController : Playfields still contain balls. Waiting for those to drain.
2025-03-06 23:01:04,727 : INFO : SwitchController : <<<<<<< 's_launcher_button' active >>>>>>>
2025-03-06 23:01:04,727 : INFO : EventManager : Event: ======'sw_start'====== Args={}
2025-03-06 23:01:04,727 : INFO : EventManager : Event: ======'machine_var_audits_switches_s_launcher_button'====== Args={'value': 54, 'prev_value': 53, 'change': 1}
2025-03-06 23:01:04,873 : INFO : SwitchController : <<<<<<< 's_launcher_button' inactive >>>>>>>
2025-03-06 23:01:04,954 : INFO : BallController : Found 1 ball(s) on playfield.
2025-03-06 23:01:04,955 : WARNING : BallController : Playfields still contain balls. Waiting for those to drain.
2025-03-06 23:01:05,126 : INFO : SwitchController : <<<<<<< 's_pointTarget' active >>>>>>>
2025-03-06 23:01:05,127 : INFO : EventManager : Event: ======'sw_playfield_active'====== Args={}
2025-03-06 23:01:05,129 : INFO : EventManager : Event: ======'machine_var_audits_switches_s_pointTarget'====== Args={'value': 115, 'prev_value': 114, 'change': 1}
2025-03-06 23:01:05,283 : INFO : SwitchController : <<<<<<< 's_pointTarget' inactive >>>>>>>
2025-03-06 23:01:05,970 : INFO : BallController : Found 1 ball(s) on playfield.
2025-03-06 23:01:05,971 : WARNING : BallController : Playfields still contain balls. Waiting for those to drain.
2025-03-06 23:01:06,978 : INFO : BallController : Found 1 ball(s) on playfield.
2025-03-06 23:01:06,978 : WARNING : BallController : Playfields still contain balls. Waiting for those to drain.
2025-03-06 23:01:07,230 : INFO : Machine : Shutting down...
2025-03-06 23:01:07,230 : INFO : EventManager : Event: ======'shutdown'====== Args={}
2025-03-06 23:01:07,232 : INFO : EventManager : Event: ======'mode_game_will_stop'====== Args={}
2025-03-06 23:01:07,232 : INFO : EventManager : Event: ======'mode_game_stopping'====== Args={}
2025-03-06 23:01:07,232 : INFO : Mode.game : Stopped.
2025-03-06 23:01:07,232 : INFO : EventManager : Event: ======'modes_active_modes_changed'====== Args={}
2025-03-06 23:01:07,232 : INFO : EventManager : Event: ======'mode_game_stopped'====== Args={}
2025-03-06 23:01:07,233 : INFO : EventManager : Event: ======'clear'====== Args={'key': 'game'}
2025-03-06 23:01:07,234 : INFO : root : MPF run loop ended.
