2025-02-24 14:22:45,612 : INFO : root : Loading config.
2025-02-24 14:22:45,615 : INFO : YamlMultifileConfigLoader : Machine config file #1: config.yaml
2025-02-24 14:22:45,616 : WARNING : ConfigProcessor : Config file in cache changed: C:\Users\duffb\OneDrive\Documents\Python Envs\PinBallWW1\Machine\config\config.yaml
2025-02-24 14:22:45,616 : INFO : ConfigProcessor : Loading config from file C:\Users\duffb\.pyenv\pyenv-win\versions\3.11.0\Lib\site-packages\mpf\mpfconfig.yaml.
2025-02-24 14:22:45,625 : INFO : ConfigProcessor : Loading config: C:\Users\duffb\.pyenv\pyenv-win\versions\3.11.0\Lib\site-packages\mpf\mpfconfig.yaml
2025-02-24 14:22:45,625 : INFO : ConfigProcessor : Loading config from file C:\Users\duffb\OneDrive\Documents\Python Envs\PinBallWW1\Machine\config\config.yaml.
2025-02-24 14:22:45,641 : INFO : ConfigProcessor : Loading config: C:\Users\duffb\OneDrive\Documents\Python Envs\PinBallWW1\Machine\config\config.yaml
2025-02-24 14:22:45,642 : INFO : ConfigProcessor : Config file cache created: C:\Users\duffb\AppData\Local\Temp\cadfdee4981114acd6fff59d1071b59b.mpf_cache
2025-02-24 14:22:45,723 : INFO : ConfigProcessor : Loading config from cache: C:\Users\duffb\AppData\Local\Temp\2d51d76727b268a801d8dd7a18b89879.mpf_cache
2025-02-24 14:22:45,724 : INFO : ConfigProcessor : Loading config from cache: C:\Users\duffb\AppData\Local\Temp\9f058d482eac17116727d62a93500be7.mpf_cache
2025-02-24 14:22:45,725 : INFO : Machine : Mission Pinball Framework Core Engine v0.57.0
2025-02-24 14:22:45,725 : INFO : Machine : Command line arguments: {'no_load_cache': False, 'create_config_cache': True, 'bcp': False, 'configfile': ['config.yaml'], 'force_assets_load': False, 'platform_integration_test': False, 'jsonlogging': False, 'logfile': 'logs\\2025-02-24-14-22-45-mpf-T0SHIII.log', 'pause': False, 'production': False, 'text_ui': True, 'loglevel': 15, 'consoleloglevel': 20, 'force_platform': None, 'syslog_address': None, 'mc_file_name': None, 'no_sound': False}
2025-02-24 14:22:45,725 : INFO : Machine : MPF path: C:\Users\duffb\.pyenv\pyenv-win\versions\3.11.0\Lib\site-packages\mpf
2025-02-24 14:22:45,725 : INFO : Machine : Machine path: C:\Users\duffb\OneDrive\Documents\Python Envs\PinBallWW1\Machine
2025-02-24 14:22:45,725 : INFO : Machine : Platform: win32
2025-02-24 14:22:45,725 : INFO : Machine : Python executable location: C:\Users\duffb\.pyenv\pyenv-win\versions\3.11.0\python.exe
2025-02-24 14:22:45,725 : INFO : Machine : Python version: 3.11.0 (64-bit)
2025-02-24 14:22:45,726 : INFO : Machine : Initializing MPF...
2025-02-24 14:22:45,882 : INFO : EventManager : Event: ======'machine_var_credits_string'====== Args={'value': 'FREE PLAY', 'prev_value': None, 'change': True}
2025-02-24 14:22:45,924 : INFO : EventManager : Event: ======'machine_var_master_volume'====== Args={'value': 0.5, 'prev_value': None, 'change': True}
2025-02-24 14:22:45,924 : INFO : EventManager : Event: ======'machine_var_mpf_version'====== Args={'value': 'Mission Pinball Framework v0.57.0', 'prev_value': None, 'change': True}
2025-02-24 14:22:45,924 : INFO : EventManager : Event: ======'machine_var_mpf_extended_version'====== Args={'value': 'Mission Pinball Framework v0.57.0, Config version:6, Show version: 6, BCP version:1.1', 'prev_value': None, 'change': True}
2025-02-24 14:22:45,924 : INFO : EventManager : Event: ======'machine_var_python_version'====== Args={'value': '3.11.0', 'prev_value': None, 'change': True}
2025-02-24 14:22:45,932 : INFO : EventManager : Event: ======'machine_var_platform'====== Args={'value': 'Windows-10-10.0.26100-SP0', 'prev_value': None, 'change': True}
2025-02-24 14:22:45,933 : INFO : EventManager : Event: ======'machine_var_platform_system'====== Args={'value': 'Windows', 'prev_value': None, 'change': True}
2025-02-24 14:22:45,933 : INFO : EventManager : Event: ======'machine_var_platform_release'====== Args={'value': '10', 'prev_value': None, 'change': True}
2025-02-24 14:22:45,933 : INFO : EventManager : Event: ======'machine_var_platform_version'====== Args={'value': '10.0.26100', 'prev_value': None, 'change': True}
2025-02-24 14:22:45,933 : INFO : EventManager : Event: ======'machine_var_platform_machine'====== Args={'value': 'AMD64', 'prev_value': None, 'change': True}
2025-02-24 14:22:45,933 : INFO : EventManager : Event: ======'init_phase_1'====== Args={}
2025-02-24 14:22:45,944 : INFO : EventManager : Event: ======'init_phase_2'====== Args={}
2025-02-24 14:22:45,944 : INFO : SwitchController : Found active switch: ('2', <Platform.SmartVirtual>) <switch.s_trough_enter>
2025-02-24 14:22:45,946 : INFO : ball_device.bd_drain : BCH: Initial count: 0
2025-02-24 14:22:45,946 : INFO : ball_device.bd_drain : State: idle
2025-02-24 14:22:45,946 : INFO : ball_device.bd_trough : BCH: Initial count: 3
2025-02-24 14:22:45,946 : INFO : ball_device.bd_trough : State: idle
2025-02-24 14:22:45,947 : INFO : ball_device.bd_plunger : BCH: Initial count: 0
2025-02-24 14:22:45,947 : INFO : ball_device.bd_plunger : State: idle
2025-02-24 14:22:45,953 : INFO : EventManager : Event: ======'init_phase_3'====== Args={}
2025-02-24 14:22:45,954 : INFO : EventManager : Event: ======'init_phase_4'====== Args={}
2025-02-24 14:22:45,955 : INFO : BallController : Initial balls found: 3
2025-02-24 14:22:45,955 : INFO : EventManager : Event: ======'machine_var_audits_switches_s_plunger'====== Args={'value': 0, 'prev_value': None, 'change': True}
2025-02-24 14:22:45,956 : INFO : EventManager : Event: ======'machine_var_audits_switches_s_trough_enter'====== Args={'value': 0, 'prev_value': None, 'change': True}
2025-02-24 14:22:45,956 : INFO : EventManager : Event: ======'machine_var_audits_switches_s_drain'====== Args={'value': 0, 'prev_value': None, 'change': True}
2025-02-24 14:22:45,956 : INFO : EventManager : Event: ======'machine_var_audits_events_game_started'====== Args={'value': 0, 'prev_value': None, 'change': True}
2025-02-24 14:22:45,956 : INFO : EventManager : Event: ======'machine_var_audits_events_game_ended'====== Args={'value': 0, 'prev_value': None, 'change': True}
2025-02-24 14:22:45,956 : INFO : EventManager : Event: ======'machine_var_audits_player_score'====== Args={'value': {'top': [], 'average': 0, 'total': 0}, 'prev_value': None, 'change': True}
2025-02-24 14:22:45,956 : INFO : EventManager : Event: ======'init_phase_5'====== Args={}
2025-02-24 14:22:45,971 : INFO : EventManager : Event: ======'init_done'====== Args={}
2025-02-24 14:22:45,972 : INFO : EventManager : Event: ======'machine_reset_phase_1'====== Args={}
2025-02-24 14:22:45,972 : INFO : EventManager : Event: ======'machine_reset_phase_2'====== Args={}
2025-02-24 14:22:45,972 : INFO : EventManager : Event: ======'machine_reset_phase_3'====== Args={}
2025-02-24 14:22:45,972 : INFO : EventManager : Event: ======'reset_complete'====== Args={}
2025-02-24 14:22:45,972 : INFO : EventManager : Event: ======'mode_attract_will_start'====== Args={}
2025-02-24 14:22:45,972 : INFO : EventManager : Event: ======'mode_attract_starting'====== Args={}
2025-02-24 14:22:45,972 : INFO : Mode.attract : Started. Priority: 10
2025-02-24 14:22:45,972 : INFO : EventManager : Event: ======'modes_active_modes_changed'====== Args={}
2025-02-24 14:22:45,972 : INFO : EventManager : Event: ======'mode_attract_started'====== Args={}
2025-02-24 14:22:45,972 : INFO : EventManager : Event: ======'collecting_balls_complete'====== Args={}
2025-02-24 14:22:45,986 : INFO : Machine : Starting the main run loop.
2025-02-24 14:22:58,436 : INFO : Machine : Shutting down...
2025-02-24 14:22:58,437 : INFO : EventManager : Event: ======'shutdown'====== Args={}
2025-02-24 14:22:58,452 : INFO : root : MPF run loop ended.
