2025-03-10 19:37:19,081 : kivy : deps: Successfully imported "kivy_deps.gstreamer" 0.3.3
2025-03-10 19:37:19,082 : kivy : deps: Successfully imported "kivy_deps.angle" 0.3.3
2025-03-10 19:37:19,082 : kivy : deps: Successfully imported "kivy_deps.glew" 0.3.1
2025-03-10 19:37:19,082 : kivy : deps: Successfully imported "kivy_deps.sdl2" 0.6.0
2025-03-10 19:37:19,082 : kivy : Kivy: v2.2.1
2025-03-10 19:37:19,082 : kivy : Kivy: Installed at "C:\Users\duffb\.pyenv\pyenv-win\versions\3.11.0\Lib\site-packages\kivy\__init__.py"
2025-03-10 19:37:19,082 : kivy : Python: v3.11.0 (main, Oct 24 2022, 18:26:48) [MSC v.1933 64 bit (AMD64)]
2025-03-10 19:37:19,083 : kivy : Python: Interpreter at "C:\Users\duffb\.pyenv\pyenv-win\versions\3.11.0\python.exe"
2025-03-10 19:37:19,096 : kivy : Factory: 190 symbols loaded
2025-03-10 19:37:19,249 : kivy : ImageLoaderFFPy: Using ffpyplayer 4.5.1
2025-03-10 19:37:19,250 : kivy : Image: Providers: img_tex, img_dds, img_sdl2, img_pil, img_ffpyplayer 
2025-03-10 19:37:19,417 : kivy : VideoGstplayer: Using Gstreamer 1.18.5.0
2025-03-10 19:37:19,417 : kivy : Video: Provider: gstplayer
2025-03-10 19:37:19,446 : root : Loading MPF-MC controller
2025-03-10 19:37:19,459 : YamlMultifileConfigLoader : Machine config file #1: config
2025-03-10 19:37:19,459 : ConfigProcessor : Config file in cache changed: C:\Users\duffb\OneDrive\Documents\Python Envs\PinBallWW1\Machine\config\config
2025-03-10 19:37:19,459 : ConfigProcessor : Loading config from file C:\Users\duffb\.pyenv\pyenv-win\versions\3.11.0\Lib\site-packages\mpfmc\mcconfig.yaml.
2025-03-10 19:37:19,466 : ConfigProcessor : Loading config: C:\Users\duffb\.pyenv\pyenv-win\versions\3.11.0\Lib\site-packages\mpfmc\mcconfig.yaml
2025-03-10 19:37:19,466 : ConfigProcessor : Loading config from file C:\Users\duffb\OneDrive\Documents\Python Envs\PinBallWW1\Machine\config\config.
2025-03-10 19:37:19,470 : ConfigProcessor : Loading config: C:\Users\duffb\OneDrive\Documents\Python Envs\PinBallWW1\Machine\config\config
2025-03-10 19:37:19,471 : ConfigProcessor : Config file cache created: C:\Users\duffb\AppData\Local\Temp\de7a4651692d89380cb727f0a44dc491.mpf_cache
2025-03-10 19:37:19,471 : ConfigProcessor : Loading config from cache: C:\Users\duffb\AppData\Local\Temp\ee7db1e8d011f44c876692bb4657f2e9.mpf_cache
2025-03-10 19:37:19,489 : ConfigProcessor : Loading config from cache: C:\Users\duffb\AppData\Local\Temp\9f058d482eac17116727d62a93500be7.mpf_cache
2025-03-10 19:37:19,489 : ConfigProcessor : Loading config from cache: C:\Users\duffb\AppData\Local\Temp\9e006ea23aa21ec68e01f6c49afad9f4.mpf_cache
2025-03-10 19:37:19,490 : mpfmc : Mission Pinball Framework Media Controller (MPF-MC) v0.57.1. Requires MPF v0.57.0 or newer.
2025-03-10 19:37:19,490 : mpfmc : Found MPF v0.57.0
2025-03-10 19:37:19,490 : mpfmc : Machine path: C:\Users\duffb\OneDrive\Documents\Python Envs\PinBallWW1\Machine
2025-03-10 19:37:19,490 : mpfmc : Starting clock at 60.0Hz
2025-03-10 19:37:19,502 : kivy : Text: Provider: sdl2
2025-03-10 19:37:19,542 : kivy : Window: Provider: sdl2
2025-03-10 19:37:19,742 : kivy : GL: Using the "OpenGL" graphics system
2025-03-10 19:37:19,743 : kivy : GL: GLEW initialization succeeded
2025-03-10 19:37:19,743 : kivy : GL: Backend used <glew>
2025-03-10 19:37:19,743 : kivy : GL: OpenGL version <b'4.6.0 - Build 31.0.101.5592'>
2025-03-10 19:37:19,743 : kivy : GL: OpenGL vendor <b'Intel'>
2025-03-10 19:37:19,743 : kivy : GL: OpenGL renderer <b'Intel(R) UHD Graphics'>
2025-03-10 19:37:19,743 : kivy : GL: OpenGL parsed version: 4, 6
2025-03-10 19:37:19,743 : kivy : GL: Shading version <b'4.60 - Build 31.0.101.5592'>
2025-03-10 19:37:19,743 : kivy : GL: Texture max size <16384>
2025-03-10 19:37:19,743 : kivy : GL: Texture max units <32>
2025-03-10 19:37:19,763 : kivy : Window: auto add sdl2 input provider
2025-03-10 19:37:19,764 : kivy : Window: virtual keyboard not allowed, single mode, not docked
2025-03-10 19:37:20,173 : AudioInterface : Initialized
2025-03-10 19:37:20,173 : AudioInterface : Loaded SDL 2.26.4
2025-03-10 19:37:20,173 : AudioInterface : Loaded SDL_Mixer 2.6.3
2025-03-10 19:37:20,173 : AudioInterface : Loaded GStreamer 1.18.5.0
2025-03-10 19:37:20,174 : AudioInterface : Loaded GLib 2.62.6
2025-03-10 19:37:20,174 : AudioInterface : Settings requested - rate: 44100, channels: 1, buffer: 2048 samples
2025-03-10 19:37:20,174 : AudioInterface : Settings in use - rate: 44100, channels: 1, buffer: 2048 samples (4096 bytes @ 2 bytes per sample)
2025-03-10 19:37:20,174 : SoundSystem : Setting master volume to 0.0
2025-03-10 19:37:20,174 : AudioInterface : Enabling audio playback
2025-03-10 19:37:20,176 : kivy : Base: Start application main loop
2025-03-10 19:37:20,176 : EventManager : Event: ======'display_window_initialized'====== Args={}
2025-03-10 19:37:20,183 : mpfmc : Display: Setting 'window' as default display
2025-03-10 19:37:20,193 : EventManager : Event: ======'displays_initialized'====== Args={}
2025-03-10 19:37:20,194 : EventManager : Event: ======'slide_window_blank_created'====== Args={}
2025-03-10 19:37:20,194 : EventManager : Event: ======'display_window_ready'====== Args={}
2025-03-10 19:37:20,204 : EventManager : Event: ======'init_phase_1'====== Args={}
2025-03-10 19:37:20,207 : EventManager : Event: ======'mc_ready'====== Args={}
2025-03-10 19:37:20,207 : EventManager : Event: ======'init_phase_2'====== Args={}
2025-03-10 19:37:20,208 : EventManager : Event: ======'init_phase_3'====== Args={}
2025-03-10 19:37:20,210 : EventManager : Event: ======'init_phase_4'====== Args={}
2025-03-10 19:37:20,210 : EventManager : Event: ======'init_phase_5'====== Args={}
2025-03-10 19:37:20,225 : kivy : GL: NPOT texture support is available
2025-03-10 19:37:20,235 : EventManager : Event: ======'loading_assets'====== Args={'total': 5, 'loaded': 1, 'remaining': 4, 'percent': 20}
2025-03-10 19:37:20,235 : AssetManager : Loading assets: 1/5 (20%)
2025-03-10 19:37:20,245 : EventManager : Event: ======'loading_assets'====== Args={'total': 5, 'loaded': 5, 'remaining': 0, 'percent': 100}
2025-03-10 19:37:20,245 : AssetManager : Asset loading took: 0.07151508331298828
2025-03-10 19:37:20,245 : EventManager : Event: ======'asset_loading_complete'====== Args={}
2025-03-10 19:37:20,245 : AssetManager : Loading assets: 5/5 (100%)
2025-03-10 19:37:20,245 : EventManager : Event: ======'init_done'====== Args={}
2025-03-10 19:37:20,245 : MPF-MC BCP Server : Starting up on localhost port 5050
2025-03-10 19:37:20,250 : MPF-MC BCP Server : Waiting for a connection...
2025-03-10 19:37:20,255 : EventManager : Event: ======'slide_welcome_slide_created'====== Args={}
2025-03-10 19:37:20,256 : EventManager : Event: ======'slide_welcome_slide_active'====== Args={}
2025-03-10 19:37:20,259 : EventManager : Event: ======'client_disconnected'====== Args={'host': '127.0.0.1', 'port': 5050}
2025-03-10 19:37:21,406 : MPF-MC BCP Server : Received connection from: 127.0.0.1:64988
2025-03-10 19:37:21,419 : EventManager : Event: ======'client_connected'====== Args={'host': '127.0.0.1', 'port': 64988}
2025-03-10 19:37:21,732 : EventManager : Event: ======'machine_var_credits_string'====== Args={'value': 'FREE PLAY', 'prev_value': None, 'change': True}
2025-03-10 19:37:21,732 : EventManager : Event: ======'machine_var_master_volume'====== Args={'value': 0.5, 'prev_value': None, 'change': True}
2025-03-10 19:37:21,732 : EventManager : Event: ======'machine_var_player1_score'====== Args={'value': 8000, 'prev_value': None, 'change': True}
2025-03-10 19:37:21,732 : EventManager : Event: ======'machine_var_player2_score'====== Args={'value': 1000, 'prev_value': None, 'change': True}
2025-03-10 19:37:21,732 : EventManager : Event: ======'machine_var_mpf_version'====== Args={'value': 'Mission Pinball Framework v0.57.0', 'prev_value': None, 'change': True}
2025-03-10 19:37:21,732 : EventManager : Event: ======'machine_var_mpf_extended_version'====== Args={'value': 'Mission Pinball Framework v0.57.0, Config version:6, Show version: 6, BCP version:1.1', 'prev_value': None, 'change': True}
2025-03-10 19:37:21,732 : EventManager : Event: ======'machine_var_python_version'====== Args={'value': '3.11.0', 'prev_value': None, 'change': True}
2025-03-10 19:37:21,732 : EventManager : Event: ======'machine_var_platform'====== Args={'value': 'Windows-10-10.0.26100-SP0', 'prev_value': None, 'change': True}
2025-03-10 19:37:21,732 : EventManager : Event: ======'machine_var_platform_system'====== Args={'value': 'Windows', 'prev_value': None, 'change': True}
2025-03-10 19:37:21,732 : EventManager : Event: ======'machine_var_platform_release'====== Args={'value': '10', 'prev_value': None, 'change': True}
2025-03-10 19:37:21,732 : EventManager : Event: ======'machine_var_platform_version'====== Args={'value': '10.0.26100', 'prev_value': None, 'change': True}
2025-03-10 19:37:21,732 : EventManager : Event: ======'machine_var_platform_machine'====== Args={'value': 'AMD64', 'prev_value': None, 'change': True}
2025-03-10 19:37:21,732 : EventManager : Event: ======'machine_var_mc_version'====== Args={'value': 'MPF-MC v0.57.1', 'prev_value': None, 'change': True}
2025-03-10 19:37:21,732 : EventManager : Event: ======'machine_var_mc_extended_version'====== Args={'value': 'MPF-MC v0.57.1 (config_version=6, BCP v1.1,                      Requires MPF API compatibility v0.57.0 or newer)', 'prev_value': None, 'change': True}
2025-03-10 19:37:21,732 : EventManager : Event: ======'machine_var_credits_string'====== Args={'value': 'FREE PLAY', 'prev_value': None, 'change': True}
2025-03-10 19:37:21,732 : EventManager : Event: ======'machine_var_master_volume'====== Args={'value': 0.5, 'prev_value': None, 'change': True}
2025-03-10 19:37:21,732 : EventManager : Event: ======'machine_var_player1_score'====== Args={'value': 8000, 'prev_value': None, 'change': True}
2025-03-10 19:37:21,733 : EventManager : Event: ======'machine_var_player2_score'====== Args={'value': 1000, 'prev_value': None, 'change': True}
2025-03-10 19:37:21,733 : EventManager : Event: ======'machine_var_mpf_version'====== Args={'value': 'Mission Pinball Framework v0.57.0', 'prev_value': None, 'change': True}
2025-03-10 19:37:21,733 : EventManager : Event: ======'machine_var_mpf_extended_version'====== Args={'value': 'Mission Pinball Framework v0.57.0, Config version:6, Show version: 6, BCP version:1.1', 'prev_value': None, 'change': True}
2025-03-10 19:37:21,733 : EventManager : Event: ======'machine_var_python_version'====== Args={'value': '3.11.0', 'prev_value': None, 'change': True}
2025-03-10 19:37:21,733 : EventManager : Event: ======'machine_var_platform'====== Args={'value': 'Windows-10-10.0.26100-SP0', 'prev_value': None, 'change': True}
2025-03-10 19:37:21,733 : EventManager : Event: ======'machine_var_platform_system'====== Args={'value': 'Windows', 'prev_value': None, 'change': True}
2025-03-10 19:37:21,733 : EventManager : Event: ======'machine_var_platform_release'====== Args={'value': '10', 'prev_value': None, 'change': True}
2025-03-10 19:37:21,733 : EventManager : Event: ======'machine_var_platform_version'====== Args={'value': '10.0.26100', 'prev_value': None, 'change': True}
2025-03-10 19:37:21,733 : EventManager : Event: ======'machine_var_platform_machine'====== Args={'value': 'AMD64', 'prev_value': None, 'change': True}
2025-03-10 19:37:21,733 : EventManager : Event: ======'machine_var_mc_version'====== Args={'value': 'MPF-MC v0.57.1', 'prev_value': None, 'change': True}
2025-03-10 19:37:21,733 : EventManager : Event: ======'machine_var_mc_extended_version'====== Args={'value': 'MPF-MC v0.57.1 (config_version=6, BCP v1.1,                      Requires MPF API compatibility v0.57.0 or newer)', 'prev_value': None, 'change': True}
2025-03-10 19:37:21,733 : EventManager : Event: ======'machine_var_credits_string'====== Args={'value': 'FREE PLAY', 'prev_value': None, 'change': True}
2025-03-10 19:37:21,733 : EventManager : Event: ======'machine_var_master_volume'====== Args={'value': 0.5, 'prev_value': None, 'change': True}
2025-03-10 19:37:21,733 : EventManager : Event: ======'machine_var_player1_score'====== Args={'value': 8000, 'prev_value': None, 'change': True}
2025-03-10 19:37:21,733 : EventManager : Event: ======'machine_var_player2_score'====== Args={'value': 1000, 'prev_value': None, 'change': True}
2025-03-10 19:37:21,733 : EventManager : Event: ======'machine_var_mpf_version'====== Args={'value': 'Mission Pinball Framework v0.57.0', 'prev_value': None, 'change': True}
2025-03-10 19:37:21,733 : EventManager : Event: ======'machine_var_mpf_extended_version'====== Args={'value': 'Mission Pinball Framework v0.57.0, Config version:6, Show version: 6, BCP version:1.1', 'prev_value': None, 'change': True}
2025-03-10 19:37:21,733 : EventManager : Event: ======'machine_var_python_version'====== Args={'value': '3.11.0', 'prev_value': None, 'change': True}
2025-03-10 19:37:21,733 : EventManager : Event: ======'machine_var_platform'====== Args={'value': 'Windows-10-10.0.26100-SP0', 'prev_value': None, 'change': True}
2025-03-10 19:37:21,733 : EventManager : Event: ======'machine_var_platform_system'====== Args={'value': 'Windows', 'prev_value': None, 'change': True}
2025-03-10 19:37:21,733 : EventManager : Event: ======'machine_var_platform_release'====== Args={'value': '10', 'prev_value': None, 'change': True}
2025-03-10 19:37:21,733 : EventManager : Event: ======'machine_var_platform_version'====== Args={'value': '10.0.26100', 'prev_value': None, 'change': True}
2025-03-10 19:37:21,733 : EventManager : Event: ======'machine_var_platform_machine'====== Args={'value': 'AMD64', 'prev_value': None, 'change': True}
2025-03-10 19:37:21,733 : EventManager : Event: ======'machine_var_mc_version'====== Args={'value': 'MPF-MC v0.57.1', 'prev_value': None, 'change': True}
2025-03-10 19:37:21,733 : EventManager : Event: ======'machine_var_mc_extended_version'====== Args={'value': 'MPF-MC v0.57.1 (config_version=6, BCP v1.1,                      Requires MPF API compatibility v0.57.0 or newer)', 'prev_value': None, 'change': True}
2025-03-10 19:37:21,733 : EventManager : Event: ======'machine_var_credits_string'====== Args={'value': 'FREE PLAY', 'prev_value': None, 'change': True}
2025-03-10 19:37:21,734 : EventManager : Event: ======'machine_var_master_volume'====== Args={'value': 0.5, 'prev_value': None, 'change': True}
2025-03-10 19:37:21,734 : EventManager : Event: ======'machine_var_player1_score'====== Args={'value': 8000, 'prev_value': None, 'change': True}
2025-03-10 19:37:21,734 : EventManager : Event: ======'machine_var_player2_score'====== Args={'value': 1000, 'prev_value': None, 'change': True}
2025-03-10 19:37:21,734 : EventManager : Event: ======'machine_var_mpf_version'====== Args={'value': 'Mission Pinball Framework v0.57.0', 'prev_value': None, 'change': True}
2025-03-10 19:37:21,734 : EventManager : Event: ======'machine_var_mpf_extended_version'====== Args={'value': 'Mission Pinball Framework v0.57.0, Config version:6, Show version: 6, BCP version:1.1', 'prev_value': None, 'change': True}
2025-03-10 19:37:21,734 : EventManager : Event: ======'machine_var_python_version'====== Args={'value': '3.11.0', 'prev_value': None, 'change': True}
2025-03-10 19:37:21,734 : EventManager : Event: ======'machine_var_platform'====== Args={'value': 'Windows-10-10.0.26100-SP0', 'prev_value': None, 'change': True}
2025-03-10 19:37:21,734 : EventManager : Event: ======'machine_var_platform_system'====== Args={'value': 'Windows', 'prev_value': None, 'change': True}
2025-03-10 19:37:21,734 : EventManager : Event: ======'machine_var_platform_release'====== Args={'value': '10', 'prev_value': None, 'change': True}
2025-03-10 19:37:21,734 : EventManager : Event: ======'machine_var_platform_version'====== Args={'value': '10.0.26100', 'prev_value': None, 'change': True}
2025-03-10 19:37:21,734 : EventManager : Event: ======'machine_var_platform_machine'====== Args={'value': 'AMD64', 'prev_value': None, 'change': True}
2025-03-10 19:37:21,734 : EventManager : Event: ======'machine_var_mc_version'====== Args={'value': 'MPF-MC v0.57.1', 'prev_value': None, 'change': True}
2025-03-10 19:37:21,734 : EventManager : Event: ======'machine_var_mc_extended_version'====== Args={'value': 'MPF-MC v0.57.1 (config_version=6, BCP v1.1,                      Requires MPF API compatibility v0.57.0 or newer)', 'prev_value': None, 'change': True}
2025-03-10 19:37:21,734 : SoundSystem : Setting master volume to 0.5
2025-03-10 19:37:21,734 : SoundSystem : Setting master volume to 0.5
2025-03-10 19:37:21,734 : SoundSystem : Setting master volume to 0.5
2025-03-10 19:37:21,734 : SoundSystem : Setting master volume to 0.5
2025-03-10 19:37:21,770 : mpfmc : Stopping...
2025-03-10 19:37:21,771 : EventManager : Event: ======'shutdown'====== Args={}
2025-03-10 19:37:21,771 : AudioInterface : Disabling audio playback
2025-03-10 19:37:21,903 : mpfmc : Loop rate 73.52 Hz
2025-03-10 19:37:21,903 : kivy : Base: Leaving application in progress...
2025-03-10 19:37:21,914 : mpfmc : Stopping...
2025-03-10 19:37:21,915 : EventManager : Event: ======'shutdown'====== Args={}
2025-03-10 19:37:21,915 : mpfmc : Loop rate 73.6 Hz
2025-03-10 19:37:21,915 : root : MC run loop ended.
2025-03-10 19:37:21,915 : root : Stopping child threads... (2 remaining)
2025-03-10 19:37:22,423 : MPF-MC BCP Server : Stopping BCP sending thread
2025-03-10 19:37:22,519 : root : All child threads stopped.
