2025-03-02 15:50:03,463 : INFO : root : Loading config.
2025-03-02 15:50:03,467 : INFO : YamlMultifileConfigLoader : Machine config file #1: config.yaml
2025-03-02 15:50:03,467 : WARNING : ConfigProcessor : Config file in cache changed: C:\Users\duffb\OneDrive\Documents\Python Envs\PinBallWW1\Machine\config\config.yaml
2025-03-02 15:50:03,467 : INFO : ConfigProcessor : Loading config from file C:\Users\duffb\.pyenv\pyenv-win\versions\3.11.0\Lib\site-packages\mpf\mpfconfig.yaml.
2025-03-02 15:50:03,479 : INFO : ConfigProcessor : Loading config: C:\Users\duffb\.pyenv\pyenv-win\versions\3.11.0\Lib\site-packages\mpf\mpfconfig.yaml
2025-03-02 15:50:03,480 : INFO : ConfigProcessor : Loading config from file C:\Users\duffb\OneDrive\Documents\Python Envs\PinBallWW1\Machine\config\config.yaml.
2025-03-02 15:50:03,505 : INFO : ConfigProcessor : Loading config: C:\Users\duffb\OneDrive\Documents\Python Envs\PinBallWW1\Machine\config\config.yaml
2025-03-02 15:50:03,507 : INFO : ConfigProcessor : Config file cache created: C:\Users\duffb\AppData\Local\Temp\cadfdee4981114acd6fff59d1071b59b.mpf_cache
2025-03-02 15:50:03,585 : INFO : ConfigProcessor : Loading config from cache: C:\Users\duffb\AppData\Local\Temp\2d51d76727b268a801d8dd7a18b89879.mpf_cache
2025-03-02 15:50:03,586 : INFO : ConfigProcessor : Loading config from cache: C:\Users\duffb\AppData\Local\Temp\9f058d482eac17116727d62a93500be7.mpf_cache
2025-03-02 15:50:03,587 : INFO : Machine : Mission Pinball Framework Core Engine v0.57.0
2025-03-02 15:50:03,587 : INFO : Machine : Command line arguments: {'no_load_cache': False, 'create_config_cache': True, 'bcp': True, 'configfile': ['config.yaml'], 'force_assets_load': False, 'platform_integration_test': False, 'jsonlogging': False, 'logfile': 'logs\\2025-03-02-15-50-03-mpf-T0SHIII.log', 'pause': False, 'production': False, 'text_ui': True, 'loglevel': 15, 'consoleloglevel': 20, 'force_platform': None, 'syslog_address': None, 'mc_file_name': None, 'no_sound': False}
2025-03-02 15:50:03,587 : INFO : Machine : MPF path: C:\Users\duffb\.pyenv\pyenv-win\versions\3.11.0\Lib\site-packages\mpf
2025-03-02 15:50:03,587 : INFO : Machine : Machine path: C:\Users\duffb\OneDrive\Documents\Python Envs\PinBallWW1\Machine
2025-03-02 15:50:03,587 : INFO : Machine : Platform: win32
2025-03-02 15:50:03,587 : INFO : Machine : Python executable location: C:\Users\duffb\.pyenv\pyenv-win\versions\3.11.0\python.exe
2025-03-02 15:50:03,587 : INFO : Machine : Python version: 3.11.0 (64-bit)
2025-03-02 15:50:03,589 : INFO : Machine : Initializing MPF...
2025-03-02 15:50:03,938 : INFO : EventManager : Event: ======'machine_var_credits_string'====== Args={'value': 'FREE PLAY', 'prev_value': None, 'change': True}
2025-03-02 15:50:03,978 : INFO : EventManager : Event: ======'machine_var_master_volume'====== Args={'value': 0.5, 'prev_value': None, 'change': True}
2025-03-02 15:50:03,978 : INFO : EventManager : Event: ======'machine_var_mpf_version'====== Args={'value': 'Mission Pinball Framework v0.57.0', 'prev_value': None, 'change': True}
2025-03-02 15:50:03,978 : INFO : EventManager : Event: ======'machine_var_mpf_extended_version'====== Args={'value': 'Mission Pinball Framework v0.57.0, Config version:6, Show version: 6, BCP version:1.1', 'prev_value': None, 'change': True}
2025-03-02 15:50:03,978 : INFO : EventManager : Event: ======'machine_var_python_version'====== Args={'value': '3.11.0', 'prev_value': None, 'change': True}
2025-03-02 15:50:03,995 : INFO : EventManager : Event: ======'machine_var_platform'====== Args={'value': 'Windows-10-10.0.26100-SP0', 'prev_value': None, 'change': True}
2025-03-02 15:50:03,996 : INFO : EventManager : Event: ======'machine_var_platform_system'====== Args={'value': 'Windows', 'prev_value': None, 'change': True}
2025-03-02 15:50:03,996 : INFO : EventManager : Event: ======'machine_var_platform_release'====== Args={'value': '10', 'prev_value': None, 'change': True}
2025-03-02 15:50:03,996 : INFO : EventManager : Event: ======'machine_var_platform_version'====== Args={'value': '10.0.26100', 'prev_value': None, 'change': True}
2025-03-02 15:50:03,996 : INFO : EventManager : Event: ======'machine_var_platform_machine'====== Args={'value': 'AMD64', 'prev_value': None, 'change': True}
2025-03-02 15:50:03,996 : INFO : EventManager : Event: ======'init_phase_1'====== Args={}
2025-03-02 15:50:04,007 : INFO : EventManager : Event: ======'init_phase_2'====== Args={}
2025-03-02 15:50:04,007 : INFO : SwitchController : Found active switch: ('8', <Platform.SmartVirtual>) <switch.s_trough_enter>
2025-03-02 15:50:04,008 : INFO : EventManager : Event: ======'bcp_connection_attempt'====== Args={'name': 'local_display', 'host': 'localhost', 'port': 5050}
2025-03-02 15:50:04,009 : INFO : BCPClientSocket : Connecting BCP to 'local_display' at localhost:5050...
2025-03-02 15:50:06,079 : INFO : BCPClientSocket : Connected BCP to 'local_display' localhost:5050
2025-03-02 15:50:06,079 : INFO : EventManager : Event: ======'bcp_clients_connected'====== Args={}
2025-03-02 15:50:06,297 : INFO : ball_device.bd_drain : BCH: Initial count: 0
2025-03-02 15:50:06,298 : INFO : ball_device.bd_drain : State: idle
2025-03-02 15:50:06,298 : INFO : ball_device.bd_trough : BCH: Initial count: 3
2025-03-02 15:50:06,298 : INFO : ball_device.bd_trough : State: idle
2025-03-02 15:50:06,299 : INFO : ball_device.bd_plunger_lane : BCH: Initial count: 0
2025-03-02 15:50:06,299 : INFO : ball_device.bd_plunger_lane : State: idle
2025-03-02 15:50:06,306 : INFO : EventManager : Event: ======'init_phase_3'====== Args={}
2025-03-02 15:50:06,308 : INFO : EventManager : Event: ======'init_phase_4'====== Args={}
2025-03-02 15:50:06,308 : INFO : BallController : Initial balls found: 3
2025-03-02 15:50:06,309 : INFO : EventManager : Event: ======'machine_var_audits_switches_s_drain'====== Args={'value': 0, 'prev_value': None, 'change': True}
2025-03-02 15:50:06,309 : INFO : EventManager : Event: ======'machine_var_audits_switches_s_launcher_button'====== Args={'value': 0, 'prev_value': None, 'change': True}
2025-03-02 15:50:06,309 : INFO : EventManager : Event: ======'machine_var_audits_switches_s_right_flipper'====== Args={'value': 0, 'prev_value': None, 'change': True}
2025-03-02 15:50:06,309 : INFO : EventManager : Event: ======'machine_var_audits_switches_s_left_flipper'====== Args={'value': 0, 'prev_value': None, 'change': True}
2025-03-02 15:50:06,309 : INFO : EventManager : Event: ======'machine_var_audits_switches_s_trough_enter'====== Args={'value': 0, 'prev_value': None, 'change': True}
2025-03-02 15:50:06,309 : INFO : EventManager : Event: ======'machine_var_audits_switches_s_playfield_entry'====== Args={'value': 0, 'prev_value': None, 'change': True}
2025-03-02 15:50:06,309 : INFO : EventManager : Event: ======'machine_var_audits_switches_s_plunger_lane'====== Args={'value': 0, 'prev_value': None, 'change': True}
2025-03-02 15:50:06,309 : INFO : EventManager : Event: ======'machine_var_audits_events_game_started'====== Args={'value': 0, 'prev_value': None, 'change': True}
2025-03-02 15:50:06,309 : INFO : EventManager : Event: ======'machine_var_audits_events_game_ended'====== Args={'value': 0, 'prev_value': None, 'change': True}
2025-03-02 15:50:06,309 : INFO : EventManager : Event: ======'machine_var_audits_player_score'====== Args={'value': {'top': [], 'average': 0, 'total': 0}, 'prev_value': None, 'change': True}
2025-03-02 15:50:06,310 : INFO : EventManager : Event: ======'init_phase_5'====== Args={}
2025-03-02 15:50:06,365 : INFO : EventManager : Event: ======'init_done'====== Args={}
2025-03-02 15:50:06,367 : INFO : EventManager : Event: ======'machine_reset_phase_1'====== Args={}
2025-03-02 15:50:07,160 : INFO : EventManager : Event: ======'machine_var_mc_version'====== Args={'value': 'MPF-MC v0.57.1', 'prev_value': None, 'change': True}
2025-03-02 15:50:07,166 : INFO : EventManager : Event: ======'machine_var_mc_extended_version'====== Args={'value': 'MPF-MC v0.57.1 (config_version=6, BCP v1.1,                      Requires MPF API compatibility v0.57.0 or newer)', 'prev_value': None, 'change': True}
2025-03-02 15:50:07,169 : INFO : EventManager : Event: ======'slide_welcome_slide_removed'====== Args={'_from_bcp': True}
2025-03-02 15:50:07,170 : INFO : EventManager : Event: ======'slide_welcome_slide_created'====== Args={'_from_bcp': True}
2025-03-02 15:50:07,170 : INFO : EventManager : Event: ======'slide_welcome_slide_active'====== Args={'_from_bcp': True}
2025-03-02 15:50:07,177 : INFO : EventManager : Event: ======'machine_reset_phase_2'====== Args={}
2025-03-02 15:50:07,177 : INFO : EventManager : Event: ======'machine_reset_phase_3'====== Args={}
2025-03-02 15:50:07,177 : INFO : EventManager : Event: ======'reset_complete'====== Args={}
2025-03-02 15:50:07,178 : INFO : EventManager : Event: ======'mode_attract_will_start'====== Args={}
2025-03-02 15:50:07,178 : INFO : EventManager : Event: ======'mode_attract_starting'====== Args={}
2025-03-02 15:50:07,178 : INFO : Mode.attract : Started. Priority: 10
2025-03-02 15:50:07,178 : INFO : EventManager : Event: ======'modes_active_modes_changed'====== Args={}
2025-03-02 15:50:07,178 : INFO : EventManager : Event: ======'mode_attract_started'====== Args={}
2025-03-02 15:50:07,179 : INFO : EventManager : Event: ======'collecting_balls_complete'====== Args={}
2025-03-02 15:50:07,230 : INFO : Machine : Starting the main run loop.
2025-03-02 15:50:08,745 : INFO : SwitchController : <<<<<<< 's_launcher_button' active >>>>>>>
2025-03-02 15:50:08,868 : INFO : SwitchController : <<<<<<< 's_launcher_button' inactive >>>>>>>
2025-03-02 15:50:09,816 : INFO : SwitchController : <<<<<<< 's_left_flipper' active >>>>>>>
2025-03-02 15:50:09,966 : INFO : SwitchController : <<<<<<< 's_left_flipper' inactive >>>>>>>
2025-03-02 15:50:10,246 : INFO : SwitchController : <<<<<<< 's_right_flipper' active >>>>>>>
2025-03-02 15:50:10,407 : INFO : SwitchController : <<<<<<< 's_right_flipper' inactive >>>>>>>
2025-03-02 15:50:10,786 : INFO : SwitchController : <<<<<<< 's_right_flipper' active >>>>>>>
2025-03-02 15:50:10,954 : INFO : SwitchController : <<<<<<< 's_right_flipper' inactive >>>>>>>
2025-03-02 15:50:12,079 : WARNING : SwitchController : Received duplicate switch state 1 for switch s_trough_enter from the platform interface. Log Code: Log-SwitchController-1 (https://missionpinball.org/logs)
2025-03-02 15:50:12,175 : INFO : SwitchController : <<<<<<< 's_trough_enter' inactive >>>>>>>
2025-03-02 15:50:12,519 : INFO : SwitchController : <<<<<<< 's_trough_enter' active >>>>>>>
2025-03-02 15:50:12,520 : WARNING : ball_device.bd_trough : Device received balls but is already full!
2025-03-02 15:50:12,606 : INFO : SwitchController : <<<<<<< 's_trough_enter' inactive >>>>>>>
2025-03-02 15:50:13,025 : INFO : SwitchController : <<<<<<< 's_trough_enter' active >>>>>>>
2025-03-02 15:50:13,026 : WARNING : ball_device.bd_trough : Device received balls but is already full!
2025-03-02 15:50:13,124 : INFO : SwitchController : <<<<<<< 's_trough_enter' inactive >>>>>>>
2025-03-02 15:50:13,288 : INFO : SwitchController : <<<<<<< 's_trough_enter' active >>>>>>>
2025-03-02 15:50:13,288 : WARNING : ball_device.bd_trough : Device received balls but is already full!
2025-03-02 15:50:13,361 : INFO : SwitchController : <<<<<<< 's_trough_enter' inactive >>>>>>>
2025-03-02 15:50:13,512 : INFO : SwitchController : <<<<<<< 's_trough_enter' active >>>>>>>
2025-03-02 15:50:13,512 : WARNING : ball_device.bd_trough : Device received balls but is already full!
2025-03-02 15:50:13,597 : INFO : SwitchController : <<<<<<< 's_trough_enter' inactive >>>>>>>
2025-03-02 15:50:13,761 : INFO : SwitchController : <<<<<<< 's_trough_enter' active >>>>>>>
2025-03-02 15:50:13,761 : WARNING : ball_device.bd_trough : Device received balls but is already full!
2025-03-02 15:50:13,846 : INFO : SwitchController : <<<<<<< 's_trough_enter' inactive >>>>>>>
2025-03-02 15:50:14,000 : INFO : SwitchController : <<<<<<< 's_trough_enter' active >>>>>>>
2025-03-02 15:50:14,000 : WARNING : ball_device.bd_trough : Device received balls but is already full!
2025-03-02 15:50:14,100 : INFO : SwitchController : <<<<<<< 's_trough_enter' inactive >>>>>>>
2025-03-02 15:50:14,290 : INFO : SwitchController : <<<<<<< 's_trough_enter' active >>>>>>>
2025-03-02 15:50:14,290 : WARNING : ball_device.bd_trough : Device received balls but is already full!
2025-03-02 15:50:14,375 : INFO : SwitchController : <<<<<<< 's_trough_enter' inactive >>>>>>>
2025-03-02 15:50:15,557 : INFO : SwitchController : <<<<<<< 's_playfield_entry' active >>>>>>>
2025-03-02 15:50:15,667 : INFO : SwitchController : <<<<<<< 's_playfield_entry' inactive >>>>>>>
2025-03-02 15:50:15,824 : INFO : SwitchController : <<<<<<< 's_launcher_button' active >>>>>>>
2025-03-02 15:50:15,950 : INFO : SwitchController : <<<<<<< 's_launcher_button' inactive >>>>>>>
2025-03-02 15:50:16,091 : INFO : SwitchController : <<<<<<< 's_launcher_button' active >>>>>>>
2025-03-02 15:50:16,200 : INFO : SwitchController : <<<<<<< 's_launcher_button' inactive >>>>>>>
2025-03-02 15:50:16,350 : INFO : SwitchController : <<<<<<< 's_launcher_button' active >>>>>>>
2025-03-02 15:50:16,443 : INFO : SwitchController : <<<<<<< 's_launcher_button' inactive >>>>>>>
2025-03-02 15:50:16,557 : INFO : SwitchController : <<<<<<< 's_launcher_button' active >>>>>>>
2025-03-02 15:50:16,697 : INFO : SwitchController : <<<<<<< 's_launcher_button' inactive >>>>>>>
2025-03-02 15:50:17,181 : INFO : SwitchController : <<<<<<< 's_playfield_entry' active >>>>>>>
2025-03-02 15:50:17,362 : INFO : SwitchController : <<<<<<< 's_playfield_entry' inactive >>>>>>>
2025-03-02 15:50:17,681 : INFO : SwitchController : <<<<<<< 's_playfield_entry' active >>>>>>>
2025-03-02 15:50:17,794 : INFO : SwitchController : <<<<<<< 's_playfield_entry' inactive >>>>>>>
2025-03-02 15:50:19,623 : INFO : SwitchController : <<<<<<< 's_left_flipper' active >>>>>>>
2025-03-02 15:50:19,826 : INFO : SwitchController : <<<<<<< 's_left_flipper' inactive >>>>>>>
2025-03-02 15:50:19,828 : INFO : SwitchController : <<<<<<< 's_right_flipper' active >>>>>>>
2025-03-02 15:50:19,965 : INFO : SwitchController : <<<<<<< 's_right_flipper' inactive >>>>>>>
2025-03-02 15:50:19,966 : INFO : SwitchController : <<<<<<< 's_left_flipper' active >>>>>>>
2025-03-02 15:50:20,062 : INFO : SwitchController : <<<<<<< 's_left_flipper' inactive >>>>>>>
2025-03-02 15:50:20,098 : INFO : SwitchController : <<<<<<< 's_right_flipper' active >>>>>>>
2025-03-02 15:50:20,148 : INFO : SwitchController : <<<<<<< 's_right_flipper' inactive >>>>>>>
2025-03-02 15:50:20,200 : INFO : SwitchController : <<<<<<< 's_left_flipper' active >>>>>>>
2025-03-02 15:50:20,288 : INFO : SwitchController : <<<<<<< 's_left_flipper' inactive >>>>>>>
2025-03-02 15:50:20,331 : INFO : SwitchController : <<<<<<< 's_right_flipper' active >>>>>>>
2025-03-02 15:50:20,367 : INFO : SwitchController : <<<<<<< 's_right_flipper' inactive >>>>>>>
2025-03-02 15:50:20,558 : INFO : SwitchController : <<<<<<< 's_launcher_button' active >>>>>>>
2025-03-02 15:50:20,711 : INFO : SwitchController : <<<<<<< 's_launcher_button' inactive >>>>>>>
2025-03-02 15:50:20,762 : INFO : SwitchController : <<<<<<< 's_launcher_button' active >>>>>>>
2025-03-02 15:50:20,871 : INFO : SwitchController : <<<<<<< 's_launcher_button' inactive >>>>>>>
2025-03-02 15:50:20,946 : INFO : SwitchController : <<<<<<< 's_launcher_button' active >>>>>>>
2025-03-02 15:50:21,197 : INFO : SwitchController : <<<<<<< 's_playfield_entry' active >>>>>>>
2025-03-02 15:50:21,313 : INFO : SwitchController : <<<<<<< 's_launcher_button' inactive >>>>>>>
2025-03-02 15:50:21,414 : INFO : SwitchController : <<<<<<< 's_playfield_entry' inactive >>>>>>>
2025-03-02 15:50:21,599 : INFO : SwitchController : <<<<<<< 's_launcher_button' active >>>>>>>
2025-03-02 15:50:21,821 : INFO : SwitchController : <<<<<<< 's_launcher_button' inactive >>>>>>>
2025-03-02 15:50:21,932 : INFO : SwitchController : <<<<<<< 's_launcher_button' active >>>>>>>
2025-03-02 15:50:22,071 : INFO : SwitchController : <<<<<<< 's_playfield_entry' active >>>>>>>
2025-03-02 15:50:22,143 : INFO : SwitchController : <<<<<<< 's_launcher_button' inactive >>>>>>>
2025-03-02 15:50:22,185 : INFO : SwitchController : <<<<<<< 's_playfield_entry' inactive >>>>>>>
2025-03-02 15:50:22,259 : INFO : SwitchController : <<<<<<< 's_playfield_entry' active >>>>>>>
2025-03-02 15:50:22,356 : INFO : SwitchController : <<<<<<< 's_playfield_entry' inactive >>>>>>>
2025-03-02 15:50:22,430 : INFO : SwitchController : <<<<<<< 's_launcher_button' active >>>>>>>
2025-03-02 15:50:22,617 : INFO : SwitchController : <<<<<<< 's_launcher_button' inactive >>>>>>>
2025-03-02 15:50:22,652 : INFO : SwitchController : <<<<<<< 's_launcher_button' active >>>>>>>
2025-03-02 15:50:22,767 : INFO : SwitchController : <<<<<<< 's_playfield_entry' active >>>>>>>
2025-03-02 15:50:22,857 : INFO : SwitchController : <<<<<<< 's_launcher_button' inactive >>>>>>>
2025-03-02 15:50:22,904 : INFO : SwitchController : <<<<<<< 's_playfield_entry' inactive >>>>>>>
2025-03-02 15:50:23,039 : INFO : SwitchController : <<<<<<< 's_trough_enter' active >>>>>>>
2025-03-02 15:50:23,040 : WARNING : ball_device.bd_trough : Device received balls but is already full!
2025-03-02 15:50:23,165 : INFO : SwitchController : <<<<<<< 's_trough_enter' inactive >>>>>>>
2025-03-02 15:50:23,278 : INFO : SwitchController : <<<<<<< 's_trough_enter' active >>>>>>>
2025-03-02 15:50:23,278 : WARNING : ball_device.bd_trough : Device received balls but is already full!
2025-03-02 15:50:23,370 : INFO : SwitchController : <<<<<<< 's_trough_enter' inactive >>>>>>>
2025-03-02 15:50:23,469 : INFO : SwitchController : <<<<<<< 's_trough_enter' active >>>>>>>
2025-03-02 15:50:23,469 : WARNING : ball_device.bd_trough : Device received balls but is already full!
2025-03-02 15:50:23,565 : INFO : SwitchController : <<<<<<< 's_trough_enter' inactive >>>>>>>
2025-03-02 15:50:23,627 : INFO : SwitchController : <<<<<<< 's_trough_enter' active >>>>>>>
2025-03-02 15:50:23,627 : WARNING : ball_device.bd_trough : Device received balls but is already full!
2025-03-02 15:50:23,692 : INFO : SwitchController : <<<<<<< 's_playfield_entry' active >>>>>>>
2025-03-02 15:50:23,726 : INFO : SwitchController : <<<<<<< 's_trough_enter' inactive >>>>>>>
2025-03-02 15:50:23,843 : INFO : SwitchController : <<<<<<< 's_playfield_entry' inactive >>>>>>>
2025-03-02 15:50:23,844 : INFO : SwitchController : <<<<<<< 's_trough_enter' active >>>>>>>
2025-03-02 15:50:23,844 : WARNING : ball_device.bd_trough : Device received balls but is already full!
2025-03-02 15:50:23,908 : INFO : SwitchController : <<<<<<< 's_launcher_button' active >>>>>>>
2025-03-02 15:50:23,933 : INFO : SwitchController : <<<<<<< 's_trough_enter' inactive >>>>>>>
2025-03-02 15:50:24,020 : INFO : SwitchController : <<<<<<< 's_trough_enter' active >>>>>>>
2025-03-02 15:50:24,021 : WARNING : ball_device.bd_trough : Device received balls but is already full!
2025-03-02 15:50:24,090 : INFO : SwitchController : <<<<<<< 's_launcher_button' inactive >>>>>>>
2025-03-02 15:50:24,092 : INFO : SwitchController : <<<<<<< 's_playfield_entry' active >>>>>>>
2025-03-02 15:50:24,132 : INFO : SwitchController : <<<<<<< 's_trough_enter' inactive >>>>>>>
2025-03-02 15:50:24,172 : INFO : SwitchController : <<<<<<< 's_playfield_entry' inactive >>>>>>>
2025-03-02 15:50:24,206 : INFO : SwitchController : <<<<<<< 's_launcher_button' active >>>>>>>
2025-03-02 15:50:24,249 : INFO : SwitchController : <<<<<<< 's_trough_enter' active >>>>>>>
2025-03-02 15:50:24,249 : WARNING : ball_device.bd_trough : Device received balls but is already full!
2025-03-02 15:50:24,309 : INFO : SwitchController : <<<<<<< 's_trough_enter' inactive >>>>>>>
2025-03-02 15:50:24,376 : INFO : SwitchController : <<<<<<< 's_launcher_button' inactive >>>>>>>
2025-03-02 15:50:24,377 : INFO : SwitchController : <<<<<<< 's_playfield_entry' active >>>>>>>
2025-03-02 15:50:24,435 : INFO : SwitchController : <<<<<<< 's_trough_enter' active >>>>>>>
2025-03-02 15:50:24,436 : WARNING : ball_device.bd_trough : Device received balls but is already full!
2025-03-02 15:50:24,480 : INFO : SwitchController : <<<<<<< 's_playfield_entry' inactive >>>>>>>
2025-03-02 15:50:24,512 : INFO : SwitchController : <<<<<<< 's_trough_enter' inactive >>>>>>>
2025-03-02 15:50:24,583 : INFO : SwitchController : <<<<<<< 's_playfield_entry' active >>>>>>>
2025-03-02 15:50:24,682 : INFO : SwitchController : <<<<<<< 's_playfield_entry' inactive >>>>>>>
2025-03-02 15:50:26,691 : INFO : Machine : Shutting down...
2025-03-02 15:50:26,692 : INFO : EventManager : Event: ======'shutdown'====== Args={}
2025-03-02 15:50:26,697 : INFO : root : MPF run loop ended.
