2025-03-21 11:43:00,166 : kivy : deps: Successfully imported "kivy_deps.gstreamer" 0.3.3
2025-03-21 11:43:00,166 : kivy : deps: Successfully imported "kivy_deps.angle" 0.3.3
2025-03-21 11:43:00,166 : kivy : deps: Successfully imported "kivy_deps.glew" 0.3.1
2025-03-21 11:43:00,166 : kivy : deps: Successfully imported "kivy_deps.sdl2" 0.6.0
2025-03-21 11:43:00,166 : kivy : Kivy: v2.2.1
2025-03-21 11:43:00,166 : kivy : Kivy: Installed at "C:\Users\duffb\.pyenv\pyenv-win\versions\3.11.0\Lib\site-packages\kivy\__init__.py"
2025-03-21 11:43:00,166 : kivy : Python: v3.11.0 (main, Oct 24 2022, 18:26:48) [MSC v.1933 64 bit (AMD64)]
2025-03-21 11:43:00,166 : kivy : Python: Interpreter at "C:\Users\duffb\.pyenv\pyenv-win\versions\3.11.0\python.exe"
2025-03-21 11:43:00,707 : kivy : Factory: 190 symbols loaded
2025-03-21 11:43:03,707 : kivy : ImageLoaderFFPy: Using ffpyplayer 4.5.1
2025-03-21 11:43:03,707 : kivy : Image: Providers: img_tex, img_dds, img_sdl2, img_pil, img_ffpyplayer 
2025-03-21 11:43:05,685 : kivy : VideoGstplayer: Using Gstreamer 1.18.5.0
2025-03-21 11:43:05,685 : kivy : Video: Provider: gstplayer
2025-03-21 11:43:06,098 : root : Loading MPF-MC controller
2025-03-21 11:43:06,126 : YamlMultifileConfigLoader : Machine config file #1: config
2025-03-21 11:43:06,127 : ConfigProcessor : Config file in cache changed: C:\Users\duffb\OneDrive\Documents\Python Envs\PinBallWW1\Machine\config\config
2025-03-21 11:43:06,128 : ConfigProcessor : Loading config from file C:\Users\duffb\.pyenv\pyenv-win\versions\3.11.0\Lib\site-packages\mpfmc\mcconfig.yaml.
2025-03-21 11:43:06,161 : ConfigProcessor : Loading config: C:\Users\duffb\.pyenv\pyenv-win\versions\3.11.0\Lib\site-packages\mpfmc\mcconfig.yaml
2025-03-21 11:43:06,161 : ConfigProcessor : Loading config from file C:\Users\duffb\OneDrive\Documents\Python Envs\PinBallWW1\Machine\config\config.
2025-03-21 11:43:06,189 : ConfigProcessor : Loading config: C:\Users\duffb\OneDrive\Documents\Python Envs\PinBallWW1\Machine\config\config
2025-03-21 11:43:06,194 : ConfigProcessor : Config file cache created: C:\Users\duffb\AppData\Local\Temp\de7a4651692d89380cb727f0a44dc491.mpf_cache
2025-03-21 11:43:06,196 : ConfigProcessor : Loading config from cache: C:\Users\duffb\AppData\Local\Temp\ee7db1e8d011f44c876692bb4657f2e9.mpf_cache
2025-03-21 11:43:06,198 : ConfigProcessor : Loading config from cache: C:\Users\duffb\AppData\Local\Temp\9f058d482eac17116727d62a93500be7.mpf_cache
2025-03-21 11:43:06,201 : ConfigProcessor : Loading config from cache: C:\Users\duffb\AppData\Local\Temp\2c9362052ff91db960f514d041b7f4e4.mpf_cache
2025-03-21 11:43:06,203 : ConfigProcessor : Loading config from cache: C:\Users\duffb\AppData\Local\Temp\9e006ea23aa21ec68e01f6c49afad9f4.mpf_cache
2025-03-21 11:43:06,204 : mpfmc : Mission Pinball Framework Media Controller (MPF-MC) v0.57.1. Requires MPF v0.57.0 or newer.
2025-03-21 11:43:06,204 : mpfmc : Found MPF v0.57.0
2025-03-21 11:43:06,204 : mpfmc : Machine path: C:\Users\duffb\OneDrive\Documents\Python Envs\PinBallWW1\Machine
2025-03-21 11:43:06,205 : mpfmc : Starting clock at 60.0Hz
2025-03-21 11:43:06,540 : kivy : Text: Provider: sdl2
2025-03-21 11:43:06,845 : kivy : Window: Provider: sdl2
2025-03-21 11:43:08,348 : kivy : GL: Using the "OpenGL" graphics system
2025-03-21 11:43:08,354 : kivy : GL: GLEW initialization succeeded
2025-03-21 11:43:08,355 : kivy : GL: Backend used <glew>
2025-03-21 11:43:08,355 : kivy : GL: OpenGL version <b'4.6.0 - Build 31.0.101.5592'>
2025-03-21 11:43:08,355 : kivy : GL: OpenGL vendor <b'Intel'>
2025-03-21 11:43:08,355 : kivy : GL: OpenGL renderer <b'Intel(R) UHD Graphics'>
2025-03-21 11:43:08,356 : kivy : GL: OpenGL parsed version: 4, 6
2025-03-21 11:43:08,356 : kivy : GL: Shading version <b'4.60 - Build 31.0.101.5592'>
2025-03-21 11:43:08,356 : kivy : GL: Texture max size <16384>
2025-03-21 11:43:08,356 : kivy : GL: Texture max units <32>
2025-03-21 11:43:08,469 : kivy : Window: auto add sdl2 input provider
2025-03-21 11:43:08,473 : kivy : Window: virtual keyboard not allowed, single mode, not docked
2025-03-21 11:43:31,918 : AudioInterface : Initialized
2025-03-21 11:43:31,918 : AudioInterface : Loaded SDL 2.26.4
2025-03-21 11:43:31,918 : AudioInterface : Loaded SDL_Mixer 2.6.3
2025-03-21 11:43:31,918 : AudioInterface : Loaded GStreamer 1.18.5.0
2025-03-21 11:43:31,921 : AudioInterface : Loaded GLib 2.62.6
2025-03-21 11:43:31,921 : AudioInterface : Settings requested - rate: 44100, channels: 1, buffer: 2048 samples
2025-03-21 11:43:31,921 : AudioInterface : Settings in use - rate: 44100, channels: 1, buffer: 2048 samples (4096 bytes @ 2 bytes per sample)
2025-03-21 11:43:31,922 : SoundSystem : Setting master volume to 0.0
2025-03-21 11:43:31,922 : AudioInterface : Enabling audio playback
2025-03-21 11:43:31,926 : kivy : Base: Start application main loop
2025-03-21 11:43:31,927 : EventManager : Event: ======'display_window_initialized'====== Args={}
2025-03-21 11:43:31,977 : mpfmc : Display: Setting 'window' as default display
2025-03-21 11:43:31,989 : EventManager : Event: ======'displays_initialized'====== Args={}
2025-03-21 11:43:31,990 : EventManager : Event: ======'slide_window_blank_created'====== Args={}
2025-03-21 11:43:31,991 : EventManager : Event: ======'display_window_ready'====== Args={}
2025-03-21 11:43:32,021 : EventManager : Event: ======'init_phase_1'====== Args={}
2025-03-21 11:43:32,026 : EventManager : Event: ======'mc_ready'====== Args={}
2025-03-21 11:43:32,026 : EventManager : Event: ======'init_phase_2'====== Args={}
2025-03-21 11:43:32,031 : EventManager : Event: ======'init_phase_3'====== Args={}
2025-03-21 11:43:32,039 : EventManager : Event: ======'init_phase_4'====== Args={}
2025-03-21 11:43:32,039 : EventManager : Event: ======'init_phase_5'====== Args={}
2025-03-21 11:43:32,066 : kivy : GL: NPOT texture support is available
2025-03-21 11:43:32,074 : EventManager : Event: ======'loading_assets'====== Args={'total': 5, 'loaded': 1, 'remaining': 4, 'percent': 20}
2025-03-21 11:43:32,079 : AssetManager : Loading assets: 1/5 (20%)
2025-03-21 11:43:32,094 : EventManager : Event: ======'loading_assets'====== Args={'total': 5, 'loaded': 5, 'remaining': 0, 'percent': 100}
2025-03-21 11:43:32,094 : AssetManager : Asset loading took: 0.17083477973937988
2025-03-21 11:43:32,094 : EventManager : Event: ======'asset_loading_complete'====== Args={}
2025-03-21 11:43:32,094 : AssetManager : Loading assets: 5/5 (100%)
2025-03-21 11:43:32,094 : EventManager : Event: ======'init_done'====== Args={}
2025-03-21 11:43:32,094 : MPF-MC BCP Server : Starting up on localhost port 5050
2025-03-21 11:43:32,100 : MPF-MC BCP Server : Waiting for a connection...
2025-03-21 11:43:32,123 : EventManager : Event: ======'slide_welcome_slide_created'====== Args={}
2025-03-21 11:43:32,124 : EventManager : Event: ======'slide_welcome_slide_active'====== Args={}
2025-03-21 11:43:32,128 : EventManager : Event: ======'client_disconnected'====== Args={'host': '127.0.0.1', 'port': 5050}
2025-03-21 11:43:32,788 : MPF-MC BCP Server : Received connection from: 127.0.0.1:57688
2025-03-21 11:43:32,801 : EventManager : Event: ======'client_connected'====== Args={'host': '127.0.0.1', 'port': 57688}
2025-03-21 11:43:32,826 : EventManager : Event: ======'machine_var_credits_string'====== Args={'value': 'FREE PLAY', 'prev_value': None, 'change': True}
2025-03-21 11:43:32,826 : EventManager : Event: ======'machine_var_master_volume'====== Args={'value': 0.5, 'prev_value': None, 'change': True}
2025-03-21 11:43:32,826 : EventManager : Event: ======'machine_var_player1_score'====== Args={'value': 8000, 'prev_value': None, 'change': True}
2025-03-21 11:43:32,826 : EventManager : Event: ======'machine_var_player2_score'====== Args={'value': 1000, 'prev_value': None, 'change': True}
2025-03-21 11:43:32,826 : EventManager : Event: ======'machine_var_mpf_version'====== Args={'value': 'Mission Pinball Framework v0.57.0', 'prev_value': None, 'change': True}
2025-03-21 11:43:32,826 : EventManager : Event: ======'machine_var_mpf_extended_version'====== Args={'value': 'Mission Pinball Framework v0.57.0, Config version:6, Show version: 6, BCP version:1.1', 'prev_value': None, 'change': True}
2025-03-21 11:43:32,826 : EventManager : Event: ======'machine_var_python_version'====== Args={'value': '3.11.0', 'prev_value': None, 'change': True}
2025-03-21 11:43:32,827 : EventManager : Event: ======'machine_var_platform'====== Args={'value': 'Windows-10-10.0.26100-SP0', 'prev_value': None, 'change': True}
2025-03-21 11:43:32,827 : EventManager : Event: ======'machine_var_platform_system'====== Args={'value': 'Windows', 'prev_value': None, 'change': True}
2025-03-21 11:43:32,827 : EventManager : Event: ======'machine_var_platform_release'====== Args={'value': '10', 'prev_value': None, 'change': True}
2025-03-21 11:43:32,827 : EventManager : Event: ======'machine_var_platform_version'====== Args={'value': '10.0.26100', 'prev_value': None, 'change': True}
2025-03-21 11:43:32,827 : EventManager : Event: ======'machine_var_platform_machine'====== Args={'value': 'AMD64', 'prev_value': None, 'change': True}
2025-03-21 11:43:32,827 : EventManager : Event: ======'machine_var_mc_version'====== Args={'value': 'MPF-MC v0.57.1', 'prev_value': None, 'change': True}
2025-03-21 11:43:32,827 : EventManager : Event: ======'machine_var_mc_extended_version'====== Args={'value': 'MPF-MC v0.57.1 (config_version=6, BCP v1.1,                      Requires MPF API compatibility v0.57.0 or newer)', 'prev_value': None, 'change': True}
2025-03-21 11:43:32,827 : EventManager : Event: ======'machine_var_credits_string'====== Args={'value': 'FREE PLAY', 'prev_value': None, 'change': True}
2025-03-21 11:43:32,827 : EventManager : Event: ======'machine_var_master_volume'====== Args={'value': 0.5, 'prev_value': None, 'change': True}
2025-03-21 11:43:32,827 : EventManager : Event: ======'machine_var_player1_score'====== Args={'value': 8000, 'prev_value': None, 'change': True}
2025-03-21 11:43:32,827 : EventManager : Event: ======'machine_var_player2_score'====== Args={'value': 1000, 'prev_value': None, 'change': True}
2025-03-21 11:43:32,827 : EventManager : Event: ======'machine_var_mpf_version'====== Args={'value': 'Mission Pinball Framework v0.57.0', 'prev_value': None, 'change': True}
2025-03-21 11:43:32,827 : EventManager : Event: ======'machine_var_mpf_extended_version'====== Args={'value': 'Mission Pinball Framework v0.57.0, Config version:6, Show version: 6, BCP version:1.1', 'prev_value': None, 'change': True}
2025-03-21 11:43:32,827 : EventManager : Event: ======'machine_var_python_version'====== Args={'value': '3.11.0', 'prev_value': None, 'change': True}
2025-03-21 11:43:32,827 : EventManager : Event: ======'machine_var_platform'====== Args={'value': 'Windows-10-10.0.26100-SP0', 'prev_value': None, 'change': True}
2025-03-21 11:43:32,827 : EventManager : Event: ======'machine_var_platform_system'====== Args={'value': 'Windows', 'prev_value': None, 'change': True}
2025-03-21 11:43:32,827 : EventManager : Event: ======'machine_var_platform_release'====== Args={'value': '10', 'prev_value': None, 'change': True}
2025-03-21 11:43:32,827 : EventManager : Event: ======'machine_var_platform_version'====== Args={'value': '10.0.26100', 'prev_value': None, 'change': True}
2025-03-21 11:43:32,827 : EventManager : Event: ======'machine_var_platform_machine'====== Args={'value': 'AMD64', 'prev_value': None, 'change': True}
2025-03-21 11:43:32,827 : EventManager : Event: ======'machine_var_mc_version'====== Args={'value': 'MPF-MC v0.57.1', 'prev_value': None, 'change': True}
2025-03-21 11:43:32,827 : EventManager : Event: ======'machine_var_mc_extended_version'====== Args={'value': 'MPF-MC v0.57.1 (config_version=6, BCP v1.1,                      Requires MPF API compatibility v0.57.0 or newer)', 'prev_value': None, 'change': True}
2025-03-21 11:43:32,827 : EventManager : Event: ======'machine_var_credits_string'====== Args={'value': 'FREE PLAY', 'prev_value': None, 'change': True}
2025-03-21 11:43:32,828 : EventManager : Event: ======'machine_var_master_volume'====== Args={'value': 0.5, 'prev_value': None, 'change': True}
2025-03-21 11:43:32,828 : EventManager : Event: ======'machine_var_player1_score'====== Args={'value': 8000, 'prev_value': None, 'change': True}
2025-03-21 11:43:32,828 : EventManager : Event: ======'machine_var_player2_score'====== Args={'value': 1000, 'prev_value': None, 'change': True}
2025-03-21 11:43:32,828 : EventManager : Event: ======'machine_var_mpf_version'====== Args={'value': 'Mission Pinball Framework v0.57.0', 'prev_value': None, 'change': True}
2025-03-21 11:43:32,828 : EventManager : Event: ======'machine_var_mpf_extended_version'====== Args={'value': 'Mission Pinball Framework v0.57.0, Config version:6, Show version: 6, BCP version:1.1', 'prev_value': None, 'change': True}
2025-03-21 11:43:32,828 : EventManager : Event: ======'machine_var_python_version'====== Args={'value': '3.11.0', 'prev_value': None, 'change': True}
2025-03-21 11:43:32,828 : EventManager : Event: ======'machine_var_platform'====== Args={'value': 'Windows-10-10.0.26100-SP0', 'prev_value': None, 'change': True}
2025-03-21 11:43:32,828 : EventManager : Event: ======'machine_var_platform_system'====== Args={'value': 'Windows', 'prev_value': None, 'change': True}
2025-03-21 11:43:32,828 : EventManager : Event: ======'machine_var_platform_release'====== Args={'value': '10', 'prev_value': None, 'change': True}
2025-03-21 11:43:32,828 : EventManager : Event: ======'machine_var_platform_version'====== Args={'value': '10.0.26100', 'prev_value': None, 'change': True}
2025-03-21 11:43:32,828 : EventManager : Event: ======'machine_var_platform_machine'====== Args={'value': 'AMD64', 'prev_value': None, 'change': True}
2025-03-21 11:43:32,828 : EventManager : Event: ======'machine_var_mc_version'====== Args={'value': 'MPF-MC v0.57.1', 'prev_value': None, 'change': True}
2025-03-21 11:43:32,828 : EventManager : Event: ======'machine_var_mc_extended_version'====== Args={'value': 'MPF-MC v0.57.1 (config_version=6, BCP v1.1,                      Requires MPF API compatibility v0.57.0 or newer)', 'prev_value': None, 'change': True}
2025-03-21 11:43:32,828 : EventManager : Event: ======'machine_var_credits_string'====== Args={'value': 'FREE PLAY', 'prev_value': None, 'change': True}
2025-03-21 11:43:32,828 : EventManager : Event: ======'machine_var_master_volume'====== Args={'value': 0.5, 'prev_value': None, 'change': True}
2025-03-21 11:43:32,828 : EventManager : Event: ======'machine_var_player1_score'====== Args={'value': 8000, 'prev_value': None, 'change': True}
2025-03-21 11:43:32,828 : EventManager : Event: ======'machine_var_player2_score'====== Args={'value': 1000, 'prev_value': None, 'change': True}
2025-03-21 11:43:32,828 : EventManager : Event: ======'machine_var_mpf_version'====== Args={'value': 'Mission Pinball Framework v0.57.0', 'prev_value': None, 'change': True}
2025-03-21 11:43:32,828 : EventManager : Event: ======'machine_var_mpf_extended_version'====== Args={'value': 'Mission Pinball Framework v0.57.0, Config version:6, Show version: 6, BCP version:1.1', 'prev_value': None, 'change': True}
2025-03-21 11:43:32,828 : EventManager : Event: ======'machine_var_python_version'====== Args={'value': '3.11.0', 'prev_value': None, 'change': True}
2025-03-21 11:43:32,828 : EventManager : Event: ======'machine_var_platform'====== Args={'value': 'Windows-10-10.0.26100-SP0', 'prev_value': None, 'change': True}
2025-03-21 11:43:32,828 : EventManager : Event: ======'machine_var_platform_system'====== Args={'value': 'Windows', 'prev_value': None, 'change': True}
2025-03-21 11:43:32,828 : EventManager : Event: ======'machine_var_platform_release'====== Args={'value': '10', 'prev_value': None, 'change': True}
2025-03-21 11:43:32,828 : EventManager : Event: ======'machine_var_platform_version'====== Args={'value': '10.0.26100', 'prev_value': None, 'change': True}
2025-03-21 11:43:32,828 : EventManager : Event: ======'machine_var_platform_machine'====== Args={'value': 'AMD64', 'prev_value': None, 'change': True}
2025-03-21 11:43:32,828 : EventManager : Event: ======'machine_var_mc_version'====== Args={'value': 'MPF-MC v0.57.1', 'prev_value': None, 'change': True}
2025-03-21 11:43:32,829 : EventManager : Event: ======'machine_var_mc_extended_version'====== Args={'value': 'MPF-MC v0.57.1 (config_version=6, BCP v1.1,                      Requires MPF API compatibility v0.57.0 or newer)', 'prev_value': None, 'change': True}
2025-03-21 11:43:32,829 : SoundSystem : Setting master volume to 0.5
2025-03-21 11:43:32,829 : SoundSystem : Setting master volume to 0.5
2025-03-21 11:43:32,829 : SoundSystem : Setting master volume to 0.5
2025-03-21 11:43:32,829 : SoundSystem : Setting master volume to 0.5
2025-03-21 11:43:33,035 : mpfmc : Stopping...
2025-03-21 11:43:33,035 : EventManager : Event: ======'shutdown'====== Args={}
2025-03-21 11:43:33,035 : AudioInterface : Disabling audio playback
2025-03-21 11:43:33,181 : mpfmc : Loop rate 61.36 Hz
2025-03-21 11:43:33,182 : kivy : Base: Leaving application in progress...
2025-03-21 11:43:33,192 : mpfmc : Stopping...
2025-03-21 11:43:33,192 : EventManager : Event: ======'shutdown'====== Args={}
2025-03-21 11:43:33,192 : mpfmc : Loop rate 61.59 Hz
2025-03-21 11:43:33,192 : root : MC run loop ended.
2025-03-21 11:43:33,192 : root : Stopping child threads... (2 remaining)
2025-03-21 11:43:33,815 : MPF-MC BCP Server : Stopping BCP sending thread
2025-03-21 11:43:33,897 : root : All child threads stopped.
