2025-03-26 17:08:47,168 : INFO : root : Loading config.
2025-03-26 17:08:47,185 : INFO : YamlMultifileConfigLoader : Machine config file #1: config.yaml
2025-03-26 17:08:47,185 : INFO : ConfigProcessor : Loading config from file C:\Users\duffb\.pyenv\pyenv-win\versions\3.11.0\Lib\site-packages\mpf\mpfconfig.yaml.
2025-03-26 17:08:47,211 : INFO : ConfigProcessor : Loading config: C:\Users\duffb\.pyenv\pyenv-win\versions\3.11.0\Lib\site-packages\mpf\mpfconfig.yaml
2025-03-26 17:08:47,212 : INFO : ConfigProcessor : Loading config from file C:\Users\duffb\OneDrive\Documents\Python Envs\PinBallWW2\Machine\config\config.yaml.
2025-03-26 17:08:47,237 : INFO : ConfigProcessor : Loading config: C:\Users\duffb\OneDrive\Documents\Python Envs\PinBallWW2\Machine\config\config.yaml
2025-03-26 17:08:47,239 : INFO : ConfigProcessor : Config file cache created: C:\Users\duffb\AppData\Local\Temp\5a8db78e9793c7d77db50ae1c3c04fe5.mpf_cache
2025-03-26 17:08:47,451 : INFO : ConfigProcessor : Loading config from file C:\Users\duffb\.pyenv\pyenv-win\versions\3.11.0\Lib\site-packages\mpf\modes\attract\config\attract.yaml.
2025-03-26 17:08:47,469 : INFO : ConfigProcessor : Loading config: C:\Users\duffb\.pyenv\pyenv-win\versions\3.11.0\Lib\site-packages\mpf\modes\attract\config\attract.yaml
2025-03-26 17:08:47,470 : INFO : ConfigProcessor : Loading config from file C:\Users\duffb\OneDrive\Documents\Python Envs\PinBallWW2\Machine\modes\attract\config\attract.yaml.
2025-03-26 17:08:47,487 : INFO : ConfigProcessor : Loading config: C:\Users\duffb\OneDrive\Documents\Python Envs\PinBallWW2\Machine\modes\attract\config\attract.yaml
2025-03-26 17:08:47,488 : INFO : ConfigProcessor : Config file cache created: C:\Users\duffb\AppData\Local\Temp\57436ac5a1d6987bec024b22c26224c9.mpf_cache
2025-03-26 17:08:47,489 : INFO : ConfigProcessor : Loading config from cache: C:\Users\duffb\AppData\Local\Temp\9f058d482eac17116727d62a93500be7.mpf_cache
2025-03-26 17:08:47,511 : INFO : ConfigProcessor : Loading config from file C:\Users\duffb\OneDrive\Documents\Python Envs\PinBallWW2\Machine\modes\intro\config\intro.yaml.
2025-03-26 17:08:47,524 : INFO : ConfigProcessor : Loading config: C:\Users\duffb\OneDrive\Documents\Python Envs\PinBallWW2\Machine\modes\intro\config\intro.yaml
2025-03-26 17:08:47,526 : INFO : ConfigProcessor : Config file cache created: C:\Users\duffb\AppData\Local\Temp\a57bf2deafea9d0c48f2b549588afb8f.mpf_cache
2025-03-26 17:08:47,528 : INFO : ConfigProcessor : Loading config from file C:\Users\duffb\OneDrive\Documents\Python Envs\PinBallWW2\Machine\modes\base\config\base.yaml.
2025-03-26 17:08:47,564 : INFO : ConfigProcessor : Loading config: C:\Users\duffb\OneDrive\Documents\Python Envs\PinBallWW2\Machine\modes\base\config\base.yaml
2025-03-26 17:08:47,568 : INFO : ConfigProcessor : Config file cache created: C:\Users\duffb\AppData\Local\Temp\a4959e26ff70c35d33735eba74b3ed2f.mpf_cache
2025-03-26 17:08:47,574 : INFO : ConfigProcessor : Loading config from file C:\Users\duffb\OneDrive\Documents\Python Envs\PinBallWW2\Machine\modes\attract\shows\.\attract_display_loop.yaml.
2025-03-26 17:08:47,618 : INFO : ConfigProcessor : Loading config: C:\Users\duffb\OneDrive\Documents\Python Envs\PinBallWW2\Machine\modes\attract\shows\.\attract_display_loop.yaml
2025-03-26 17:08:47,620 : INFO : ConfigProcessor : Config file cache created: C:\Users\duffb\AppData\Local\Temp\447b095cdea1894939e050b87751f450.mpf_cache
2025-03-26 17:08:47,621 : INFO : ConfigProcessor : Loading config from file C:\Users\duffb\OneDrive\Documents\Python Envs\PinBallWW2\Machine\modes\attract\shows\.\attract_playfieldLED_show.yaml.
2025-03-26 17:08:47,699 : INFO : ConfigProcessor : Loading config: C:\Users\duffb\OneDrive\Documents\Python Envs\PinBallWW2\Machine\modes\attract\shows\.\attract_playfieldLED_show.yaml
2025-03-26 17:08:47,700 : INFO : ConfigProcessor : Config file cache created: C:\Users\duffb\AppData\Local\Temp\e56c33822e04246aeb7d2b9b0d76cf4c.mpf_cache
2025-03-26 17:08:47,702 : INFO : ConfigProcessor : Loading config from file C:\Users\duffb\OneDrive\Documents\Python Envs\PinBallWW2\Machine\modes\intro\shows\.\intro_display_loop.yaml.
2025-03-26 17:08:47,716 : INFO : ConfigProcessor : Loading config: C:\Users\duffb\OneDrive\Documents\Python Envs\PinBallWW2\Machine\modes\intro\shows\.\intro_display_loop.yaml
2025-03-26 17:08:47,717 : INFO : ConfigProcessor : Config file cache created: C:\Users\duffb\AppData\Local\Temp\d68443c13949f04c0e597aa1b21d5d5c.mpf_cache
2025-03-26 17:08:47,719 : INFO : ConfigProcessor : Loading config from file C:\Users\duffb\OneDrive\Documents\Python Envs\PinBallWW2\Machine\modes\intro\shows\.\intro_show.yaml.
2025-03-26 17:08:47,731 : INFO : ConfigProcessor : Loading config: C:\Users\duffb\OneDrive\Documents\Python Envs\PinBallWW2\Machine\modes\intro\shows\.\intro_show.yaml
2025-03-26 17:08:47,732 : INFO : ConfigProcessor : Config file cache created: C:\Users\duffb\AppData\Local\Temp\0a502ada45cf113ccd9829cd89213340.mpf_cache
2025-03-26 17:08:47,733 : INFO : Machine : Mission Pinball Framework Core Engine v0.57.0
2025-03-26 17:08:47,733 : INFO : Machine : Command line arguments: {'no_load_cache': False, 'create_config_cache': True, 'bcp': False, 'configfile': ['config.yaml'], 'force_assets_load': False, 'platform_integration_test': False, 'jsonlogging': False, 'logfile': 'logs\\2025-03-26-17-08-47-mpf-T0SHIII.log', 'pause': False, 'production': False, 'text_ui': True, 'loglevel': 15, 'consoleloglevel': 20, 'force_platform': 'virtual', 'syslog_address': None, 'mc_file_name': None, 'no_sound': False}
2025-03-26 17:08:47,733 : INFO : Machine : MPF path: C:\Users\duffb\.pyenv\pyenv-win\versions\3.11.0\Lib\site-packages\mpf
2025-03-26 17:08:47,733 : INFO : Machine : Machine path: C:\Users\duffb\OneDrive\Documents\Python Envs\PinBallWW2\Machine
2025-03-26 17:08:47,733 : INFO : Machine : Platform: win32
2025-03-26 17:08:47,733 : INFO : Machine : Python executable location: C:\Users\duffb\.pyenv\pyenv-win\versions\3.11.0\python.exe
2025-03-26 17:08:47,733 : INFO : Machine : Python version: 3.11.0 (64-bit)
2025-03-26 17:08:47,736 : INFO : Machine : Initializing MPF...
2025-03-26 17:08:49,203 : INFO : EventManager : Event: ======'machine_var_credits_string'====== Args={'value': 'FREE PLAY', 'prev_value': None, 'change': True}
2025-03-26 17:08:49,366 : INFO : EventManager : Event: ======'machine_var_master_volume'====== Args={'value': 0.5, 'prev_value': None, 'change': True}
2025-03-26 17:08:49,366 : INFO : EventManager : Event: ======'machine_var_player1_score'====== Args={'value': 8000, 'prev_value': None, 'change': True}
2025-03-26 17:08:49,366 : INFO : EventManager : Event: ======'machine_var_player2_score'====== Args={'value': 1000, 'prev_value': None, 'change': True}
2025-03-26 17:08:49,366 : INFO : EventManager : Event: ======'machine_var_mpf_version'====== Args={'value': 'Mission Pinball Framework v0.57.0', 'prev_value': None, 'change': True}
2025-03-26 17:08:49,366 : INFO : EventManager : Event: ======'machine_var_mpf_extended_version'====== Args={'value': 'Mission Pinball Framework v0.57.0, Config version:6, Show version: 6, BCP version:1.1', 'prev_value': None, 'change': True}
2025-03-26 17:08:49,367 : INFO : EventManager : Event: ======'machine_var_python_version'====== Args={'value': '3.11.0', 'prev_value': None, 'change': True}
2025-03-26 17:08:49,384 : INFO : EventManager : Event: ======'machine_var_platform'====== Args={'value': 'Windows-10-10.0.26100-SP0', 'prev_value': None, 'change': True}
2025-03-26 17:08:49,385 : INFO : EventManager : Event: ======'machine_var_platform_system'====== Args={'value': 'Windows', 'prev_value': None, 'change': True}
2025-03-26 17:08:49,385 : INFO : EventManager : Event: ======'machine_var_platform_release'====== Args={'value': '10', 'prev_value': None, 'change': True}
2025-03-26 17:08:49,385 : INFO : EventManager : Event: ======'machine_var_platform_version'====== Args={'value': '10.0.26100', 'prev_value': None, 'change': True}
2025-03-26 17:08:49,385 : INFO : EventManager : Event: ======'machine_var_platform_machine'====== Args={'value': 'AMD64', 'prev_value': None, 'change': True}
2025-03-26 17:08:49,385 : INFO : EventManager : Event: ======'init_phase_1'====== Args={}
2025-03-26 17:08:49,421 : INFO : EventManager : Event: ======'init_phase_2'====== Args={}
2025-03-26 17:08:49,422 : INFO : SwitchController : Found active switch: ('3', <Platform.Virtual>) <switch.s_trough1>
2025-03-26 17:08:49,422 : INFO : SwitchController : Found active switch: ('4', <Platform.Virtual>) <switch.s_trough2>
2025-03-26 17:08:49,422 : INFO : SwitchController : Found active switch: ('5', <Platform.Virtual>) <switch.s_trough3>
2025-03-26 17:08:49,425 : INFO : ball_device.bd_trough : BCH: Initial count: 3
2025-03-26 17:08:49,425 : INFO : ball_device.bd_trough : State: idle
2025-03-26 17:08:49,425 : INFO : ball_device.bd_plunger_lane : BCH: Initial count: 0
2025-03-26 17:08:49,425 : INFO : ball_device.bd_plunger_lane : State: idle
2025-03-26 17:08:49,449 : INFO : EventManager : Event: ======'init_phase_3'====== Args={}
2025-03-26 17:08:49,460 : INFO : EventManager : Event: ======'init_phase_4'====== Args={}
2025-03-26 17:08:49,460 : INFO : BallController : Initial balls found: 3
2025-03-26 17:08:49,462 : INFO : EventManager : Event: ======'machine_var_audits_events_game_ended'====== Args={'value': 13, 'prev_value': None, 'change': True}
2025-03-26 17:08:49,462 : INFO : EventManager : Event: ======'machine_var_audits_events_game_started'====== Args={'value': 79, 'prev_value': None, 'change': True}
2025-03-26 17:08:49,462 : INFO : EventManager : Event: ======'machine_var_audits_missing_switches_s_Lane2'====== Args={'value': 7, 'prev_value': None, 'change': True}
2025-03-26 17:08:49,462 : INFO : EventManager : Event: ======'machine_var_audits_missing_switches_s_Lane3'====== Args={'value': 7, 'prev_value': None, 'change': True}
2025-03-26 17:08:49,462 : INFO : EventManager : Event: ======'machine_var_audits_missing_switches_s_Target4'====== Args={'value': 6, 'prev_value': None, 'change': True}
2025-03-26 17:08:49,462 : INFO : EventManager : Event: ======'machine_var_audits_missing_switches_s_drain'====== Args={'value': 6, 'prev_value': None, 'change': True}
2025-03-26 17:08:49,462 : INFO : EventManager : Event: ======'machine_var_audits_missing_switches_s_left_flipper'====== Args={'value': 27, 'prev_value': None, 'change': True}
2025-03-26 17:08:49,462 : INFO : EventManager : Event: ======'machine_var_audits_missing_switches_s_right_flipper'====== Args={'value': 27, 'prev_value': None, 'change': True}
2025-03-26 17:08:49,462 : INFO : EventManager : Event: ======'machine_var_audits_missing_switches_s_start_button'====== Args={'value': 14, 'prev_value': None, 'change': True}
2025-03-26 17:08:49,463 : INFO : EventManager : Event: ======'machine_var_audits_missing_switches_s_trough1'====== Args={'value': 32, 'prev_value': None, 'change': True}
2025-03-26 17:08:49,463 : INFO : EventManager : Event: ======'machine_var_audits_missing_switches_s_trough2'====== Args={'value': 35, 'prev_value': None, 'change': True}
2025-03-26 17:08:49,463 : INFO : EventManager : Event: ======'machine_var_audits_missing_switches_s_trough3'====== Args={'value': 39, 'prev_value': None, 'change': True}
2025-03-26 17:08:49,463 : INFO : EventManager : Event: ======'machine_var_audits_missing_switches_s_trough_enter'====== Args={'value': 34, 'prev_value': None, 'change': True}
2025-03-26 17:08:49,463 : INFO : EventManager : Event: ======'machine_var_audits_player_score'====== Args={'value': {'average': 124, 'top': [8000, 1000, 0, 0, 0, 0, 0, 0, 0, 0], 'total': 16}, 'prev_value': None, 'change': True}
2025-03-26 17:08:49,463 : INFO : EventManager : Event: ======'machine_var_audits_switches_s_Lane1'====== Args={'value': 50, 'prev_value': None, 'change': True}
2025-03-26 17:08:49,463 : INFO : EventManager : Event: ======'machine_var_audits_switches_s_Lane2'====== Args={'value': 26, 'prev_value': None, 'change': True}
2025-03-26 17:08:49,463 : INFO : EventManager : Event: ======'machine_var_audits_switches_s_Lane3'====== Args={'value': 24, 'prev_value': None, 'change': True}
2025-03-26 17:08:49,463 : INFO : EventManager : Event: ======'machine_var_audits_switches_s_Lane4'====== Args={'value': 32, 'prev_value': None, 'change': True}
2025-03-26 17:08:49,463 : INFO : EventManager : Event: ======'machine_var_audits_switches_s_Target1'====== Args={'value': 70, 'prev_value': None, 'change': True}
2025-03-26 17:08:49,464 : INFO : EventManager : Event: ======'machine_var_audits_switches_s_Target2'====== Args={'value': 63, 'prev_value': None, 'change': True}
2025-03-26 17:08:49,464 : INFO : EventManager : Event: ======'machine_var_audits_switches_s_Target3'====== Args={'value': 70, 'prev_value': None, 'change': True}
2025-03-26 17:08:49,464 : INFO : EventManager : Event: ======'machine_var_audits_switches_s_Target4'====== Args={'value': 58, 'prev_value': None, 'change': True}
2025-03-26 17:08:49,464 : INFO : EventManager : Event: ======'machine_var_audits_switches_s_drain'====== Args={'value': 0, 'prev_value': None, 'change': True}
2025-03-26 17:08:49,464 : INFO : EventManager : Event: ======'machine_var_audits_switches_s_launcher_button'====== Args={'value': 178, 'prev_value': None, 'change': True}
2025-03-26 17:08:49,464 : INFO : EventManager : Event: ======'machine_var_audits_switches_s_left_flipper'====== Args={'value': 103, 'prev_value': None, 'change': True}
2025-03-26 17:08:49,464 : INFO : EventManager : Event: ======'machine_var_audits_switches_s_playfield_entry'====== Args={'value': 214, 'prev_value': None, 'change': True}
2025-03-26 17:08:49,464 : INFO : EventManager : Event: ======'machine_var_audits_switches_s_plunger_lane'====== Args={'value': 163, 'prev_value': None, 'change': True}
2025-03-26 17:08:49,465 : INFO : EventManager : Event: ======'machine_var_audits_switches_s_pointTarget'====== Args={'value': 193, 'prev_value': None, 'change': True}
2025-03-26 17:08:49,465 : INFO : EventManager : Event: ======'machine_var_audits_switches_s_right_flipper'====== Args={'value': 95, 'prev_value': None, 'change': True}
2025-03-26 17:08:49,465 : INFO : EventManager : Event: ======'machine_var_audits_switches_s_start_button'====== Args={'value': 0, 'prev_value': None, 'change': True}
2025-03-26 17:08:49,465 : INFO : EventManager : Event: ======'machine_var_audits_switches_s_trough1'====== Args={'value': 109, 'prev_value': None, 'change': True}
2025-03-26 17:08:49,465 : INFO : EventManager : Event: ======'machine_var_audits_switches_s_trough2'====== Args={'value': 17, 'prev_value': None, 'change': True}
2025-03-26 17:08:49,465 : INFO : EventManager : Event: ======'machine_var_audits_switches_s_trough3'====== Args={'value': 14, 'prev_value': None, 'change': True}
2025-03-26 17:08:49,466 : INFO : EventManager : Event: ======'machine_var_audits_switches_s_trough_enter'====== Args={'value': 1, 'prev_value': None, 'change': True}
2025-03-26 17:08:49,466 : INFO : EventManager : Event: ======'init_phase_5'====== Args={}
2025-03-26 17:08:49,503 : INFO : EventManager : Event: ======'init_done'====== Args={}
2025-03-26 17:08:49,503 : INFO : EventManager : Event: ======'machine_reset_phase_1'====== Args={}
2025-03-26 17:08:49,503 : INFO : EventManager : Event: ======'machine_reset_phase_2'====== Args={}
2025-03-26 17:08:49,503 : INFO : EventManager : Event: ======'machine_reset_phase_3'====== Args={}
2025-03-26 17:08:49,503 : INFO : EventManager : Event: ======'reset_complete'====== Args={}
2025-03-26 17:08:49,503 : INFO : EventManager : Event: ======'mode_attract_will_start'====== Args={}
2025-03-26 17:08:49,503 : INFO : EventManager : Event: ======'mode_attract_starting'====== Args={}
2025-03-26 17:08:49,503 : INFO : Mode.attract : Started. Priority: 10
2025-03-26 17:08:49,503 : INFO : EventManager : Event: ======'modes_active_modes_changed'====== Args={}
2025-03-26 17:08:49,504 : INFO : EventManager : Event: ======'mode_attract_started'====== Args={}
2025-03-26 17:08:49,504 : INFO : EventManager : Event: ======'cmd_flipper_disable'====== Args={'priority': 0}
2025-03-26 17:08:49,504 : INFO : EventManager : Event: ======'cmd_launcher_disable'====== Args={'priority': 0}
2025-03-26 17:08:49,504 : INFO : EventManager : Event: ======'collecting_balls_complete'====== Args={}
2025-03-26 17:08:49,524 : INFO : Machine : Starting the main run loop.
2025-03-26 17:08:52,891 : INFO : Machine : Shutting down...
2025-03-26 17:08:52,892 : INFO : EventManager : Event: ======'shutdown'====== Args={}
2025-03-26 17:08:52,903 : INFO : root : MPF run loop ended.
