2025-03-05 21:45:04,297 : INFO : root : Loading config.
2025-03-05 21:45:04,301 : INFO : YamlMultifileConfigLoader : Machine config file #1: config.yaml
2025-03-05 21:45:04,302 : WARNING : ConfigProcessor : Config file in cache changed: C:\Users\duffb\OneDrive\Documents\Python Envs\PinBallWW1\Machine\config\config.yaml
2025-03-05 21:45:04,302 : INFO : ConfigProcessor : Loading config from file C:\Users\duffb\.pyenv\pyenv-win\versions\3.11.0\Lib\site-packages\mpf\mpfconfig.yaml.
2025-03-05 21:45:04,311 : INFO : ConfigProcessor : Loading config: C:\Users\duffb\.pyenv\pyenv-win\versions\3.11.0\Lib\site-packages\mpf\mpfconfig.yaml
2025-03-05 21:45:04,312 : INFO : ConfigProcessor : Loading config from file C:\Users\duffb\OneDrive\Documents\Python Envs\PinBallWW1\Machine\config\config.yaml.
2025-03-05 21:45:04,335 : INFO : ConfigProcessor : Loading config: C:\Users\duffb\OneDrive\Documents\Python Envs\PinBallWW1\Machine\config\config.yaml
2025-03-05 21:45:04,337 : INFO : ConfigProcessor : Config file cache created: C:\Users\duffb\AppData\Local\Temp\cadfdee4981114acd6fff59d1071b59b.mpf_cache
2025-03-05 21:45:04,434 : INFO : ConfigProcessor : Loading config from cache: C:\Users\duffb\AppData\Local\Temp\2d51d76727b268a801d8dd7a18b89879.mpf_cache
2025-03-05 21:45:04,435 : INFO : ConfigProcessor : Loading config from cache: C:\Users\duffb\AppData\Local\Temp\9f058d482eac17116727d62a93500be7.mpf_cache
2025-03-05 21:45:04,435 : INFO : Machine : Mission Pinball Framework Core Engine v0.57.0
2025-03-05 21:45:04,435 : INFO : Machine : Command line arguments: {'no_load_cache': False, 'create_config_cache': True, 'bcp': True, 'configfile': ['config.yaml'], 'force_assets_load': False, 'platform_integration_test': False, 'jsonlogging': False, 'logfile': 'logs\\2025-03-05-21-45-04-mpf-T0SHIII.log', 'pause': False, 'production': False, 'text_ui': True, 'loglevel': 15, 'consoleloglevel': 20, 'force_platform': None, 'syslog_address': None, 'mc_file_name': None, 'no_sound': False}
2025-03-05 21:45:04,435 : INFO : Machine : MPF path: C:\Users\duffb\.pyenv\pyenv-win\versions\3.11.0\Lib\site-packages\mpf
2025-03-05 21:45:04,435 : INFO : Machine : Machine path: C:\Users\duffb\OneDrive\Documents\Python Envs\PinBallWW1\Machine
2025-03-05 21:45:04,435 : INFO : Machine : Platform: win32
2025-03-05 21:45:04,435 : INFO : Machine : Python executable location: C:\Users\duffb\.pyenv\pyenv-win\versions\3.11.0\python.exe
2025-03-05 21:45:04,435 : INFO : Machine : Python version: 3.11.0 (64-bit)
2025-03-05 21:45:04,437 : INFO : Machine : Initializing MPF...
2025-03-05 21:45:04,636 : INFO : EventManager : Event: ======'machine_var_credits_string'====== Args={'value': 'FREE PLAY', 'prev_value': None, 'change': True}
2025-03-05 21:45:04,690 : INFO : EventManager : Event: ======'machine_var_master_volume'====== Args={'value': 0.5, 'prev_value': None, 'change': True}
2025-03-05 21:45:04,691 : INFO : EventManager : Event: ======'machine_var_mpf_version'====== Args={'value': 'Mission Pinball Framework v0.57.0', 'prev_value': None, 'change': True}
2025-03-05 21:45:04,691 : INFO : EventManager : Event: ======'machine_var_mpf_extended_version'====== Args={'value': 'Mission Pinball Framework v0.57.0, Config version:6, Show version: 6, BCP version:1.1', 'prev_value': None, 'change': True}
2025-03-05 21:45:04,691 : INFO : EventManager : Event: ======'machine_var_python_version'====== Args={'value': '3.11.0', 'prev_value': None, 'change': True}
2025-03-05 21:45:04,702 : INFO : EventManager : Event: ======'machine_var_platform'====== Args={'value': 'Windows-10-10.0.26100-SP0', 'prev_value': None, 'change': True}
2025-03-05 21:45:04,702 : INFO : EventManager : Event: ======'machine_var_platform_system'====== Args={'value': 'Windows', 'prev_value': None, 'change': True}
2025-03-05 21:45:04,702 : INFO : EventManager : Event: ======'machine_var_platform_release'====== Args={'value': '10', 'prev_value': None, 'change': True}
2025-03-05 21:45:04,702 : INFO : EventManager : Event: ======'machine_var_platform_version'====== Args={'value': '10.0.26100', 'prev_value': None, 'change': True}
2025-03-05 21:45:04,702 : INFO : EventManager : Event: ======'machine_var_platform_machine'====== Args={'value': 'AMD64', 'prev_value': None, 'change': True}
2025-03-05 21:45:04,702 : INFO : EventManager : Event: ======'init_phase_1'====== Args={}
2025-03-05 21:45:04,718 : INFO : EventManager : Event: ======'init_phase_2'====== Args={}
2025-03-05 21:45:04,719 : INFO : SwitchController : Found active switch: ('8', <Platform.SmartVirtual>) <switch.s_trough_enter>
2025-03-05 21:45:04,719 : INFO : SwitchController : Found active switch: ('7', <Platform.SmartVirtual>) <switch.s_trough1>
2025-03-05 21:45:04,719 : INFO : SwitchController : Found active switch: ('10', <Platform.SmartVirtual>) <switch.s_trough2>
2025-03-05 21:45:04,719 : INFO : SwitchController : Found active switch: ('11', <Platform.SmartVirtual>) <switch.s_trough3>
2025-03-05 21:45:04,720 : INFO : EventManager : Event: ======'bcp_connection_attempt'====== Args={'name': 'local_display', 'host': 'localhost', 'port': 5050}
2025-03-05 21:45:04,722 : INFO : BCPClientSocket : Connecting BCP to 'local_display' at localhost:5050...
2025-03-05 21:45:06,783 : INFO : BCPClientSocket : Connected BCP to 'local_display' localhost:5050
2025-03-05 21:45:06,785 : INFO : EventManager : Event: ======'bcp_clients_connected'====== Args={}
2025-03-05 21:45:06,899 : INFO : EventManager : Event: ======'machine_var_mc_version'====== Args={'value': 'MPF-MC v0.57.1', 'prev_value': None, 'change': True}
2025-03-05 21:45:06,900 : INFO : EventManager : Event: ======'machine_var_mc_extended_version'====== Args={'value': 'MPF-MC v0.57.1 (config_version=6, BCP v1.1,                      Requires MPF API compatibility v0.57.0 or newer)', 'prev_value': None, 'change': True}
2025-03-05 21:45:06,901 : INFO : ball_device.bd_drain : BCH: Initial count: 0
2025-03-05 21:45:06,923 : INFO : ball_device.bd_drain : State: idle
2025-03-05 21:45:06,923 : INFO : ball_device.bd_trough : BCH: Initial count: 3
2025-03-05 21:45:06,923 : INFO : ball_device.bd_trough : State: idle
2025-03-05 21:45:06,923 : INFO : ball_device.bd_plunger_lane : BCH: Initial count: 0
2025-03-05 21:45:06,924 : INFO : ball_device.bd_plunger_lane : State: idle
2025-03-05 21:45:06,930 : INFO : EventManager : Event: ======'init_phase_3'====== Args={}
2025-03-05 21:45:06,932 : INFO : EventManager : Event: ======'init_phase_4'====== Args={}
2025-03-05 21:45:06,932 : INFO : BallController : Initial balls found: 3
2025-03-05 21:45:06,932 : INFO : EventManager : Event: ======'machine_var_audits_switches_s_right_flipper'====== Args={'value': 0, 'prev_value': None, 'change': True}
2025-03-05 21:45:06,933 : INFO : EventManager : Event: ======'machine_var_audits_switches_s_launcher_button'====== Args={'value': 0, 'prev_value': None, 'change': True}
2025-03-05 21:45:06,933 : INFO : EventManager : Event: ======'machine_var_audits_switches_s_playfield_entry'====== Args={'value': 0, 'prev_value': None, 'change': True}
2025-03-05 21:45:06,933 : INFO : EventManager : Event: ======'machine_var_audits_switches_s_trough2'====== Args={'value': 0, 'prev_value': None, 'change': True}
2025-03-05 21:45:06,933 : INFO : EventManager : Event: ======'machine_var_audits_switches_s_trough1'====== Args={'value': 0, 'prev_value': None, 'change': True}
2025-03-05 21:45:06,933 : INFO : EventManager : Event: ======'machine_var_audits_switches_s_left_flipper'====== Args={'value': 0, 'prev_value': None, 'change': True}
2025-03-05 21:45:06,933 : INFO : EventManager : Event: ======'machine_var_audits_switches_s_trough3'====== Args={'value': 0, 'prev_value': None, 'change': True}
2025-03-05 21:45:06,933 : INFO : EventManager : Event: ======'machine_var_audits_switches_s_drain'====== Args={'value': 0, 'prev_value': None, 'change': True}
2025-03-05 21:45:06,933 : INFO : EventManager : Event: ======'machine_var_audits_switches_s_plunger_lane'====== Args={'value': 0, 'prev_value': None, 'change': True}
2025-03-05 21:45:06,933 : INFO : EventManager : Event: ======'machine_var_audits_switches_s_trough_enter'====== Args={'value': 0, 'prev_value': None, 'change': True}
2025-03-05 21:45:06,933 : INFO : EventManager : Event: ======'machine_var_audits_events_game_started'====== Args={'value': 0, 'prev_value': None, 'change': True}
2025-03-05 21:45:06,934 : INFO : EventManager : Event: ======'machine_var_audits_events_game_ended'====== Args={'value': 0, 'prev_value': None, 'change': True}
2025-03-05 21:45:06,934 : INFO : EventManager : Event: ======'machine_var_audits_player_score'====== Args={'value': {'top': [], 'average': 0, 'total': 0}, 'prev_value': None, 'change': True}
2025-03-05 21:45:06,934 : INFO : EventManager : Event: ======'init_phase_5'====== Args={}
2025-03-05 21:45:06,946 : INFO : EventManager : Event: ======'init_done'====== Args={}
2025-03-05 21:45:06,947 : INFO : EventManager : Event: ======'machine_reset_phase_1'====== Args={}
2025-03-05 21:45:06,949 : INFO : EventManager : Event: ======'slide_welcome_slide_removed'====== Args={'_from_bcp': True}
2025-03-05 21:45:06,950 : INFO : EventManager : Event: ======'slide_welcome_slide_created'====== Args={'_from_bcp': True}
2025-03-05 21:45:06,951 : INFO : EventManager : Event: ======'slide_welcome_slide_active'====== Args={'_from_bcp': True}
2025-03-05 21:45:06,951 : INFO : EventManager : Event: ======'machine_reset_phase_2'====== Args={}
2025-03-05 21:45:06,951 : INFO : EventManager : Event: ======'machine_reset_phase_3'====== Args={}
2025-03-05 21:45:06,951 : INFO : EventManager : Event: ======'reset_complete'====== Args={}
2025-03-05 21:45:06,951 : INFO : EventManager : Event: ======'mode_attract_will_start'====== Args={}
2025-03-05 21:45:06,952 : INFO : EventManager : Event: ======'mode_attract_starting'====== Args={}
2025-03-05 21:45:06,952 : INFO : Mode.attract : Started. Priority: 10
2025-03-05 21:45:06,952 : INFO : EventManager : Event: ======'modes_active_modes_changed'====== Args={}
2025-03-05 21:45:06,952 : INFO : EventManager : Event: ======'mode_attract_started'====== Args={}
2025-03-05 21:45:06,952 : INFO : EventManager : Event: ======'collecting_balls_complete'====== Args={}
2025-03-05 21:45:06,969 : INFO : Machine : Starting the main run loop.
2025-03-05 21:45:09,440 : INFO : SwitchController : <<<<<<< 's_right_flipper' active >>>>>>>
2025-03-05 21:45:09,581 : INFO : SwitchController : <<<<<<< 's_right_flipper' inactive >>>>>>>
2025-03-05 21:45:11,813 : INFO : SwitchController : <<<<<<< 's_playfield_entry' active >>>>>>>
2025-03-05 21:45:11,814 : INFO : EventManager : Event: ======'sw_playfield_active'====== Args={}
2025-03-05 21:45:11,814 : INFO : EventManager : Event: ======'playfield_active'====== Args={}
2025-03-05 21:45:11,815 : INFO : EventManager : Event: ======'unexpected_ball_on_playfield'====== Args={}
2025-03-05 21:45:11,950 : INFO : SwitchController : <<<<<<< 's_playfield_entry' inactive >>>>>>>
2025-03-05 21:45:13,149 : INFO : SwitchController : <<<<<<< 's_launcher_button' active >>>>>>>
2025-03-05 21:45:13,322 : INFO : SwitchController : <<<<<<< 's_launcher_button' inactive >>>>>>>
2025-03-05 21:45:13,842 : INFO : SwitchController : <<<<<<< 's_playfield_entry' active >>>>>>>
2025-03-05 21:45:13,842 : INFO : EventManager : Event: ======'sw_playfield_active'====== Args={}
2025-03-05 21:45:13,844 : INFO : EventManager : Event: ======'playfield_active'====== Args={}
2025-03-05 21:45:13,844 : INFO : EventManager : Event: ======'unexpected_ball_on_playfield'====== Args={}
2025-03-05 21:45:14,057 : INFO : SwitchController : <<<<<<< 's_playfield_entry' inactive >>>>>>>
2025-03-05 21:45:14,360 : INFO : SwitchController : <<<<<<< 's_playfield_entry' active >>>>>>>
2025-03-05 21:45:14,361 : INFO : EventManager : Event: ======'sw_playfield_active'====== Args={}
2025-03-05 21:45:14,362 : INFO : EventManager : Event: ======'playfield_active'====== Args={}
2025-03-05 21:45:14,362 : INFO : EventManager : Event: ======'unexpected_ball_on_playfield'====== Args={}
2025-03-05 21:45:14,562 : INFO : SwitchController : <<<<<<< 's_playfield_entry' inactive >>>>>>>
2025-03-05 21:45:14,781 : INFO : SwitchController : <<<<<<< 's_launcher_button' active >>>>>>>
2025-03-05 21:45:14,971 : INFO : SwitchController : <<<<<<< 's_launcher_button' inactive >>>>>>>
2025-03-05 21:45:15,333 : INFO : SwitchController : <<<<<<< 's_launcher_button' active >>>>>>>
2025-03-05 21:45:15,500 : INFO : SwitchController : <<<<<<< 's_launcher_button' inactive >>>>>>>
2025-03-05 21:45:15,640 : INFO : SwitchController : <<<<<<< 's_launcher_button' active >>>>>>>
2025-03-05 21:45:15,790 : INFO : SwitchController : <<<<<<< 's_launcher_button' inactive >>>>>>>
2025-03-05 21:45:15,892 : INFO : SwitchController : <<<<<<< 's_launcher_button' active >>>>>>>
2025-03-05 21:45:16,026 : INFO : SwitchController : <<<<<<< 's_launcher_button' inactive >>>>>>>
2025-03-05 21:45:17,310 : INFO : SwitchController : <<<<<<< 's_trough3' inactive >>>>>>>
2025-03-05 21:45:22,829 : INFO : EventManager : Event: ======'balldevice_bd_trough_ball_count_changed'====== Args={'balls': 2}
2025-03-05 21:45:22,830 : WARNING : ball_device.bd_trough : Ball disappeared while idle. This should not normally happen.
2025-03-05 21:45:22,830 : INFO : EventManager : Event: ======'balldevice_playfield_ball_enter'====== Args={'new_balls': 1, 'unclaimed_balls': 1, 'device': <playfield.playfield>}
2025-03-05 21:45:22,830 : INFO : EventManager : Event: ======'playfield_ball_count_change'====== Args={'balls': 1, 'change': 1}
2025-03-05 21:45:22,831 : INFO : ball_device.bd_trough : 1 ball(s) missing from device. Mechanical eject? False
2025-03-05 21:45:22,831 : INFO : EventManager : Event: ======'balldevice_bd_trough_ball_missing'====== Args={'balls': 1}
2025-03-05 21:45:22,832 : INFO : EventManager : Event: ======'balldevice_ball_missing'====== Args={'balls': 1, 'name': 'bd_trough'}
2025-03-05 21:45:26,370 : INFO : SwitchController : <<<<<<< 's_trough2' inactive >>>>>>>
2025-03-05 21:45:31,899 : INFO : EventManager : Event: ======'balldevice_bd_trough_ball_count_changed'====== Args={'balls': 1}
2025-03-05 21:45:31,900 : WARNING : ball_device.bd_trough : Ball disappeared while idle. This should not normally happen.
2025-03-05 21:45:31,900 : INFO : EventManager : Event: ======'balldevice_playfield_ball_enter'====== Args={'new_balls': 1, 'unclaimed_balls': 1, 'device': <playfield.playfield>}
2025-03-05 21:45:31,902 : INFO : EventManager : Event: ======'playfield_ball_count_change'====== Args={'balls': 2, 'change': 1}
2025-03-05 21:45:31,902 : INFO : ball_device.bd_trough : 1 ball(s) missing from device. Mechanical eject? False
2025-03-05 21:45:31,903 : INFO : EventManager : Event: ======'balldevice_bd_trough_ball_missing'====== Args={'balls': 1}
2025-03-05 21:45:31,904 : INFO : EventManager : Event: ======'balldevice_ball_missing'====== Args={'balls': 1, 'name': 'bd_trough'}
2025-03-05 21:45:33,992 : INFO : SwitchController : <<<<<<< 's_trough2' active >>>>>>>
2025-03-05 21:45:34,483 : INFO : EventManager : Event: ======'balldevice_bd_trough_ball_count_changed'====== Args={'balls': 2}
2025-03-05 21:45:34,483 : INFO : ball_device.bd_trough : Received unexpected ball
2025-03-05 21:45:34,483 : INFO : EventManager : Event: ======'balldevice_captured_from_playfield'====== Args={'balls': 1}
2025-03-05 21:45:34,484 : INFO : EventManager : Event: ======'sw_playfield_active'====== Args={'balls': 1}
2025-03-05 21:45:34,485 : INFO : EventManager : Event: ======'playfield_ball_count_change'====== Args={'balls': 1, 'change': -1}
2025-03-05 21:45:34,488 : INFO : EventManager : Event: ======'balldevice_bd_trough_ball_enter'====== Args={'new_balls': 1, 'unclaimed_balls': 1, 'new_available_balls': 1, 'device': <ball_device.bd_trough>}
2025-03-05 21:45:34,489 : INFO : EventManager : Event: ======'ball_drain'====== Args={'device': <ball_device.bd_trough>, 'balls': 1}
2025-03-05 21:45:34,489 : INFO : EventManager : Event: ======'balldevice_balls_available'====== Args={}
2025-03-05 21:45:34,490 : INFO : EventManager : Event: ======'balldevice_bd_trough_ball_entered'====== Args={'new_balls': 1, 'device': <ball_device.bd_trough>}
2025-03-05 21:45:35,093 : INFO : SwitchController : <<<<<<< 's_trough3' active >>>>>>>
2025-03-05 21:45:35,605 : INFO : EventManager : Event: ======'balldevice_bd_trough_ball_count_changed'====== Args={'balls': 3}
2025-03-05 21:45:35,605 : INFO : ball_device.bd_trough : Received unexpected ball
2025-03-05 21:45:35,607 : INFO : EventManager : Event: ======'balldevice_captured_from_playfield'====== Args={'balls': 1}
2025-03-05 21:45:35,607 : INFO : EventManager : Event: ======'sw_playfield_active'====== Args={'balls': 1}
2025-03-05 21:45:35,608 : INFO : EventManager : Event: ======'playfield_ball_count_change'====== Args={'balls': 0, 'change': -1}
2025-03-05 21:45:35,610 : INFO : EventManager : Event: ======'balldevice_bd_trough_ball_enter'====== Args={'new_balls': 1, 'unclaimed_balls': 1, 'new_available_balls': 1, 'device': <ball_device.bd_trough>}
2025-03-05 21:45:35,610 : INFO : EventManager : Event: ======'ball_drain'====== Args={'device': <ball_device.bd_trough>, 'balls': 1}
2025-03-05 21:45:35,611 : INFO : EventManager : Event: ======'balldevice_balls_available'====== Args={}
2025-03-05 21:45:35,612 : INFO : EventManager : Event: ======'balldevice_bd_trough_ball_entered'====== Args={'new_balls': 1, 'device': <ball_device.bd_trough>}
2025-03-05 21:45:36,962 : INFO : SwitchController : <<<<<<< 's_trough1' inactive >>>>>>>
2025-03-05 21:45:42,493 : INFO : EventManager : Event: ======'balldevice_bd_trough_ball_count_changed'====== Args={'balls': 2}
2025-03-05 21:45:42,496 : WARNING : ball_device.bd_trough : Ball disappeared while idle. This should not normally happen.
2025-03-05 21:45:42,497 : INFO : EventManager : Event: ======'balldevice_playfield_ball_enter'====== Args={'new_balls': 1, 'unclaimed_balls': 1, 'device': <playfield.playfield>}
2025-03-05 21:45:42,498 : INFO : EventManager : Event: ======'playfield_ball_count_change'====== Args={'balls': 1, 'change': 1}
2025-03-05 21:45:42,499 : INFO : ball_device.bd_trough : 1 ball(s) missing from device. Mechanical eject? False
2025-03-05 21:45:42,499 : INFO : EventManager : Event: ======'balldevice_bd_trough_ball_missing'====== Args={'balls': 1}
2025-03-05 21:45:42,499 : INFO : EventManager : Event: ======'balldevice_ball_missing'====== Args={'balls': 1, 'name': 'bd_trough'}
2025-03-05 21:45:44,441 : INFO : SwitchController : <<<<<<< 's_trough1' active >>>>>>>
2025-03-05 21:45:44,951 : INFO : EventManager : Event: ======'balldevice_bd_trough_ball_count_changed'====== Args={'balls': 3}
2025-03-05 21:45:44,952 : INFO : ball_device.bd_trough : Received unexpected ball
2025-03-05 21:45:44,952 : INFO : EventManager : Event: ======'balldevice_captured_from_playfield'====== Args={'balls': 1}
2025-03-05 21:45:44,953 : INFO : EventManager : Event: ======'sw_playfield_active'====== Args={'balls': 1}
2025-03-05 21:45:44,953 : INFO : EventManager : Event: ======'playfield_ball_count_change'====== Args={'balls': 0, 'change': -1}
2025-03-05 21:45:44,954 : INFO : EventManager : Event: ======'balldevice_bd_trough_ball_enter'====== Args={'new_balls': 1, 'unclaimed_balls': 1, 'new_available_balls': 1, 'device': <ball_device.bd_trough>}
2025-03-05 21:45:44,954 : INFO : EventManager : Event: ======'ball_drain'====== Args={'device': <ball_device.bd_trough>, 'balls': 1}
2025-03-05 21:45:44,954 : INFO : EventManager : Event: ======'balldevice_balls_available'====== Args={}
2025-03-05 21:45:44,955 : INFO : EventManager : Event: ======'balldevice_bd_trough_ball_entered'====== Args={'new_balls': 1, 'device': <ball_device.bd_trough>}
2025-03-05 21:45:45,566 : INFO : Machine : Shutting down...
2025-03-05 21:45:45,566 : INFO : EventManager : Event: ======'shutdown'====== Args={}
2025-03-05 21:45:45,570 : INFO : root : MPF run loop ended.
