2025-03-05 21:52:54,255 : INFO : root : Loading config.
2025-03-05 21:52:54,259 : INFO : YamlMultifileConfigLoader : Machine config file #1: config.yaml
2025-03-05 21:52:54,260 : WARNING : ConfigProcessor : Config file in cache changed: C:\Users\duffb\OneDrive\Documents\Python Envs\PinBallWW1\Machine\config\config.yaml
2025-03-05 21:52:54,261 : INFO : ConfigProcessor : Loading config from file C:\Users\duffb\.pyenv\pyenv-win\versions\3.11.0\Lib\site-packages\mpf\mpfconfig.yaml.
2025-03-05 21:52:54,276 : INFO : ConfigProcessor : Loading config: C:\Users\duffb\.pyenv\pyenv-win\versions\3.11.0\Lib\site-packages\mpf\mpfconfig.yaml
2025-03-05 21:52:54,276 : INFO : ConfigProcessor : Loading config from file C:\Users\duffb\OneDrive\Documents\Python Envs\PinBallWW1\Machine\config\config.yaml.
2025-03-05 21:52:54,293 : INFO : ConfigProcessor : Loading config: C:\Users\duffb\OneDrive\Documents\Python Envs\PinBallWW1\Machine\config\config.yaml
2025-03-05 21:52:54,296 : INFO : ConfigProcessor : Config file cache created: C:\Users\duffb\AppData\Local\Temp\cadfdee4981114acd6fff59d1071b59b.mpf_cache
2025-03-05 21:52:54,381 : INFO : ConfigProcessor : Loading config from cache: C:\Users\duffb\AppData\Local\Temp\2d51d76727b268a801d8dd7a18b89879.mpf_cache
2025-03-05 21:52:54,382 : INFO : ConfigProcessor : Loading config from cache: C:\Users\duffb\AppData\Local\Temp\9f058d482eac17116727d62a93500be7.mpf_cache
2025-03-05 21:52:54,383 : INFO : Machine : Mission Pinball Framework Core Engine v0.57.0
2025-03-05 21:52:54,383 : INFO : Machine : Command line arguments: {'no_load_cache': False, 'create_config_cache': True, 'bcp': True, 'configfile': ['config.yaml'], 'force_assets_load': False, 'platform_integration_test': False, 'jsonlogging': False, 'logfile': 'logs\\2025-03-05-21-52-54-mpf-T0SHIII.log', 'pause': False, 'production': False, 'text_ui': True, 'loglevel': 15, 'consoleloglevel': 20, 'force_platform': None, 'syslog_address': None, 'mc_file_name': None, 'no_sound': False}
2025-03-05 21:52:54,383 : INFO : Machine : MPF path: C:\Users\duffb\.pyenv\pyenv-win\versions\3.11.0\Lib\site-packages\mpf
2025-03-05 21:52:54,383 : INFO : Machine : Machine path: C:\Users\duffb\OneDrive\Documents\Python Envs\PinBallWW1\Machine
2025-03-05 21:52:54,383 : INFO : Machine : Platform: win32
2025-03-05 21:52:54,383 : INFO : Machine : Python executable location: C:\Users\duffb\.pyenv\pyenv-win\versions\3.11.0\python.exe
2025-03-05 21:52:54,383 : INFO : Machine : Python version: 3.11.0 (64-bit)
2025-03-05 21:52:54,385 : INFO : Machine : Initializing MPF...
2025-03-05 21:52:54,539 : INFO : EventManager : Event: ======'machine_var_credits_string'====== Args={'value': 'FREE PLAY', 'prev_value': None, 'change': True}
2025-03-05 21:52:54,578 : INFO : EventManager : Event: ======'machine_var_master_volume'====== Args={'value': 0.5, 'prev_value': None, 'change': True}
2025-03-05 21:52:54,578 : INFO : EventManager : Event: ======'machine_var_mpf_version'====== Args={'value': 'Mission Pinball Framework v0.57.0', 'prev_value': None, 'change': True}
2025-03-05 21:52:54,578 : INFO : EventManager : Event: ======'machine_var_mpf_extended_version'====== Args={'value': 'Mission Pinball Framework v0.57.0, Config version:6, Show version: 6, BCP version:1.1', 'prev_value': None, 'change': True}
2025-03-05 21:52:54,578 : INFO : EventManager : Event: ======'machine_var_python_version'====== Args={'value': '3.11.0', 'prev_value': None, 'change': True}
2025-03-05 21:52:54,589 : INFO : EventManager : Event: ======'machine_var_platform'====== Args={'value': 'Windows-10-10.0.26100-SP0', 'prev_value': None, 'change': True}
2025-03-05 21:52:54,589 : INFO : EventManager : Event: ======'machine_var_platform_system'====== Args={'value': 'Windows', 'prev_value': None, 'change': True}
2025-03-05 21:52:54,589 : INFO : EventManager : Event: ======'machine_var_platform_release'====== Args={'value': '10', 'prev_value': None, 'change': True}
2025-03-05 21:52:54,589 : INFO : EventManager : Event: ======'machine_var_platform_version'====== Args={'value': '10.0.26100', 'prev_value': None, 'change': True}
2025-03-05 21:52:54,589 : INFO : EventManager : Event: ======'machine_var_platform_machine'====== Args={'value': 'AMD64', 'prev_value': None, 'change': True}
2025-03-05 21:52:54,589 : INFO : EventManager : Event: ======'init_phase_1'====== Args={}
2025-03-05 21:52:54,610 : INFO : EventManager : Event: ======'init_phase_2'====== Args={}
2025-03-05 21:52:54,610 : INFO : SwitchController : Found active switch: ('7', <Platform.SmartVirtual>) <switch.s_trough1>
2025-03-05 21:52:54,610 : INFO : SwitchController : Found active switch: ('10', <Platform.SmartVirtual>) <switch.s_trough2>
2025-03-05 21:52:54,610 : INFO : SwitchController : Found active switch: ('11', <Platform.SmartVirtual>) <switch.s_trough3>
2025-03-05 21:52:54,611 : INFO : EventManager : Event: ======'bcp_connection_attempt'====== Args={'name': 'local_display', 'host': 'localhost', 'port': 5050}
2025-03-05 21:52:54,613 : INFO : BCPClientSocket : Connecting BCP to 'local_display' at localhost:5050...
2025-03-05 21:52:56,670 : INFO : BCPClientSocket : Connected BCP to 'local_display' localhost:5050
2025-03-05 21:52:56,671 : INFO : EventManager : Event: ======'bcp_clients_connected'====== Args={}
2025-03-05 21:52:56,770 : INFO : ball_device.bd_drain : BCH: Initial count: 0
2025-03-05 21:52:56,770 : INFO : EventManager : Event: ======'machine_var_mc_version'====== Args={'value': 'MPF-MC v0.57.1', 'prev_value': None, 'change': True}
2025-03-05 21:52:56,771 : INFO : EventManager : Event: ======'machine_var_mc_extended_version'====== Args={'value': 'MPF-MC v0.57.1 (config_version=6, BCP v1.1,                      Requires MPF API compatibility v0.57.0 or newer)', 'prev_value': None, 'change': True}
2025-03-05 21:52:56,772 : INFO : ball_device.bd_drain : State: idle
2025-03-05 21:52:56,794 : INFO : ball_device.bd_trough : BCH: Initial count: 3
2025-03-05 21:52:56,794 : INFO : ball_device.bd_trough : State: idle
2025-03-05 21:52:56,795 : INFO : ball_device.bd_plunger_lane : BCH: Initial count: 0
2025-03-05 21:52:56,795 : INFO : ball_device.bd_plunger_lane : State: idle
2025-03-05 21:52:56,801 : INFO : EventManager : Event: ======'init_phase_3'====== Args={}
2025-03-05 21:52:56,803 : INFO : EventManager : Event: ======'init_phase_4'====== Args={}
2025-03-05 21:52:56,803 : INFO : BallController : Initial balls found: 3
2025-03-05 21:52:56,804 : INFO : EventManager : Event: ======'machine_var_audits_switches_s_trough3'====== Args={'value': 0, 'prev_value': None, 'change': True}
2025-03-05 21:52:56,804 : INFO : EventManager : Event: ======'machine_var_audits_switches_s_plunger_lane'====== Args={'value': 0, 'prev_value': None, 'change': True}
2025-03-05 21:52:56,804 : INFO : EventManager : Event: ======'machine_var_audits_switches_s_drain'====== Args={'value': 0, 'prev_value': None, 'change': True}
2025-03-05 21:52:56,804 : INFO : EventManager : Event: ======'machine_var_audits_switches_s_left_flipper'====== Args={'value': 0, 'prev_value': None, 'change': True}
2025-03-05 21:52:56,804 : INFO : EventManager : Event: ======'machine_var_audits_switches_s_trough2'====== Args={'value': 0, 'prev_value': None, 'change': True}
2025-03-05 21:52:56,804 : INFO : EventManager : Event: ======'machine_var_audits_switches_s_trough_enter'====== Args={'value': 0, 'prev_value': None, 'change': True}
2025-03-05 21:52:56,804 : INFO : EventManager : Event: ======'machine_var_audits_switches_s_playfield_entry'====== Args={'value': 0, 'prev_value': None, 'change': True}
2025-03-05 21:52:56,804 : INFO : EventManager : Event: ======'machine_var_audits_switches_s_right_flipper'====== Args={'value': 0, 'prev_value': None, 'change': True}
2025-03-05 21:52:56,804 : INFO : EventManager : Event: ======'machine_var_audits_switches_s_trough1'====== Args={'value': 0, 'prev_value': None, 'change': True}
2025-03-05 21:52:56,805 : INFO : EventManager : Event: ======'machine_var_audits_switches_s_launcher_button'====== Args={'value': 0, 'prev_value': None, 'change': True}
2025-03-05 21:52:56,805 : INFO : EventManager : Event: ======'machine_var_audits_events_game_started'====== Args={'value': 0, 'prev_value': None, 'change': True}
2025-03-05 21:52:56,805 : INFO : EventManager : Event: ======'machine_var_audits_events_game_ended'====== Args={'value': 0, 'prev_value': None, 'change': True}
2025-03-05 21:52:56,805 : INFO : EventManager : Event: ======'machine_var_audits_player_score'====== Args={'value': {'top': [], 'average': 0, 'total': 0}, 'prev_value': None, 'change': True}
2025-03-05 21:52:56,805 : INFO : EventManager : Event: ======'init_phase_5'====== Args={}
2025-03-05 21:52:56,817 : INFO : EventManager : Event: ======'init_done'====== Args={}
2025-03-05 21:52:56,817 : INFO : EventManager : Event: ======'machine_reset_phase_1'====== Args={}
2025-03-05 21:52:56,821 : INFO : EventManager : Event: ======'slide_welcome_slide_removed'====== Args={'_from_bcp': True}
2025-03-05 21:52:56,822 : INFO : EventManager : Event: ======'slide_welcome_slide_created'====== Args={'_from_bcp': True}
2025-03-05 21:52:56,823 : INFO : EventManager : Event: ======'machine_reset_phase_2'====== Args={}
2025-03-05 21:52:56,823 : INFO : EventManager : Event: ======'machine_reset_phase_3'====== Args={}
2025-03-05 21:52:56,823 : INFO : EventManager : Event: ======'reset_complete'====== Args={}
2025-03-05 21:52:56,823 : INFO : EventManager : Event: ======'mode_attract_will_start'====== Args={}
2025-03-05 21:52:56,824 : INFO : EventManager : Event: ======'mode_attract_starting'====== Args={}
2025-03-05 21:52:56,824 : INFO : Mode.attract : Started. Priority: 10
2025-03-05 21:52:56,824 : INFO : EventManager : Event: ======'modes_active_modes_changed'====== Args={}
2025-03-05 21:52:56,824 : INFO : EventManager : Event: ======'mode_attract_started'====== Args={}
2025-03-05 21:52:56,824 : INFO : EventManager : Event: ======'collecting_balls_complete'====== Args={}
2025-03-05 21:52:56,840 : INFO : EventManager : Event: ======'slide_welcome_slide_active'====== Args={'_from_bcp': True}
2025-03-05 21:52:56,841 : INFO : Machine : Starting the main run loop.
2025-03-05 21:52:59,470 : INFO : SwitchController : <<<<<<< 's_trough1' inactive >>>>>>>
2025-03-05 21:53:04,969 : INFO : EventManager : Event: ======'balldevice_bd_trough_ball_count_changed'====== Args={'balls': 2}
2025-03-05 21:53:04,969 : WARNING : ball_device.bd_trough : Ball disappeared while idle. This should not normally happen.
2025-03-05 21:53:04,970 : INFO : EventManager : Event: ======'balldevice_playfield_ball_enter'====== Args={'new_balls': 1, 'unclaimed_balls': 1, 'device': <playfield.playfield>}
2025-03-05 21:53:04,970 : INFO : EventManager : Event: ======'playfield_ball_count_change'====== Args={'balls': 1, 'change': 1}
2025-03-05 21:53:04,970 : INFO : ball_device.bd_trough : 1 ball(s) missing from device. Mechanical eject? False
2025-03-05 21:53:04,970 : INFO : EventManager : Event: ======'balldevice_bd_trough_ball_missing'====== Args={'balls': 1}
2025-03-05 21:53:04,970 : INFO : EventManager : Event: ======'balldevice_ball_missing'====== Args={'balls': 1, 'name': 'bd_trough'}
2025-03-05 21:53:06,477 : INFO : SwitchController : <<<<<<< 's_trough1' active >>>>>>>
2025-03-05 21:53:06,984 : INFO : EventManager : Event: ======'balldevice_bd_trough_ball_count_changed'====== Args={'balls': 3}
2025-03-05 21:53:06,984 : INFO : ball_device.bd_trough : Received unexpected ball
2025-03-05 21:53:06,984 : INFO : EventManager : Event: ======'balldevice_captured_from_playfield'====== Args={'balls': 1}
2025-03-05 21:53:06,985 : INFO : EventManager : Event: ======'sw_playfield_active'====== Args={'balls': 1}
2025-03-05 21:53:06,985 : INFO : EventManager : Event: ======'playfield_ball_count_change'====== Args={'balls': 0, 'change': -1}
2025-03-05 21:53:06,986 : INFO : EventManager : Event: ======'balldevice_bd_trough_ball_enter'====== Args={'new_balls': 1, 'unclaimed_balls': 1, 'new_available_balls': 1, 'device': <ball_device.bd_trough>}
2025-03-05 21:53:06,986 : INFO : EventManager : Event: ======'ball_drain'====== Args={'device': <ball_device.bd_trough>, 'balls': 1}
2025-03-05 21:53:06,986 : INFO : EventManager : Event: ======'balldevice_balls_available'====== Args={}
2025-03-05 21:53:06,987 : INFO : EventManager : Event: ======'balldevice_bd_trough_ball_entered'====== Args={'new_balls': 1, 'device': <ball_device.bd_trough>}
2025-03-05 21:53:08,474 : INFO : SwitchController : <<<<<<< 's_plunger_lane' active >>>>>>>
2025-03-05 21:53:08,560 : INFO : SwitchController : <<<<<<< 's_plunger_lane' inactive >>>>>>>
2025-03-05 21:53:08,673 : INFO : SwitchController : <<<<<<< 's_plunger_lane' active >>>>>>>
2025-03-05 21:53:08,759 : INFO : SwitchController : <<<<<<< 's_plunger_lane' inactive >>>>>>>
2025-03-05 21:53:08,875 : INFO : SwitchController : <<<<<<< 's_plunger_lane' active >>>>>>>
2025-03-05 21:53:08,976 : INFO : SwitchController : <<<<<<< 's_plunger_lane' inactive >>>>>>>
2025-03-05 21:53:09,110 : INFO : SwitchController : <<<<<<< 's_plunger_lane' active >>>>>>>
2025-03-05 21:53:09,204 : INFO : SwitchController : <<<<<<< 's_plunger_lane' inactive >>>>>>>
2025-03-05 21:53:11,017 : INFO : SwitchController : <<<<<<< 's_trough1' inactive >>>>>>>
2025-03-05 21:53:11,927 : INFO : SwitchController : <<<<<<< 's_trough2' inactive >>>>>>>
2025-03-05 21:53:12,163 : INFO : SwitchController : <<<<<<< 's_trough3' inactive >>>>>>>
2025-03-05 21:53:17,672 : INFO : EventManager : Event: ======'balldevice_bd_trough_ball_count_changed'====== Args={'balls': 0}
2025-03-05 21:53:17,673 : WARNING : ball_device.bd_trough : Ball disappeared while idle. This should not normally happen.
2025-03-05 21:53:17,673 : INFO : EventManager : Event: ======'balldevice_playfield_ball_enter'====== Args={'new_balls': 1, 'unclaimed_balls': 1, 'device': <playfield.playfield>}
2025-03-05 21:53:17,673 : INFO : EventManager : Event: ======'playfield_ball_count_change'====== Args={'balls': 1, 'change': 1}
2025-03-05 21:53:17,673 : INFO : ball_device.bd_trough : 1 ball(s) missing from device. Mechanical eject? False
2025-03-05 21:53:17,673 : INFO : EventManager : Event: ======'balldevice_bd_trough_ball_missing'====== Args={'balls': 1}
2025-03-05 21:53:17,673 : INFO : EventManager : Event: ======'balldevice_ball_missing'====== Args={'balls': 1, 'name': 'bd_trough'}
2025-03-05 21:53:17,674 : WARNING : ball_device.bd_trough : Ball disappeared while idle. This should not normally happen.
2025-03-05 21:53:17,674 : INFO : EventManager : Event: ======'balldevice_playfield_ball_enter'====== Args={'new_balls': 1, 'unclaimed_balls': 1, 'device': <playfield.playfield>}
2025-03-05 21:53:17,674 : INFO : EventManager : Event: ======'playfield_ball_count_change'====== Args={'balls': 2, 'change': 1}
2025-03-05 21:53:17,674 : INFO : ball_device.bd_trough : 1 ball(s) missing from device. Mechanical eject? False
2025-03-05 21:53:17,674 : INFO : EventManager : Event: ======'balldevice_bd_trough_ball_missing'====== Args={'balls': 1}
2025-03-05 21:53:17,675 : INFO : EventManager : Event: ======'balldevice_ball_missing'====== Args={'balls': 1, 'name': 'bd_trough'}
2025-03-05 21:53:17,675 : WARNING : ball_device.bd_trough : Ball disappeared while idle. This should not normally happen.
2025-03-05 21:53:17,675 : INFO : EventManager : Event: ======'balldevice_playfield_ball_enter'====== Args={'new_balls': 1, 'unclaimed_balls': 1, 'device': <playfield.playfield>}
2025-03-05 21:53:17,675 : INFO : EventManager : Event: ======'playfield_ball_count_change'====== Args={'balls': 3, 'change': 1}
2025-03-05 21:53:17,675 : INFO : ball_device.bd_trough : 1 ball(s) missing from device. Mechanical eject? False
2025-03-05 21:53:17,675 : INFO : EventManager : Event: ======'balldevice_bd_trough_ball_missing'====== Args={'balls': 1}
2025-03-05 21:53:17,675 : INFO : EventManager : Event: ======'balldevice_ball_missing'====== Args={'balls': 1, 'name': 'bd_trough'}
2025-03-05 21:53:20,942 : INFO : SwitchController : <<<<<<< 's_trough3' active >>>>>>>
2025-03-05 21:53:21,486 : INFO : EventManager : Event: ======'balldevice_bd_trough_ball_count_changed'====== Args={'balls': 1}
2025-03-05 21:53:21,487 : INFO : ball_device.bd_trough : Received unexpected ball
2025-03-05 21:53:21,487 : INFO : EventManager : Event: ======'balldevice_captured_from_playfield'====== Args={'balls': 1}
2025-03-05 21:53:21,487 : INFO : EventManager : Event: ======'sw_playfield_active'====== Args={'balls': 1}
2025-03-05 21:53:21,488 : INFO : EventManager : Event: ======'playfield_ball_count_change'====== Args={'balls': 2, 'change': -1}
2025-03-05 21:53:21,489 : INFO : EventManager : Event: ======'balldevice_bd_trough_ball_enter'====== Args={'new_balls': 1, 'unclaimed_balls': 1, 'new_available_balls': 1, 'device': <ball_device.bd_trough>}
2025-03-05 21:53:21,489 : INFO : EventManager : Event: ======'ball_drain'====== Args={'device': <ball_device.bd_trough>, 'balls': 1}
2025-03-05 21:53:21,489 : INFO : EventManager : Event: ======'balldevice_balls_available'====== Args={}
2025-03-05 21:53:21,489 : INFO : EventManager : Event: ======'balldevice_bd_trough_ball_entered'====== Args={'new_balls': 1, 'device': <ball_device.bd_trough>}
2025-03-05 21:53:22,996 : INFO : SwitchController : <<<<<<< 's_trough2' active >>>>>>>
2025-03-05 21:53:23,496 : INFO : EventManager : Event: ======'balldevice_bd_trough_ball_count_changed'====== Args={'balls': 2}
2025-03-05 21:53:23,496 : INFO : ball_device.bd_trough : Received unexpected ball
2025-03-05 21:53:23,496 : INFO : EventManager : Event: ======'balldevice_captured_from_playfield'====== Args={'balls': 1}
2025-03-05 21:53:23,496 : INFO : EventManager : Event: ======'sw_playfield_active'====== Args={'balls': 1}
2025-03-05 21:53:23,496 : INFO : EventManager : Event: ======'playfield_ball_count_change'====== Args={'balls': 1, 'change': -1}
2025-03-05 21:53:23,498 : INFO : EventManager : Event: ======'balldevice_bd_trough_ball_enter'====== Args={'new_balls': 1, 'unclaimed_balls': 1, 'new_available_balls': 1, 'device': <ball_device.bd_trough>}
2025-03-05 21:53:23,499 : INFO : EventManager : Event: ======'ball_drain'====== Args={'device': <ball_device.bd_trough>, 'balls': 1}
2025-03-05 21:53:23,499 : INFO : EventManager : Event: ======'balldevice_balls_available'====== Args={}
2025-03-05 21:53:23,499 : INFO : EventManager : Event: ======'balldevice_bd_trough_ball_entered'====== Args={'new_balls': 1, 'device': <ball_device.bd_trough>}
2025-03-05 21:53:25,405 : INFO : SwitchController : <<<<<<< 's_trough1' active >>>>>>>
2025-03-05 21:53:25,907 : INFO : EventManager : Event: ======'balldevice_bd_trough_ball_count_changed'====== Args={'balls': 3}
2025-03-05 21:53:25,908 : INFO : ball_device.bd_trough : Received unexpected ball
2025-03-05 21:53:25,908 : INFO : EventManager : Event: ======'balldevice_captured_from_playfield'====== Args={'balls': 1}
2025-03-05 21:53:25,909 : INFO : EventManager : Event: ======'sw_playfield_active'====== Args={'balls': 1}
2025-03-05 21:53:25,909 : INFO : EventManager : Event: ======'playfield_ball_count_change'====== Args={'balls': 0, 'change': -1}
2025-03-05 21:53:25,910 : INFO : EventManager : Event: ======'balldevice_bd_trough_ball_enter'====== Args={'new_balls': 1, 'unclaimed_balls': 1, 'new_available_balls': 1, 'device': <ball_device.bd_trough>}
2025-03-05 21:53:25,910 : INFO : EventManager : Event: ======'ball_drain'====== Args={'device': <ball_device.bd_trough>, 'balls': 1}
2025-03-05 21:53:25,910 : INFO : EventManager : Event: ======'balldevice_balls_available'====== Args={}
2025-03-05 21:53:25,910 : INFO : EventManager : Event: ======'balldevice_bd_trough_ball_entered'====== Args={'new_balls': 1, 'device': <ball_device.bd_trough>}
2025-03-05 21:53:27,465 : INFO : Machine : Shutting down...
2025-03-05 21:53:27,465 : INFO : EventManager : Event: ======'shutdown'====== Args={}
2025-03-05 21:53:27,468 : INFO : root : MPF run loop ended.
