2025-03-06 22:29:09,691 : INFO : root : Loading config.
2025-03-06 22:29:09,694 : INFO : YamlMultifileConfigLoader : Machine config file #1: config.yaml
2025-03-06 22:29:09,695 : INFO : ConfigProcessor : Loading config from cache: C:\Users\duffb\AppData\Local\Temp\cadfdee4981114acd6fff59d1071b59b.mpf_cache
2025-03-06 22:29:09,773 : INFO : ConfigProcessor : Loading config from cache: C:\Users\duffb\AppData\Local\Temp\ee7db1e8d011f44c876692bb4657f2e9.mpf_cache
2025-03-06 22:29:09,774 : INFO : ConfigProcessor : Loading config from cache: C:\Users\duffb\AppData\Local\Temp\9f058d482eac17116727d62a93500be7.mpf_cache
2025-03-06 22:29:09,775 : INFO : ConfigProcessor : Loading config from cache: C:\Users\duffb\AppData\Local\Temp\9e006ea23aa21ec68e01f6c49afad9f4.mpf_cache
2025-03-06 22:29:09,775 : INFO : ConfigProcessor : Loading config from cache: C:\Users\duffb\AppData\Local\Temp\fd253b339e263587268891c4dd997fbd.mpf_cache
2025-03-06 22:29:09,776 : INFO : Machine : Mission Pinball Framework Core Engine v0.57.0
2025-03-06 22:29:09,776 : INFO : Machine : Command line arguments: {'no_load_cache': False, 'create_config_cache': True, 'bcp': True, 'configfile': ['config.yaml'], 'force_assets_load': False, 'platform_integration_test': False, 'jsonlogging': False, 'logfile': 'logs\\2025-03-06-22-29-09-mpf-T0SHIII.log', 'pause': False, 'production': False, 'text_ui': True, 'loglevel': 15, 'consoleloglevel': 20, 'force_platform': None, 'syslog_address': None, 'mc_file_name': None, 'no_sound': False}
2025-03-06 22:29:09,776 : INFO : Machine : MPF path: C:\Users\duffb\.pyenv\pyenv-win\versions\3.11.0\Lib\site-packages\mpf
2025-03-06 22:29:09,776 : INFO : Machine : Machine path: C:\Users\duffb\OneDrive\Documents\Python Envs\PinBallWW1\Machine
2025-03-06 22:29:09,776 : INFO : Machine : Platform: win32
2025-03-06 22:29:09,776 : INFO : Machine : Python executable location: C:\Users\duffb\.pyenv\pyenv-win\versions\3.11.0\python.exe
2025-03-06 22:29:09,776 : INFO : Machine : Python version: 3.11.0 (64-bit)
2025-03-06 22:29:09,778 : INFO : Machine : Initializing MPF...
2025-03-06 22:29:09,930 : INFO : EventManager : Event: ======'machine_var_credits_string'====== Args={'value': 'FREE PLAY', 'prev_value': None, 'change': True}
2025-03-06 22:29:09,976 : INFO : EventManager : Event: ======'machine_var_master_volume'====== Args={'value': 0.5, 'prev_value': None, 'change': True}
2025-03-06 22:29:09,976 : INFO : EventManager : Event: ======'machine_var_player1_score'====== Args={'value': 8000, 'prev_value': None, 'change': True}
2025-03-06 22:29:09,976 : INFO : EventManager : Event: ======'machine_var_player2_score'====== Args={'value': 1000, 'prev_value': None, 'change': True}
2025-03-06 22:29:09,976 : INFO : EventManager : Event: ======'machine_var_mpf_version'====== Args={'value': 'Mission Pinball Framework v0.57.0', 'prev_value': None, 'change': True}
2025-03-06 22:29:09,976 : INFO : EventManager : Event: ======'machine_var_mpf_extended_version'====== Args={'value': 'Mission Pinball Framework v0.57.0, Config version:6, Show version: 6, BCP version:1.1', 'prev_value': None, 'change': True}
2025-03-06 22:29:09,976 : INFO : EventManager : Event: ======'machine_var_python_version'====== Args={'value': '3.11.0', 'prev_value': None, 'change': True}
2025-03-06 22:29:09,987 : INFO : EventManager : Event: ======'machine_var_platform'====== Args={'value': 'Windows-10-10.0.26100-SP0', 'prev_value': None, 'change': True}
2025-03-06 22:29:09,987 : INFO : EventManager : Event: ======'machine_var_platform_system'====== Args={'value': 'Windows', 'prev_value': None, 'change': True}
2025-03-06 22:29:09,987 : INFO : EventManager : Event: ======'machine_var_platform_release'====== Args={'value': '10', 'prev_value': None, 'change': True}
2025-03-06 22:29:09,987 : INFO : EventManager : Event: ======'machine_var_platform_version'====== Args={'value': '10.0.26100', 'prev_value': None, 'change': True}
2025-03-06 22:29:09,987 : INFO : EventManager : Event: ======'machine_var_platform_machine'====== Args={'value': 'AMD64', 'prev_value': None, 'change': True}
2025-03-06 22:29:09,987 : INFO : EventManager : Event: ======'init_phase_1'====== Args={}
2025-03-06 22:29:09,999 : INFO : EventManager : Event: ======'init_phase_2'====== Args={}
2025-03-06 22:29:10,000 : INFO : SwitchController : Found active switch: ('3', <Platform.SmartVirtual>) <switch.s_trough1>
2025-03-06 22:29:10,000 : INFO : SwitchController : Found active switch: ('4', <Platform.SmartVirtual>) <switch.s_trough2>
2025-03-06 22:29:10,000 : INFO : SwitchController : Found active switch: ('5', <Platform.SmartVirtual>) <switch.s_trough3>
2025-03-06 22:29:10,001 : INFO : EventManager : Event: ======'bcp_connection_attempt'====== Args={'name': 'local_display', 'host': 'localhost', 'port': 5050}
2025-03-06 22:29:10,004 : INFO : BCPClientSocket : Connecting BCP to 'local_display' at localhost:5050...
2025-03-06 22:29:12,045 : INFO : BCPClientSocket : Connected BCP to 'local_display' localhost:5050
2025-03-06 22:29:12,048 : INFO : EventManager : Event: ======'bcp_clients_connected'====== Args={}
2025-03-06 22:29:12,218 : INFO : EventManager : Event: ======'machine_var_mc_version'====== Args={'value': 'MPF-MC v0.57.1', 'prev_value': None, 'change': True}
2025-03-06 22:29:12,218 : INFO : EventManager : Event: ======'machine_var_mc_extended_version'====== Args={'value': 'MPF-MC v0.57.1 (config_version=6, BCP v1.1,                      Requires MPF API compatibility v0.57.0 or newer)', 'prev_value': None, 'change': True}
2025-03-06 22:29:12,220 : INFO : ball_device.bd_trough : BCH: Initial count: 3
2025-03-06 22:29:12,241 : INFO : ball_device.bd_trough : State: idle
2025-03-06 22:29:12,241 : INFO : ball_device.bd_plunger_lane : BCH: Initial count: 0
2025-03-06 22:29:12,241 : INFO : ball_device.bd_plunger_lane : State: idle
2025-03-06 22:29:12,264 : INFO : EventManager : Event: ======'init_phase_3'====== Args={}
2025-03-06 22:29:12,266 : INFO : EventManager : Event: ======'init_phase_4'====== Args={}
2025-03-06 22:29:12,266 : INFO : BallController : Initial balls found: 3
2025-03-06 22:29:12,267 : INFO : EventManager : Event: ======'machine_var_audits_events_game_ended'====== Args={'value': 13, 'prev_value': None, 'change': True}
2025-03-06 22:29:12,267 : INFO : EventManager : Event: ======'machine_var_audits_events_game_started'====== Args={'value': 30, 'prev_value': None, 'change': True}
2025-03-06 22:29:12,267 : INFO : EventManager : Event: ======'machine_var_audits_missing_switches_s_drain'====== Args={'value': 6, 'prev_value': None, 'change': True}
2025-03-06 22:29:12,268 : INFO : EventManager : Event: ======'machine_var_audits_missing_switches_s_left_flipper'====== Args={'value': 1, 'prev_value': None, 'change': True}
2025-03-06 22:29:12,268 : INFO : EventManager : Event: ======'machine_var_audits_missing_switches_s_right_flipper'====== Args={'value': 1, 'prev_value': None, 'change': True}
2025-03-06 22:29:12,268 : INFO : EventManager : Event: ======'machine_var_audits_missing_switches_s_trough2'====== Args={'value': 16, 'prev_value': None, 'change': True}
2025-03-06 22:29:12,268 : INFO : EventManager : Event: ======'machine_var_audits_missing_switches_s_trough3'====== Args={'value': 23, 'prev_value': None, 'change': True}
2025-03-06 22:29:12,268 : INFO : EventManager : Event: ======'machine_var_audits_missing_switches_s_trough_enter'====== Args={'value': 30, 'prev_value': None, 'change': True}
2025-03-06 22:29:12,268 : INFO : EventManager : Event: ======'machine_var_audits_player_score'====== Args={'value': {'average': 124, 'top': [8000, 1000, 0, 0, 0, 0, 0, 0, 0, 0], 'total': 16}, 'prev_value': None, 'change': True}
2025-03-06 22:29:12,268 : INFO : EventManager : Event: ======'machine_var_audits_switches_s_drain'====== Args={'value': 0, 'prev_value': None, 'change': True}
2025-03-06 22:29:12,268 : INFO : EventManager : Event: ======'machine_var_audits_switches_s_launcher_button'====== Args={'value': 25, 'prev_value': None, 'change': True}
2025-03-06 22:29:12,268 : INFO : EventManager : Event: ======'machine_var_audits_switches_s_left_flipper'====== Args={'value': 16, 'prev_value': None, 'change': True}
2025-03-06 22:29:12,268 : INFO : EventManager : Event: ======'machine_var_audits_switches_s_playfield_entry'====== Args={'value': 157, 'prev_value': None, 'change': True}
2025-03-06 22:29:12,268 : INFO : EventManager : Event: ======'machine_var_audits_switches_s_plunger_lane'====== Args={'value': 81, 'prev_value': None, 'change': True}
2025-03-06 22:29:12,269 : INFO : EventManager : Event: ======'machine_var_audits_switches_s_pointTarget'====== Args={'value': 59, 'prev_value': None, 'change': True}
2025-03-06 22:29:12,269 : INFO : EventManager : Event: ======'machine_var_audits_switches_s_right_flipper'====== Args={'value': 13, 'prev_value': None, 'change': True}
2025-03-06 22:29:12,269 : INFO : EventManager : Event: ======'machine_var_audits_switches_s_trough1'====== Args={'value': 57, 'prev_value': None, 'change': True}
2025-03-06 22:29:12,269 : INFO : EventManager : Event: ======'machine_var_audits_switches_s_trough2'====== Args={'value': 6, 'prev_value': None, 'change': True}
2025-03-06 22:29:12,269 : INFO : EventManager : Event: ======'machine_var_audits_switches_s_trough3'====== Args={'value': 6, 'prev_value': None, 'change': True}
2025-03-06 22:29:12,269 : INFO : EventManager : Event: ======'machine_var_audits_switches_s_trough_enter'====== Args={'value': 0, 'prev_value': None, 'change': True}
2025-03-06 22:29:12,269 : INFO : EventManager : Event: ======'init_phase_5'====== Args={}
2025-03-06 22:29:12,284 : INFO : EventManager : Event: ======'init_done'====== Args={}
2025-03-06 22:29:12,284 : INFO : EventManager : Event: ======'machine_reset_phase_1'====== Args={}
2025-03-06 22:29:12,292 : INFO : EventManager : Event: ======'slide_welcome_slide_removed'====== Args={'_from_bcp': True}
2025-03-06 22:29:12,298 : INFO : EventManager : Event: ======'slide_welcome_slide_created'====== Args={'_from_bcp': True}
2025-03-06 22:29:12,300 : INFO : EventManager : Event: ======'machine_reset_phase_2'====== Args={}
2025-03-06 22:29:12,300 : INFO : EventManager : Event: ======'machine_reset_phase_3'====== Args={}
2025-03-06 22:29:12,301 : INFO : EventManager : Event: ======'reset_complete'====== Args={}
2025-03-06 22:29:12,301 : INFO : EventManager : Event: ======'mode_attract_will_start'====== Args={}
2025-03-06 22:29:12,303 : INFO : EventManager : Event: ======'mode_attract_starting'====== Args={}
2025-03-06 22:29:12,303 : INFO : Mode.attract : Started. Priority: 10
2025-03-06 22:29:12,303 : INFO : EventManager : Event: ======'modes_active_modes_changed'====== Args={}
2025-03-06 22:29:12,303 : INFO : EventManager : Event: ======'mode_attract_started'====== Args={}
2025-03-06 22:29:12,304 : INFO : EventManager : Event: ======'collecting_balls_complete'====== Args={}
2025-03-06 22:29:12,351 : INFO : EventManager : Event: ======'slide_welcome_slide_active'====== Args={'_from_bcp': True}
2025-03-06 22:29:12,352 : INFO : EventManager : Event: ======'slide_ship_slide_created'====== Args={'_from_bcp': True}
2025-03-06 22:29:12,352 : INFO : EventManager : Event: ======'slide_ship_slide_active'====== Args={'_from_bcp': True}
2025-03-06 22:29:12,352 : INFO : Machine : Starting the main run loop.
2025-03-06 22:29:15,320 : INFO : EventManager : Event: ======'slide_start_slide_created'====== Args={'_from_bcp': True}
2025-03-06 22:29:15,320 : INFO : EventManager : Event: ======'slide_start_slide_active'====== Args={'_from_bcp': True}
2025-03-06 22:29:18,645 : INFO : EventManager : Event: ======'slide_company_slide_created'====== Args={'_from_bcp': True}
2025-03-06 22:29:18,646 : INFO : EventManager : Event: ======'slide_company_slide_active'====== Args={'_from_bcp': True}
2025-03-06 22:29:21,324 : INFO : EventManager : Event: ======'slide_lastgame_slide_created'====== Args={'_from_bcp': True}
2025-03-06 22:29:21,325 : INFO : EventManager : Event: ======'slide_lastgame_slide_active'====== Args={'_from_bcp': True}
2025-03-06 22:29:22,891 : INFO : SwitchController : <<<<<<< 's_pointTarget' active >>>>>>>
2025-03-06 22:29:22,892 : INFO : EventManager : Event: ======'sw_playfield_active'====== Args={}
2025-03-06 22:29:22,892 : INFO : EventManager : Event: ======'playfield_active'====== Args={}
2025-03-06 22:29:22,893 : INFO : EventManager : Event: ======'unexpected_ball_on_playfield'====== Args={}
2025-03-06 22:29:22,928 : INFO : SwitchController : <<<<<<< 's_pointTarget' inactive >>>>>>>
2025-03-06 22:29:24,011 : INFO : SwitchController : <<<<<<< 's_launcher_button' active >>>>>>>
2025-03-06 22:29:24,176 : INFO : SwitchController : <<<<<<< 's_launcher_button' inactive >>>>>>>
2025-03-06 22:29:24,176 : INFO : EventManager : Event: ======'request_to_start_game'====== Args={}
2025-03-06 22:29:24,177 : INFO : EventManager : Event: ======'game_start'====== Args={'buttons': [], 'hold_time': 0.15600000001722947}
2025-03-06 22:29:24,177 : INFO : EventManager : Event: ======'mode_game_will_start'====== Args={'buttons': [], 'hold_time': 0.15600000001722947}
2025-03-06 22:29:24,179 : INFO : EventManager : Event: ======'mode_game_starting'====== Args={'buttons': [], 'hold_time': 0.15600000001722947}
2025-03-06 22:29:24,180 : INFO : EventManager : Event: ======'mode_attract_will_stop'====== Args={}
2025-03-06 22:29:24,180 : INFO : EventManager : Event: ======'mode_attract_stopping'====== Args={}
2025-03-06 22:29:24,180 : INFO : Mode.attract : Stopped.
2025-03-06 22:29:24,180 : INFO : EventManager : Event: ======'modes_active_modes_changed'====== Args={}
2025-03-06 22:29:24,180 : INFO : EventManager : Event: ======'mode_attract_stopped'====== Args={}
2025-03-06 22:29:24,180 : INFO : EventManager : Event: ======'clear'====== Args={'key': 'attract'}
2025-03-06 22:29:24,181 : INFO : Mode.game : Started. Priority: 20
2025-03-06 22:29:24,181 : INFO : EventManager : Event: ======'modes_active_modes_changed'====== Args={}
2025-03-06 22:29:24,181 : INFO : EventManager : Event: ======'mode_game_started'====== Args={'buttons': [], 'hold_time': 0.15600000001722947}
2025-03-06 22:29:24,204 : INFO : EventManager : Event: ======'game_will_start'====== Args={}
2025-03-06 22:29:24,205 : INFO : EventManager : Event: ======'game_starting'====== Args={'game': <Mode.game>}
2025-03-06 22:29:24,206 : INFO : EventManager : Unordered handler for class <Auditor> on event game_ended with priority 1. Handlers: [RegisteredHandler(callback=<bound method Auditor.disable of <Auditor>>, priority=1, kwargs={}, key=UUID('ae2007dc-a8ea-4ee0-95ee-e97b702924a8'), condition=None, blocking_facility=None), RegisteredHandler(callback=<bound method Auditor._save_audits of <Auditor>>, priority=1, kwargs={}, key=UUID('6a589b84-8a13-4b1b-bc42-9f1af77f7df8'), condition=None, blocking_facility=None)]. The order of those handlers is not defined and they will be executed in random order. This might lead to race conditions and potential bugs.
2025-03-06 22:29:24,207 : INFO : EventManager : Event: ======'player_add_request'====== Args={}
2025-03-06 22:29:24,207 : INFO : EventManager : Event: ======'player_will_add'====== Args={'number': 1}
2025-03-06 22:29:24,208 : INFO : EventManager : Event: ======'player_adding'====== Args={'player': <Player 1>, 'number': 1}
2025-03-06 22:29:24,208 : INFO : EventManager : Event: ======'player_added'====== Args={'player': <Player 1>, 'num': 1}
2025-03-06 22:29:24,208 : INFO : Mode.game : Player added successfully. Total players: 1
2025-03-06 22:29:24,209 : INFO : EventManager : Event: ======'player_index'====== Args={'value': 0, 'prev_value': 0, 'change': 0, 'player_num': 1}
2025-03-06 22:29:24,210 : INFO : EventManager : Event: ======'player_number'====== Args={'value': 1, 'prev_value': 1, 'change': 0, 'player_num': 1}
2025-03-06 22:29:24,210 : INFO : EventManager : Event: ======'player_score'====== Args={'value': 0, 'prev_value': 0, 'change': 0, 'player_num': 1}
2025-03-06 22:29:24,215 : INFO : EventManager : Event: ======'game_started'====== Args={}
2025-03-06 22:29:24,293 : INFO : EventManager : Event: ======'player_turn_will_start'====== Args={'player': <Player 1>, 'number': 1}
2025-03-06 22:29:24,294 : INFO : EventManager : Event: ======'slide_ship_slide_removed'====== Args={'_from_bcp': True}
2025-03-06 22:29:24,295 : INFO : EventManager : Event: ======'slide_start_slide_removed'====== Args={'_from_bcp': True}
2025-03-06 22:29:24,295 : INFO : EventManager : Event: ======'slide_company_slide_removed'====== Args={'_from_bcp': True}
2025-03-06 22:29:24,296 : INFO : EventManager : Event: ======'slide_lastgame_slide_removed'====== Args={'_from_bcp': True}
2025-03-06 22:29:24,296 : INFO : EventManager : Event: ======'slide_welcome_slide_active'====== Args={'_from_bcp': True}
2025-03-06 22:29:24,296 : INFO : EventManager : Event: ======'player_turn_starting'====== Args={'player': <Player 1>, 'number': 1}
2025-03-06 22:29:24,297 : INFO : EventManager : Event: ======'player_ball'====== Args={'value': 1, 'prev_value': 0, 'change': 1, 'player_num': 1}
2025-03-06 22:29:24,298 : INFO : EventManager : Event: ======'player_turn_started'====== Args={'player': <Player 1>, 'number': 1}
2025-03-06 22:29:24,301 : INFO : EventManager : Event: ======'ball_will_start'====== Args={'player': 1, 'ball': 1, 'balls_remaining': 2, 'is_extra_ball': False}
2025-03-06 22:29:24,318 : INFO : EventManager : Event: ======'ball_starting'====== Args={'player': 1, 'ball': 1, 'balls_remaining': 2, 'is_extra_ball': False}
2025-03-06 22:29:24,321 : INFO : EventManager : Event: ======'balls_in_play'====== Args={'balls': 1}
2025-03-06 22:29:24,323 : INFO : EventManager : Event: ======'ball_started'====== Args={'player': 1, 'ball': 1, 'balls_remaining': 2, 'is_extra_ball': False}
2025-03-06 22:29:24,324 : INFO : EventManager : Event: ======'mode_base_will_start'====== Args={'player': 1, 'ball': 1, 'balls_remaining': 2, 'is_extra_ball': False}
2025-03-06 22:29:24,326 : INFO : EventManager : Event: ======'mode_base_starting'====== Args={'player': 1, 'ball': 1, 'balls_remaining': 2, 'is_extra_ball': False}
2025-03-06 22:29:24,327 : INFO : Mode.base : Started. Priority: 100
2025-03-06 22:29:24,327 : INFO : EventManager : Event: ======'modes_active_modes_changed'====== Args={}
2025-03-06 22:29:24,327 : INFO : EventManager : Event: ======'mode_base_started'====== Args={'player': 1, 'ball': 1, 'balls_remaining': 2, 'is_extra_ball': False}
2025-03-06 22:29:24,330 : INFO : EventManager : Event: ======'single_player_ball_started'====== Args={}
2025-03-06 22:29:24,465 : INFO : EventManager : Event: ======'ball_start_target'====== Args={'target': 'playfield'}
2025-03-06 22:29:24,468 : INFO : EventManager : Event: ======'slide_base.slide_player-mode_base_started_created'====== Args={'_from_bcp': True}
2025-03-06 22:29:24,468 : INFO : EventManager : Event: ======'slide_base.slide_player-mode_base_started_active'====== Args={'_from_bcp': True}
2025-03-06 22:29:24,469 : INFO : ball_device.bd_plunger_lane : Setting up player-controlled eject. Balls: 1, Target: <playfield.playfield>, player_controlled_eject_event: s_launcher_button_active
2025-03-06 22:29:24,469 : INFO : EventManager : Event: ======'balldevice_balls_available'====== Args={}
2025-03-06 22:29:24,472 : INFO : ball_device.bd_trough : State: waiting_for_target_ready
2025-03-06 22:29:24,472 : INFO : EventManager : Event: ======'balldevice_bd_trough_ball_eject_attempt'====== Args={'balls': 1, 'target': <ball_device.bd_plunger_lane>, 'source': <ball_device.bd_trough>, 'mechanical_eject': True, 'num_attempts': 0}
2025-03-06 22:29:24,473 : INFO : ball_device.bd_plunger_lane : State: waiting_for_ball
2025-03-06 22:29:24,474 : INFO : ball_device.bd_trough : State: ejecting
2025-03-06 22:29:24,474 : INFO : ball_device.bd_trough : Ejecting ball to <ball_device.bd_plunger_lane>
2025-03-06 22:29:24,475 : INFO : EventManager : Event: ======'balldevice_bd_trough_ejecting_ball'====== Args={'balls': 1, 'target': <ball_device.bd_plunger_lane>, 'source': <ball_device.bd_trough>, 'mechanical_eject': True, 'num_attempts': 0}
2025-03-06 22:29:24,476 : INFO : ball_device.bd_trough : Wait for ball to leave device
2025-03-06 22:29:24,477 : INFO : coil.c_trough_release : Pulsing Driver for 20ms (1.0 pulse_power)
2025-03-06 22:29:24,477 : INFO : SwitchController : <<<<<<< 's_trough1' inactive >>>>>>>
2025-03-06 22:29:24,519 : INFO : ball_device.bd_trough : State: ball_left
2025-03-06 22:29:24,519 : INFO : ball_device.bd_trough : Ball left
2025-03-06 22:29:24,520 : INFO : ball_device.bd_trough : Wait for confirm with timeout 3.0
2025-03-06 22:29:24,598 : INFO : SwitchController : <<<<<<< 's_plunger_lane' active >>>>>>>
2025-03-06 22:29:24,599 : INFO : EventManager : Event: ======'machine_var_audits_switches_s_plunger_lane'====== Args={'value': 82, 'prev_value': 81, 'change': 1}
2025-03-06 22:29:25,113 : INFO : ball_device.bd_plunger_lane : Received ball from <ball_device.bd_trough>
2025-03-06 22:29:25,113 : INFO : EventManager : Event: ======'balldevice_bd_plunger_lane_ball_enter'====== Args={'new_balls': 1, 'unclaimed_balls': 0, 'new_available_balls': 0, 'device': <ball_device.bd_plunger_lane>}
2025-03-06 22:29:25,116 : INFO : EventManager : Event: ======'balldevice_bd_plunger_lane_ball_entered'====== Args={'new_balls': 0, 'device': <ball_device.bd_plunger_lane>}
2025-03-06 22:29:25,117 : INFO : EventManager : Event: ======'balldevice_bd_plunger_lane_ball_count_changed'====== Args={'balls': 1}
2025-03-06 22:29:25,117 : INFO : ball_device.bd_trough : Got eject confirm
2025-03-06 22:29:25,117 : INFO : ball_device.bd_trough : Eject successful
2025-03-06 22:29:25,118 : INFO : EventManager : Event: ======'balldevice_bd_trough_ball_eject_success'====== Args={'balls': 1, 'target': <ball_device.bd_plunger_lane>}
2025-03-06 22:29:25,119 : INFO : ball_device.bd_plunger_lane : State: waiting_for_target_ready
2025-03-06 22:29:25,120 : INFO : EventManager : Event: ======'balldevice_bd_plunger_lane_ball_eject_attempt'====== Args={'balls': 1, 'target': <playfield.playfield>, 'source': <ball_device.bd_plunger_lane>, 'mechanical_eject': True, 'num_attempts': 0}
2025-03-06 22:29:25,120 : INFO : EventManager : Event: ======'balldevice_bd_trough_ball_count_changed'====== Args={'balls': 2}
2025-03-06 22:29:25,120 : INFO : ball_device.bd_trough : State: idle
2025-03-06 22:29:25,121 : INFO : ball_device.bd_plunger_lane : State: ejecting
2025-03-06 22:29:25,122 : INFO : ball_device.bd_plunger_lane : Ejecting ball to <playfield.playfield>
2025-03-06 22:29:25,122 : INFO : EventManager : Event: ======'balldevice_bd_plunger_lane_ejecting_ball'====== Args={'balls': 1, 'target': <playfield.playfield>, 'source': <ball_device.bd_plunger_lane>, 'mechanical_eject': True, 'num_attempts': 0}
2025-03-06 22:29:25,125 : INFO : ball_device.bd_plunger_lane : Wait for ball to leave device
2025-03-06 22:29:33,096 : INFO : SwitchController : <<<<<<< 's_launcher_button' active >>>>>>>
2025-03-06 22:29:33,097 : INFO : EventManager : Event: ======'s_launcher_button_active'====== Args={}
2025-03-06 22:29:33,097 : INFO : EventManager : Event: ======'sw_start'====== Args={}
2025-03-06 22:29:33,098 : INFO : EventManager : Event: ======'machine_var_audits_switches_s_launcher_button'====== Args={'value': 26, 'prev_value': 25, 'change': 1}
2025-03-06 22:29:33,103 : INFO : EventManager : Event: ======'player_add_request'====== Args={}
2025-03-06 22:29:33,104 : INFO : EventManager : Event: ======'player_will_add'====== Args={'number': 2}
2025-03-06 22:29:33,105 : INFO : EventManager : Event: ======'player_adding'====== Args={'player': <Player 2>, 'number': 2}
2025-03-06 22:29:33,105 : INFO : EventManager : Event: ======'player_added'====== Args={'player': <Player 2>, 'num': 2}
2025-03-06 22:29:33,105 : INFO : Mode.game : Player added successfully. Total players: 2
2025-03-06 22:29:33,106 : INFO : EventManager : Event: ======'multiplayer_game'====== Args={}
2025-03-06 22:29:33,106 : INFO : EventManager : Event: ======'player_index'====== Args={'value': 1, 'prev_value': 1, 'change': 0, 'player_num': 2}
2025-03-06 22:29:33,108 : INFO : EventManager : Event: ======'player_number'====== Args={'value': 2, 'prev_value': 2, 'change': 0, 'player_num': 2}
2025-03-06 22:29:33,109 : INFO : EventManager : Event: ======'player_score'====== Args={'value': 0, 'prev_value': 0, 'change': 0, 'player_num': 2}
2025-03-06 22:29:33,160 : INFO : coil.c_autolauncher : Pulsing Driver for 20ms (1.0 pulse_power)
2025-03-06 22:29:33,161 : INFO : SwitchController : <<<<<<< 's_plunger_lane' inactive >>>>>>>
2025-03-06 22:29:33,193 : INFO : SwitchController : <<<<<<< 's_launcher_button' inactive >>>>>>>
2025-03-06 22:29:33,194 : INFO : ball_device.bd_plunger_lane : State: ball_left
2025-03-06 22:29:33,194 : INFO : ball_device.bd_plunger_lane : Ball left
2025-03-06 22:29:33,195 : INFO : ball_device.bd_plunger_lane : Wait for confirm with timeout 3.0
2025-03-06 22:29:33,215 : INFO : SwitchController : <<<<<<< 's_playfield_entry' active >>>>>>>
2025-03-06 22:29:33,216 : INFO : EventManager : Event: ======'sw_playfield_active'====== Args={}
2025-03-06 22:29:33,216 : INFO : EventManager : Event: ======'machine_var_audits_switches_s_playfield_entry'====== Args={'value': 158, 'prev_value': 157, 'change': 1}
2025-03-06 22:29:33,220 : INFO : EventManager : Event: ======'playfield_active'====== Args={}
2025-03-06 22:29:33,256 : INFO : SwitchController : <<<<<<< 's_playfield_entry' inactive >>>>>>>
2025-03-06 22:29:33,273 : INFO : ball_device.bd_plunger_lane : Got eject confirm
2025-03-06 22:29:33,273 : INFO : ball_device.bd_plunger_lane : Eject successful
2025-03-06 22:29:33,273 : INFO : EventManager : Event: ======'balldevice_bd_plunger_lane_ball_eject_success'====== Args={'balls': 1, 'target': <playfield.playfield>}
2025-03-06 22:29:33,274 : INFO : EventManager : Event: ======'balldevice_playfield_ball_enter'====== Args={'new_balls': 1, 'unclaimed_balls': 1, 'device': <playfield.playfield>}
2025-03-06 22:29:33,274 : INFO : EventManager : Event: ======'playfield_ball_count_change'====== Args={'balls': 1, 'change': 1}
2025-03-06 22:29:33,274 : INFO : EventManager : Event: ======'balldevice_bd_plunger_lane_ball_count_changed'====== Args={'balls': 0}
2025-03-06 22:29:33,658 : INFO : ball_device.bd_plunger_lane : State: idle
2025-03-06 22:29:35,214 : INFO : SwitchController : <<<<<<< 's_trough2' inactive >>>>>>>
2025-03-06 22:29:40,723 : INFO : EventManager : Event: ======'balldevice_bd_trough_ball_count_changed'====== Args={'balls': 1}
2025-03-06 22:29:40,724 : WARNING : ball_device.bd_trough : Ball disappeared while idle. This should not normally happen.
2025-03-06 22:29:40,725 : INFO : EventManager : Event: ======'balldevice_playfield_ball_enter'====== Args={'new_balls': 1, 'unclaimed_balls': 1, 'device': <playfield.playfield>}
2025-03-06 22:29:40,725 : INFO : EventManager : Event: ======'playfield_ball_count_change'====== Args={'balls': 2, 'change': 1}
2025-03-06 22:29:40,726 : INFO : ball_device.bd_trough : 1 ball(s) missing from device. Mechanical eject? False
2025-03-06 22:29:40,727 : INFO : EventManager : Event: ======'balldevice_bd_trough_ball_missing'====== Args={'balls': 1}
2025-03-06 22:29:40,728 : INFO : EventManager : Event: ======'balldevice_ball_missing'====== Args={'balls': 1, 'name': 'bd_trough'}
2025-03-06 22:29:43,473 : INFO : SwitchController : <<<<<<< 's_launcher_button' active >>>>>>>
2025-03-06 22:29:43,473 : INFO : EventManager : Event: ======'sw_start'====== Args={}
2025-03-06 22:29:43,475 : INFO : EventManager : Event: ======'machine_var_audits_switches_s_launcher_button'====== Args={'value': 27, 'prev_value': 26, 'change': 1}
2025-03-06 22:29:43,476 : INFO : EventManager : Event: ======'player_add_request'====== Args={}
2025-03-06 22:29:43,476 : INFO : EventManager : Event: ======'player_will_add'====== Args={'number': 3}
2025-03-06 22:29:43,477 : INFO : EventManager : Event: ======'player_adding'====== Args={'player': <Player 3>, 'number': 3}
2025-03-06 22:29:43,477 : INFO : EventManager : Event: ======'player_added'====== Args={'player': <Player 3>, 'num': 3}
2025-03-06 22:29:43,477 : INFO : Mode.game : Player added successfully. Total players: 3
2025-03-06 22:29:43,478 : INFO : EventManager : Event: ======'player_index'====== Args={'value': 2, 'prev_value': 2, 'change': 0, 'player_num': 3}
2025-03-06 22:29:43,478 : INFO : EventManager : Event: ======'player_number'====== Args={'value': 3, 'prev_value': 3, 'change': 0, 'player_num': 3}
2025-03-06 22:29:43,478 : INFO : EventManager : Event: ======'player_score'====== Args={'value': 0, 'prev_value': 0, 'change': 0, 'player_num': 3}
2025-03-06 22:29:43,644 : INFO : SwitchController : <<<<<<< 's_launcher_button' inactive >>>>>>>
2025-03-06 22:29:44,430 : INFO : SwitchController : <<<<<<< 's_trough2' active >>>>>>>
2025-03-06 22:29:44,431 : INFO : EventManager : Event: ======'machine_var_audits_switches_s_trough2'====== Args={'value': 7, 'prev_value': 6, 'change': 1}
2025-03-06 22:29:44,733 : INFO : EventManager : Event: ======'balldevice_bd_trough_ball_count_changed'====== Args={'balls': 2}
2025-03-06 22:29:44,733 : INFO : ball_device.bd_trough : Received unexpected ball
2025-03-06 22:29:44,733 : INFO : EventManager : Event: ======'balldevice_captured_from_playfield'====== Args={'balls': 1}
2025-03-06 22:29:44,733 : INFO : EventManager : Event: ======'sw_playfield_active'====== Args={'balls': 1}
2025-03-06 22:29:44,734 : INFO : EventManager : Event: ======'playfield_ball_count_change'====== Args={'balls': 1, 'change': -1}
2025-03-06 22:29:44,735 : INFO : EventManager : Event: ======'balldevice_bd_trough_ball_enter'====== Args={'new_balls': 1, 'unclaimed_balls': 1, 'new_available_balls': 1, 'device': <ball_device.bd_trough>}
2025-03-06 22:29:44,736 : INFO : EventManager : Event: ======'ball_drain'====== Args={'device': <ball_device.bd_trough>, 'balls': 1}
2025-03-06 22:29:44,736 : INFO : EventManager : Event: ======'ball_will_end'====== Args={}
2025-03-06 22:29:44,736 : INFO : EventManager : Event: ======'balldevice_balls_available'====== Args={}
2025-03-06 22:29:44,736 : INFO : EventManager : Event: ======'balldevice_bd_trough_ball_entered'====== Args={'new_balls': 1, 'device': <ball_device.bd_trough>}
2025-03-06 22:29:44,738 : INFO : EventManager : Event: ======'ball_ending'====== Args={}
2025-03-06 22:29:44,739 : INFO : EventManager : Event: ======'mode_base_will_stop'====== Args={}
2025-03-06 22:29:44,739 : INFO : EventManager : Event: ======'mode_base_stopping'====== Args={}
2025-03-06 22:29:44,739 : INFO : Mode.base : Stopped.
2025-03-06 22:29:44,739 : INFO : EventManager : Event: ======'modes_active_modes_changed'====== Args={}
2025-03-06 22:29:44,744 : INFO : EventManager : Event: ======'mode_base_stopped'====== Args={}
2025-03-06 22:29:44,744 : INFO : EventManager : Event: ======'clear'====== Args={'key': 'base'}
2025-03-06 22:29:44,890 : INFO : EventManager : Event: ======'ball_ended'====== Args={}
2025-03-06 22:29:44,898 : INFO : EventManager : Event: ======'slide_base.slide_player-mode_base_started_removed'====== Args={'_from_bcp': True}
2025-03-06 22:29:44,898 : INFO : EventManager : Event: ======'slide_welcome_slide_active'====== Args={'_from_bcp': True}
2025-03-06 22:29:44,903 : INFO : EventManager : Event: ======'player_turn_will_end'====== Args={'player': <Player 1>, 'number': 1}
2025-03-06 22:29:44,903 : INFO : EventManager : Event: ======'player_turn_ending'====== Args={'player': <Player 1>, 'number': 1}
2025-03-06 22:29:44,903 : INFO : EventManager : Event: ======'player_turn_ended'====== Args={'player': <Player 1>, 'number': 1}
2025-03-06 22:29:44,903 : INFO : EventManager : Event: ======'player_turn_will_start'====== Args={'player': <Player 2>, 'number': 2}
2025-03-06 22:29:44,904 : INFO : EventManager : Event: ======'player_turn_starting'====== Args={'player': <Player 2>, 'number': 2}
2025-03-06 22:29:44,904 : INFO : EventManager : Event: ======'player_ball'====== Args={'value': 1, 'prev_value': 0, 'change': 1, 'player_num': 2}
2025-03-06 22:29:44,905 : INFO : EventManager : Event: ======'player_turn_started'====== Args={'player': <Player 2>, 'number': 2}
2025-03-06 22:29:44,905 : INFO : EventManager : Event: ======'ball_will_start'====== Args={'player': 2, 'ball': 1, 'balls_remaining': 2, 'is_extra_ball': False}
2025-03-06 22:29:44,914 : INFO : BallController : Found 1 ball(s) on playfield.
2025-03-06 22:29:44,914 : WARNING : BallController : Playfields still contain balls. Waiting for those to drain.
2025-03-06 22:29:45,903 : INFO : BallController : Found 1 ball(s) on playfield.
2025-03-06 22:29:45,904 : WARNING : BallController : Playfields still contain balls. Waiting for those to drain.
2025-03-06 22:29:46,918 : INFO : BallController : Found 1 ball(s) on playfield.
2025-03-06 22:29:46,919 : WARNING : BallController : Playfields still contain balls. Waiting for those to drain.
2025-03-06 22:29:47,043 : INFO : SwitchController : <<<<<<< 's_trough1' active >>>>>>>
2025-03-06 22:29:47,044 : INFO : EventManager : Event: ======'machine_var_audits_switches_s_trough1'====== Args={'value': 58, 'prev_value': 57, 'change': 1}
2025-03-06 22:29:47,355 : INFO : EventManager : Event: ======'balldevice_bd_trough_ball_count_changed'====== Args={'balls': 3}
2025-03-06 22:29:47,356 : INFO : ball_device.bd_trough : Received unexpected ball
2025-03-06 22:29:47,356 : INFO : EventManager : Event: ======'balldevice_captured_from_playfield'====== Args={'balls': 1}
2025-03-06 22:29:47,356 : INFO : EventManager : Event: ======'sw_playfield_active'====== Args={'balls': 1}
2025-03-06 22:29:47,357 : INFO : EventManager : Event: ======'playfield_ball_count_change'====== Args={'balls': 0, 'change': -1}
2025-03-06 22:29:47,358 : INFO : EventManager : Event: ======'balldevice_bd_trough_ball_enter'====== Args={'new_balls': 1, 'unclaimed_balls': 1, 'new_available_balls': 1, 'device': <ball_device.bd_trough>}
2025-03-06 22:29:47,358 : INFO : EventManager : Event: ======'ball_drain'====== Args={'device': <ball_device.bd_trough>, 'balls': 1}
2025-03-06 22:29:47,359 : INFO : EventManager : Event: ======'balldevice_balls_available'====== Args={}
2025-03-06 22:29:47,359 : INFO : EventManager : Event: ======'balldevice_bd_trough_ball_entered'====== Args={'new_balls': 1, 'device': <ball_device.bd_trough>}
2025-03-06 22:29:47,936 : INFO : EventManager : Event: ======'ball_starting'====== Args={'player': 2, 'ball': 1, 'balls_remaining': 2, 'is_extra_ball': False}
2025-03-06 22:29:47,938 : INFO : EventManager : Event: ======'balls_in_play'====== Args={'balls': 1}
2025-03-06 22:29:47,939 : INFO : EventManager : Event: ======'ball_started'====== Args={'player': 2, 'ball': 1, 'balls_remaining': 2, 'is_extra_ball': False}
2025-03-06 22:29:47,939 : INFO : EventManager : Event: ======'mode_base_will_start'====== Args={'player': 2, 'ball': 1, 'balls_remaining': 2, 'is_extra_ball': False}
2025-03-06 22:29:47,941 : INFO : EventManager : Event: ======'mode_base_starting'====== Args={'player': 2, 'ball': 1, 'balls_remaining': 2, 'is_extra_ball': False}
2025-03-06 22:29:47,944 : INFO : Mode.base : Started. Priority: 100
2025-03-06 22:29:47,944 : INFO : EventManager : Event: ======'modes_active_modes_changed'====== Args={}
2025-03-06 22:29:47,944 : INFO : EventManager : Event: ======'mode_base_started'====== Args={'player': 2, 'ball': 1, 'balls_remaining': 2, 'is_extra_ball': False}
2025-03-06 22:29:47,947 : INFO : EventManager : Event: ======'multi_player_ball_started'====== Args={}
2025-03-06 22:29:48,034 : INFO : EventManager : Event: ======'player_2_ball_started'====== Args={}
2025-03-06 22:29:48,035 : INFO : EventManager : Event: ======'slide_base.slide_player-mode_base_started_created'====== Args={'_from_bcp': True}
2025-03-06 22:29:48,035 : INFO : EventManager : Event: ======'slide_base.slide_player-mode_base_started_active'====== Args={'_from_bcp': True}
2025-03-06 22:29:48,035 : INFO : EventManager : Event: ======'ball_start_target'====== Args={'target': 'playfield'}
2025-03-06 22:29:48,035 : INFO : ball_device.bd_plunger_lane : Setting up player-controlled eject. Balls: 1, Target: <playfield.playfield>, player_controlled_eject_event: s_launcher_button_active
2025-03-06 22:29:48,036 : INFO : EventManager : Event: ======'balldevice_balls_available'====== Args={}
2025-03-06 22:29:48,036 : INFO : ball_device.bd_trough : State: waiting_for_target_ready
2025-03-06 22:29:48,037 : INFO : EventManager : Event: ======'balldevice_bd_trough_ball_eject_attempt'====== Args={'balls': 1, 'target': <ball_device.bd_plunger_lane>, 'source': <ball_device.bd_trough>, 'mechanical_eject': True, 'num_attempts': 0}
2025-03-06 22:29:48,037 : INFO : ball_device.bd_plunger_lane : State: waiting_for_ball
2025-03-06 22:29:48,037 : INFO : ball_device.bd_trough : State: ejecting
2025-03-06 22:29:48,037 : INFO : ball_device.bd_trough : Ejecting ball to <ball_device.bd_plunger_lane>
2025-03-06 22:29:48,038 : INFO : EventManager : Event: ======'balldevice_bd_trough_ejecting_ball'====== Args={'balls': 1, 'target': <ball_device.bd_plunger_lane>, 'source': <ball_device.bd_trough>, 'mechanical_eject': True, 'num_attempts': 0}
2025-03-06 22:29:48,038 : INFO : ball_device.bd_trough : Wait for ball to leave device
2025-03-06 22:29:48,039 : INFO : coil.c_trough_release : Pulsing Driver for 20ms (1.0 pulse_power)
2025-03-06 22:29:48,039 : INFO : SwitchController : <<<<<<< 's_trough1' inactive >>>>>>>
2025-03-06 22:29:48,058 : INFO : ball_device.bd_trough : State: ball_left
2025-03-06 22:29:48,058 : INFO : ball_device.bd_trough : Ball left
2025-03-06 22:29:48,058 : INFO : ball_device.bd_trough : Wait for confirm with timeout 3.0
2025-03-06 22:29:48,140 : INFO : SwitchController : <<<<<<< 's_plunger_lane' active >>>>>>>
2025-03-06 22:29:48,141 : INFO : EventManager : Event: ======'machine_var_audits_switches_s_plunger_lane'====== Args={'value': 83, 'prev_value': 82, 'change': 1}
2025-03-06 22:29:48,640 : INFO : ball_device.bd_plunger_lane : Received ball from <ball_device.bd_trough>
2025-03-06 22:29:48,640 : INFO : EventManager : Event: ======'balldevice_bd_plunger_lane_ball_enter'====== Args={'new_balls': 1, 'unclaimed_balls': 0, 'new_available_balls': 0, 'device': <ball_device.bd_plunger_lane>}
2025-03-06 22:29:48,641 : INFO : EventManager : Event: ======'balldevice_bd_plunger_lane_ball_entered'====== Args={'new_balls': 0, 'device': <ball_device.bd_plunger_lane>}
2025-03-06 22:29:48,642 : INFO : EventManager : Event: ======'balldevice_bd_plunger_lane_ball_count_changed'====== Args={'balls': 1}
2025-03-06 22:29:48,642 : INFO : ball_device.bd_trough : Got eject confirm
2025-03-06 22:29:48,642 : INFO : ball_device.bd_trough : Eject successful
2025-03-06 22:29:48,642 : INFO : EventManager : Event: ======'balldevice_bd_trough_ball_eject_success'====== Args={'balls': 1, 'target': <ball_device.bd_plunger_lane>}
2025-03-06 22:29:48,643 : INFO : ball_device.bd_plunger_lane : State: waiting_for_target_ready
2025-03-06 22:29:48,643 : INFO : EventManager : Event: ======'balldevice_bd_plunger_lane_ball_eject_attempt'====== Args={'balls': 1, 'target': <playfield.playfield>, 'source': <ball_device.bd_plunger_lane>, 'mechanical_eject': True, 'num_attempts': 0}
2025-03-06 22:29:48,644 : INFO : EventManager : Event: ======'balldevice_bd_trough_ball_count_changed'====== Args={'balls': 2}
2025-03-06 22:29:48,644 : INFO : ball_device.bd_trough : State: idle
2025-03-06 22:29:48,644 : INFO : ball_device.bd_plunger_lane : State: ejecting
2025-03-06 22:29:48,644 : INFO : ball_device.bd_plunger_lane : Ejecting ball to <playfield.playfield>
2025-03-06 22:29:48,644 : INFO : EventManager : Event: ======'balldevice_bd_plunger_lane_ejecting_ball'====== Args={'balls': 1, 'target': <playfield.playfield>, 'source': <ball_device.bd_plunger_lane>, 'mechanical_eject': True, 'num_attempts': 0}
2025-03-06 22:29:48,647 : INFO : ball_device.bd_plunger_lane : Wait for ball to leave device
2025-03-06 22:29:51,887 : INFO : SwitchController : <<<<<<< 's_launcher_button' active >>>>>>>
2025-03-06 22:29:51,887 : INFO : EventManager : Event: ======'s_launcher_button_active'====== Args={}
2025-03-06 22:29:51,887 : INFO : EventManager : Event: ======'sw_start'====== Args={}
2025-03-06 22:29:51,888 : INFO : EventManager : Event: ======'machine_var_audits_switches_s_launcher_button'====== Args={'value': 28, 'prev_value': 27, 'change': 1}
2025-03-06 22:29:51,889 : INFO : EventManager : Event: ======'player_add_request'====== Args={}
2025-03-06 22:29:51,889 : INFO : EventManager : Event: ======'player_will_add'====== Args={'number': 4}
2025-03-06 22:29:51,890 : INFO : EventManager : Event: ======'player_adding'====== Args={'player': <Player 4>, 'number': 4}
2025-03-06 22:29:51,890 : INFO : EventManager : Event: ======'player_added'====== Args={'player': <Player 4>, 'num': 4}
2025-03-06 22:29:51,890 : INFO : Mode.game : Player added successfully. Total players: 4
2025-03-06 22:29:51,891 : INFO : EventManager : Event: ======'player_index'====== Args={'value': 3, 'prev_value': 3, 'change': 0, 'player_num': 4}
2025-03-06 22:29:51,891 : INFO : EventManager : Event: ======'player_number'====== Args={'value': 4, 'prev_value': 4, 'change': 0, 'player_num': 4}
2025-03-06 22:29:51,891 : INFO : EventManager : Event: ======'player_score'====== Args={'value': 0, 'prev_value': 0, 'change': 0, 'player_num': 4}
2025-03-06 22:29:51,923 : INFO : coil.c_autolauncher : Pulsing Driver for 20ms (1.0 pulse_power)
2025-03-06 22:29:51,924 : INFO : SwitchController : <<<<<<< 's_plunger_lane' inactive >>>>>>>
2025-03-06 22:29:51,957 : INFO : ball_device.bd_plunger_lane : State: ball_left
2025-03-06 22:29:51,957 : INFO : ball_device.bd_plunger_lane : Ball left
2025-03-06 22:29:51,957 : INFO : ball_device.bd_plunger_lane : Wait for confirm with timeout 3.0
2025-03-06 22:29:51,978 : INFO : SwitchController : <<<<<<< 's_playfield_entry' active >>>>>>>
2025-03-06 22:29:51,978 : INFO : EventManager : Event: ======'sw_playfield_active'====== Args={}
2025-03-06 22:29:51,979 : INFO : EventManager : Event: ======'machine_var_audits_switches_s_playfield_entry'====== Args={'value': 159, 'prev_value': 158, 'change': 1}
2025-03-06 22:29:51,982 : INFO : EventManager : Event: ======'playfield_active'====== Args={}
2025-03-06 22:29:51,984 : INFO : SwitchController : <<<<<<< 's_launcher_button' inactive >>>>>>>
2025-03-06 22:29:52,035 : INFO : SwitchController : <<<<<<< 's_playfield_entry' inactive >>>>>>>
2025-03-06 22:29:52,073 : INFO : ball_device.bd_plunger_lane : Got eject confirm
2025-03-06 22:29:52,074 : INFO : ball_device.bd_plunger_lane : Eject successful
2025-03-06 22:29:52,074 : INFO : EventManager : Event: ======'balldevice_bd_plunger_lane_ball_eject_success'====== Args={'balls': 1, 'target': <playfield.playfield>}
2025-03-06 22:29:52,075 : INFO : EventManager : Event: ======'balldevice_playfield_ball_enter'====== Args={'new_balls': 1, 'unclaimed_balls': 1, 'device': <playfield.playfield>}
2025-03-06 22:29:52,075 : INFO : EventManager : Event: ======'playfield_ball_count_change'====== Args={'balls': 1, 'change': 1}
2025-03-06 22:29:52,076 : INFO : EventManager : Event: ======'balldevice_bd_plunger_lane_ball_count_changed'====== Args={'balls': 0}
2025-03-06 22:29:52,421 : INFO : ball_device.bd_plunger_lane : State: idle
2025-03-06 22:29:57,798 : INFO : SwitchController : <<<<<<< 's_trough1' active >>>>>>>
2025-03-06 22:29:57,799 : INFO : EventManager : Event: ======'machine_var_audits_switches_s_trough1'====== Args={'value': 59, 'prev_value': 58, 'change': 1}
2025-03-06 22:29:58,108 : INFO : EventManager : Event: ======'balldevice_bd_trough_ball_count_changed'====== Args={'balls': 3}
2025-03-06 22:29:58,108 : INFO : ball_device.bd_trough : Received unexpected ball
2025-03-06 22:29:58,109 : INFO : EventManager : Event: ======'balldevice_captured_from_playfield'====== Args={'balls': 1}
2025-03-06 22:29:58,109 : INFO : EventManager : Event: ======'sw_playfield_active'====== Args={'balls': 1}
2025-03-06 22:29:58,110 : INFO : EventManager : Event: ======'playfield_ball_count_change'====== Args={'balls': 0, 'change': -1}
2025-03-06 22:29:58,111 : INFO : EventManager : Event: ======'balldevice_bd_trough_ball_enter'====== Args={'new_balls': 1, 'unclaimed_balls': 1, 'new_available_balls': 1, 'device': <ball_device.bd_trough>}
2025-03-06 22:29:58,111 : INFO : EventManager : Event: ======'ball_drain'====== Args={'device': <ball_device.bd_trough>, 'balls': 1}
2025-03-06 22:29:58,111 : INFO : EventManager : Event: ======'ball_will_end'====== Args={}
2025-03-06 22:29:58,113 : INFO : EventManager : Event: ======'balldevice_balls_available'====== Args={}
2025-03-06 22:29:58,113 : INFO : EventManager : Event: ======'balldevice_bd_trough_ball_entered'====== Args={'new_balls': 1, 'device': <ball_device.bd_trough>}
2025-03-06 22:29:58,114 : INFO : EventManager : Event: ======'ball_ending'====== Args={}
2025-03-06 22:29:58,115 : INFO : EventManager : Event: ======'mode_base_will_stop'====== Args={}
2025-03-06 22:29:58,115 : INFO : EventManager : Event: ======'mode_base_stopping'====== Args={}
2025-03-06 22:29:58,115 : INFO : Mode.base : Stopped.
2025-03-06 22:29:58,116 : INFO : EventManager : Event: ======'modes_active_modes_changed'====== Args={}
2025-03-06 22:29:58,117 : INFO : EventManager : Event: ======'mode_base_stopped'====== Args={}
2025-03-06 22:29:58,117 : INFO : EventManager : Event: ======'clear'====== Args={'key': 'base'}
2025-03-06 22:29:58,273 : INFO : EventManager : Event: ======'ball_ended'====== Args={}
2025-03-06 22:29:58,275 : INFO : EventManager : Event: ======'slide_base.slide_player-mode_base_started_removed'====== Args={'_from_bcp': True}
2025-03-06 22:29:58,275 : INFO : EventManager : Event: ======'slide_welcome_slide_active'====== Args={'_from_bcp': True}
2025-03-06 22:29:58,275 : INFO : EventManager : Event: ======'player_turn_will_end'====== Args={'player': <Player 2>, 'number': 2}
2025-03-06 22:29:58,278 : INFO : EventManager : Event: ======'player_turn_ending'====== Args={'player': <Player 2>, 'number': 2}
2025-03-06 22:29:58,279 : INFO : EventManager : Event: ======'player_turn_ended'====== Args={'player': <Player 2>, 'number': 2}
2025-03-06 22:29:58,279 : INFO : EventManager : Event: ======'player_turn_will_start'====== Args={'player': <Player 3>, 'number': 3}
2025-03-06 22:29:58,279 : INFO : EventManager : Event: ======'player_turn_starting'====== Args={'player': <Player 3>, 'number': 3}
2025-03-06 22:29:58,279 : INFO : EventManager : Event: ======'player_ball'====== Args={'value': 1, 'prev_value': 0, 'change': 1, 'player_num': 3}
2025-03-06 22:29:58,279 : INFO : EventManager : Event: ======'player_turn_started'====== Args={'player': <Player 3>, 'number': 3}
2025-03-06 22:29:58,280 : INFO : EventManager : Event: ======'ball_will_start'====== Args={'player': 3, 'ball': 1, 'balls_remaining': 2, 'is_extra_ball': False}
2025-03-06 22:29:58,284 : INFO : EventManager : Event: ======'ball_starting'====== Args={'player': 3, 'ball': 1, 'balls_remaining': 2, 'is_extra_ball': False}
2025-03-06 22:29:58,285 : INFO : EventManager : Event: ======'balls_in_play'====== Args={'balls': 1}
2025-03-06 22:29:58,285 : INFO : EventManager : Event: ======'ball_started'====== Args={'player': 3, 'ball': 1, 'balls_remaining': 2, 'is_extra_ball': False}
2025-03-06 22:29:58,285 : INFO : EventManager : Event: ======'mode_base_will_start'====== Args={'player': 3, 'ball': 1, 'balls_remaining': 2, 'is_extra_ball': False}
2025-03-06 22:29:58,285 : INFO : EventManager : Event: ======'mode_base_starting'====== Args={'player': 3, 'ball': 1, 'balls_remaining': 2, 'is_extra_ball': False}
2025-03-06 22:29:58,286 : INFO : Mode.base : Started. Priority: 100
2025-03-06 22:29:58,286 : INFO : EventManager : Event: ======'modes_active_modes_changed'====== Args={}
2025-03-06 22:29:58,286 : INFO : EventManager : Event: ======'mode_base_started'====== Args={'player': 3, 'ball': 1, 'balls_remaining': 2, 'is_extra_ball': False}
2025-03-06 22:29:58,286 : INFO : EventManager : Event: ======'multi_player_ball_started'====== Args={}
2025-03-06 22:29:58,321 : INFO : EventManager : Event: ======'player_3_ball_started'====== Args={}
2025-03-06 22:29:58,322 : INFO : EventManager : Event: ======'slide_base.slide_player-mode_base_started_created'====== Args={'_from_bcp': True}
2025-03-06 22:29:58,322 : INFO : EventManager : Event: ======'slide_base.slide_player-mode_base_started_active'====== Args={'_from_bcp': True}
2025-03-06 22:29:58,322 : INFO : EventManager : Event: ======'ball_start_target'====== Args={'target': 'playfield'}
2025-03-06 22:29:58,322 : INFO : ball_device.bd_plunger_lane : Setting up player-controlled eject. Balls: 1, Target: <playfield.playfield>, player_controlled_eject_event: s_launcher_button_active
2025-03-06 22:29:58,322 : INFO : EventManager : Event: ======'balldevice_balls_available'====== Args={}
2025-03-06 22:29:58,322 : INFO : ball_device.bd_trough : State: waiting_for_target_ready
2025-03-06 22:29:58,323 : INFO : EventManager : Event: ======'balldevice_bd_trough_ball_eject_attempt'====== Args={'balls': 1, 'target': <ball_device.bd_plunger_lane>, 'source': <ball_device.bd_trough>, 'mechanical_eject': True, 'num_attempts': 0}
2025-03-06 22:29:58,323 : INFO : ball_device.bd_plunger_lane : State: waiting_for_ball
2025-03-06 22:29:58,323 : INFO : ball_device.bd_trough : State: ejecting
2025-03-06 22:29:58,323 : INFO : ball_device.bd_trough : Ejecting ball to <ball_device.bd_plunger_lane>
2025-03-06 22:29:58,323 : INFO : EventManager : Event: ======'balldevice_bd_trough_ejecting_ball'====== Args={'balls': 1, 'target': <ball_device.bd_plunger_lane>, 'source': <ball_device.bd_trough>, 'mechanical_eject': True, 'num_attempts': 0}
2025-03-06 22:29:58,323 : INFO : ball_device.bd_trough : Wait for ball to leave device
2025-03-06 22:29:58,324 : INFO : coil.c_trough_release : Pulsing Driver for 20ms (1.0 pulse_power)
2025-03-06 22:29:58,324 : INFO : SwitchController : <<<<<<< 's_trough1' inactive >>>>>>>
2025-03-06 22:29:58,328 : INFO : ball_device.bd_trough : State: ball_left
2025-03-06 22:29:58,328 : INFO : ball_device.bd_trough : Ball left
2025-03-06 22:29:58,328 : INFO : ball_device.bd_trough : Wait for confirm with timeout 3.0
2025-03-06 22:29:58,433 : INFO : SwitchController : <<<<<<< 's_plunger_lane' active >>>>>>>
2025-03-06 22:29:58,434 : INFO : EventManager : Event: ======'machine_var_audits_switches_s_plunger_lane'====== Args={'value': 84, 'prev_value': 83, 'change': 1}
2025-03-06 22:29:58,949 : INFO : ball_device.bd_plunger_lane : Received ball from <ball_device.bd_trough>
2025-03-06 22:29:58,949 : INFO : EventManager : Event: ======'balldevice_bd_plunger_lane_ball_enter'====== Args={'new_balls': 1, 'unclaimed_balls': 0, 'new_available_balls': 0, 'device': <ball_device.bd_plunger_lane>}
2025-03-06 22:29:58,951 : INFO : EventManager : Event: ======'balldevice_bd_plunger_lane_ball_entered'====== Args={'new_balls': 0, 'device': <ball_device.bd_plunger_lane>}
2025-03-06 22:29:58,952 : INFO : EventManager : Event: ======'balldevice_bd_plunger_lane_ball_count_changed'====== Args={'balls': 1}
2025-03-06 22:29:58,952 : INFO : ball_device.bd_trough : Got eject confirm
2025-03-06 22:29:58,952 : INFO : ball_device.bd_trough : Eject successful
2025-03-06 22:29:58,952 : INFO : EventManager : Event: ======'balldevice_bd_trough_ball_eject_success'====== Args={'balls': 1, 'target': <ball_device.bd_plunger_lane>}
2025-03-06 22:29:58,953 : INFO : ball_device.bd_plunger_lane : State: waiting_for_target_ready
2025-03-06 22:29:58,953 : INFO : EventManager : Event: ======'balldevice_bd_plunger_lane_ball_eject_attempt'====== Args={'balls': 1, 'target': <playfield.playfield>, 'source': <ball_device.bd_plunger_lane>, 'mechanical_eject': True, 'num_attempts': 0}
2025-03-06 22:29:58,953 : INFO : EventManager : Event: ======'balldevice_bd_trough_ball_count_changed'====== Args={'balls': 2}
2025-03-06 22:29:58,953 : INFO : ball_device.bd_trough : State: idle
2025-03-06 22:29:58,955 : INFO : ball_device.bd_plunger_lane : State: ejecting
2025-03-06 22:29:58,955 : INFO : ball_device.bd_plunger_lane : Ejecting ball to <playfield.playfield>
2025-03-06 22:29:58,955 : INFO : EventManager : Event: ======'balldevice_bd_plunger_lane_ejecting_ball'====== Args={'balls': 1, 'target': <playfield.playfield>, 'source': <ball_device.bd_plunger_lane>, 'mechanical_eject': True, 'num_attempts': 0}
2025-03-06 22:29:58,958 : INFO : ball_device.bd_plunger_lane : Wait for ball to leave device
2025-03-06 22:30:00,866 : INFO : Machine : Shutting down...
2025-03-06 22:30:00,866 : INFO : EventManager : Event: ======'shutdown'====== Args={}
2025-03-06 22:30:00,867 : INFO : EventManager : Event: ======'mode_game_will_stop'====== Args={}
2025-03-06 22:30:00,867 : INFO : EventManager : Event: ======'mode_game_stopping'====== Args={}
2025-03-06 22:30:00,868 : INFO : EventManager : Event: ======'mode_base_will_stop'====== Args={}
2025-03-06 22:30:00,868 : INFO : EventManager : Event: ======'mode_base_stopping'====== Args={}
2025-03-06 22:30:00,868 : INFO : Mode.base : Stopped.
2025-03-06 22:30:00,868 : INFO : EventManager : Event: ======'modes_active_modes_changed'====== Args={}
2025-03-06 22:30:00,868 : INFO : EventManager : Event: ======'mode_base_stopped'====== Args={}
2025-03-06 22:30:00,868 : INFO : EventManager : Event: ======'clear'====== Args={'key': 'base'}
2025-03-06 22:30:00,869 : INFO : Mode.game : Stopped.
2025-03-06 22:30:00,869 : INFO : EventManager : Event: ======'modes_active_modes_changed'====== Args={}
2025-03-06 22:30:00,869 : INFO : EventManager : Event: ======'mode_game_stopped'====== Args={}
2025-03-06 22:30:00,869 : INFO : EventManager : Event: ======'clear'====== Args={'key': 'game'}
2025-03-06 22:30:00,871 : INFO : root : MPF run loop ended.
