2025-03-05 20:39:08,944 : INFO : root : Loading config.
2025-03-05 20:39:08,947 : INFO : YamlMultifileConfigLoader : Machine config file #1: config.yaml
2025-03-05 20:39:08,947 : WARNING : ConfigProcessor : Config file in cache changed: C:\Users\duffb\OneDrive\Documents\Python Envs\PinBallWW1\Machine\config\config.yaml
2025-03-05 20:39:08,948 : INFO : ConfigProcessor : Loading config from file C:\Users\duffb\.pyenv\pyenv-win\versions\3.11.0\Lib\site-packages\mpf\mpfconfig.yaml.
2025-03-05 20:39:08,948 : DEBUG : YAML File Interface : Loading file: C:\Users\duffb\.pyenv\pyenv-win\versions\3.11.0\Lib\site-packages\mpf\mpfconfig.yaml
2025-03-05 20:39:08,956 : INFO : ConfigProcessor : Loading config: C:\Users\duffb\.pyenv\pyenv-win\versions\3.11.0\Lib\site-packages\mpf\mpfconfig.yaml
2025-03-05 20:39:08,957 : INFO : ConfigProcessor : Loading config from file C:\Users\duffb\OneDrive\Documents\Python Envs\PinBallWW1\Machine\config\config.yaml.
2025-03-05 20:39:08,957 : DEBUG : YAML File Interface : Loading file: C:\Users\duffb\OneDrive\Documents\Python Envs\PinBallWW1\Machine\config\config.yaml
2025-03-05 20:39:08,974 : INFO : ConfigProcessor : Loading config: C:\Users\duffb\OneDrive\Documents\Python Envs\PinBallWW1\Machine\config\config.yaml
2025-03-05 20:39:08,976 : INFO : ConfigProcessor : Config file cache created: C:\Users\duffb\AppData\Local\Temp\cadfdee4981114acd6fff59d1071b59b.mpf_cache
2025-03-05 20:39:09,060 : DEBUG : YamlMultifileConfigLoader : Loading mode attract from C:\Users\duffb\.pyenv\pyenv-win\versions\3.11.0\Lib\site-packages\mpf\modes\attract\config\attract.yaml
2025-03-05 20:39:09,060 : INFO : ConfigProcessor : Loading config from cache: C:\Users\duffb\AppData\Local\Temp\2d51d76727b268a801d8dd7a18b89879.mpf_cache
2025-03-05 20:39:09,061 : DEBUG : YamlMultifileConfigLoader : Loading mode game from C:\Users\duffb\.pyenv\pyenv-win\versions\3.11.0\Lib\site-packages\mpf\modes\game\config\game.yaml
2025-03-05 20:39:09,061 : INFO : ConfigProcessor : Loading config from cache: C:\Users\duffb\AppData\Local\Temp\9f058d482eac17116727d62a93500be7.mpf_cache
2025-03-05 20:39:09,061 : INFO : Machine : Mission Pinball Framework Core Engine v0.57.0
2025-03-05 20:39:09,061 : INFO : Machine : Command line arguments: {'no_load_cache': False, 'create_config_cache': True, 'bcp': True, 'configfile': ['config.yaml'], 'force_assets_load': False, 'platform_integration_test': False, 'jsonlogging': False, 'logfile': 'logs\\2025-03-05-20-39-08-mpf-T0SHIII.log', 'pause': False, 'production': False, 'text_ui': True, 'loglevel': 10, 'consoleloglevel': 20, 'force_platform': None, 'syslog_address': None, 'mc_file_name': None, 'no_sound': False}
2025-03-05 20:39:09,062 : INFO : Machine : MPF path: C:\Users\duffb\.pyenv\pyenv-win\versions\3.11.0\Lib\site-packages\mpf
2025-03-05 20:39:09,062 : INFO : Machine : Machine path: C:\Users\duffb\OneDrive\Documents\Python Envs\PinBallWW1\Machine
2025-03-05 20:39:09,062 : INFO : Machine : Platform: win32
2025-03-05 20:39:09,062 : INFO : Machine : Python executable location: C:\Users\duffb\.pyenv\pyenv-win\versions\3.11.0\python.exe
2025-03-05 20:39:09,062 : INFO : Machine : Python version: 3.11.0 (64-bit)
2025-03-05 20:39:09,063 : DEBUG : asyncio : Using proactor: IocpProactor
2025-03-05 20:39:09,063 : INFO : Machine : Initializing MPF...
2025-03-05 20:39:09,126 : DEBUG : asciimatics.widgets.layout : Updating: None
2025-03-05 20:39:09,126 : DEBUG : asciimatics.widgets.layout : Updating: None
2025-03-05 20:39:09,126 : DEBUG : asciimatics.widgets.layout : Updating: None
2025-03-05 20:39:09,126 : DEBUG : asciimatics.widgets.layout : Updating: None
2025-03-05 20:39:09,126 : DEBUG : asciimatics.widgets.layout : Updating: None
2025-03-05 20:39:09,126 : DEBUG : asciimatics.widgets.layout : Updating: None
2025-03-05 20:39:09,126 : DEBUG : asciimatics.widgets.layout : Updating: None
2025-03-05 20:39:09,126 : DEBUG : asciimatics.widgets.layout : Updating: None
2025-03-05 20:39:09,127 : DEBUG : asciimatics.widgets.layout : Updating: None
2025-03-05 20:39:09,127 : DEBUG : asciimatics.widgets.layout : Updating: None
2025-03-05 20:39:09,127 : DEBUG : asciimatics.widgets.layout : Updating: None
2025-03-05 20:39:09,127 : DEBUG : asciimatics.widgets.layout : Updating: None
2025-03-05 20:39:09,127 : DEBUG : asciimatics.widgets.widget : Widget blur: <asciimatics.widgets.label.Label object at 0x0000027532CAE190>
2025-03-05 20:39:09,127 : DEBUG : asciimatics.widgets.widget : Widget blur: <asciimatics.widgets.label.Label object at 0x0000027532E7D7D0>
2025-03-05 20:39:09,127 : DEBUG : asciimatics.widgets.widget : Widget blur: <asciimatics.widgets.label.Label object at 0x0000027532E7D8A0>
2025-03-05 20:39:09,127 : DEBUG : asciimatics.widgets.layout : Blur: <asciimatics.widgets.layout.Layout object at 0x0000027532E472E0>
2025-03-05 20:39:09,127 : DEBUG : asciimatics.widgets.layout : Blur: <mpf.core.text_ui.MpfLayout object at 0x0000027532E399D0>
2025-03-05 20:39:09,127 : DEBUG : asciimatics.widgets.layout : Updating: None
2025-03-05 20:39:09,127 : DEBUG : asciimatics.widgets.layout : Updating: None
2025-03-05 20:39:09,127 : DEBUG : asciimatics.widgets.layout : Updating: None
2025-03-05 20:39:09,127 : DEBUG : asciimatics.widgets.layout : Updating: None
2025-03-05 20:39:09,127 : DEBUG : asciimatics.widgets.layout : Updating: None
2025-03-05 20:39:09,127 : DEBUG : asciimatics.widgets.layout : Updating: None
2025-03-05 20:39:09,127 : DEBUG : asciimatics.widgets.widget : Widget blur: <asciimatics.widgets.label.Label object at 0x0000027532E7DCB0>
2025-03-05 20:39:09,127 : DEBUG : asciimatics.widgets.widget : Widget blur: <asciimatics.widgets.label.Label object at 0x0000027532E7DBE0>
2025-03-05 20:39:09,127 : DEBUG : asciimatics.widgets.widget : Widget blur: <asciimatics.widgets.label.Label object at 0x0000027532E7DD80>
2025-03-05 20:39:09,127 : DEBUG : asciimatics.widgets.widget : Widget blur: <asciimatics.widgets.label.Label object at 0x0000027532E7DB10>
2025-03-05 20:39:09,127 : DEBUG : asciimatics.widgets.widget : Widget blur: <asciimatics.widgets.label.Label object at 0x0000027532E7DA40>
2025-03-05 20:39:09,127 : DEBUG : asciimatics.widgets.widget : Widget blur: <asciimatics.widgets.label.Label object at 0x0000027532E7D970>
2025-03-05 20:39:09,127 : DEBUG : asciimatics.widgets.layout : Blur: <asciimatics.widgets.layout.Layout object at 0x0000027532E473A0>
2025-03-05 20:39:09,127 : DEBUG : asciimatics.widgets.layout : Focus: <asciimatics.widgets.layout.Layout object at 0x0000027532E472E0>
2025-03-05 20:39:09,127 : DEBUG : asciimatics.widgets.layout : Focus: <mpf.core.text_ui.MpfLayout object at 0x0000027532E399D0>
2025-03-05 20:39:09,127 : DEBUG : asciimatics.widgets.layout : Focus: <asciimatics.widgets.layout.Layout object at 0x0000027532E473A0>
2025-03-05 20:39:09,127 : DEBUG : asciimatics.widgets.frame : Cloning: Test
2025-03-05 20:39:09,127 : DEBUG : asciimatics.widgets.layout : Updating: None
2025-03-05 20:39:09,127 : DEBUG : asciimatics.widgets.layout : Updating: None
2025-03-05 20:39:09,127 : DEBUG : asciimatics.widgets.layout : Updating: None
2025-03-05 20:39:09,128 : DEBUG : asciimatics.widgets.layout : Updating: None
2025-03-05 20:39:09,128 : DEBUG : asciimatics.widgets.layout : Updating: None
2025-03-05 20:39:09,128 : DEBUG : asciimatics.widgets.layout : Updating: None
2025-03-05 20:39:09,128 : DEBUG : asciimatics.widgets.layout : Updating: None
2025-03-05 20:39:09,128 : DEBUG : asciimatics.widgets.layout : Updating: None
2025-03-05 20:39:09,128 : DEBUG : asciimatics.widgets.layout : Updating: None
2025-03-05 20:39:09,128 : DEBUG : asciimatics.widgets.layout : Updating: None
2025-03-05 20:39:09,128 : DEBUG : asciimatics.widgets.layout : Updating: None
2025-03-05 20:39:09,128 : DEBUG : asciimatics.widgets.layout : Updating: None
2025-03-05 20:39:09,128 : DEBUG : asciimatics.widgets.layout : Updating: None
2025-03-05 20:39:09,128 : DEBUG : asciimatics.widgets.layout : Updating: None
2025-03-05 20:39:09,128 : DEBUG : asciimatics.widgets.layout : Updating: None
2025-03-05 20:39:09,128 : DEBUG : asciimatics.widgets.layout : Updating: None
2025-03-05 20:39:09,128 : DEBUG : asciimatics.widgets.layout : Updating: None
2025-03-05 20:39:09,128 : DEBUG : asciimatics.widgets.layout : Updating: None
2025-03-05 20:39:09,128 : DEBUG : asciimatics.screen : Processing key: d
2025-03-05 20:39:09,220 : INFO : EventManager : Event: ======'machine_var_credits_string'====== Args={'value': 'FREE PLAY', 'prev_value': None, 'change': True}
2025-03-05 20:39:09,259 : INFO : EventManager : Event: ======'machine_var_master_volume'====== Args={'value': 0.5, 'prev_value': None, 'change': True}
2025-03-05 20:39:09,259 : INFO : EventManager : Event: ======'machine_var_mpf_version'====== Args={'value': 'Mission Pinball Framework v0.57.0', 'prev_value': None, 'change': True}
2025-03-05 20:39:09,259 : INFO : EventManager : Event: ======'machine_var_mpf_extended_version'====== Args={'value': 'Mission Pinball Framework v0.57.0, Config version:6, Show version: 6, BCP version:1.1', 'prev_value': None, 'change': True}
2025-03-05 20:39:09,259 : INFO : EventManager : Event: ======'machine_var_python_version'====== Args={'value': '3.11.0', 'prev_value': None, 'change': True}
2025-03-05 20:39:09,269 : INFO : EventManager : Event: ======'machine_var_platform'====== Args={'value': 'Windows-10-10.0.26100-SP0', 'prev_value': None, 'change': True}
2025-03-05 20:39:09,269 : INFO : EventManager : Event: ======'machine_var_platform_system'====== Args={'value': 'Windows', 'prev_value': None, 'change': True}
2025-03-05 20:39:09,269 : INFO : EventManager : Event: ======'machine_var_platform_release'====== Args={'value': '10', 'prev_value': None, 'change': True}
2025-03-05 20:39:09,269 : INFO : EventManager : Event: ======'machine_var_platform_version'====== Args={'value': '10.0.26100', 'prev_value': None, 'change': True}
2025-03-05 20:39:09,269 : INFO : EventManager : Event: ======'machine_var_platform_machine'====== Args={'value': 'AMD64', 'prev_value': None, 'change': True}
2025-03-05 20:39:09,269 : INFO : EventManager : Event: ======'init_phase_1'====== Args={}
2025-03-05 20:39:09,273 : DEBUG : ModeController : Loaded mode attract
2025-03-05 20:39:09,276 : DEBUG : ModeController : Loaded mode game
2025-03-05 20:39:09,278 : DEBUG : ball_device.bd_trough : Configuring device with settings: '{'entrance_switch': 's_trough_enter', 'entrance_switch_full_timeout': '500ms', 'ball_capacity': 3, 'eject_coil': 'c_trough_release', 'eject_targets': [<ball_device.bd_plunger_lane>], 'tags': ['trough', 'home'], 'eject_timeouts': [3000], 'debug': True, 'label': '%', 'console_log': 'full', 'file_log': 'full', 'entrance_events': {}, 'idle_missing_ball_timeout': 5.0, 'confirm_eject_type': 'target', 'captures_from': <playfield.playfield>, 'ball_missing_timeouts': [], 'ball_missing_target': <playfield.playfield>, 'confirm_eject_switch': None, 'confirm_eject_event': None, 'max_eject_attempts': 0, 'request_ball_events': {}, 'eject_events': {}, 'eject_all_events': {}, 'mechanical_eject': False, 'player_controlled_eject_event': None, 'ball_search_order': 200, 'auto_fire_on_unexpected_ball': True, 'target_on_unexpected_ball': None}'
2025-03-05 20:39:09,281 : INFO : EventManager : Event: ======'init_phase_2'====== Args={}
2025-03-05 20:39:09,281 : INFO : SwitchController : Found active switch: ('8', <Platform.SmartVirtual>) <switch.s_trough_enter>
2025-03-05 20:39:09,281 : INFO : EventManager : Event: ======'bcp_connection_attempt'====== Args={'name': 'local_display', 'host': 'localhost', 'port': 5050}
2025-03-05 20:39:09,283 : DEBUG : asciimatics.widgets.layout : Updating: message
2025-03-05 20:39:09,283 : DEBUG : asciimatics.widgets.layout : Updating: message
2025-03-05 20:39:09,283 : DEBUG : asciimatics.widgets.widget : Widget blur: <asciimatics.widgets.textbox.TextBox object at 0x0000027532E4B0A0>
2025-03-05 20:39:09,283 : DEBUG : asciimatics.widgets.layout : Blur: <asciimatics.widgets.layout.Layout object at 0x0000027532F9BDC0>
2025-03-05 20:39:09,283 : DEBUG : asciimatics.widgets.layout : Blur: <asciimatics.widgets.layout.Layout object at 0x0000027532F9BE20>
2025-03-05 20:39:09,283 : DEBUG : asciimatics.widgets.layout : Focus: <asciimatics.widgets.layout.Layout object at 0x0000027532F9BDC0>
2025-03-05 20:39:09,283 : DEBUG : asciimatics.widgets.layout : Focus: <asciimatics.widgets.layout.Layout object at 0x0000027532F9BE20>
2025-03-05 20:39:09,283 : INFO : BCPClientSocket : Connecting BCP to 'local_display' at localhost:5050...
2025-03-05 20:39:11,342 : INFO : BCPClientSocket : Connected BCP to 'local_display' localhost:5050
2025-03-05 20:39:11,343 : INFO : EventManager : Event: ======'bcp_clients_connected'====== Args={}
2025-03-05 20:39:11,344 : DEBUG : asciimatics.widgets.layout : Updating: None
2025-03-05 20:39:11,344 : DEBUG : asciimatics.widgets.layout : Updating: None
2025-03-05 20:39:11,344 : DEBUG : asciimatics.widgets.layout : Updating: None
2025-03-05 20:39:11,344 : DEBUG : asciimatics.widgets.layout : Updating: None
2025-03-05 20:39:11,344 : DEBUG : asciimatics.widgets.layout : Updating: None
2025-03-05 20:39:11,344 : DEBUG : asciimatics.widgets.layout : Updating: None
2025-03-05 20:39:11,344 : DEBUG : asciimatics.widgets.layout : Updating: None
2025-03-05 20:39:11,344 : DEBUG : asciimatics.widgets.layout : Updating: None
2025-03-05 20:39:11,344 : DEBUG : asciimatics.widgets.layout : Updating: None
2025-03-05 20:39:11,344 : DEBUG : asciimatics.widgets.layout : Updating: None
2025-03-05 20:39:11,344 : DEBUG : asciimatics.widgets.layout : Updating: None
2025-03-05 20:39:11,344 : DEBUG : asciimatics.widgets.layout : Updating: None
2025-03-05 20:39:11,344 : DEBUG : asciimatics.widgets.widget : Widget blur: <asciimatics.widgets.label.Label object at 0x0000027532FC8860>
2025-03-05 20:39:11,344 : DEBUG : asciimatics.widgets.widget : Widget blur: <asciimatics.widgets.label.Label object at 0x0000027532FC8930>
2025-03-05 20:39:11,344 : DEBUG : asciimatics.widgets.widget : Widget blur: <asciimatics.widgets.label.Label object at 0x0000027532FC8A00>
2025-03-05 20:39:11,344 : DEBUG : asciimatics.widgets.layout : Blur: <asciimatics.widgets.layout.Layout object at 0x0000027532FD4700>
2025-03-05 20:39:11,344 : DEBUG : asciimatics.widgets.layout : Blur: <mpf.core.text_ui.MpfLayout object at 0x0000027532FBD250>
2025-03-05 20:39:11,345 : DEBUG : asciimatics.widgets.layout : Updating: None
2025-03-05 20:39:11,345 : DEBUG : asciimatics.widgets.layout : Updating: None
2025-03-05 20:39:11,345 : DEBUG : asciimatics.widgets.layout : Updating: None
2025-03-05 20:39:11,345 : DEBUG : asciimatics.widgets.layout : Updating: None
2025-03-05 20:39:11,345 : DEBUG : asciimatics.widgets.layout : Updating: None
2025-03-05 20:39:11,345 : DEBUG : asciimatics.widgets.layout : Updating: None
2025-03-05 20:39:11,345 : DEBUG : asciimatics.widgets.widget : Widget blur: <asciimatics.widgets.label.Label object at 0x0000027532FC93C0>
2025-03-05 20:39:11,345 : DEBUG : asciimatics.widgets.widget : Widget blur: <asciimatics.widgets.label.Label object at 0x0000027532FC92F0>
2025-03-05 20:39:11,345 : DEBUG : asciimatics.widgets.widget : Widget blur: <asciimatics.widgets.label.Label object at 0x0000027532FC9490>
2025-03-05 20:39:11,345 : DEBUG : asciimatics.widgets.widget : Widget blur: <asciimatics.widgets.label.Label object at 0x0000027532FC9220>
2025-03-05 20:39:11,345 : DEBUG : asciimatics.widgets.widget : Widget blur: <asciimatics.widgets.label.Label object at 0x0000027532FC8BA0>
2025-03-05 20:39:11,345 : DEBUG : asciimatics.widgets.widget : Widget blur: <asciimatics.widgets.label.Label object at 0x0000027532FC8AD0>
2025-03-05 20:39:11,345 : DEBUG : asciimatics.widgets.layout : Blur: <asciimatics.widgets.layout.Layout object at 0x0000027532FD4820>
2025-03-05 20:39:11,345 : DEBUG : asciimatics.widgets.layout : Focus: <asciimatics.widgets.layout.Layout object at 0x0000027532FD4700>
2025-03-05 20:39:11,345 : DEBUG : asciimatics.widgets.layout : Focus: <mpf.core.text_ui.MpfLayout object at 0x0000027532FBD250>
2025-03-05 20:39:11,345 : DEBUG : asciimatics.widgets.layout : Focus: <asciimatics.widgets.layout.Layout object at 0x0000027532FD4820>
2025-03-05 20:39:11,345 : DEBUG : asciimatics.widgets.frame : Cloning: Test
2025-03-05 20:39:11,345 : DEBUG : asciimatics.widgets.layout : Updating: None
2025-03-05 20:39:11,345 : DEBUG : asciimatics.widgets.layout : Updating: None
2025-03-05 20:39:11,345 : DEBUG : asciimatics.widgets.layout : Updating: None
2025-03-05 20:39:11,345 : DEBUG : asciimatics.widgets.layout : Updating: None
2025-03-05 20:39:11,345 : DEBUG : asciimatics.widgets.layout : Updating: None
2025-03-05 20:39:11,345 : DEBUG : asciimatics.widgets.layout : Updating: None
2025-03-05 20:39:11,345 : DEBUG : asciimatics.widgets.layout : Updating: None
2025-03-05 20:39:11,345 : DEBUG : asciimatics.widgets.layout : Updating: None
2025-03-05 20:39:11,345 : DEBUG : asciimatics.widgets.layout : Updating: None
2025-03-05 20:39:11,345 : DEBUG : asciimatics.widgets.layout : Updating: None
2025-03-05 20:39:11,345 : DEBUG : asciimatics.widgets.layout : Updating: None
2025-03-05 20:39:11,345 : DEBUG : asciimatics.widgets.layout : Updating: None
2025-03-05 20:39:11,345 : DEBUG : asciimatics.widgets.layout : Updating: None
2025-03-05 20:39:11,345 : DEBUG : asciimatics.widgets.layout : Updating: None
2025-03-05 20:39:11,345 : DEBUG : asciimatics.widgets.layout : Updating: None
2025-03-05 20:39:11,345 : DEBUG : asciimatics.widgets.layout : Updating: None
2025-03-05 20:39:11,345 : DEBUG : asciimatics.widgets.layout : Updating: None
2025-03-05 20:39:11,345 : DEBUG : asciimatics.widgets.layout : Updating: None
2025-03-05 20:39:11,433 : INFO : ball_device.bd_drain : BCH: Initial count: 0
2025-03-05 20:39:11,433 : INFO : ball_device.bd_drain : State: idle
2025-03-05 20:39:11,433 : INFO : ball_device.bd_trough : BCH: Initial count: 3
2025-03-05 20:39:11,433 : INFO : ball_device.bd_trough : State: idle
2025-03-05 20:39:11,433 : DEBUG : ball_device.bd_trough : Waiting for eject request.
2025-03-05 20:39:11,433 : INFO : ball_device.bd_plunger_lane : BCH: Initial count: 0
2025-03-05 20:39:11,434 : INFO : ball_device.bd_plunger_lane : State: idle
2025-03-05 20:39:11,437 : DEBUG : Machine : "info_lights:" section not found in machine configuration, so the InfoLights will not be used.
2025-03-05 20:39:11,439 : DEBUG : Machine : "switch_player:" section not found in machine configuration, so the SwitchPlayer will not be used.
2025-03-05 20:39:11,442 : DEBUG : Machine : "twitch_client:" section not found in machine configuration, so the TwitchBot will not be used.
2025-03-05 20:39:11,442 : DEBUG : Machine : "virtual_segment_display_connector:" section not found in machine configuration, so the VirtualSegmentDisplayConnector will not be used.
2025-03-05 20:39:11,442 : INFO : EventManager : Event: ======'init_phase_3'====== Args={}
2025-03-05 20:39:11,442 : DEBUG : ShowController : Loading show: flash
2025-03-05 20:39:11,443 : DEBUG : ShowController : Loading show: on
2025-03-05 20:39:11,443 : DEBUG : ShowController : Loading show: off
2025-03-05 20:39:11,443 : DEBUG : ShowController : Loading show: led_color
2025-03-05 20:39:11,443 : DEBUG : ShowController : Loading show: bl_color
2025-03-05 20:39:11,443 : DEBUG : ShowController : Loading show: flash_color
2025-03-05 20:39:11,444 : INFO : EventManager : Event: ======'init_phase_4'====== Args={}
2025-03-05 20:39:11,445 : INFO : BallController : Initial balls found: 3
2025-03-05 20:39:11,445 : INFO : EventManager : Event: ======'machine_var_audits_switches_s_plunger_lane'====== Args={'value': 0, 'prev_value': None, 'change': True}
2025-03-05 20:39:11,445 : INFO : EventManager : Event: ======'machine_var_audits_switches_s_right_flipper'====== Args={'value': 0, 'prev_value': None, 'change': True}
2025-03-05 20:39:11,445 : INFO : EventManager : Event: ======'machine_var_audits_switches_s_trough_enter'====== Args={'value': 0, 'prev_value': None, 'change': True}
2025-03-05 20:39:11,445 : INFO : EventManager : Event: ======'machine_var_audits_switches_s_left_flipper'====== Args={'value': 0, 'prev_value': None, 'change': True}
2025-03-05 20:39:11,445 : INFO : EventManager : Event: ======'machine_var_audits_switches_s_launcher_button'====== Args={'value': 0, 'prev_value': None, 'change': True}
2025-03-05 20:39:11,445 : INFO : EventManager : Event: ======'machine_var_audits_switches_s_playfield_entry'====== Args={'value': 0, 'prev_value': None, 'change': True}
2025-03-05 20:39:11,445 : INFO : EventManager : Event: ======'machine_var_audits_switches_s_drain'====== Args={'value': 0, 'prev_value': None, 'change': True}
2025-03-05 20:39:11,445 : INFO : EventManager : Event: ======'machine_var_audits_events_game_started'====== Args={'value': 0, 'prev_value': None, 'change': True}
2025-03-05 20:39:11,446 : INFO : EventManager : Event: ======'machine_var_audits_events_game_ended'====== Args={'value': 0, 'prev_value': None, 'change': True}
2025-03-05 20:39:11,446 : INFO : EventManager : Event: ======'machine_var_audits_player_score'====== Args={'value': {'top': [], 'average': 0, 'total': 0}, 'prev_value': None, 'change': True}
2025-03-05 20:39:11,446 : INFO : EventManager : Event: ======'init_phase_5'====== Args={}
2025-03-05 20:39:11,473 : INFO : EventManager : Event: ======'init_done'====== Args={}
2025-03-05 20:39:11,473 : INFO : EventManager : Event: ======'machine_reset_phase_1'====== Args={}
2025-03-05 20:39:12,364 : INFO : EventManager : Event: ======'machine_var_mc_version'====== Args={'value': 'MPF-MC v0.57.1', 'prev_value': None, 'change': True}
2025-03-05 20:39:12,371 : INFO : EventManager : Event: ======'machine_var_mc_extended_version'====== Args={'value': 'MPF-MC v0.57.1 (config_version=6, BCP v1.1,                      Requires MPF API compatibility v0.57.0 or newer)', 'prev_value': None, 'change': True}
2025-03-05 20:39:12,375 : INFO : EventManager : Event: ======'slide_welcome_slide_removed'====== Args={'_from_bcp': True}
2025-03-05 20:39:12,375 : INFO : EventManager : Event: ======'slide_welcome_slide_created'====== Args={'_from_bcp': True}
2025-03-05 20:39:12,375 : INFO : EventManager : Event: ======'slide_welcome_slide_active'====== Args={'_from_bcp': True}
2025-03-05 20:39:12,379 : INFO : EventManager : Event: ======'machine_reset_phase_2'====== Args={}
2025-03-05 20:39:12,380 : INFO : EventManager : Event: ======'machine_reset_phase_3'====== Args={}
2025-03-05 20:39:12,380 : INFO : EventManager : Event: ======'reset_complete'====== Args={}
2025-03-05 20:39:12,380 : INFO : EventManager : Event: ======'mode_attract_will_start'====== Args={}
2025-03-05 20:39:12,381 : INFO : EventManager : Event: ======'mode_attract_starting'====== Args={}
2025-03-05 20:39:12,381 : INFO : Mode.attract : Started. Priority: 10
2025-03-05 20:39:12,381 : INFO : EventManager : Event: ======'modes_active_modes_changed'====== Args={}
2025-03-05 20:39:12,381 : INFO : EventManager : Event: ======'mode_attract_started'====== Args={}
2025-03-05 20:39:12,381 : INFO : EventManager : Event: ======'collecting_balls_complete'====== Args={}
2025-03-05 20:39:12,403 : INFO : Machine : Starting the main run loop.
2025-03-05 20:39:14,968 : INFO : SwitchController : <<<<<<< 's_launcher_button' active >>>>>>>
2025-03-05 20:39:15,140 : INFO : SwitchController : <<<<<<< 's_launcher_button' inactive >>>>>>>
2025-03-05 20:39:16,899 : WARNING : SwitchController : Received duplicate switch state 1 for switch s_trough_enter from the platform interface. Log Code: Log-SwitchController-1 (https://missionpinball.org/logs)
2025-03-05 20:39:17,053 : INFO : SwitchController : <<<<<<< 's_trough_enter' inactive >>>>>>>
2025-03-05 20:39:17,557 : INFO : SwitchController : <<<<<<< 's_trough_enter' active >>>>>>>
2025-03-05 20:39:17,558 : DEBUG : ball_device.bd_trough : Entrance switch hit
2025-03-05 20:39:17,558 : WARNING : ball_device.bd_trough : Device received balls but is already full!
2025-03-05 20:39:17,698 : INFO : SwitchController : <<<<<<< 's_trough_enter' inactive >>>>>>>
2025-03-05 20:39:18,813 : INFO : SwitchController : <<<<<<< 's_right_flipper' active >>>>>>>
2025-03-05 20:39:18,997 : INFO : SwitchController : <<<<<<< 's_right_flipper' inactive >>>>>>>
2025-03-05 20:39:19,437 : INFO : SwitchController : <<<<<<< 's_right_flipper' active >>>>>>>
2025-03-05 20:39:19,610 : INFO : SwitchController : <<<<<<< 's_right_flipper' inactive >>>>>>>
2025-03-05 20:39:19,862 : INFO : SwitchController : <<<<<<< 's_left_flipper' active >>>>>>>
2025-03-05 20:39:20,012 : INFO : SwitchController : <<<<<<< 's_left_flipper' inactive >>>>>>>
2025-03-05 20:39:20,462 : INFO : SwitchController : <<<<<<< 's_left_flipper' active >>>>>>>
2025-03-05 20:39:20,660 : INFO : SwitchController : <<<<<<< 's_left_flipper' inactive >>>>>>>
2025-03-05 20:39:20,760 : INFO : SwitchController : <<<<<<< 's_right_flipper' active >>>>>>>
2025-03-05 20:39:20,927 : INFO : SwitchController : <<<<<<< 's_right_flipper' inactive >>>>>>>
2025-03-05 20:39:21,111 : INFO : SwitchController : <<<<<<< 's_launcher_button' active >>>>>>>
2025-03-05 20:39:21,363 : INFO : SwitchController : <<<<<<< 's_launcher_button' inactive >>>>>>>
2025-03-05 20:39:22,970 : INFO : SwitchController : <<<<<<< 's_launcher_button' active >>>>>>>
2025-03-05 20:39:23,154 : INFO : SwitchController : <<<<<<< 's_launcher_button' inactive >>>>>>>
2025-03-05 20:39:23,739 : INFO : SwitchController : <<<<<<< 's_left_flipper' active >>>>>>>
2025-03-05 20:39:23,909 : INFO : SwitchController : <<<<<<< 's_left_flipper' inactive >>>>>>>
2025-03-05 20:39:24,071 : INFO : SwitchController : <<<<<<< 's_right_flipper' active >>>>>>>
2025-03-05 20:39:24,273 : INFO : SwitchController : <<<<<<< 's_right_flipper' inactive >>>>>>>
2025-03-05 20:39:24,674 : INFO : SwitchController : <<<<<<< 's_left_flipper' active >>>>>>>
2025-03-05 20:39:24,862 : INFO : SwitchController : <<<<<<< 's_left_flipper' inactive >>>>>>>
2025-03-05 20:39:24,897 : INFO : SwitchController : <<<<<<< 's_right_flipper' active >>>>>>>
2025-03-05 20:39:25,049 : INFO : SwitchController : <<<<<<< 's_right_flipper' inactive >>>>>>>
2025-03-05 20:39:25,292 : INFO : SwitchController : <<<<<<< 's_trough_enter' active >>>>>>>
2025-03-05 20:39:25,294 : DEBUG : ball_device.bd_trough : Entrance switch hit
2025-03-05 20:39:25,294 : WARNING : ball_device.bd_trough : Device received balls but is already full!
2025-03-05 20:39:25,457 : INFO : SwitchController : <<<<<<< 's_trough_enter' inactive >>>>>>>
2025-03-05 20:39:27,343 : INFO : SwitchController : <<<<<<< 's_launcher_button' active >>>>>>>
2025-03-05 20:39:27,498 : INFO : SwitchController : <<<<<<< 's_launcher_button' inactive >>>>>>>
2025-03-05 20:39:28,145 : INFO : SwitchController : <<<<<<< 's_playfield_entry' active >>>>>>>
2025-03-05 20:39:28,145 : INFO : EventManager : Event: ======'sw_playfield_active'====== Args={}
2025-03-05 20:39:28,161 : INFO : EventManager : Event: ======'playfield_active'====== Args={}
2025-03-05 20:39:28,161 : INFO : EventManager : Event: ======'unexpected_ball_on_playfield'====== Args={}
2025-03-05 20:39:28,322 : INFO : SwitchController : <<<<<<< 's_playfield_entry' inactive >>>>>>>
2025-03-05 20:39:28,684 : INFO : SwitchController : <<<<<<< 's_playfield_entry' active >>>>>>>
2025-03-05 20:39:28,684 : INFO : EventManager : Event: ======'sw_playfield_active'====== Args={}
2025-03-05 20:39:28,685 : INFO : EventManager : Event: ======'playfield_active'====== Args={}
2025-03-05 20:39:28,685 : INFO : EventManager : Event: ======'unexpected_ball_on_playfield'====== Args={}
2025-03-05 20:39:28,843 : INFO : SwitchController : <<<<<<< 's_playfield_entry' inactive >>>>>>>
2025-03-05 20:39:29,357 : INFO : SwitchController : <<<<<<< 's_launcher_button' active >>>>>>>
2025-03-05 20:39:29,519 : INFO : SwitchController : <<<<<<< 's_launcher_button' inactive >>>>>>>
2025-03-05 20:39:29,583 : INFO : SwitchController : <<<<<<< 's_playfield_entry' active >>>>>>>
2025-03-05 20:39:29,584 : INFO : EventManager : Event: ======'sw_playfield_active'====== Args={}
2025-03-05 20:39:29,584 : INFO : EventManager : Event: ======'playfield_active'====== Args={}
2025-03-05 20:39:29,584 : INFO : EventManager : Event: ======'unexpected_ball_on_playfield'====== Args={}
2025-03-05 20:39:29,783 : INFO : SwitchController : <<<<<<< 's_playfield_entry' inactive >>>>>>>
2025-03-05 20:39:30,085 : INFO : SwitchController : <<<<<<< 's_launcher_button' active >>>>>>>
2025-03-05 20:39:30,255 : INFO : SwitchController : <<<<<<< 's_launcher_button' inactive >>>>>>>
2025-03-05 20:39:31,091 : INFO : SwitchController : <<<<<<< 's_trough_enter' active >>>>>>>
2025-03-05 20:39:31,092 : DEBUG : ball_device.bd_trough : Entrance switch hit
2025-03-05 20:39:31,092 : WARNING : ball_device.bd_trough : Device received balls but is already full!
2025-03-05 20:39:31,267 : INFO : SwitchController : <<<<<<< 's_trough_enter' inactive >>>>>>>
2025-03-05 20:39:32,199 : INFO : SwitchController : <<<<<<< 's_trough_enter' active >>>>>>>
2025-03-05 20:39:32,200 : DEBUG : ball_device.bd_trough : Entrance switch hit
2025-03-05 20:39:32,200 : WARNING : ball_device.bd_trough : Device received balls but is already full!
2025-03-05 20:39:32,550 : INFO : SwitchController : <<<<<<< 's_trough_enter' inactive >>>>>>>
2025-03-05 20:39:32,734 : INFO : SwitchController : <<<<<<< 's_playfield_entry' active >>>>>>>
2025-03-05 20:39:32,735 : INFO : EventManager : Event: ======'sw_playfield_active'====== Args={}
2025-03-05 20:39:32,735 : INFO : EventManager : Event: ======'playfield_active'====== Args={}
2025-03-05 20:39:32,735 : INFO : EventManager : Event: ======'unexpected_ball_on_playfield'====== Args={}
2025-03-05 20:39:32,920 : INFO : SwitchController : <<<<<<< 's_playfield_entry' inactive >>>>>>>
2025-03-05 20:39:33,303 : INFO : SwitchController : <<<<<<< 's_playfield_entry' active >>>>>>>
2025-03-05 20:39:33,304 : INFO : EventManager : Event: ======'sw_playfield_active'====== Args={}
2025-03-05 20:39:33,305 : INFO : EventManager : Event: ======'playfield_active'====== Args={}
2025-03-05 20:39:33,305 : INFO : EventManager : Event: ======'unexpected_ball_on_playfield'====== Args={}
2025-03-05 20:39:33,604 : INFO : SwitchController : <<<<<<< 's_launcher_button' active >>>>>>>
2025-03-05 20:39:33,656 : INFO : SwitchController : <<<<<<< 's_playfield_entry' inactive >>>>>>>
2025-03-05 20:39:33,855 : INFO : SwitchController : <<<<<<< 's_playfield_entry' active >>>>>>>
2025-03-05 20:39:33,856 : INFO : EventManager : Event: ======'sw_playfield_active'====== Args={}
2025-03-05 20:39:33,856 : INFO : EventManager : Event: ======'playfield_active'====== Args={}
2025-03-05 20:39:33,857 : INFO : EventManager : Event: ======'unexpected_ball_on_playfield'====== Args={}
2025-03-05 20:39:33,878 : INFO : SwitchController : <<<<<<< 's_launcher_button' inactive >>>>>>>
2025-03-05 20:39:34,094 : INFO : SwitchController : <<<<<<< 's_playfield_entry' inactive >>>>>>>
2025-03-05 20:39:34,152 : INFO : SwitchController : <<<<<<< 's_launcher_button' active >>>>>>>
2025-03-05 20:39:34,293 : INFO : SwitchController : <<<<<<< 's_playfield_entry' active >>>>>>>
2025-03-05 20:39:34,293 : INFO : EventManager : Event: ======'sw_playfield_active'====== Args={}
2025-03-05 20:39:34,294 : INFO : EventManager : Event: ======'playfield_active'====== Args={}
2025-03-05 20:39:34,295 : INFO : EventManager : Event: ======'unexpected_ball_on_playfield'====== Args={}
2025-03-05 20:39:34,329 : INFO : SwitchController : <<<<<<< 's_launcher_button' inactive >>>>>>>
2025-03-05 20:39:34,490 : INFO : SwitchController : <<<<<<< 's_launcher_button' active >>>>>>>
2025-03-05 20:39:34,547 : INFO : SwitchController : <<<<<<< 's_playfield_entry' inactive >>>>>>>
2025-03-05 20:39:34,971 : INFO : SwitchController : <<<<<<< 's_playfield_entry' active >>>>>>>
2025-03-05 20:39:34,972 : INFO : EventManager : Event: ======'sw_playfield_active'====== Args={}
2025-03-05 20:39:34,972 : INFO : EventManager : Event: ======'playfield_active'====== Args={}
2025-03-05 20:39:34,973 : INFO : EventManager : Event: ======'unexpected_ball_on_playfield'====== Args={}
2025-03-05 20:39:35,050 : INFO : SwitchController : <<<<<<< 's_launcher_button' inactive >>>>>>>
2025-03-05 20:39:35,607 : INFO : SwitchController : <<<<<<< 's_playfield_entry' inactive >>>>>>>
2025-03-05 20:39:35,670 : INFO : SwitchController : <<<<<<< 's_launcher_button' active >>>>>>>
2025-03-05 20:39:36,031 : INFO : SwitchController : <<<<<<< 's_launcher_button' inactive >>>>>>>
2025-03-05 20:39:36,972 : INFO : SwitchController : <<<<<<< 's_playfield_entry' active >>>>>>>
2025-03-05 20:39:36,973 : INFO : EventManager : Event: ======'sw_playfield_active'====== Args={}
2025-03-05 20:39:36,973 : INFO : EventManager : Event: ======'playfield_active'====== Args={}
2025-03-05 20:39:36,973 : INFO : EventManager : Event: ======'unexpected_ball_on_playfield'====== Args={}
2025-03-05 20:39:37,084 : INFO : SwitchController : <<<<<<< 's_playfield_entry' inactive >>>>>>>
2025-03-05 20:39:37,150 : INFO : SwitchController : <<<<<<< 's_launcher_button' active >>>>>>>
2025-03-05 20:39:37,384 : INFO : SwitchController : <<<<<<< 's_launcher_button' inactive >>>>>>>
2025-03-05 20:39:37,619 : INFO : SwitchController : <<<<<<< 's_playfield_entry' active >>>>>>>
2025-03-05 20:39:37,619 : INFO : EventManager : Event: ======'sw_playfield_active'====== Args={}
2025-03-05 20:39:37,620 : INFO : EventManager : Event: ======'playfield_active'====== Args={}
2025-03-05 20:39:37,620 : INFO : EventManager : Event: ======'unexpected_ball_on_playfield'====== Args={}
2025-03-05 20:39:37,796 : INFO : SwitchController : <<<<<<< 's_playfield_entry' inactive >>>>>>>
2025-03-05 20:39:38,609 : INFO : SwitchController : <<<<<<< 's_right_flipper' active >>>>>>>
2025-03-05 20:39:38,611 : INFO : SwitchController : <<<<<<< 's_left_flipper' active >>>>>>>
2025-03-05 20:39:38,612 : INFO : EventManager : Event: ======'flipper_cancel'====== Args={'triggering_group': 1, 'triggering_switch': 's_left_flipper'}
2025-03-05 20:39:38,690 : INFO : SwitchController : <<<<<<< 's_right_flipper' inactive >>>>>>>
2025-03-05 20:39:38,691 : INFO : EventManager : Event: ======'both_flippers_one'====== Args={'triggering_group': 2, 'triggering_switch': 's_right_flipper'}
2025-03-05 20:39:38,890 : INFO : SwitchController : <<<<<<< 's_left_flipper' inactive >>>>>>>
2025-03-05 20:39:38,890 : INFO : EventManager : Event: ======'both_flippers_inactive'====== Args={'triggering_group': 1, 'triggering_switch': 's_left_flipper'}
2025-03-05 20:39:38,891 : INFO : SwitchController : <<<<<<< 's_right_flipper' active >>>>>>>
2025-03-05 20:39:38,989 : INFO : SwitchController : <<<<<<< 's_right_flipper' inactive >>>>>>>
2025-03-05 20:39:39,018 : INFO : SwitchController : <<<<<<< 's_left_flipper' active >>>>>>>
2025-03-05 20:39:39,174 : INFO : SwitchController : <<<<<<< 's_left_flipper' inactive >>>>>>>
2025-03-05 20:39:39,177 : INFO : SwitchController : <<<<<<< 's_right_flipper' active >>>>>>>
2025-03-05 20:39:39,223 : INFO : SwitchController : <<<<<<< 's_right_flipper' inactive >>>>>>>
2025-03-05 20:39:39,225 : INFO : SwitchController : <<<<<<< 's_right_flipper' active >>>>>>>
2025-03-05 20:39:39,239 : INFO : SwitchController : <<<<<<< 's_right_flipper' inactive >>>>>>>
2025-03-05 20:39:39,298 : INFO : SwitchController : <<<<<<< 's_left_flipper' active >>>>>>>
2025-03-05 20:39:39,450 : INFO : SwitchController : <<<<<<< 's_left_flipper' inactive >>>>>>>
2025-03-05 20:39:39,451 : INFO : SwitchController : <<<<<<< 's_right_flipper' active >>>>>>>
2025-03-05 20:39:39,523 : INFO : SwitchController : <<<<<<< 's_right_flipper' inactive >>>>>>>
2025-03-05 20:39:39,574 : INFO : SwitchController : <<<<<<< 's_left_flipper' active >>>>>>>
2025-03-05 20:39:39,702 : INFO : SwitchController : <<<<<<< 's_left_flipper' inactive >>>>>>>
2025-03-05 20:39:39,737 : INFO : SwitchController : <<<<<<< 's_right_flipper' active >>>>>>>
2025-03-05 20:39:39,786 : INFO : SwitchController : <<<<<<< 's_right_flipper' inactive >>>>>>>
2025-03-05 20:39:40,193 : INFO : SwitchController : <<<<<<< 's_launcher_button' active >>>>>>>
2025-03-05 20:39:40,382 : INFO : SwitchController : <<<<<<< 's_launcher_button' inactive >>>>>>>
2025-03-05 20:39:40,665 : INFO : SwitchController : <<<<<<< 's_playfield_entry' active >>>>>>>
2025-03-05 20:39:40,665 : INFO : EventManager : Event: ======'sw_playfield_active'====== Args={}
2025-03-05 20:39:40,667 : INFO : EventManager : Event: ======'playfield_active'====== Args={}
2025-03-05 20:39:40,667 : INFO : EventManager : Event: ======'unexpected_ball_on_playfield'====== Args={}
2025-03-05 20:39:40,853 : INFO : SwitchController : <<<<<<< 's_playfield_entry' inactive >>>>>>>
2025-03-05 20:39:41,102 : INFO : SwitchController : <<<<<<< 's_left_flipper' active >>>>>>>
2025-03-05 20:39:41,380 : INFO : SwitchController : <<<<<<< 's_right_flipper' active >>>>>>>
2025-03-05 20:39:41,381 : INFO : EventManager : Event: ======'flipper_cancel'====== Args={'triggering_group': 2, 'triggering_switch': 's_right_flipper'}
2025-03-05 20:39:41,431 : INFO : SwitchController : <<<<<<< 's_left_flipper' inactive >>>>>>>
2025-03-05 20:39:41,431 : INFO : EventManager : Event: ======'both_flippers_one'====== Args={'triggering_group': 1, 'triggering_switch': 's_left_flipper'}
2025-03-05 20:39:41,490 : INFO : SwitchController : <<<<<<< 's_right_flipper' inactive >>>>>>>
2025-03-05 20:39:41,491 : INFO : EventManager : Event: ======'both_flippers_inactive'====== Args={'triggering_group': 2, 'triggering_switch': 's_right_flipper'}
2025-03-05 20:39:41,540 : INFO : SwitchController : <<<<<<< 's_right_flipper' active >>>>>>>
2025-03-05 20:39:41,607 : INFO : SwitchController : <<<<<<< 's_left_flipper' active >>>>>>>
2025-03-05 20:39:41,608 : INFO : EventManager : Event: ======'flipper_cancel'====== Args={'triggering_group': 1, 'triggering_switch': 's_left_flipper'}
2025-03-05 20:39:41,647 : INFO : SwitchController : <<<<<<< 's_right_flipper' inactive >>>>>>>
2025-03-05 20:39:41,648 : INFO : EventManager : Event: ======'both_flippers_one'====== Args={'triggering_group': 2, 'triggering_switch': 's_right_flipper'}
2025-03-05 20:39:41,758 : INFO : SwitchController : <<<<<<< 's_left_flipper' inactive >>>>>>>
2025-03-05 20:39:41,759 : INFO : EventManager : Event: ======'both_flippers_inactive'====== Args={'triggering_group': 1, 'triggering_switch': 's_left_flipper'}
2025-03-05 20:39:41,759 : INFO : SwitchController : <<<<<<< 's_right_flipper' active >>>>>>>
2025-03-05 20:39:41,834 : INFO : SwitchController : <<<<<<< 's_right_flipper' inactive >>>>>>>
2025-03-05 20:39:41,859 : INFO : SwitchController : <<<<<<< 's_left_flipper' active >>>>>>>
2025-03-05 20:39:41,958 : INFO : SwitchController : <<<<<<< 's_left_flipper' inactive >>>>>>>
2025-03-05 20:39:41,991 : INFO : SwitchController : <<<<<<< 's_right_flipper' active >>>>>>>
2025-03-05 20:39:42,045 : INFO : SwitchController : <<<<<<< 's_right_flipper' inactive >>>>>>>
2025-03-05 20:39:42,071 : INFO : SwitchController : <<<<<<< 's_left_flipper' active >>>>>>>
2025-03-05 20:39:42,156 : INFO : SwitchController : <<<<<<< 's_left_flipper' inactive >>>>>>>
2025-03-05 20:39:42,157 : INFO : SwitchController : <<<<<<< 's_right_flipper' active >>>>>>>
2025-03-05 20:39:42,215 : INFO : SwitchController : <<<<<<< 's_right_flipper' inactive >>>>>>>
2025-03-05 20:39:46,157 : INFO : Machine : Shutting down...
2025-03-05 20:39:46,158 : INFO : EventManager : Event: ======'shutdown'====== Args={}
2025-03-05 20:39:46,160 : DEBUG : ball_device.bd_trough : Stopping ball device
2025-03-05 20:39:46,162 : INFO : root : MPF run loop ended.
