2025-02-24 13:30:40,139 : kivy : deps: Successfully imported "kivy_deps.gstreamer" 0.3.3
2025-02-24 13:30:40,140 : kivy : deps: Successfully imported "kivy_deps.angle" 0.3.3
2025-02-24 13:30:40,140 : kivy : deps: Successfully imported "kivy_deps.glew" 0.3.1
2025-02-24 13:30:40,141 : kivy : deps: Successfully imported "kivy_deps.sdl2" 0.6.0
2025-02-24 13:30:40,141 : kivy : Kivy: v2.2.1
2025-02-24 13:30:40,141 : kivy : Kivy: Installed at "C:\Users\duffb\.pyenv\pyenv-win\versions\3.11.0\Lib\site-packages\kivy\__init__.py"
2025-02-24 13:30:40,142 : kivy : Python: v3.11.0 (main, Oct 24 2022, 18:26:48) [MSC v.1933 64 bit (AMD64)]
2025-02-24 13:30:40,142 : kivy : Python: Interpreter at "C:\Users\duffb\.pyenv\pyenv-win\versions\3.11.0\python.exe"
2025-02-24 13:30:40,160 : kivy : Factory: 190 symbols loaded
2025-02-24 13:30:40,275 : kivy : ImageLoaderFFPy: Using ffpyplayer 4.5.1
2025-02-24 13:30:40,276 : kivy : Image: Providers: img_tex, img_dds, img_sdl2, img_pil, img_ffpyplayer 
2025-02-24 13:30:40,447 : kivy : VideoGstplayer: Using Gstreamer 1.18.5.0
2025-02-24 13:30:40,458 : kivy : Video: Provider: gstplayer
2025-02-24 13:30:40,508 : root : Loading MPF-MC controller
2025-02-24 13:30:40,511 : YamlMultifileConfigLoader : Machine config file #1: config
2025-02-24 13:30:40,512 : ConfigProcessor : Config file in cache changed: C:\Users\duffb\OneDrive\Documents\Python Envs\PinBallWW1\Machine\config\config
2025-02-24 13:30:40,512 : ConfigProcessor : Loading config from file C:\Users\duffb\.pyenv\pyenv-win\versions\3.11.0\Lib\site-packages\mpfmc\mcconfig.yaml.
2025-02-24 13:30:40,518 : ConfigProcessor : Loading config: C:\Users\duffb\.pyenv\pyenv-win\versions\3.11.0\Lib\site-packages\mpfmc\mcconfig.yaml
2025-02-24 13:30:40,518 : ConfigProcessor : Loading config from file C:\Users\duffb\OneDrive\Documents\Python Envs\PinBallWW1\Machine\config\config.
2025-02-24 13:30:40,521 : ConfigProcessor : Loading config: C:\Users\duffb\OneDrive\Documents\Python Envs\PinBallWW1\Machine\config\config
2025-02-24 13:30:40,523 : ConfigProcessor : Config file cache created: C:\Users\duffb\AppData\Local\Temp\de7a4651692d89380cb727f0a44dc491.mpf_cache
2025-02-24 13:30:40,523 : ConfigProcessor : Loading config from cache: C:\Users\duffb\AppData\Local\Temp\2d51d76727b268a801d8dd7a18b89879.mpf_cache
2025-02-24 13:30:40,524 : ConfigProcessor : Loading config from cache: C:\Users\duffb\AppData\Local\Temp\9f058d482eac17116727d62a93500be7.mpf_cache
2025-02-24 13:30:40,525 : mpfmc : Mission Pinball Framework Media Controller (MPF-MC) v0.57.1. Requires MPF v0.57.0 or newer.
2025-02-24 13:30:40,525 : mpfmc : Found MPF v0.57.0
2025-02-24 13:30:40,526 : mpfmc : Machine path: C:\Users\duffb\OneDrive\Documents\Python Envs\PinBallWW1\Machine
2025-02-24 13:30:40,526 : mpfmc : Starting clock at 60.0Hz
2025-02-24 13:30:40,543 : kivy : Text: Provider: sdl2
2025-02-24 13:30:40,587 : kivy : Window: Provider: sdl2
2025-02-24 13:30:40,853 : kivy : GL: Using the "OpenGL" graphics system
2025-02-24 13:30:40,856 : kivy : GL: GLEW initialization succeeded
2025-02-24 13:30:40,856 : kivy : GL: Backend used <glew>
2025-02-24 13:30:40,856 : kivy : GL: OpenGL version <b'4.6.0 - Build 31.0.101.5592'>
2025-02-24 13:30:40,857 : kivy : GL: OpenGL vendor <b'Intel'>
2025-02-24 13:30:40,857 : kivy : GL: OpenGL renderer <b'Intel(R) UHD Graphics'>
2025-02-24 13:30:40,857 : kivy : GL: OpenGL parsed version: 4, 6
2025-02-24 13:30:40,857 : kivy : GL: Shading version <b'4.60 - Build 31.0.101.5592'>
2025-02-24 13:30:40,857 : kivy : GL: Texture max size <16384>
2025-02-24 13:30:40,857 : kivy : GL: Texture max units <32>
2025-02-24 13:30:40,887 : kivy : Window: auto add sdl2 input provider
2025-02-24 13:30:40,887 : kivy : Window: virtual keyboard not allowed, single mode, not docked
2025-02-24 13:30:40,899 : SoundSystem : SoundSystem: Using default 'sound_system' settings
2025-02-24 13:30:41,408 : AudioInterface : Initialized
2025-02-24 13:30:41,408 : AudioInterface : Loaded SDL 2.26.4
2025-02-24 13:30:41,408 : AudioInterface : Loaded SDL_Mixer 2.6.3
2025-02-24 13:30:41,408 : AudioInterface : Loaded GStreamer 1.18.5.0
2025-02-24 13:30:41,408 : AudioInterface : Loaded GLib 2.62.6
2025-02-24 13:30:41,408 : AudioInterface : Settings requested - rate: 44100, channels: 1, buffer: 2048 samples
2025-02-24 13:30:41,409 : AudioInterface : Settings in use - rate: 44100, channels: 1, buffer: 2048 samples (4096 bytes @ 2 bytes per sample)
2025-02-24 13:30:41,409 : SoundSystem : No audio tracks are specified in your machine config file. a track named 'default' has been created.
2025-02-24 13:30:41,409 : SoundSystem : Setting master volume to 0.0
2025-02-24 13:30:41,409 : AudioInterface : Enabling audio playback
2025-02-24 13:30:41,411 : kivy : Base: Start application main loop
2025-02-24 13:30:41,412 : EventManager : Event: ======'display_window_initialized'====== Args={}
2025-02-24 13:30:41,422 : mpfmc : Display: Setting 'window' as default display
2025-02-24 13:30:41,430 : EventManager : Event: ======'displays_initialized'====== Args={}
2025-02-24 13:30:41,431 : EventManager : Event: ======'slide_window_blank_created'====== Args={}
2025-02-24 13:30:41,431 : EventManager : Event: ======'display_window_ready'====== Args={}
2025-02-24 13:30:41,445 : EventManager : Event: ======'init_phase_1'====== Args={}
2025-02-24 13:30:41,448 : EventManager : Event: ======'mc_ready'====== Args={}
2025-02-24 13:30:41,448 : EventManager : Event: ======'init_phase_2'====== Args={}
2025-02-24 13:30:41,449 : EventManager : Event: ======'init_phase_3'====== Args={}
2025-02-24 13:30:41,450 : EventManager : Event: ======'init_phase_4'====== Args={}
2025-02-24 13:30:41,450 : EventManager : Event: ======'init_phase_5'====== Args={}
2025-02-24 13:30:41,465 : kivy : GL: NPOT texture support is available
2025-02-24 13:30:41,475 : EventManager : Event: ======'loading_assets'====== Args={'total': 1, 'loaded': 1, 'remaining': 0, 'percent': 100}
2025-02-24 13:30:41,475 : AssetManager : Asset loading took: 0.06577301025390625
2025-02-24 13:30:41,475 : EventManager : Event: ======'asset_loading_complete'====== Args={}
2025-02-24 13:30:41,476 : AssetManager : Loading assets: 1/1 (100%)
2025-02-24 13:30:41,476 : EventManager : Event: ======'init_done'====== Args={}
2025-02-24 13:30:41,476 : MPF-MC BCP Server : Starting up on localhost port 5050
2025-02-24 13:30:41,480 : MPF-MC BCP Server : Waiting for a connection...
2025-02-24 13:30:41,483 : EventManager : Event: ======'slide_welcome_slide_created'====== Args={}
2025-02-24 13:30:41,484 : EventManager : Event: ======'slide_welcome_slide_active'====== Args={}
2025-02-24 13:30:41,486 : EventManager : Event: ======'client_disconnected'====== Args={'host': '127.0.0.1', 'port': 5050}
2025-02-24 13:30:45,587 : kivy : Base: Leaving application in progress...
2025-02-24 13:30:45,588 : mpfmc : Stopping...
2025-02-24 13:30:45,588 : EventManager : Event: ======'shutdown'====== Args={}
2025-02-24 13:30:45,589 : AudioInterface : Disabling audio playback
2025-02-24 13:30:45,718 : mpfmc : Loop rate 70.35 Hz
2025-02-24 13:30:45,719 : root : MC run loop ended.
2025-02-24 13:30:45,719 : root : Stopping child threads... (3 remaining)
2025-02-24 13:30:46,485 : MPF-MC BCP Server : Stopping BCP sending thread
2025-02-24 13:30:46,487 : MPF-MC BCP Server : Stopping BCP listener thread
2025-02-24 13:30:46,526 : root : All child threads stopped.
