2025-03-02 15:46:33,630 : kivy : deps: Successfully imported "kivy_deps.gstreamer" 0.3.3
2025-03-02 15:46:33,630 : kivy : deps: Successfully imported "kivy_deps.angle" 0.3.3
2025-03-02 15:46:33,630 : kivy : deps: Successfully imported "kivy_deps.glew" 0.3.1
2025-03-02 15:46:33,630 : kivy : deps: Successfully imported "kivy_deps.sdl2" 0.6.0
2025-03-02 15:46:33,630 : kivy : Kivy: v2.2.1
2025-03-02 15:46:33,630 : kivy : Kivy: Installed at "C:\Users\duffb\.pyenv\pyenv-win\versions\3.11.0\Lib\site-packages\kivy\__init__.py"
2025-03-02 15:46:33,630 : kivy : Python: v3.11.0 (main, Oct 24 2022, 18:26:48) [MSC v.1933 64 bit (AMD64)]
2025-03-02 15:46:33,631 : kivy : Python: Interpreter at "C:\Users\duffb\.pyenv\pyenv-win\versions\3.11.0\python.exe"
2025-03-02 15:46:33,642 : kivy : Factory: 190 symbols loaded
2025-03-02 15:46:33,792 : kivy : ImageLoaderFFPy: Using ffpyplayer 4.5.1
2025-03-02 15:46:33,792 : kivy : Image: Providers: img_tex, img_dds, img_sdl2, img_pil, img_ffpyplayer 
2025-03-02 15:46:33,956 : kivy : VideoGstplayer: Using Gstreamer 1.18.5.0
2025-03-02 15:46:33,956 : kivy : Video: Provider: gstplayer
2025-03-02 15:46:33,986 : root : Loading MPF-MC controller
2025-03-02 15:46:34,003 : YamlMultifileConfigLoader : Machine config file #1: config
2025-03-02 15:46:34,004 : ConfigProcessor : Config file in cache changed: C:\Users\duffb\OneDrive\Documents\Python Envs\PinBallWW1\Machine\config\config
2025-03-02 15:46:34,004 : ConfigProcessor : Loading config from file C:\Users\duffb\.pyenv\pyenv-win\versions\3.11.0\Lib\site-packages\mpfmc\mcconfig.yaml.
2025-03-02 15:46:34,010 : ConfigProcessor : Loading config: C:\Users\duffb\.pyenv\pyenv-win\versions\3.11.0\Lib\site-packages\mpfmc\mcconfig.yaml
2025-03-02 15:46:34,010 : ConfigProcessor : Loading config from file C:\Users\duffb\OneDrive\Documents\Python Envs\PinBallWW1\Machine\config\config.
2025-03-02 15:46:34,013 : ConfigProcessor : Loading config: C:\Users\duffb\OneDrive\Documents\Python Envs\PinBallWW1\Machine\config\config
2025-03-02 15:46:34,014 : ConfigProcessor : Config file cache created: C:\Users\duffb\AppData\Local\Temp\de7a4651692d89380cb727f0a44dc491.mpf_cache
2025-03-02 15:46:34,014 : ConfigProcessor : Loading config from cache: C:\Users\duffb\AppData\Local\Temp\2d51d76727b268a801d8dd7a18b89879.mpf_cache
2025-03-02 15:46:34,015 : ConfigProcessor : Loading config from cache: C:\Users\duffb\AppData\Local\Temp\9f058d482eac17116727d62a93500be7.mpf_cache
2025-03-02 15:46:34,015 : mpfmc : Mission Pinball Framework Media Controller (MPF-MC) v0.57.1. Requires MPF v0.57.0 or newer.
2025-03-02 15:46:34,015 : mpfmc : Found MPF v0.57.0
2025-03-02 15:46:34,015 : mpfmc : Machine path: C:\Users\duffb\OneDrive\Documents\Python Envs\PinBallWW1\Machine
2025-03-02 15:46:34,015 : mpfmc : Starting clock at 60.0Hz
2025-03-02 15:46:34,031 : kivy : Text: Provider: sdl2
2025-03-02 15:46:34,079 : kivy : Window: Provider: sdl2
2025-03-02 15:46:34,268 : kivy : GL: Using the "OpenGL" graphics system
2025-03-02 15:46:34,270 : kivy : GL: GLEW initialization succeeded
2025-03-02 15:46:34,270 : kivy : GL: Backend used <glew>
2025-03-02 15:46:34,270 : kivy : GL: OpenGL version <b'4.6.0 - Build 31.0.101.5592'>
2025-03-02 15:46:34,270 : kivy : GL: OpenGL vendor <b'Intel'>
2025-03-02 15:46:34,270 : kivy : GL: OpenGL renderer <b'Intel(R) UHD Graphics'>
2025-03-02 15:46:34,270 : kivy : GL: OpenGL parsed version: 4, 6
2025-03-02 15:46:34,270 : kivy : GL: Shading version <b'4.60 - Build 31.0.101.5592'>
2025-03-02 15:46:34,270 : kivy : GL: Texture max size <16384>
2025-03-02 15:46:34,270 : kivy : GL: Texture max units <32>
2025-03-02 15:46:34,291 : kivy : Window: auto add sdl2 input provider
2025-03-02 15:46:34,291 : kivy : Window: virtual keyboard not allowed, single mode, not docked
2025-03-02 15:46:34,708 : AudioInterface : Initialized
2025-03-02 15:46:34,708 : AudioInterface : Loaded SDL 2.26.4
2025-03-02 15:46:34,708 : AudioInterface : Loaded SDL_Mixer 2.6.3
2025-03-02 15:46:34,708 : AudioInterface : Loaded GStreamer 1.18.5.0
2025-03-02 15:46:34,708 : AudioInterface : Loaded GLib 2.62.6
2025-03-02 15:46:34,708 : AudioInterface : Settings requested - rate: 44100, channels: 1, buffer: 2048 samples
2025-03-02 15:46:34,708 : AudioInterface : Settings in use - rate: 44100, channels: 1, buffer: 2048 samples (4096 bytes @ 2 bytes per sample)
2025-03-02 15:46:34,708 : SoundSystem : Setting master volume to 0.0
2025-03-02 15:46:34,708 : AudioInterface : Enabling audio playback
2025-03-02 15:46:34,710 : kivy : Base: Start application main loop
2025-03-02 15:46:34,710 : EventManager : Event: ======'display_window_initialized'====== Args={}
2025-03-02 15:46:34,718 : mpfmc : Display: Setting 'window' as default display
2025-03-02 15:46:34,730 : EventManager : Event: ======'displays_initialized'====== Args={}
2025-03-02 15:46:34,730 : EventManager : Event: ======'slide_window_blank_created'====== Args={}
2025-03-02 15:46:34,730 : EventManager : Event: ======'display_window_ready'====== Args={}
2025-03-02 15:46:34,741 : EventManager : Event: ======'init_phase_1'====== Args={}
2025-03-02 15:46:34,744 : EventManager : Event: ======'mc_ready'====== Args={}
2025-03-02 15:46:34,744 : EventManager : Event: ======'init_phase_2'====== Args={}
2025-03-02 15:46:34,746 : EventManager : Event: ======'init_phase_3'====== Args={}
2025-03-02 15:46:34,747 : EventManager : Event: ======'init_phase_4'====== Args={}
2025-03-02 15:46:34,747 : EventManager : Event: ======'init_phase_5'====== Args={}
2025-03-02 15:46:34,757 : kivy : GL: NPOT texture support is available
2025-03-02 15:46:34,760 : EventManager : Event: ======'loading_assets'====== Args={'total': 1, 'loaded': 1, 'remaining': 0, 'percent': 100}
2025-03-02 15:46:34,760 : AssetManager : Asset loading took: 0.05236029624938965
2025-03-02 15:46:34,760 : EventManager : Event: ======'asset_loading_complete'====== Args={}
2025-03-02 15:46:34,760 : AssetManager : Loading assets: 1/1 (100%)
2025-03-02 15:46:34,760 : EventManager : Event: ======'init_done'====== Args={}
2025-03-02 15:46:34,761 : MPF-MC BCP Server : Starting up on localhost port 5050
2025-03-02 15:46:34,771 : MPF-MC BCP Server : Waiting for a connection...
2025-03-02 15:46:34,773 : EventManager : Event: ======'slide_welcome_slide_created'====== Args={}
2025-03-02 15:46:34,774 : EventManager : Event: ======'slide_welcome_slide_active'====== Args={}
2025-03-02 15:46:34,788 : EventManager : Event: ======'client_disconnected'====== Args={'host': '127.0.0.1', 'port': 5050}
2025-03-02 15:46:36,116 : MPF-MC BCP Server : Received connection from: 127.0.0.1:54644
2025-03-02 15:46:37,398 : EventManager : Event: ======'client_connected'====== Args={'host': '127.0.0.1', 'port': 54644}
2025-03-02 15:46:37,398 : EventManager : Event: ======'slides_play'====== Args={'settings': {'welcome_slide': {'target': None, 'background_color': [0.0, 0.0, 0.0, 1.0], 'priority': None, 'show': True, 'force': False, 'expire': None, 'slide': None, 'tokens': {}, 'action': 'play'}}, 'context': '_global', 'calling_context': 'init_done', 'priority': 0}
2025-03-02 15:46:37,399 : EventManager : Event: ======'mc_reset_phase_1'====== Args={}
2025-03-02 15:46:37,399 : EventManager : Event: ======'slide_welcome_slide_removed'====== Args={}
2025-03-02 15:46:37,402 : EventManager : Event: ======'slide_welcome_slide_created'====== Args={}
2025-03-02 15:46:37,402 : EventManager : Event: ======'mc_reset_phase_2'====== Args={}
2025-03-02 15:46:37,403 : EventManager : Event: ======'mc_reset_phase_3'====== Args={}
2025-03-02 15:46:37,403 : EventManager : Event: ======'mc_reset_complete'====== Args={}
2025-03-02 15:46:37,404 : EventManager : Event: ======'slide_welcome_slide_active'====== Args={}
2025-03-02 15:46:37,419 : EventManager : Event: ======'machine_var_credits_string'====== Args={'value': 'FREE PLAY', 'prev_value': None, 'change': True}
2025-03-02 15:46:37,419 : EventManager : Event: ======'machine_var_master_volume'====== Args={'value': 0.5, 'prev_value': None, 'change': True}
2025-03-02 15:46:37,419 : EventManager : Event: ======'machine_var_mpf_version'====== Args={'value': 'Mission Pinball Framework v0.57.0', 'prev_value': None, 'change': True}
2025-03-02 15:46:37,419 : EventManager : Event: ======'machine_var_mpf_extended_version'====== Args={'value': 'Mission Pinball Framework v0.57.0, Config version:6, Show version: 6, BCP version:1.1', 'prev_value': None, 'change': True}
2025-03-02 15:46:37,419 : EventManager : Event: ======'machine_var_python_version'====== Args={'value': '3.11.0', 'prev_value': None, 'change': True}
2025-03-02 15:46:37,420 : EventManager : Event: ======'machine_var_platform'====== Args={'value': 'Windows-10-10.0.26100-SP0', 'prev_value': None, 'change': True}
2025-03-02 15:46:37,420 : EventManager : Event: ======'machine_var_platform_system'====== Args={'value': 'Windows', 'prev_value': None, 'change': True}
2025-03-02 15:46:37,420 : EventManager : Event: ======'machine_var_platform_release'====== Args={'value': '10', 'prev_value': None, 'change': True}
2025-03-02 15:46:37,420 : EventManager : Event: ======'machine_var_platform_version'====== Args={'value': '10.0.26100', 'prev_value': None, 'change': True}
2025-03-02 15:46:37,420 : EventManager : Event: ======'machine_var_platform_machine'====== Args={'value': 'AMD64', 'prev_value': None, 'change': True}
2025-03-02 15:46:37,421 : EventManager : Event: ======'machine_var_audits_switches_s_playfield_entry'====== Args={'value': 0, 'prev_value': None, 'change': True}
2025-03-02 15:46:37,421 : EventManager : Event: ======'machine_var_audits_switches_s_plunger_lane'====== Args={'value': 0, 'prev_value': None, 'change': True}
2025-03-02 15:46:37,421 : EventManager : Event: ======'machine_var_audits_switches_s_right_flipper'====== Args={'value': 0, 'prev_value': None, 'change': True}
2025-03-02 15:46:37,421 : EventManager : Event: ======'machine_var_audits_switches_s_left_flipper'====== Args={'value': 0, 'prev_value': None, 'change': True}
2025-03-02 15:46:37,421 : EventManager : Event: ======'machine_var_audits_switches_s_launcher_button'====== Args={'value': 0, 'prev_value': None, 'change': True}
2025-03-02 15:46:37,421 : EventManager : Event: ======'machine_var_audits_switches_s_drain'====== Args={'value': 0, 'prev_value': None, 'change': True}
2025-03-02 15:46:37,421 : EventManager : Event: ======'machine_var_audits_switches_s_trough_enter'====== Args={'value': 0, 'prev_value': None, 'change': True}
2025-03-02 15:46:37,421 : EventManager : Event: ======'machine_var_audits_events_game_started'====== Args={'value': 0, 'prev_value': None, 'change': True}
2025-03-02 15:46:37,421 : EventManager : Event: ======'machine_var_audits_events_game_ended'====== Args={'value': 0, 'prev_value': None, 'change': True}
2025-03-02 15:46:37,421 : EventManager : Event: ======'machine_var_audits_player_score'====== Args={'value': {'top': [], 'average': 0, 'total': 0}, 'prev_value': None, 'change': True}
2025-03-02 15:46:37,421 : EventManager : Event: ======'machine_var_mc_version'====== Args={'value': 'MPF-MC v0.57.1', 'prev_value': None, 'change': True}
2025-03-02 15:46:37,421 : EventManager : Event: ======'machine_var_mc_extended_version'====== Args={'value': 'MPF-MC v0.57.1 (config_version=6, BCP v1.1,                      Requires MPF API compatibility v0.57.0 or newer)', 'prev_value': None, 'change': True}
2025-03-02 15:46:37,421 : EventManager : Event: ======'machine_var_credits_string'====== Args={'value': 'FREE PLAY', 'prev_value': None, 'change': True}
2025-03-02 15:46:37,421 : EventManager : Event: ======'machine_var_master_volume'====== Args={'value': 0.5, 'prev_value': None, 'change': True}
2025-03-02 15:46:37,421 : EventManager : Event: ======'machine_var_mpf_version'====== Args={'value': 'Mission Pinball Framework v0.57.0', 'prev_value': None, 'change': True}
2025-03-02 15:46:37,421 : EventManager : Event: ======'machine_var_mpf_extended_version'====== Args={'value': 'Mission Pinball Framework v0.57.0, Config version:6, Show version: 6, BCP version:1.1', 'prev_value': None, 'change': True}
2025-03-02 15:46:37,421 : EventManager : Event: ======'machine_var_python_version'====== Args={'value': '3.11.0', 'prev_value': None, 'change': True}
2025-03-02 15:46:37,421 : EventManager : Event: ======'machine_var_platform'====== Args={'value': 'Windows-10-10.0.26100-SP0', 'prev_value': None, 'change': True}
2025-03-02 15:46:37,421 : EventManager : Event: ======'machine_var_platform_system'====== Args={'value': 'Windows', 'prev_value': None, 'change': True}
2025-03-02 15:46:37,421 : EventManager : Event: ======'machine_var_platform_release'====== Args={'value': '10', 'prev_value': None, 'change': True}
2025-03-02 15:46:37,422 : EventManager : Event: ======'machine_var_platform_version'====== Args={'value': '10.0.26100', 'prev_value': None, 'change': True}
2025-03-02 15:46:37,422 : EventManager : Event: ======'machine_var_platform_machine'====== Args={'value': 'AMD64', 'prev_value': None, 'change': True}
2025-03-02 15:46:37,422 : EventManager : Event: ======'machine_var_audits_switches_s_playfield_entry'====== Args={'value': 0, 'prev_value': None, 'change': True}
2025-03-02 15:46:37,422 : EventManager : Event: ======'machine_var_audits_switches_s_plunger_lane'====== Args={'value': 0, 'prev_value': None, 'change': True}
2025-03-02 15:46:37,422 : EventManager : Event: ======'machine_var_audits_switches_s_right_flipper'====== Args={'value': 0, 'prev_value': None, 'change': True}
2025-03-02 15:46:37,422 : EventManager : Event: ======'machine_var_audits_switches_s_left_flipper'====== Args={'value': 0, 'prev_value': None, 'change': True}
2025-03-02 15:46:37,422 : EventManager : Event: ======'machine_var_audits_switches_s_launcher_button'====== Args={'value': 0, 'prev_value': None, 'change': True}
2025-03-02 15:46:37,422 : EventManager : Event: ======'machine_var_audits_switches_s_drain'====== Args={'value': 0, 'prev_value': None, 'change': True}
2025-03-02 15:46:37,422 : EventManager : Event: ======'machine_var_audits_switches_s_trough_enter'====== Args={'value': 0, 'prev_value': None, 'change': True}
2025-03-02 15:46:37,422 : EventManager : Event: ======'machine_var_audits_events_game_started'====== Args={'value': 0, 'prev_value': None, 'change': True}
2025-03-02 15:46:37,422 : EventManager : Event: ======'machine_var_audits_events_game_ended'====== Args={'value': 0, 'prev_value': None, 'change': True}
2025-03-02 15:46:37,423 : EventManager : Event: ======'machine_var_audits_player_score'====== Args={'value': {'top': [], 'average': 0, 'total': 0}, 'prev_value': None, 'change': True}
2025-03-02 15:46:37,423 : EventManager : Event: ======'machine_var_mc_version'====== Args={'value': 'MPF-MC v0.57.1', 'prev_value': None, 'change': True}
2025-03-02 15:46:37,423 : EventManager : Event: ======'machine_var_mc_extended_version'====== Args={'value': 'MPF-MC v0.57.1 (config_version=6, BCP v1.1,                      Requires MPF API compatibility v0.57.0 or newer)', 'prev_value': None, 'change': True}
2025-03-02 15:46:37,423 : EventManager : Event: ======'machine_var_credits_string'====== Args={'value': 'FREE PLAY', 'prev_value': None, 'change': True}
2025-03-02 15:46:37,423 : EventManager : Event: ======'machine_var_master_volume'====== Args={'value': 0.5, 'prev_value': None, 'change': True}
2025-03-02 15:46:37,423 : EventManager : Event: ======'machine_var_mpf_version'====== Args={'value': 'Mission Pinball Framework v0.57.0', 'prev_value': None, 'change': True}
2025-03-02 15:46:37,423 : EventManager : Event: ======'machine_var_mpf_extended_version'====== Args={'value': 'Mission Pinball Framework v0.57.0, Config version:6, Show version: 6, BCP version:1.1', 'prev_value': None, 'change': True}
2025-03-02 15:46:37,423 : EventManager : Event: ======'machine_var_python_version'====== Args={'value': '3.11.0', 'prev_value': None, 'change': True}
2025-03-02 15:46:37,423 : EventManager : Event: ======'machine_var_platform'====== Args={'value': 'Windows-10-10.0.26100-SP0', 'prev_value': None, 'change': True}
2025-03-02 15:46:37,423 : EventManager : Event: ======'machine_var_platform_system'====== Args={'value': 'Windows', 'prev_value': None, 'change': True}
2025-03-02 15:46:37,423 : EventManager : Event: ======'machine_var_platform_release'====== Args={'value': '10', 'prev_value': None, 'change': True}
2025-03-02 15:46:37,423 : EventManager : Event: ======'machine_var_platform_version'====== Args={'value': '10.0.26100', 'prev_value': None, 'change': True}
2025-03-02 15:46:37,423 : EventManager : Event: ======'machine_var_platform_machine'====== Args={'value': 'AMD64', 'prev_value': None, 'change': True}
2025-03-02 15:46:37,423 : EventManager : Event: ======'machine_var_audits_switches_s_playfield_entry'====== Args={'value': 0, 'prev_value': None, 'change': True}
2025-03-02 15:46:37,423 : EventManager : Event: ======'machine_var_audits_switches_s_plunger_lane'====== Args={'value': 0, 'prev_value': None, 'change': True}
2025-03-02 15:46:37,423 : EventManager : Event: ======'machine_var_audits_switches_s_right_flipper'====== Args={'value': 0, 'prev_value': None, 'change': True}
2025-03-02 15:46:37,423 : EventManager : Event: ======'machine_var_audits_switches_s_left_flipper'====== Args={'value': 0, 'prev_value': None, 'change': True}
2025-03-02 15:46:37,424 : EventManager : Event: ======'machine_var_audits_switches_s_launcher_button'====== Args={'value': 0, 'prev_value': None, 'change': True}
2025-03-02 15:46:37,424 : EventManager : Event: ======'machine_var_audits_switches_s_drain'====== Args={'value': 0, 'prev_value': None, 'change': True}
2025-03-02 15:46:37,424 : EventManager : Event: ======'machine_var_audits_switches_s_trough_enter'====== Args={'value': 0, 'prev_value': None, 'change': True}
2025-03-02 15:46:37,424 : EventManager : Event: ======'machine_var_audits_events_game_started'====== Args={'value': 0, 'prev_value': None, 'change': True}
2025-03-02 15:46:37,424 : EventManager : Event: ======'machine_var_audits_events_game_ended'====== Args={'value': 0, 'prev_value': None, 'change': True}
2025-03-02 15:46:37,424 : EventManager : Event: ======'machine_var_audits_player_score'====== Args={'value': {'top': [], 'average': 0, 'total': 0}, 'prev_value': None, 'change': True}
2025-03-02 15:46:37,424 : EventManager : Event: ======'machine_var_mc_version'====== Args={'value': 'MPF-MC v0.57.1', 'prev_value': None, 'change': True}
2025-03-02 15:46:37,424 : EventManager : Event: ======'machine_var_mc_extended_version'====== Args={'value': 'MPF-MC v0.57.1 (config_version=6, BCP v1.1,                      Requires MPF API compatibility v0.57.0 or newer)', 'prev_value': None, 'change': True}
2025-03-02 15:46:37,424 : EventManager : Event: ======'machine_var_credits_string'====== Args={'value': 'FREE PLAY', 'prev_value': None, 'change': True}
2025-03-02 15:46:37,425 : EventManager : Event: ======'machine_var_master_volume'====== Args={'value': 0.5, 'prev_value': None, 'change': True}
2025-03-02 15:46:37,425 : EventManager : Event: ======'machine_var_mpf_version'====== Args={'value': 'Mission Pinball Framework v0.57.0', 'prev_value': None, 'change': True}
2025-03-02 15:46:37,425 : EventManager : Event: ======'machine_var_mpf_extended_version'====== Args={'value': 'Mission Pinball Framework v0.57.0, Config version:6, Show version: 6, BCP version:1.1', 'prev_value': None, 'change': True}
2025-03-02 15:46:37,425 : EventManager : Event: ======'machine_var_python_version'====== Args={'value': '3.11.0', 'prev_value': None, 'change': True}
2025-03-02 15:46:37,425 : EventManager : Event: ======'machine_var_platform'====== Args={'value': 'Windows-10-10.0.26100-SP0', 'prev_value': None, 'change': True}
2025-03-02 15:46:37,425 : EventManager : Event: ======'machine_var_platform_system'====== Args={'value': 'Windows', 'prev_value': None, 'change': True}
2025-03-02 15:46:37,425 : EventManager : Event: ======'machine_var_platform_release'====== Args={'value': '10', 'prev_value': None, 'change': True}
2025-03-02 15:46:37,425 : EventManager : Event: ======'machine_var_platform_version'====== Args={'value': '10.0.26100', 'prev_value': None, 'change': True}
2025-03-02 15:46:37,425 : EventManager : Event: ======'machine_var_platform_machine'====== Args={'value': 'AMD64', 'prev_value': None, 'change': True}
2025-03-02 15:46:37,425 : EventManager : Event: ======'machine_var_audits_switches_s_playfield_entry'====== Args={'value': 0, 'prev_value': None, 'change': True}
2025-03-02 15:46:37,425 : EventManager : Event: ======'machine_var_audits_switches_s_plunger_lane'====== Args={'value': 0, 'prev_value': None, 'change': True}
2025-03-02 15:46:37,425 : EventManager : Event: ======'machine_var_audits_switches_s_right_flipper'====== Args={'value': 0, 'prev_value': None, 'change': True}
2025-03-02 15:46:37,425 : EventManager : Event: ======'machine_var_audits_switches_s_left_flipper'====== Args={'value': 0, 'prev_value': None, 'change': True}
2025-03-02 15:46:37,425 : EventManager : Event: ======'machine_var_audits_switches_s_launcher_button'====== Args={'value': 0, 'prev_value': None, 'change': True}
2025-03-02 15:46:37,425 : EventManager : Event: ======'machine_var_audits_switches_s_drain'====== Args={'value': 0, 'prev_value': None, 'change': True}
2025-03-02 15:46:37,425 : EventManager : Event: ======'machine_var_audits_switches_s_trough_enter'====== Args={'value': 0, 'prev_value': None, 'change': True}
2025-03-02 15:46:37,425 : EventManager : Event: ======'machine_var_audits_events_game_started'====== Args={'value': 0, 'prev_value': None, 'change': True}
2025-03-02 15:46:37,425 : EventManager : Event: ======'machine_var_audits_events_game_ended'====== Args={'value': 0, 'prev_value': None, 'change': True}
2025-03-02 15:46:37,425 : EventManager : Event: ======'machine_var_audits_player_score'====== Args={'value': {'top': [], 'average': 0, 'total': 0}, 'prev_value': None, 'change': True}
2025-03-02 15:46:37,425 : EventManager : Event: ======'machine_var_mc_version'====== Args={'value': 'MPF-MC v0.57.1', 'prev_value': None, 'change': True}
2025-03-02 15:46:37,425 : EventManager : Event: ======'machine_var_mc_extended_version'====== Args={'value': 'MPF-MC v0.57.1 (config_version=6, BCP v1.1,                      Requires MPF API compatibility v0.57.0 or newer)', 'prev_value': None, 'change': True}
2025-03-02 15:46:37,425 : EventManager : Event: ======'sounds_play'====== Args={'settings': {'main': {'action': 'play', 'priority': None, 'block': False, 'delay': None, 'track': None, 'volume': None, 'ducking': {}, 'pan': None, 'loops': None, 'start_at': None, 'fade_in': None, 'fade_out': None, 'about_to_finish_time': -1.0, 'max_queue_time': -1.0, 'events_when_played': ['use_sound_setting'], 'events_when_stopped': ['use_sound_setting'], 'events_when_looping': ['use_sound_setting'], 'events_when_about_to_finish': ['use_sound_setting'], 'mode_end_action': 'use_sound_setting', 'key': 'use_sound_setting'}}, 'context': '_global', 'calling_context': 'mode_attract_started', 'priority': 0}
2025-03-02 15:46:37,425 : SoundSystem : Setting master volume to 0.5
2025-03-02 15:46:37,425 : SoundSystem : Setting master volume to 0.5
2025-03-02 15:46:37,425 : SoundSystem : Setting master volume to 0.5
2025-03-02 15:46:37,426 : SoundSystem : Setting master volume to 0.5
2025-03-02 15:46:37,446 : EventManager : Event: ======'loading_assets'====== Args={'total': 1, 'loaded': 1, 'remaining': 0, 'percent': 100}
2025-03-02 15:46:37,447 : AssetManager : Asset loading took: 2.739300012588501
2025-03-02 15:46:37,447 : EventManager : Event: ======'asset_loading_complete'====== Args={}
2025-03-02 15:46:37,447 : AssetManager : Loading assets: 1/1 (100%)
2025-03-02 15:47:06,354 : kivy : Base: Leaving application in progress...
2025-03-02 15:47:06,354 : mpfmc : Stopping...
2025-03-02 15:47:06,354 : EventManager : Event: ======'shutdown'====== Args={}
2025-03-02 15:47:06,354 : AudioInterface : Disabling audio playback
2025-03-02 15:47:06,502 : mpfmc : Loop rate 73.98 Hz
2025-03-02 15:47:06,502 : root : MC run loop ended.
2025-03-02 15:47:06,503 : root : Stopping child threads... (2 remaining)
2025-03-02 15:47:06,635 : mpfmc : Stopping...
2025-03-02 15:47:06,635 : EventManager : Event: ======'shutdown'====== Args={}
2025-03-02 15:47:06,635 : mpfmc : Loop rate 73.67 Hz
2025-03-02 15:47:06,650 : MPF-MC BCP Server : Stopping BCP sending thread
2025-03-02 15:47:06,704 : root : All child threads stopped.
