2025-03-06 20:40:00,951 : kivy : deps: Successfully imported "kivy_deps.gstreamer" 0.3.3
2025-03-06 20:40:00,951 : kivy : deps: Successfully imported "kivy_deps.angle" 0.3.3
2025-03-06 20:40:00,951 : kivy : deps: Successfully imported "kivy_deps.glew" 0.3.1
2025-03-06 20:40:00,951 : kivy : deps: Successfully imported "kivy_deps.sdl2" 0.6.0
2025-03-06 20:40:00,951 : kivy : Kivy: v2.2.1
2025-03-06 20:40:00,951 : kivy : Kivy: Installed at "C:\Users\duffb\.pyenv\pyenv-win\versions\3.11.0\Lib\site-packages\kivy\__init__.py"
2025-03-06 20:40:00,951 : kivy : Python: v3.11.0 (main, Oct 24 2022, 18:26:48) [MSC v.1933 64 bit (AMD64)]
2025-03-06 20:40:00,951 : kivy : Python: Interpreter at "C:\Users\duffb\.pyenv\pyenv-win\versions\3.11.0\python.exe"
2025-03-06 20:40:01,582 : kivy : Factory: 190 symbols loaded
2025-03-06 20:40:06,437 : kivy : ImageLoaderFFPy: Using ffpyplayer 4.5.1
2025-03-06 20:40:06,437 : kivy : Image: Providers: img_tex, img_dds, img_sdl2, img_pil, img_ffpyplayer 
2025-03-06 20:40:08,286 : kivy : VideoGstplayer: Using Gstreamer 1.18.5.0
2025-03-06 20:40:08,286 : kivy : Video: Provider: gstplayer
2025-03-06 20:40:08,924 : root : Loading MPF-MC controller
2025-03-06 20:40:08,954 : YamlMultifileConfigLoader : Machine config file #1: config
2025-03-06 20:40:08,954 : ConfigProcessor : Config file in cache changed: C:\Users\duffb\OneDrive\Documents\Python Envs\PinBallWW1\Machine\config\config
2025-03-06 20:40:08,954 : ConfigProcessor : Loading config from file C:\Users\duffb\.pyenv\pyenv-win\versions\3.11.0\Lib\site-packages\mpfmc\mcconfig.yaml.
2025-03-06 20:40:08,992 : ConfigProcessor : Loading config: C:\Users\duffb\.pyenv\pyenv-win\versions\3.11.0\Lib\site-packages\mpfmc\mcconfig.yaml
2025-03-06 20:40:08,992 : ConfigProcessor : Loading config from file C:\Users\duffb\OneDrive\Documents\Python Envs\PinBallWW1\Machine\config\config.
2025-03-06 20:40:08,996 : ConfigProcessor : Loading config: C:\Users\duffb\OneDrive\Documents\Python Envs\PinBallWW1\Machine\config\config
2025-03-06 20:40:08,999 : ConfigProcessor : Config file cache created: C:\Users\duffb\AppData\Local\Temp\de7a4651692d89380cb727f0a44dc491.mpf_cache
2025-03-06 20:40:09,001 : ConfigProcessor : Loading config from cache: C:\Users\duffb\AppData\Local\Temp\2d51d76727b268a801d8dd7a18b89879.mpf_cache
2025-03-06 20:40:09,002 : ConfigProcessor : Loading config from cache: C:\Users\duffb\AppData\Local\Temp\9f058d482eac17116727d62a93500be7.mpf_cache
2025-03-06 20:40:09,004 : mpfmc : Mission Pinball Framework Media Controller (MPF-MC) v0.57.1. Requires MPF v0.57.0 or newer.
2025-03-06 20:40:09,004 : mpfmc : Found MPF v0.57.0
2025-03-06 20:40:09,005 : mpfmc : Machine path: C:\Users\duffb\OneDrive\Documents\Python Envs\PinBallWW1\Machine
2025-03-06 20:40:09,005 : mpfmc : Starting clock at 60.0Hz
2025-03-06 20:40:09,395 : kivy : Text: Provider: sdl2
2025-03-06 20:40:09,653 : kivy : Window: Provider: sdl2
2025-03-06 20:40:10,414 : kivy : GL: Using the "OpenGL" graphics system
2025-03-06 20:40:10,418 : kivy : GL: GLEW initialization succeeded
2025-03-06 20:40:10,418 : kivy : GL: Backend used <glew>
2025-03-06 20:40:10,418 : kivy : GL: OpenGL version <b'4.6.0 - Build 31.0.101.5592'>
2025-03-06 20:40:10,420 : kivy : GL: OpenGL vendor <b'Intel'>
2025-03-06 20:40:10,420 : kivy : GL: OpenGL renderer <b'Intel(R) UHD Graphics'>
2025-03-06 20:40:10,420 : kivy : GL: OpenGL parsed version: 4, 6
2025-03-06 20:40:10,420 : kivy : GL: Shading version <b'4.60 - Build 31.0.101.5592'>
2025-03-06 20:40:10,420 : kivy : GL: Texture max size <16384>
2025-03-06 20:40:10,422 : kivy : GL: Texture max units <32>
2025-03-06 20:40:10,484 : kivy : Window: auto add sdl2 input provider
2025-03-06 20:40:10,485 : kivy : Window: virtual keyboard not allowed, single mode, not docked
2025-03-06 20:40:28,850 : AudioInterface : Initialized
2025-03-06 20:40:28,851 : AudioInterface : Loaded SDL 2.26.4
2025-03-06 20:40:28,851 : AudioInterface : Loaded SDL_Mixer 2.6.3
2025-03-06 20:40:28,851 : AudioInterface : Loaded GStreamer 1.18.5.0
2025-03-06 20:40:28,851 : AudioInterface : Loaded GLib 2.62.6
2025-03-06 20:40:28,851 : AudioInterface : Settings requested - rate: 44100, channels: 1, buffer: 2048 samples
2025-03-06 20:40:28,851 : AudioInterface : Settings in use - rate: 44100, channels: 1, buffer: 2048 samples (4096 bytes @ 2 bytes per sample)
2025-03-06 20:40:28,853 : SoundSystem : Setting master volume to 0.0
2025-03-06 20:40:28,853 : AudioInterface : Enabling audio playback
2025-03-06 20:40:28,855 : kivy : Base: Start application main loop
2025-03-06 20:40:28,856 : EventManager : Event: ======'display_window_initialized'====== Args={}
2025-03-06 20:40:28,870 : mpfmc : Display: Setting 'window' as default display
2025-03-06 20:40:28,877 : EventManager : Event: ======'displays_initialized'====== Args={}
2025-03-06 20:40:28,878 : EventManager : Event: ======'slide_window_blank_created'====== Args={}
2025-03-06 20:40:28,878 : EventManager : Event: ======'display_window_ready'====== Args={}
2025-03-06 20:40:28,898 : EventManager : Event: ======'init_phase_1'====== Args={}
2025-03-06 20:40:28,900 : EventManager : Event: ======'mc_ready'====== Args={}
2025-03-06 20:40:28,900 : EventManager : Event: ======'init_phase_2'====== Args={}
2025-03-06 20:40:28,902 : EventManager : Event: ======'init_phase_3'====== Args={}
2025-03-06 20:40:28,903 : EventManager : Event: ======'init_phase_4'====== Args={}
2025-03-06 20:40:28,905 : EventManager : Event: ======'init_phase_5'====== Args={}
2025-03-06 20:40:28,921 : kivy : GL: NPOT texture support is available
2025-03-06 20:40:28,929 : EventManager : Event: ======'loading_assets'====== Args={'total': 1, 'loaded': 1, 'remaining': 0, 'percent': 100}
2025-03-06 20:40:28,929 : AssetManager : Asset loading took: 0.0765848159790039
2025-03-06 20:40:28,929 : EventManager : Event: ======'asset_loading_complete'====== Args={}
2025-03-06 20:40:28,929 : AssetManager : Loading assets: 1/1 (100%)
2025-03-06 20:40:28,929 : EventManager : Event: ======'init_done'====== Args={}
2025-03-06 20:40:28,929 : MPF-MC BCP Server : Starting up on localhost port 5050
2025-03-06 20:40:28,935 : MPF-MC BCP Server : Waiting for a connection...
2025-03-06 20:40:28,937 : EventManager : Event: ======'slide_welcome_slide_created'====== Args={}
2025-03-06 20:40:28,938 : EventManager : Event: ======'slide_welcome_slide_active'====== Args={}
2025-03-06 20:40:28,940 : EventManager : Event: ======'client_disconnected'====== Args={'host': '127.0.0.1', 'port': 5050}
2025-03-06 20:40:28,986 : MPF-MC BCP Server : Received connection from: 127.0.0.1:49937
2025-03-06 20:40:28,990 : EventManager : Event: ======'client_connected'====== Args={'host': '127.0.0.1', 'port': 49937}
2025-03-06 20:40:29,275 : EventManager : Event: ======'machine_var_credits_string'====== Args={'value': 'FREE PLAY', 'prev_value': None, 'change': True}
2025-03-06 20:40:29,275 : EventManager : Event: ======'machine_var_master_volume'====== Args={'value': 0.5, 'prev_value': None, 'change': True}
2025-03-06 20:40:29,275 : EventManager : Event: ======'machine_var_player1_score'====== Args={'value': 0, 'prev_value': None, 'change': True}
2025-03-06 20:40:29,275 : EventManager : Event: ======'machine_var_mpf_version'====== Args={'value': 'Mission Pinball Framework v0.57.0', 'prev_value': None, 'change': True}
2025-03-06 20:40:29,275 : EventManager : Event: ======'machine_var_mpf_extended_version'====== Args={'value': 'Mission Pinball Framework v0.57.0, Config version:6, Show version: 6, BCP version:1.1', 'prev_value': None, 'change': True}
2025-03-06 20:40:29,275 : EventManager : Event: ======'machine_var_python_version'====== Args={'value': '3.11.0', 'prev_value': None, 'change': True}
2025-03-06 20:40:29,276 : EventManager : Event: ======'machine_var_platform'====== Args={'value': 'Windows-10-10.0.26100-SP0', 'prev_value': None, 'change': True}
2025-03-06 20:40:29,276 : EventManager : Event: ======'machine_var_platform_system'====== Args={'value': 'Windows', 'prev_value': None, 'change': True}
2025-03-06 20:40:29,276 : EventManager : Event: ======'machine_var_platform_release'====== Args={'value': '10', 'prev_value': None, 'change': True}
2025-03-06 20:40:29,276 : EventManager : Event: ======'machine_var_platform_version'====== Args={'value': '10.0.26100', 'prev_value': None, 'change': True}
2025-03-06 20:40:29,276 : EventManager : Event: ======'machine_var_platform_machine'====== Args={'value': 'AMD64', 'prev_value': None, 'change': True}
2025-03-06 20:40:29,276 : EventManager : Event: ======'machine_var_mc_version'====== Args={'value': 'MPF-MC v0.57.1', 'prev_value': None, 'change': True}
2025-03-06 20:40:29,276 : EventManager : Event: ======'machine_var_mc_extended_version'====== Args={'value': 'MPF-MC v0.57.1 (config_version=6, BCP v1.1,                      Requires MPF API compatibility v0.57.0 or newer)', 'prev_value': None, 'change': True}
2025-03-06 20:40:29,276 : EventManager : Event: ======'machine_var_credits_string'====== Args={'value': 'FREE PLAY', 'prev_value': None, 'change': True}
2025-03-06 20:40:29,276 : EventManager : Event: ======'machine_var_master_volume'====== Args={'value': 0.5, 'prev_value': None, 'change': True}
2025-03-06 20:40:29,276 : EventManager : Event: ======'machine_var_player1_score'====== Args={'value': 0, 'prev_value': None, 'change': True}
2025-03-06 20:40:29,276 : EventManager : Event: ======'machine_var_mpf_version'====== Args={'value': 'Mission Pinball Framework v0.57.0', 'prev_value': None, 'change': True}
2025-03-06 20:40:29,276 : EventManager : Event: ======'machine_var_mpf_extended_version'====== Args={'value': 'Mission Pinball Framework v0.57.0, Config version:6, Show version: 6, BCP version:1.1', 'prev_value': None, 'change': True}
2025-03-06 20:40:29,276 : EventManager : Event: ======'machine_var_python_version'====== Args={'value': '3.11.0', 'prev_value': None, 'change': True}
2025-03-06 20:40:29,276 : EventManager : Event: ======'machine_var_platform'====== Args={'value': 'Windows-10-10.0.26100-SP0', 'prev_value': None, 'change': True}
2025-03-06 20:40:29,276 : EventManager : Event: ======'machine_var_platform_system'====== Args={'value': 'Windows', 'prev_value': None, 'change': True}
2025-03-06 20:40:29,276 : EventManager : Event: ======'machine_var_platform_release'====== Args={'value': '10', 'prev_value': None, 'change': True}
2025-03-06 20:40:29,276 : EventManager : Event: ======'machine_var_platform_version'====== Args={'value': '10.0.26100', 'prev_value': None, 'change': True}
2025-03-06 20:40:29,276 : EventManager : Event: ======'machine_var_platform_machine'====== Args={'value': 'AMD64', 'prev_value': None, 'change': True}
2025-03-06 20:40:29,276 : EventManager : Event: ======'machine_var_mc_version'====== Args={'value': 'MPF-MC v0.57.1', 'prev_value': None, 'change': True}
2025-03-06 20:40:29,276 : EventManager : Event: ======'machine_var_mc_extended_version'====== Args={'value': 'MPF-MC v0.57.1 (config_version=6, BCP v1.1,                      Requires MPF API compatibility v0.57.0 or newer)', 'prev_value': None, 'change': True}
2025-03-06 20:40:29,276 : EventManager : Event: ======'machine_var_credits_string'====== Args={'value': 'FREE PLAY', 'prev_value': None, 'change': True}
2025-03-06 20:40:29,277 : EventManager : Event: ======'machine_var_master_volume'====== Args={'value': 0.5, 'prev_value': None, 'change': True}
2025-03-06 20:40:29,277 : EventManager : Event: ======'machine_var_player1_score'====== Args={'value': 0, 'prev_value': None, 'change': True}
2025-03-06 20:40:29,277 : EventManager : Event: ======'machine_var_mpf_version'====== Args={'value': 'Mission Pinball Framework v0.57.0', 'prev_value': None, 'change': True}
2025-03-06 20:40:29,277 : EventManager : Event: ======'machine_var_mpf_extended_version'====== Args={'value': 'Mission Pinball Framework v0.57.0, Config version:6, Show version: 6, BCP version:1.1', 'prev_value': None, 'change': True}
2025-03-06 20:40:29,277 : EventManager : Event: ======'machine_var_python_version'====== Args={'value': '3.11.0', 'prev_value': None, 'change': True}
2025-03-06 20:40:29,277 : EventManager : Event: ======'machine_var_platform'====== Args={'value': 'Windows-10-10.0.26100-SP0', 'prev_value': None, 'change': True}
2025-03-06 20:40:29,277 : EventManager : Event: ======'machine_var_platform_system'====== Args={'value': 'Windows', 'prev_value': None, 'change': True}
2025-03-06 20:40:29,277 : EventManager : Event: ======'machine_var_platform_release'====== Args={'value': '10', 'prev_value': None, 'change': True}
2025-03-06 20:40:29,277 : EventManager : Event: ======'machine_var_platform_version'====== Args={'value': '10.0.26100', 'prev_value': None, 'change': True}
2025-03-06 20:40:29,277 : EventManager : Event: ======'machine_var_platform_machine'====== Args={'value': 'AMD64', 'prev_value': None, 'change': True}
2025-03-06 20:40:29,277 : EventManager : Event: ======'machine_var_mc_version'====== Args={'value': 'MPF-MC v0.57.1', 'prev_value': None, 'change': True}
2025-03-06 20:40:29,277 : EventManager : Event: ======'machine_var_mc_extended_version'====== Args={'value': 'MPF-MC v0.57.1 (config_version=6, BCP v1.1,                      Requires MPF API compatibility v0.57.0 or newer)', 'prev_value': None, 'change': True}
2025-03-06 20:40:29,277 : EventManager : Event: ======'machine_var_credits_string'====== Args={'value': 'FREE PLAY', 'prev_value': None, 'change': True}
2025-03-06 20:40:29,277 : EventManager : Event: ======'machine_var_master_volume'====== Args={'value': 0.5, 'prev_value': None, 'change': True}
2025-03-06 20:40:29,277 : EventManager : Event: ======'machine_var_player1_score'====== Args={'value': 0, 'prev_value': None, 'change': True}
2025-03-06 20:40:29,277 : EventManager : Event: ======'machine_var_mpf_version'====== Args={'value': 'Mission Pinball Framework v0.57.0', 'prev_value': None, 'change': True}
2025-03-06 20:40:29,277 : EventManager : Event: ======'machine_var_mpf_extended_version'====== Args={'value': 'Mission Pinball Framework v0.57.0, Config version:6, Show version: 6, BCP version:1.1', 'prev_value': None, 'change': True}
2025-03-06 20:40:29,277 : EventManager : Event: ======'machine_var_python_version'====== Args={'value': '3.11.0', 'prev_value': None, 'change': True}
2025-03-06 20:40:29,277 : EventManager : Event: ======'machine_var_platform'====== Args={'value': 'Windows-10-10.0.26100-SP0', 'prev_value': None, 'change': True}
2025-03-06 20:40:29,277 : EventManager : Event: ======'machine_var_platform_system'====== Args={'value': 'Windows', 'prev_value': None, 'change': True}
2025-03-06 20:40:29,277 : EventManager : Event: ======'machine_var_platform_release'====== Args={'value': '10', 'prev_value': None, 'change': True}
2025-03-06 20:40:29,277 : EventManager : Event: ======'machine_var_platform_version'====== Args={'value': '10.0.26100', 'prev_value': None, 'change': True}
2025-03-06 20:40:29,277 : EventManager : Event: ======'machine_var_platform_machine'====== Args={'value': 'AMD64', 'prev_value': None, 'change': True}
2025-03-06 20:40:29,277 : EventManager : Event: ======'machine_var_mc_version'====== Args={'value': 'MPF-MC v0.57.1', 'prev_value': None, 'change': True}
2025-03-06 20:40:29,278 : EventManager : Event: ======'machine_var_mc_extended_version'====== Args={'value': 'MPF-MC v0.57.1 (config_version=6, BCP v1.1,                      Requires MPF API compatibility v0.57.0 or newer)', 'prev_value': None, 'change': True}
2025-03-06 20:40:29,278 : SoundSystem : Setting master volume to 0.5
2025-03-06 20:40:29,278 : SoundSystem : Setting master volume to 0.5
2025-03-06 20:40:29,278 : SoundSystem : Setting master volume to 0.5
2025-03-06 20:40:29,278 : SoundSystem : Setting master volume to 0.5
2025-03-06 20:40:29,350 : EventManager : Event: ======'machine_var_audits_events_game_ended'====== Args={'value': 5, 'prev_value': None, 'change': True}
2025-03-06 20:40:29,362 : EventManager : Event: ======'machine_var_audits_events_game_started'====== Args={'value': 6, 'prev_value': None, 'change': True}
2025-03-06 20:40:29,362 : EventManager : Event: ======'machine_var_audits_missing_switches_s_drain'====== Args={'value': 6, 'prev_value': None, 'change': True}
2025-03-06 20:40:29,362 : EventManager : Event: ======'machine_var_audits_missing_switches_s_launcher_button'====== Args={'value': 1, 'prev_value': None, 'change': True}
2025-03-06 20:40:29,362 : EventManager : Event: ======'machine_var_audits_missing_switches_s_left_flipper'====== Args={'value': 5, 'prev_value': None, 'change': True}
2025-03-06 20:40:29,362 : EventManager : Event: ======'machine_var_audits_missing_switches_s_right_flipper'====== Args={'value': 5, 'prev_value': None, 'change': True}
2025-03-06 20:40:29,362 : EventManager : Event: ======'machine_var_audits_missing_switches_s_trough_enter'====== Args={'value': 6, 'prev_value': None, 'change': True}
2025-03-06 20:40:29,362 : EventManager : Event: ======'machine_var_audits_player_score'====== Args={'value': {'average': 0, 'top': [0, 0, 0, 0, 0], 'total': 5}, 'prev_value': None, 'change': True}
2025-03-06 20:40:29,362 : EventManager : Event: ======'machine_var_audits_switches_s_drain'====== Args={'value': 0, 'prev_value': None, 'change': True}
2025-03-06 20:40:29,362 : EventManager : Event: ======'machine_var_audits_switches_s_launcher_button'====== Args={'value': 4, 'prev_value': None, 'change': True}
2025-03-06 20:40:29,362 : EventManager : Event: ======'machine_var_audits_switches_s_left_flipper'====== Args={'value': 9, 'prev_value': None, 'change': True}
2025-03-06 20:40:29,362 : EventManager : Event: ======'machine_var_audits_switches_s_playfield_entry'====== Args={'value': 17, 'prev_value': None, 'change': True}
2025-03-06 20:40:29,362 : EventManager : Event: ======'machine_var_audits_switches_s_plunger_lane'====== Args={'value': 32, 'prev_value': None, 'change': True}
2025-03-06 20:40:29,362 : EventManager : Event: ======'machine_var_audits_switches_s_right_flipper'====== Args={'value': 7, 'prev_value': None, 'change': True}
2025-03-06 20:40:29,362 : EventManager : Event: ======'machine_var_audits_switches_s_trough1'====== Args={'value': 13, 'prev_value': None, 'change': True}
2025-03-06 20:40:29,362 : EventManager : Event: ======'machine_var_audits_switches_s_trough2'====== Args={'value': 3, 'prev_value': None, 'change': True}
2025-03-06 20:40:29,362 : EventManager : Event: ======'machine_var_audits_switches_s_trough3'====== Args={'value': 4, 'prev_value': None, 'change': True}
2025-03-06 20:40:29,362 : EventManager : Event: ======'machine_var_audits_switches_s_trough_enter'====== Args={'value': 0, 'prev_value': None, 'change': True}
2025-03-06 20:40:29,374 : EventManager : Event: ======'slides_play'====== Args={'settings': {'welcome_slide': {'target': None, 'background_color': [0.0, 0.0, 0.0, 1.0], 'priority': None, 'show': True, 'force': False, 'expire': None, 'slide': None, 'tokens': {}, 'action': 'play'}}, 'context': '_global', 'calling_context': 'init_done', 'priority': 0}
2025-03-06 20:40:29,374 : EventManager : Event: ======'mc_reset_phase_1'====== Args={}
2025-03-06 20:40:29,374 : EventManager : Event: ======'slide_welcome_slide_removed'====== Args={}
2025-03-06 20:40:29,376 : EventManager : Event: ======'slide_welcome_slide_created'====== Args={}
2025-03-06 20:40:29,376 : EventManager : Event: ======'mc_reset_phase_2'====== Args={}
2025-03-06 20:40:29,376 : EventManager : Event: ======'mc_reset_phase_3'====== Args={}
2025-03-06 20:40:29,376 : EventManager : Event: ======'mc_reset_complete'====== Args={}
2025-03-06 20:40:29,376 : EventManager : Event: ======'slide_welcome_slide_active'====== Args={}
2025-03-06 20:40:29,387 : EventManager : Event: ======'sounds_play'====== Args={'settings': {'main': {'action': 'play', 'priority': None, 'block': False, 'delay': None, 'track': None, 'volume': None, 'ducking': {}, 'pan': None, 'loops': None, 'start_at': None, 'fade_in': None, 'fade_out': None, 'about_to_finish_time': -1.0, 'max_queue_time': -1.0, 'events_when_played': ['use_sound_setting'], 'events_when_stopped': ['use_sound_setting'], 'events_when_looping': ['use_sound_setting'], 'events_when_about_to_finish': ['use_sound_setting'], 'mode_end_action': 'use_sound_setting', 'key': 'use_sound_setting'}}, 'context': '_global', 'calling_context': 'mode_attract_started', 'priority': 0}
2025-03-06 20:40:29,457 : EventManager : Event: ======'loading_assets'====== Args={'total': 1, 'loaded': 1, 'remaining': 0, 'percent': 100}
2025-03-06 20:40:29,457 : AssetManager : Asset loading took: 0.6044871807098389
2025-03-06 20:40:29,457 : EventManager : Event: ======'asset_loading_complete'====== Args={}
2025-03-06 20:40:29,457 : AssetManager : Loading assets: 1/1 (100%)
2025-03-06 20:40:48,706 : EventManager : Event: ======'game_started'====== Args={}
2025-03-06 20:40:48,731 : EventManager : Event: ======'sounds_play'====== Args={'settings': {'main': {'action': 'stop', 'priority': None, 'block': False, 'delay': None, 'track': None, 'volume': None, 'ducking': {}, 'pan': None, 'loops': None, 'start_at': None, 'fade_in': None, 'fade_out': None, 'about_to_finish_time': -1.0, 'max_queue_time': -1.0, 'events_when_played': ['use_sound_setting'], 'events_when_stopped': ['use_sound_setting'], 'events_when_looping': ['use_sound_setting'], 'events_when_about_to_finish': ['use_sound_setting'], 'mode_end_action': 'use_sound_setting', 'key': 'use_sound_setting'}}, 'context': '_global', 'calling_context': 'mode_attract_stopped', 'priority': 0}
2025-03-06 20:40:48,731 : EventManager : Event: ======'player_added'====== Args={'player': <Player 1>, 'num': 1}
2025-03-06 20:40:48,732 : EventManager : Event: ======'player_index'====== Args={'value': 0, 'prev_value': 0, 'change': 0, 'player_num': 1}
2025-03-06 20:40:48,732 : EventManager : Event: ======'player_number'====== Args={'value': 1, 'prev_value': 1, 'change': 0, 'player_num': 1}
2025-03-06 20:40:48,732 : EventManager : Event: ======'player_score'====== Args={'value': 0, 'prev_value': 0, 'change': 0, 'player_num': 1}
2025-03-06 20:40:48,756 : EventManager : Event: ======'player_ball'====== Args={'value': 1, 'prev_value': 0, 'change': 1, 'player_num': 1}
2025-03-06 20:40:48,756 : EventManager : Event: ======'player_turn_start'====== Args={'number': 1, 'player': <Player 1>}
2025-03-06 20:40:48,756 : EventManager : Event: ======'slides_play'====== Args={'settings': {'widgets': {'widgets': [{'type': 'text', 'text': 'PLAYER (number) BALL (ball)', '_default_settings': ['type', 'text'], 'x': None, 'y': None, 'anchor_x': 'center', 'anchor_y': 'center', 'round_anchor_x': None, 'round_anchor_y': None, 'opacity': 1.0, 'z': 0, 'reset_animations_events': {}, 'color': [1.0, 1.0, 1.0, 1.0], 'style': [], 'adjust_top': 0, 'adjust_bottom': 0, 'adjust_left': 0, 'adjust_right': 0, 'expire': None, 'key': None, 'widget': None, 'events_when_added': [], 'events_when_removed': [], 'font_size': 15, 'bitmap_font': False, 'font_kerning': True, 'bold': False, 'italic': False, 'number_grouping': False, 'min_digits': 0, 'halign': 'center', 'valign': 'middle', 'rotation': 0, 'scale': 1.0, 'casing': None, 'outline_color': [1.0, 1.0, 1.0, 1.0], 'outline_width': 0, 'animations': None}], 'target': None, 'background_color': [0.0, 0.0, 0.0, 1.0], 'priority': None, 'show': True, 'force': False, 'expire': None, 'slide': None, 'tokens': {}, 'action': 'play'}}, 'context': '_global', 'calling_context': 'ball_started', 'priority': 0, 'player': 1, 'ball': 1, 'balls_remaining': 2, 'is_extra_ball': False}
2025-03-06 20:40:48,830 : EventManager : Event: ======'slide__global.slide_player-ball_started_created'====== Args={}
2025-03-06 20:40:48,834 : EventManager : Event: ======'slide__global.slide_player-ball_started_active'====== Args={}
2025-03-06 20:40:48,840 : EventManager : Event: ======'machine_var_audits_switches_s_plunger_lane'====== Args={'value': 33, 'prev_value': 32, 'change': 1}
2025-03-06 20:40:49,428 : EventManager : Event: ======'machine_var_audits_switches_s_playfield_entry'====== Args={'value': 18, 'prev_value': 17, 'change': 1}
2025-03-06 20:40:52,260 : EventManager : Event: ======'machine_var_audits_switches_s_right_flipper'====== Args={'value': 8, 'prev_value': 7, 'change': 1}
2025-03-06 20:40:52,547 : EventManager : Event: ======'machine_var_audits_switches_s_left_flipper'====== Args={'value': 10, 'prev_value': 9, 'change': 1}
2025-03-06 20:40:52,985 : EventManager : Event: ======'machine_var_audits_switches_s_left_flipper'====== Args={'value': 11, 'prev_value': 10, 'change': 1}
2025-03-06 20:40:53,250 : EventManager : Event: ======'machine_var_audits_switches_s_left_flipper'====== Args={'value': 12, 'prev_value': 11, 'change': 1}
2025-03-06 20:40:53,488 : EventManager : Event: ======'machine_var_audits_switches_s_right_flipper'====== Args={'value': 9, 'prev_value': 8, 'change': 1}
2025-03-06 20:40:57,204 : EventManager : Event: ======'machine_var_audits_switches_s_left_flipper'====== Args={'value': 13, 'prev_value': 12, 'change': 1}
2025-03-06 20:40:57,553 : EventManager : Event: ======'machine_var_audits_switches_s_right_flipper'====== Args={'value': 10, 'prev_value': 9, 'change': 1}
2025-03-06 20:41:10,137 : EventManager : Event: ======'machine_var_audits_switches_s_trough3'====== Args={'value': 5, 'prev_value': 4, 'change': 1}
2025-03-06 20:41:10,468 : EventManager : Event: ======'player_ball'====== Args={'value': 2, 'prev_value': 1, 'change': 1, 'player_num': 1}
2025-03-06 20:41:11,724 : EventManager : Event: ======'machine_var_audits_switches_s_trough2'====== Args={'value': 4, 'prev_value': 3, 'change': 1}
2025-03-06 20:41:14,788 : EventManager : Event: ======'machine_var_audits_switches_s_trough1'====== Args={'value': 14, 'prev_value': 13, 'change': 1}
2025-03-06 20:41:15,558 : EventManager : Event: ======'slides_play'====== Args={'settings': {'widgets': {'widgets': [{'type': 'text', 'text': 'PLAYER (number) BALL (ball)', '_default_settings': ['type', 'text'], 'x': None, 'y': None, 'anchor_x': 'center', 'anchor_y': 'center', 'round_anchor_x': None, 'round_anchor_y': None, 'opacity': 1.0, 'z': 0, 'reset_animations_events': {}, 'color': [1.0, 1.0, 1.0, 1.0], 'style': [], 'adjust_top': 0, 'adjust_bottom': 0, 'adjust_left': 0, 'adjust_right': 0, 'expire': None, 'key': None, 'widget': None, 'events_when_added': [], 'events_when_removed': [], 'font_size': 15, 'bitmap_font': False, 'font_kerning': True, 'bold': False, 'italic': False, 'number_grouping': False, 'min_digits': 0, 'halign': 'center', 'valign': 'middle', 'rotation': 0, 'scale': 1.0, 'casing': None, 'outline_color': [1.0, 1.0, 1.0, 1.0], 'outline_width': 0, 'animations': None}], 'target': None, 'background_color': [0.0, 0.0, 0.0, 1.0], 'priority': None, 'show': True, 'force': False, 'expire': None, 'slide': None, 'tokens': {}, 'action': 'play'}}, 'context': '_global', 'calling_context': 'ball_started', 'priority': 0, 'player': 1, 'ball': 2, 'balls_remaining': 1, 'is_extra_ball': False}
2025-03-06 20:41:15,560 : EventManager : Event: ======'slide__global.slide_player-ball_started_removed'====== Args={}
2025-03-06 20:41:15,567 : EventManager : Event: ======'slide__global.slide_player-ball_started_created'====== Args={}
2025-03-06 20:41:15,570 : EventManager : Event: ======'slide__global.slide_player-ball_started_active'====== Args={}
2025-03-06 20:41:15,715 : EventManager : Event: ======'machine_var_audits_switches_s_plunger_lane'====== Args={'value': 34, 'prev_value': 33, 'change': 1}
2025-03-06 20:41:16,292 : EventManager : Event: ======'machine_var_audits_switches_s_playfield_entry'====== Args={'value': 19, 'prev_value': 18, 'change': 1}
2025-03-06 20:41:18,702 : EventManager : Event: ======'machine_var_audits_switches_s_trough1'====== Args={'value': 15, 'prev_value': 14, 'change': 1}
2025-03-06 20:41:19,037 : EventManager : Event: ======'player_ball'====== Args={'value': 3, 'prev_value': 2, 'change': 1, 'player_num': 1}
2025-03-06 20:41:19,037 : EventManager : Event: ======'slides_play'====== Args={'settings': {'widgets': {'widgets': [{'type': 'text', 'text': 'PLAYER (number) BALL (ball)', '_default_settings': ['type', 'text'], 'x': None, 'y': None, 'anchor_x': 'center', 'anchor_y': 'center', 'round_anchor_x': None, 'round_anchor_y': None, 'opacity': 1.0, 'z': 0, 'reset_animations_events': {}, 'color': [1.0, 1.0, 1.0, 1.0], 'style': [], 'adjust_top': 0, 'adjust_bottom': 0, 'adjust_left': 0, 'adjust_right': 0, 'expire': None, 'key': None, 'widget': None, 'events_when_added': [], 'events_when_removed': [], 'font_size': 15, 'bitmap_font': False, 'font_kerning': True, 'bold': False, 'italic': False, 'number_grouping': False, 'min_digits': 0, 'halign': 'center', 'valign': 'middle', 'rotation': 0, 'scale': 1.0, 'casing': None, 'outline_color': [1.0, 1.0, 1.0, 1.0], 'outline_width': 0, 'animations': None}], 'target': None, 'background_color': [0.0, 0.0, 0.0, 1.0], 'priority': None, 'show': True, 'force': False, 'expire': None, 'slide': None, 'tokens': {}, 'action': 'play'}}, 'context': '_global', 'calling_context': 'ball_started', 'priority': 0, 'player': 1, 'ball': 3, 'balls_remaining': 0, 'is_extra_ball': False}
2025-03-06 20:41:19,038 : EventManager : Event: ======'slide__global.slide_player-ball_started_removed'====== Args={}
2025-03-06 20:41:19,046 : EventManager : Event: ======'slide__global.slide_player-ball_started_created'====== Args={}
2025-03-06 20:41:19,048 : EventManager : Event: ======'slide__global.slide_player-ball_started_active'====== Args={}
2025-03-06 20:41:19,150 : EventManager : Event: ======'machine_var_audits_switches_s_plunger_lane'====== Args={'value': 35, 'prev_value': 34, 'change': 1}
2025-03-06 20:41:19,723 : EventManager : Event: ======'machine_var_audits_switches_s_playfield_entry'====== Args={'value': 20, 'prev_value': 19, 'change': 1}
2025-03-06 20:41:22,438 : EventManager : Event: ======'machine_var_audits_switches_s_trough3'====== Args={'value': 6, 'prev_value': 5, 'change': 1}
2025-03-06 20:41:23,682 : EventManager : Event: ======'machine_var_audits_switches_s_trough1'====== Args={'value': 16, 'prev_value': 15, 'change': 1}
2025-03-06 20:41:24,020 : EventManager : Event: ======'sounds_play'====== Args={'settings': {'main': {'action': 'play', 'priority': None, 'block': False, 'delay': None, 'track': None, 'volume': None, 'ducking': {}, 'pan': None, 'loops': None, 'start_at': None, 'fade_in': None, 'fade_out': None, 'about_to_finish_time': -1.0, 'max_queue_time': -1.0, 'events_when_played': ['use_sound_setting'], 'events_when_stopped': ['use_sound_setting'], 'events_when_looping': ['use_sound_setting'], 'events_when_about_to_finish': ['use_sound_setting'], 'mode_end_action': 'use_sound_setting', 'key': 'use_sound_setting'}}, 'context': '_global', 'calling_context': 'mode_attract_started', 'priority': 0}
2025-03-06 20:41:24,032 : EventManager : Event: ======'game_ended'====== Args={}
2025-03-06 20:41:31,819 : kivy : Base: Leaving application in progress...
2025-03-06 20:41:32,180 : mpfmc : Stopping...
2025-03-06 20:41:32,181 : EventManager : Event: ======'shutdown'====== Args={}
2025-03-06 20:41:32,181 : AudioInterface : Disabling audio playback
2025-03-06 20:41:32,182 : mpfmc : Loop rate 76.41 Hz
2025-03-06 20:41:32,182 : root : MC run loop ended.
2025-03-06 20:41:32,182 : root : Stopping child threads... (3 remaining)
2025-03-06 20:41:32,614 : mpfmc : Stopping...
2025-03-06 20:41:32,615 : EventManager : Event: ======'shutdown'====== Args={}
2025-03-06 20:41:32,615 : mpfmc : Loop rate 75.89 Hz
2025-03-06 20:41:32,622 : MPF-MC BCP Server : Stopping BCP sending thread
2025-03-06 20:41:32,787 : root : All child threads stopped.
