2025-03-05 21:15:17,695 : INFO : root : Loading config.
2025-03-05 21:15:17,698 : INFO : YamlMultifileConfigLoader : Machine config file #1: config.yaml
2025-03-05 21:15:17,699 : WARNING : ConfigProcessor : Config file in cache changed: C:\Users\duffb\OneDrive\Documents\Python Envs\PinBallWW1\Machine\config\config.yaml
2025-03-05 21:15:17,699 : INFO : ConfigProcessor : Loading config from file C:\Users\duffb\.pyenv\pyenv-win\versions\3.11.0\Lib\site-packages\mpf\mpfconfig.yaml.
2025-03-05 21:15:17,699 : DEBUG : YAML File Interface : Loading file: C:\Users\duffb\.pyenv\pyenv-win\versions\3.11.0\Lib\site-packages\mpf\mpfconfig.yaml
2025-03-05 21:15:17,708 : INFO : ConfigProcessor : Loading config: C:\Users\duffb\.pyenv\pyenv-win\versions\3.11.0\Lib\site-packages\mpf\mpfconfig.yaml
2025-03-05 21:15:17,709 : INFO : ConfigProcessor : Loading config from file C:\Users\duffb\OneDrive\Documents\Python Envs\PinBallWW1\Machine\config\config.yaml.
2025-03-05 21:15:17,709 : DEBUG : YAML File Interface : Loading file: C:\Users\duffb\OneDrive\Documents\Python Envs\PinBallWW1\Machine\config\config.yaml
2025-03-05 21:15:17,733 : INFO : ConfigProcessor : Loading config: C:\Users\duffb\OneDrive\Documents\Python Envs\PinBallWW1\Machine\config\config.yaml
2025-03-05 21:15:17,734 : INFO : ConfigProcessor : Config file cache created: C:\Users\duffb\AppData\Local\Temp\cadfdee4981114acd6fff59d1071b59b.mpf_cache
2025-03-05 21:15:17,812 : DEBUG : YamlMultifileConfigLoader : Loading mode attract from C:\Users\duffb\.pyenv\pyenv-win\versions\3.11.0\Lib\site-packages\mpf\modes\attract\config\attract.yaml
2025-03-05 21:15:17,812 : INFO : ConfigProcessor : Loading config from cache: C:\Users\duffb\AppData\Local\Temp\2d51d76727b268a801d8dd7a18b89879.mpf_cache
2025-03-05 21:15:17,813 : DEBUG : YamlMultifileConfigLoader : Loading mode game from C:\Users\duffb\.pyenv\pyenv-win\versions\3.11.0\Lib\site-packages\mpf\modes\game\config\game.yaml
2025-03-05 21:15:17,813 : INFO : ConfigProcessor : Loading config from cache: C:\Users\duffb\AppData\Local\Temp\9f058d482eac17116727d62a93500be7.mpf_cache
2025-03-05 21:15:17,814 : INFO : Machine : Mission Pinball Framework Core Engine v0.57.0
2025-03-05 21:15:17,814 : INFO : Machine : Command line arguments: {'no_load_cache': False, 'create_config_cache': True, 'bcp': True, 'configfile': ['config.yaml'], 'force_assets_load': False, 'platform_integration_test': False, 'jsonlogging': False, 'logfile': 'logs\\2025-03-05-21-15-17-mpf-T0SHIII.log', 'pause': False, 'production': False, 'text_ui': True, 'loglevel': 10, 'consoleloglevel': 20, 'force_platform': None, 'syslog_address': None, 'mc_file_name': None, 'no_sound': False}
2025-03-05 21:15:17,814 : INFO : Machine : MPF path: C:\Users\duffb\.pyenv\pyenv-win\versions\3.11.0\Lib\site-packages\mpf
2025-03-05 21:15:17,814 : INFO : Machine : Machine path: C:\Users\duffb\OneDrive\Documents\Python Envs\PinBallWW1\Machine
2025-03-05 21:15:17,814 : INFO : Machine : Platform: win32
2025-03-05 21:15:17,814 : INFO : Machine : Python executable location: C:\Users\duffb\.pyenv\pyenv-win\versions\3.11.0\python.exe
2025-03-05 21:15:17,814 : INFO : Machine : Python version: 3.11.0 (64-bit)
2025-03-05 21:15:17,815 : DEBUG : asyncio : Using proactor: IocpProactor
2025-03-05 21:15:17,816 : INFO : Machine : Initializing MPF...
2025-03-05 21:15:17,881 : DEBUG : asciimatics.widgets.layout : Updating: None
2025-03-05 21:15:17,881 : DEBUG : asciimatics.widgets.layout : Updating: None
2025-03-05 21:15:17,881 : DEBUG : asciimatics.widgets.layout : Updating: None
2025-03-05 21:15:17,881 : DEBUG : asciimatics.widgets.layout : Updating: None
2025-03-05 21:15:17,881 : DEBUG : asciimatics.widgets.layout : Updating: None
2025-03-05 21:15:17,881 : DEBUG : asciimatics.widgets.layout : Updating: None
2025-03-05 21:15:17,881 : DEBUG : asciimatics.widgets.layout : Updating: None
2025-03-05 21:15:17,881 : DEBUG : asciimatics.widgets.layout : Updating: None
2025-03-05 21:15:17,882 : DEBUG : asciimatics.widgets.layout : Updating: None
2025-03-05 21:15:17,882 : DEBUG : asciimatics.widgets.layout : Updating: None
2025-03-05 21:15:17,882 : DEBUG : asciimatics.widgets.layout : Updating: None
2025-03-05 21:15:17,882 : DEBUG : asciimatics.widgets.layout : Updating: None
2025-03-05 21:15:17,882 : DEBUG : asciimatics.widgets.widget : Widget blur: <asciimatics.widgets.label.Label object at 0x000002508084E190>
2025-03-05 21:15:17,882 : DEBUG : asciimatics.widgets.widget : Widget blur: <asciimatics.widgets.label.Label object at 0x0000025080A097D0>
2025-03-05 21:15:17,882 : DEBUG : asciimatics.widgets.widget : Widget blur: <asciimatics.widgets.label.Label object at 0x0000025080A098A0>
2025-03-05 21:15:17,882 : DEBUG : asciimatics.widgets.layout : Blur: <asciimatics.widgets.layout.Layout object at 0x00000250809EB340>
2025-03-05 21:15:17,882 : DEBUG : asciimatics.widgets.layout : Blur: <mpf.core.text_ui.MpfLayout object at 0x00000250809D9C50>
2025-03-05 21:15:17,882 : DEBUG : asciimatics.widgets.layout : Updating: None
2025-03-05 21:15:17,882 : DEBUG : asciimatics.widgets.layout : Updating: None
2025-03-05 21:15:17,882 : DEBUG : asciimatics.widgets.layout : Updating: None
2025-03-05 21:15:17,882 : DEBUG : asciimatics.widgets.layout : Updating: None
2025-03-05 21:15:17,882 : DEBUG : asciimatics.widgets.layout : Updating: None
2025-03-05 21:15:17,882 : DEBUG : asciimatics.widgets.layout : Updating: None
2025-03-05 21:15:17,882 : DEBUG : asciimatics.widgets.widget : Widget blur: <asciimatics.widgets.label.Label object at 0x0000025080A09CB0>
2025-03-05 21:15:17,882 : DEBUG : asciimatics.widgets.widget : Widget blur: <asciimatics.widgets.label.Label object at 0x0000025080A09BE0>
2025-03-05 21:15:17,882 : DEBUG : asciimatics.widgets.widget : Widget blur: <asciimatics.widgets.label.Label object at 0x0000025080A09D80>
2025-03-05 21:15:17,882 : DEBUG : asciimatics.widgets.widget : Widget blur: <asciimatics.widgets.label.Label object at 0x0000025080A09B10>
2025-03-05 21:15:17,882 : DEBUG : asciimatics.widgets.widget : Widget blur: <asciimatics.widgets.label.Label object at 0x0000025080A09A40>
2025-03-05 21:15:17,882 : DEBUG : asciimatics.widgets.widget : Widget blur: <asciimatics.widgets.label.Label object at 0x0000025080A09970>
2025-03-05 21:15:17,882 : DEBUG : asciimatics.widgets.layout : Blur: <asciimatics.widgets.layout.Layout object at 0x00000250809EB400>
2025-03-05 21:15:17,882 : DEBUG : asciimatics.widgets.layout : Focus: <asciimatics.widgets.layout.Layout object at 0x00000250809EB340>
2025-03-05 21:15:17,882 : DEBUG : asciimatics.widgets.layout : Focus: <mpf.core.text_ui.MpfLayout object at 0x00000250809D9C50>
2025-03-05 21:15:17,882 : DEBUG : asciimatics.widgets.layout : Focus: <asciimatics.widgets.layout.Layout object at 0x00000250809EB400>
2025-03-05 21:15:17,882 : DEBUG : asciimatics.widgets.frame : Cloning: Test
2025-03-05 21:15:17,882 : DEBUG : asciimatics.widgets.layout : Updating: None
2025-03-05 21:15:17,882 : DEBUG : asciimatics.widgets.layout : Updating: None
2025-03-05 21:15:17,882 : DEBUG : asciimatics.widgets.layout : Updating: None
2025-03-05 21:15:17,882 : DEBUG : asciimatics.widgets.layout : Updating: None
2025-03-05 21:15:17,883 : DEBUG : asciimatics.widgets.layout : Updating: None
2025-03-05 21:15:17,883 : DEBUG : asciimatics.widgets.layout : Updating: None
2025-03-05 21:15:17,883 : DEBUG : asciimatics.widgets.layout : Updating: None
2025-03-05 21:15:17,883 : DEBUG : asciimatics.widgets.layout : Updating: None
2025-03-05 21:15:17,883 : DEBUG : asciimatics.widgets.layout : Updating: None
2025-03-05 21:15:17,883 : DEBUG : asciimatics.widgets.layout : Updating: None
2025-03-05 21:15:17,883 : DEBUG : asciimatics.widgets.layout : Updating: None
2025-03-05 21:15:17,883 : DEBUG : asciimatics.widgets.layout : Updating: None
2025-03-05 21:15:17,883 : DEBUG : asciimatics.widgets.layout : Updating: None
2025-03-05 21:15:17,883 : DEBUG : asciimatics.widgets.layout : Updating: None
2025-03-05 21:15:17,883 : DEBUG : asciimatics.widgets.layout : Updating: None
2025-03-05 21:15:17,883 : DEBUG : asciimatics.widgets.layout : Updating: None
2025-03-05 21:15:17,883 : DEBUG : asciimatics.widgets.layout : Updating: None
2025-03-05 21:15:17,883 : DEBUG : asciimatics.widgets.layout : Updating: None
2025-03-05 21:15:17,884 : DEBUG : asciimatics.screen : Processing key: d
2025-03-05 21:15:17,884 : DEBUG : asciimatics.screen : Processing mouse: 59, 27
2025-03-05 21:15:17,884 : DEBUG : asciimatics.widgets.frame : New event: MouseEvent (59, 27) 0
2025-03-05 21:15:17,978 : INFO : EventManager : Event: ======'machine_var_credits_string'====== Args={'value': 'FREE PLAY', 'prev_value': None, 'change': True}
2025-03-05 21:15:18,020 : INFO : EventManager : Event: ======'machine_var_master_volume'====== Args={'value': 0.5, 'prev_value': None, 'change': True}
2025-03-05 21:15:18,020 : INFO : EventManager : Event: ======'machine_var_mpf_version'====== Args={'value': 'Mission Pinball Framework v0.57.0', 'prev_value': None, 'change': True}
2025-03-05 21:15:18,020 : INFO : EventManager : Event: ======'machine_var_mpf_extended_version'====== Args={'value': 'Mission Pinball Framework v0.57.0, Config version:6, Show version: 6, BCP version:1.1', 'prev_value': None, 'change': True}
2025-03-05 21:15:18,020 : INFO : EventManager : Event: ======'machine_var_python_version'====== Args={'value': '3.11.0', 'prev_value': None, 'change': True}
2025-03-05 21:15:18,029 : INFO : EventManager : Event: ======'machine_var_platform'====== Args={'value': 'Windows-10-10.0.26100-SP0', 'prev_value': None, 'change': True}
2025-03-05 21:15:18,029 : INFO : EventManager : Event: ======'machine_var_platform_system'====== Args={'value': 'Windows', 'prev_value': None, 'change': True}
2025-03-05 21:15:18,029 : INFO : EventManager : Event: ======'machine_var_platform_release'====== Args={'value': '10', 'prev_value': None, 'change': True}
2025-03-05 21:15:18,029 : INFO : EventManager : Event: ======'machine_var_platform_version'====== Args={'value': '10.0.26100', 'prev_value': None, 'change': True}
2025-03-05 21:15:18,029 : INFO : EventManager : Event: ======'machine_var_platform_machine'====== Args={'value': 'AMD64', 'prev_value': None, 'change': True}
2025-03-05 21:15:18,029 : INFO : EventManager : Event: ======'init_phase_1'====== Args={}
2025-03-05 21:15:18,034 : DEBUG : ModeController : Loaded mode attract
2025-03-05 21:15:18,037 : DEBUG : ModeController : Loaded mode game
2025-03-05 21:15:18,039 : DEBUG : ball_device.bd_trough : Configuring device with settings: '{'ball_switches': 's_trough_1, s_trough_2, s_trough_3', 'ball_capacity': 3, 'eject_coil': 'c_trough_release', 'eject_targets': [<ball_device.bd_plunger_lane>], 'tags': ['trough', 'home'], 'eject_timeouts': [3000], 'debug': True, 'label': '%', 'console_log': 'full', 'file_log': 'full', 'entrance_events': {}, 'idle_missing_ball_timeout': 5.0, 'confirm_eject_type': 'target', 'captures_from': <playfield.playfield>, 'ball_missing_timeouts': [], 'ball_missing_target': <playfield.playfield>, 'confirm_eject_switch': None, 'confirm_eject_event': None, 'max_eject_attempts': 0, 'request_ball_events': {}, 'eject_events': {}, 'eject_all_events': {}, 'mechanical_eject': False, 'player_controlled_eject_event': None, 'ball_search_order': 200, 'auto_fire_on_unexpected_ball': True, 'target_on_unexpected_ball': None}'
2025-03-05 21:15:18,041 : INFO : EventManager : Event: ======'init_phase_2'====== Args={}
2025-03-05 21:15:18,042 : INFO : SwitchController : Found active switch: ('8', <Platform.SmartVirtual>) <switch.s_trough_enter>
2025-03-05 21:15:18,042 : INFO : SwitchController : Found active switch: ('7', <Platform.SmartVirtual>) <switch.s_trough1>
2025-03-05 21:15:18,042 : INFO : SwitchController : Found active switch: ('10', <Platform.SmartVirtual>) <switch.s_trough2>
2025-03-05 21:15:18,042 : INFO : SwitchController : Found active switch: ('11', <Platform.SmartVirtual>) <switch.s_trough3>
2025-03-05 21:15:18,042 : INFO : EventManager : Event: ======'bcp_connection_attempt'====== Args={'name': 'local_display', 'host': 'localhost', 'port': 5050}
2025-03-05 21:15:18,044 : DEBUG : asciimatics.widgets.layout : Updating: message
2025-03-05 21:15:18,044 : DEBUG : asciimatics.widgets.layout : Updating: message
2025-03-05 21:15:18,044 : DEBUG : asciimatics.widgets.widget : Widget blur: <asciimatics.widgets.textbox.TextBox object at 0x00000250809E71C0>
2025-03-05 21:15:18,044 : DEBUG : asciimatics.widgets.layout : Blur: <asciimatics.widgets.layout.Layout object at 0x0000025080B2BF40>
2025-03-05 21:15:18,044 : DEBUG : asciimatics.widgets.layout : Blur: <asciimatics.widgets.layout.Layout object at 0x0000025080B2BFA0>
2025-03-05 21:15:18,044 : DEBUG : asciimatics.widgets.layout : Focus: <asciimatics.widgets.layout.Layout object at 0x0000025080B2BF40>
2025-03-05 21:15:18,044 : DEBUG : asciimatics.widgets.layout : Focus: <asciimatics.widgets.layout.Layout object at 0x0000025080B2BFA0>
2025-03-05 21:15:18,044 : INFO : BCPClientSocket : Connecting BCP to 'local_display' at localhost:5050...
2025-03-05 21:15:18,046 : DEBUG : asciimatics.screen : Processing mouse: 60, 27
2025-03-05 21:15:18,046 : DEBUG : asciimatics.widgets.frame : New event: MouseEvent (23, 14) 0
2025-03-05 21:15:20,100 : INFO : BCPClientSocket : Connected BCP to 'local_display' localhost:5050
2025-03-05 21:15:20,103 : INFO : EventManager : Event: ======'bcp_clients_connected'====== Args={}
2025-03-05 21:15:20,109 : DEBUG : asciimatics.widgets.layout : Updating: None
2025-03-05 21:15:20,109 : DEBUG : asciimatics.widgets.layout : Updating: None
2025-03-05 21:15:20,110 : DEBUG : asciimatics.widgets.layout : Updating: None
2025-03-05 21:15:20,110 : DEBUG : asciimatics.widgets.layout : Updating: None
2025-03-05 21:15:20,110 : DEBUG : asciimatics.widgets.layout : Updating: None
2025-03-05 21:15:20,110 : DEBUG : asciimatics.widgets.layout : Updating: None
2025-03-05 21:15:20,110 : DEBUG : asciimatics.widgets.layout : Updating: None
2025-03-05 21:15:20,110 : DEBUG : asciimatics.widgets.layout : Updating: None
2025-03-05 21:15:20,110 : DEBUG : asciimatics.widgets.layout : Updating: None
2025-03-05 21:15:20,110 : DEBUG : asciimatics.widgets.layout : Updating: None
2025-03-05 21:15:20,110 : DEBUG : asciimatics.widgets.layout : Updating: None
2025-03-05 21:15:20,110 : DEBUG : asciimatics.widgets.layout : Updating: None
2025-03-05 21:15:20,111 : DEBUG : asciimatics.widgets.widget : Widget blur: <asciimatics.widgets.label.Label object at 0x0000025080B5CAD0>
2025-03-05 21:15:20,111 : DEBUG : asciimatics.widgets.widget : Widget blur: <asciimatics.widgets.label.Label object at 0x0000025080B5CBA0>
2025-03-05 21:15:20,111 : DEBUG : asciimatics.widgets.widget : Widget blur: <asciimatics.widgets.label.Label object at 0x0000025080B5CC70>
2025-03-05 21:15:20,111 : DEBUG : asciimatics.widgets.layout : Blur: <asciimatics.widgets.layout.Layout object at 0x0000025080B2BC40>
2025-03-05 21:15:20,111 : DEBUG : asciimatics.widgets.layout : Blur: <mpf.core.text_ui.MpfLayout object at 0x0000025080B2DA50>
2025-03-05 21:15:20,111 : DEBUG : asciimatics.widgets.layout : Updating: None
2025-03-05 21:15:20,111 : DEBUG : asciimatics.widgets.layout : Updating: None
2025-03-05 21:15:20,111 : DEBUG : asciimatics.widgets.layout : Updating: None
2025-03-05 21:15:20,111 : DEBUG : asciimatics.widgets.layout : Updating: None
2025-03-05 21:15:20,111 : DEBUG : asciimatics.widgets.layout : Updating: None
2025-03-05 21:15:20,111 : DEBUG : asciimatics.widgets.layout : Updating: None
2025-03-05 21:15:20,111 : DEBUG : asciimatics.widgets.widget : Widget blur: <asciimatics.widgets.label.Label object at 0x0000025080B5D630>
2025-03-05 21:15:20,111 : DEBUG : asciimatics.widgets.widget : Widget blur: <asciimatics.widgets.label.Label object at 0x0000025080B5D560>
2025-03-05 21:15:20,111 : DEBUG : asciimatics.widgets.widget : Widget blur: <asciimatics.widgets.label.Label object at 0x0000025080B5D700>
2025-03-05 21:15:20,111 : DEBUG : asciimatics.widgets.widget : Widget blur: <asciimatics.widgets.label.Label object at 0x0000025080B5D490>
2025-03-05 21:15:20,111 : DEBUG : asciimatics.widgets.widget : Widget blur: <asciimatics.widgets.label.Label object at 0x0000025080B5CE10>
2025-03-05 21:15:20,111 : DEBUG : asciimatics.widgets.widget : Widget blur: <asciimatics.widgets.label.Label object at 0x0000025080B5CD40>
2025-03-05 21:15:20,113 : DEBUG : asciimatics.widgets.layout : Blur: <asciimatics.widgets.layout.Layout object at 0x0000025080B689A0>
2025-03-05 21:15:20,113 : DEBUG : asciimatics.widgets.layout : Focus: <asciimatics.widgets.layout.Layout object at 0x0000025080B2BC40>
2025-03-05 21:15:20,113 : DEBUG : asciimatics.widgets.layout : Focus: <mpf.core.text_ui.MpfLayout object at 0x0000025080B2DA50>
2025-03-05 21:15:20,113 : DEBUG : asciimatics.widgets.layout : Focus: <asciimatics.widgets.layout.Layout object at 0x0000025080B689A0>
2025-03-05 21:15:20,114 : DEBUG : asciimatics.widgets.frame : Cloning: Test
2025-03-05 21:15:20,114 : DEBUG : asciimatics.widgets.layout : Updating: None
2025-03-05 21:15:20,115 : DEBUG : asciimatics.widgets.layout : Updating: None
2025-03-05 21:15:20,115 : DEBUG : asciimatics.widgets.layout : Updating: None
2025-03-05 21:15:20,115 : DEBUG : asciimatics.widgets.layout : Updating: None
2025-03-05 21:15:20,115 : DEBUG : asciimatics.widgets.layout : Updating: None
2025-03-05 21:15:20,115 : DEBUG : asciimatics.widgets.layout : Updating: None
2025-03-05 21:15:20,115 : DEBUG : asciimatics.widgets.layout : Updating: None
2025-03-05 21:15:20,115 : DEBUG : asciimatics.widgets.layout : Updating: None
2025-03-05 21:15:20,115 : DEBUG : asciimatics.widgets.layout : Updating: None
2025-03-05 21:15:20,115 : DEBUG : asciimatics.widgets.layout : Updating: None
2025-03-05 21:15:20,115 : DEBUG : asciimatics.widgets.layout : Updating: None
2025-03-05 21:15:20,115 : DEBUG : asciimatics.widgets.layout : Updating: None
2025-03-05 21:15:20,115 : DEBUG : asciimatics.widgets.layout : Updating: None
2025-03-05 21:15:20,116 : DEBUG : asciimatics.widgets.layout : Updating: None
2025-03-05 21:15:20,116 : DEBUG : asciimatics.widgets.layout : Updating: None
2025-03-05 21:15:20,116 : DEBUG : asciimatics.widgets.layout : Updating: None
2025-03-05 21:15:20,116 : DEBUG : asciimatics.widgets.layout : Updating: None
2025-03-05 21:15:20,116 : DEBUG : asciimatics.widgets.layout : Updating: None
2025-03-05 21:15:20,217 : INFO : EventManager : Event: ======'machine_var_mc_version'====== Args={'value': 'MPF-MC v0.57.1', 'prev_value': None, 'change': True}
2025-03-05 21:15:20,218 : INFO : EventManager : Event: ======'machine_var_mc_extended_version'====== Args={'value': 'MPF-MC v0.57.1 (config_version=6, BCP v1.1,                      Requires MPF API compatibility v0.57.0 or newer)', 'prev_value': None, 'change': True}
2025-03-05 21:15:20,219 : INFO : ball_device.bd_drain : BCH: Initial count: 0
2025-03-05 21:15:20,242 : INFO : ball_device.bd_drain : State: idle
2025-03-05 21:15:20,242 : ERROR : asyncio : Task exception was never retrieved
future: <Task finished name='Task-51' coro=<BallDevice._initialize_async() done, defined at C:\Users\duffb\.pyenv\pyenv-win\versions\3.11.0\Lib\site-packages\mpf\devices\ball_device\ball_device.py:196> exception=ConfigFileError('Config validation error: Entry ball_device_counter_ball_switches:ball_device_counter_ball_switches:ball_switches = "s_trough_1" is not valid. Device "s_trough_1" not found in "switches:" section in your config.')>
Traceback (most recent call last):
  File "C:\Users\duffb\.pyenv\pyenv-win\versions\3.11.0\Lib\site-packages\mpf\devices\ball_device\ball_device.py", line 198, in _initialize_async
    await self.ball_count_handler.initialize()
  File "C:\Users\duffb\.pyenv\pyenv-win\versions\3.11.0\Lib\site-packages\mpf\devices\ball_device\ball_count_handler.py", line 92, in initialize
    self.counter = counter_class(self.ball_device, self.ball_device.config.get("counter", {}))
                   ^^^^^^^^^^^^^^^^^^^^^^^^^^^^^^^^^^^^^^^^^^^^^^^^^^^^^^^^^^^^^^^^^^^^^^^^^^^
  File "C:\Users\duffb\.pyenv\pyenv-win\versions\3.11.0\Lib\site-packages\mpf\devices\ball_device\switch_counter.py", line 27, in __init__
    self.config = self.machine.config_validator.validate_config("ball_device_counter_ball_switches", self.config)
                  ^^^^^^^^^^^^^^^^^^^^^^^^^^^^^^^^^^^^^^^^^^^^^^^^^^^^^^^^^^^^^^^^^^^^^^^^^^^^^^^^^^^^^^^^^^^^^^^
  File "C:\Users\duffb\.pyenv\pyenv-win\versions\3.11.0\Lib\site-packages\mpf\core\config_validator.py", line 164, in validate_config
    return self._validate_config(config_spec, source, base_spec=base_spec, add_missing_keys=add_missing_keys,
           ^^^^^^^^^^^^^^^^^^^^^^^^^^^^^^^^^^^^^^^^^^^^^^^^^^^^^^^^^^^^^^^^^^^^^^^^^^^^^^^^^^^^^^^^^^^^^^^^^^
  File "C:\Users\duffb\.pyenv\pyenv-win\versions\3.11.0\Lib\site-packages\mpf\core\config_validator.py", line 205, in _validate_config
    processed_config[k] = self.validate_config_item(
                          ^^^^^^^^^^^^^^^^^^^^^^^^^^
  File "C:\Users\duffb\.pyenv\pyenv-win\versions\3.11.0\Lib\site-packages\mpf\core\config_validator.py", line 257, in validate_config_item
    new_list.append(self.validate_item(i, validation, validation_failure_info))
                    ^^^^^^^^^^^^^^^^^^^^^^^^^^^^^^^^^^^^^^^^^^^^^^^^^^^^^^^^^^
  File "C:\Users\duffb\.pyenv\pyenv-win\versions\3.11.0\Lib\site-packages\mpf\core\config_validator.py", line 683, in validate_item
    return self.validator_list[validator](item, validation_failure_info=validation_failure_info, param=param)
           ^^^^^^^^^^^^^^^^^^^^^^^^^^^^^^^^^^^^^^^^^^^^^^^^^^^^^^^^^^^^^^^^^^^^^^^^^^^^^^^^^^^^^^^^^^^^^^^^^^
  File "C:\Users\duffb\.pyenv\pyenv-win\versions\3.11.0\Lib\site-packages\mpf\core\config_validator.py", line 401, in _validate_type_machine
    return self.validation_error(item, validation_failure_info,
           ^^^^^^^^^^^^^^^^^^^^^^^^^^^^^^^^^^^^^^^^^^^^^^^^^^^^
  File "C:\Users\duffb\.pyenv\pyenv-win\versions\3.11.0\Lib\site-packages\mpf\core\config_validator.py", line 700, in validation_error
    raise ConfigFileError("Config validation error: Entry {} = \"{}\" is not valid. {}".format(
mpf.exceptions.config_file_error.ConfigFileError: Config File Error in ConfigValidator: Config validation error: Entry ball_device_counter_ball_switches:ball_device_counter_ball_switches:ball_switches = "s_trough_1" is not valid. Device "s_trough_1" not found in "switches:" section in your config. Error Code: CFE-ConfigValidator-6 (https://missionpinball.org/logs)
2025-03-05 21:15:20,245 : INFO : ball_device.bd_plunger_lane : BCH: Initial count: 0
2025-03-05 21:15:20,245 : INFO : Machine : Starting the main run loop.
2025-03-05 21:15:20,245 : INFO : ball_device.bd_plunger_lane : State: idle
2025-03-05 21:15:20,245 : INFO : Machine : Shutting down...
2025-03-05 21:15:20,246 : INFO : EventManager : Event: ======'shutdown'====== Args={}
2025-03-05 21:15:20,248 : DEBUG : Machine : "info_lights:" section not found in machine configuration, so the InfoLights will not be used.
2025-03-05 21:15:20,250 : DEBUG : Machine : "switch_player:" section not found in machine configuration, so the SwitchPlayer will not be used.
2025-03-05 21:15:20,253 : DEBUG : Machine : "twitch_client:" section not found in machine configuration, so the TwitchBot will not be used.
2025-03-05 21:15:20,254 : DEBUG : Machine : "virtual_segment_display_connector:" section not found in machine configuration, so the VirtualSegmentDisplayConnector will not be used.
2025-03-05 21:15:20,254 : INFO : EventManager : Event: ======'init_phase_3'====== Args={}
2025-03-05 21:15:20,254 : DEBUG : ShowController : Loading show: flash
2025-03-05 21:15:20,255 : DEBUG : ShowController : Loading show: on
2025-03-05 21:15:20,255 : DEBUG : ShowController : Loading show: off
2025-03-05 21:15:20,255 : DEBUG : ShowController : Loading show: led_color
2025-03-05 21:15:20,255 : DEBUG : ShowController : Loading show: bl_color
2025-03-05 21:15:20,256 : DEBUG : ShowController : Loading show: flash_color
2025-03-05 21:15:20,257 : INFO : EventManager : Event: ======'init_phase_4'====== Args={}
2025-03-05 21:15:20,257 : DEBUG : ball_device.bd_trough : Stopping ball device
2025-03-05 21:15:20,257 : ERROR : asyncio : Exception in callback Util.raise_exceptions(<Task finishe...unt_stable'")>) at C:\Users\duffb\.pyenv\pyenv-win\versions\3.11.0\Lib\site-packages\mpf\core\utility_functions.py:790
handle: <Handle Util.raise_exceptions(<Task finishe...unt_stable'")>) at C:\Users\duffb\.pyenv\pyenv-win\versions\3.11.0\Lib\site-packages\mpf\core\utility_functions.py:790>
Traceback (most recent call last):
  File "C:\Users\duffb\.pyenv\pyenv-win\versions\3.11.0\Lib\asyncio\events.py", line 80, in _run
    self._context.run(self._callback, *self._args)
  File "C:\Users\duffb\.pyenv\pyenv-win\versions\3.11.0\Lib\site-packages\mpf\core\utility_functions.py", line 798, in raise_exceptions
    future.result()
  File "C:\Users\duffb\.pyenv\pyenv-win\versions\3.11.0\Lib\site-packages\mpf\core\ball_controller.py", line 90, in _add_new_balls_to_playfield
    self.num_balls_known = await self._count_all_balls_in_devices()
                           ^^^^^^^^^^^^^^^^^^^^^^^^^^^^^^^^^^^^^^^^
  File "C:\Users\duffb\.pyenv\pyenv-win\versions\3.11.0\Lib\site-packages\mpf\core\ball_controller.py", line 129, in _count_all_balls_in_devices
    futures.append(asyncio.ensure_future(device.ball_count_handler.counter.wait_for_count_stable()))
                                         ^^^^^^^^^^^^^^^^^^^^^^^^^^^^^^^^^^^^^^^^^^^^^^^^^^^^^^^
AttributeError: 'NoneType' object has no attribute 'wait_for_count_stable'
2025-03-05 21:15:20,259 : INFO : EventManager : Event: ======'machine_var_audits_switches_s_right_flipper'====== Args={'value': 0, 'prev_value': None, 'change': True}
2025-03-05 21:15:20,260 : INFO : EventManager : Event: ======'machine_var_audits_switches_s_launcher_button'====== Args={'value': 0, 'prev_value': None, 'change': True}
2025-03-05 21:15:20,260 : INFO : EventManager : Event: ======'machine_var_audits_switches_s_trough1'====== Args={'value': 0, 'prev_value': None, 'change': True}
2025-03-05 21:15:20,260 : INFO : EventManager : Event: ======'machine_var_audits_switches_s_trough2'====== Args={'value': 0, 'prev_value': None, 'change': True}
2025-03-05 21:15:20,260 : INFO : EventManager : Event: ======'machine_var_audits_switches_s_trough3'====== Args={'value': 0, 'prev_value': None, 'change': True}
2025-03-05 21:15:20,260 : INFO : EventManager : Event: ======'machine_var_audits_switches_s_trough_enter'====== Args={'value': 0, 'prev_value': None, 'change': True}
2025-03-05 21:15:20,260 : INFO : EventManager : Event: ======'machine_var_audits_switches_s_plunger_lane'====== Args={'value': 0, 'prev_value': None, 'change': True}
2025-03-05 21:15:20,261 : INFO : EventManager : Event: ======'machine_var_audits_switches_s_playfield_entry'====== Args={'value': 0, 'prev_value': None, 'change': True}
2025-03-05 21:15:20,261 : INFO : EventManager : Event: ======'machine_var_audits_switches_s_drain'====== Args={'value': 0, 'prev_value': None, 'change': True}
2025-03-05 21:15:20,261 : INFO : EventManager : Event: ======'machine_var_audits_switches_s_left_flipper'====== Args={'value': 0, 'prev_value': None, 'change': True}
2025-03-05 21:15:20,261 : INFO : EventManager : Event: ======'machine_var_audits_events_game_started'====== Args={'value': 0, 'prev_value': None, 'change': True}
2025-03-05 21:15:20,261 : INFO : EventManager : Event: ======'machine_var_audits_events_game_ended'====== Args={'value': 0, 'prev_value': None, 'change': True}
2025-03-05 21:15:20,261 : INFO : EventManager : Event: ======'machine_var_audits_player_score'====== Args={'value': {'top': [], 'average': 0, 'total': 0}, 'prev_value': None, 'change': True}
2025-03-05 21:15:20,261 : INFO : EventManager : Event: ======'init_phase_5'====== Args={}
2025-03-05 21:15:21,269 : ERROR : asyncio : Task was destroyed but it is pending!
task: <Task pending name='Task-68' coro=<IocpProactor.accept.<locals>.accept_coro() running at C:\Users\duffb\.pyenv\pyenv-win\versions\3.11.0\Lib\asyncio\windows_events.py:591> wait_for=<_OverlappedFuture cancelled>>
2025-03-05 21:15:21,270 : ERROR : Machine : Runtime Exception
Traceback (most recent call last):
  File "C:\Users\duffb\.pyenv\pyenv-win\versions\3.11.0\Lib\site-packages\mpf\core\machine.py", line 794, in _run_loop
    raise self._exception['exception']
  File "C:\Users\duffb\.pyenv\pyenv-win\versions\3.11.0\Lib\site-packages\mpf\devices\ball_device\ball_device.py", line 198, in _initialize_async
    await self.ball_count_handler.initialize()
  File "C:\Users\duffb\.pyenv\pyenv-win\versions\3.11.0\Lib\site-packages\mpf\devices\ball_device\ball_count_handler.py", line 92, in initialize
    self.counter = counter_class(self.ball_device, self.ball_device.config.get("counter", {}))
                   ^^^^^^^^^^^^^^^^^^^^^^^^^^^^^^^^^^^^^^^^^^^^^^^^^^^^^^^^^^^^^^^^^^^^^^^^^^^
  File "C:\Users\duffb\.pyenv\pyenv-win\versions\3.11.0\Lib\site-packages\mpf\devices\ball_device\switch_counter.py", line 27, in __init__
    self.config = self.machine.config_validator.validate_config("ball_device_counter_ball_switches", self.config)
                  ^^^^^^^^^^^^^^^^^^^^^^^^^^^^^^^^^^^^^^^^^^^^^^^^^^^^^^^^^^^^^^^^^^^^^^^^^^^^^^^^^^^^^^^^^^^^^^^
  File "C:\Users\duffb\.pyenv\pyenv-win\versions\3.11.0\Lib\site-packages\mpf\core\config_validator.py", line 164, in validate_config
    return self._validate_config(config_spec, source, base_spec=base_spec, add_missing_keys=add_missing_keys,
           ^^^^^^^^^^^^^^^^^^^^^^^^^^^^^^^^^^^^^^^^^^^^^^^^^^^^^^^^^^^^^^^^^^^^^^^^^^^^^^^^^^^^^^^^^^^^^^^^^^
  File "C:\Users\duffb\.pyenv\pyenv-win\versions\3.11.0\Lib\site-packages\mpf\core\config_validator.py", line 205, in _validate_config
    processed_config[k] = self.validate_config_item(
                          ^^^^^^^^^^^^^^^^^^^^^^^^^^
  File "C:\Users\duffb\.pyenv\pyenv-win\versions\3.11.0\Lib\site-packages\mpf\core\config_validator.py", line 257, in validate_config_item
    new_list.append(self.validate_item(i, validation, validation_failure_info))
                    ^^^^^^^^^^^^^^^^^^^^^^^^^^^^^^^^^^^^^^^^^^^^^^^^^^^^^^^^^^
  File "C:\Users\duffb\.pyenv\pyenv-win\versions\3.11.0\Lib\site-packages\mpf\core\config_validator.py", line 683, in validate_item
    return self.validator_list[validator](item, validation_failure_info=validation_failure_info, param=param)
           ^^^^^^^^^^^^^^^^^^^^^^^^^^^^^^^^^^^^^^^^^^^^^^^^^^^^^^^^^^^^^^^^^^^^^^^^^^^^^^^^^^^^^^^^^^^^^^^^^^
  File "C:\Users\duffb\.pyenv\pyenv-win\versions\3.11.0\Lib\site-packages\mpf\core\config_validator.py", line 401, in _validate_type_machine
    return self.validation_error(item, validation_failure_info,
           ^^^^^^^^^^^^^^^^^^^^^^^^^^^^^^^^^^^^^^^^^^^^^^^^^^^^
  File "C:\Users\duffb\.pyenv\pyenv-win\versions\3.11.0\Lib\site-packages\mpf\core\config_validator.py", line 700, in validation_error
    raise ConfigFileError("Config validation error: Entry {} = \"{}\" is not valid. {}".format(
mpf.exceptions.config_file_error.ConfigFileError: Config File Error in ConfigValidator: Config validation error: Entry ball_device_counter_ball_switches:ball_device_counter_ball_switches:ball_switches = "s_trough_1" is not valid. Device "s_trough_1" not found in "switches:" section in your config. Error Code: CFE-ConfigValidator-6 (https://missionpinball.org/logs)
2025-03-05 21:15:24,260 : ERROR : root : 
Traceback (most recent call last):
  File "C:\Users\duffb\.pyenv\pyenv-win\versions\3.11.0\Lib\site-packages\mpf\core\machine.py", line 794, in _run_loop
    raise self._exception['exception']
  File "C:\Users\duffb\.pyenv\pyenv-win\versions\3.11.0\Lib\site-packages\mpf\devices\ball_device\ball_device.py", line 198, in _initialize_async
    await self.ball_count_handler.initialize()
  File "C:\Users\duffb\.pyenv\pyenv-win\versions\3.11.0\Lib\site-packages\mpf\devices\ball_device\ball_count_handler.py", line 92, in initialize
    self.counter = counter_class(self.ball_device, self.ball_device.config.get("counter", {}))
                   ^^^^^^^^^^^^^^^^^^^^^^^^^^^^^^^^^^^^^^^^^^^^^^^^^^^^^^^^^^^^^^^^^^^^^^^^^^^
  File "C:\Users\duffb\.pyenv\pyenv-win\versions\3.11.0\Lib\site-packages\mpf\devices\ball_device\switch_counter.py", line 27, in __init__
    self.config = self.machine.config_validator.validate_config("ball_device_counter_ball_switches", self.config)
                  ^^^^^^^^^^^^^^^^^^^^^^^^^^^^^^^^^^^^^^^^^^^^^^^^^^^^^^^^^^^^^^^^^^^^^^^^^^^^^^^^^^^^^^^^^^^^^^^
  File "C:\Users\duffb\.pyenv\pyenv-win\versions\3.11.0\Lib\site-packages\mpf\core\config_validator.py", line 164, in validate_config
    return self._validate_config(config_spec, source, base_spec=base_spec, add_missing_keys=add_missing_keys,
           ^^^^^^^^^^^^^^^^^^^^^^^^^^^^^^^^^^^^^^^^^^^^^^^^^^^^^^^^^^^^^^^^^^^^^^^^^^^^^^^^^^^^^^^^^^^^^^^^^^
  File "C:\Users\duffb\.pyenv\pyenv-win\versions\3.11.0\Lib\site-packages\mpf\core\config_validator.py", line 205, in _validate_config
    processed_config[k] = self.validate_config_item(
                          ^^^^^^^^^^^^^^^^^^^^^^^^^^
  File "C:\Users\duffb\.pyenv\pyenv-win\versions\3.11.0\Lib\site-packages\mpf\core\config_validator.py", line 257, in validate_config_item
    new_list.append(self.validate_item(i, validation, validation_failure_info))
                    ^^^^^^^^^^^^^^^^^^^^^^^^^^^^^^^^^^^^^^^^^^^^^^^^^^^^^^^^^^
  File "C:\Users\duffb\.pyenv\pyenv-win\versions\3.11.0\Lib\site-packages\mpf\core\config_validator.py", line 683, in validate_item
    return self.validator_list[validator](item, validation_failure_info=validation_failure_info, param=param)
           ^^^^^^^^^^^^^^^^^^^^^^^^^^^^^^^^^^^^^^^^^^^^^^^^^^^^^^^^^^^^^^^^^^^^^^^^^^^^^^^^^^^^^^^^^^^^^^^^^^
  File "C:\Users\duffb\.pyenv\pyenv-win\versions\3.11.0\Lib\site-packages\mpf\core\config_validator.py", line 401, in _validate_type_machine
    return self.validation_error(item, validation_failure_info,
           ^^^^^^^^^^^^^^^^^^^^^^^^^^^^^^^^^^^^^^^^^^^^^^^^^^^^
  File "C:\Users\duffb\.pyenv\pyenv-win\versions\3.11.0\Lib\site-packages\mpf\core\config_validator.py", line 700, in validation_error
    raise ConfigFileError("Config validation error: Entry {} = \"{}\" is not valid. {}".format(
mpf.exceptions.config_file_error.ConfigFileError: Config File Error in ConfigValidator: Config validation error: Entry ball_device_counter_ball_switches:ball_device_counter_ball_switches:ball_switches = "s_trough_1" is not valid. Device "s_trough_1" not found in "switches:" section in your config. Error Code: CFE-ConfigValidator-6 (https://missionpinball.org/logs)

During handling of the above exception, another exception occurred:

Traceback (most recent call last):
  File "C:\Users\duffb\.pyenv\pyenv-win\versions\3.11.0\Lib\site-packages\mpf\commands\game.py", line 240, in __init__
    self.machine.run()
  File "C:\Users\duffb\.pyenv\pyenv-win\versions\3.11.0\Lib\site-packages\mpf\core\machine.py", line 690, in run
    self._run_loop()
  File "C:\Users\duffb\.pyenv\pyenv-win\versions\3.11.0\Lib\site-packages\mpf\core\machine.py", line 797, in _run_loop
    report_crash(self._exception['exception'], "exception_during_run", self.config)
  File "C:\Users\duffb\.pyenv\pyenv-win\versions\3.11.0\Lib\site-packages\mpf\core\crash_reporter.py", line 236, in report_crash
    response = input("Do you want to report the crash to the MPF team (yes/no/show)? ")
               ^^^^^^^^^^^^^^^^^^^^^^^^^^^^^^^^^^^^^^^^^^^^^^^^^^^^^^^^^^^^^^^^^^^^^^^^
EOFError
