2025-03-19 13:03:43,432 : kivy : deps: Successfully imported "kivy_deps.gstreamer" 0.3.3
2025-03-19 13:03:43,433 : kivy : deps: Successfully imported "kivy_deps.angle" 0.3.3
2025-03-19 13:03:43,433 : kivy : deps: Successfully imported "kivy_deps.glew" 0.3.1
2025-03-19 13:03:43,433 : kivy : deps: Successfully imported "kivy_deps.sdl2" 0.6.0
2025-03-19 13:03:43,433 : kivy : Kivy: v2.2.1
2025-03-19 13:03:43,433 : kivy : Kivy: Installed at "C:\Users\duffb\.pyenv\pyenv-win\versions\3.11.0\Lib\site-packages\kivy\__init__.py"
2025-03-19 13:03:43,433 : kivy : Python: v3.11.0 (main, Oct 24 2022, 18:26:48) [MSC v.1933 64 bit (AMD64)]
2025-03-19 13:03:43,435 : kivy : Python: Interpreter at "C:\Users\duffb\.pyenv\pyenv-win\versions\3.11.0\python.exe"
2025-03-19 13:03:43,458 : kivy : Factory: 190 symbols loaded
2025-03-19 13:03:43,762 : kivy : ImageLoaderFFPy: Using ffpyplayer 4.5.1
2025-03-19 13:03:43,762 : kivy : Image: Providers: img_tex, img_dds, img_sdl2, img_pil, img_ffpyplayer 
2025-03-19 13:03:44,070 : kivy : VideoGstplayer: Using Gstreamer 1.18.5.0
2025-03-19 13:03:44,070 : kivy : Video: Provider: gstplayer
2025-03-19 13:03:44,123 : root : Loading MPF-MC controller
2025-03-19 13:03:44,144 : YamlMultifileConfigLoader : Machine config file #1: config
2025-03-19 13:03:44,145 : ConfigProcessor : Config file in cache changed: C:\Users\duffb\OneDrive\Documents\Python Envs\PinBallWW1\Machine\config\config
2025-03-19 13:03:44,145 : ConfigProcessor : Loading config from file C:\Users\duffb\.pyenv\pyenv-win\versions\3.11.0\Lib\site-packages\mpfmc\mcconfig.yaml.
2025-03-19 13:03:44,152 : ConfigProcessor : Loading config: C:\Users\duffb\.pyenv\pyenv-win\versions\3.11.0\Lib\site-packages\mpfmc\mcconfig.yaml
2025-03-19 13:03:44,152 : ConfigProcessor : Loading config from file C:\Users\duffb\OneDrive\Documents\Python Envs\PinBallWW1\Machine\config\config.
2025-03-19 13:03:44,156 : ConfigProcessor : Loading config: C:\Users\duffb\OneDrive\Documents\Python Envs\PinBallWW1\Machine\config\config
2025-03-19 13:03:44,158 : ConfigProcessor : Config file cache created: C:\Users\duffb\AppData\Local\Temp\de7a4651692d89380cb727f0a44dc491.mpf_cache
2025-03-19 13:03:44,159 : ConfigProcessor : Loading config from cache: C:\Users\duffb\AppData\Local\Temp\ee7db1e8d011f44c876692bb4657f2e9.mpf_cache
2025-03-19 13:03:44,173 : ConfigProcessor : Loading config from cache: C:\Users\duffb\AppData\Local\Temp\9f058d482eac17116727d62a93500be7.mpf_cache
2025-03-19 13:03:44,174 : ConfigProcessor : Loading config from cache: C:\Users\duffb\AppData\Local\Temp\9e006ea23aa21ec68e01f6c49afad9f4.mpf_cache
2025-03-19 13:03:44,175 : mpfmc : Mission Pinball Framework Media Controller (MPF-MC) v0.57.1. Requires MPF v0.57.0 or newer.
2025-03-19 13:03:44,175 : mpfmc : Found MPF v0.57.0
2025-03-19 13:03:44,175 : mpfmc : Machine path: C:\Users\duffb\OneDrive\Documents\Python Envs\PinBallWW1\Machine
2025-03-19 13:03:44,175 : mpfmc : Starting clock at 60.0Hz
2025-03-19 13:03:44,198 : kivy : Text: Provider: sdl2
2025-03-19 13:03:44,291 : kivy : Window: Provider: sdl2
2025-03-19 13:03:44,633 : kivy : GL: Using the "OpenGL" graphics system
2025-03-19 13:03:44,638 : kivy : GL: GLEW initialization succeeded
2025-03-19 13:03:44,638 : kivy : GL: Backend used <glew>
2025-03-19 13:03:44,638 : kivy : GL: OpenGL version <b'4.6.0 - Build 31.0.101.5592'>
2025-03-19 13:03:44,638 : kivy : GL: OpenGL vendor <b'Intel'>
2025-03-19 13:03:44,639 : kivy : GL: OpenGL renderer <b'Intel(R) UHD Graphics'>
2025-03-19 13:03:44,639 : kivy : GL: OpenGL parsed version: 4, 6
2025-03-19 13:03:44,639 : kivy : GL: Shading version <b'4.60 - Build 31.0.101.5592'>
2025-03-19 13:03:44,640 : kivy : GL: Texture max size <16384>
2025-03-19 13:03:44,640 : kivy : GL: Texture max units <32>
2025-03-19 13:03:44,675 : kivy : Window: auto add sdl2 input provider
2025-03-19 13:03:44,675 : kivy : Window: virtual keyboard not allowed, single mode, not docked
2025-03-19 13:03:45,128 : AudioInterface : Initialized
2025-03-19 13:03:45,128 : AudioInterface : Loaded SDL 2.26.4
2025-03-19 13:03:45,128 : AudioInterface : Loaded SDL_Mixer 2.6.3
2025-03-19 13:03:45,128 : AudioInterface : Loaded GStreamer 1.18.5.0
2025-03-19 13:03:45,129 : AudioInterface : Loaded GLib 2.62.6
2025-03-19 13:03:45,129 : AudioInterface : Settings requested - rate: 44100, channels: 1, buffer: 2048 samples
2025-03-19 13:03:45,129 : AudioInterface : Settings in use - rate: 44100, channels: 1, buffer: 2048 samples (4096 bytes @ 2 bytes per sample)
2025-03-19 13:03:45,129 : SoundSystem : Setting master volume to 0.0
2025-03-19 13:03:45,129 : AudioInterface : Enabling audio playback
2025-03-19 13:03:45,132 : kivy : Base: Start application main loop
2025-03-19 13:03:45,133 : EventManager : Event: ======'display_window_initialized'====== Args={}
2025-03-19 13:03:45,151 : mpfmc : Display: Setting 'window' as default display
2025-03-19 13:03:45,159 : EventManager : Event: ======'displays_initialized'====== Args={}
2025-03-19 13:03:45,161 : EventManager : Event: ======'slide_window_blank_created'====== Args={}
2025-03-19 13:03:45,161 : EventManager : Event: ======'display_window_ready'====== Args={}
2025-03-19 13:03:45,193 : EventManager : Event: ======'init_phase_1'====== Args={}
2025-03-19 13:03:45,199 : EventManager : Event: ======'mc_ready'====== Args={}
2025-03-19 13:03:45,200 : EventManager : Event: ======'init_phase_2'====== Args={}
2025-03-19 13:03:45,203 : EventManager : Event: ======'init_phase_3'====== Args={}
2025-03-19 13:03:45,211 : EventManager : Event: ======'init_phase_4'====== Args={}
2025-03-19 13:03:45,211 : EventManager : Event: ======'init_phase_5'====== Args={}
2025-03-19 13:03:45,290 : kivy : GL: NPOT texture support is available
2025-03-19 13:03:45,301 : EventManager : Event: ======'loading_assets'====== Args={'total': 5, 'loaded': 1, 'remaining': 4, 'percent': 20}
2025-03-19 13:03:45,302 : AssetManager : Loading assets: 1/5 (20%)
2025-03-19 13:03:45,348 : EventManager : Event: ======'loading_assets'====== Args={'total': 5, 'loaded': 5, 'remaining': 0, 'percent': 100}
2025-03-19 13:03:45,349 : AssetManager : Asset loading took: 0.21858835220336914
2025-03-19 13:03:45,349 : EventManager : Event: ======'asset_loading_complete'====== Args={}
2025-03-19 13:03:45,349 : AssetManager : Loading assets: 5/5 (100%)
2025-03-19 13:03:45,349 : EventManager : Event: ======'init_done'====== Args={}
2025-03-19 13:03:45,350 : MPF-MC BCP Server : Starting up on localhost port 5050
2025-03-19 13:03:45,357 : MPF-MC BCP Server : Waiting for a connection...
2025-03-19 13:03:45,371 : EventManager : Event: ======'slide_welcome_slide_created'====== Args={}
2025-03-19 13:03:45,374 : EventManager : Event: ======'slide_welcome_slide_active'====== Args={}
2025-03-19 13:03:45,384 : EventManager : Event: ======'client_disconnected'====== Args={'host': '127.0.0.1', 'port': 5050}
2025-03-19 13:03:45,780 : MPF-MC BCP Server : Received connection from: 127.0.0.1:52807
2025-03-19 13:03:45,790 : mpfmc : Stopping...
2025-03-19 13:03:45,790 : EventManager : Event: ======'shutdown'====== Args={}
2025-03-19 13:03:45,790 : AudioInterface : Disabling audio playback
2025-03-19 13:03:45,907 : mpfmc : Loop rate 38.73 Hz
2025-03-19 13:03:45,908 : kivy : Base: Leaving application in progress...
2025-03-19 13:03:45,935 : EventManager : Event: ======'client_connected'====== Args={'host': '127.0.0.1', 'port': 52807}
2025-03-19 13:03:46,577 : kivy : WindowSDL: Window is now on display 1
2025-03-19 13:03:46,577 : mpfmc : Stopping...
2025-03-19 13:03:46,577 : EventManager : Event: ======'shutdown'====== Args={}
2025-03-19 13:03:46,577 : mpfmc : Loop rate 22.14 Hz
2025-03-19 13:03:46,577 : root : MC run loop ended.
2025-03-19 13:03:46,577 : root : Stopping child threads... (0 remaining)
2025-03-19 13:03:46,578 : root : All child threads stopped.
