2025-03-19 14:14:16,110 : INFO : root : Loading config.
2025-03-19 14:14:16,113 : INFO : YamlMultifileConfigLoader : Machine config file #1: config.yaml
2025-03-19 14:14:16,114 : INFO : ConfigProcessor : Loading config from cache: C:\Users\duffb\AppData\Local\Temp\cadfdee4981114acd6fff59d1071b59b.mpf_cache
2025-03-19 14:14:16,205 : INFO : ConfigProcessor : Loading config from cache: C:\Users\duffb\AppData\Local\Temp\ee7db1e8d011f44c876692bb4657f2e9.mpf_cache
2025-03-19 14:14:16,206 : INFO : ConfigProcessor : Loading config from cache: C:\Users\duffb\AppData\Local\Temp\9f058d482eac17116727d62a93500be7.mpf_cache
2025-03-19 14:14:16,207 : INFO : ConfigProcessor : Loading config from cache: C:\Users\duffb\AppData\Local\Temp\9e006ea23aa21ec68e01f6c49afad9f4.mpf_cache
2025-03-19 14:14:16,207 : WARNING : ConfigProcessor : Config file in cache changed: C:\Users\duffb\OneDrive\Documents\Python Envs\PinBallWW1\Machine\modes\intro\config\intro.yaml
2025-03-19 14:14:16,207 : INFO : ConfigProcessor : Loading config from file C:\Users\duffb\OneDrive\Documents\Python Envs\PinBallWW1\Machine\modes\intro\config\intro.yaml.
2025-03-19 14:14:16,225 : INFO : ConfigProcessor : Loading config: C:\Users\duffb\OneDrive\Documents\Python Envs\PinBallWW1\Machine\modes\intro\config\intro.yaml
2025-03-19 14:14:16,225 : INFO : ConfigProcessor : Config file cache created: C:\Users\duffb\AppData\Local\Temp\2c9362052ff91db960f514d041b7f4e4.mpf_cache
2025-03-19 14:14:16,227 : INFO : ConfigProcessor : Loading config from cache: C:\Users\duffb\AppData\Local\Temp\fd253b339e263587268891c4dd997fbd.mpf_cache
2025-03-19 14:14:16,227 : INFO : ConfigProcessor : Loading config from cache: C:\Users\duffb\AppData\Local\Temp\c114ce798d07012a33b8b14d8f953bb7.mpf_cache
2025-03-19 14:14:16,228 : INFO : ConfigProcessor : Loading config from cache: C:\Users\duffb\AppData\Local\Temp\ef70c2e65c3659b77bacdd3a7a24b233.mpf_cache
2025-03-19 14:14:16,241 : INFO : ConfigProcessor : Loading config from cache: C:\Users\duffb\AppData\Local\Temp\ec6e376f0ea10a5fdf8f7130b4bbbe7c.mpf_cache
2025-03-19 14:14:16,242 : INFO : Machine : Mission Pinball Framework Core Engine v0.57.0
2025-03-19 14:14:16,242 : INFO : Machine : Command line arguments: {'no_load_cache': False, 'create_config_cache': True, 'bcp': True, 'configfile': ['config.yaml'], 'force_assets_load': False, 'platform_integration_test': False, 'jsonlogging': False, 'logfile': 'logs\\2025-03-19-14-14-16-mpf-T0SHIII.log', 'pause': False, 'production': False, 'text_ui': True, 'loglevel': 15, 'consoleloglevel': 20, 'force_platform': None, 'syslog_address': None, 'mc_file_name': None, 'no_sound': False}
2025-03-19 14:14:16,242 : INFO : Machine : MPF path: C:\Users\duffb\.pyenv\pyenv-win\versions\3.11.0\Lib\site-packages\mpf
2025-03-19 14:14:16,242 : INFO : Machine : Machine path: C:\Users\duffb\OneDrive\Documents\Python Envs\PinBallWW1\Machine
2025-03-19 14:14:16,242 : INFO : Machine : Platform: win32
2025-03-19 14:14:16,242 : INFO : Machine : Python executable location: C:\Users\duffb\.pyenv\pyenv-win\versions\3.11.0\python.exe
2025-03-19 14:14:16,242 : INFO : Machine : Python version: 3.11.0 (64-bit)
2025-03-19 14:14:16,244 : INFO : Machine : Initializing MPF...
2025-03-19 14:14:16,465 : INFO : EventManager : Event: ======'machine_var_credits_string'====== Args={'value': 'FREE PLAY', 'prev_value': None, 'change': True}
2025-03-19 14:14:16,541 : INFO : EventManager : Event: ======'machine_var_master_volume'====== Args={'value': 0.5, 'prev_value': None, 'change': True}
2025-03-19 14:14:16,541 : INFO : EventManager : Event: ======'machine_var_player1_score'====== Args={'value': 8000, 'prev_value': None, 'change': True}
2025-03-19 14:14:16,541 : INFO : EventManager : Event: ======'machine_var_player2_score'====== Args={'value': 1000, 'prev_value': None, 'change': True}
2025-03-19 14:14:16,541 : INFO : EventManager : Event: ======'machine_var_mpf_version'====== Args={'value': 'Mission Pinball Framework v0.57.0', 'prev_value': None, 'change': True}
2025-03-19 14:14:16,541 : INFO : EventManager : Event: ======'machine_var_mpf_extended_version'====== Args={'value': 'Mission Pinball Framework v0.57.0, Config version:6, Show version: 6, BCP version:1.1', 'prev_value': None, 'change': True}
2025-03-19 14:14:16,541 : INFO : EventManager : Event: ======'machine_var_python_version'====== Args={'value': '3.11.0', 'prev_value': None, 'change': True}
2025-03-19 14:14:16,555 : INFO : EventManager : Event: ======'machine_var_platform'====== Args={'value': 'Windows-10-10.0.26100-SP0', 'prev_value': None, 'change': True}
2025-03-19 14:14:16,555 : INFO : EventManager : Event: ======'machine_var_platform_system'====== Args={'value': 'Windows', 'prev_value': None, 'change': True}
2025-03-19 14:14:16,555 : INFO : EventManager : Event: ======'machine_var_platform_release'====== Args={'value': '10', 'prev_value': None, 'change': True}
2025-03-19 14:14:16,555 : INFO : EventManager : Event: ======'machine_var_platform_version'====== Args={'value': '10.0.26100', 'prev_value': None, 'change': True}
2025-03-19 14:14:16,556 : INFO : EventManager : Event: ======'machine_var_platform_machine'====== Args={'value': 'AMD64', 'prev_value': None, 'change': True}
2025-03-19 14:14:16,556 : INFO : EventManager : Event: ======'init_phase_1'====== Args={}
2025-03-19 14:14:16,586 : INFO : EventManager : Event: ======'init_phase_2'====== Args={}
2025-03-19 14:14:16,586 : INFO : SwitchController : Found active switch: ('3', <Platform.SmartVirtual>) <switch.s_trough1>
2025-03-19 14:14:16,586 : INFO : SwitchController : Found active switch: ('4', <Platform.SmartVirtual>) <switch.s_trough2>
2025-03-19 14:14:16,586 : INFO : SwitchController : Found active switch: ('5', <Platform.SmartVirtual>) <switch.s_trough3>
2025-03-19 14:14:16,590 : INFO : EventManager : Event: ======'bcp_connection_attempt'====== Args={'name': 'local_display', 'host': 'localhost', 'port': 5050}
2025-03-19 14:14:16,592 : INFO : BCPClientSocket : Connecting BCP to 'local_display' at localhost:5050...
2025-03-19 14:14:18,655 : INFO : BCPClientSocket : Connected BCP to 'local_display' localhost:5050
2025-03-19 14:14:18,655 : INFO : EventManager : Event: ======'bcp_clients_connected'====== Args={}
2025-03-19 14:14:18,789 : INFO : ball_device.bd_trough : BCH: Initial count: 3
2025-03-19 14:14:18,790 : INFO : EventManager : Event: ======'machine_var_mc_version'====== Args={'value': 'MPF-MC v0.57.1', 'prev_value': None, 'change': True}
2025-03-19 14:14:18,791 : INFO : EventManager : Event: ======'machine_var_mc_extended_version'====== Args={'value': 'MPF-MC v0.57.1 (config_version=6, BCP v1.1,                      Requires MPF API compatibility v0.57.0 or newer)', 'prev_value': None, 'change': True}
2025-03-19 14:14:18,794 : INFO : ball_device.bd_trough : State: idle
2025-03-19 14:14:18,855 : INFO : ball_device.bd_plunger_lane : BCH: Initial count: 0
2025-03-19 14:14:18,855 : INFO : ball_device.bd_plunger_lane : State: idle
2025-03-19 14:14:18,892 : INFO : EventManager : Event: ======'init_phase_3'====== Args={}
2025-03-19 14:14:18,913 : INFO : EventManager : Event: ======'init_phase_4'====== Args={}
2025-03-19 14:14:18,913 : INFO : BallController : Initial balls found: 3
2025-03-19 14:14:18,915 : INFO : EventManager : Event: ======'machine_var_audits_events_game_ended'====== Args={'value': 13, 'prev_value': None, 'change': True}
2025-03-19 14:14:18,916 : INFO : EventManager : Event: ======'machine_var_audits_events_game_started'====== Args={'value': 49, 'prev_value': None, 'change': True}
2025-03-19 14:14:18,916 : INFO : EventManager : Event: ======'machine_var_audits_missing_switches_s_Lane1'====== Args={'value': 4, 'prev_value': None, 'change': True}
2025-03-19 14:14:18,916 : INFO : EventManager : Event: ======'machine_var_audits_missing_switches_s_Lane2'====== Args={'value': 5, 'prev_value': None, 'change': True}
2025-03-19 14:14:18,917 : INFO : EventManager : Event: ======'machine_var_audits_missing_switches_s_Lane3'====== Args={'value': 5, 'prev_value': None, 'change': True}
2025-03-19 14:14:18,917 : INFO : EventManager : Event: ======'machine_var_audits_missing_switches_s_Lane4'====== Args={'value': 4, 'prev_value': None, 'change': True}
2025-03-19 14:14:18,917 : INFO : EventManager : Event: ======'machine_var_audits_missing_switches_s_Target1'====== Args={'value': 4, 'prev_value': None, 'change': True}
2025-03-19 14:14:18,918 : INFO : EventManager : Event: ======'machine_var_audits_missing_switches_s_Target2'====== Args={'value': 4, 'prev_value': None, 'change': True}
2025-03-19 14:14:18,918 : INFO : EventManager : Event: ======'machine_var_audits_missing_switches_s_Target3'====== Args={'value': 4, 'prev_value': None, 'change': True}
2025-03-19 14:14:18,918 : INFO : EventManager : Event: ======'machine_var_audits_missing_switches_s_Target4'====== Args={'value': 4, 'prev_value': None, 'change': True}
2025-03-19 14:14:18,918 : INFO : EventManager : Event: ======'machine_var_audits_missing_switches_s_drain'====== Args={'value': 6, 'prev_value': None, 'change': True}
2025-03-19 14:14:18,919 : INFO : EventManager : Event: ======'machine_var_audits_missing_switches_s_left_flipper'====== Args={'value': 1, 'prev_value': None, 'change': True}
2025-03-19 14:14:18,919 : INFO : EventManager : Event: ======'machine_var_audits_missing_switches_s_right_flipper'====== Args={'value': 1, 'prev_value': None, 'change': True}
2025-03-19 14:14:18,919 : INFO : EventManager : Event: ======'machine_var_audits_missing_switches_s_trough1'====== Args={'value': 2, 'prev_value': None, 'change': True}
2025-03-19 14:14:18,920 : INFO : EventManager : Event: ======'machine_var_audits_missing_switches_s_trough2'====== Args={'value': 5, 'prev_value': None, 'change': True}
2025-03-19 14:14:18,920 : INFO : EventManager : Event: ======'machine_var_audits_missing_switches_s_trough3'====== Args={'value': 9, 'prev_value': None, 'change': True}
2025-03-19 14:14:18,920 : INFO : EventManager : Event: ======'machine_var_audits_missing_switches_s_trough_enter'====== Args={'value': 4, 'prev_value': None, 'change': True}
2025-03-19 14:14:18,920 : INFO : EventManager : Event: ======'machine_var_audits_player_score'====== Args={'value': {'average': 124, 'top': [8000, 1000, 0, 0, 0, 0, 0, 0, 0, 0], 'total': 16}, 'prev_value': None, 'change': True}
2025-03-19 14:14:18,921 : INFO : EventManager : Event: ======'machine_var_audits_switches_s_Lane1'====== Args={'value': 34, 'prev_value': None, 'change': True}
2025-03-19 14:14:18,921 : INFO : EventManager : Event: ======'machine_var_audits_switches_s_Lane2'====== Args={'value': 23, 'prev_value': None, 'change': True}
2025-03-19 14:14:18,921 : INFO : EventManager : Event: ======'machine_var_audits_switches_s_Lane3'====== Args={'value': 20, 'prev_value': None, 'change': True}
2025-03-19 14:14:18,921 : INFO : EventManager : Event: ======'machine_var_audits_switches_s_Lane4'====== Args={'value': 24, 'prev_value': None, 'change': True}
2025-03-19 14:14:18,921 : INFO : EventManager : Event: ======'machine_var_audits_switches_s_Target1'====== Args={'value': 64, 'prev_value': None, 'change': True}
2025-03-19 14:14:18,922 : INFO : EventManager : Event: ======'machine_var_audits_switches_s_Target2'====== Args={'value': 57, 'prev_value': None, 'change': True}
2025-03-19 14:14:18,922 : INFO : EventManager : Event: ======'machine_var_audits_switches_s_Target3'====== Args={'value': 62, 'prev_value': None, 'change': True}
2025-03-19 14:14:18,923 : INFO : EventManager : Event: ======'machine_var_audits_switches_s_Target4'====== Args={'value': 49, 'prev_value': None, 'change': True}
2025-03-19 14:14:18,923 : INFO : EventManager : Event: ======'machine_var_audits_switches_s_drain'====== Args={'value': 0, 'prev_value': None, 'change': True}
2025-03-19 14:14:18,923 : INFO : EventManager : Event: ======'machine_var_audits_switches_s_launcher_button'====== Args={'value': 90, 'prev_value': None, 'change': True}
2025-03-19 14:14:18,924 : INFO : EventManager : Event: ======'machine_var_audits_switches_s_left_flipper'====== Args={'value': 95, 'prev_value': None, 'change': True}
2025-03-19 14:14:18,924 : INFO : EventManager : Event: ======'machine_var_audits_switches_s_playfield_entry'====== Args={'value': 199, 'prev_value': None, 'change': True}
2025-03-19 14:14:18,924 : INFO : EventManager : Event: ======'machine_var_audits_switches_s_plunger_lane'====== Args={'value': 133, 'prev_value': None, 'change': True}
2025-03-19 14:14:18,924 : INFO : EventManager : Event: ======'machine_var_audits_switches_s_pointTarget'====== Args={'value': 193, 'prev_value': None, 'change': True}
2025-03-19 14:14:18,925 : INFO : EventManager : Event: ======'machine_var_audits_switches_s_right_flipper'====== Args={'value': 88, 'prev_value': None, 'change': True}
2025-03-19 14:14:18,925 : INFO : EventManager : Event: ======'machine_var_audits_switches_s_trough1'====== Args={'value': 109, 'prev_value': None, 'change': True}
2025-03-19 14:14:18,925 : INFO : EventManager : Event: ======'machine_var_audits_switches_s_trough2'====== Args={'value': 17, 'prev_value': None, 'change': True}
2025-03-19 14:14:18,926 : INFO : EventManager : Event: ======'machine_var_audits_switches_s_trough3'====== Args={'value': 14, 'prev_value': None, 'change': True}
2025-03-19 14:14:18,926 : INFO : EventManager : Event: ======'machine_var_audits_switches_s_trough_enter'====== Args={'value': 1, 'prev_value': None, 'change': True}
2025-03-19 14:14:18,928 : INFO : EventManager : Event: ======'init_phase_5'====== Args={}
2025-03-19 14:14:18,962 : INFO : EventManager : Event: ======'init_done'====== Args={}
2025-03-19 14:14:18,963 : INFO : EventManager : Event: ======'machine_reset_phase_1'====== Args={}
2025-03-19 14:14:18,968 : INFO : EventManager : Event: ======'slide_welcome_slide_removed'====== Args={'_from_bcp': True}
2025-03-19 14:14:18,973 : INFO : EventManager : Event: ======'slide_welcome_slide_created'====== Args={'_from_bcp': True}
2025-03-19 14:14:18,975 : INFO : EventManager : Event: ======'machine_reset_phase_2'====== Args={}
2025-03-19 14:14:18,975 : INFO : EventManager : Event: ======'machine_reset_phase_3'====== Args={}
2025-03-19 14:14:18,975 : INFO : EventManager : Event: ======'reset_complete'====== Args={}
2025-03-19 14:14:18,975 : INFO : EventManager : Event: ======'mode_attract_will_start'====== Args={}
2025-03-19 14:14:18,977 : INFO : EventManager : Event: ======'mode_attract_starting'====== Args={}
2025-03-19 14:14:18,978 : INFO : Mode.attract : Started. Priority: 10
2025-03-19 14:14:18,978 : INFO : EventManager : Event: ======'modes_active_modes_changed'====== Args={}
2025-03-19 14:14:18,978 : INFO : EventManager : Event: ======'mode_attract_started'====== Args={}
2025-03-19 14:14:18,980 : INFO : EventManager : Event: ======'collecting_balls_complete'====== Args={}
2025-03-19 14:14:19,015 : INFO : EventManager : Event: ======'slide_welcome_slide_active'====== Args={'_from_bcp': True}
2025-03-19 14:14:19,016 : INFO : EventManager : Event: ======'slide_ship_slide_created'====== Args={'_from_bcp': True}
2025-03-19 14:14:19,016 : INFO : EventManager : Event: ======'slide_ship_slide_active'====== Args={'_from_bcp': True}
2025-03-19 14:14:19,016 : INFO : Machine : Starting the main run loop.
2025-03-19 14:14:19,347 : INFO : BcpServer : New client connected.
2025-03-19 14:14:24,014 : INFO : EventManager : Event: ======'slide_starting_slide_created'====== Args={'_from_bcp': True}
2025-03-19 14:14:24,020 : INFO : EventManager : Event: ======'slide_starting_slide_active'====== Args={'_from_bcp': True}
2025-03-19 14:14:28,972 : INFO : EventManager : Event: ======'slide_company_slide_created'====== Args={'_from_bcp': True}
2025-03-19 14:14:28,974 : INFO : EventManager : Event: ======'slide_company_slide_active'====== Args={'_from_bcp': True}
2025-03-19 14:14:33,983 : INFO : EventManager : Event: ======'slide_lastgame_slide_created'====== Args={'_from_bcp': True}
2025-03-19 14:14:33,992 : INFO : EventManager : Event: ======'slide_lastgame_slide_active'====== Args={'_from_bcp': True}
2025-03-19 14:14:36,150 : INFO : SwitchController : <<<<<<< 's_launcher_button' active >>>>>>>
2025-03-19 14:14:36,155 : INFO : SwitchController : <<<<<<< 's_launcher_button' inactive >>>>>>>
2025-03-19 14:14:36,155 : INFO : EventManager : Event: ======'request_to_start_game'====== Args={}
2025-03-19 14:14:36,156 : INFO : EventManager : Event: ======'game_start'====== Args={'buttons': [], 'hold_time': 0.0}
2025-03-19 14:14:36,156 : INFO : EventManager : Event: ======'mode_game_will_start'====== Args={'buttons': [], 'hold_time': 0.0}
2025-03-19 14:14:36,157 : INFO : EventManager : Event: ======'mode_game_starting'====== Args={'buttons': [], 'hold_time': 0.0}
2025-03-19 14:14:36,157 : INFO : EventManager : Event: ======'mode_attract_will_stop'====== Args={}
2025-03-19 14:14:36,157 : INFO : EventManager : Event: ======'mode_attract_stopping'====== Args={}
2025-03-19 14:14:36,157 : INFO : Mode.attract : Stopped.
2025-03-19 14:14:36,157 : INFO : EventManager : Event: ======'modes_active_modes_changed'====== Args={}
2025-03-19 14:14:36,158 : INFO : EventManager : Event: ======'mode_attract_stopped'====== Args={}
2025-03-19 14:14:36,158 : INFO : EventManager : Event: ======'clear'====== Args={'key': 'attract'}
2025-03-19 14:14:36,158 : WARNING : Mode.intro : Can only start mode intro during a game. Aborting start.
2025-03-19 14:14:36,158 : INFO : Mode.game : Started. Priority: 20
2025-03-19 14:14:36,158 : INFO : EventManager : Event: ======'modes_active_modes_changed'====== Args={}
2025-03-19 14:14:36,158 : INFO : EventManager : Event: ======'mode_game_started'====== Args={'buttons': [], 'hold_time': 0.0}
2025-03-19 14:14:36,163 : INFO : EventManager : Event: ======'game_will_start'====== Args={}
2025-03-19 14:14:36,164 : INFO : EventManager : Event: ======'game_starting'====== Args={'game': <Mode.game>}
2025-03-19 14:14:36,164 : INFO : EventManager : Unordered handler for class <Auditor> on event game_ended with priority 1. Handlers: [RegisteredHandler(callback=<bound method Auditor.disable of <Auditor>>, priority=1, kwargs={}, key=UUID('63e38401-cefe-4508-866b-d19c536cab47'), condition=None, blocking_facility=None), RegisteredHandler(callback=<bound method Auditor._save_audits of <Auditor>>, priority=1, kwargs={}, key=UUID('6ba28937-748e-4e39-b71d-7635fb1d40e5'), condition=None, blocking_facility=None)]. The order of those handlers is not defined and they will be executed in random order. This might lead to race conditions and potential bugs.
2025-03-19 14:14:36,164 : INFO : EventManager : Event: ======'player_add_request'====== Args={}
2025-03-19 14:14:36,165 : INFO : EventManager : Event: ======'player_will_add'====== Args={'number': 1}
2025-03-19 14:14:36,165 : INFO : EventManager : Event: ======'player_adding'====== Args={'player': <Player 1>, 'number': 1}
2025-03-19 14:14:36,165 : INFO : EventManager : Event: ======'player_added'====== Args={'player': <Player 1>, 'num': 1}
2025-03-19 14:14:36,165 : INFO : Mode.game : Player added successfully. Total players: 1
2025-03-19 14:14:36,165 : INFO : EventManager : Event: ======'player_index'====== Args={'value': 0, 'prev_value': 0, 'change': 0, 'player_num': 1}
2025-03-19 14:14:36,165 : INFO : EventManager : Event: ======'player_number'====== Args={'value': 1, 'prev_value': 1, 'change': 0, 'player_num': 1}
2025-03-19 14:14:36,165 : INFO : EventManager : Event: ======'player_score'====== Args={'value': 0, 'prev_value': 0, 'change': 0, 'player_num': 1}
2025-03-19 14:14:36,166 : INFO : EventManager : Event: ======'game_started'====== Args={}
2025-03-19 14:14:36,174 : INFO : EventManager : Event: ======'player_turn_will_start'====== Args={'player': <Player 1>, 'number': 1}
2025-03-19 14:14:36,174 : INFO : EventManager : Event: ======'player_turn_starting'====== Args={'player': <Player 1>, 'number': 1}
2025-03-19 14:14:36,175 : INFO : EventManager : Event: ======'player_ball'====== Args={'value': 1, 'prev_value': 0, 'change': 1, 'player_num': 1}
2025-03-19 14:14:36,175 : INFO : EventManager : Event: ======'player_turn_started'====== Args={'player': <Player 1>, 'number': 1}
2025-03-19 14:14:36,179 : INFO : EventManager : Event: ======'ball_will_start'====== Args={'player': 1, 'ball': 1, 'balls_remaining': 2, 'is_extra_ball': False}
2025-03-19 14:14:36,182 : INFO : EventManager : Event: ======'ball_starting'====== Args={'player': 1, 'ball': 1, 'balls_remaining': 2, 'is_extra_ball': False}
2025-03-19 14:14:36,183 : INFO : EventManager : Event: ======'slide_ship_slide_removed'====== Args={'_from_bcp': True}
2025-03-19 14:14:36,188 : INFO : EventManager : Event: ======'slide_starting_slide_removed'====== Args={'_from_bcp': True}
2025-03-19 14:14:36,188 : INFO : EventManager : Event: ======'slide_company_slide_removed'====== Args={'_from_bcp': True}
2025-03-19 14:14:36,188 : INFO : EventManager : Event: ======'slide_lastgame_slide_removed'====== Args={'_from_bcp': True}
2025-03-19 14:14:36,188 : INFO : EventManager : Event: ======'slide_welcome_slide_active'====== Args={'_from_bcp': True}
2025-03-19 14:14:36,189 : INFO : EventManager : Event: ======'balls_in_play'====== Args={'balls': 1}
2025-03-19 14:14:36,189 : INFO : EventManager : Event: ======'ball_started'====== Args={'player': 1, 'ball': 1, 'balls_remaining': 2, 'is_extra_ball': False}
2025-03-19 14:14:36,190 : INFO : EventManager : Event: ======'single_player_ball_started'====== Args={}
2025-03-19 14:14:36,191 : INFO : EventManager : Event: ======'ball_start_target'====== Args={'target': 'playfield'}
2025-03-19 14:14:36,191 : INFO : ball_device.bd_plunger_lane : Setting up player-controlled eject. Balls: 1, Target: <playfield.playfield>, player_controlled_eject_event: s_launcher_button_active
2025-03-19 14:14:36,191 : INFO : EventManager : Event: ======'balldevice_balls_available'====== Args={}
2025-03-19 14:14:36,192 : INFO : ball_device.bd_trough : State: waiting_for_target_ready
2025-03-19 14:14:36,192 : INFO : EventManager : Event: ======'balldevice_bd_trough_ball_eject_attempt'====== Args={'balls': 1, 'target': <ball_device.bd_plunger_lane>, 'source': <ball_device.bd_trough>, 'mechanical_eject': True, 'num_attempts': 0}
2025-03-19 14:14:36,193 : INFO : ball_device.bd_plunger_lane : State: waiting_for_ball
2025-03-19 14:14:36,193 : INFO : ball_device.bd_trough : State: ejecting
2025-03-19 14:14:36,193 : INFO : ball_device.bd_trough : Ejecting ball to <ball_device.bd_plunger_lane>
2025-03-19 14:14:36,193 : INFO : EventManager : Event: ======'balldevice_bd_trough_ejecting_ball'====== Args={'balls': 1, 'target': <ball_device.bd_plunger_lane>, 'source': <ball_device.bd_trough>, 'mechanical_eject': True, 'num_attempts': 0}
2025-03-19 14:14:36,194 : INFO : ball_device.bd_trough : Wait for ball to leave device
2025-03-19 14:14:36,194 : INFO : coil.c_trough_release : Pulsing Driver for 20ms (1.0 pulse_power)
2025-03-19 14:14:36,195 : INFO : SwitchController : <<<<<<< 's_trough1' inactive >>>>>>>
2025-03-19 14:14:36,200 : INFO : ball_device.bd_trough : State: ball_left
2025-03-19 14:14:36,200 : INFO : ball_device.bd_trough : Ball left
2025-03-19 14:14:36,200 : INFO : ball_device.bd_trough : Wait for confirm with timeout 3.0
2025-03-19 14:14:36,288 : INFO : SwitchController : <<<<<<< 's_plunger_lane' active >>>>>>>
2025-03-19 14:14:36,289 : INFO : EventManager : Event: ======'machine_var_audits_switches_s_plunger_lane'====== Args={'value': 134, 'prev_value': 133, 'change': 1}
2025-03-19 14:14:36,785 : INFO : ball_device.bd_plunger_lane : Received ball from <ball_device.bd_trough>
2025-03-19 14:14:36,785 : INFO : EventManager : Event: ======'balldevice_bd_plunger_lane_ball_enter'====== Args={'new_balls': 1, 'unclaimed_balls': 0, 'new_available_balls': 0, 'device': <ball_device.bd_plunger_lane>}
2025-03-19 14:14:36,788 : INFO : EventManager : Event: ======'balldevice_bd_plunger_lane_ball_entered'====== Args={'new_balls': 0, 'device': <ball_device.bd_plunger_lane>}
2025-03-19 14:14:36,789 : INFO : EventManager : Event: ======'balldevice_bd_plunger_lane_ball_count_changed'====== Args={'balls': 1}
2025-03-19 14:14:36,790 : INFO : ball_device.bd_trough : Got eject confirm
2025-03-19 14:14:36,791 : INFO : ball_device.bd_trough : Eject successful
2025-03-19 14:14:36,791 : INFO : EventManager : Event: ======'balldevice_bd_trough_ball_eject_success'====== Args={'balls': 1, 'target': <ball_device.bd_plunger_lane>}
2025-03-19 14:14:36,793 : INFO : EventManager : Event: ======'balldevice_bd_trough_ball_count_changed'====== Args={'balls': 2}
2025-03-19 14:14:36,794 : INFO : ball_device.bd_trough : State: idle
2025-03-19 14:14:36,795 : INFO : ball_device.bd_plunger_lane : State: waiting_for_target_ready
2025-03-19 14:14:36,797 : INFO : EventManager : Event: ======'balldevice_bd_plunger_lane_ball_eject_attempt'====== Args={'balls': 1, 'target': <playfield.playfield>, 'source': <ball_device.bd_plunger_lane>, 'mechanical_eject': True, 'num_attempts': 0}
2025-03-19 14:14:36,800 : INFO : ball_device.bd_plunger_lane : State: ejecting
2025-03-19 14:14:36,801 : INFO : ball_device.bd_plunger_lane : Ejecting ball to <playfield.playfield>
2025-03-19 14:14:36,801 : INFO : EventManager : Event: ======'balldevice_bd_plunger_lane_ejecting_ball'====== Args={'balls': 1, 'target': <playfield.playfield>, 'source': <ball_device.bd_plunger_lane>, 'mechanical_eject': True, 'num_attempts': 0}
2025-03-19 14:14:36,807 : INFO : ball_device.bd_plunger_lane : Wait for ball to leave device
2025-03-19 14:14:38,512 : INFO : SwitchController : <<<<<<< 's_launcher_button' active >>>>>>>
2025-03-19 14:14:38,513 : INFO : EventManager : Event: ======'s_launcher_button_active'====== Args={}
2025-03-19 14:14:38,514 : INFO : EventManager : Event: ======'sw_start'====== Args={}
2025-03-19 14:14:38,515 : INFO : EventManager : Event: ======'machine_var_audits_switches_s_launcher_button'====== Args={'value': 91, 'prev_value': 90, 'change': 1}
2025-03-19 14:14:38,523 : INFO : EventManager : Event: ======'player_add_request'====== Args={}
2025-03-19 14:14:38,524 : INFO : EventManager : Event: ======'player_will_add'====== Args={'number': 2}
2025-03-19 14:14:38,526 : INFO : EventManager : Event: ======'player_adding'====== Args={'player': <Player 2>, 'number': 2}
2025-03-19 14:14:38,528 : INFO : EventManager : Event: ======'player_added'====== Args={'player': <Player 2>, 'num': 2}
2025-03-19 14:14:38,529 : INFO : Mode.game : Player added successfully. Total players: 2
2025-03-19 14:14:38,529 : INFO : EventManager : Event: ======'multiplayer_game'====== Args={}
2025-03-19 14:14:38,530 : INFO : EventManager : Event: ======'player_index'====== Args={'value': 1, 'prev_value': 1, 'change': 0, 'player_num': 2}
2025-03-19 14:14:38,534 : INFO : EventManager : Event: ======'player_number'====== Args={'value': 2, 'prev_value': 2, 'change': 0, 'player_num': 2}
2025-03-19 14:14:38,537 : INFO : EventManager : Event: ======'player_score'====== Args={'value': 0, 'prev_value': 0, 'change': 0, 'player_num': 2}
2025-03-19 14:14:38,596 : INFO : coil.c_autolauncher : Pulsing Driver for 20ms (1.0 pulse_power)
2025-03-19 14:14:38,598 : INFO : SwitchController : <<<<<<< 's_plunger_lane' inactive >>>>>>>
2025-03-19 14:14:38,627 : INFO : ball_device.bd_plunger_lane : State: ball_left
2025-03-19 14:14:38,628 : INFO : ball_device.bd_plunger_lane : Ball left
2025-03-19 14:14:38,628 : INFO : ball_device.bd_plunger_lane : Wait for confirm with timeout 3.0
2025-03-19 14:14:38,629 : INFO : SwitchController : <<<<<<< 's_launcher_button' inactive >>>>>>>
2025-03-19 14:14:38,655 : INFO : SwitchController : <<<<<<< 's_playfield_entry' active >>>>>>>
2025-03-19 14:14:38,655 : INFO : EventManager : Event: ======'sw_playfield_active'====== Args={}
2025-03-19 14:14:38,655 : INFO : EventManager : Event: ======'machine_var_audits_switches_s_playfield_entry'====== Args={'value': 200, 'prev_value': 199, 'change': 1}
2025-03-19 14:14:38,658 : INFO : EventManager : Event: ======'playfield_active'====== Args={}
2025-03-19 14:14:38,690 : INFO : SwitchController : <<<<<<< 's_playfield_entry' inactive >>>>>>>
2025-03-19 14:14:38,728 : INFO : ball_device.bd_plunger_lane : Got eject confirm
2025-03-19 14:14:38,729 : INFO : ball_device.bd_plunger_lane : Eject successful
2025-03-19 14:14:38,730 : INFO : EventManager : Event: ======'balldevice_bd_plunger_lane_ball_eject_success'====== Args={'balls': 1, 'target': <playfield.playfield>}
2025-03-19 14:14:38,733 : INFO : EventManager : Event: ======'balldevice_playfield_ball_enter'====== Args={'new_balls': 1, 'unclaimed_balls': 1, 'device': <playfield.playfield>}
2025-03-19 14:14:38,737 : INFO : EventManager : Event: ======'playfield_ball_count_change'====== Args={'balls': 1, 'change': 1}
2025-03-19 14:14:38,741 : INFO : EventManager : Event: ======'balldevice_bd_plunger_lane_ball_count_changed'====== Args={'balls': 0}
2025-03-19 14:14:39,091 : INFO : ball_device.bd_plunger_lane : State: idle
