2025-03-05 20:46:02,587 : INFO : root : Loading config.
2025-03-05 20:46:02,590 : INFO : YamlMultifileConfigLoader : Machine config file #1: config.yaml
2025-03-05 20:46:02,590 : WARNING : ConfigProcessor : Config file in cache changed: C:\Users\duffb\OneDrive\Documents\Python Envs\PinBallWW1\Machine\config\config.yaml
2025-03-05 20:46:02,590 : INFO : ConfigProcessor : Loading config from file C:\Users\duffb\.pyenv\pyenv-win\versions\3.11.0\Lib\site-packages\mpf\mpfconfig.yaml.
2025-03-05 20:46:02,591 : DEBUG : YAML File Interface : Loading file: C:\Users\duffb\.pyenv\pyenv-win\versions\3.11.0\Lib\site-packages\mpf\mpfconfig.yaml
2025-03-05 20:46:02,600 : INFO : ConfigProcessor : Loading config: C:\Users\duffb\.pyenv\pyenv-win\versions\3.11.0\Lib\site-packages\mpf\mpfconfig.yaml
2025-03-05 20:46:02,600 : INFO : ConfigProcessor : Loading config from file C:\Users\duffb\OneDrive\Documents\Python Envs\PinBallWW1\Machine\config\config.yaml.
2025-03-05 20:46:02,600 : DEBUG : YAML File Interface : Loading file: C:\Users\duffb\OneDrive\Documents\Python Envs\PinBallWW1\Machine\config\config.yaml
2025-03-05 20:46:02,619 : INFO : ConfigProcessor : Loading config: C:\Users\duffb\OneDrive\Documents\Python Envs\PinBallWW1\Machine\config\config.yaml
2025-03-05 20:46:02,620 : INFO : ConfigProcessor : Config file cache created: C:\Users\duffb\AppData\Local\Temp\cadfdee4981114acd6fff59d1071b59b.mpf_cache
2025-03-05 20:46:02,701 : DEBUG : YamlMultifileConfigLoader : Loading mode attract from C:\Users\duffb\.pyenv\pyenv-win\versions\3.11.0\Lib\site-packages\mpf\modes\attract\config\attract.yaml
2025-03-05 20:46:02,701 : INFO : ConfigProcessor : Loading config from cache: C:\Users\duffb\AppData\Local\Temp\2d51d76727b268a801d8dd7a18b89879.mpf_cache
2025-03-05 20:46:02,702 : DEBUG : YamlMultifileConfigLoader : Loading mode game from C:\Users\duffb\.pyenv\pyenv-win\versions\3.11.0\Lib\site-packages\mpf\modes\game\config\game.yaml
2025-03-05 20:46:02,702 : INFO : ConfigProcessor : Loading config from cache: C:\Users\duffb\AppData\Local\Temp\9f058d482eac17116727d62a93500be7.mpf_cache
2025-03-05 20:46:02,703 : INFO : Machine : Mission Pinball Framework Core Engine v0.57.0
2025-03-05 20:46:02,703 : INFO : Machine : Command line arguments: {'no_load_cache': False, 'create_config_cache': True, 'bcp': True, 'configfile': ['config.yaml'], 'force_assets_load': False, 'platform_integration_test': False, 'jsonlogging': False, 'logfile': 'logs\\2025-03-05-20-46-02-mpf-T0SHIII.log', 'pause': False, 'production': False, 'text_ui': True, 'loglevel': 10, 'consoleloglevel': 20, 'force_platform': None, 'syslog_address': None, 'mc_file_name': None, 'no_sound': False}
2025-03-05 20:46:02,703 : INFO : Machine : MPF path: C:\Users\duffb\.pyenv\pyenv-win\versions\3.11.0\Lib\site-packages\mpf
2025-03-05 20:46:02,703 : INFO : Machine : Machine path: C:\Users\duffb\OneDrive\Documents\Python Envs\PinBallWW1\Machine
2025-03-05 20:46:02,703 : INFO : Machine : Platform: win32
2025-03-05 20:46:02,703 : INFO : Machine : Python executable location: C:\Users\duffb\.pyenv\pyenv-win\versions\3.11.0\python.exe
2025-03-05 20:46:02,703 : INFO : Machine : Python version: 3.11.0 (64-bit)
2025-03-05 20:46:02,704 : DEBUG : asyncio : Using proactor: IocpProactor
2025-03-05 20:46:02,704 : INFO : Machine : Initializing MPF...
2025-03-05 20:46:02,760 : DEBUG : asciimatics.widgets.layout : Updating: None
2025-03-05 20:46:02,760 : DEBUG : asciimatics.widgets.layout : Updating: None
2025-03-05 20:46:02,760 : DEBUG : asciimatics.widgets.layout : Updating: None
2025-03-05 20:46:02,760 : DEBUG : asciimatics.widgets.layout : Updating: None
2025-03-05 20:46:02,760 : DEBUG : asciimatics.widgets.layout : Updating: None
2025-03-05 20:46:02,760 : DEBUG : asciimatics.widgets.layout : Updating: None
2025-03-05 20:46:02,760 : DEBUG : asciimatics.widgets.layout : Updating: None
2025-03-05 20:46:02,760 : DEBUG : asciimatics.widgets.layout : Updating: None
2025-03-05 20:46:02,760 : DEBUG : asciimatics.widgets.layout : Updating: None
2025-03-05 20:46:02,760 : DEBUG : asciimatics.widgets.layout : Updating: None
2025-03-05 20:46:02,760 : DEBUG : asciimatics.widgets.layout : Updating: None
2025-03-05 20:46:02,760 : DEBUG : asciimatics.widgets.layout : Updating: None
2025-03-05 20:46:02,760 : DEBUG : asciimatics.widgets.widget : Widget blur: <asciimatics.widgets.label.Label object at 0x000001BAAD50E190>
2025-03-05 20:46:02,760 : DEBUG : asciimatics.widgets.widget : Widget blur: <asciimatics.widgets.label.Label object at 0x000001BAAD6E17D0>
2025-03-05 20:46:02,760 : DEBUG : asciimatics.widgets.widget : Widget blur: <asciimatics.widgets.label.Label object at 0x000001BAAD6E18A0>
2025-03-05 20:46:02,760 : DEBUG : asciimatics.widgets.layout : Blur: <asciimatics.widgets.layout.Layout object at 0x000001BAAD6AB2E0>
2025-03-05 20:46:02,760 : DEBUG : asciimatics.widgets.layout : Blur: <mpf.core.text_ui.MpfLayout object at 0x000001BAAD699C50>
2025-03-05 20:46:02,760 : DEBUG : asciimatics.widgets.layout : Updating: None
2025-03-05 20:46:02,760 : DEBUG : asciimatics.widgets.layout : Updating: None
2025-03-05 20:46:02,761 : DEBUG : asciimatics.widgets.layout : Updating: None
2025-03-05 20:46:02,761 : DEBUG : asciimatics.widgets.layout : Updating: None
2025-03-05 20:46:02,761 : DEBUG : asciimatics.widgets.layout : Updating: None
2025-03-05 20:46:02,761 : DEBUG : asciimatics.widgets.layout : Updating: None
2025-03-05 20:46:02,761 : DEBUG : asciimatics.widgets.widget : Widget blur: <asciimatics.widgets.label.Label object at 0x000001BAAD6E1CB0>
2025-03-05 20:46:02,761 : DEBUG : asciimatics.widgets.widget : Widget blur: <asciimatics.widgets.label.Label object at 0x000001BAAD6E1BE0>
2025-03-05 20:46:02,761 : DEBUG : asciimatics.widgets.widget : Widget blur: <asciimatics.widgets.label.Label object at 0x000001BAAD6E1D80>
2025-03-05 20:46:02,761 : DEBUG : asciimatics.widgets.widget : Widget blur: <asciimatics.widgets.label.Label object at 0x000001BAAD6E1B10>
2025-03-05 20:46:02,761 : DEBUG : asciimatics.widgets.widget : Widget blur: <asciimatics.widgets.label.Label object at 0x000001BAAD6E1A40>
2025-03-05 20:46:02,761 : DEBUG : asciimatics.widgets.widget : Widget blur: <asciimatics.widgets.label.Label object at 0x000001BAAD6E1970>
2025-03-05 20:46:02,761 : DEBUG : asciimatics.widgets.layout : Blur: <asciimatics.widgets.layout.Layout object at 0x000001BAAD6AB3A0>
2025-03-05 20:46:02,761 : DEBUG : asciimatics.widgets.layout : Focus: <asciimatics.widgets.layout.Layout object at 0x000001BAAD6AB2E0>
2025-03-05 20:46:02,761 : DEBUG : asciimatics.widgets.layout : Focus: <mpf.core.text_ui.MpfLayout object at 0x000001BAAD699C50>
2025-03-05 20:46:02,761 : DEBUG : asciimatics.widgets.layout : Focus: <asciimatics.widgets.layout.Layout object at 0x000001BAAD6AB3A0>
2025-03-05 20:46:02,761 : DEBUG : asciimatics.widgets.frame : Cloning: Test
2025-03-05 20:46:02,761 : DEBUG : asciimatics.widgets.layout : Updating: None
2025-03-05 20:46:02,761 : DEBUG : asciimatics.widgets.layout : Updating: None
2025-03-05 20:46:02,761 : DEBUG : asciimatics.widgets.layout : Updating: None
2025-03-05 20:46:02,761 : DEBUG : asciimatics.widgets.layout : Updating: None
2025-03-05 20:46:02,761 : DEBUG : asciimatics.widgets.layout : Updating: None
2025-03-05 20:46:02,761 : DEBUG : asciimatics.widgets.layout : Updating: None
2025-03-05 20:46:02,761 : DEBUG : asciimatics.widgets.layout : Updating: None
2025-03-05 20:46:02,761 : DEBUG : asciimatics.widgets.layout : Updating: None
2025-03-05 20:46:02,761 : DEBUG : asciimatics.widgets.layout : Updating: None
2025-03-05 20:46:02,761 : DEBUG : asciimatics.widgets.layout : Updating: None
2025-03-05 20:46:02,761 : DEBUG : asciimatics.widgets.layout : Updating: None
2025-03-05 20:46:02,761 : DEBUG : asciimatics.widgets.layout : Updating: None
2025-03-05 20:46:02,761 : DEBUG : asciimatics.widgets.layout : Updating: None
2025-03-05 20:46:02,761 : DEBUG : asciimatics.widgets.layout : Updating: None
2025-03-05 20:46:02,761 : DEBUG : asciimatics.widgets.layout : Updating: None
2025-03-05 20:46:02,761 : DEBUG : asciimatics.widgets.layout : Updating: None
2025-03-05 20:46:02,761 : DEBUG : asciimatics.widgets.layout : Updating: None
2025-03-05 20:46:02,761 : DEBUG : asciimatics.widgets.layout : Updating: None
2025-03-05 20:46:02,762 : DEBUG : asciimatics.screen : Processing key: d
2025-03-05 20:46:02,867 : INFO : EventManager : Event: ======'machine_var_credits_string'====== Args={'value': 'FREE PLAY', 'prev_value': None, 'change': True}
2025-03-05 20:46:02,907 : INFO : EventManager : Event: ======'machine_var_master_volume'====== Args={'value': 0.5, 'prev_value': None, 'change': True}
2025-03-05 20:46:02,907 : INFO : EventManager : Event: ======'machine_var_mpf_version'====== Args={'value': 'Mission Pinball Framework v0.57.0', 'prev_value': None, 'change': True}
2025-03-05 20:46:02,907 : INFO : EventManager : Event: ======'machine_var_mpf_extended_version'====== Args={'value': 'Mission Pinball Framework v0.57.0, Config version:6, Show version: 6, BCP version:1.1', 'prev_value': None, 'change': True}
2025-03-05 20:46:02,907 : INFO : EventManager : Event: ======'machine_var_python_version'====== Args={'value': '3.11.0', 'prev_value': None, 'change': True}
2025-03-05 20:46:02,917 : INFO : EventManager : Event: ======'machine_var_platform'====== Args={'value': 'Windows-10-10.0.26100-SP0', 'prev_value': None, 'change': True}
2025-03-05 20:46:02,917 : INFO : EventManager : Event: ======'machine_var_platform_system'====== Args={'value': 'Windows', 'prev_value': None, 'change': True}
2025-03-05 20:46:02,917 : INFO : EventManager : Event: ======'machine_var_platform_release'====== Args={'value': '10', 'prev_value': None, 'change': True}
2025-03-05 20:46:02,917 : INFO : EventManager : Event: ======'machine_var_platform_version'====== Args={'value': '10.0.26100', 'prev_value': None, 'change': True}
2025-03-05 20:46:02,917 : INFO : EventManager : Event: ======'machine_var_platform_machine'====== Args={'value': 'AMD64', 'prev_value': None, 'change': True}
2025-03-05 20:46:02,917 : INFO : EventManager : Event: ======'init_phase_1'====== Args={}
2025-03-05 20:46:02,921 : DEBUG : ModeController : Loaded mode attract
2025-03-05 20:46:02,924 : DEBUG : ModeController : Loaded mode game
2025-03-05 20:46:02,927 : DEBUG : ball_device.bd_trough : Configuring device with settings: '{'entrance_switch': 's_trough_enter', 'entrance_switch_full_timeout': '500ms', 'ball_capacity': 3, 'eject_coil': 'c_trough_release', 'eject_targets': [<ball_device.bd_plunger_lane>], 'tags': ['trough', 'home'], 'eject_timeouts': [3000], 'debug': True, 'label': '%', 'console_log': 'full', 'file_log': 'full', 'entrance_events': {}, 'idle_missing_ball_timeout': 5.0, 'confirm_eject_type': 'target', 'captures_from': <playfield.playfield>, 'ball_missing_timeouts': [], 'ball_missing_target': <playfield.playfield>, 'confirm_eject_switch': None, 'confirm_eject_event': None, 'max_eject_attempts': 0, 'request_ball_events': {}, 'eject_events': {}, 'eject_all_events': {}, 'mechanical_eject': False, 'player_controlled_eject_event': None, 'ball_search_order': 200, 'auto_fire_on_unexpected_ball': True, 'target_on_unexpected_ball': None}'
2025-03-05 20:46:02,929 : INFO : EventManager : Event: ======'init_phase_2'====== Args={}
2025-03-05 20:46:02,929 : ERROR : asyncio : Exception in callback EventManager._async_handler_done(<QueuedEvent>)(<Task finishe...es section.')>) at C:\Users\duffb\.pyenv\pyenv-win\versions\3.11.0\Lib\site-packages\mpf\core\events.py:124
handle: <Handle EventManager._async_handler_done(<QueuedEvent>)(<Task finishe...es section.')>) at C:\Users\duffb\.pyenv\pyenv-win\versions\3.11.0\Lib\site-packages\mpf\core\events.py:124>
Traceback (most recent call last):
  File "C:\Users\duffb\.pyenv\pyenv-win\versions\3.11.0\Lib\asyncio\events.py", line 80, in _run
    self._context.run(self._callback, *self._args)
  File "C:\Users\duffb\.pyenv\pyenv-win\versions\3.11.0\Lib\site-packages\mpf\core\events.py", line 127, in _async_handler_done
    future.result()
  File "C:\Users\duffb\.pyenv\pyenv-win\versions\3.11.0\Lib\site-packages\mpf\core\switch_controller.py", line 84, in _initialize_switches
    await self.update_switches_from_hw()
  File "C:\Users\duffb\.pyenv\pyenv-win\versions\3.11.0\Lib\site-packages\mpf\core\switch_controller.py", line 109, in update_switches_from_hw
    switch_states = await platform.get_hw_switch_states()
                    ^^^^^^^^^^^^^^^^^^^^^^^^^^^^^^^^^^^^^
  File "C:\Users\duffb\.pyenv\pyenv-win\versions\3.11.0\Lib\site-packages\mpf\platforms\virtual.py", line 115, in get_hw_switch_states
    self.raise_config_error("Switch {} used in virtual_platform_start_active_switches was not "
  File "C:\Users\duffb\.pyenv\pyenv-win\versions\3.11.0\Lib\site-packages\mpf\core\logging.py", line 174, in raise_config_error
    raise ConfigFileError(msg, error_no, self.log.name if self.log else "", context, self._url_base) \
mpf.exceptions.config_file_error.ConfigFileError: Config File Error in Smart Virtual Platform: Switch s_trough1 used in virtual_platform_start_active_switches was not found in switches section. Error Code: CFE-Smart_Virtual_Platform-1 (https://missionpinball.org/logs)
2025-03-05 20:46:02,990 : INFO : Machine : Starting the main run loop.
2025-03-05 20:46:02,991 : INFO : Machine : Shutting down...
2025-03-05 20:46:02,991 : INFO : EventManager : Event: ======'shutdown'====== Args={}
2025-03-05 20:46:02,991 : DEBUG : ball_device.bd_trough : Stopping ball device
2025-03-05 20:46:04,002 : ERROR : Machine : Runtime Exception
Traceback (most recent call last):
  File "C:\Users\duffb\.pyenv\pyenv-win\versions\3.11.0\Lib\site-packages\mpf\core\machine.py", line 794, in _run_loop
    raise self._exception['exception']
  File "C:\Users\duffb\.pyenv\pyenv-win\versions\3.11.0\Lib\asyncio\events.py", line 80, in _run
    self._context.run(self._callback, *self._args)
  File "C:\Users\duffb\.pyenv\pyenv-win\versions\3.11.0\Lib\site-packages\mpf\core\events.py", line 127, in _async_handler_done
    future.result()
  File "C:\Users\duffb\.pyenv\pyenv-win\versions\3.11.0\Lib\site-packages\mpf\core\switch_controller.py", line 84, in _initialize_switches
    await self.update_switches_from_hw()
  File "C:\Users\duffb\.pyenv\pyenv-win\versions\3.11.0\Lib\site-packages\mpf\core\switch_controller.py", line 109, in update_switches_from_hw
    switch_states = await platform.get_hw_switch_states()
                    ^^^^^^^^^^^^^^^^^^^^^^^^^^^^^^^^^^^^^
  File "C:\Users\duffb\.pyenv\pyenv-win\versions\3.11.0\Lib\site-packages\mpf\platforms\virtual.py", line 115, in get_hw_switch_states
    self.raise_config_error("Switch {} used in virtual_platform_start_active_switches was not "
  File "C:\Users\duffb\.pyenv\pyenv-win\versions\3.11.0\Lib\site-packages\mpf\core\logging.py", line 174, in raise_config_error
    raise ConfigFileError(msg, error_no, self.log.name if self.log else "", context, self._url_base) \
mpf.exceptions.config_file_error.ConfigFileError: Config File Error in Smart Virtual Platform: Switch s_trough1 used in virtual_platform_start_active_switches was not found in switches section. Error Code: CFE-Smart_Virtual_Platform-1 (https://missionpinball.org/logs)
2025-03-05 20:46:12,426 : INFO : root : MPF run loop ended.
