2025-03-09 17:04:37,231 : INFO : root : Loading config.
2025-03-09 17:04:37,234 : INFO : YamlMultifileConfigLoader : Machine config file #1: config.yaml
2025-03-09 17:04:37,235 : WARNING : ConfigProcessor : Config file in cache changed: C:\Users\duffb\OneDrive\Documents\Python Envs\PinBallWW1\Machine\config\config.yaml
2025-03-09 17:04:37,235 : INFO : ConfigProcessor : Loading config from file C:\Users\duffb\.pyenv\pyenv-win\versions\3.11.0\Lib\site-packages\mpf\mpfconfig.yaml.
2025-03-09 17:04:37,243 : INFO : ConfigProcessor : Loading config: C:\Users\duffb\.pyenv\pyenv-win\versions\3.11.0\Lib\site-packages\mpf\mpfconfig.yaml
2025-03-09 17:04:37,244 : INFO : ConfigProcessor : Loading config from file C:\Users\duffb\OneDrive\Documents\Python Envs\PinBallWW1\Machine\config\config.yaml.
2025-03-09 17:04:37,271 : INFO : ConfigProcessor : Loading config: C:\Users\duffb\OneDrive\Documents\Python Envs\PinBallWW1\Machine\config\config.yaml
2025-03-09 17:04:37,272 : INFO : ConfigProcessor : Config file cache created: C:\Users\duffb\AppData\Local\Temp\cadfdee4981114acd6fff59d1071b59b.mpf_cache
2025-03-09 17:04:37,359 : INFO : ConfigProcessor : Loading config from cache: C:\Users\duffb\AppData\Local\Temp\ee7db1e8d011f44c876692bb4657f2e9.mpf_cache
2025-03-09 17:04:37,360 : INFO : ConfigProcessor : Loading config from cache: C:\Users\duffb\AppData\Local\Temp\9f058d482eac17116727d62a93500be7.mpf_cache
2025-03-09 17:04:37,361 : INFO : ConfigProcessor : Loading config from cache: C:\Users\duffb\AppData\Local\Temp\9e006ea23aa21ec68e01f6c49afad9f4.mpf_cache
2025-03-09 17:04:37,362 : INFO : ConfigProcessor : Loading config from cache: C:\Users\duffb\AppData\Local\Temp\fd253b339e263587268891c4dd997fbd.mpf_cache
2025-03-09 17:04:37,362 : INFO : Machine : Mission Pinball Framework Core Engine v0.57.0
2025-03-09 17:04:37,362 : INFO : Machine : Command line arguments: {'no_load_cache': False, 'create_config_cache': True, 'bcp': True, 'configfile': ['config.yaml'], 'force_assets_load': False, 'platform_integration_test': False, 'jsonlogging': False, 'logfile': 'logs\\2025-03-09-17-04-37-mpf-T0SHIII.log', 'pause': False, 'production': False, 'text_ui': True, 'loglevel': 15, 'consoleloglevel': 20, 'force_platform': None, 'syslog_address': None, 'mc_file_name': None, 'no_sound': False}
2025-03-09 17:04:37,362 : INFO : Machine : MPF path: C:\Users\duffb\.pyenv\pyenv-win\versions\3.11.0\Lib\site-packages\mpf
2025-03-09 17:04:37,362 : INFO : Machine : Machine path: C:\Users\duffb\OneDrive\Documents\Python Envs\PinBallWW1\Machine
2025-03-09 17:04:37,362 : INFO : Machine : Platform: win32
2025-03-09 17:04:37,362 : INFO : Machine : Python executable location: C:\Users\duffb\.pyenv\pyenv-win\versions\3.11.0\python.exe
2025-03-09 17:04:37,362 : INFO : Machine : Python version: 3.11.0 (64-bit)
2025-03-09 17:04:37,364 : INFO : Machine : Initializing MPF...
2025-03-09 17:04:37,710 : INFO : EventManager : Event: ======'machine_var_credits_string'====== Args={'value': 'FREE PLAY', 'prev_value': None, 'change': True}
2025-03-09 17:04:37,752 : INFO : EventManager : Event: ======'machine_var_master_volume'====== Args={'value': 0.5, 'prev_value': None, 'change': True}
2025-03-09 17:04:37,752 : INFO : EventManager : Event: ======'machine_var_player1_score'====== Args={'value': 8000, 'prev_value': None, 'change': True}
2025-03-09 17:04:37,752 : INFO : EventManager : Event: ======'machine_var_player2_score'====== Args={'value': 1000, 'prev_value': None, 'change': True}
2025-03-09 17:04:37,752 : INFO : EventManager : Event: ======'machine_var_mpf_version'====== Args={'value': 'Mission Pinball Framework v0.57.0', 'prev_value': None, 'change': True}
2025-03-09 17:04:37,752 : INFO : EventManager : Event: ======'machine_var_mpf_extended_version'====== Args={'value': 'Mission Pinball Framework v0.57.0, Config version:6, Show version: 6, BCP version:1.1', 'prev_value': None, 'change': True}
2025-03-09 17:04:37,752 : INFO : EventManager : Event: ======'machine_var_python_version'====== Args={'value': '3.11.0', 'prev_value': None, 'change': True}
2025-03-09 17:04:37,763 : INFO : EventManager : Event: ======'machine_var_platform'====== Args={'value': 'Windows-10-10.0.26100-SP0', 'prev_value': None, 'change': True}
2025-03-09 17:04:37,763 : INFO : EventManager : Event: ======'machine_var_platform_system'====== Args={'value': 'Windows', 'prev_value': None, 'change': True}
2025-03-09 17:04:37,763 : INFO : EventManager : Event: ======'machine_var_platform_release'====== Args={'value': '10', 'prev_value': None, 'change': True}
2025-03-09 17:04:37,763 : INFO : EventManager : Event: ======'machine_var_platform_version'====== Args={'value': '10.0.26100', 'prev_value': None, 'change': True}
2025-03-09 17:04:37,763 : INFO : EventManager : Event: ======'machine_var_platform_machine'====== Args={'value': 'AMD64', 'prev_value': None, 'change': True}
2025-03-09 17:04:37,763 : INFO : EventManager : Event: ======'init_phase_1'====== Args={}
2025-03-09 17:04:37,777 : INFO : EventManager : Event: ======'init_phase_2'====== Args={}
2025-03-09 17:04:37,778 : INFO : SwitchController : Found active switch: ('3', <Platform.SmartVirtual>) <switch.s_trough1>
2025-03-09 17:04:37,778 : INFO : SwitchController : Found active switch: ('4', <Platform.SmartVirtual>) <switch.s_trough2>
2025-03-09 17:04:37,778 : INFO : SwitchController : Found active switch: ('5', <Platform.SmartVirtual>) <switch.s_trough3>
2025-03-09 17:04:37,779 : INFO : EventManager : Event: ======'bcp_connection_attempt'====== Args={'name': 'local_display', 'host': 'localhost', 'port': 5050}
2025-03-09 17:04:37,782 : INFO : BCPClientSocket : Connecting BCP to 'local_display' at localhost:5050...
2025-03-09 17:04:39,837 : INFO : BCPClientSocket : Connected BCP to 'local_display' localhost:5050
2025-03-09 17:04:39,838 : INFO : EventManager : Event: ======'bcp_clients_connected'====== Args={}
2025-03-09 17:04:39,958 : INFO : ball_device.bd_trough : BCH: Initial count: 3
2025-03-09 17:04:39,958 : INFO : EventManager : Event: ======'machine_var_mc_version'====== Args={'value': 'MPF-MC v0.57.1', 'prev_value': None, 'change': True}
2025-03-09 17:04:39,958 : INFO : EventManager : Event: ======'machine_var_mc_extended_version'====== Args={'value': 'MPF-MC v0.57.1 (config_version=6, BCP v1.1,                      Requires MPF API compatibility v0.57.0 or newer)', 'prev_value': None, 'change': True}
2025-03-09 17:04:39,960 : INFO : ball_device.bd_trough : State: idle
2025-03-09 17:04:39,994 : INFO : ball_device.bd_plunger_lane : BCH: Initial count: 0
2025-03-09 17:04:39,994 : INFO : ball_device.bd_plunger_lane : State: idle
2025-03-09 17:04:40,002 : INFO : EventManager : Event: ======'init_phase_3'====== Args={}
2025-03-09 17:04:40,005 : INFO : EventManager : Event: ======'init_phase_4'====== Args={}
2025-03-09 17:04:40,005 : INFO : BallController : Initial balls found: 3
2025-03-09 17:04:40,006 : INFO : EventManager : Event: ======'machine_var_audits_events_game_ended'====== Args={'value': 13, 'prev_value': None, 'change': True}
2025-03-09 17:04:40,007 : INFO : EventManager : Event: ======'machine_var_audits_events_game_started'====== Args={'value': 36, 'prev_value': None, 'change': True}
2025-03-09 17:04:40,007 : INFO : EventManager : Event: ======'machine_var_audits_missing_switches_s_drain'====== Args={'value': 6, 'prev_value': None, 'change': True}
2025-03-09 17:04:40,007 : INFO : EventManager : Event: ======'machine_var_audits_missing_switches_s_trough1'====== Args={'value': 1, 'prev_value': None, 'change': True}
2025-03-09 17:04:40,007 : INFO : EventManager : Event: ======'machine_var_audits_missing_switches_s_trough2'====== Args={'value': 1, 'prev_value': None, 'change': True}
2025-03-09 17:04:40,007 : INFO : EventManager : Event: ======'machine_var_audits_missing_switches_s_trough3'====== Args={'value': 1, 'prev_value': None, 'change': True}
2025-03-09 17:04:40,007 : INFO : EventManager : Event: ======'machine_var_audits_missing_switches_s_trough_enter'====== Args={'value': 36, 'prev_value': None, 'change': True}
2025-03-09 17:04:40,007 : INFO : EventManager : Event: ======'machine_var_audits_player_score'====== Args={'value': {'average': 124, 'top': [8000, 1000, 0, 0, 0, 0, 0, 0, 0, 0], 'total': 16}, 'prev_value': None, 'change': True}
2025-03-09 17:04:40,007 : INFO : EventManager : Event: ======'machine_var_audits_switches_s_Lane1'====== Args={'value': 11, 'prev_value': None, 'change': True}
2025-03-09 17:04:40,007 : INFO : EventManager : Event: ======'machine_var_audits_switches_s_Lane2'====== Args={'value': 10, 'prev_value': None, 'change': True}
2025-03-09 17:04:40,007 : INFO : EventManager : Event: ======'machine_var_audits_switches_s_Lane3'====== Args={'value': 9, 'prev_value': None, 'change': True}
2025-03-09 17:04:40,007 : INFO : EventManager : Event: ======'machine_var_audits_switches_s_Lane4'====== Args={'value': 6, 'prev_value': None, 'change': True}
2025-03-09 17:04:40,008 : INFO : EventManager : Event: ======'machine_var_audits_switches_s_Target1'====== Args={'value': 3, 'prev_value': None, 'change': True}
2025-03-09 17:04:40,008 : INFO : EventManager : Event: ======'machine_var_audits_switches_s_Target2'====== Args={'value': 3, 'prev_value': None, 'change': True}
2025-03-09 17:04:40,008 : INFO : EventManager : Event: ======'machine_var_audits_switches_s_Target3'====== Args={'value': 2, 'prev_value': None, 'change': True}
2025-03-09 17:04:40,008 : INFO : EventManager : Event: ======'machine_var_audits_switches_s_Target4'====== Args={'value': 8, 'prev_value': None, 'change': True}
2025-03-09 17:04:40,008 : INFO : EventManager : Event: ======'machine_var_audits_switches_s_drain'====== Args={'value': 0, 'prev_value': None, 'change': True}
2025-03-09 17:04:40,008 : INFO : EventManager : Event: ======'machine_var_audits_switches_s_launcher_button'====== Args={'value': 58, 'prev_value': None, 'change': True}
2025-03-09 17:04:40,008 : INFO : EventManager : Event: ======'machine_var_audits_switches_s_left_flipper'====== Args={'value': 31, 'prev_value': None, 'change': True}
2025-03-09 17:04:40,008 : INFO : EventManager : Event: ======'machine_var_audits_switches_s_playfield_entry'====== Args={'value': 178, 'prev_value': None, 'change': True}
2025-03-09 17:04:40,008 : INFO : EventManager : Event: ======'machine_var_audits_switches_s_plunger_lane'====== Args={'value': 104, 'prev_value': None, 'change': True}
2025-03-09 17:04:40,008 : INFO : EventManager : Event: ======'machine_var_audits_switches_s_pointTarget'====== Args={'value': 193, 'prev_value': None, 'change': True}
2025-03-09 17:04:40,008 : INFO : EventManager : Event: ======'machine_var_audits_switches_s_right_flipper'====== Args={'value': 26, 'prev_value': None, 'change': True}
2025-03-09 17:04:40,008 : INFO : EventManager : Event: ======'machine_var_audits_switches_s_trough1'====== Args={'value': 84, 'prev_value': None, 'change': True}
2025-03-09 17:04:40,009 : INFO : EventManager : Event: ======'machine_var_audits_switches_s_trough2'====== Args={'value': 14, 'prev_value': None, 'change': True}
2025-03-09 17:04:40,009 : INFO : EventManager : Event: ======'machine_var_audits_switches_s_trough3'====== Args={'value': 11, 'prev_value': None, 'change': True}
2025-03-09 17:04:40,009 : INFO : EventManager : Event: ======'machine_var_audits_switches_s_trough_enter'====== Args={'value': 0, 'prev_value': None, 'change': True}
2025-03-09 17:04:40,009 : INFO : EventManager : Event: ======'init_phase_5'====== Args={}
2025-03-09 17:04:40,026 : INFO : EventManager : Event: ======'init_done'====== Args={}
2025-03-09 17:04:40,027 : INFO : EventManager : Event: ======'machine_reset_phase_1'====== Args={}
2025-03-09 17:04:40,036 : INFO : EventManager : Event: ======'slide_welcome_slide_removed'====== Args={'_from_bcp': True}
2025-03-09 17:04:40,039 : INFO : EventManager : Event: ======'slide_welcome_slide_created'====== Args={'_from_bcp': True}
2025-03-09 17:04:40,040 : INFO : EventManager : Event: ======'machine_reset_phase_2'====== Args={}
2025-03-09 17:04:40,040 : INFO : EventManager : Event: ======'machine_reset_phase_3'====== Args={}
2025-03-09 17:04:40,040 : INFO : EventManager : Event: ======'reset_complete'====== Args={}
2025-03-09 17:04:40,040 : INFO : EventManager : Event: ======'mode_attract_will_start'====== Args={}
2025-03-09 17:04:40,041 : INFO : EventManager : Event: ======'mode_attract_starting'====== Args={}
2025-03-09 17:04:40,041 : INFO : Mode.attract : Started. Priority: 10
2025-03-09 17:04:40,041 : INFO : EventManager : Event: ======'modes_active_modes_changed'====== Args={}
2025-03-09 17:04:40,041 : INFO : EventManager : Event: ======'mode_attract_started'====== Args={}
2025-03-09 17:04:40,041 : INFO : EventManager : Event: ======'collecting_balls_complete'====== Args={}
2025-03-09 17:04:40,064 : INFO : EventManager : Event: ======'slide_welcome_slide_active'====== Args={'_from_bcp': True}
2025-03-09 17:04:40,064 : INFO : EventManager : Event: ======'slide_ship_slide_created'====== Args={'_from_bcp': True}
2025-03-09 17:04:40,065 : INFO : EventManager : Event: ======'slide_ship_slide_active'====== Args={'_from_bcp': True}
2025-03-09 17:04:40,065 : INFO : Machine : Starting the main run loop.
2025-03-09 17:04:45,073 : INFO : EventManager : Event: ======'slide_starting_slide_created'====== Args={'_from_bcp': True}
2025-03-09 17:04:45,074 : INFO : EventManager : Event: ======'slide_starting_slide_active'====== Args={'_from_bcp': True}
2025-03-09 17:04:50,062 : INFO : EventManager : Event: ======'slide_company_slide_created'====== Args={'_from_bcp': True}
2025-03-09 17:04:50,065 : INFO : EventManager : Event: ======'slide_company_slide_active'====== Args={'_from_bcp': True}
2025-03-09 17:04:51,864 : INFO : BcpServer : New client connected.
2025-03-09 17:04:55,041 : INFO : EventManager : Event: ======'slide_lastgame_slide_created'====== Args={'_from_bcp': True}
2025-03-09 17:04:55,043 : INFO : EventManager : Event: ======'slide_lastgame_slide_active'====== Args={'_from_bcp': True}
2025-03-09 17:05:00,066 : INFO : EventManager : Event: ======'slide_ship_slide_removed'====== Args={'_from_bcp': True}
2025-03-09 17:05:00,072 : INFO : EventManager : Event: ======'slide_ship_slide_created'====== Args={'_from_bcp': True}
2025-03-09 17:05:00,075 : INFO : EventManager : Event: ======'slide_ship_slide_active'====== Args={'_from_bcp': True}
2025-03-09 17:05:05,041 : INFO : EventManager : Event: ======'slide_starting_slide_removed'====== Args={'_from_bcp': True}
2025-03-09 17:05:05,045 : INFO : EventManager : Event: ======'slide_starting_slide_created'====== Args={'_from_bcp': True}
2025-03-09 17:05:05,045 : INFO : EventManager : Event: ======'slide_starting_slide_active'====== Args={'_from_bcp': True}
2025-03-09 17:05:10,061 : INFO : EventManager : Event: ======'slide_company_slide_removed'====== Args={'_from_bcp': True}
2025-03-09 17:05:10,071 : INFO : EventManager : Event: ======'slide_company_slide_created'====== Args={'_from_bcp': True}
2025-03-09 17:05:10,073 : INFO : EventManager : Event: ======'slide_company_slide_active'====== Args={'_from_bcp': True}
2025-03-09 17:05:15,064 : INFO : EventManager : Event: ======'slide_lastgame_slide_removed'====== Args={'_from_bcp': True}
2025-03-09 17:05:15,065 : INFO : EventManager : Event: ======'slide_lastgame_slide_created'====== Args={'_from_bcp': True}
2025-03-09 17:05:15,066 : INFO : EventManager : Event: ======'slide_lastgame_slide_active'====== Args={'_from_bcp': True}
2025-03-09 17:05:20,072 : INFO : EventManager : Event: ======'slide_ship_slide_removed'====== Args={'_from_bcp': True}
2025-03-09 17:05:20,093 : INFO : EventManager : Event: ======'slide_ship_slide_created'====== Args={'_from_bcp': True}
2025-03-09 17:05:20,099 : INFO : EventManager : Event: ======'slide_ship_slide_active'====== Args={'_from_bcp': True}
2025-03-09 17:05:25,056 : INFO : EventManager : Event: ======'slide_starting_slide_removed'====== Args={'_from_bcp': True}
2025-03-09 17:05:25,070 : INFO : EventManager : Event: ======'slide_starting_slide_created'====== Args={'_from_bcp': True}
2025-03-09 17:05:25,071 : INFO : EventManager : Event: ======'slide_starting_slide_active'====== Args={'_from_bcp': True}
2025-03-09 17:05:30,040 : INFO : EventManager : Event: ======'slide_company_slide_removed'====== Args={'_from_bcp': True}
2025-03-09 17:05:30,043 : INFO : EventManager : Event: ======'slide_company_slide_created'====== Args={'_from_bcp': True}
2025-03-09 17:05:30,046 : INFO : EventManager : Event: ======'slide_company_slide_active'====== Args={'_from_bcp': True}
2025-03-09 17:05:35,047 : INFO : EventManager : Event: ======'slide_lastgame_slide_removed'====== Args={'_from_bcp': True}
2025-03-09 17:05:35,052 : INFO : EventManager : Event: ======'slide_lastgame_slide_created'====== Args={'_from_bcp': True}
2025-03-09 17:05:35,058 : INFO : EventManager : Event: ======'slide_lastgame_slide_active'====== Args={'_from_bcp': True}
2025-03-09 17:05:40,044 : INFO : EventManager : Event: ======'slide_ship_slide_removed'====== Args={'_from_bcp': True}
2025-03-09 17:05:40,053 : INFO : EventManager : Event: ======'slide_ship_slide_created'====== Args={'_from_bcp': True}
2025-03-09 17:05:40,055 : INFO : EventManager : Event: ======'slide_ship_slide_active'====== Args={'_from_bcp': True}
2025-03-09 17:05:45,058 : INFO : EventManager : Event: ======'slide_starting_slide_removed'====== Args={'_from_bcp': True}
2025-03-09 17:05:45,061 : INFO : EventManager : Event: ======'slide_starting_slide_created'====== Args={'_from_bcp': True}
2025-03-09 17:05:45,063 : INFO : EventManager : Event: ======'slide_starting_slide_active'====== Args={'_from_bcp': True}
2025-03-09 17:05:48,443 : INFO : Machine : Shutting down...
2025-03-09 17:05:48,443 : INFO : EventManager : Event: ======'shutdown'====== Args={}
2025-03-09 17:05:48,448 : INFO : root : MPF run loop ended.
