2025-03-21 13:19:31,542 : INFO : root : Loading config.
2025-03-21 13:19:31,546 : INFO : YamlMultifileConfigLoader : Machine config file #1: config.yaml
2025-03-21 13:19:31,546 : INFO : ConfigProcessor : Loading config from cache: C:\Users\duffb\AppData\Local\Temp\cadfdee4981114acd6fff59d1071b59b.mpf_cache
2025-03-21 13:19:31,664 : INFO : ConfigProcessor : Loading config from cache: C:\Users\duffb\AppData\Local\Temp\ee7db1e8d011f44c876692bb4657f2e9.mpf_cache
2025-03-21 13:19:31,665 : INFO : ConfigProcessor : Loading config from cache: C:\Users\duffb\AppData\Local\Temp\9f058d482eac17116727d62a93500be7.mpf_cache
2025-03-21 13:19:31,665 : WARNING : ConfigProcessor : Config file in cache changed: C:\Users\duffb\OneDrive\Documents\Python Envs\PinBallWW1\Machine\modes\intro\config\intro.yaml
2025-03-21 13:19:31,665 : INFO : ConfigProcessor : Loading config from file C:\Users\duffb\OneDrive\Documents\Python Envs\PinBallWW1\Machine\modes\intro\config\intro.yaml.
2025-03-21 13:19:31,682 : INFO : ConfigProcessor : Loading config: C:\Users\duffb\OneDrive\Documents\Python Envs\PinBallWW1\Machine\modes\intro\config\intro.yaml
2025-03-21 13:19:31,683 : INFO : ConfigProcessor : Config file cache created: C:\Users\duffb\AppData\Local\Temp\2c9362052ff91db960f514d041b7f4e4.mpf_cache
2025-03-21 13:19:31,684 : INFO : ConfigProcessor : Loading config from cache: C:\Users\duffb\AppData\Local\Temp\9e006ea23aa21ec68e01f6c49afad9f4.mpf_cache
2025-03-21 13:19:31,685 : INFO : ConfigProcessor : Loading config from cache: C:\Users\duffb\AppData\Local\Temp\fd253b339e263587268891c4dd997fbd.mpf_cache
2025-03-21 13:19:31,686 : INFO : ConfigProcessor : Loading config from cache: C:\Users\duffb\AppData\Local\Temp\c114ce798d07012a33b8b14d8f953bb7.mpf_cache
2025-03-21 13:19:31,688 : INFO : ConfigProcessor : Loading config from cache: C:\Users\duffb\AppData\Local\Temp\ef70c2e65c3659b77bacdd3a7a24b233.mpf_cache
2025-03-21 13:19:31,688 : INFO : ConfigProcessor : Loading config from cache: C:\Users\duffb\AppData\Local\Temp\ec6e376f0ea10a5fdf8f7130b4bbbe7c.mpf_cache
2025-03-21 13:19:31,689 : INFO : Machine : Mission Pinball Framework Core Engine v0.57.0
2025-03-21 13:19:31,689 : INFO : Machine : Command line arguments: {'no_load_cache': False, 'create_config_cache': True, 'bcp': True, 'configfile': ['config.yaml'], 'force_assets_load': False, 'platform_integration_test': False, 'jsonlogging': False, 'logfile': 'logs\\2025-03-21-13-19-31-mpf-T0SHIII.log', 'pause': False, 'production': False, 'text_ui': True, 'loglevel': 15, 'consoleloglevel': 20, 'force_platform': None, 'syslog_address': None, 'mc_file_name': None, 'no_sound': False}
2025-03-21 13:19:31,689 : INFO : Machine : MPF path: C:\Users\duffb\.pyenv\pyenv-win\versions\3.11.0\Lib\site-packages\mpf
2025-03-21 13:19:31,689 : INFO : Machine : Machine path: C:\Users\duffb\OneDrive\Documents\Python Envs\PinBallWW1\Machine
2025-03-21 13:19:31,689 : INFO : Machine : Platform: win32
2025-03-21 13:19:31,689 : INFO : Machine : Python executable location: C:\Users\duffb\.pyenv\pyenv-win\versions\3.11.0\python.exe
2025-03-21 13:19:31,689 : INFO : Machine : Python version: 3.11.0 (64-bit)
2025-03-21 13:19:31,692 : INFO : Machine : Initializing MPF...
2025-03-21 13:19:31,929 : INFO : EventManager : Event: ======'machine_var_credits_string'====== Args={'value': 'FREE PLAY', 'prev_value': None, 'change': True}
2025-03-21 13:19:32,012 : INFO : EventManager : Event: ======'machine_var_master_volume'====== Args={'value': 0.5, 'prev_value': None, 'change': True}
2025-03-21 13:19:32,012 : INFO : EventManager : Event: ======'machine_var_player1_score'====== Args={'value': 8000, 'prev_value': None, 'change': True}
2025-03-21 13:19:32,012 : INFO : EventManager : Event: ======'machine_var_player2_score'====== Args={'value': 1000, 'prev_value': None, 'change': True}
2025-03-21 13:19:32,012 : INFO : EventManager : Event: ======'machine_var_mpf_version'====== Args={'value': 'Mission Pinball Framework v0.57.0', 'prev_value': None, 'change': True}
2025-03-21 13:19:32,012 : INFO : EventManager : Event: ======'machine_var_mpf_extended_version'====== Args={'value': 'Mission Pinball Framework v0.57.0, Config version:6, Show version: 6, BCP version:1.1', 'prev_value': None, 'change': True}
2025-03-21 13:19:32,012 : INFO : EventManager : Event: ======'machine_var_python_version'====== Args={'value': '3.11.0', 'prev_value': None, 'change': True}
2025-03-21 13:19:32,055 : INFO : EventManager : Event: ======'machine_var_platform'====== Args={'value': 'Windows-10-10.0.26100-SP0', 'prev_value': None, 'change': True}
2025-03-21 13:19:32,055 : INFO : EventManager : Event: ======'machine_var_platform_system'====== Args={'value': 'Windows', 'prev_value': None, 'change': True}
2025-03-21 13:19:32,056 : INFO : EventManager : Event: ======'machine_var_platform_release'====== Args={'value': '10', 'prev_value': None, 'change': True}
2025-03-21 13:19:32,056 : INFO : EventManager : Event: ======'machine_var_platform_version'====== Args={'value': '10.0.26100', 'prev_value': None, 'change': True}
2025-03-21 13:19:32,056 : INFO : EventManager : Event: ======'machine_var_platform_machine'====== Args={'value': 'AMD64', 'prev_value': None, 'change': True}
2025-03-21 13:19:32,056 : INFO : EventManager : Event: ======'init_phase_1'====== Args={}
2025-03-21 13:19:32,085 : INFO : EventManager : Event: ======'init_phase_2'====== Args={}
2025-03-21 13:19:32,086 : INFO : SwitchController : Found active switch: ('3', <Platform.SmartVirtual>) <switch.s_trough1>
2025-03-21 13:19:32,086 : INFO : SwitchController : Found active switch: ('4', <Platform.SmartVirtual>) <switch.s_trough2>
2025-03-21 13:19:32,086 : INFO : SwitchController : Found active switch: ('5', <Platform.SmartVirtual>) <switch.s_trough3>
2025-03-21 13:19:32,089 : INFO : EventManager : Event: ======'bcp_connection_attempt'====== Args={'name': 'local_display', 'host': 'localhost', 'port': 5050}
2025-03-21 13:19:32,091 : INFO : BCPClientSocket : Connecting BCP to 'local_display' at localhost:5050...
2025-03-21 13:19:34,157 : INFO : BCPClientSocket : Connected BCP to 'local_display' localhost:5050
2025-03-21 13:19:34,160 : INFO : EventManager : Event: ======'bcp_clients_connected'====== Args={}
2025-03-21 13:19:34,527 : INFO : ball_device.bd_trough : BCH: Initial count: 3
2025-03-21 13:19:34,527 : INFO : EventManager : Event: ======'machine_var_mc_version'====== Args={'value': 'MPF-MC v0.57.1', 'prev_value': None, 'change': True}
2025-03-21 13:19:34,529 : INFO : EventManager : Event: ======'machine_var_mc_extended_version'====== Args={'value': 'MPF-MC v0.57.1 (config_version=6, BCP v1.1,                      Requires MPF API compatibility v0.57.0 or newer)', 'prev_value': None, 'change': True}
2025-03-21 13:19:34,530 : INFO : ball_device.bd_trough : State: idle
2025-03-21 13:19:34,579 : INFO : ball_device.bd_plunger_lane : BCH: Initial count: 0
2025-03-21 13:19:34,579 : INFO : ball_device.bd_plunger_lane : State: idle
2025-03-21 13:19:34,605 : INFO : EventManager : Event: ======'init_phase_3'====== Args={}
2025-03-21 13:19:34,614 : INFO : EventManager : Event: ======'init_phase_4'====== Args={}
2025-03-21 13:19:34,615 : INFO : BallController : Initial balls found: 3
2025-03-21 13:19:34,616 : INFO : EventManager : Event: ======'machine_var_audits_events_game_ended'====== Args={'value': 13, 'prev_value': None, 'change': True}
2025-03-21 13:19:34,616 : INFO : EventManager : Event: ======'machine_var_audits_events_game_started'====== Args={'value': 57, 'prev_value': None, 'change': True}
2025-03-21 13:19:34,616 : INFO : EventManager : Event: ======'machine_var_audits_missing_switches_s_Lane1'====== Args={'value': 5, 'prev_value': None, 'change': True}
2025-03-21 13:19:34,616 : INFO : EventManager : Event: ======'machine_var_audits_missing_switches_s_Lane2'====== Args={'value': 5, 'prev_value': None, 'change': True}
2025-03-21 13:19:34,617 : INFO : EventManager : Event: ======'machine_var_audits_missing_switches_s_Lane3'====== Args={'value': 5, 'prev_value': None, 'change': True}
2025-03-21 13:19:34,617 : INFO : EventManager : Event: ======'machine_var_audits_missing_switches_s_Lane4'====== Args={'value': 5, 'prev_value': None, 'change': True}
2025-03-21 13:19:34,617 : INFO : EventManager : Event: ======'machine_var_audits_missing_switches_s_Target1'====== Args={'value': 5, 'prev_value': None, 'change': True}
2025-03-21 13:19:34,617 : INFO : EventManager : Event: ======'machine_var_audits_missing_switches_s_Target2'====== Args={'value': 5, 'prev_value': None, 'change': True}
2025-03-21 13:19:34,617 : INFO : EventManager : Event: ======'machine_var_audits_missing_switches_s_Target3'====== Args={'value': 5, 'prev_value': None, 'change': True}
2025-03-21 13:19:34,617 : INFO : EventManager : Event: ======'machine_var_audits_missing_switches_s_Target4'====== Args={'value': 5, 'prev_value': None, 'change': True}
2025-03-21 13:19:34,617 : INFO : EventManager : Event: ======'machine_var_audits_missing_switches_s_drain'====== Args={'value': 6, 'prev_value': None, 'change': True}
2025-03-21 13:19:34,617 : INFO : EventManager : Event: ======'machine_var_audits_missing_switches_s_launcher_button'====== Args={'value': 4, 'prev_value': None, 'change': True}
2025-03-21 13:19:34,617 : INFO : EventManager : Event: ======'machine_var_audits_missing_switches_s_left_flipper'====== Args={'value': 5, 'prev_value': None, 'change': True}
2025-03-21 13:19:34,617 : INFO : EventManager : Event: ======'machine_var_audits_missing_switches_s_right_flipper'====== Args={'value': 5, 'prev_value': None, 'change': True}
2025-03-21 13:19:34,617 : INFO : EventManager : Event: ======'machine_var_audits_missing_switches_s_trough1'====== Args={'value': 10, 'prev_value': None, 'change': True}
2025-03-21 13:19:34,618 : INFO : EventManager : Event: ======'machine_var_audits_missing_switches_s_trough2'====== Args={'value': 13, 'prev_value': None, 'change': True}
2025-03-21 13:19:34,618 : INFO : EventManager : Event: ======'machine_var_audits_missing_switches_s_trough3'====== Args={'value': 17, 'prev_value': None, 'change': True}
2025-03-21 13:19:34,618 : INFO : EventManager : Event: ======'machine_var_audits_missing_switches_s_trough_enter'====== Args={'value': 12, 'prev_value': None, 'change': True}
2025-03-21 13:19:34,618 : INFO : EventManager : Event: ======'machine_var_audits_player_score'====== Args={'value': {'average': 124, 'top': [8000, 1000, 0, 0, 0, 0, 0, 0, 0, 0], 'total': 16}, 'prev_value': None, 'change': True}
2025-03-21 13:19:34,618 : INFO : EventManager : Event: ======'machine_var_audits_switches_s_Lane1'====== Args={'value': 36, 'prev_value': None, 'change': True}
2025-03-21 13:19:34,618 : INFO : EventManager : Event: ======'machine_var_audits_switches_s_Lane2'====== Args={'value': 25, 'prev_value': None, 'change': True}
2025-03-21 13:19:34,618 : INFO : EventManager : Event: ======'machine_var_audits_switches_s_Lane3'====== Args={'value': 22, 'prev_value': None, 'change': True}
2025-03-21 13:19:34,618 : INFO : EventManager : Event: ======'machine_var_audits_switches_s_Lane4'====== Args={'value': 26, 'prev_value': None, 'change': True}
2025-03-21 13:19:34,619 : INFO : EventManager : Event: ======'machine_var_audits_switches_s_Target1'====== Args={'value': 66, 'prev_value': None, 'change': True}
2025-03-21 13:19:34,619 : INFO : EventManager : Event: ======'machine_var_audits_switches_s_Target2'====== Args={'value': 59, 'prev_value': None, 'change': True}
2025-03-21 13:19:34,619 : INFO : EventManager : Event: ======'machine_var_audits_switches_s_Target3'====== Args={'value': 64, 'prev_value': None, 'change': True}
2025-03-21 13:19:34,619 : INFO : EventManager : Event: ======'machine_var_audits_switches_s_Target4'====== Args={'value': 51, 'prev_value': None, 'change': True}
2025-03-21 13:19:34,619 : INFO : EventManager : Event: ======'machine_var_audits_switches_s_drain'====== Args={'value': 0, 'prev_value': None, 'change': True}
2025-03-21 13:19:34,619 : INFO : EventManager : Event: ======'machine_var_audits_switches_s_launcher_button'====== Args={'value': 93, 'prev_value': None, 'change': True}
2025-03-21 13:19:34,619 : INFO : EventManager : Event: ======'machine_var_audits_switches_s_left_flipper'====== Args={'value': 103, 'prev_value': None, 'change': True}
2025-03-21 13:19:34,619 : INFO : EventManager : Event: ======'machine_var_audits_switches_s_playfield_entry'====== Args={'value': 203, 'prev_value': None, 'change': True}
2025-03-21 13:19:34,619 : INFO : EventManager : Event: ======'machine_var_audits_switches_s_plunger_lane'====== Args={'value': 141, 'prev_value': None, 'change': True}
2025-03-21 13:19:34,620 : INFO : EventManager : Event: ======'machine_var_audits_switches_s_pointTarget'====== Args={'value': 193, 'prev_value': None, 'change': True}
2025-03-21 13:19:34,620 : INFO : EventManager : Event: ======'machine_var_audits_switches_s_right_flipper'====== Args={'value': 95, 'prev_value': None, 'change': True}
2025-03-21 13:19:34,620 : INFO : EventManager : Event: ======'machine_var_audits_switches_s_trough1'====== Args={'value': 109, 'prev_value': None, 'change': True}
2025-03-21 13:19:34,620 : INFO : EventManager : Event: ======'machine_var_audits_switches_s_trough2'====== Args={'value': 17, 'prev_value': None, 'change': True}
2025-03-21 13:19:34,620 : INFO : EventManager : Event: ======'machine_var_audits_switches_s_trough3'====== Args={'value': 14, 'prev_value': None, 'change': True}
2025-03-21 13:19:34,620 : INFO : EventManager : Event: ======'machine_var_audits_switches_s_trough_enter'====== Args={'value': 1, 'prev_value': None, 'change': True}
2025-03-21 13:19:34,621 : INFO : EventManager : Event: ======'init_phase_5'====== Args={}
2025-03-21 13:19:34,642 : INFO : EventManager : Event: ======'init_done'====== Args={}
2025-03-21 13:19:34,643 : INFO : EventManager : Event: ======'machine_reset_phase_1'====== Args={}
2025-03-21 13:19:34,683 : INFO : EventManager : Event: ======'slide_welcome_slide_removed'====== Args={'_from_bcp': True}
2025-03-21 13:19:34,685 : INFO : EventManager : Event: ======'slide_welcome_slide_created'====== Args={'_from_bcp': True}
2025-03-21 13:19:34,686 : INFO : EventManager : Event: ======'machine_reset_phase_2'====== Args={}
2025-03-21 13:19:34,686 : INFO : EventManager : Event: ======'machine_reset_phase_3'====== Args={}
2025-03-21 13:19:34,686 : INFO : EventManager : Event: ======'reset_complete'====== Args={}
2025-03-21 13:19:34,687 : INFO : EventManager : Event: ======'mode_attract_will_start'====== Args={}
2025-03-21 13:19:34,687 : INFO : EventManager : Event: ======'mode_attract_starting'====== Args={}
2025-03-21 13:19:34,687 : INFO : Mode.attract : Started. Priority: 10
2025-03-21 13:19:34,687 : INFO : EventManager : Event: ======'modes_active_modes_changed'====== Args={}
2025-03-21 13:19:34,687 : INFO : EventManager : Event: ======'mode_attract_started'====== Args={}
2025-03-21 13:19:34,689 : INFO : EventManager : Event: ======'collecting_balls_complete'====== Args={}
2025-03-21 13:19:34,722 : INFO : EventManager : Event: ======'slide_welcome_slide_active'====== Args={'_from_bcp': True}
2025-03-21 13:19:34,722 : INFO : EventManager : Event: ======'slide_ship_slide_created'====== Args={'_from_bcp': True}
2025-03-21 13:19:34,722 : INFO : EventManager : Event: ======'slide_ship_slide_active'====== Args={'_from_bcp': True}
2025-03-21 13:19:34,722 : INFO : Machine : Starting the main run loop.
2025-03-21 13:19:34,796 : INFO : BcpServer : New client connected.
2025-03-21 13:19:39,705 : INFO : EventManager : Event: ======'slide_starting_slide_created'====== Args={'_from_bcp': True}
2025-03-21 13:19:39,707 : INFO : EventManager : Event: ======'slide_starting_slide_active'====== Args={'_from_bcp': True}
2025-03-21 13:19:44,717 : INFO : EventManager : Event: ======'slide_company_slide_created'====== Args={'_from_bcp': True}
2025-03-21 13:19:44,718 : INFO : EventManager : Event: ======'slide_company_slide_active'====== Args={'_from_bcp': True}
2025-03-21 13:19:49,721 : INFO : EventManager : Event: ======'slide_lastgame_slide_created'====== Args={'_from_bcp': True}
2025-03-21 13:19:49,727 : INFO : EventManager : Event: ======'slide_lastgame_slide_active'====== Args={'_from_bcp': True}
2025-03-21 13:19:52,711 : INFO : SwitchController : <<<<<<< 's_launcher_button' active >>>>>>>
2025-03-21 13:19:52,712 : INFO : EventManager : Event: ======'s_launcher_button_active'====== Args={}
2025-03-21 13:19:52,713 : INFO : EventManager : Event: ======'Start_Intro'====== Args={'priority': 0}
2025-03-21 13:19:52,715 : WARNING : Mode.intro : Can only start mode intro during a game. Aborting start.
2025-03-21 13:19:52,793 : INFO : SwitchController : <<<<<<< 's_launcher_button' inactive >>>>>>>
2025-03-21 13:19:52,793 : INFO : EventManager : Event: ======'request_to_start_game'====== Args={}
2025-03-21 13:19:52,793 : INFO : EventManager : Event: ======'game_start'====== Args={'buttons': [], 'hold_time': 0.07800000000861473}
2025-03-21 13:19:52,793 : INFO : EventManager : Event: ======'mode_game_will_start'====== Args={'buttons': [], 'hold_time': 0.07800000000861473}
2025-03-21 13:19:52,794 : INFO : EventManager : Event: ======'mode_game_starting'====== Args={'buttons': [], 'hold_time': 0.07800000000861473}
2025-03-21 13:19:52,794 : INFO : EventManager : Event: ======'mode_attract_will_stop'====== Args={}
2025-03-21 13:19:52,794 : INFO : EventManager : Event: ======'mode_attract_stopping'====== Args={}
2025-03-21 13:19:52,794 : INFO : Mode.attract : Stopped.
2025-03-21 13:19:52,794 : INFO : EventManager : Event: ======'modes_active_modes_changed'====== Args={}
2025-03-21 13:19:52,795 : INFO : EventManager : Event: ======'mode_attract_stopped'====== Args={}
2025-03-21 13:19:52,795 : INFO : EventManager : Event: ======'clear'====== Args={'key': 'attract'}
2025-03-21 13:19:52,795 : INFO : Mode.game : Started. Priority: 20
2025-03-21 13:19:52,795 : INFO : EventManager : Event: ======'modes_active_modes_changed'====== Args={}
2025-03-21 13:19:52,795 : INFO : EventManager : Event: ======'mode_game_started'====== Args={'buttons': [], 'hold_time': 0.07800000000861473}
2025-03-21 13:19:52,802 : INFO : EventManager : Event: ======'game_will_start'====== Args={}
2025-03-21 13:19:52,802 : INFO : EventManager : Event: ======'game_starting'====== Args={'game': <Mode.game>}
2025-03-21 13:19:52,803 : INFO : EventManager : Unordered handler for class <Auditor> on event game_ended with priority 1. Handlers: [RegisteredHandler(callback=<bound method Auditor.disable of <Auditor>>, priority=1, kwargs={}, key=UUID('33423616-fa87-436e-82b5-3bc5212081b4'), condition=None, blocking_facility=None), RegisteredHandler(callback=<bound method Auditor._save_audits of <Auditor>>, priority=1, kwargs={}, key=UUID('99b3a48e-bc7c-4457-9bf8-936d2938b84b'), condition=None, blocking_facility=None)]. The order of those handlers is not defined and they will be executed in random order. This might lead to race conditions and potential bugs.
2025-03-21 13:19:52,803 : INFO : EventManager : Event: ======'player_add_request'====== Args={}
2025-03-21 13:19:52,803 : INFO : EventManager : Event: ======'player_will_add'====== Args={'number': 1}
2025-03-21 13:19:52,804 : INFO : EventManager : Event: ======'player_adding'====== Args={'player': <Player 1>, 'number': 1}
2025-03-21 13:19:52,804 : INFO : EventManager : Event: ======'player_added'====== Args={'player': <Player 1>, 'num': 1}
2025-03-21 13:19:52,804 : INFO : Mode.game : Player added successfully. Total players: 1
2025-03-21 13:19:52,805 : INFO : EventManager : Event: ======'player_index'====== Args={'value': 0, 'prev_value': 0, 'change': 0, 'player_num': 1}
2025-03-21 13:19:52,805 : INFO : EventManager : Event: ======'player_number'====== Args={'value': 1, 'prev_value': 1, 'change': 0, 'player_num': 1}
2025-03-21 13:19:52,805 : INFO : EventManager : Event: ======'player_score'====== Args={'value': 0, 'prev_value': 0, 'change': 0, 'player_num': 1}
2025-03-21 13:19:52,806 : INFO : EventManager : Event: ======'game_started'====== Args={}
2025-03-21 13:19:52,817 : INFO : EventManager : Event: ======'player_turn_will_start'====== Args={'player': <Player 1>, 'number': 1}
2025-03-21 13:19:52,818 : INFO : EventManager : Event: ======'slide_ship_slide_removed'====== Args={'_from_bcp': True}
2025-03-21 13:19:52,818 : INFO : EventManager : Event: ======'slide_starting_slide_removed'====== Args={'_from_bcp': True}
2025-03-21 13:19:52,819 : INFO : EventManager : Event: ======'slide_company_slide_removed'====== Args={'_from_bcp': True}
2025-03-21 13:19:52,819 : INFO : EventManager : Event: ======'slide_lastgame_slide_removed'====== Args={'_from_bcp': True}
2025-03-21 13:19:52,819 : INFO : EventManager : Event: ======'slide_welcome_slide_active'====== Args={'_from_bcp': True}
2025-03-21 13:19:52,819 : INFO : EventManager : Event: ======'player_turn_starting'====== Args={'player': <Player 1>, 'number': 1}
2025-03-21 13:19:52,824 : INFO : EventManager : Event: ======'player_ball'====== Args={'value': 1, 'prev_value': 0, 'change': 1, 'player_num': 1}
2025-03-21 13:19:52,825 : INFO : EventManager : Event: ======'player_turn_started'====== Args={'player': <Player 1>, 'number': 1}
2025-03-21 13:19:52,826 : INFO : EventManager : Event: ======'ball_will_start'====== Args={'player': 1, 'ball': 1, 'balls_remaining': 2, 'is_extra_ball': False}
2025-03-21 13:19:52,831 : INFO : EventManager : Event: ======'ball_starting'====== Args={'player': 1, 'ball': 1, 'balls_remaining': 2, 'is_extra_ball': False}
2025-03-21 13:19:52,831 : INFO : EventManager : Event: ======'balls_in_play'====== Args={'balls': 1}
2025-03-21 13:19:52,832 : INFO : EventManager : Event: ======'ball_started'====== Args={'player': 1, 'ball': 1, 'balls_remaining': 2, 'is_extra_ball': False}
2025-03-21 13:19:52,833 : INFO : EventManager : Event: ======'single_player_ball_started'====== Args={}
2025-03-21 13:19:52,834 : INFO : EventManager : Event: ======'ball_start_target'====== Args={'target': 'playfield'}
2025-03-21 13:19:52,835 : INFO : ball_device.bd_plunger_lane : Setting up player-controlled eject. Balls: 1, Target: <playfield.playfield>, player_controlled_eject_event: None
2025-03-21 13:19:52,835 : INFO : ball_device.bd_plunger_lane : Adding 1 ball(s) to the eject_queue with target <playfield.playfield>.
2025-03-21 13:19:52,835 : INFO : EventManager : Event: ======'balldevice_balls_available'====== Args={}
2025-03-21 13:19:52,836 : INFO : ball_device.bd_trough : State: waiting_for_target_ready
2025-03-21 13:19:52,836 : INFO : EventManager : Event: ======'balldevice_bd_trough_ball_eject_attempt'====== Args={'balls': 1, 'target': <ball_device.bd_plunger_lane>, 'source': <ball_device.bd_trough>, 'mechanical_eject': False, 'num_attempts': 0}
2025-03-21 13:19:52,836 : INFO : ball_device.bd_plunger_lane : State: waiting_for_ball
2025-03-21 13:19:52,837 : INFO : ball_device.bd_trough : State: ejecting
2025-03-21 13:19:52,837 : INFO : ball_device.bd_trough : Ejecting ball to <ball_device.bd_plunger_lane>
2025-03-21 13:19:52,837 : INFO : EventManager : Event: ======'balldevice_bd_trough_ejecting_ball'====== Args={'balls': 1, 'target': <ball_device.bd_plunger_lane>, 'source': <ball_device.bd_trough>, 'mechanical_eject': False, 'num_attempts': 0}
2025-03-21 13:19:52,838 : INFO : ball_device.bd_trough : Wait for ball to leave device
2025-03-21 13:19:52,838 : INFO : coil.c_trough_release : Pulsing Driver for 20ms (1.0 pulse_power)
2025-03-21 13:19:52,838 : INFO : SwitchController : <<<<<<< 's_trough1' inactive >>>>>>>
2025-03-21 13:19:52,842 : INFO : ball_device.bd_trough : State: ball_left
2025-03-21 13:19:52,842 : INFO : ball_device.bd_trough : Ball left
2025-03-21 13:19:52,842 : INFO : ball_device.bd_trough : Wait for confirm with timeout 3.0
2025-03-21 13:19:52,929 : INFO : SwitchController : <<<<<<< 's_plunger_lane' active >>>>>>>
2025-03-21 13:19:52,930 : INFO : EventManager : Event: ======'machine_var_audits_switches_s_plunger_lane'====== Args={'value': 142, 'prev_value': 141, 'change': 1}
2025-03-21 13:19:53,426 : INFO : ball_device.bd_plunger_lane : Received ball from <ball_device.bd_trough>
2025-03-21 13:19:53,426 : INFO : EventManager : Event: ======'balldevice_bd_plunger_lane_ball_enter'====== Args={'new_balls': 1, 'unclaimed_balls': 0, 'new_available_balls': 0, 'device': <ball_device.bd_plunger_lane>}
2025-03-21 13:19:53,429 : INFO : EventManager : Event: ======'balldevice_bd_plunger_lane_ball_entered'====== Args={'new_balls': 0, 'device': <ball_device.bd_plunger_lane>}
2025-03-21 13:19:53,431 : INFO : EventManager : Event: ======'balldevice_bd_plunger_lane_ball_count_changed'====== Args={'balls': 1}
2025-03-21 13:19:53,431 : INFO : ball_device.bd_trough : Got eject confirm
2025-03-21 13:19:53,432 : INFO : ball_device.bd_trough : Eject successful
2025-03-21 13:19:53,432 : INFO : EventManager : Event: ======'balldevice_bd_trough_ball_eject_success'====== Args={'balls': 1, 'target': <ball_device.bd_plunger_lane>}
2025-03-21 13:19:53,432 : INFO : EventManager : Event: ======'balldevice_bd_trough_ball_count_changed'====== Args={'balls': 2}
2025-03-21 13:19:53,434 : INFO : ball_device.bd_trough : State: idle
2025-03-21 13:19:53,437 : INFO : ball_device.bd_plunger_lane : State: waiting_for_target_ready
2025-03-21 13:19:53,437 : INFO : EventManager : Event: ======'balldevice_bd_plunger_lane_ball_eject_attempt'====== Args={'balls': 1, 'target': <playfield.playfield>, 'source': <ball_device.bd_plunger_lane>, 'mechanical_eject': False, 'num_attempts': 0}
2025-03-21 13:19:53,439 : INFO : ball_device.bd_plunger_lane : State: ejecting
2025-03-21 13:19:53,439 : INFO : ball_device.bd_plunger_lane : Ejecting ball to <playfield.playfield>
2025-03-21 13:19:53,440 : INFO : EventManager : Event: ======'balldevice_bd_plunger_lane_ejecting_ball'====== Args={'balls': 1, 'target': <playfield.playfield>, 'source': <ball_device.bd_plunger_lane>, 'mechanical_eject': False, 'num_attempts': 0}
2025-03-21 13:19:53,446 : INFO : ball_device.bd_plunger_lane : Wait for ball to leave device
2025-03-21 13:19:53,447 : INFO : coil.c_autolauncher : Pulsing Driver for 20ms (1.0 pulse_power)
2025-03-21 13:19:53,448 : INFO : SwitchController : <<<<<<< 's_plunger_lane' inactive >>>>>>>
2025-03-21 13:19:53,484 : INFO : SwitchController : <<<<<<< 's_playfield_entry' active >>>>>>>
2025-03-21 13:19:53,484 : INFO : EventManager : Event: ======'sw_playfield_active'====== Args={}
2025-03-21 13:19:53,485 : INFO : EventManager : Event: ======'machine_var_audits_switches_s_playfield_entry'====== Args={'value': 204, 'prev_value': 203, 'change': 1}
2025-03-21 13:19:53,487 : INFO : EventManager : Event: ======'playfield_active'====== Args={}
2025-03-21 13:19:53,497 : INFO : SwitchController : <<<<<<< 's_playfield_entry' inactive >>>>>>>
2025-03-21 13:19:53,502 : INFO : ball_device.bd_plunger_lane : State: ball_left
2025-03-21 13:19:53,503 : INFO : ball_device.bd_plunger_lane : Ball left
2025-03-21 13:19:53,503 : INFO : ball_device.bd_plunger_lane : Wait for confirm with timeout 3.0
2025-03-21 13:19:56,485 : INFO : ball_device.bd_plunger_lane : State: failed_confirm
2025-03-21 13:19:56,487 : INFO : ball_device.bd_plunger_lane : Got timeout (3.0s) before confirm from <playfield.playfield>
2025-03-21 13:19:56,577 : INFO : ball_device.bd_plunger_lane : Confirming eject because target is playfield and ball did not return.
2025-03-21 13:19:56,579 : INFO : ball_device.bd_plunger_lane : Eject successful
2025-03-21 13:19:56,579 : INFO : EventManager : Event: ======'balldevice_bd_plunger_lane_ball_eject_success'====== Args={'balls': 1, 'target': <playfield.playfield>}
2025-03-21 13:19:56,582 : INFO : EventManager : Event: ======'balldevice_playfield_ball_enter'====== Args={'new_balls': 1, 'unclaimed_balls': 1, 'device': <playfield.playfield>}
2025-03-21 13:19:56,583 : INFO : EventManager : Event: ======'playfield_ball_count_change'====== Args={'balls': 1, 'change': 1}
2025-03-21 13:19:56,585 : INFO : EventManager : Event: ======'balldevice_bd_plunger_lane_ball_count_changed'====== Args={'balls': 0}
2025-03-21 13:19:56,586 : INFO : ball_device.bd_plunger_lane : State: idle
