2025-03-02 13:14:16,728 : INFO : root : Loading config.
2025-03-02 13:14:16,732 : INFO : YamlMultifileConfigLoader : Machine config file #1: config.yaml
2025-03-02 13:14:16,732 : INFO : ConfigProcessor : Loading config from cache: C:\Users\duffb\AppData\Local\Temp\cadfdee4981114acd6fff59d1071b59b.mpf_cache
2025-03-02 13:14:16,810 : INFO : ConfigProcessor : Loading config from cache: C:\Users\duffb\AppData\Local\Temp\2d51d76727b268a801d8dd7a18b89879.mpf_cache
2025-03-02 13:14:16,811 : INFO : ConfigProcessor : Loading config from cache: C:\Users\duffb\AppData\Local\Temp\9f058d482eac17116727d62a93500be7.mpf_cache
2025-03-02 13:14:16,811 : INFO : Machine : Mission Pinball Framework Core Engine v0.57.0
2025-03-02 13:14:16,811 : INFO : Machine : Command line arguments: {'no_load_cache': False, 'create_config_cache': True, 'bcp': True, 'configfile': ['config.yaml'], 'force_assets_load': False, 'platform_integration_test': False, 'jsonlogging': False, 'logfile': 'logs\\2025-03-02-13-14-16-mpf-T0SHIII.log', 'pause': False, 'production': False, 'text_ui': True, 'loglevel': 15, 'consoleloglevel': 20, 'force_platform': None, 'syslog_address': None, 'mc_file_name': None, 'no_sound': False}
2025-03-02 13:14:16,811 : INFO : Machine : MPF path: C:\Users\duffb\.pyenv\pyenv-win\versions\3.11.0\Lib\site-packages\mpf
2025-03-02 13:14:16,811 : INFO : Machine : Machine path: C:\Users\duffb\OneDrive\Documents\Python Envs\PinBallWW1\Machine
2025-03-02 13:14:16,811 : INFO : Machine : Platform: win32
2025-03-02 13:14:16,811 : INFO : Machine : Python executable location: C:\Users\duffb\.pyenv\pyenv-win\versions\3.11.0\python.exe
2025-03-02 13:14:16,811 : INFO : Machine : Python version: 3.11.0 (64-bit)
2025-03-02 13:14:16,813 : INFO : Machine : Initializing MPF...
2025-03-02 13:14:17,070 : INFO : EventManager : Event: ======'machine_var_credits_string'====== Args={'value': 'FREE PLAY', 'prev_value': None, 'change': True}
2025-03-02 13:14:17,117 : INFO : EventManager : Event: ======'machine_var_master_volume'====== Args={'value': 0.5, 'prev_value': None, 'change': True}
2025-03-02 13:14:17,118 : INFO : EventManager : Event: ======'machine_var_mpf_version'====== Args={'value': 'Mission Pinball Framework v0.57.0', 'prev_value': None, 'change': True}
2025-03-02 13:14:17,118 : INFO : EventManager : Event: ======'machine_var_mpf_extended_version'====== Args={'value': 'Mission Pinball Framework v0.57.0, Config version:6, Show version: 6, BCP version:1.1', 'prev_value': None, 'change': True}
2025-03-02 13:14:17,118 : INFO : EventManager : Event: ======'machine_var_python_version'====== Args={'value': '3.11.0', 'prev_value': None, 'change': True}
2025-03-02 13:14:17,130 : INFO : EventManager : Event: ======'machine_var_platform'====== Args={'value': 'Windows-10-10.0.26100-SP0', 'prev_value': None, 'change': True}
2025-03-02 13:14:17,130 : INFO : EventManager : Event: ======'machine_var_platform_system'====== Args={'value': 'Windows', 'prev_value': None, 'change': True}
2025-03-02 13:14:17,130 : INFO : EventManager : Event: ======'machine_var_platform_release'====== Args={'value': '10', 'prev_value': None, 'change': True}
2025-03-02 13:14:17,130 : INFO : EventManager : Event: ======'machine_var_platform_version'====== Args={'value': '10.0.26100', 'prev_value': None, 'change': True}
2025-03-02 13:14:17,130 : INFO : EventManager : Event: ======'machine_var_platform_machine'====== Args={'value': 'AMD64', 'prev_value': None, 'change': True}
2025-03-02 13:14:17,130 : INFO : EventManager : Event: ======'init_phase_1'====== Args={}
2025-03-02 13:14:17,141 : INFO : EventManager : Event: ======'init_phase_2'====== Args={}
2025-03-02 13:14:17,141 : INFO : SwitchController : Found active switch: ('8', <Platform.SmartVirtual>) <switch.s_trough_enter>
2025-03-02 13:14:17,142 : INFO : EventManager : Event: ======'bcp_connection_attempt'====== Args={'name': 'local_display', 'host': 'localhost', 'port': 5050}
2025-03-02 13:14:17,144 : INFO : BCPClientSocket : Connecting BCP to 'local_display' at localhost:5050...
2025-03-02 13:14:29,122 : INFO : BCPClientSocket : Connected BCP to 'local_display' localhost:5050
2025-03-02 13:14:29,125 : INFO : EventManager : Event: ======'bcp_clients_connected'====== Args={}
2025-03-02 13:14:29,398 : INFO : EventManager : Event: ======'machine_var_mc_version'====== Args={'value': 'MPF-MC v0.57.1', 'prev_value': None, 'change': True}
2025-03-02 13:14:29,399 : INFO : EventManager : Event: ======'machine_var_mc_extended_version'====== Args={'value': 'MPF-MC v0.57.1 (config_version=6, BCP v1.1,                      Requires MPF API compatibility v0.57.0 or newer)', 'prev_value': None, 'change': True}
2025-03-02 13:14:29,401 : INFO : ball_device.bd_drain : BCH: Initial count: 0
2025-03-02 13:14:29,459 : INFO : ball_device.bd_drain : State: idle
2025-03-02 13:14:29,460 : INFO : ball_device.bd_trough : BCH: Initial count: 3
2025-03-02 13:14:29,461 : INFO : ball_device.bd_trough : State: idle
2025-03-02 13:14:29,464 : INFO : ball_device.bd_plunger : BCH: Initial count: 0
2025-03-02 13:14:29,464 : INFO : ball_device.bd_plunger : State: idle
2025-03-02 13:14:29,483 : INFO : EventManager : Event: ======'init_phase_3'====== Args={}
2025-03-02 13:14:29,487 : INFO : EventManager : Event: ======'init_phase_4'====== Args={}
2025-03-02 13:14:29,487 : INFO : BallController : Initial balls found: 3
2025-03-02 13:14:29,488 : INFO : EventManager : Event: ======'machine_var_audits_switches_s_left_flipper'====== Args={'value': 0, 'prev_value': None, 'change': True}
2025-03-02 13:14:29,489 : INFO : EventManager : Event: ======'machine_var_audits_switches_s_drain'====== Args={'value': 0, 'prev_value': None, 'change': True}
2025-03-02 13:14:29,489 : INFO : EventManager : Event: ======'machine_var_audits_switches_s_plunger'====== Args={'value': 0, 'prev_value': None, 'change': True}
2025-03-02 13:14:29,491 : INFO : EventManager : Event: ======'machine_var_audits_switches_s_right_flipper'====== Args={'value': 0, 'prev_value': None, 'change': True}
2025-03-02 13:14:29,491 : INFO : EventManager : Event: ======'machine_var_audits_switches_s_trough_enter'====== Args={'value': 0, 'prev_value': None, 'change': True}
2025-03-02 13:14:29,491 : INFO : EventManager : Event: ======'machine_var_audits_events_game_started'====== Args={'value': 0, 'prev_value': None, 'change': True}
2025-03-02 13:14:29,491 : INFO : EventManager : Event: ======'machine_var_audits_events_game_ended'====== Args={'value': 0, 'prev_value': None, 'change': True}
2025-03-02 13:14:29,491 : INFO : EventManager : Event: ======'machine_var_audits_player_score'====== Args={'value': {'top': [], 'average': 0, 'total': 0}, 'prev_value': None, 'change': True}
2025-03-02 13:14:29,492 : INFO : EventManager : Event: ======'init_phase_5'====== Args={}
2025-03-02 13:14:29,522 : INFO : EventManager : Event: ======'init_done'====== Args={}
2025-03-02 13:14:29,522 : INFO : EventManager : Event: ======'machine_reset_phase_1'====== Args={}
2025-03-02 13:14:29,535 : INFO : EventManager : Event: ======'slide_welcome_slide_removed'====== Args={'_from_bcp': True}
2025-03-02 13:14:29,535 : INFO : EventManager : Event: ======'slide_welcome_slide_created'====== Args={'_from_bcp': True}
2025-03-02 13:14:29,539 : INFO : EventManager : Event: ======'machine_reset_phase_2'====== Args={}
2025-03-02 13:14:29,539 : INFO : EventManager : Event: ======'machine_reset_phase_3'====== Args={}
2025-03-02 13:14:29,542 : INFO : EventManager : Event: ======'slide_welcome_slide_active'====== Args={'_from_bcp': True}
2025-03-02 13:14:29,542 : INFO : EventManager : Event: ======'reset_complete'====== Args={}
2025-03-02 13:14:29,542 : INFO : EventManager : Event: ======'mode_attract_will_start'====== Args={}
2025-03-02 13:14:29,543 : INFO : EventManager : Event: ======'mode_attract_starting'====== Args={}
2025-03-02 13:14:29,543 : INFO : Mode.attract : Started. Priority: 10
2025-03-02 13:14:29,543 : INFO : EventManager : Event: ======'modes_active_modes_changed'====== Args={}
2025-03-02 13:14:29,543 : INFO : EventManager : Event: ======'mode_attract_started'====== Args={}
2025-03-02 13:14:29,543 : INFO : EventManager : Event: ======'collecting_balls_complete'====== Args={}
2025-03-02 13:14:29,660 : INFO : Machine : Starting the main run loop.
2025-03-02 13:15:00,690 : INFO : SwitchController : <<<<<<< 's_left_flipper' active >>>>>>>
2025-03-02 13:15:00,928 : INFO : SwitchController : <<<<<<< 's_left_flipper' inactive >>>>>>>
2025-03-02 13:15:00,953 : INFO : SwitchController : <<<<<<< 's_right_flipper' active >>>>>>>
2025-03-02 13:15:01,131 : INFO : SwitchController : <<<<<<< 's_right_flipper' inactive >>>>>>>
2025-03-02 13:15:01,720 : INFO : SwitchController : <<<<<<< 's_right_flipper' active >>>>>>>
2025-03-02 13:15:01,857 : INFO : SwitchController : <<<<<<< 's_right_flipper' inactive >>>>>>>
2025-03-02 13:15:01,956 : INFO : SwitchController : <<<<<<< 's_left_flipper' active >>>>>>>
2025-03-02 13:15:02,134 : INFO : SwitchController : <<<<<<< 's_left_flipper' inactive >>>>>>>
2025-03-02 13:15:02,188 : INFO : SwitchController : <<<<<<< 's_right_flipper' active >>>>>>>
2025-03-02 13:15:02,361 : INFO : SwitchController : <<<<<<< 's_right_flipper' inactive >>>>>>>
2025-03-02 13:15:02,400 : INFO : SwitchController : <<<<<<< 's_left_flipper' active >>>>>>>
2025-03-02 13:15:02,526 : INFO : SwitchController : <<<<<<< 's_left_flipper' inactive >>>>>>>
2025-03-02 13:15:02,682 : INFO : SwitchController : <<<<<<< 's_right_flipper' active >>>>>>>
2025-03-02 13:15:02,891 : INFO : SwitchController : <<<<<<< 's_right_flipper' inactive >>>>>>>
2025-03-02 13:15:03,126 : INFO : SwitchController : <<<<<<< 's_left_flipper' active >>>>>>>
2025-03-02 13:15:03,589 : INFO : SwitchController : <<<<<<< 's_left_flipper' inactive >>>>>>>
2025-03-02 13:15:03,724 : INFO : SwitchController : <<<<<<< 's_left_flipper' active >>>>>>>
2025-03-02 13:15:03,855 : INFO : SwitchController : <<<<<<< 's_left_flipper' inactive >>>>>>>
2025-03-02 13:15:03,939 : INFO : SwitchController : <<<<<<< 's_left_flipper' active >>>>>>>
2025-03-02 13:15:04,064 : INFO : SwitchController : <<<<<<< 's_left_flipper' inactive >>>>>>>
2025-03-02 13:15:04,125 : INFO : SwitchController : <<<<<<< 's_left_flipper' active >>>>>>>
2025-03-02 13:15:04,235 : INFO : SwitchController : <<<<<<< 's_left_flipper' inactive >>>>>>>
2025-03-02 13:15:04,309 : INFO : SwitchController : <<<<<<< 's_left_flipper' active >>>>>>>
2025-03-02 13:15:04,423 : INFO : SwitchController : <<<<<<< 's_left_flipper' inactive >>>>>>>
2025-03-02 13:15:04,522 : INFO : SwitchController : <<<<<<< 's_left_flipper' active >>>>>>>
2025-03-02 13:15:04,635 : INFO : SwitchController : <<<<<<< 's_left_flipper' inactive >>>>>>>
2025-03-02 13:15:04,808 : INFO : SwitchController : <<<<<<< 's_left_flipper' active >>>>>>>
2025-03-02 13:15:04,935 : INFO : SwitchController : <<<<<<< 's_left_flipper' inactive >>>>>>>
2025-03-02 13:15:05,032 : INFO : SwitchController : <<<<<<< 's_left_flipper' active >>>>>>>
2025-03-02 13:15:05,142 : INFO : SwitchController : <<<<<<< 's_left_flipper' inactive >>>>>>>
2025-03-02 13:15:05,214 : INFO : SwitchController : <<<<<<< 's_left_flipper' active >>>>>>>
2025-03-02 13:15:05,329 : INFO : SwitchController : <<<<<<< 's_left_flipper' inactive >>>>>>>
2025-03-02 13:15:05,392 : INFO : SwitchController : <<<<<<< 's_left_flipper' active >>>>>>>
2025-03-02 13:15:05,504 : INFO : SwitchController : <<<<<<< 's_left_flipper' inactive >>>>>>>
2025-03-02 13:15:05,615 : INFO : SwitchController : <<<<<<< 's_right_flipper' active >>>>>>>
2025-03-02 13:15:05,718 : INFO : SwitchController : <<<<<<< 's_right_flipper' inactive >>>>>>>
2025-03-02 13:15:05,803 : INFO : SwitchController : <<<<<<< 's_right_flipper' active >>>>>>>
2025-03-02 13:15:05,913 : INFO : SwitchController : <<<<<<< 's_right_flipper' inactive >>>>>>>
2025-03-02 13:15:05,990 : INFO : SwitchController : <<<<<<< 's_right_flipper' active >>>>>>>
2025-03-02 13:15:06,079 : INFO : SwitchController : <<<<<<< 's_right_flipper' inactive >>>>>>>
2025-03-02 13:15:06,167 : INFO : SwitchController : <<<<<<< 's_right_flipper' active >>>>>>>
2025-03-02 13:15:06,253 : INFO : SwitchController : <<<<<<< 's_right_flipper' inactive >>>>>>>
2025-03-02 13:15:06,345 : INFO : SwitchController : <<<<<<< 's_right_flipper' active >>>>>>>
2025-03-02 13:15:06,446 : INFO : SwitchController : <<<<<<< 's_right_flipper' inactive >>>>>>>
2025-03-02 13:15:06,587 : INFO : SwitchController : <<<<<<< 's_right_flipper' active >>>>>>>
2025-03-02 13:15:06,694 : INFO : SwitchController : <<<<<<< 's_right_flipper' inactive >>>>>>>
2025-03-02 13:15:06,723 : INFO : SwitchController : <<<<<<< 's_left_flipper' active >>>>>>>
2025-03-02 13:15:06,924 : INFO : SwitchController : <<<<<<< 's_left_flipper' inactive >>>>>>>
2025-03-02 13:15:06,926 : INFO : SwitchController : <<<<<<< 's_right_flipper' active >>>>>>>
2025-03-02 13:15:07,031 : INFO : SwitchController : <<<<<<< 's_left_flipper' active >>>>>>>
2025-03-02 13:15:07,032 : INFO : EventManager : Event: ======'flipper_cancel'====== Args={'triggering_group': 1, 'triggering_switch': 's_left_flipper'}
2025-03-02 13:15:07,077 : INFO : SwitchController : <<<<<<< 's_right_flipper' inactive >>>>>>>
2025-03-02 13:15:07,077 : INFO : EventManager : Event: ======'both_flippers_one'====== Args={'triggering_group': 2, 'triggering_switch': 's_right_flipper'}
2025-03-02 13:15:07,154 : INFO : SwitchController : <<<<<<< 's_left_flipper' inactive >>>>>>>
2025-03-02 13:15:07,155 : INFO : EventManager : Event: ======'both_flippers_inactive'====== Args={'triggering_group': 1, 'triggering_switch': 's_left_flipper'}
2025-03-02 13:15:07,200 : INFO : SwitchController : <<<<<<< 's_right_flipper' active >>>>>>>
2025-03-02 13:15:07,305 : INFO : SwitchController : <<<<<<< 's_left_flipper' active >>>>>>>
2025-03-02 13:15:07,306 : INFO : EventManager : Event: ======'flipper_cancel'====== Args={'triggering_group': 1, 'triggering_switch': 's_left_flipper'}
2025-03-02 13:15:07,339 : INFO : SwitchController : <<<<<<< 's_right_flipper' inactive >>>>>>>
2025-03-02 13:15:07,339 : INFO : EventManager : Event: ======'both_flippers_one'====== Args={'triggering_group': 2, 'triggering_switch': 's_right_flipper'}
2025-03-02 13:15:07,415 : INFO : SwitchController : <<<<<<< 's_left_flipper' inactive >>>>>>>
2025-03-02 13:15:07,415 : INFO : EventManager : Event: ======'both_flippers_inactive'====== Args={'triggering_group': 1, 'triggering_switch': 's_left_flipper'}
2025-03-02 13:15:07,460 : INFO : SwitchController : <<<<<<< 's_right_flipper' active >>>>>>>
2025-03-02 13:15:07,553 : INFO : SwitchController : <<<<<<< 's_right_flipper' inactive >>>>>>>
2025-03-02 13:15:07,591 : INFO : SwitchController : <<<<<<< 's_left_flipper' active >>>>>>>
2025-03-02 13:15:07,674 : INFO : SwitchController : <<<<<<< 's_left_flipper' inactive >>>>>>>
2025-03-02 13:15:07,728 : INFO : SwitchController : <<<<<<< 's_right_flipper' active >>>>>>>
2025-03-02 13:15:07,825 : INFO : SwitchController : <<<<<<< 's_right_flipper' inactive >>>>>>>
2025-03-02 13:15:07,867 : INFO : SwitchController : <<<<<<< 's_left_flipper' active >>>>>>>
2025-03-02 13:15:07,938 : INFO : SwitchController : <<<<<<< 's_left_flipper' inactive >>>>>>>
2025-03-02 13:15:07,982 : INFO : SwitchController : <<<<<<< 's_right_flipper' active >>>>>>>
2025-03-02 13:15:08,057 : INFO : SwitchController : <<<<<<< 's_right_flipper' inactive >>>>>>>
2025-03-02 13:15:20,925 : INFO : Machine : Shutting down...
2025-03-02 13:15:20,926 : INFO : EventManager : Event: ======'shutdown'====== Args={}
2025-03-02 13:15:20,934 : INFO : root : MPF run loop ended.
