2025-03-21 13:31:58,374 : kivy : deps: Successfully imported "kivy_deps.gstreamer" 0.3.3
2025-03-21 13:31:58,374 : kivy : deps: Successfully imported "kivy_deps.angle" 0.3.3
2025-03-21 13:31:58,374 : kivy : deps: Successfully imported "kivy_deps.glew" 0.3.1
2025-03-21 13:31:58,375 : kivy : deps: Successfully imported "kivy_deps.sdl2" 0.6.0
2025-03-21 13:31:58,375 : kivy : Kivy: v2.2.1
2025-03-21 13:31:58,375 : kivy : Kivy: Installed at "C:\Users\duffb\.pyenv\pyenv-win\versions\3.11.0\Lib\site-packages\kivy\__init__.py"
2025-03-21 13:31:58,375 : kivy : Python: v3.11.0 (main, Oct 24 2022, 18:26:48) [MSC v.1933 64 bit (AMD64)]
2025-03-21 13:31:58,377 : kivy : Python: Interpreter at "C:\Users\duffb\.pyenv\pyenv-win\versions\3.11.0\python.exe"
2025-03-21 13:31:58,394 : kivy : Factory: 190 symbols loaded
2025-03-21 13:31:58,624 : kivy : ImageLoaderFFPy: Using ffpyplayer 4.5.1
2025-03-21 13:31:58,624 : kivy : Image: Providers: img_tex, img_dds, img_sdl2, img_pil, img_ffpyplayer 
2025-03-21 13:31:58,932 : kivy : VideoGstplayer: Using Gstreamer 1.18.5.0
2025-03-21 13:31:58,932 : kivy : Video: Provider: gstplayer
2025-03-21 13:31:59,002 : root : Loading MPF-MC controller
2025-03-21 13:31:59,029 : YamlMultifileConfigLoader : Machine config file #1: config
2025-03-21 13:31:59,029 : ConfigProcessor : Config file in cache changed: C:\Users\duffb\OneDrive\Documents\Python Envs\PinBallWW1\Machine\config\config
2025-03-21 13:31:59,029 : ConfigProcessor : Loading config from file C:\Users\duffb\.pyenv\pyenv-win\versions\3.11.0\Lib\site-packages\mpfmc\mcconfig.yaml.
2025-03-21 13:31:59,039 : ConfigProcessor : Loading config: C:\Users\duffb\.pyenv\pyenv-win\versions\3.11.0\Lib\site-packages\mpfmc\mcconfig.yaml
2025-03-21 13:31:59,040 : ConfigProcessor : Loading config from file C:\Users\duffb\OneDrive\Documents\Python Envs\PinBallWW1\Machine\config\config.
2025-03-21 13:31:59,045 : ConfigProcessor : Loading config: C:\Users\duffb\OneDrive\Documents\Python Envs\PinBallWW1\Machine\config\config
2025-03-21 13:31:59,046 : ConfigProcessor : Config file cache created: C:\Users\duffb\AppData\Local\Temp\de7a4651692d89380cb727f0a44dc491.mpf_cache
2025-03-21 13:31:59,046 : ConfigProcessor : Loading config from cache: C:\Users\duffb\AppData\Local\Temp\ee7db1e8d011f44c876692bb4657f2e9.mpf_cache
2025-03-21 13:31:59,047 : ConfigProcessor : Loading config from cache: C:\Users\duffb\AppData\Local\Temp\9f058d482eac17116727d62a93500be7.mpf_cache
2025-03-21 13:31:59,048 : ConfigProcessor : Loading config from cache: C:\Users\duffb\AppData\Local\Temp\2c9362052ff91db960f514d041b7f4e4.mpf_cache
2025-03-21 13:31:59,050 : ConfigProcessor : Loading config from cache: C:\Users\duffb\AppData\Local\Temp\9e006ea23aa21ec68e01f6c49afad9f4.mpf_cache
2025-03-21 13:31:59,051 : mpfmc : Mission Pinball Framework Media Controller (MPF-MC) v0.57.1. Requires MPF v0.57.0 or newer.
2025-03-21 13:31:59,051 : mpfmc : Found MPF v0.57.0
2025-03-21 13:31:59,051 : mpfmc : Machine path: C:\Users\duffb\OneDrive\Documents\Python Envs\PinBallWW1\Machine
2025-03-21 13:31:59,051 : mpfmc : Starting clock at 60.0Hz
2025-03-21 13:31:59,072 : kivy : Text: Provider: sdl2
2025-03-21 13:31:59,135 : kivy : Window: Provider: sdl2
2025-03-21 13:31:59,460 : kivy : GL: Using the "OpenGL" graphics system
2025-03-21 13:31:59,462 : kivy : GL: GLEW initialization succeeded
2025-03-21 13:31:59,462 : kivy : GL: Backend used <glew>
2025-03-21 13:31:59,462 : kivy : GL: OpenGL version <b'4.6.0 - Build 31.0.101.5592'>
2025-03-21 13:31:59,462 : kivy : GL: OpenGL vendor <b'Intel'>
2025-03-21 13:31:59,462 : kivy : GL: OpenGL renderer <b'Intel(R) UHD Graphics'>
2025-03-21 13:31:59,462 : kivy : GL: OpenGL parsed version: 4, 6
2025-03-21 13:31:59,462 : kivy : GL: Shading version <b'4.60 - Build 31.0.101.5592'>
2025-03-21 13:31:59,462 : kivy : GL: Texture max size <16384>
2025-03-21 13:31:59,462 : kivy : GL: Texture max units <32>
2025-03-21 13:31:59,485 : kivy : Window: auto add sdl2 input provider
2025-03-21 13:31:59,485 : kivy : Window: virtual keyboard not allowed, single mode, not docked
2025-03-21 13:31:59,935 : AudioInterface : Initialized
2025-03-21 13:31:59,935 : AudioInterface : Loaded SDL 2.26.4
2025-03-21 13:31:59,936 : AudioInterface : Loaded SDL_Mixer 2.6.3
2025-03-21 13:31:59,936 : AudioInterface : Loaded GStreamer 1.18.5.0
2025-03-21 13:31:59,936 : AudioInterface : Loaded GLib 2.62.6
2025-03-21 13:31:59,936 : AudioInterface : Settings requested - rate: 44100, channels: 1, buffer: 2048 samples
2025-03-21 13:31:59,936 : AudioInterface : Settings in use - rate: 44100, channels: 1, buffer: 2048 samples (4096 bytes @ 2 bytes per sample)
2025-03-21 13:31:59,936 : SoundSystem : Setting master volume to 0.0
2025-03-21 13:31:59,936 : AudioInterface : Enabling audio playback
2025-03-21 13:31:59,940 : kivy : Base: Start application main loop
2025-03-21 13:31:59,941 : EventManager : Event: ======'display_window_initialized'====== Args={}
2025-03-21 13:31:59,954 : mpfmc : Display: Setting 'window' as default display
2025-03-21 13:31:59,961 : EventManager : Event: ======'displays_initialized'====== Args={}
2025-03-21 13:31:59,962 : EventManager : Event: ======'slide_window_blank_created'====== Args={}
2025-03-21 13:31:59,962 : EventManager : Event: ======'display_window_ready'====== Args={}
2025-03-21 13:31:59,976 : EventManager : Event: ======'init_phase_1'====== Args={}
2025-03-21 13:31:59,980 : EventManager : Event: ======'mc_ready'====== Args={}
2025-03-21 13:31:59,980 : EventManager : Event: ======'init_phase_2'====== Args={}
2025-03-21 13:31:59,982 : EventManager : Event: ======'init_phase_3'====== Args={}
2025-03-21 13:31:59,985 : EventManager : Event: ======'init_phase_4'====== Args={}
2025-03-21 13:31:59,985 : EventManager : Event: ======'init_phase_5'====== Args={}
2025-03-21 13:32:00,001 : kivy : GL: NPOT texture support is available
2025-03-21 13:32:00,021 : EventManager : Event: ======'loading_assets'====== Args={'total': 5, 'loaded': 1, 'remaining': 4, 'percent': 20}
2025-03-21 13:32:00,022 : AssetManager : Loading assets: 1/5 (20%)
2025-03-21 13:32:00,051 : EventManager : Event: ======'loading_assets'====== Args={'total': 5, 'loaded': 5, 'remaining': 0, 'percent': 100}
2025-03-21 13:32:00,051 : AssetManager : Asset loading took: 0.11473894119262695
2025-03-21 13:32:00,051 : EventManager : Event: ======'asset_loading_complete'====== Args={}
2025-03-21 13:32:00,051 : AssetManager : Loading assets: 5/5 (100%)
2025-03-21 13:32:00,051 : EventManager : Event: ======'init_done'====== Args={}
2025-03-21 13:32:00,051 : MPF-MC BCP Server : Starting up on localhost port 5050
2025-03-21 13:32:00,056 : MPF-MC BCP Server : Waiting for a connection...
2025-03-21 13:32:00,062 : EventManager : Event: ======'slide_welcome_slide_created'====== Args={}
2025-03-21 13:32:00,062 : EventManager : Event: ======'slide_welcome_slide_active'====== Args={}
2025-03-21 13:32:00,067 : EventManager : Event: ======'client_disconnected'====== Args={'host': '127.0.0.1', 'port': 5050}
