2025-03-21 14:00:10,279 : kivy : deps: Successfully imported "kivy_deps.gstreamer" 0.3.3
2025-03-21 14:00:10,279 : kivy : deps: Successfully imported "kivy_deps.angle" 0.3.3
2025-03-21 14:00:10,279 : kivy : deps: Successfully imported "kivy_deps.glew" 0.3.1
2025-03-21 14:00:10,279 : kivy : deps: Successfully imported "kivy_deps.sdl2" 0.6.0
2025-03-21 14:00:10,279 : kivy : Kivy: v2.2.1
2025-03-21 14:00:10,280 : kivy : Kivy: Installed at "C:\Users\duffb\.pyenv\pyenv-win\versions\3.11.0\Lib\site-packages\kivy\__init__.py"
2025-03-21 14:00:10,280 : kivy : Python: v3.11.0 (main, Oct 24 2022, 18:26:48) [MSC v.1933 64 bit (AMD64)]
2025-03-21 14:00:10,282 : kivy : Python: Interpreter at "C:\Users\duffb\.pyenv\pyenv-win\versions\3.11.0\python.exe"
2025-03-21 14:00:10,305 : kivy : Factory: 190 symbols loaded
2025-03-21 14:00:10,481 : kivy : ImageLoaderFFPy: Using ffpyplayer 4.5.1
2025-03-21 14:00:10,481 : kivy : Image: Providers: img_tex, img_dds, img_sdl2, img_pil, img_ffpyplayer 
2025-03-21 14:00:10,733 : kivy : VideoGstplayer: Using Gstreamer 1.18.5.0
2025-03-21 14:00:10,733 : kivy : Video: Provider: gstplayer
2025-03-21 14:00:10,793 : root : Loading MPF-MC controller
2025-03-21 14:00:10,814 : YamlMultifileConfigLoader : Machine config file #1: config
2025-03-21 14:00:10,814 : ConfigProcessor : Config file in cache changed: C:\Users\duffb\OneDrive\Documents\Python Envs\PinBallWW1\Machine\config\config
2025-03-21 14:00:10,814 : ConfigProcessor : Loading config from file C:\Users\duffb\.pyenv\pyenv-win\versions\3.11.0\Lib\site-packages\mpfmc\mcconfig.yaml.
2025-03-21 14:00:10,822 : ConfigProcessor : Loading config: C:\Users\duffb\.pyenv\pyenv-win\versions\3.11.0\Lib\site-packages\mpfmc\mcconfig.yaml
2025-03-21 14:00:10,824 : ConfigProcessor : Loading config from file C:\Users\duffb\OneDrive\Documents\Python Envs\PinBallWW1\Machine\config\config.
2025-03-21 14:00:10,828 : ConfigProcessor : Loading config: C:\Users\duffb\OneDrive\Documents\Python Envs\PinBallWW1\Machine\config\config
2025-03-21 14:00:10,830 : ConfigProcessor : Config file cache created: C:\Users\duffb\AppData\Local\Temp\de7a4651692d89380cb727f0a44dc491.mpf_cache
2025-03-21 14:00:10,830 : ConfigProcessor : Loading config from cache: C:\Users\duffb\AppData\Local\Temp\ee7db1e8d011f44c876692bb4657f2e9.mpf_cache
2025-03-21 14:00:10,831 : ConfigProcessor : Loading config from cache: C:\Users\duffb\AppData\Local\Temp\9f058d482eac17116727d62a93500be7.mpf_cache
2025-03-21 14:00:10,831 : ConfigProcessor : Loading config from cache: C:\Users\duffb\AppData\Local\Temp\2c9362052ff91db960f514d041b7f4e4.mpf_cache
2025-03-21 14:00:10,847 : ConfigProcessor : Loading config from cache: C:\Users\duffb\AppData\Local\Temp\9e006ea23aa21ec68e01f6c49afad9f4.mpf_cache
2025-03-21 14:00:10,848 : mpfmc : Mission Pinball Framework Media Controller (MPF-MC) v0.57.1. Requires MPF v0.57.0 or newer.
2025-03-21 14:00:10,848 : mpfmc : Found MPF v0.57.0
2025-03-21 14:00:10,848 : mpfmc : Machine path: C:\Users\duffb\OneDrive\Documents\Python Envs\PinBallWW1\Machine
2025-03-21 14:00:10,848 : mpfmc : Starting clock at 60.0Hz
2025-03-21 14:00:10,883 : kivy : Text: Provider: sdl2
2025-03-21 14:00:10,962 : kivy : Window: Provider: sdl2
2025-03-21 14:00:11,296 : kivy : GL: Using the "OpenGL" graphics system
2025-03-21 14:00:11,298 : kivy : GL: GLEW initialization succeeded
2025-03-21 14:00:11,298 : kivy : GL: Backend used <glew>
2025-03-21 14:00:11,298 : kivy : GL: OpenGL version <b'4.6.0 - Build 31.0.101.5592'>
2025-03-21 14:00:11,298 : kivy : GL: OpenGL vendor <b'Intel'>
2025-03-21 14:00:11,298 : kivy : GL: OpenGL renderer <b'Intel(R) UHD Graphics'>
2025-03-21 14:00:11,298 : kivy : GL: OpenGL parsed version: 4, 6
2025-03-21 14:00:11,298 : kivy : GL: Shading version <b'4.60 - Build 31.0.101.5592'>
2025-03-21 14:00:11,298 : kivy : GL: Texture max size <16384>
2025-03-21 14:00:11,298 : kivy : GL: Texture max units <32>
2025-03-21 14:00:11,329 : kivy : Window: auto add sdl2 input provider
2025-03-21 14:00:11,329 : kivy : Window: virtual keyboard not allowed, single mode, not docked
2025-03-21 14:00:11,749 : AudioInterface : Initialized
2025-03-21 14:00:11,749 : AudioInterface : Loaded SDL 2.26.4
2025-03-21 14:00:11,749 : AudioInterface : Loaded SDL_Mixer 2.6.3
2025-03-21 14:00:11,749 : AudioInterface : Loaded GStreamer 1.18.5.0
2025-03-21 14:00:11,750 : AudioInterface : Loaded GLib 2.62.6
2025-03-21 14:00:11,750 : AudioInterface : Settings requested - rate: 44100, channels: 1, buffer: 2048 samples
2025-03-21 14:00:11,750 : AudioInterface : Settings in use - rate: 44100, channels: 1, buffer: 2048 samples (4096 bytes @ 2 bytes per sample)
2025-03-21 14:00:11,750 : SoundSystem : Setting master volume to 0.0
2025-03-21 14:00:11,750 : AudioInterface : Enabling audio playback
2025-03-21 14:00:11,752 : kivy : Base: Start application main loop
2025-03-21 14:00:11,752 : EventManager : Event: ======'display_window_initialized'====== Args={}
2025-03-21 14:00:11,763 : mpfmc : Display: Setting 'window' as default display
2025-03-21 14:00:11,766 : EventManager : Event: ======'displays_initialized'====== Args={}
2025-03-21 14:00:11,769 : EventManager : Event: ======'slide_window_blank_created'====== Args={}
2025-03-21 14:00:11,769 : EventManager : Event: ======'display_window_ready'====== Args={}
2025-03-21 14:00:11,781 : EventManager : Event: ======'init_phase_1'====== Args={}
2025-03-21 14:00:11,784 : EventManager : Event: ======'mc_ready'====== Args={}
2025-03-21 14:00:11,784 : EventManager : Event: ======'init_phase_2'====== Args={}
2025-03-21 14:00:11,786 : EventManager : Event: ======'init_phase_3'====== Args={}
2025-03-21 14:00:11,788 : EventManager : Event: ======'init_phase_4'====== Args={}
2025-03-21 14:00:11,788 : EventManager : Event: ======'init_phase_5'====== Args={}
2025-03-21 14:00:11,798 : kivy : GL: NPOT texture support is available
2025-03-21 14:00:11,809 : EventManager : Event: ======'loading_assets'====== Args={'total': 5, 'loaded': 1, 'remaining': 4, 'percent': 20}
2025-03-21 14:00:11,809 : AssetManager : Loading assets: 1/5 (20%)
2025-03-21 14:00:11,846 : EventManager : Event: ======'loading_assets'====== Args={'total': 5, 'loaded': 5, 'remaining': 0, 'percent': 100}
2025-03-21 14:00:11,846 : AssetManager : Asset loading took: 0.09557247161865234
2025-03-21 14:00:11,847 : EventManager : Event: ======'asset_loading_complete'====== Args={}
2025-03-21 14:00:11,847 : AssetManager : Loading assets: 5/5 (100%)
2025-03-21 14:00:11,847 : EventManager : Event: ======'init_done'====== Args={}
2025-03-21 14:00:11,847 : MPF-MC BCP Server : Starting up on localhost port 5050
2025-03-21 14:00:11,852 : MPF-MC BCP Server : Waiting for a connection...
2025-03-21 14:00:11,858 : EventManager : Event: ======'slide_welcome_slide_created'====== Args={}
2025-03-21 14:00:11,859 : EventManager : Event: ======'slide_welcome_slide_active'====== Args={}
2025-03-21 14:00:11,862 : EventManager : Event: ======'client_disconnected'====== Args={'host': '127.0.0.1', 'port': 5050}
2025-03-21 14:00:12,519 : MPF-MC BCP Server : Received connection from: 127.0.0.1:60530
2025-03-21 14:00:12,529 : EventManager : Event: ======'client_connected'====== Args={'host': '127.0.0.1', 'port': 60530}
2025-03-21 14:00:12,877 : EventManager : Event: ======'machine_var_credits_string'====== Args={'value': 'FREE PLAY', 'prev_value': None, 'change': True}
2025-03-21 14:00:12,877 : EventManager : Event: ======'machine_var_master_volume'====== Args={'value': 0.5, 'prev_value': None, 'change': True}
2025-03-21 14:00:12,877 : EventManager : Event: ======'machine_var_player1_score'====== Args={'value': 8000, 'prev_value': None, 'change': True}
2025-03-21 14:00:12,877 : EventManager : Event: ======'machine_var_player2_score'====== Args={'value': 1000, 'prev_value': None, 'change': True}
2025-03-21 14:00:12,877 : EventManager : Event: ======'machine_var_mpf_version'====== Args={'value': 'Mission Pinball Framework v0.57.0', 'prev_value': None, 'change': True}
2025-03-21 14:00:12,877 : EventManager : Event: ======'machine_var_mpf_extended_version'====== Args={'value': 'Mission Pinball Framework v0.57.0, Config version:6, Show version: 6, BCP version:1.1', 'prev_value': None, 'change': True}
2025-03-21 14:00:12,877 : EventManager : Event: ======'machine_var_python_version'====== Args={'value': '3.11.0', 'prev_value': None, 'change': True}
2025-03-21 14:00:12,878 : EventManager : Event: ======'machine_var_platform'====== Args={'value': 'Windows-10-10.0.26100-SP0', 'prev_value': None, 'change': True}
2025-03-21 14:00:12,878 : EventManager : Event: ======'machine_var_platform_system'====== Args={'value': 'Windows', 'prev_value': None, 'change': True}
2025-03-21 14:00:12,878 : EventManager : Event: ======'machine_var_platform_release'====== Args={'value': '10', 'prev_value': None, 'change': True}
2025-03-21 14:00:12,878 : EventManager : Event: ======'machine_var_platform_version'====== Args={'value': '10.0.26100', 'prev_value': None, 'change': True}
2025-03-21 14:00:12,878 : EventManager : Event: ======'machine_var_platform_machine'====== Args={'value': 'AMD64', 'prev_value': None, 'change': True}
2025-03-21 14:00:12,878 : EventManager : Event: ======'machine_var_mc_version'====== Args={'value': 'MPF-MC v0.57.1', 'prev_value': None, 'change': True}
2025-03-21 14:00:12,878 : EventManager : Event: ======'machine_var_mc_extended_version'====== Args={'value': 'MPF-MC v0.57.1 (config_version=6, BCP v1.1,                      Requires MPF API compatibility v0.57.0 or newer)', 'prev_value': None, 'change': True}
2025-03-21 14:00:12,878 : EventManager : Event: ======'machine_var_credits_string'====== Args={'value': 'FREE PLAY', 'prev_value': None, 'change': True}
2025-03-21 14:00:12,878 : EventManager : Event: ======'machine_var_master_volume'====== Args={'value': 0.5, 'prev_value': None, 'change': True}
2025-03-21 14:00:12,878 : EventManager : Event: ======'machine_var_player1_score'====== Args={'value': 8000, 'prev_value': None, 'change': True}
2025-03-21 14:00:12,878 : EventManager : Event: ======'machine_var_player2_score'====== Args={'value': 1000, 'prev_value': None, 'change': True}
2025-03-21 14:00:12,878 : EventManager : Event: ======'machine_var_mpf_version'====== Args={'value': 'Mission Pinball Framework v0.57.0', 'prev_value': None, 'change': True}
2025-03-21 14:00:12,878 : EventManager : Event: ======'machine_var_mpf_extended_version'====== Args={'value': 'Mission Pinball Framework v0.57.0, Config version:6, Show version: 6, BCP version:1.1', 'prev_value': None, 'change': True}
2025-03-21 14:00:12,878 : EventManager : Event: ======'machine_var_python_version'====== Args={'value': '3.11.0', 'prev_value': None, 'change': True}
2025-03-21 14:00:12,878 : EventManager : Event: ======'machine_var_platform'====== Args={'value': 'Windows-10-10.0.26100-SP0', 'prev_value': None, 'change': True}
2025-03-21 14:00:12,878 : EventManager : Event: ======'machine_var_platform_system'====== Args={'value': 'Windows', 'prev_value': None, 'change': True}
2025-03-21 14:00:12,878 : EventManager : Event: ======'machine_var_platform_release'====== Args={'value': '10', 'prev_value': None, 'change': True}
2025-03-21 14:00:12,878 : EventManager : Event: ======'machine_var_platform_version'====== Args={'value': '10.0.26100', 'prev_value': None, 'change': True}
2025-03-21 14:00:12,878 : EventManager : Event: ======'machine_var_platform_machine'====== Args={'value': 'AMD64', 'prev_value': None, 'change': True}
2025-03-21 14:00:12,878 : EventManager : Event: ======'machine_var_mc_version'====== Args={'value': 'MPF-MC v0.57.1', 'prev_value': None, 'change': True}
2025-03-21 14:00:12,878 : EventManager : Event: ======'machine_var_mc_extended_version'====== Args={'value': 'MPF-MC v0.57.1 (config_version=6, BCP v1.1,                      Requires MPF API compatibility v0.57.0 or newer)', 'prev_value': None, 'change': True}
2025-03-21 14:00:12,878 : EventManager : Event: ======'machine_var_credits_string'====== Args={'value': 'FREE PLAY', 'prev_value': None, 'change': True}
2025-03-21 14:00:12,878 : EventManager : Event: ======'machine_var_master_volume'====== Args={'value': 0.5, 'prev_value': None, 'change': True}
2025-03-21 14:00:12,879 : EventManager : Event: ======'machine_var_player1_score'====== Args={'value': 8000, 'prev_value': None, 'change': True}
2025-03-21 14:00:12,879 : EventManager : Event: ======'machine_var_player2_score'====== Args={'value': 1000, 'prev_value': None, 'change': True}
2025-03-21 14:00:12,879 : EventManager : Event: ======'machine_var_mpf_version'====== Args={'value': 'Mission Pinball Framework v0.57.0', 'prev_value': None, 'change': True}
2025-03-21 14:00:12,879 : EventManager : Event: ======'machine_var_mpf_extended_version'====== Args={'value': 'Mission Pinball Framework v0.57.0, Config version:6, Show version: 6, BCP version:1.1', 'prev_value': None, 'change': True}
2025-03-21 14:00:12,879 : EventManager : Event: ======'machine_var_python_version'====== Args={'value': '3.11.0', 'prev_value': None, 'change': True}
2025-03-21 14:00:12,879 : EventManager : Event: ======'machine_var_platform'====== Args={'value': 'Windows-10-10.0.26100-SP0', 'prev_value': None, 'change': True}
2025-03-21 14:00:12,879 : EventManager : Event: ======'machine_var_platform_system'====== Args={'value': 'Windows', 'prev_value': None, 'change': True}
2025-03-21 14:00:12,879 : EventManager : Event: ======'machine_var_platform_release'====== Args={'value': '10', 'prev_value': None, 'change': True}
2025-03-21 14:00:12,879 : EventManager : Event: ======'machine_var_platform_version'====== Args={'value': '10.0.26100', 'prev_value': None, 'change': True}
2025-03-21 14:00:12,879 : EventManager : Event: ======'machine_var_platform_machine'====== Args={'value': 'AMD64', 'prev_value': None, 'change': True}
2025-03-21 14:00:12,879 : EventManager : Event: ======'machine_var_mc_version'====== Args={'value': 'MPF-MC v0.57.1', 'prev_value': None, 'change': True}
2025-03-21 14:00:12,879 : EventManager : Event: ======'machine_var_mc_extended_version'====== Args={'value': 'MPF-MC v0.57.1 (config_version=6, BCP v1.1,                      Requires MPF API compatibility v0.57.0 or newer)', 'prev_value': None, 'change': True}
2025-03-21 14:00:12,879 : EventManager : Event: ======'machine_var_credits_string'====== Args={'value': 'FREE PLAY', 'prev_value': None, 'change': True}
2025-03-21 14:00:12,879 : EventManager : Event: ======'machine_var_master_volume'====== Args={'value': 0.5, 'prev_value': None, 'change': True}
2025-03-21 14:00:12,879 : EventManager : Event: ======'machine_var_player1_score'====== Args={'value': 8000, 'prev_value': None, 'change': True}
2025-03-21 14:00:12,879 : EventManager : Event: ======'machine_var_player2_score'====== Args={'value': 1000, 'prev_value': None, 'change': True}
2025-03-21 14:00:12,879 : EventManager : Event: ======'machine_var_mpf_version'====== Args={'value': 'Mission Pinball Framework v0.57.0', 'prev_value': None, 'change': True}
2025-03-21 14:00:12,879 : EventManager : Event: ======'machine_var_mpf_extended_version'====== Args={'value': 'Mission Pinball Framework v0.57.0, Config version:6, Show version: 6, BCP version:1.1', 'prev_value': None, 'change': True}
2025-03-21 14:00:12,879 : EventManager : Event: ======'machine_var_python_version'====== Args={'value': '3.11.0', 'prev_value': None, 'change': True}
2025-03-21 14:00:12,879 : EventManager : Event: ======'machine_var_platform'====== Args={'value': 'Windows-10-10.0.26100-SP0', 'prev_value': None, 'change': True}
2025-03-21 14:00:12,879 : EventManager : Event: ======'machine_var_platform_system'====== Args={'value': 'Windows', 'prev_value': None, 'change': True}
2025-03-21 14:00:12,879 : EventManager : Event: ======'machine_var_platform_release'====== Args={'value': '10', 'prev_value': None, 'change': True}
2025-03-21 14:00:12,879 : EventManager : Event: ======'machine_var_platform_version'====== Args={'value': '10.0.26100', 'prev_value': None, 'change': True}
2025-03-21 14:00:12,879 : EventManager : Event: ======'machine_var_platform_machine'====== Args={'value': 'AMD64', 'prev_value': None, 'change': True}
2025-03-21 14:00:12,879 : EventManager : Event: ======'machine_var_mc_version'====== Args={'value': 'MPF-MC v0.57.1', 'prev_value': None, 'change': True}
2025-03-21 14:00:12,879 : EventManager : Event: ======'machine_var_mc_extended_version'====== Args={'value': 'MPF-MC v0.57.1 (config_version=6, BCP v1.1,                      Requires MPF API compatibility v0.57.0 or newer)', 'prev_value': None, 'change': True}
2025-03-21 14:00:12,880 : SoundSystem : Setting master volume to 0.5
2025-03-21 14:00:12,880 : SoundSystem : Setting master volume to 0.5
2025-03-21 14:00:12,880 : SoundSystem : Setting master volume to 0.5
2025-03-21 14:00:12,880 : SoundSystem : Setting master volume to 0.5
2025-03-21 14:00:12,978 : EventManager : Event: ======'machine_var_audits_events_game_ended'====== Args={'value': 13, 'prev_value': None, 'change': True}
2025-03-21 14:00:12,978 : EventManager : Event: ======'machine_var_audits_events_game_started'====== Args={'value': 61, 'prev_value': None, 'change': True}
2025-03-21 14:00:12,978 : EventManager : Event: ======'machine_var_audits_missing_switches_s_Lane1'====== Args={'value': 9, 'prev_value': None, 'change': True}
2025-03-21 14:00:12,978 : EventManager : Event: ======'machine_var_audits_missing_switches_s_Lane2'====== Args={'value': 9, 'prev_value': None, 'change': True}
2025-03-21 14:00:12,978 : EventManager : Event: ======'machine_var_audits_missing_switches_s_Lane3'====== Args={'value': 9, 'prev_value': None, 'change': True}
2025-03-21 14:00:12,978 : EventManager : Event: ======'machine_var_audits_missing_switches_s_Lane4'====== Args={'value': 9, 'prev_value': None, 'change': True}
2025-03-21 14:00:12,978 : EventManager : Event: ======'machine_var_audits_missing_switches_s_Target1'====== Args={'value': 9, 'prev_value': None, 'change': True}
2025-03-21 14:00:12,978 : EventManager : Event: ======'machine_var_audits_missing_switches_s_Target2'====== Args={'value': 9, 'prev_value': None, 'change': True}
2025-03-21 14:00:12,978 : EventManager : Event: ======'machine_var_audits_missing_switches_s_Target3'====== Args={'value': 9, 'prev_value': None, 'change': True}
2025-03-21 14:00:12,978 : EventManager : Event: ======'machine_var_audits_missing_switches_s_Target4'====== Args={'value': 9, 'prev_value': None, 'change': True}
2025-03-21 14:00:12,978 : EventManager : Event: ======'machine_var_audits_missing_switches_s_drain'====== Args={'value': 6, 'prev_value': None, 'change': True}
2025-03-21 14:00:12,978 : EventManager : Event: ======'machine_var_audits_missing_switches_s_launcher_button'====== Args={'value': 8, 'prev_value': None, 'change': True}
2025-03-21 14:00:12,978 : EventManager : Event: ======'machine_var_audits_missing_switches_s_left_flipper'====== Args={'value': 9, 'prev_value': None, 'change': True}
2025-03-21 14:00:12,978 : EventManager : Event: ======'machine_var_audits_missing_switches_s_playfield_entry'====== Args={'value': 3, 'prev_value': None, 'change': True}
2025-03-21 14:00:12,978 : EventManager : Event: ======'machine_var_audits_missing_switches_s_right_flipper'====== Args={'value': 9, 'prev_value': None, 'change': True}
2025-03-21 14:00:12,979 : EventManager : Event: ======'machine_var_audits_missing_switches_s_trough1'====== Args={'value': 14, 'prev_value': None, 'change': True}
2025-03-21 14:00:12,979 : EventManager : Event: ======'machine_var_audits_missing_switches_s_trough2'====== Args={'value': 17, 'prev_value': None, 'change': True}
2025-03-21 14:00:12,979 : EventManager : Event: ======'machine_var_audits_missing_switches_s_trough3'====== Args={'value': 21, 'prev_value': None, 'change': True}
2025-03-21 14:00:12,979 : EventManager : Event: ======'machine_var_audits_missing_switches_s_trough_enter'====== Args={'value': 16, 'prev_value': None, 'change': True}
2025-03-21 14:00:12,979 : EventManager : Event: ======'machine_var_audits_player_score'====== Args={'value': {'average': 124, 'top': [8000, 1000, 0, 0, 0, 0, 0, 0, 0, 0], 'total': 16}, 'prev_value': None, 'change': True}
2025-03-21 14:00:12,979 : EventManager : Event: ======'machine_var_audits_switches_s_Lane1'====== Args={'value': 36, 'prev_value': None, 'change': True}
2025-03-21 14:00:12,979 : EventManager : Event: ======'machine_var_audits_switches_s_Lane2'====== Args={'value': 25, 'prev_value': None, 'change': True}
2025-03-21 14:00:12,979 : EventManager : Event: ======'machine_var_audits_switches_s_Lane3'====== Args={'value': 22, 'prev_value': None, 'change': True}
2025-03-21 14:00:12,979 : EventManager : Event: ======'machine_var_audits_switches_s_Lane4'====== Args={'value': 26, 'prev_value': None, 'change': True}
2025-03-21 14:00:12,979 : EventManager : Event: ======'machine_var_audits_switches_s_Target1'====== Args={'value': 66, 'prev_value': None, 'change': True}
2025-03-21 14:00:12,979 : EventManager : Event: ======'machine_var_audits_switches_s_Target2'====== Args={'value': 59, 'prev_value': None, 'change': True}
2025-03-21 14:00:12,979 : EventManager : Event: ======'machine_var_audits_switches_s_Target3'====== Args={'value': 64, 'prev_value': None, 'change': True}
2025-03-21 14:00:12,979 : EventManager : Event: ======'machine_var_audits_switches_s_Target4'====== Args={'value': 51, 'prev_value': None, 'change': True}
2025-03-21 14:00:12,979 : EventManager : Event: ======'machine_var_audits_switches_s_drain'====== Args={'value': 0, 'prev_value': None, 'change': True}
2025-03-21 14:00:12,979 : EventManager : Event: ======'machine_var_audits_switches_s_launcher_button'====== Args={'value': 93, 'prev_value': None, 'change': True}
2025-03-21 14:00:12,979 : EventManager : Event: ======'machine_var_audits_switches_s_left_flipper'====== Args={'value': 103, 'prev_value': None, 'change': True}
2025-03-21 14:00:12,979 : EventManager : Event: ======'machine_var_audits_switches_s_playfield_entry'====== Args={'value': 204, 'prev_value': None, 'change': True}
2025-03-21 14:00:12,979 : EventManager : Event: ======'machine_var_audits_switches_s_plunger_lane'====== Args={'value': 145, 'prev_value': None, 'change': True}
2025-03-21 14:00:12,979 : EventManager : Event: ======'machine_var_audits_switches_s_pointTarget'====== Args={'value': 193, 'prev_value': None, 'change': True}
2025-03-21 14:00:12,979 : EventManager : Event: ======'machine_var_audits_switches_s_right_flipper'====== Args={'value': 95, 'prev_value': None, 'change': True}
2025-03-21 14:00:12,979 : EventManager : Event: ======'machine_var_audits_switches_s_trough1'====== Args={'value': 109, 'prev_value': None, 'change': True}
2025-03-21 14:00:12,979 : EventManager : Event: ======'machine_var_audits_switches_s_trough2'====== Args={'value': 17, 'prev_value': None, 'change': True}
2025-03-21 14:00:12,979 : EventManager : Event: ======'machine_var_audits_switches_s_trough3'====== Args={'value': 14, 'prev_value': None, 'change': True}
2025-03-21 14:00:12,979 : EventManager : Event: ======'machine_var_audits_switches_s_trough_enter'====== Args={'value': 1, 'prev_value': None, 'change': True}
2025-03-21 14:00:13,028 : EventManager : Event: ======'slides_play'====== Args={'settings': {'welcome_slide': {'target': None, 'background_color': [0.0, 0.0, 0.0, 1.0], 'priority': None, 'show': True, 'force': False, 'expire': None, 'slide': None, 'tokens': {}, 'action': 'play'}}, 'context': '_global', 'calling_context': 'init_done', 'priority': 0}
2025-03-21 14:00:13,028 : EventManager : Event: ======'mc_reset_phase_1'====== Args={}
2025-03-21 14:00:13,028 : EventManager : Event: ======'slide_welcome_slide_removed'====== Args={}
2025-03-21 14:00:13,037 : EventManager : Event: ======'slide_welcome_slide_created'====== Args={}
2025-03-21 14:00:13,040 : EventManager : Event: ======'mc_reset_phase_2'====== Args={}
2025-03-21 14:00:13,041 : EventManager : Event: ======'mc_reset_phase_3'====== Args={}
2025-03-21 14:00:13,041 : EventManager : Event: ======'mc_reset_complete'====== Args={}
2025-03-21 14:00:13,042 : EventManager : Event: ======'slide_welcome_slide_active'====== Args={}
2025-03-21 14:00:13,061 : EventManager : Event: ======'slides_play'====== Args={'settings': {'ship_slide': {'widgets': [{'type': 'image', 'image': 'ship', '_default_settings': ['type', 'image'], 'x': None, 'y': None, 'anchor_x': 'center', 'anchor_y': 'center', 'round_anchor_x': None, 'round_anchor_y': None, 'opacity': 1.0, 'z': 0, 'reset_animations_events': {}, 'color': [1.0, 1.0, 1.0, 1.0], 'style': [], 'adjust_top': 0, 'adjust_bottom': 0, 'adjust_left': 0, 'adjust_right': 0, 'expire': None, 'key': None, 'widget': None, 'events_when_added': [], 'events_when_removed': [], 'fps': 10, 'loops': -1, 'auto_play': True, 'start_frame': 0, 'rotation': 0, 'scale': 1.0, 'animations': None}], 'target': None, 'background_color': [0.0, 0.0, 0.0, 1.0], 'priority': None, 'show': True, 'force': False, 'expire': None, 'slide': None, 'tokens': {}, 'action': 'play'}}, 'context': 'show_2', 'calling_context': 0, 'priority': 10, 'show_tokens': {}, 'start_time': 263689.093}
2025-03-21 14:00:13,061 : EventManager : Event: ======'sounds_play'====== Args={'settings': {'main': {'action': 'play', 'priority': None, 'block': False, 'delay': None, 'track': None, 'volume': None, 'ducking': {}, 'pan': None, 'loops': None, 'start_at': None, 'fade_in': None, 'fade_out': None, 'about_to_finish_time': -1.0, 'max_queue_time': -1.0, 'events_when_played': ['use_sound_setting'], 'events_when_stopped': ['use_sound_setting'], 'events_when_looping': ['use_sound_setting'], 'events_when_about_to_finish': ['use_sound_setting'], 'mode_end_action': 'use_sound_setting', 'key': 'use_sound_setting'}}, 'context': '_global', 'calling_context': 'mode_attract_started', 'priority': 0}
2025-03-21 14:00:13,062 : EventManager : Event: ======'slide_ship_slide_created'====== Args={}
2025-03-21 14:00:13,063 : EventManager : Event: ======'slide_ship_slide_active'====== Args={}
2025-03-21 14:00:13,090 : EventManager : Event: ======'loading_assets'====== Args={'total': 1, 'loaded': 1, 'remaining': 0, 'percent': 100}
2025-03-21 14:00:13,090 : AssetManager : Asset loading took: 1.3395683765411377
2025-03-21 14:00:13,090 : EventManager : Event: ======'asset_loading_complete'====== Args={}
2025-03-21 14:00:13,090 : AssetManager : Loading assets: 1/1 (100%)
2025-03-21 14:00:16,702 : kivy : WindowSDL: Window is now on display 1
2025-03-21 14:00:18,050 : EventManager : Event: ======'slides_play'====== Args={'settings': {'starting_slide': {'widgets': [{'type': 'image', 'image': 'start', 'animations': {'pre_show_slide': [{'property': ['opacity'], 'value': ['0'], 'duration': 0.5, 'relative': False, 'timing': 'after_previous', 'repeat': False, 'easing': 'linear', 'step': 0.0}, {'property': ['opacity'], 'value': ['1'], 'duration': 0.5, 'repeat': True, 'relative': False, 'timing': 'after_previous', 'easing': 'linear', 'step': 0.0}]}, '_default_settings': ['type', 'image', 'animations'], 'x': None, 'y': None, 'anchor_x': 'center', 'anchor_y': 'center', 'round_anchor_x': None, 'round_anchor_y': None, 'opacity': 1.0, 'z': 0, 'reset_animations_events': {}, 'color': [1.0, 1.0, 1.0, 1.0], 'style': [], 'adjust_top': 0, 'adjust_bottom': 0, 'adjust_left': 0, 'adjust_right': 0, 'expire': None, 'key': None, 'widget': None, 'events_when_added': [], 'events_when_removed': [], 'fps': 10, 'loops': -1, 'auto_play': True, 'start_frame': 0, 'rotation': 0, 'scale': 1.0}, {'type': 'image', 'image': 'start_game', '_default_settings': ['type', 'image'], 'x': None, 'y': None, 'anchor_x': 'center', 'anchor_y': 'center', 'round_anchor_x': None, 'round_anchor_y': None, 'opacity': 1.0, 'z': 0, 'reset_animations_events': {}, 'color': [1.0, 1.0, 1.0, 1.0], 'style': [], 'adjust_top': 0, 'adjust_bottom': 0, 'adjust_left': 0, 'adjust_right': 0, 'expire': None, 'key': None, 'widget': None, 'events_when_added': [], 'events_when_removed': [], 'fps': 10, 'loops': -1, 'auto_play': True, 'start_frame': 0, 'rotation': 0, 'scale': 1.0, 'animations': None}], 'transition': {'type': 'push', 'duration': 1.0, 'direction': 'left', 'easing': 'out_quad'}, 'target': None, 'background_color': [0.0, 0.0, 0.0, 1.0], 'priority': None, 'show': True, 'force': False, 'expire': None, 'slide': None, 'tokens': {}, 'action': 'play'}}, 'context': 'show_2', 'calling_context': 1, 'priority': 10, 'show_tokens': {}, 'start_time': 263694.093}
2025-03-21 14:00:18,052 : EventManager : Event: ======'slide_starting_slide_created'====== Args={}
2025-03-21 14:00:18,053 : EventManager : Event: ======'slide_starting_slide_active'====== Args={}
2025-03-21 14:00:21,437 : EventManager : Event: ======'game_started'====== Args={}
2025-03-21 14:00:21,437 : EventManager : Event: ======'slides_clear'====== Args={'context': 'show_2'}
2025-03-21 14:00:21,437 : EventManager : Event: ======'sounds_play'====== Args={'settings': {'main': {'action': 'stop', 'priority': None, 'block': False, 'delay': None, 'track': None, 'volume': None, 'ducking': {}, 'pan': None, 'loops': None, 'start_at': None, 'fade_in': None, 'fade_out': None, 'about_to_finish_time': -1.0, 'max_queue_time': -1.0, 'events_when_played': ['use_sound_setting'], 'events_when_stopped': ['use_sound_setting'], 'events_when_looping': ['use_sound_setting'], 'events_when_about_to_finish': ['use_sound_setting'], 'mode_end_action': 'use_sound_setting', 'key': 'use_sound_setting'}}, 'context': '_global', 'calling_context': 'mode_attract_stopped', 'priority': 0}
2025-03-21 14:00:21,437 : EventManager : Event: ======'slide_ship_slide_removed'====== Args={}
2025-03-21 14:00:21,437 : EventManager : Event: ======'slide_starting_slide_removed'====== Args={}
2025-03-21 14:00:21,438 : EventManager : Event: ======'slide_welcome_slide_active'====== Args={}
2025-03-21 14:00:21,450 : EventManager : Event: ======'player_added'====== Args={'player': <Player 1>, 'num': 1}
2025-03-21 14:00:21,450 : EventManager : Event: ======'player_index'====== Args={'value': 0, 'prev_value': 0, 'change': 0, 'player_num': 1}
2025-03-21 14:00:21,450 : EventManager : Event: ======'player_number'====== Args={'value': 1, 'prev_value': 1, 'change': 0, 'player_num': 1}
2025-03-21 14:00:21,450 : EventManager : Event: ======'player_score'====== Args={'value': 0, 'prev_value': 0, 'change': 0, 'player_num': 1}
2025-03-21 14:00:21,463 : EventManager : Event: ======'player_ball'====== Args={'value': 1, 'prev_value': 0, 'change': 1, 'player_num': 1}
2025-03-21 14:00:21,463 : EventManager : Event: ======'player_turn_start'====== Args={'number': 1, 'player': <Player 1>}
2025-03-21 14:00:21,463 : EventManager : Event: ======'slides_play'====== Args={'settings': {'objective_slide': {'widgets': [{'type': 'text', 'text': 'You are currently on the first island.', 'font_size': 20, 'y': '50%', '_default_settings': ['type', 'text', 'font_size', 'y'], 'x': None, 'anchor_x': 'center', 'anchor_y': 'center', 'round_anchor_x': None, 'round_anchor_y': None, 'opacity': 1.0, 'z': 0, 'reset_animations_events': {}, 'color': [1.0, 1.0, 1.0, 1.0], 'style': [], 'adjust_top': 0, 'adjust_bottom': 0, 'adjust_left': 0, 'adjust_right': 0, 'expire': None, 'key': None, 'widget': None, 'events_when_added': [], 'events_when_removed': [], 'bitmap_font': False, 'font_kerning': True, 'bold': False, 'italic': False, 'number_grouping': False, 'min_digits': 0, 'halign': 'center', 'valign': 'middle', 'rotation': 0, 'scale': 1.0, 'casing': None, 'outline_color': [1.0, 1.0, 1.0, 1.0], 'outline_width': 0, 'animations': None}], 'target': None, 'background_color': [0.0, 0.0, 0.0, 1.0], 'priority': None, 'show': True, 'force': False, 'expire': None, 'slide': None, 'tokens': {}, 'action': 'play'}}, 'context': 'show_4', 'calling_context': 0, 'priority': 200, 'show_tokens': {}, 'start_time': 263697.5}
2025-03-21 14:00:21,467 : EventManager : Event: ======'slide_objective_slide_created'====== Args={}
2025-03-21 14:00:21,468 : EventManager : Event: ======'slide_objective_slide_active'====== Args={}
2025-03-21 14:00:21,611 : EventManager : Event: ======'machine_var_audits_switches_s_plunger_lane'====== Args={'value': 146, 'prev_value': 145, 'change': 1}
2025-03-21 14:00:23,884 : EventManager : Event: ======'slides_play'====== Args={'settings': {'widgets': {'widgets': [{'type': 'text', 'text': '(score)', 'number_grouping': True, 'min_digits': 2, 'font_size': 100, '_default_settings': ['type', 'text', 'number_grouping', 'min_digits', 'font_size'], 'x': None, 'y': None, 'anchor_x': 'center', 'anchor_y': 'center', 'round_anchor_x': None, 'round_anchor_y': None, 'opacity': 1.0, 'z': 0, 'reset_animations_events': {}, 'color': [1.0, 1.0, 1.0, 1.0], 'style': [], 'adjust_top': 0, 'adjust_bottom': 0, 'adjust_left': 0, 'adjust_right': 0, 'expire': None, 'key': None, 'widget': None, 'events_when_added': [], 'events_when_removed': [], 'bitmap_font': False, 'font_kerning': True, 'bold': False, 'italic': False, 'halign': 'center', 'valign': 'middle', 'rotation': 0, 'scale': 1.0, 'casing': None, 'outline_color': [1.0, 1.0, 1.0, 1.0], 'outline_width': 0, 'animations': None}, {'type': 'text', 'text': 'PLAYER (ball)', 'y': '10', 'x': '10', 'font_size': 50, 'anchor_x': 'left', 'anchor_y': 'bottom', '_default_settings': ['type', 'text', 'y', 'x', 'font_size', 'anchor_x', 'anchor_y'], 'round_anchor_x': None, 'round_anchor_y': None, 'opacity': 1.0, 'z': 0, 'reset_animations_events': {}, 'color': [1.0, 1.0, 1.0, 1.0], 'style': [], 'adjust_top': 0, 'adjust_bottom': 0, 'adjust_left': 0, 'adjust_right': 0, 'expire': None, 'key': None, 'widget': None, 'events_when_added': [], 'events_when_removed': [], 'bitmap_font': False, 'font_kerning': True, 'bold': False, 'italic': False, 'number_grouping': False, 'min_digits': 0, 'halign': 'center', 'valign': 'middle', 'rotation': 0, 'scale': 1.0, 'casing': None, 'outline_color': [1.0, 1.0, 1.0, 1.0], 'outline_width': 0, 'animations': None}, {'type': 'text', 'text': 'BALL (number)', 'y': '10', 'x': 'right-10', 'anchor_x': 'right', 'anchor_y': 'bottom', 'font_size': 50, '_default_settings': ['type', 'text', 'y', 'x', 'anchor_x', 'anchor_y', 'font_size'], 'round_anchor_x': None, 'round_anchor_y': None, 'opacity': 1.0, 'z': 0, 'reset_animations_events': {}, 'color': [1.0, 1.0, 1.0, 1.0], 'style': [], 'adjust_top': 0, 'adjust_bottom': 0, 'adjust_left': 0, 'adjust_right': 0, 'expire': None, 'key': None, 'widget': None, 'events_when_added': [], 'events_when_removed': [], 'bitmap_font': False, 'font_kerning': True, 'bold': False, 'italic': False, 'number_grouping': False, 'min_digits': 0, 'halign': 'center', 'valign': 'middle', 'rotation': 0, 'scale': 1.0, 'casing': None, 'outline_color': [1.0, 1.0, 1.0, 1.0], 'outline_width': 0, 'animations': None}], 'target': None, 'background_color': [0.0, 0.0, 0.0, 1.0], 'priority': None, 'show': True, 'force': False, 'expire': None, 'slide': None, 'tokens': {}, 'action': 'play'}}, 'context': 'base', 'calling_context': 'mode_base_started', 'priority': 100}
2025-03-21 14:00:23,910 : EventManager : Event: ======'slide_base.slide_player-mode_base_started_created'====== Args={}
2025-03-21 14:00:26,467 : EventManager : Event: ======'slides_play'====== Args={'settings': {'objective_slide': {'widgets': [{'type': 'text', 'text': 'Score 10k points and hit 3 point targets!', 'font_size': 20, 'y': '50%', '_default_settings': ['type', 'text', 'font_size', 'y'], 'x': None, 'anchor_x': 'center', 'anchor_y': 'center', 'round_anchor_x': None, 'round_anchor_y': None, 'opacity': 1.0, 'z': 0, 'reset_animations_events': {}, 'color': [1.0, 1.0, 1.0, 1.0], 'style': [], 'adjust_top': 0, 'adjust_bottom': 0, 'adjust_left': 0, 'adjust_right': 0, 'expire': None, 'key': None, 'widget': None, 'events_when_added': [], 'events_when_removed': [], 'bitmap_font': False, 'font_kerning': True, 'bold': False, 'italic': False, 'number_grouping': False, 'min_digits': 0, 'halign': 'center', 'valign': 'middle', 'rotation': 0, 'scale': 1.0, 'casing': None, 'outline_color': [1.0, 1.0, 1.0, 1.0], 'outline_width': 0, 'animations': None}], 'target': None, 'background_color': [0.0, 0.0, 0.0, 1.0], 'priority': None, 'show': True, 'force': False, 'expire': None, 'slide': None, 'tokens': {}, 'action': 'play'}}, 'context': 'show_4', 'calling_context': 1, 'priority': 200, 'show_tokens': {}, 'start_time': 263702.5}
2025-03-21 14:00:26,469 : EventManager : Event: ======'slide_objective_slide_removed'====== Args={}
2025-03-21 14:00:26,484 : EventManager : Event: ======'slide_objective_slide_created'====== Args={}
2025-03-21 14:00:26,487 : EventManager : Event: ======'slide_objective_slide_active'====== Args={}
2025-03-21 14:00:31,474 : EventManager : Event: ======'slides_play'====== Args={'settings': {'objective_slide': {'widgets': [{'type': 'text', 'text': 'Go get them soldier!!!', 'font_size': 20, 'y': '50%', '_default_settings': ['type', 'text', 'font_size', 'y'], 'x': None, 'anchor_x': 'center', 'anchor_y': 'center', 'round_anchor_x': None, 'round_anchor_y': None, 'opacity': 1.0, 'z': 0, 'reset_animations_events': {}, 'color': [1.0, 1.0, 1.0, 1.0], 'style': [], 'adjust_top': 0, 'adjust_bottom': 0, 'adjust_left': 0, 'adjust_right': 0, 'expire': None, 'key': None, 'widget': None, 'events_when_added': [], 'events_when_removed': [], 'bitmap_font': False, 'font_kerning': True, 'bold': False, 'italic': False, 'number_grouping': False, 'min_digits': 0, 'halign': 'center', 'valign': 'middle', 'rotation': 0, 'scale': 1.0, 'casing': None, 'outline_color': [1.0, 1.0, 1.0, 1.0], 'outline_width': 0, 'animations': None}], 'target': None, 'background_color': [0.0, 0.0, 0.0, 1.0], 'priority': None, 'show': True, 'force': False, 'expire': None, 'slide': None, 'tokens': {}, 'action': 'play'}}, 'context': 'show_4', 'calling_context': 2, 'priority': 200, 'show_tokens': {}, 'start_time': 263707.5}
2025-03-21 14:00:31,476 : EventManager : Event: ======'slide_objective_slide_removed'====== Args={}
2025-03-21 14:00:31,485 : EventManager : Event: ======'slide_objective_slide_created'====== Args={}
2025-03-21 14:00:31,487 : EventManager : Event: ======'slide_objective_slide_active'====== Args={}
2025-03-21 14:00:36,483 : EventManager : Event: ======'slides_play'====== Args={'settings': {'objective_slide': {'widgets': [{'type': 'text', 'text': 'You are currently on the first island.', 'font_size': 20, 'y': '50%', '_default_settings': ['type', 'text', 'font_size', 'y'], 'x': None, 'anchor_x': 'center', 'anchor_y': 'center', 'round_anchor_x': None, 'round_anchor_y': None, 'opacity': 1.0, 'z': 0, 'reset_animations_events': {}, 'color': [1.0, 1.0, 1.0, 1.0], 'style': [], 'adjust_top': 0, 'adjust_bottom': 0, 'adjust_left': 0, 'adjust_right': 0, 'expire': None, 'key': None, 'widget': None, 'events_when_added': [], 'events_when_removed': [], 'bitmap_font': False, 'font_kerning': True, 'bold': False, 'italic': False, 'number_grouping': False, 'min_digits': 0, 'halign': 'center', 'valign': 'middle', 'rotation': 0, 'scale': 1.0, 'casing': None, 'outline_color': [1.0, 1.0, 1.0, 1.0], 'outline_width': 0, 'animations': None}], 'target': None, 'background_color': [0.0, 0.0, 0.0, 1.0], 'priority': None, 'show': True, 'force': False, 'expire': None, 'slide': None, 'tokens': {}, 'action': 'play'}}, 'context': 'show_4', 'calling_context': 0, 'priority': 200, 'show_tokens': {}, 'start_time': 263712.5}
2025-03-21 14:00:36,484 : EventManager : Event: ======'slide_objective_slide_removed'====== Args={}
2025-03-21 14:00:36,496 : EventManager : Event: ======'slide_objective_slide_created'====== Args={}
2025-03-21 14:00:36,499 : EventManager : Event: ======'slide_objective_slide_active'====== Args={}
2025-03-21 14:00:41,485 : EventManager : Event: ======'slides_play'====== Args={'settings': {'objective_slide': {'widgets': [{'type': 'text', 'text': 'Score 10k points and hit 3 point targets!', 'font_size': 20, 'y': '50%', '_default_settings': ['type', 'text', 'font_size', 'y'], 'x': None, 'anchor_x': 'center', 'anchor_y': 'center', 'round_anchor_x': None, 'round_anchor_y': None, 'opacity': 1.0, 'z': 0, 'reset_animations_events': {}, 'color': [1.0, 1.0, 1.0, 1.0], 'style': [], 'adjust_top': 0, 'adjust_bottom': 0, 'adjust_left': 0, 'adjust_right': 0, 'expire': None, 'key': None, 'widget': None, 'events_when_added': [], 'events_when_removed': [], 'bitmap_font': False, 'font_kerning': True, 'bold': False, 'italic': False, 'number_grouping': False, 'min_digits': 0, 'halign': 'center', 'valign': 'middle', 'rotation': 0, 'scale': 1.0, 'casing': None, 'outline_color': [1.0, 1.0, 1.0, 1.0], 'outline_width': 0, 'animations': None}], 'target': None, 'background_color': [0.0, 0.0, 0.0, 1.0], 'priority': None, 'show': True, 'force': False, 'expire': None, 'slide': None, 'tokens': {}, 'action': 'play'}}, 'context': 'show_4', 'calling_context': 1, 'priority': 200, 'show_tokens': {}, 'start_time': 263717.5}
2025-03-21 14:00:41,486 : EventManager : Event: ======'slide_objective_slide_removed'====== Args={}
2025-03-21 14:00:41,494 : EventManager : Event: ======'slide_objective_slide_created'====== Args={}
2025-03-21 14:00:41,496 : EventManager : Event: ======'slide_objective_slide_active'====== Args={}
