2025-03-10 19:57:48,938 : kivy : deps: Successfully imported "kivy_deps.gstreamer" 0.3.3
2025-03-10 19:57:48,938 : kivy : deps: Successfully imported "kivy_deps.angle" 0.3.3
2025-03-10 19:57:48,938 : kivy : deps: Successfully imported "kivy_deps.glew" 0.3.1
2025-03-10 19:57:48,938 : kivy : deps: Successfully imported "kivy_deps.sdl2" 0.6.0
2025-03-10 19:57:48,938 : kivy : Kivy: v2.2.1
2025-03-10 19:57:48,938 : kivy : Kivy: Installed at "C:\Users\duffb\.pyenv\pyenv-win\versions\3.11.0\Lib\site-packages\kivy\__init__.py"
2025-03-10 19:57:48,938 : kivy : Python: v3.11.0 (main, Oct 24 2022, 18:26:48) [MSC v.1933 64 bit (AMD64)]
2025-03-10 19:57:48,939 : kivy : Python: Interpreter at "C:\Users\duffb\.pyenv\pyenv-win\versions\3.11.0\python.exe"
2025-03-10 19:57:48,961 : kivy : Factory: 190 symbols loaded
2025-03-10 19:57:49,121 : kivy : ImageLoaderFFPy: Using ffpyplayer 4.5.1
2025-03-10 19:57:49,121 : kivy : Image: Providers: img_tex, img_dds, img_sdl2, img_pil, img_ffpyplayer 
2025-03-10 19:57:49,391 : kivy : VideoGstplayer: Using Gstreamer 1.18.5.0
2025-03-10 19:57:49,391 : kivy : Video: Provider: gstplayer
2025-03-10 19:57:49,438 : root : Loading MPF-MC controller
2025-03-10 19:57:49,457 : YamlMultifileConfigLoader : Machine config file #1: config
2025-03-10 19:57:49,457 : ConfigProcessor : Config file in cache changed: C:\Users\duffb\OneDrive\Documents\Python Envs\PinBallWW1\Machine\config\config
2025-03-10 19:57:49,457 : ConfigProcessor : Loading config from file C:\Users\duffb\.pyenv\pyenv-win\versions\3.11.0\Lib\site-packages\mpfmc\mcconfig.yaml.
2025-03-10 19:57:49,463 : ConfigProcessor : Loading config: C:\Users\duffb\.pyenv\pyenv-win\versions\3.11.0\Lib\site-packages\mpfmc\mcconfig.yaml
2025-03-10 19:57:49,464 : ConfigProcessor : Loading config from file C:\Users\duffb\OneDrive\Documents\Python Envs\PinBallWW1\Machine\config\config.
2025-03-10 19:57:49,467 : ConfigProcessor : Loading config: C:\Users\duffb\OneDrive\Documents\Python Envs\PinBallWW1\Machine\config\config
2025-03-10 19:57:49,468 : ConfigProcessor : Config file cache created: C:\Users\duffb\AppData\Local\Temp\de7a4651692d89380cb727f0a44dc491.mpf_cache
2025-03-10 19:57:49,469 : ConfigProcessor : Loading config from cache: C:\Users\duffb\AppData\Local\Temp\ee7db1e8d011f44c876692bb4657f2e9.mpf_cache
2025-03-10 19:57:49,469 : ConfigProcessor : Loading config from cache: C:\Users\duffb\AppData\Local\Temp\9f058d482eac17116727d62a93500be7.mpf_cache
2025-03-10 19:57:49,470 : ConfigProcessor : Loading config from cache: C:\Users\duffb\AppData\Local\Temp\9e006ea23aa21ec68e01f6c49afad9f4.mpf_cache
2025-03-10 19:57:49,470 : mpfmc : Mission Pinball Framework Media Controller (MPF-MC) v0.57.1. Requires MPF v0.57.0 or newer.
2025-03-10 19:57:49,470 : mpfmc : Found MPF v0.57.0
2025-03-10 19:57:49,470 : mpfmc : Machine path: C:\Users\duffb\OneDrive\Documents\Python Envs\PinBallWW1\Machine
2025-03-10 19:57:49,470 : mpfmc : Starting clock at 60.0Hz
2025-03-10 19:57:49,487 : kivy : Text: Provider: sdl2
2025-03-10 19:57:49,535 : kivy : Window: Provider: sdl2
2025-03-10 19:57:49,802 : kivy : GL: Using the "OpenGL" graphics system
2025-03-10 19:57:49,803 : kivy : GL: GLEW initialization succeeded
2025-03-10 19:57:49,804 : kivy : GL: Backend used <glew>
2025-03-10 19:57:49,804 : kivy : GL: OpenGL version <b'4.6.0 - Build 31.0.101.5592'>
2025-03-10 19:57:49,804 : kivy : GL: OpenGL vendor <b'Intel'>
2025-03-10 19:57:49,804 : kivy : GL: OpenGL renderer <b'Intel(R) UHD Graphics'>
2025-03-10 19:57:49,804 : kivy : GL: OpenGL parsed version: 4, 6
2025-03-10 19:57:49,804 : kivy : GL: Shading version <b'4.60 - Build 31.0.101.5592'>
2025-03-10 19:57:49,804 : kivy : GL: Texture max size <16384>
2025-03-10 19:57:49,804 : kivy : GL: Texture max units <32>
2025-03-10 19:57:49,826 : kivy : Window: auto add sdl2 input provider
2025-03-10 19:57:49,826 : kivy : Window: virtual keyboard not allowed, single mode, not docked
2025-03-10 19:57:50,230 : AudioInterface : Initialized
2025-03-10 19:57:50,231 : AudioInterface : Loaded SDL 2.26.4
2025-03-10 19:57:50,231 : AudioInterface : Loaded SDL_Mixer 2.6.3
2025-03-10 19:57:50,231 : AudioInterface : Loaded GStreamer 1.18.5.0
2025-03-10 19:57:50,231 : AudioInterface : Loaded GLib 2.62.6
2025-03-10 19:57:50,231 : AudioInterface : Settings requested - rate: 44100, channels: 1, buffer: 2048 samples
2025-03-10 19:57:50,231 : AudioInterface : Settings in use - rate: 44100, channels: 1, buffer: 2048 samples (4096 bytes @ 2 bytes per sample)
2025-03-10 19:57:50,231 : SoundSystem : Setting master volume to 0.0
2025-03-10 19:57:50,231 : AudioInterface : Enabling audio playback
2025-03-10 19:57:50,232 : kivy : Base: Start application main loop
2025-03-10 19:57:50,233 : EventManager : Event: ======'display_window_initialized'====== Args={}
2025-03-10 19:57:50,241 : mpfmc : Display: Setting 'window' as default display
2025-03-10 19:57:50,253 : EventManager : Event: ======'displays_initialized'====== Args={}
2025-03-10 19:57:50,255 : EventManager : Event: ======'slide_window_blank_created'====== Args={}
2025-03-10 19:57:50,255 : EventManager : Event: ======'display_window_ready'====== Args={}
2025-03-10 19:57:50,266 : EventManager : Event: ======'init_phase_1'====== Args={}
2025-03-10 19:57:50,268 : EventManager : Event: ======'mc_ready'====== Args={}
2025-03-10 19:57:50,268 : EventManager : Event: ======'init_phase_2'====== Args={}
2025-03-10 19:57:50,270 : EventManager : Event: ======'init_phase_3'====== Args={}
2025-03-10 19:57:50,271 : EventManager : Event: ======'init_phase_4'====== Args={}
2025-03-10 19:57:50,271 : EventManager : Event: ======'init_phase_5'====== Args={}
2025-03-10 19:57:50,285 : kivy : GL: NPOT texture support is available
2025-03-10 19:57:50,293 : EventManager : Event: ======'loading_assets'====== Args={'total': 5, 'loaded': 1, 'remaining': 4, 'percent': 20}
2025-03-10 19:57:50,294 : AssetManager : Loading assets: 1/5 (20%)
2025-03-10 19:57:50,306 : EventManager : Event: ======'loading_assets'====== Args={'total': 5, 'loaded': 5, 'remaining': 0, 'percent': 100}
2025-03-10 19:57:50,306 : AssetManager : Asset loading took: 0.07479333877563477
2025-03-10 19:57:50,306 : EventManager : Event: ======'asset_loading_complete'====== Args={}
2025-03-10 19:57:50,306 : AssetManager : Loading assets: 5/5 (100%)
2025-03-10 19:57:50,306 : EventManager : Event: ======'init_done'====== Args={}
2025-03-10 19:57:50,306 : MPF-MC BCP Server : Starting up on localhost port 5050
2025-03-10 19:57:50,310 : MPF-MC BCP Server : Waiting for a connection...
2025-03-10 19:57:50,315 : EventManager : Event: ======'slide_welcome_slide_created'====== Args={}
2025-03-10 19:57:50,315 : EventManager : Event: ======'slide_welcome_slide_active'====== Args={}
2025-03-10 19:57:50,322 : EventManager : Event: ======'client_disconnected'====== Args={'host': '127.0.0.1', 'port': 5050}
2025-03-10 19:57:51,130 : MPF-MC BCP Server : Received connection from: 127.0.0.1:65440
2025-03-10 19:57:51,140 : EventManager : Event: ======'client_connected'====== Args={'host': '127.0.0.1', 'port': 65440}
2025-03-10 19:57:51,502 : EventManager : Event: ======'machine_var_credits_string'====== Args={'value': 'FREE PLAY', 'prev_value': None, 'change': True}
2025-03-10 19:57:51,502 : EventManager : Event: ======'machine_var_master_volume'====== Args={'value': 0.5, 'prev_value': None, 'change': True}
2025-03-10 19:57:51,502 : EventManager : Event: ======'machine_var_player1_score'====== Args={'value': 8000, 'prev_value': None, 'change': True}
2025-03-10 19:57:51,502 : EventManager : Event: ======'machine_var_player2_score'====== Args={'value': 1000, 'prev_value': None, 'change': True}
2025-03-10 19:57:51,502 : EventManager : Event: ======'machine_var_mpf_version'====== Args={'value': 'Mission Pinball Framework v0.57.0', 'prev_value': None, 'change': True}
2025-03-10 19:57:51,502 : EventManager : Event: ======'machine_var_mpf_extended_version'====== Args={'value': 'Mission Pinball Framework v0.57.0, Config version:6, Show version: 6, BCP version:1.1', 'prev_value': None, 'change': True}
2025-03-10 19:57:51,502 : EventManager : Event: ======'machine_var_python_version'====== Args={'value': '3.11.0', 'prev_value': None, 'change': True}
2025-03-10 19:57:51,502 : EventManager : Event: ======'machine_var_platform'====== Args={'value': 'Windows-10-10.0.26100-SP0', 'prev_value': None, 'change': True}
2025-03-10 19:57:51,503 : EventManager : Event: ======'machine_var_platform_system'====== Args={'value': 'Windows', 'prev_value': None, 'change': True}
2025-03-10 19:57:51,503 : EventManager : Event: ======'machine_var_platform_release'====== Args={'value': '10', 'prev_value': None, 'change': True}
2025-03-10 19:57:51,503 : EventManager : Event: ======'machine_var_platform_version'====== Args={'value': '10.0.26100', 'prev_value': None, 'change': True}
2025-03-10 19:57:51,503 : EventManager : Event: ======'machine_var_platform_machine'====== Args={'value': 'AMD64', 'prev_value': None, 'change': True}
2025-03-10 19:57:51,503 : EventManager : Event: ======'machine_var_mc_version'====== Args={'value': 'MPF-MC v0.57.1', 'prev_value': None, 'change': True}
2025-03-10 19:57:51,504 : EventManager : Event: ======'machine_var_mc_extended_version'====== Args={'value': 'MPF-MC v0.57.1 (config_version=6, BCP v1.1,                      Requires MPF API compatibility v0.57.0 or newer)', 'prev_value': None, 'change': True}
2025-03-10 19:57:51,505 : EventManager : Event: ======'machine_var_credits_string'====== Args={'value': 'FREE PLAY', 'prev_value': None, 'change': True}
2025-03-10 19:57:51,505 : EventManager : Event: ======'machine_var_master_volume'====== Args={'value': 0.5, 'prev_value': None, 'change': True}
2025-03-10 19:57:51,505 : EventManager : Event: ======'machine_var_player1_score'====== Args={'value': 8000, 'prev_value': None, 'change': True}
2025-03-10 19:57:51,505 : EventManager : Event: ======'machine_var_player2_score'====== Args={'value': 1000, 'prev_value': None, 'change': True}
2025-03-10 19:57:51,506 : EventManager : Event: ======'machine_var_mpf_version'====== Args={'value': 'Mission Pinball Framework v0.57.0', 'prev_value': None, 'change': True}
2025-03-10 19:57:51,506 : EventManager : Event: ======'machine_var_mpf_extended_version'====== Args={'value': 'Mission Pinball Framework v0.57.0, Config version:6, Show version: 6, BCP version:1.1', 'prev_value': None, 'change': True}
2025-03-10 19:57:51,506 : EventManager : Event: ======'machine_var_python_version'====== Args={'value': '3.11.0', 'prev_value': None, 'change': True}
2025-03-10 19:57:51,506 : EventManager : Event: ======'machine_var_platform'====== Args={'value': 'Windows-10-10.0.26100-SP0', 'prev_value': None, 'change': True}
2025-03-10 19:57:51,506 : EventManager : Event: ======'machine_var_platform_system'====== Args={'value': 'Windows', 'prev_value': None, 'change': True}
2025-03-10 19:57:51,507 : EventManager : Event: ======'machine_var_platform_release'====== Args={'value': '10', 'prev_value': None, 'change': True}
2025-03-10 19:57:51,507 : EventManager : Event: ======'machine_var_platform_version'====== Args={'value': '10.0.26100', 'prev_value': None, 'change': True}
2025-03-10 19:57:51,507 : EventManager : Event: ======'machine_var_platform_machine'====== Args={'value': 'AMD64', 'prev_value': None, 'change': True}
2025-03-10 19:57:51,507 : EventManager : Event: ======'machine_var_mc_version'====== Args={'value': 'MPF-MC v0.57.1', 'prev_value': None, 'change': True}
2025-03-10 19:57:51,508 : EventManager : Event: ======'machine_var_mc_extended_version'====== Args={'value': 'MPF-MC v0.57.1 (config_version=6, BCP v1.1,                      Requires MPF API compatibility v0.57.0 or newer)', 'prev_value': None, 'change': True}
2025-03-10 19:57:51,508 : EventManager : Event: ======'machine_var_credits_string'====== Args={'value': 'FREE PLAY', 'prev_value': None, 'change': True}
2025-03-10 19:57:51,508 : EventManager : Event: ======'machine_var_master_volume'====== Args={'value': 0.5, 'prev_value': None, 'change': True}
2025-03-10 19:57:51,508 : EventManager : Event: ======'machine_var_player1_score'====== Args={'value': 8000, 'prev_value': None, 'change': True}
2025-03-10 19:57:51,508 : EventManager : Event: ======'machine_var_player2_score'====== Args={'value': 1000, 'prev_value': None, 'change': True}
2025-03-10 19:57:51,508 : EventManager : Event: ======'machine_var_mpf_version'====== Args={'value': 'Mission Pinball Framework v0.57.0', 'prev_value': None, 'change': True}
2025-03-10 19:57:51,508 : EventManager : Event: ======'machine_var_mpf_extended_version'====== Args={'value': 'Mission Pinball Framework v0.57.0, Config version:6, Show version: 6, BCP version:1.1', 'prev_value': None, 'change': True}
2025-03-10 19:57:51,508 : EventManager : Event: ======'machine_var_python_version'====== Args={'value': '3.11.0', 'prev_value': None, 'change': True}
2025-03-10 19:57:51,508 : EventManager : Event: ======'machine_var_platform'====== Args={'value': 'Windows-10-10.0.26100-SP0', 'prev_value': None, 'change': True}
2025-03-10 19:57:51,508 : EventManager : Event: ======'machine_var_platform_system'====== Args={'value': 'Windows', 'prev_value': None, 'change': True}
2025-03-10 19:57:51,508 : EventManager : Event: ======'machine_var_platform_release'====== Args={'value': '10', 'prev_value': None, 'change': True}
2025-03-10 19:57:51,508 : EventManager : Event: ======'machine_var_platform_version'====== Args={'value': '10.0.26100', 'prev_value': None, 'change': True}
2025-03-10 19:57:51,509 : EventManager : Event: ======'machine_var_platform_machine'====== Args={'value': 'AMD64', 'prev_value': None, 'change': True}
2025-03-10 19:57:51,509 : EventManager : Event: ======'machine_var_mc_version'====== Args={'value': 'MPF-MC v0.57.1', 'prev_value': None, 'change': True}
2025-03-10 19:57:51,509 : EventManager : Event: ======'machine_var_mc_extended_version'====== Args={'value': 'MPF-MC v0.57.1 (config_version=6, BCP v1.1,                      Requires MPF API compatibility v0.57.0 or newer)', 'prev_value': None, 'change': True}
2025-03-10 19:57:51,509 : EventManager : Event: ======'machine_var_credits_string'====== Args={'value': 'FREE PLAY', 'prev_value': None, 'change': True}
2025-03-10 19:57:51,509 : EventManager : Event: ======'machine_var_master_volume'====== Args={'value': 0.5, 'prev_value': None, 'change': True}
2025-03-10 19:57:51,509 : EventManager : Event: ======'machine_var_player1_score'====== Args={'value': 8000, 'prev_value': None, 'change': True}
2025-03-10 19:57:51,509 : EventManager : Event: ======'machine_var_player2_score'====== Args={'value': 1000, 'prev_value': None, 'change': True}
2025-03-10 19:57:51,509 : EventManager : Event: ======'machine_var_mpf_version'====== Args={'value': 'Mission Pinball Framework v0.57.0', 'prev_value': None, 'change': True}
2025-03-10 19:57:51,509 : EventManager : Event: ======'machine_var_mpf_extended_version'====== Args={'value': 'Mission Pinball Framework v0.57.0, Config version:6, Show version: 6, BCP version:1.1', 'prev_value': None, 'change': True}
2025-03-10 19:57:51,509 : EventManager : Event: ======'machine_var_python_version'====== Args={'value': '3.11.0', 'prev_value': None, 'change': True}
2025-03-10 19:57:51,509 : EventManager : Event: ======'machine_var_platform'====== Args={'value': 'Windows-10-10.0.26100-SP0', 'prev_value': None, 'change': True}
2025-03-10 19:57:51,509 : EventManager : Event: ======'machine_var_platform_system'====== Args={'value': 'Windows', 'prev_value': None, 'change': True}
2025-03-10 19:57:51,509 : EventManager : Event: ======'machine_var_platform_release'====== Args={'value': '10', 'prev_value': None, 'change': True}
2025-03-10 19:57:51,509 : EventManager : Event: ======'machine_var_platform_version'====== Args={'value': '10.0.26100', 'prev_value': None, 'change': True}
2025-03-10 19:57:51,509 : EventManager : Event: ======'machine_var_platform_machine'====== Args={'value': 'AMD64', 'prev_value': None, 'change': True}
2025-03-10 19:57:51,509 : EventManager : Event: ======'machine_var_mc_version'====== Args={'value': 'MPF-MC v0.57.1', 'prev_value': None, 'change': True}
2025-03-10 19:57:51,509 : EventManager : Event: ======'machine_var_mc_extended_version'====== Args={'value': 'MPF-MC v0.57.1 (config_version=6, BCP v1.1,                      Requires MPF API compatibility v0.57.0 or newer)', 'prev_value': None, 'change': True}
2025-03-10 19:57:51,509 : SoundSystem : Setting master volume to 0.5
2025-03-10 19:57:51,509 : SoundSystem : Setting master volume to 0.5
2025-03-10 19:57:51,509 : SoundSystem : Setting master volume to 0.5
2025-03-10 19:57:51,509 : SoundSystem : Setting master volume to 0.5
2025-03-10 19:57:51,659 : EventManager : Event: ======'machine_var_audits_events_game_ended'====== Args={'value': 13, 'prev_value': None, 'change': True}
2025-03-10 19:57:51,659 : EventManager : Event: ======'machine_var_audits_events_game_started'====== Args={'value': 48, 'prev_value': None, 'change': True}
2025-03-10 19:57:51,659 : EventManager : Event: ======'machine_var_audits_missing_switches_s_Lane1'====== Args={'value': 3, 'prev_value': None, 'change': True}
2025-03-10 19:57:51,659 : EventManager : Event: ======'machine_var_audits_missing_switches_s_Lane2'====== Args={'value': 4, 'prev_value': None, 'change': True}
2025-03-10 19:57:51,659 : EventManager : Event: ======'machine_var_audits_missing_switches_s_Lane3'====== Args={'value': 4, 'prev_value': None, 'change': True}
2025-03-10 19:57:51,659 : EventManager : Event: ======'machine_var_audits_missing_switches_s_Lane4'====== Args={'value': 3, 'prev_value': None, 'change': True}
2025-03-10 19:57:51,659 : EventManager : Event: ======'machine_var_audits_missing_switches_s_Target1'====== Args={'value': 3, 'prev_value': None, 'change': True}
2025-03-10 19:57:51,659 : EventManager : Event: ======'machine_var_audits_missing_switches_s_Target2'====== Args={'value': 3, 'prev_value': None, 'change': True}
2025-03-10 19:57:51,659 : EventManager : Event: ======'machine_var_audits_missing_switches_s_Target3'====== Args={'value': 3, 'prev_value': None, 'change': True}
2025-03-10 19:57:51,659 : EventManager : Event: ======'machine_var_audits_missing_switches_s_Target4'====== Args={'value': 3, 'prev_value': None, 'change': True}
2025-03-10 19:57:51,659 : EventManager : Event: ======'machine_var_audits_missing_switches_s_drain'====== Args={'value': 6, 'prev_value': None, 'change': True}
2025-03-10 19:57:51,659 : EventManager : Event: ======'machine_var_audits_missing_switches_s_launcher_button'====== Args={'value': 1, 'prev_value': None, 'change': True}
2025-03-10 19:57:51,659 : EventManager : Event: ======'machine_var_audits_missing_switches_s_playfield_entry'====== Args={'value': 1, 'prev_value': None, 'change': True}
2025-03-10 19:57:51,659 : EventManager : Event: ======'machine_var_audits_missing_switches_s_trough1'====== Args={'value': 1, 'prev_value': None, 'change': True}
2025-03-10 19:57:51,659 : EventManager : Event: ======'machine_var_audits_missing_switches_s_trough2'====== Args={'value': 4, 'prev_value': None, 'change': True}
2025-03-10 19:57:51,659 : EventManager : Event: ======'machine_var_audits_missing_switches_s_trough3'====== Args={'value': 8, 'prev_value': None, 'change': True}
2025-03-10 19:57:51,659 : EventManager : Event: ======'machine_var_audits_missing_switches_s_trough_enter'====== Args={'value': 3, 'prev_value': None, 'change': True}
2025-03-10 19:57:51,659 : EventManager : Event: ======'machine_var_audits_player_score'====== Args={'value': {'average': 124, 'top': [8000, 1000, 0, 0, 0, 0, 0, 0, 0, 0], 'total': 16}, 'prev_value': None, 'change': True}
2025-03-10 19:57:51,659 : EventManager : Event: ======'machine_var_audits_switches_s_Lane1'====== Args={'value': 34, 'prev_value': None, 'change': True}
2025-03-10 19:57:51,659 : EventManager : Event: ======'machine_var_audits_switches_s_Lane2'====== Args={'value': 23, 'prev_value': None, 'change': True}
2025-03-10 19:57:51,659 : EventManager : Event: ======'machine_var_audits_switches_s_Lane3'====== Args={'value': 20, 'prev_value': None, 'change': True}
2025-03-10 19:57:51,659 : EventManager : Event: ======'machine_var_audits_switches_s_Lane4'====== Args={'value': 24, 'prev_value': None, 'change': True}
2025-03-10 19:57:51,659 : EventManager : Event: ======'machine_var_audits_switches_s_Target1'====== Args={'value': 64, 'prev_value': None, 'change': True}
2025-03-10 19:57:51,659 : EventManager : Event: ======'machine_var_audits_switches_s_Target2'====== Args={'value': 57, 'prev_value': None, 'change': True}
2025-03-10 19:57:51,659 : EventManager : Event: ======'machine_var_audits_switches_s_Target3'====== Args={'value': 62, 'prev_value': None, 'change': True}
2025-03-10 19:57:51,659 : EventManager : Event: ======'machine_var_audits_switches_s_Target4'====== Args={'value': 49, 'prev_value': None, 'change': True}
2025-03-10 19:57:51,659 : EventManager : Event: ======'machine_var_audits_switches_s_drain'====== Args={'value': 0, 'prev_value': None, 'change': True}
2025-03-10 19:57:51,659 : EventManager : Event: ======'machine_var_audits_switches_s_launcher_button'====== Args={'value': 89, 'prev_value': None, 'change': True}
2025-03-10 19:57:51,659 : EventManager : Event: ======'machine_var_audits_switches_s_left_flipper'====== Args={'value': 95, 'prev_value': None, 'change': True}
2025-03-10 19:57:51,659 : EventManager : Event: ======'machine_var_audits_switches_s_playfield_entry'====== Args={'value': 198, 'prev_value': None, 'change': True}
2025-03-10 19:57:51,659 : EventManager : Event: ======'machine_var_audits_switches_s_plunger_lane'====== Args={'value': 132, 'prev_value': None, 'change': True}
2025-03-10 19:57:51,659 : EventManager : Event: ======'machine_var_audits_switches_s_pointTarget'====== Args={'value': 193, 'prev_value': None, 'change': True}
2025-03-10 19:57:51,660 : EventManager : Event: ======'machine_var_audits_switches_s_right_flipper'====== Args={'value': 88, 'prev_value': None, 'change': True}
2025-03-10 19:57:51,660 : EventManager : Event: ======'machine_var_audits_switches_s_trough1'====== Args={'value': 109, 'prev_value': None, 'change': True}
2025-03-10 19:57:51,660 : EventManager : Event: ======'machine_var_audits_switches_s_trough2'====== Args={'value': 17, 'prev_value': None, 'change': True}
2025-03-10 19:57:51,660 : EventManager : Event: ======'machine_var_audits_switches_s_trough3'====== Args={'value': 14, 'prev_value': None, 'change': True}
2025-03-10 19:57:51,660 : EventManager : Event: ======'machine_var_audits_switches_s_trough_enter'====== Args={'value': 1, 'prev_value': None, 'change': True}
2025-03-10 19:57:51,696 : EventManager : Event: ======'slides_play'====== Args={'settings': {'welcome_slide': {'target': None, 'background_color': [0.0, 0.0, 0.0, 1.0], 'priority': None, 'show': True, 'force': False, 'expire': None, 'slide': None, 'tokens': {}, 'action': 'play'}}, 'context': '_global', 'calling_context': 'init_done', 'priority': 0}
2025-03-10 19:57:51,696 : EventManager : Event: ======'mc_reset_phase_1'====== Args={}
2025-03-10 19:57:51,696 : EventManager : Event: ======'slide_welcome_slide_removed'====== Args={}
2025-03-10 19:57:51,699 : EventManager : Event: ======'slide_welcome_slide_created'====== Args={}
2025-03-10 19:57:51,699 : EventManager : Event: ======'mc_reset_phase_2'====== Args={}
2025-03-10 19:57:51,700 : EventManager : Event: ======'mc_reset_phase_3'====== Args={}
2025-03-10 19:57:51,700 : EventManager : Event: ======'mc_reset_complete'====== Args={}
2025-03-10 19:57:51,700 : EventManager : Event: ======'slide_welcome_slide_active'====== Args={}
2025-03-10 19:57:51,716 : EventManager : Event: ======'slides_play'====== Args={'settings': {'ship_slide': {'widgets': [{'type': 'image', 'image': 'ship', '_default_settings': ['type', 'image'], 'x': None, 'y': None, 'anchor_x': 'center', 'anchor_y': 'center', 'round_anchor_x': None, 'round_anchor_y': None, 'opacity': 1.0, 'z': 0, 'reset_animations_events': {}, 'color': [1.0, 1.0, 1.0, 1.0], 'style': [], 'adjust_top': 0, 'adjust_bottom': 0, 'adjust_left': 0, 'adjust_right': 0, 'expire': None, 'key': None, 'widget': None, 'events_when_added': [], 'events_when_removed': [], 'fps': 10, 'loops': -1, 'auto_play': True, 'start_frame': 0, 'rotation': 0, 'scale': 1.0, 'animations': None}], 'target': None, 'background_color': [0.0, 0.0, 0.0, 1.0], 'priority': None, 'show': True, 'force': False, 'expire': None, 'slide': None, 'tokens': {}, 'action': 'play'}}, 'context': 'show_2', 'calling_context': 0, 'priority': 10, 'show_tokens': {}, 'start_time': 689302.437}
2025-03-10 19:57:51,716 : EventManager : Event: ======'sounds_play'====== Args={'settings': {'main': {'action': 'play', 'priority': None, 'block': False, 'delay': None, 'track': None, 'volume': None, 'ducking': {}, 'pan': None, 'loops': None, 'start_at': None, 'fade_in': None, 'fade_out': None, 'about_to_finish_time': -1.0, 'max_queue_time': -1.0, 'events_when_played': ['use_sound_setting'], 'events_when_stopped': ['use_sound_setting'], 'events_when_looping': ['use_sound_setting'], 'events_when_about_to_finish': ['use_sound_setting'], 'mode_end_action': 'use_sound_setting', 'key': 'use_sound_setting'}}, 'context': '_global', 'calling_context': 'mode_attract_started', 'priority': 0}
2025-03-10 19:57:51,717 : EventManager : Event: ======'slide_ship_slide_created'====== Args={}
2025-03-10 19:57:51,718 : EventManager : Event: ======'slide_ship_slide_active'====== Args={}
2025-03-10 19:57:51,742 : EventManager : Event: ======'loading_assets'====== Args={'total': 1, 'loaded': 1, 'remaining': 0, 'percent': 100}
2025-03-10 19:57:51,742 : AssetManager : Asset loading took: 1.5108420848846436
2025-03-10 19:57:51,742 : EventManager : Event: ======'asset_loading_complete'====== Args={}
2025-03-10 19:57:51,742 : AssetManager : Loading assets: 1/1 (100%)
2025-03-10 19:57:53,229 : mpfmc : Shutting down due to child thread crash
2025-03-10 19:57:53,229 : mpfmc : Crash details: Traceback (most recent call last):
  File "C:\Users\duffb\.pyenv\pyenv-win\versions\3.11.0\Lib\site-packages\mpfmc\core\bcp_server.py", line 153, in run
    data_read = self.connection.recv(8192)
                ^^^^^^^^^^^^^^^^^^^^^^^^^^
ConnectionResetError: [WinError 10054] An existing connection was forcibly closed by the remote host

2025-03-10 19:57:53,229 : mpfmc : Stopping...
2025-03-10 19:57:53,229 : EventManager : Event: ======'shutdown'====== Args={}
2025-03-10 19:57:53,229 : AudioInterface : Disabling audio playback
