2025-03-05 22:14:00,074 : INFO : root : Loading config.
2025-03-05 22:14:00,077 : INFO : YamlMultifileConfigLoader : Machine config file #1: config.yaml
2025-03-05 22:14:00,077 : INFO : ConfigProcessor : Loading config from cache: C:\Users\duffb\AppData\Local\Temp\cadfdee4981114acd6fff59d1071b59b.mpf_cache
2025-03-05 22:14:00,175 : INFO : ConfigProcessor : Loading config from cache: C:\Users\duffb\AppData\Local\Temp\2d51d76727b268a801d8dd7a18b89879.mpf_cache
2025-03-05 22:14:00,176 : INFO : ConfigProcessor : Loading config from cache: C:\Users\duffb\AppData\Local\Temp\9f058d482eac17116727d62a93500be7.mpf_cache
2025-03-05 22:14:00,177 : INFO : Machine : Mission Pinball Framework Core Engine v0.57.0
2025-03-05 22:14:00,177 : INFO : Machine : Command line arguments: {'no_load_cache': False, 'create_config_cache': True, 'bcp': True, 'configfile': ['config.yaml'], 'force_assets_load': False, 'platform_integration_test': False, 'jsonlogging': False, 'logfile': 'logs\\2025-03-05-22-14-00-mpf-T0SHIII.log', 'pause': False, 'production': False, 'text_ui': True, 'loglevel': 15, 'consoleloglevel': 20, 'force_platform': 'smart_virtual', 'syslog_address': None, 'mc_file_name': None, 'no_sound': False}
2025-03-05 22:14:00,177 : INFO : Machine : MPF path: C:\Users\duffb\.pyenv\pyenv-win\versions\3.11.0\Lib\site-packages\mpf
2025-03-05 22:14:00,177 : INFO : Machine : Machine path: C:\Users\duffb\OneDrive\Documents\Python Envs\PinBallWW1\Machine
2025-03-05 22:14:00,177 : INFO : Machine : Platform: win32
2025-03-05 22:14:00,177 : INFO : Machine : Python executable location: C:\Users\duffb\.pyenv\pyenv-win\versions\3.11.0\python.exe
2025-03-05 22:14:00,177 : INFO : Machine : Python version: 3.11.0 (64-bit)
2025-03-05 22:14:00,179 : INFO : Machine : Initializing MPF...
2025-03-05 22:14:00,338 : INFO : EventManager : Event: ======'machine_var_credits_string'====== Args={'value': 'FREE PLAY', 'prev_value': None, 'change': True}
2025-03-05 22:14:00,395 : INFO : EventManager : Event: ======'machine_var_master_volume'====== Args={'value': 0.5, 'prev_value': None, 'change': True}
2025-03-05 22:14:00,395 : INFO : EventManager : Event: ======'machine_var_player1_score'====== Args={'value': 0, 'prev_value': None, 'change': True}
2025-03-05 22:14:00,395 : INFO : EventManager : Event: ======'machine_var_mpf_version'====== Args={'value': 'Mission Pinball Framework v0.57.0', 'prev_value': None, 'change': True}
2025-03-05 22:14:00,395 : INFO : EventManager : Event: ======'machine_var_mpf_extended_version'====== Args={'value': 'Mission Pinball Framework v0.57.0, Config version:6, Show version: 6, BCP version:1.1', 'prev_value': None, 'change': True}
2025-03-05 22:14:00,395 : INFO : EventManager : Event: ======'machine_var_python_version'====== Args={'value': '3.11.0', 'prev_value': None, 'change': True}
2025-03-05 22:14:00,404 : INFO : EventManager : Event: ======'machine_var_platform'====== Args={'value': 'Windows-10-10.0.26100-SP0', 'prev_value': None, 'change': True}
2025-03-05 22:14:00,404 : INFO : EventManager : Event: ======'machine_var_platform_system'====== Args={'value': 'Windows', 'prev_value': None, 'change': True}
2025-03-05 22:14:00,405 : INFO : EventManager : Event: ======'machine_var_platform_release'====== Args={'value': '10', 'prev_value': None, 'change': True}
2025-03-05 22:14:00,405 : INFO : EventManager : Event: ======'machine_var_platform_version'====== Args={'value': '10.0.26100', 'prev_value': None, 'change': True}
2025-03-05 22:14:00,405 : INFO : EventManager : Event: ======'machine_var_platform_machine'====== Args={'value': 'AMD64', 'prev_value': None, 'change': True}
2025-03-05 22:14:00,405 : INFO : EventManager : Event: ======'init_phase_1'====== Args={}
2025-03-05 22:14:00,418 : INFO : EventManager : Event: ======'init_phase_2'====== Args={}
2025-03-05 22:14:00,419 : INFO : SwitchController : Found active switch: ('7', <Platform.SmartVirtual>) <switch.s_trough1>
2025-03-05 22:14:00,419 : INFO : SwitchController : Found active switch: ('10', <Platform.SmartVirtual>) <switch.s_trough2>
2025-03-05 22:14:00,419 : INFO : SwitchController : Found active switch: ('11', <Platform.SmartVirtual>) <switch.s_trough3>
2025-03-05 22:14:00,419 : INFO : EventManager : Event: ======'bcp_connection_attempt'====== Args={'name': 'local_display', 'host': 'localhost', 'port': 5050}
2025-03-05 22:14:00,421 : INFO : BCPClientSocket : Connecting BCP to 'local_display' at localhost:5050...
2025-03-05 22:14:02,470 : INFO : BCPClientSocket : Connected BCP to 'local_display' localhost:5050
2025-03-05 22:14:02,471 : INFO : EventManager : Event: ======'bcp_clients_connected'====== Args={}
2025-03-05 22:14:02,599 : INFO : ball_device.bd_drain : BCH: Initial count: 0
2025-03-05 22:14:02,599 : INFO : EventManager : Event: ======'machine_var_mc_version'====== Args={'value': 'MPF-MC v0.57.1', 'prev_value': None, 'change': True}
2025-03-05 22:14:02,600 : INFO : EventManager : Event: ======'machine_var_mc_extended_version'====== Args={'value': 'MPF-MC v0.57.1 (config_version=6, BCP v1.1,                      Requires MPF API compatibility v0.57.0 or newer)', 'prev_value': None, 'change': True}
2025-03-05 22:14:02,601 : INFO : ball_device.bd_drain : State: idle
2025-03-05 22:14:02,636 : INFO : ball_device.bd_trough : BCH: Initial count: 3
2025-03-05 22:14:02,636 : INFO : ball_device.bd_trough : State: idle
2025-03-05 22:14:02,637 : INFO : ball_device.bd_plunger_lane : BCH: Initial count: 0
2025-03-05 22:14:02,637 : INFO : ball_device.bd_plunger_lane : State: idle
2025-03-05 22:14:02,665 : INFO : EventManager : Event: ======'init_phase_3'====== Args={}
2025-03-05 22:14:02,668 : INFO : EventManager : Event: ======'init_phase_4'====== Args={}
2025-03-05 22:14:02,668 : INFO : BallController : Initial balls found: 3
2025-03-05 22:14:02,669 : INFO : EventManager : Event: ======'machine_var_audits_events_game_ended'====== Args={'value': 2, 'prev_value': None, 'change': True}
2025-03-05 22:14:02,670 : INFO : EventManager : Event: ======'machine_var_audits_events_game_started'====== Args={'value': 3, 'prev_value': None, 'change': True}
2025-03-05 22:14:02,670 : INFO : EventManager : Event: ======'machine_var_audits_missing_switches_s_drain'====== Args={'value': 3, 'prev_value': None, 'change': True}
2025-03-05 22:14:02,670 : INFO : EventManager : Event: ======'machine_var_audits_missing_switches_s_launcher_button'====== Args={'value': 1, 'prev_value': None, 'change': True}
2025-03-05 22:14:02,670 : INFO : EventManager : Event: ======'machine_var_audits_missing_switches_s_left_flipper'====== Args={'value': 2, 'prev_value': None, 'change': True}
2025-03-05 22:14:02,670 : INFO : EventManager : Event: ======'machine_var_audits_missing_switches_s_right_flipper'====== Args={'value': 2, 'prev_value': None, 'change': True}
2025-03-05 22:14:02,670 : INFO : EventManager : Event: ======'machine_var_audits_missing_switches_s_trough1'====== Args={'value': 1, 'prev_value': None, 'change': True}
2025-03-05 22:14:02,670 : INFO : EventManager : Event: ======'machine_var_audits_missing_switches_s_trough2'====== Args={'value': 2, 'prev_value': None, 'change': True}
2025-03-05 22:14:02,671 : INFO : EventManager : Event: ======'machine_var_audits_missing_switches_s_trough3'====== Args={'value': 3, 'prev_value': None, 'change': True}
2025-03-05 22:14:02,671 : INFO : EventManager : Event: ======'machine_var_audits_missing_switches_s_trough_enter'====== Args={'value': 3, 'prev_value': None, 'change': True}
2025-03-05 22:14:02,671 : INFO : EventManager : Event: ======'machine_var_audits_player_score'====== Args={'value': {'average': 0, 'top': [0, 0], 'total': 2}, 'prev_value': None, 'change': True}
2025-03-05 22:14:02,671 : INFO : EventManager : Event: ======'machine_var_audits_switches_s_drain'====== Args={'value': 0, 'prev_value': None, 'change': True}
2025-03-05 22:14:02,671 : INFO : EventManager : Event: ======'machine_var_audits_switches_s_launcher_button'====== Args={'value': 4, 'prev_value': None, 'change': True}
2025-03-05 22:14:02,671 : INFO : EventManager : Event: ======'machine_var_audits_switches_s_left_flipper'====== Args={'value': 9, 'prev_value': None, 'change': True}
2025-03-05 22:14:02,671 : INFO : EventManager : Event: ======'machine_var_audits_switches_s_playfield_entry'====== Args={'value': 8, 'prev_value': None, 'change': True}
2025-03-05 22:14:02,671 : INFO : EventManager : Event: ======'machine_var_audits_switches_s_plunger_lane'====== Args={'value': 14, 'prev_value': None, 'change': True}
2025-03-05 22:14:02,671 : INFO : EventManager : Event: ======'machine_var_audits_switches_s_right_flipper'====== Args={'value': 7, 'prev_value': None, 'change': True}
2025-03-05 22:14:02,672 : INFO : EventManager : Event: ======'machine_var_audits_switches_s_trough1'====== Args={'value': 6, 'prev_value': None, 'change': True}
2025-03-05 22:14:02,672 : INFO : EventManager : Event: ======'machine_var_audits_switches_s_trough2'====== Args={'value': 1, 'prev_value': None, 'change': True}
2025-03-05 22:14:02,672 : INFO : EventManager : Event: ======'machine_var_audits_switches_s_trough3'====== Args={'value': 0, 'prev_value': None, 'change': True}
2025-03-05 22:14:02,672 : INFO : EventManager : Event: ======'machine_var_audits_switches_s_trough_enter'====== Args={'value': 0, 'prev_value': None, 'change': True}
2025-03-05 22:14:02,672 : INFO : EventManager : Event: ======'init_phase_5'====== Args={}
2025-03-05 22:14:02,690 : INFO : EventManager : Event: ======'init_done'====== Args={}
2025-03-05 22:14:02,691 : INFO : EventManager : Event: ======'machine_reset_phase_1'====== Args={}
2025-03-05 22:14:03,257 : INFO : EventManager : Event: ======'slide_welcome_slide_removed'====== Args={'_from_bcp': True}
2025-03-05 22:14:03,257 : INFO : EventManager : Event: ======'slide_welcome_slide_created'====== Args={'_from_bcp': True}
2025-03-05 22:14:03,260 : INFO : EventManager : Event: ======'slide_welcome_slide_active'====== Args={'_from_bcp': True}
2025-03-05 22:14:03,260 : INFO : EventManager : Event: ======'machine_reset_phase_2'====== Args={}
2025-03-05 22:14:03,260 : INFO : EventManager : Event: ======'machine_reset_phase_3'====== Args={}
2025-03-05 22:14:03,260 : INFO : EventManager : Event: ======'reset_complete'====== Args={}
2025-03-05 22:14:03,260 : INFO : EventManager : Event: ======'mode_attract_will_start'====== Args={}
2025-03-05 22:14:03,260 : INFO : EventManager : Event: ======'mode_attract_starting'====== Args={}
2025-03-05 22:14:03,260 : INFO : Mode.attract : Started. Priority: 10
2025-03-05 22:14:03,260 : INFO : EventManager : Event: ======'modes_active_modes_changed'====== Args={}
2025-03-05 22:14:03,260 : INFO : EventManager : Event: ======'mode_attract_started'====== Args={}
2025-03-05 22:14:03,261 : INFO : EventManager : Event: ======'collecting_balls_complete'====== Args={}
2025-03-05 22:14:03,279 : INFO : Machine : Starting the main run loop.
2025-03-05 22:14:04,695 : INFO : SwitchController : <<<<<<< 's_launcher_button' active >>>>>>>
2025-03-05 22:14:04,758 : INFO : SwitchController : <<<<<<< 's_launcher_button' inactive >>>>>>>
2025-03-05 22:14:04,759 : INFO : EventManager : Event: ======'request_to_start_game'====== Args={}
2025-03-05 22:14:04,759 : INFO : EventManager : Event: ======'game_start'====== Args={'buttons': [], 'hold_time': 0.061999999976251274}
2025-03-05 22:14:04,760 : INFO : EventManager : Event: ======'mode_game_will_start'====== Args={'buttons': [], 'hold_time': 0.061999999976251274}
2025-03-05 22:14:04,761 : INFO : EventManager : Event: ======'mode_game_starting'====== Args={'buttons': [], 'hold_time': 0.061999999976251274}
2025-03-05 22:14:04,761 : INFO : EventManager : Event: ======'mode_attract_will_stop'====== Args={}
2025-03-05 22:14:04,762 : INFO : EventManager : Event: ======'mode_attract_stopping'====== Args={}
2025-03-05 22:14:04,762 : INFO : Mode.attract : Stopped.
2025-03-05 22:14:04,762 : INFO : EventManager : Event: ======'modes_active_modes_changed'====== Args={}
2025-03-05 22:14:04,762 : INFO : EventManager : Event: ======'mode_attract_stopped'====== Args={}
2025-03-05 22:14:04,763 : INFO : EventManager : Event: ======'clear'====== Args={'key': 'attract'}
2025-03-05 22:14:04,763 : INFO : Mode.game : Started. Priority: 20
2025-03-05 22:14:04,763 : INFO : EventManager : Event: ======'modes_active_modes_changed'====== Args={}
2025-03-05 22:14:04,763 : INFO : EventManager : Event: ======'mode_game_started'====== Args={'buttons': [], 'hold_time': 0.061999999976251274}
2025-03-05 22:14:04,776 : INFO : EventManager : Event: ======'game_will_start'====== Args={}
2025-03-05 22:14:04,776 : INFO : EventManager : Event: ======'game_starting'====== Args={'game': <Mode.game>}
2025-03-05 22:14:04,777 : INFO : EventManager : Unordered handler for class <Auditor> on event game_ended with priority 1. Handlers: [RegisteredHandler(callback=<bound method Auditor.disable of <Auditor>>, priority=1, kwargs={}, key=UUID('989bc42b-36a4-4f1e-bee2-49672aec97b9'), condition=None, blocking_facility=None), RegisteredHandler(callback=<bound method Auditor._save_audits of <Auditor>>, priority=1, kwargs={}, key=UUID('fb99e5b0-2a25-47d0-80dc-e8dafb196c0a'), condition=None, blocking_facility=None)]. The order of those handlers is not defined and they will be executed in random order. This might lead to race conditions and potential bugs.
2025-03-05 22:14:04,777 : INFO : EventManager : Event: ======'player_add_request'====== Args={}
2025-03-05 22:14:04,777 : INFO : EventManager : Event: ======'player_will_add'====== Args={'number': 1}
2025-03-05 22:14:04,777 : INFO : EventManager : Event: ======'player_adding'====== Args={'player': <Player 1>, 'number': 1}
2025-03-05 22:14:04,777 : INFO : EventManager : Event: ======'player_added'====== Args={'player': <Player 1>, 'num': 1}
2025-03-05 22:14:04,777 : INFO : Mode.game : Player added successfully. Total players: 1
2025-03-05 22:14:04,778 : INFO : EventManager : Event: ======'player_index'====== Args={'value': 0, 'prev_value': 0, 'change': 0, 'player_num': 1}
2025-03-05 22:14:04,778 : INFO : EventManager : Event: ======'player_number'====== Args={'value': 1, 'prev_value': 1, 'change': 0, 'player_num': 1}
2025-03-05 22:14:04,778 : INFO : EventManager : Event: ======'player_score'====== Args={'value': 0, 'prev_value': 0, 'change': 0, 'player_num': 1}
2025-03-05 22:14:04,779 : INFO : EventManager : Event: ======'game_started'====== Args={}
2025-03-05 22:14:04,791 : INFO : EventManager : Event: ======'player_turn_will_start'====== Args={'player': <Player 1>, 'number': 1}
2025-03-05 22:14:04,791 : INFO : EventManager : Event: ======'player_turn_starting'====== Args={'player': <Player 1>, 'number': 1}
2025-03-05 22:14:04,791 : INFO : EventManager : Event: ======'player_ball'====== Args={'value': 1, 'prev_value': 0, 'change': 1, 'player_num': 1}
2025-03-05 22:14:04,792 : INFO : EventManager : Event: ======'player_turn_started'====== Args={'player': <Player 1>, 'number': 1}
2025-03-05 22:14:04,793 : INFO : EventManager : Event: ======'ball_will_start'====== Args={'player': 1, 'ball': 1, 'balls_remaining': 2, 'is_extra_ball': False}
2025-03-05 22:14:04,795 : INFO : EventManager : Event: ======'ball_starting'====== Args={'player': 1, 'ball': 1, 'balls_remaining': 2, 'is_extra_ball': False}
2025-03-05 22:14:04,795 : INFO : EventManager : Event: ======'balls_in_play'====== Args={'balls': 1}
2025-03-05 22:14:04,795 : INFO : EventManager : Event: ======'ball_started'====== Args={'player': 1, 'ball': 1, 'balls_remaining': 2, 'is_extra_ball': False}
2025-03-05 22:14:04,796 : INFO : EventManager : Event: ======'single_player_ball_started'====== Args={}
2025-03-05 22:14:04,796 : INFO : EventManager : Event: ======'ball_start_target'====== Args={'target': 'playfield'}
2025-03-05 22:14:04,796 : INFO : ball_device.bd_plunger_lane : Setting up player-controlled eject. Balls: 1, Target: <playfield.playfield>, player_controlled_eject_event: None
2025-03-05 22:14:04,796 : INFO : ball_device.bd_plunger_lane : Adding 1 ball(s) to the eject_queue with target <playfield.playfield>.
2025-03-05 22:14:04,796 : INFO : EventManager : Event: ======'balldevice_balls_available'====== Args={}
2025-03-05 22:14:04,796 : INFO : ball_device.bd_trough : State: waiting_for_target_ready
2025-03-05 22:14:04,796 : INFO : EventManager : Event: ======'balldevice_bd_trough_ball_eject_attempt'====== Args={'balls': 1, 'target': <ball_device.bd_plunger_lane>, 'source': <ball_device.bd_trough>, 'mechanical_eject': False, 'num_attempts': 0}
2025-03-05 22:14:04,796 : INFO : ball_device.bd_plunger_lane : State: waiting_for_ball
2025-03-05 22:14:04,797 : INFO : ball_device.bd_trough : State: ejecting
2025-03-05 22:14:04,797 : INFO : ball_device.bd_trough : Ejecting ball to <ball_device.bd_plunger_lane>
2025-03-05 22:14:04,797 : INFO : EventManager : Event: ======'balldevice_bd_trough_ejecting_ball'====== Args={'balls': 1, 'target': <ball_device.bd_plunger_lane>, 'source': <ball_device.bd_trough>, 'mechanical_eject': False, 'num_attempts': 0}
2025-03-05 22:14:04,797 : INFO : ball_device.bd_trough : Wait for ball to leave device
2025-03-05 22:14:04,798 : INFO : coil.c_trough_release : Pulsing Driver for 20ms (1.0 pulse_power)
2025-03-05 22:14:04,798 : INFO : SwitchController : <<<<<<< 's_trough1' inactive >>>>>>>
2025-03-05 22:14:04,802 : INFO : ball_device.bd_trough : State: ball_left
2025-03-05 22:14:04,802 : INFO : ball_device.bd_trough : Ball left
2025-03-05 22:14:04,802 : INFO : ball_device.bd_trough : Wait for confirm with timeout 3.0
2025-03-05 22:14:04,813 : INFO : EventManager : Event: ======'slide__global.slide_player-ball_started_created'====== Args={'_from_bcp': True}
2025-03-05 22:14:04,814 : INFO : EventManager : Event: ======'slide__global.slide_player-ball_started_active'====== Args={'_from_bcp': True}
2025-03-05 22:14:04,859 : INFO : SwitchController : <<<<<<< 's_plunger_lane' active >>>>>>>
2025-03-05 22:14:04,860 : INFO : EventManager : Event: ======'machine_var_audits_switches_s_plunger_lane'====== Args={'value': 15, 'prev_value': 14, 'change': 1}
2025-03-05 22:14:04,876 : INFO : SwitchController : <<<<<<< 's_plunger_lane' inactive >>>>>>>
2025-03-05 22:14:04,914 : INFO : SwitchController : <<<<<<< 's_plunger_lane' active >>>>>>>
2025-03-05 22:14:04,914 : INFO : EventManager : Event: ======'machine_var_audits_switches_s_plunger_lane'====== Args={'value': 16, 'prev_value': 15, 'change': 1}
2025-03-05 22:14:05,422 : INFO : ball_device.bd_plunger_lane : Received ball from <ball_device.bd_trough>
2025-03-05 22:14:05,422 : INFO : EventManager : Event: ======'balldevice_bd_plunger_lane_ball_enter'====== Args={'new_balls': 1, 'unclaimed_balls': 0, 'new_available_balls': 0, 'device': <ball_device.bd_plunger_lane>}
2025-03-05 22:14:05,425 : INFO : EventManager : Event: ======'balldevice_bd_plunger_lane_ball_entered'====== Args={'new_balls': 0, 'device': <ball_device.bd_plunger_lane>}
2025-03-05 22:14:05,426 : INFO : EventManager : Event: ======'balldevice_bd_plunger_lane_ball_count_changed'====== Args={'balls': 1}
2025-03-05 22:14:05,426 : INFO : ball_device.bd_trough : Got eject confirm
2025-03-05 22:14:05,426 : INFO : ball_device.bd_trough : Eject successful
2025-03-05 22:14:05,426 : INFO : EventManager : Event: ======'balldevice_bd_trough_ball_eject_success'====== Args={'balls': 1, 'target': <ball_device.bd_plunger_lane>}
2025-03-05 22:14:05,427 : INFO : ball_device.bd_plunger_lane : State: waiting_for_target_ready
2025-03-05 22:14:05,427 : INFO : EventManager : Event: ======'balldevice_bd_plunger_lane_ball_eject_attempt'====== Args={'balls': 1, 'target': <playfield.playfield>, 'source': <ball_device.bd_plunger_lane>, 'mechanical_eject': False, 'num_attempts': 0}
2025-03-05 22:14:05,427 : INFO : EventManager : Event: ======'balldevice_bd_trough_ball_count_changed'====== Args={'balls': 2}
2025-03-05 22:14:05,427 : INFO : ball_device.bd_trough : State: idle
2025-03-05 22:14:05,429 : INFO : ball_device.bd_plunger_lane : State: ejecting
2025-03-05 22:14:05,429 : INFO : ball_device.bd_plunger_lane : Ejecting ball to <playfield.playfield>
2025-03-05 22:14:05,430 : INFO : EventManager : Event: ======'balldevice_bd_plunger_lane_ejecting_ball'====== Args={'balls': 1, 'target': <playfield.playfield>, 'source': <ball_device.bd_plunger_lane>, 'mechanical_eject': False, 'num_attempts': 0}
2025-03-05 22:14:05,431 : INFO : ball_device.bd_plunger_lane : Wait for ball to leave device
2025-03-05 22:14:05,431 : INFO : coil.c_autolauncher : Pulsing Driver for 20ms (1.0 pulse_power)
2025-03-05 22:14:05,431 : INFO : SwitchController : <<<<<<< 's_plunger_lane' inactive >>>>>>>
2025-03-05 22:14:05,457 : INFO : ball_device.bd_plunger_lane : State: ball_left
2025-03-05 22:14:05,457 : INFO : ball_device.bd_plunger_lane : Ball left
2025-03-05 22:14:05,457 : INFO : ball_device.bd_plunger_lane : Wait for confirm with timeout 3.0
2025-03-05 22:14:05,501 : INFO : SwitchController : <<<<<<< 's_playfield_entry' active >>>>>>>
2025-03-05 22:14:05,502 : INFO : EventManager : Event: ======'sw_playfield_active'====== Args={}
2025-03-05 22:14:05,502 : INFO : EventManager : Event: ======'machine_var_audits_switches_s_playfield_entry'====== Args={'value': 9, 'prev_value': 8, 'change': 1}
2025-03-05 22:14:05,504 : INFO : EventManager : Event: ======'playfield_active'====== Args={}
2025-03-05 22:14:05,530 : INFO : SwitchController : <<<<<<< 's_playfield_entry' inactive >>>>>>>
2025-03-05 22:14:05,554 : INFO : ball_device.bd_plunger_lane : Got eject confirm
2025-03-05 22:14:05,555 : INFO : ball_device.bd_plunger_lane : Eject successful
2025-03-05 22:14:05,555 : INFO : EventManager : Event: ======'balldevice_bd_plunger_lane_ball_eject_success'====== Args={'balls': 1, 'target': <playfield.playfield>}
2025-03-05 22:14:05,556 : INFO : EventManager : Event: ======'balldevice_playfield_ball_enter'====== Args={'new_balls': 1, 'unclaimed_balls': 1, 'device': <playfield.playfield>}
2025-03-05 22:14:05,557 : INFO : EventManager : Event: ======'playfield_ball_count_change'====== Args={'balls': 1, 'change': 1}
2025-03-05 22:14:05,557 : INFO : EventManager : Event: ======'balldevice_bd_plunger_lane_ball_count_changed'====== Args={'balls': 0}
2025-03-05 22:14:05,922 : INFO : ball_device.bd_plunger_lane : State: idle
2025-03-05 22:14:07,430 : INFO : SwitchController : <<<<<<< 's_trough1' active >>>>>>>
2025-03-05 22:14:07,430 : INFO : EventManager : Event: ======'machine_var_audits_switches_s_trough1'====== Args={'value': 7, 'prev_value': 6, 'change': 1}
2025-03-05 22:14:07,931 : INFO : EventManager : Event: ======'balldevice_bd_trough_ball_count_changed'====== Args={'balls': 3}
2025-03-05 22:14:07,931 : INFO : ball_device.bd_trough : Received unexpected ball
2025-03-05 22:14:07,932 : INFO : EventManager : Event: ======'balldevice_captured_from_playfield'====== Args={'balls': 1}
2025-03-05 22:14:07,932 : INFO : EventManager : Event: ======'sw_playfield_active'====== Args={'balls': 1}
2025-03-05 22:14:07,932 : INFO : EventManager : Event: ======'playfield_ball_count_change'====== Args={'balls': 0, 'change': -1}
2025-03-05 22:14:07,934 : INFO : EventManager : Event: ======'balldevice_bd_trough_ball_enter'====== Args={'new_balls': 1, 'unclaimed_balls': 1, 'new_available_balls': 1, 'device': <ball_device.bd_trough>}
2025-03-05 22:14:07,934 : INFO : EventManager : Event: ======'ball_drain'====== Args={'device': <ball_device.bd_trough>, 'balls': 1}
2025-03-05 22:14:07,935 : INFO : EventManager : Event: ======'ball_will_end'====== Args={}
2025-03-05 22:14:07,936 : INFO : EventManager : Event: ======'balldevice_balls_available'====== Args={}
2025-03-05 22:14:07,936 : INFO : EventManager : Event: ======'balldevice_bd_trough_ball_entered'====== Args={'new_balls': 1, 'device': <ball_device.bd_trough>}
2025-03-05 22:14:07,937 : INFO : EventManager : Event: ======'ball_ending'====== Args={}
2025-03-05 22:14:07,938 : INFO : EventManager : Event: ======'ball_ended'====== Args={}
2025-03-05 22:14:07,941 : INFO : EventManager : Event: ======'player_turn_will_end'====== Args={'player': <Player 1>, 'number': 1}
2025-03-05 22:14:07,956 : INFO : EventManager : Event: ======'player_turn_ending'====== Args={'player': <Player 1>, 'number': 1}
2025-03-05 22:14:07,957 : INFO : EventManager : Event: ======'player_turn_ended'====== Args={'player': <Player 1>, 'number': 1}
2025-03-05 22:14:07,957 : INFO : EventManager : Event: ======'player_turn_will_start'====== Args={'player': <Player 1>, 'number': 1}
2025-03-05 22:14:07,957 : INFO : EventManager : Event: ======'player_turn_starting'====== Args={'player': <Player 1>, 'number': 1}
2025-03-05 22:14:07,957 : INFO : EventManager : Event: ======'player_ball'====== Args={'value': 2, 'prev_value': 1, 'change': 1, 'player_num': 1}
2025-03-05 22:14:07,958 : INFO : EventManager : Event: ======'player_turn_started'====== Args={'player': <Player 1>, 'number': 1}
2025-03-05 22:14:07,960 : INFO : EventManager : Event: ======'ball_will_start'====== Args={'player': 1, 'ball': 2, 'balls_remaining': 1, 'is_extra_ball': False}
2025-03-05 22:14:07,969 : INFO : EventManager : Event: ======'ball_starting'====== Args={'player': 1, 'ball': 2, 'balls_remaining': 1, 'is_extra_ball': False}
2025-03-05 22:14:07,970 : INFO : EventManager : Event: ======'balls_in_play'====== Args={'balls': 1}
2025-03-05 22:14:07,971 : INFO : EventManager : Event: ======'ball_started'====== Args={'player': 1, 'ball': 2, 'balls_remaining': 1, 'is_extra_ball': False}
2025-03-05 22:14:07,972 : INFO : EventManager : Event: ======'single_player_ball_started'====== Args={}
2025-03-05 22:14:07,974 : INFO : EventManager : Event: ======'ball_start_target'====== Args={'target': 'playfield'}
2025-03-05 22:14:07,974 : INFO : ball_device.bd_plunger_lane : Setting up player-controlled eject. Balls: 1, Target: <playfield.playfield>, player_controlled_eject_event: None
2025-03-05 22:14:07,974 : INFO : ball_device.bd_plunger_lane : Adding 1 ball(s) to the eject_queue with target <playfield.playfield>.
2025-03-05 22:14:07,974 : INFO : EventManager : Event: ======'balldevice_balls_available'====== Args={}
2025-03-05 22:14:07,975 : INFO : ball_device.bd_trough : State: waiting_for_target_ready
2025-03-05 22:14:07,975 : INFO : EventManager : Event: ======'balldevice_bd_trough_ball_eject_attempt'====== Args={'balls': 1, 'target': <ball_device.bd_plunger_lane>, 'source': <ball_device.bd_trough>, 'mechanical_eject': False, 'num_attempts': 0}
2025-03-05 22:14:07,975 : INFO : ball_device.bd_plunger_lane : State: waiting_for_ball
2025-03-05 22:14:07,975 : INFO : ball_device.bd_trough : State: ejecting
2025-03-05 22:14:07,976 : INFO : ball_device.bd_trough : Ejecting ball to <ball_device.bd_plunger_lane>
2025-03-05 22:14:07,976 : INFO : EventManager : Event: ======'balldevice_bd_trough_ejecting_ball'====== Args={'balls': 1, 'target': <ball_device.bd_plunger_lane>, 'source': <ball_device.bd_trough>, 'mechanical_eject': False, 'num_attempts': 0}
2025-03-05 22:14:07,976 : INFO : ball_device.bd_trough : Wait for ball to leave device
2025-03-05 22:14:07,976 : INFO : coil.c_trough_release : Pulsing Driver for 20ms (1.0 pulse_power)
2025-03-05 22:14:07,976 : INFO : SwitchController : <<<<<<< 's_trough1' inactive >>>>>>>
2025-03-05 22:14:07,986 : INFO : ball_device.bd_trough : State: ball_left
2025-03-05 22:14:07,986 : INFO : ball_device.bd_trough : Ball left
2025-03-05 22:14:07,987 : INFO : ball_device.bd_trough : Wait for confirm with timeout 3.0
2025-03-05 22:14:07,988 : INFO : EventManager : Event: ======'slide__global.slide_player-ball_started_removed'====== Args={'_from_bcp': True}
2025-03-05 22:14:07,989 : INFO : EventManager : Event: ======'slide__global.slide_player-ball_started_created'====== Args={'_from_bcp': True}
2025-03-05 22:14:07,990 : INFO : EventManager : Event: ======'slide__global.slide_player-ball_started_active'====== Args={'_from_bcp': True}
2025-03-05 22:14:08,039 : INFO : SwitchController : <<<<<<< 's_plunger_lane' active >>>>>>>
2025-03-05 22:14:08,041 : INFO : EventManager : Event: ======'machine_var_audits_switches_s_plunger_lane'====== Args={'value': 17, 'prev_value': 16, 'change': 1}
2025-03-05 22:14:08,065 : INFO : SwitchController : <<<<<<< 's_plunger_lane' inactive >>>>>>>
2025-03-05 22:14:08,086 : INFO : SwitchController : <<<<<<< 's_plunger_lane' active >>>>>>>
2025-03-05 22:14:08,087 : INFO : EventManager : Event: ======'machine_var_audits_switches_s_plunger_lane'====== Args={'value': 18, 'prev_value': 17, 'change': 1}
2025-03-05 22:14:08,588 : INFO : ball_device.bd_plunger_lane : Received ball from <ball_device.bd_trough>
2025-03-05 22:14:08,589 : INFO : EventManager : Event: ======'balldevice_bd_plunger_lane_ball_enter'====== Args={'new_balls': 1, 'unclaimed_balls': 0, 'new_available_balls': 0, 'device': <ball_device.bd_plunger_lane>}
2025-03-05 22:14:08,590 : INFO : EventManager : Event: ======'balldevice_bd_plunger_lane_ball_entered'====== Args={'new_balls': 0, 'device': <ball_device.bd_plunger_lane>}
2025-03-05 22:14:08,590 : INFO : EventManager : Event: ======'balldevice_bd_plunger_lane_ball_count_changed'====== Args={'balls': 1}
2025-03-05 22:14:08,591 : INFO : ball_device.bd_trough : Got eject confirm
2025-03-05 22:14:08,591 : INFO : ball_device.bd_trough : Eject successful
2025-03-05 22:14:08,591 : INFO : EventManager : Event: ======'balldevice_bd_trough_ball_eject_success'====== Args={'balls': 1, 'target': <ball_device.bd_plunger_lane>}
2025-03-05 22:14:08,592 : INFO : ball_device.bd_plunger_lane : State: waiting_for_target_ready
2025-03-05 22:14:08,592 : INFO : EventManager : Event: ======'balldevice_bd_plunger_lane_ball_eject_attempt'====== Args={'balls': 1, 'target': <playfield.playfield>, 'source': <ball_device.bd_plunger_lane>, 'mechanical_eject': False, 'num_attempts': 0}
2025-03-05 22:14:08,594 : INFO : EventManager : Event: ======'balldevice_bd_trough_ball_count_changed'====== Args={'balls': 2}
2025-03-05 22:14:08,594 : INFO : ball_device.bd_trough : State: idle
2025-03-05 22:14:08,595 : INFO : ball_device.bd_plunger_lane : State: ejecting
2025-03-05 22:14:08,595 : INFO : ball_device.bd_plunger_lane : Ejecting ball to <playfield.playfield>
2025-03-05 22:14:08,596 : INFO : EventManager : Event: ======'balldevice_bd_plunger_lane_ejecting_ball'====== Args={'balls': 1, 'target': <playfield.playfield>, 'source': <ball_device.bd_plunger_lane>, 'mechanical_eject': False, 'num_attempts': 0}
2025-03-05 22:14:08,598 : INFO : ball_device.bd_plunger_lane : Wait for ball to leave device
2025-03-05 22:14:08,599 : INFO : coil.c_autolauncher : Pulsing Driver for 20ms (1.0 pulse_power)
2025-03-05 22:14:08,599 : INFO : SwitchController : <<<<<<< 's_plunger_lane' inactive >>>>>>>
2025-03-05 22:14:08,627 : INFO : ball_device.bd_plunger_lane : State: ball_left
2025-03-05 22:14:08,628 : INFO : ball_device.bd_plunger_lane : Ball left
2025-03-05 22:14:08,629 : INFO : ball_device.bd_plunger_lane : Wait for confirm with timeout 3.0
2025-03-05 22:14:08,651 : INFO : SwitchController : <<<<<<< 's_playfield_entry' active >>>>>>>
2025-03-05 22:14:08,652 : INFO : EventManager : Event: ======'sw_playfield_active'====== Args={}
2025-03-05 22:14:08,653 : INFO : EventManager : Event: ======'machine_var_audits_switches_s_playfield_entry'====== Args={'value': 10, 'prev_value': 9, 'change': 1}
2025-03-05 22:14:08,656 : INFO : EventManager : Event: ======'playfield_active'====== Args={}
2025-03-05 22:14:08,687 : INFO : SwitchController : <<<<<<< 's_playfield_entry' inactive >>>>>>>
2025-03-05 22:14:08,702 : INFO : ball_device.bd_plunger_lane : Got eject confirm
2025-03-05 22:14:08,702 : INFO : ball_device.bd_plunger_lane : Eject successful
2025-03-05 22:14:08,703 : INFO : EventManager : Event: ======'balldevice_bd_plunger_lane_ball_eject_success'====== Args={'balls': 1, 'target': <playfield.playfield>}
2025-03-05 22:14:08,703 : INFO : EventManager : Event: ======'balldevice_playfield_ball_enter'====== Args={'new_balls': 1, 'unclaimed_balls': 1, 'device': <playfield.playfield>}
2025-03-05 22:14:08,703 : INFO : EventManager : Event: ======'playfield_ball_count_change'====== Args={'balls': 1, 'change': 1}
2025-03-05 22:14:08,703 : INFO : EventManager : Event: ======'balldevice_bd_plunger_lane_ball_count_changed'====== Args={'balls': 0}
2025-03-05 22:14:09,103 : INFO : ball_device.bd_plunger_lane : State: idle
2025-03-05 22:14:11,467 : INFO : SwitchController : <<<<<<< 's_trough1' active >>>>>>>
2025-03-05 22:14:11,467 : INFO : EventManager : Event: ======'machine_var_audits_switches_s_trough1'====== Args={'value': 8, 'prev_value': 7, 'change': 1}
2025-03-05 22:14:11,971 : INFO : EventManager : Event: ======'balldevice_bd_trough_ball_count_changed'====== Args={'balls': 3}
2025-03-05 22:14:11,972 : INFO : ball_device.bd_trough : Received unexpected ball
2025-03-05 22:14:11,972 : INFO : EventManager : Event: ======'balldevice_captured_from_playfield'====== Args={'balls': 1}
2025-03-05 22:14:11,972 : INFO : EventManager : Event: ======'sw_playfield_active'====== Args={'balls': 1}
2025-03-05 22:14:11,974 : INFO : EventManager : Event: ======'playfield_ball_count_change'====== Args={'balls': 0, 'change': -1}
2025-03-05 22:14:11,975 : INFO : EventManager : Event: ======'balldevice_bd_trough_ball_enter'====== Args={'new_balls': 1, 'unclaimed_balls': 1, 'new_available_balls': 1, 'device': <ball_device.bd_trough>}
2025-03-05 22:14:11,975 : INFO : EventManager : Event: ======'ball_drain'====== Args={'device': <ball_device.bd_trough>, 'balls': 1}
2025-03-05 22:14:11,976 : INFO : EventManager : Event: ======'ball_will_end'====== Args={}
2025-03-05 22:14:11,976 : INFO : EventManager : Event: ======'balldevice_balls_available'====== Args={}
2025-03-05 22:14:11,976 : INFO : EventManager : Event: ======'balldevice_bd_trough_ball_entered'====== Args={'new_balls': 1, 'device': <ball_device.bd_trough>}
2025-03-05 22:14:11,977 : INFO : EventManager : Event: ======'ball_ending'====== Args={}
2025-03-05 22:14:11,978 : INFO : EventManager : Event: ======'ball_ended'====== Args={}
2025-03-05 22:14:11,980 : INFO : EventManager : Event: ======'player_turn_will_end'====== Args={'player': <Player 1>, 'number': 1}
2025-03-05 22:14:11,988 : INFO : EventManager : Event: ======'player_turn_ending'====== Args={'player': <Player 1>, 'number': 1}
2025-03-05 22:14:11,989 : INFO : EventManager : Event: ======'player_turn_ended'====== Args={'player': <Player 1>, 'number': 1}
2025-03-05 22:14:11,989 : INFO : EventManager : Event: ======'player_turn_will_start'====== Args={'player': <Player 1>, 'number': 1}
2025-03-05 22:14:11,989 : INFO : EventManager : Event: ======'player_turn_starting'====== Args={'player': <Player 1>, 'number': 1}
2025-03-05 22:14:11,989 : INFO : EventManager : Event: ======'player_ball'====== Args={'value': 3, 'prev_value': 2, 'change': 1, 'player_num': 1}
2025-03-05 22:14:11,990 : INFO : EventManager : Event: ======'player_turn_started'====== Args={'player': <Player 1>, 'number': 1}
2025-03-05 22:14:11,990 : INFO : EventManager : Event: ======'ball_will_start'====== Args={'player': 1, 'ball': 3, 'balls_remaining': 0, 'is_extra_ball': False}
2025-03-05 22:14:11,996 : INFO : EventManager : Event: ======'ball_starting'====== Args={'player': 1, 'ball': 3, 'balls_remaining': 0, 'is_extra_ball': False}
2025-03-05 22:14:11,996 : INFO : EventManager : Event: ======'balls_in_play'====== Args={'balls': 1}
2025-03-05 22:14:11,996 : INFO : EventManager : Event: ======'ball_started'====== Args={'player': 1, 'ball': 3, 'balls_remaining': 0, 'is_extra_ball': False}
2025-03-05 22:14:11,998 : INFO : EventManager : Event: ======'single_player_ball_started'====== Args={}
2025-03-05 22:14:11,998 : INFO : EventManager : Event: ======'ball_start_target'====== Args={'target': 'playfield'}
2025-03-05 22:14:11,998 : INFO : ball_device.bd_plunger_lane : Setting up player-controlled eject. Balls: 1, Target: <playfield.playfield>, player_controlled_eject_event: None
2025-03-05 22:14:11,998 : INFO : ball_device.bd_plunger_lane : Adding 1 ball(s) to the eject_queue with target <playfield.playfield>.
2025-03-05 22:14:11,998 : INFO : EventManager : Event: ======'balldevice_balls_available'====== Args={}
2025-03-05 22:14:11,999 : INFO : ball_device.bd_trough : State: waiting_for_target_ready
2025-03-05 22:14:11,999 : INFO : EventManager : Event: ======'balldevice_bd_trough_ball_eject_attempt'====== Args={'balls': 1, 'target': <ball_device.bd_plunger_lane>, 'source': <ball_device.bd_trough>, 'mechanical_eject': False, 'num_attempts': 0}
2025-03-05 22:14:11,999 : INFO : ball_device.bd_plunger_lane : State: waiting_for_ball
2025-03-05 22:14:11,999 : INFO : ball_device.bd_trough : State: ejecting
2025-03-05 22:14:11,999 : INFO : ball_device.bd_trough : Ejecting ball to <ball_device.bd_plunger_lane>
2025-03-05 22:14:11,999 : INFO : EventManager : Event: ======'balldevice_bd_trough_ejecting_ball'====== Args={'balls': 1, 'target': <ball_device.bd_plunger_lane>, 'source': <ball_device.bd_trough>, 'mechanical_eject': False, 'num_attempts': 0}
2025-03-05 22:14:12,000 : INFO : ball_device.bd_trough : Wait for ball to leave device
2025-03-05 22:14:12,000 : INFO : coil.c_trough_release : Pulsing Driver for 20ms (1.0 pulse_power)
2025-03-05 22:14:12,000 : INFO : SwitchController : <<<<<<< 's_trough1' inactive >>>>>>>
2025-03-05 22:14:12,010 : INFO : ball_device.bd_trough : State: ball_left
2025-03-05 22:14:12,010 : INFO : ball_device.bd_trough : Ball left
2025-03-05 22:14:12,010 : INFO : ball_device.bd_trough : Wait for confirm with timeout 3.0
2025-03-05 22:14:12,014 : INFO : EventManager : Event: ======'slide__global.slide_player-ball_started_removed'====== Args={'_from_bcp': True}
2025-03-05 22:14:12,016 : INFO : EventManager : Event: ======'slide__global.slide_player-ball_started_created'====== Args={'_from_bcp': True}
2025-03-05 22:14:12,017 : INFO : EventManager : Event: ======'slide__global.slide_player-ball_started_active'====== Args={'_from_bcp': True}
2025-03-05 22:14:12,064 : INFO : SwitchController : <<<<<<< 's_plunger_lane' active >>>>>>>
2025-03-05 22:14:12,065 : INFO : EventManager : Event: ======'machine_var_audits_switches_s_plunger_lane'====== Args={'value': 19, 'prev_value': 18, 'change': 1}
2025-03-05 22:14:12,079 : INFO : SwitchController : <<<<<<< 's_plunger_lane' inactive >>>>>>>
2025-03-05 22:14:12,117 : INFO : SwitchController : <<<<<<< 's_plunger_lane' active >>>>>>>
2025-03-05 22:14:12,118 : INFO : EventManager : Event: ======'machine_var_audits_switches_s_plunger_lane'====== Args={'value': 20, 'prev_value': 19, 'change': 1}
2025-03-05 22:14:12,625 : INFO : ball_device.bd_plunger_lane : Received ball from <ball_device.bd_trough>
2025-03-05 22:14:12,625 : INFO : EventManager : Event: ======'balldevice_bd_plunger_lane_ball_enter'====== Args={'new_balls': 1, 'unclaimed_balls': 0, 'new_available_balls': 0, 'device': <ball_device.bd_plunger_lane>}
2025-03-05 22:14:12,626 : INFO : EventManager : Event: ======'balldevice_bd_plunger_lane_ball_entered'====== Args={'new_balls': 0, 'device': <ball_device.bd_plunger_lane>}
2025-03-05 22:14:12,627 : INFO : EventManager : Event: ======'balldevice_bd_plunger_lane_ball_count_changed'====== Args={'balls': 1}
2025-03-05 22:14:12,627 : INFO : ball_device.bd_trough : Got eject confirm
2025-03-05 22:14:12,628 : INFO : ball_device.bd_trough : Eject successful
2025-03-05 22:14:12,628 : INFO : EventManager : Event: ======'balldevice_bd_trough_ball_eject_success'====== Args={'balls': 1, 'target': <ball_device.bd_plunger_lane>}
2025-03-05 22:14:12,628 : INFO : ball_device.bd_plunger_lane : State: waiting_for_target_ready
2025-03-05 22:14:12,629 : INFO : EventManager : Event: ======'balldevice_bd_plunger_lane_ball_eject_attempt'====== Args={'balls': 1, 'target': <playfield.playfield>, 'source': <ball_device.bd_plunger_lane>, 'mechanical_eject': False, 'num_attempts': 0}
2025-03-05 22:14:12,629 : INFO : EventManager : Event: ======'balldevice_bd_trough_ball_count_changed'====== Args={'balls': 2}
2025-03-05 22:14:12,629 : INFO : ball_device.bd_trough : State: idle
2025-03-05 22:14:12,630 : INFO : ball_device.bd_plunger_lane : State: ejecting
2025-03-05 22:14:12,630 : INFO : ball_device.bd_plunger_lane : Ejecting ball to <playfield.playfield>
2025-03-05 22:14:12,631 : INFO : EventManager : Event: ======'balldevice_bd_plunger_lane_ejecting_ball'====== Args={'balls': 1, 'target': <playfield.playfield>, 'source': <ball_device.bd_plunger_lane>, 'mechanical_eject': False, 'num_attempts': 0}
2025-03-05 22:14:12,632 : INFO : ball_device.bd_plunger_lane : Wait for ball to leave device
2025-03-05 22:14:12,632 : INFO : coil.c_autolauncher : Pulsing Driver for 20ms (1.0 pulse_power)
2025-03-05 22:14:12,633 : INFO : SwitchController : <<<<<<< 's_plunger_lane' inactive >>>>>>>
2025-03-05 22:14:12,666 : INFO : ball_device.bd_plunger_lane : State: ball_left
2025-03-05 22:14:12,666 : INFO : ball_device.bd_plunger_lane : Ball left
2025-03-05 22:14:12,666 : INFO : ball_device.bd_plunger_lane : Wait for confirm with timeout 3.0
2025-03-05 22:14:12,670 : INFO : SwitchController : <<<<<<< 's_playfield_entry' active >>>>>>>
2025-03-05 22:14:12,671 : INFO : EventManager : Event: ======'sw_playfield_active'====== Args={}
2025-03-05 22:14:12,671 : INFO : EventManager : Event: ======'machine_var_audits_switches_s_playfield_entry'====== Args={'value': 11, 'prev_value': 10, 'change': 1}
2025-03-05 22:14:12,674 : INFO : EventManager : Event: ======'playfield_active'====== Args={}
2025-03-05 22:14:12,695 : INFO : SwitchController : <<<<<<< 's_playfield_entry' inactive >>>>>>>
2025-03-05 22:14:12,707 : INFO : ball_device.bd_plunger_lane : Got eject confirm
2025-03-05 22:14:12,707 : INFO : ball_device.bd_plunger_lane : Eject successful
2025-03-05 22:14:12,708 : INFO : EventManager : Event: ======'balldevice_bd_plunger_lane_ball_eject_success'====== Args={'balls': 1, 'target': <playfield.playfield>}
2025-03-05 22:14:12,708 : INFO : EventManager : Event: ======'balldevice_playfield_ball_enter'====== Args={'new_balls': 1, 'unclaimed_balls': 1, 'device': <playfield.playfield>}
2025-03-05 22:14:12,708 : INFO : EventManager : Event: ======'playfield_ball_count_change'====== Args={'balls': 1, 'change': 1}
2025-03-05 22:14:12,709 : INFO : EventManager : Event: ======'balldevice_bd_plunger_lane_ball_count_changed'====== Args={'balls': 0}
2025-03-05 22:14:13,141 : INFO : ball_device.bd_plunger_lane : State: idle
2025-03-05 22:14:15,628 : INFO : SwitchController : <<<<<<< 's_trough2' inactive >>>>>>>
2025-03-05 22:14:16,194 : INFO : SwitchController : <<<<<<< 's_trough3' inactive >>>>>>>
2025-03-05 22:14:21,718 : INFO : EventManager : Event: ======'balldevice_bd_trough_ball_count_changed'====== Args={'balls': 0}
2025-03-05 22:14:21,718 : WARNING : ball_device.bd_trough : Ball disappeared while idle. This should not normally happen.
2025-03-05 22:14:21,719 : INFO : EventManager : Event: ======'balldevice_playfield_ball_enter'====== Args={'new_balls': 1, 'unclaimed_balls': 1, 'device': <playfield.playfield>}
2025-03-05 22:14:21,719 : INFO : EventManager : Event: ======'playfield_ball_count_change'====== Args={'balls': 2, 'change': 1}
2025-03-05 22:14:21,719 : INFO : ball_device.bd_trough : 1 ball(s) missing from device. Mechanical eject? False
2025-03-05 22:14:21,720 : INFO : EventManager : Event: ======'balldevice_bd_trough_ball_missing'====== Args={'balls': 1}
2025-03-05 22:14:21,720 : INFO : EventManager : Event: ======'balldevice_ball_missing'====== Args={'balls': 1, 'name': 'bd_trough'}
2025-03-05 22:14:21,721 : WARNING : ball_device.bd_trough : Ball disappeared while idle. This should not normally happen.
2025-03-05 22:14:21,721 : INFO : EventManager : Event: ======'balldevice_playfield_ball_enter'====== Args={'new_balls': 1, 'unclaimed_balls': 1, 'device': <playfield.playfield>}
2025-03-05 22:14:21,721 : INFO : EventManager : Event: ======'playfield_ball_count_change'====== Args={'balls': 3, 'change': 1}
2025-03-05 22:14:21,721 : INFO : ball_device.bd_trough : 1 ball(s) missing from device. Mechanical eject? False
2025-03-05 22:14:21,722 : INFO : EventManager : Event: ======'balldevice_bd_trough_ball_missing'====== Args={'balls': 1}
2025-03-05 22:14:21,722 : INFO : EventManager : Event: ======'balldevice_ball_missing'====== Args={'balls': 1, 'name': 'bd_trough'}
2025-03-05 22:14:22,928 : INFO : SwitchController : <<<<<<< 's_trough1' active >>>>>>>
2025-03-05 22:14:22,929 : INFO : EventManager : Event: ======'machine_var_audits_switches_s_trough1'====== Args={'value': 9, 'prev_value': 8, 'change': 1}
2025-03-05 22:14:23,440 : INFO : EventManager : Event: ======'balldevice_bd_trough_ball_count_changed'====== Args={'balls': 1}
2025-03-05 22:14:23,440 : INFO : ball_device.bd_trough : Received unexpected ball
2025-03-05 22:14:23,441 : INFO : EventManager : Event: ======'balldevice_captured_from_playfield'====== Args={'balls': 1}
2025-03-05 22:14:23,441 : INFO : EventManager : Event: ======'sw_playfield_active'====== Args={'balls': 1}
2025-03-05 22:14:23,441 : INFO : EventManager : Event: ======'playfield_ball_count_change'====== Args={'balls': 2, 'change': -1}
2025-03-05 22:14:23,442 : INFO : EventManager : Event: ======'balldevice_bd_trough_ball_enter'====== Args={'new_balls': 1, 'unclaimed_balls': 1, 'new_available_balls': 1, 'device': <ball_device.bd_trough>}
2025-03-05 22:14:23,442 : INFO : EventManager : Event: ======'ball_drain'====== Args={'device': <ball_device.bd_trough>, 'balls': 1}
2025-03-05 22:14:23,444 : INFO : EventManager : Event: ======'ball_will_end'====== Args={}
2025-03-05 22:14:23,444 : INFO : EventManager : Event: ======'balldevice_balls_available'====== Args={}
2025-03-05 22:14:23,444 : INFO : EventManager : Event: ======'balldevice_bd_trough_ball_entered'====== Args={'new_balls': 1, 'device': <ball_device.bd_trough>}
2025-03-05 22:14:23,445 : INFO : EventManager : Event: ======'ball_ending'====== Args={}
2025-03-05 22:14:23,445 : INFO : EventManager : Event: ======'ball_ended'====== Args={}
2025-03-05 22:14:23,448 : INFO : EventManager : Event: ======'player_turn_will_end'====== Args={'player': <Player 1>, 'number': 1}
2025-03-05 22:14:23,465 : INFO : EventManager : Event: ======'player_turn_ending'====== Args={'player': <Player 1>, 'number': 1}
2025-03-05 22:14:23,466 : INFO : EventManager : Event: ======'player_turn_ended'====== Args={'player': <Player 1>, 'number': 1}
2025-03-05 22:14:23,467 : INFO : EventManager : Event: ======'game_will_end'====== Args={}
2025-03-05 22:14:23,467 : INFO : EventManager : Event: ======'game_ending'====== Args={}
2025-03-05 22:14:23,470 : INFO : EventManager : Event: ======'game_ended'====== Args={}
2025-03-05 22:14:23,470 : INFO : EventManager : Event: ======'mode_game_will_stop'====== Args={}
2025-03-05 22:14:23,471 : INFO : EventManager : Event: ======'mode_game_stopping'====== Args={}
2025-03-05 22:14:23,471 : INFO : EventManager : Event: ======'mode_attract_will_start'====== Args={}
2025-03-05 22:14:23,475 : INFO : EventManager : Event: ======'mode_attract_starting'====== Args={}
2025-03-05 22:14:23,477 : INFO : Mode.attract : Started. Priority: 10
2025-03-05 22:14:23,478 : INFO : EventManager : Event: ======'modes_active_modes_changed'====== Args={}
2025-03-05 22:14:23,478 : INFO : EventManager : Event: ======'mode_attract_started'====== Args={}
2025-03-05 22:14:23,479 : INFO : EventManager : Event: ======'collecting_balls'====== Args={}
2025-03-05 22:14:23,483 : INFO : Mode.game : Stopped.
2025-03-05 22:14:23,484 : INFO : EventManager : Event: ======'modes_active_modes_changed'====== Args={}
2025-03-05 22:14:23,484 : INFO : EventManager : Event: ======'mode_game_stopped'====== Args={}
2025-03-05 22:14:23,485 : INFO : EventManager : Event: ======'clear'====== Args={'key': 'game'}
2025-03-05 22:14:25,730 : INFO : SwitchController : <<<<<<< 's_trough2' active >>>>>>>
2025-03-05 22:14:26,302 : INFO : EventManager : Event: ======'balldevice_bd_trough_ball_count_changed'====== Args={'balls': 2}
2025-03-05 22:14:26,303 : INFO : ball_device.bd_trough : Received unexpected ball
2025-03-05 22:14:26,303 : INFO : EventManager : Event: ======'balldevice_captured_from_playfield'====== Args={'balls': 1}
2025-03-05 22:14:26,303 : INFO : EventManager : Event: ======'sw_playfield_active'====== Args={'balls': 1}
2025-03-05 22:14:26,304 : INFO : EventManager : Event: ======'playfield_ball_count_change'====== Args={'balls': 1, 'change': -1}
2025-03-05 22:14:26,305 : INFO : EventManager : Event: ======'balldevice_bd_trough_ball_enter'====== Args={'new_balls': 1, 'unclaimed_balls': 1, 'new_available_balls': 1, 'device': <ball_device.bd_trough>}
2025-03-05 22:14:26,306 : INFO : EventManager : Event: ======'ball_drain'====== Args={'device': <ball_device.bd_trough>, 'balls': 1}
2025-03-05 22:14:26,306 : INFO : EventManager : Event: ======'balldevice_balls_available'====== Args={}
2025-03-05 22:14:26,306 : INFO : EventManager : Event: ======'balldevice_bd_trough_ball_entered'====== Args={'new_balls': 1, 'device': <ball_device.bd_trough>}
2025-03-05 22:14:27,704 : INFO : SwitchController : <<<<<<< 's_trough3' active >>>>>>>
2025-03-05 22:14:28,244 : INFO : EventManager : Event: ======'balldevice_bd_trough_ball_count_changed'====== Args={'balls': 3}
2025-03-05 22:14:28,244 : INFO : ball_device.bd_trough : Received unexpected ball
2025-03-05 22:14:28,244 : INFO : EventManager : Event: ======'balldevice_captured_from_playfield'====== Args={'balls': 1}
2025-03-05 22:14:28,244 : INFO : EventManager : Event: ======'sw_playfield_active'====== Args={'balls': 1}
2025-03-05 22:14:28,245 : INFO : EventManager : Event: ======'playfield_ball_count_change'====== Args={'balls': 0, 'change': -1}
2025-03-05 22:14:28,246 : INFO : EventManager : Event: ======'balldevice_bd_trough_ball_enter'====== Args={'new_balls': 1, 'unclaimed_balls': 1, 'new_available_balls': 1, 'device': <ball_device.bd_trough>}
2025-03-05 22:14:28,246 : INFO : EventManager : Event: ======'ball_drain'====== Args={'device': <ball_device.bd_trough>, 'balls': 1}
2025-03-05 22:14:28,246 : INFO : EventManager : Event: ======'collecting_balls_complete'====== Args={}
2025-03-05 22:14:28,246 : INFO : EventManager : Event: ======'balldevice_balls_available'====== Args={}
2025-03-05 22:14:28,248 : INFO : EventManager : Event: ======'balldevice_bd_trough_ball_entered'====== Args={'new_balls': 1, 'device': <ball_device.bd_trough>}
2025-03-05 22:14:30,276 : INFO : Machine : Shutting down...
2025-03-05 22:14:30,276 : INFO : EventManager : Event: ======'shutdown'====== Args={}
2025-03-05 22:14:30,281 : INFO : root : MPF run loop ended.
