2025-03-10 19:35:52,918 : kivy : deps: Successfully imported "kivy_deps.gstreamer" 0.3.3
2025-03-10 19:35:52,918 : kivy : deps: Successfully imported "kivy_deps.angle" 0.3.3
2025-03-10 19:35:52,918 : kivy : deps: Successfully imported "kivy_deps.glew" 0.3.1
2025-03-10 19:35:52,918 : kivy : deps: Successfully imported "kivy_deps.sdl2" 0.6.0
2025-03-10 19:35:52,918 : kivy : Kivy: v2.2.1
2025-03-10 19:35:52,918 : kivy : Kivy: Installed at "C:\Users\duffb\.pyenv\pyenv-win\versions\3.11.0\Lib\site-packages\kivy\__init__.py"
2025-03-10 19:35:52,918 : kivy : Python: v3.11.0 (main, Oct 24 2022, 18:26:48) [MSC v.1933 64 bit (AMD64)]
2025-03-10 19:35:52,919 : kivy : Python: Interpreter at "C:\Users\duffb\.pyenv\pyenv-win\versions\3.11.0\python.exe"
2025-03-10 19:35:52,933 : kivy : Factory: 190 symbols loaded
2025-03-10 19:35:53,144 : kivy : ImageLoaderFFPy: Using ffpyplayer 4.5.1
2025-03-10 19:35:53,145 : kivy : Image: Providers: img_tex, img_dds, img_sdl2, img_pil, img_ffpyplayer 
2025-03-10 19:35:53,369 : kivy : VideoGstplayer: Using Gstreamer 1.18.5.0
2025-03-10 19:35:53,370 : kivy : Video: Provider: gstplayer
2025-03-10 19:35:53,536 : root : Loading MPF-MC controller
2025-03-10 19:35:53,578 : YamlMultifileConfigLoader : Machine config file #1: config
2025-03-10 19:35:53,579 : ConfigProcessor : Config file in cache changed: C:\Users\duffb\OneDrive\Documents\Python Envs\PinBallWW1\Machine\config\config
2025-03-10 19:35:53,579 : ConfigProcessor : Loading config from file C:\Users\duffb\.pyenv\pyenv-win\versions\3.11.0\Lib\site-packages\mpfmc\mcconfig.yaml.
2025-03-10 19:35:53,587 : ConfigProcessor : Loading config: C:\Users\duffb\.pyenv\pyenv-win\versions\3.11.0\Lib\site-packages\mpfmc\mcconfig.yaml
2025-03-10 19:35:53,588 : ConfigProcessor : Loading config from file C:\Users\duffb\OneDrive\Documents\Python Envs\PinBallWW1\Machine\config\config.
2025-03-10 19:35:53,591 : ConfigProcessor : Loading config: C:\Users\duffb\OneDrive\Documents\Python Envs\PinBallWW1\Machine\config\config
2025-03-10 19:35:53,592 : ConfigProcessor : Config file cache created: C:\Users\duffb\AppData\Local\Temp\de7a4651692d89380cb727f0a44dc491.mpf_cache
2025-03-10 19:35:53,592 : ConfigProcessor : Loading config from cache: C:\Users\duffb\AppData\Local\Temp\ee7db1e8d011f44c876692bb4657f2e9.mpf_cache
2025-03-10 19:35:53,593 : ConfigProcessor : Loading config from cache: C:\Users\duffb\AppData\Local\Temp\9f058d482eac17116727d62a93500be7.mpf_cache
2025-03-10 19:35:53,593 : ConfigProcessor : Loading config from cache: C:\Users\duffb\AppData\Local\Temp\9e006ea23aa21ec68e01f6c49afad9f4.mpf_cache
2025-03-10 19:35:53,594 : mpfmc : Mission Pinball Framework Media Controller (MPF-MC) v0.57.1. Requires MPF v0.57.0 or newer.
2025-03-10 19:35:53,594 : mpfmc : Found MPF v0.57.0
2025-03-10 19:35:53,594 : mpfmc : Machine path: C:\Users\duffb\OneDrive\Documents\Python Envs\PinBallWW1\Machine
2025-03-10 19:35:53,594 : mpfmc : Starting clock at 60.0Hz
2025-03-10 19:35:53,616 : kivy : Text: Provider: sdl2
2025-03-10 19:35:53,720 : kivy : Window: Provider: sdl2
2025-03-10 19:35:53,970 : kivy : GL: Using the "OpenGL" graphics system
2025-03-10 19:35:53,972 : kivy : GL: GLEW initialization succeeded
2025-03-10 19:35:53,972 : kivy : GL: Backend used <glew>
2025-03-10 19:35:53,972 : kivy : GL: OpenGL version <b'4.6.0 - Build 31.0.101.5592'>
2025-03-10 19:35:53,972 : kivy : GL: OpenGL vendor <b'Intel'>
2025-03-10 19:35:53,972 : kivy : GL: OpenGL renderer <b'Intel(R) UHD Graphics'>
2025-03-10 19:35:53,972 : kivy : GL: OpenGL parsed version: 4, 6
2025-03-10 19:35:53,972 : kivy : GL: Shading version <b'4.60 - Build 31.0.101.5592'>
2025-03-10 19:35:53,972 : kivy : GL: Texture max size <16384>
2025-03-10 19:35:53,972 : kivy : GL: Texture max units <32>
2025-03-10 19:35:53,995 : kivy : Window: auto add sdl2 input provider
2025-03-10 19:35:53,996 : kivy : Window: virtual keyboard not allowed, single mode, not docked
2025-03-10 19:35:54,447 : AudioInterface : Initialized
2025-03-10 19:35:54,447 : AudioInterface : Loaded SDL 2.26.4
2025-03-10 19:35:54,447 : AudioInterface : Loaded SDL_Mixer 2.6.3
2025-03-10 19:35:54,447 : AudioInterface : Loaded GStreamer 1.18.5.0
2025-03-10 19:35:54,447 : AudioInterface : Loaded GLib 2.62.6
2025-03-10 19:35:54,447 : AudioInterface : Settings requested - rate: 44100, channels: 1, buffer: 2048 samples
2025-03-10 19:35:54,447 : AudioInterface : Settings in use - rate: 44100, channels: 1, buffer: 2048 samples (4096 bytes @ 2 bytes per sample)
2025-03-10 19:35:54,448 : SoundSystem : Setting master volume to 0.0
2025-03-10 19:35:54,448 : AudioInterface : Enabling audio playback
2025-03-10 19:35:54,450 : kivy : Base: Start application main loop
2025-03-10 19:35:54,450 : EventManager : Event: ======'display_window_initialized'====== Args={}
2025-03-10 19:35:54,463 : mpfmc : Display: Setting 'window' as default display
2025-03-10 19:35:54,469 : EventManager : Event: ======'displays_initialized'====== Args={}
2025-03-10 19:35:54,471 : EventManager : Event: ======'slide_window_blank_created'====== Args={}
2025-03-10 19:35:54,471 : EventManager : Event: ======'display_window_ready'====== Args={}
2025-03-10 19:35:54,481 : EventManager : Event: ======'init_phase_1'====== Args={}
2025-03-10 19:35:54,483 : EventManager : Event: ======'mc_ready'====== Args={}
2025-03-10 19:35:54,483 : EventManager : Event: ======'init_phase_2'====== Args={}
2025-03-10 19:35:54,484 : EventManager : Event: ======'init_phase_3'====== Args={}
2025-03-10 19:35:54,486 : EventManager : Event: ======'init_phase_4'====== Args={}
2025-03-10 19:35:54,486 : EventManager : Event: ======'init_phase_5'====== Args={}
2025-03-10 19:35:54,502 : kivy : GL: NPOT texture support is available
2025-03-10 19:35:54,511 : EventManager : Event: ======'loading_assets'====== Args={'total': 5, 'loaded': 1, 'remaining': 4, 'percent': 20}
2025-03-10 19:35:54,511 : AssetManager : Loading assets: 1/5 (20%)
2025-03-10 19:35:54,521 : EventManager : Event: ======'loading_assets'====== Args={'total': 5, 'loaded': 5, 'remaining': 0, 'percent': 100}
2025-03-10 19:35:54,521 : AssetManager : Asset loading took: 0.07294821739196777
2025-03-10 19:35:54,521 : EventManager : Event: ======'asset_loading_complete'====== Args={}
2025-03-10 19:35:54,521 : AssetManager : Loading assets: 5/5 (100%)
2025-03-10 19:35:54,521 : EventManager : Event: ======'init_done'====== Args={}
2025-03-10 19:35:54,521 : MPF-MC BCP Server : Starting up on localhost port 5050
2025-03-10 19:35:54,525 : MPF-MC BCP Server : Waiting for a connection...
2025-03-10 19:35:54,530 : EventManager : Event: ======'slide_welcome_slide_created'====== Args={}
2025-03-10 19:35:54,531 : EventManager : Event: ======'slide_welcome_slide_active'====== Args={}
2025-03-10 19:35:54,535 : EventManager : Event: ======'client_disconnected'====== Args={'host': '127.0.0.1', 'port': 5050}
2025-03-10 19:36:12,002 : kivy : Base: Leaving application in progress...
2025-03-10 19:36:12,003 : mpfmc : Stopping...
2025-03-10 19:36:12,003 : EventManager : Event: ======'shutdown'====== Args={}
2025-03-10 19:36:12,003 : AudioInterface : Disabling audio playback
2025-03-10 19:36:12,112 : mpfmc : Loop rate 77.85 Hz
2025-03-10 19:36:12,114 : root : MC run loop ended.
2025-03-10 19:36:12,114 : root : Stopping child threads... (3 remaining)
2025-03-10 19:36:12,536 : MPF-MC BCP Server : Stopping BCP listener thread
2025-03-10 19:36:12,537 : MPF-MC BCP Server : Stopping BCP sending thread
2025-03-10 19:36:12,617 : root : All child threads stopped.
