2025-03-06 22:41:52,308 : INFO : root : Loading config.
2025-03-06 22:41:52,311 : INFO : YamlMultifileConfigLoader : Machine config file #1: config.yaml
2025-03-06 22:41:52,312 : INFO : ConfigProcessor : Loading config from cache: C:\Users\duffb\AppData\Local\Temp\cadfdee4981114acd6fff59d1071b59b.mpf_cache
2025-03-06 22:41:52,386 : INFO : ConfigProcessor : Loading config from cache: C:\Users\duffb\AppData\Local\Temp\ee7db1e8d011f44c876692bb4657f2e9.mpf_cache
2025-03-06 22:41:52,387 : INFO : ConfigProcessor : Loading config from cache: C:\Users\duffb\AppData\Local\Temp\9f058d482eac17116727d62a93500be7.mpf_cache
2025-03-06 22:41:52,388 : INFO : ConfigProcessor : Loading config from cache: C:\Users\duffb\AppData\Local\Temp\9e006ea23aa21ec68e01f6c49afad9f4.mpf_cache
2025-03-06 22:41:52,389 : WARNING : ConfigProcessor : Config file in cache changed: C:\Users\duffb\OneDrive\Documents\Python Envs\PinBallWW1\Machine\modes\attract\shows\.\attract_display_loop.yaml
2025-03-06 22:41:52,389 : INFO : ConfigProcessor : Loading config from file C:\Users\duffb\OneDrive\Documents\Python Envs\PinBallWW1\Machine\modes\attract\shows\.\attract_display_loop.yaml.
2025-03-06 22:41:52,407 : INFO : ConfigProcessor : Loading config: C:\Users\duffb\OneDrive\Documents\Python Envs\PinBallWW1\Machine\modes\attract\shows\.\attract_display_loop.yaml
2025-03-06 22:41:52,407 : INFO : ConfigProcessor : Config file cache created: C:\Users\duffb\AppData\Local\Temp\fd253b339e263587268891c4dd997fbd.mpf_cache
2025-03-06 22:41:52,408 : INFO : Machine : Mission Pinball Framework Core Engine v0.57.0
2025-03-06 22:41:52,408 : INFO : Machine : Command line arguments: {'no_load_cache': False, 'create_config_cache': True, 'bcp': True, 'configfile': ['config.yaml'], 'force_assets_load': False, 'platform_integration_test': False, 'jsonlogging': False, 'logfile': 'logs\\2025-03-06-22-41-52-mpf-T0SHIII.log', 'pause': False, 'production': False, 'text_ui': True, 'loglevel': 15, 'consoleloglevel': 20, 'force_platform': None, 'syslog_address': None, 'mc_file_name': None, 'no_sound': False}
2025-03-06 22:41:52,408 : INFO : Machine : MPF path: C:\Users\duffb\.pyenv\pyenv-win\versions\3.11.0\Lib\site-packages\mpf
2025-03-06 22:41:52,408 : INFO : Machine : Machine path: C:\Users\duffb\OneDrive\Documents\Python Envs\PinBallWW1\Machine
2025-03-06 22:41:52,408 : INFO : Machine : Platform: win32
2025-03-06 22:41:52,408 : INFO : Machine : Python executable location: C:\Users\duffb\.pyenv\pyenv-win\versions\3.11.0\python.exe
2025-03-06 22:41:52,408 : INFO : Machine : Python version: 3.11.0 (64-bit)
2025-03-06 22:41:52,410 : INFO : Machine : Initializing MPF...
2025-03-06 22:41:52,787 : INFO : EventManager : Event: ======'machine_var_credits_string'====== Args={'value': 'FREE PLAY', 'prev_value': None, 'change': True}
2025-03-06 22:41:52,827 : INFO : EventManager : Event: ======'machine_var_master_volume'====== Args={'value': 0.5, 'prev_value': None, 'change': True}
2025-03-06 22:41:52,827 : INFO : EventManager : Event: ======'machine_var_player1_score'====== Args={'value': 8000, 'prev_value': None, 'change': True}
2025-03-06 22:41:52,827 : INFO : EventManager : Event: ======'machine_var_player2_score'====== Args={'value': 1000, 'prev_value': None, 'change': True}
2025-03-06 22:41:52,827 : INFO : EventManager : Event: ======'machine_var_mpf_version'====== Args={'value': 'Mission Pinball Framework v0.57.0', 'prev_value': None, 'change': True}
2025-03-06 22:41:52,827 : INFO : EventManager : Event: ======'machine_var_mpf_extended_version'====== Args={'value': 'Mission Pinball Framework v0.57.0, Config version:6, Show version: 6, BCP version:1.1', 'prev_value': None, 'change': True}
2025-03-06 22:41:52,827 : INFO : EventManager : Event: ======'machine_var_python_version'====== Args={'value': '3.11.0', 'prev_value': None, 'change': True}
2025-03-06 22:41:52,840 : INFO : EventManager : Event: ======'machine_var_platform'====== Args={'value': 'Windows-10-10.0.26100-SP0', 'prev_value': None, 'change': True}
2025-03-06 22:41:52,840 : INFO : EventManager : Event: ======'machine_var_platform_system'====== Args={'value': 'Windows', 'prev_value': None, 'change': True}
2025-03-06 22:41:52,840 : INFO : EventManager : Event: ======'machine_var_platform_release'====== Args={'value': '10', 'prev_value': None, 'change': True}
2025-03-06 22:41:52,840 : INFO : EventManager : Event: ======'machine_var_platform_version'====== Args={'value': '10.0.26100', 'prev_value': None, 'change': True}
2025-03-06 22:41:52,840 : INFO : EventManager : Event: ======'machine_var_platform_machine'====== Args={'value': 'AMD64', 'prev_value': None, 'change': True}
2025-03-06 22:41:52,840 : INFO : EventManager : Event: ======'init_phase_1'====== Args={}
2025-03-06 22:41:52,852 : INFO : EventManager : Event: ======'init_phase_2'====== Args={}
2025-03-06 22:41:52,852 : INFO : SwitchController : Found active switch: ('3', <Platform.SmartVirtual>) <switch.s_trough1>
2025-03-06 22:41:52,852 : INFO : SwitchController : Found active switch: ('4', <Platform.SmartVirtual>) <switch.s_trough2>
2025-03-06 22:41:52,852 : INFO : SwitchController : Found active switch: ('5', <Platform.SmartVirtual>) <switch.s_trough3>
2025-03-06 22:41:52,853 : INFO : EventManager : Event: ======'bcp_connection_attempt'====== Args={'name': 'local_display', 'host': 'localhost', 'port': 5050}
2025-03-06 22:41:52,856 : INFO : BCPClientSocket : Connecting BCP to 'local_display' at localhost:5050...
2025-03-06 22:41:54,919 : INFO : BCPClientSocket : Connected BCP to 'local_display' localhost:5050
2025-03-06 22:41:54,921 : INFO : EventManager : Event: ======'bcp_clients_connected'====== Args={}
2025-03-06 22:41:55,327 : INFO : ball_device.bd_trough : BCH: Initial count: 3
2025-03-06 22:41:55,327 : INFO : EventManager : Event: ======'machine_var_mc_version'====== Args={'value': 'MPF-MC v0.57.1', 'prev_value': None, 'change': True}
2025-03-06 22:41:55,328 : INFO : EventManager : Event: ======'machine_var_mc_extended_version'====== Args={'value': 'MPF-MC v0.57.1 (config_version=6, BCP v1.1,                      Requires MPF API compatibility v0.57.0 or newer)', 'prev_value': None, 'change': True}
2025-03-06 22:41:55,330 : INFO : ball_device.bd_trough : State: idle
2025-03-06 22:41:55,360 : INFO : ball_device.bd_plunger_lane : BCH: Initial count: 0
2025-03-06 22:41:55,360 : INFO : ball_device.bd_plunger_lane : State: idle
2025-03-06 22:41:55,366 : INFO : EventManager : Event: ======'init_phase_3'====== Args={}
2025-03-06 22:41:55,368 : INFO : EventManager : Event: ======'init_phase_4'====== Args={}
2025-03-06 22:41:55,370 : INFO : BallController : Initial balls found: 3
2025-03-06 22:41:55,371 : INFO : EventManager : Event: ======'machine_var_audits_events_game_ended'====== Args={'value': 13, 'prev_value': None, 'change': True}
2025-03-06 22:41:55,371 : INFO : EventManager : Event: ======'machine_var_audits_events_game_started'====== Args={'value': 31, 'prev_value': None, 'change': True}
2025-03-06 22:41:55,371 : INFO : EventManager : Event: ======'machine_var_audits_missing_switches_s_drain'====== Args={'value': 6, 'prev_value': None, 'change': True}
2025-03-06 22:41:55,371 : INFO : EventManager : Event: ======'machine_var_audits_missing_switches_s_left_flipper'====== Args={'value': 2, 'prev_value': None, 'change': True}
2025-03-06 22:41:55,371 : INFO : EventManager : Event: ======'machine_var_audits_missing_switches_s_pointTarget'====== Args={'value': 1, 'prev_value': None, 'change': True}
2025-03-06 22:41:55,371 : INFO : EventManager : Event: ======'machine_var_audits_missing_switches_s_right_flipper'====== Args={'value': 2, 'prev_value': None, 'change': True}
2025-03-06 22:41:55,371 : INFO : EventManager : Event: ======'machine_var_audits_missing_switches_s_trough3'====== Args={'value': 24, 'prev_value': None, 'change': True}
2025-03-06 22:41:55,372 : INFO : EventManager : Event: ======'machine_var_audits_missing_switches_s_trough_enter'====== Args={'value': 31, 'prev_value': None, 'change': True}
2025-03-06 22:41:55,372 : INFO : EventManager : Event: ======'machine_var_audits_player_score'====== Args={'value': {'average': 124, 'top': [8000, 1000, 0, 0, 0, 0, 0, 0, 0, 0], 'total': 16}, 'prev_value': None, 'change': True}
2025-03-06 22:41:55,372 : INFO : EventManager : Event: ======'machine_var_audits_switches_s_drain'====== Args={'value': 0, 'prev_value': None, 'change': True}
2025-03-06 22:41:55,372 : INFO : EventManager : Event: ======'machine_var_audits_switches_s_launcher_button'====== Args={'value': 28, 'prev_value': None, 'change': True}
2025-03-06 22:41:55,372 : INFO : EventManager : Event: ======'machine_var_audits_switches_s_left_flipper'====== Args={'value': 16, 'prev_value': None, 'change': True}
2025-03-06 22:41:55,372 : INFO : EventManager : Event: ======'machine_var_audits_switches_s_playfield_entry'====== Args={'value': 159, 'prev_value': None, 'change': True}
2025-03-06 22:41:55,372 : INFO : EventManager : Event: ======'machine_var_audits_switches_s_plunger_lane'====== Args={'value': 84, 'prev_value': None, 'change': True}
2025-03-06 22:41:55,372 : INFO : EventManager : Event: ======'machine_var_audits_switches_s_pointTarget'====== Args={'value': 59, 'prev_value': None, 'change': True}
2025-03-06 22:41:55,372 : INFO : EventManager : Event: ======'machine_var_audits_switches_s_right_flipper'====== Args={'value': 13, 'prev_value': None, 'change': True}
2025-03-06 22:41:55,372 : INFO : EventManager : Event: ======'machine_var_audits_switches_s_trough1'====== Args={'value': 59, 'prev_value': None, 'change': True}
2025-03-06 22:41:55,372 : INFO : EventManager : Event: ======'machine_var_audits_switches_s_trough2'====== Args={'value': 7, 'prev_value': None, 'change': True}
2025-03-06 22:41:55,373 : INFO : EventManager : Event: ======'machine_var_audits_switches_s_trough3'====== Args={'value': 6, 'prev_value': None, 'change': True}
2025-03-06 22:41:55,373 : INFO : EventManager : Event: ======'machine_var_audits_switches_s_trough_enter'====== Args={'value': 0, 'prev_value': None, 'change': True}
2025-03-06 22:41:55,373 : INFO : EventManager : Event: ======'init_phase_5'====== Args={}
2025-03-06 22:41:55,387 : INFO : EventManager : Event: ======'init_done'====== Args={}
2025-03-06 22:41:55,387 : INFO : EventManager : Event: ======'machine_reset_phase_1'====== Args={}
2025-03-06 22:41:55,395 : INFO : EventManager : Event: ======'slide_welcome_slide_removed'====== Args={'_from_bcp': True}
2025-03-06 22:41:55,398 : INFO : EventManager : Event: ======'slide_welcome_slide_created'====== Args={'_from_bcp': True}
2025-03-06 22:41:55,398 : INFO : EventManager : Event: ======'slide_welcome_slide_active'====== Args={'_from_bcp': True}
2025-03-06 22:41:55,398 : INFO : EventManager : Event: ======'machine_reset_phase_2'====== Args={}
2025-03-06 22:41:55,398 : INFO : EventManager : Event: ======'machine_reset_phase_3'====== Args={}
2025-03-06 22:41:55,398 : INFO : EventManager : Event: ======'reset_complete'====== Args={}
2025-03-06 22:41:55,398 : INFO : EventManager : Event: ======'mode_attract_will_start'====== Args={}
2025-03-06 22:41:55,400 : INFO : EventManager : Event: ======'mode_attract_starting'====== Args={}
2025-03-06 22:41:55,400 : INFO : Mode.attract : Started. Priority: 10
2025-03-06 22:41:55,400 : INFO : EventManager : Event: ======'modes_active_modes_changed'====== Args={}
2025-03-06 22:41:55,400 : INFO : EventManager : Event: ======'mode_attract_started'====== Args={}
2025-03-06 22:41:55,400 : INFO : EventManager : Event: ======'collecting_balls_complete'====== Args={}
2025-03-06 22:41:55,422 : INFO : EventManager : Event: ======'slide_ship_slide_created'====== Args={'_from_bcp': True}
2025-03-06 22:41:55,422 : INFO : EventManager : Event: ======'slide_ship_slide_active'====== Args={'_from_bcp': True}
2025-03-06 22:41:55,422 : INFO : Machine : Starting the main run loop.
2025-03-06 22:41:58,432 : INFO : EventManager : Event: ======'slide_starting_slide_created'====== Args={'_from_bcp': True}
2025-03-06 22:41:58,433 : INFO : EventManager : Event: ======'slide_starting_slide_active'====== Args={'_from_bcp': True}
2025-03-06 22:42:01,442 : INFO : EventManager : Event: ======'slide_company_slide_created'====== Args={'_from_bcp': True}
2025-03-06 22:42:01,450 : INFO : EventManager : Event: ======'slide_company_slide_active'====== Args={'_from_bcp': True}
2025-03-06 22:42:04,422 : INFO : Machine : Shutting down...
2025-03-06 22:42:04,422 : INFO : EventManager : Event: ======'shutdown'====== Args={}
2025-03-06 22:42:04,429 : INFO : root : MPF run loop ended.
