2025-03-10 18:38:56,648 : kivy : deps: Successfully imported "kivy_deps.gstreamer" 0.3.3
2025-03-10 18:38:56,648 : kivy : deps: Successfully imported "kivy_deps.angle" 0.3.3
2025-03-10 18:38:56,649 : kivy : deps: Successfully imported "kivy_deps.glew" 0.3.1
2025-03-10 18:38:56,649 : kivy : deps: Successfully imported "kivy_deps.sdl2" 0.6.0
2025-03-10 18:38:56,649 : kivy : Kivy: v2.2.1
2025-03-10 18:38:56,649 : kivy : Kivy: Installed at "C:\Users\duffb\.pyenv\pyenv-win\versions\3.11.0\Lib\site-packages\kivy\__init__.py"
2025-03-10 18:38:56,649 : kivy : Python: v3.11.0 (main, Oct 24 2022, 18:26:48) [MSC v.1933 64 bit (AMD64)]
2025-03-10 18:38:56,650 : kivy : Python: Interpreter at "C:\Users\duffb\.pyenv\pyenv-win\versions\3.11.0\python.exe"
2025-03-10 18:38:56,663 : kivy : Factory: 190 symbols loaded
2025-03-10 18:38:56,813 : kivy : ImageLoaderFFPy: Using ffpyplayer 4.5.1
2025-03-10 18:38:56,813 : kivy : Image: Providers: img_tex, img_dds, img_sdl2, img_pil, img_ffpyplayer 
2025-03-10 18:38:56,990 : kivy : VideoGstplayer: Using Gstreamer 1.18.5.0
2025-03-10 18:38:56,990 : kivy : Video: Provider: gstplayer
2025-03-10 18:38:57,019 : root : Loading MPF-MC controller
2025-03-10 18:38:57,035 : YamlMultifileConfigLoader : Machine config file #1: config
2025-03-10 18:38:57,035 : ConfigProcessor : Config file in cache changed: C:\Users\duffb\OneDrive\Documents\Python Envs\PinBallWW1\Machine\config\config
2025-03-10 18:38:57,035 : ConfigProcessor : Loading config from file C:\Users\duffb\.pyenv\pyenv-win\versions\3.11.0\Lib\site-packages\mpfmc\mcconfig.yaml.
2025-03-10 18:38:57,041 : ConfigProcessor : Loading config: C:\Users\duffb\.pyenv\pyenv-win\versions\3.11.0\Lib\site-packages\mpfmc\mcconfig.yaml
2025-03-10 18:38:57,042 : ConfigProcessor : Loading config from file C:\Users\duffb\OneDrive\Documents\Python Envs\PinBallWW1\Machine\config\config.
2025-03-10 18:38:57,047 : ConfigProcessor : Loading config: C:\Users\duffb\OneDrive\Documents\Python Envs\PinBallWW1\Machine\config\config
2025-03-10 18:38:57,049 : ConfigProcessor : Config file cache created: C:\Users\duffb\AppData\Local\Temp\de7a4651692d89380cb727f0a44dc491.mpf_cache
2025-03-10 18:38:57,050 : ConfigProcessor : Loading config from cache: C:\Users\duffb\AppData\Local\Temp\ee7db1e8d011f44c876692bb4657f2e9.mpf_cache
2025-03-10 18:38:57,050 : ConfigProcessor : Loading config from cache: C:\Users\duffb\AppData\Local\Temp\9f058d482eac17116727d62a93500be7.mpf_cache
2025-03-10 18:38:57,051 : ConfigProcessor : Loading config from cache: C:\Users\duffb\AppData\Local\Temp\9e006ea23aa21ec68e01f6c49afad9f4.mpf_cache
2025-03-10 18:38:57,080 : mpfmc : Mission Pinball Framework Media Controller (MPF-MC) v0.57.1. Requires MPF v0.57.0 or newer.
2025-03-10 18:38:57,080 : mpfmc : Found MPF v0.57.0
2025-03-10 18:38:57,081 : mpfmc : Machine path: C:\Users\duffb\OneDrive\Documents\Python Envs\PinBallWW1\Machine
2025-03-10 18:38:57,081 : mpfmc : Starting clock at 60.0Hz
2025-03-10 18:38:57,120 : kivy : Text: Provider: sdl2
2025-03-10 18:38:57,221 : kivy : Window: Provider: sdl2
2025-03-10 18:38:57,497 : kivy : GL: Using the "OpenGL" graphics system
2025-03-10 18:38:57,498 : kivy : GL: GLEW initialization succeeded
2025-03-10 18:38:57,498 : kivy : GL: Backend used <glew>
2025-03-10 18:38:57,498 : kivy : GL: OpenGL version <b'4.6.0 - Build 31.0.101.5592'>
2025-03-10 18:38:57,498 : kivy : GL: OpenGL vendor <b'Intel'>
2025-03-10 18:38:57,498 : kivy : GL: OpenGL renderer <b'Intel(R) UHD Graphics'>
2025-03-10 18:38:57,498 : kivy : GL: OpenGL parsed version: 4, 6
2025-03-10 18:38:57,498 : kivy : GL: Shading version <b'4.60 - Build 31.0.101.5592'>
2025-03-10 18:38:57,498 : kivy : GL: Texture max size <16384>
2025-03-10 18:38:57,498 : kivy : GL: Texture max units <32>
2025-03-10 18:38:57,517 : kivy : Window: auto add sdl2 input provider
2025-03-10 18:38:57,517 : kivy : Window: virtual keyboard not allowed, single mode, not docked
2025-03-10 18:38:57,936 : AudioInterface : Initialized
2025-03-10 18:38:57,936 : AudioInterface : Loaded SDL 2.26.4
2025-03-10 18:38:57,936 : AudioInterface : Loaded SDL_Mixer 2.6.3
2025-03-10 18:38:57,936 : AudioInterface : Loaded GStreamer 1.18.5.0
2025-03-10 18:38:57,936 : AudioInterface : Loaded GLib 2.62.6
2025-03-10 18:38:57,936 : AudioInterface : Settings requested - rate: 44100, channels: 1, buffer: 2048 samples
2025-03-10 18:38:57,936 : AudioInterface : Settings in use - rate: 44100, channels: 1, buffer: 2048 samples (4096 bytes @ 2 bytes per sample)
2025-03-10 18:38:57,937 : SoundSystem : Setting master volume to 0.0
2025-03-10 18:38:57,937 : AudioInterface : Enabling audio playback
2025-03-10 18:38:57,939 : kivy : Base: Start application main loop
2025-03-10 18:38:57,939 : EventManager : Event: ======'display_window_initialized'====== Args={}
2025-03-10 18:38:57,947 : mpfmc : Display: Setting 'window' as default display
2025-03-10 18:38:57,955 : EventManager : Event: ======'displays_initialized'====== Args={}
2025-03-10 18:38:57,956 : EventManager : Event: ======'slide_window_blank_created'====== Args={}
2025-03-10 18:38:57,956 : EventManager : Event: ======'display_window_ready'====== Args={}
2025-03-10 18:38:57,967 : EventManager : Event: ======'init_phase_1'====== Args={}
2025-03-10 18:38:57,969 : EventManager : Event: ======'mc_ready'====== Args={}
2025-03-10 18:38:57,969 : EventManager : Event: ======'init_phase_2'====== Args={}
2025-03-10 18:38:57,971 : EventManager : Event: ======'init_phase_3'====== Args={}
2025-03-10 18:38:57,973 : EventManager : Event: ======'init_phase_4'====== Args={}
2025-03-10 18:38:57,973 : EventManager : Event: ======'init_phase_5'====== Args={}
2025-03-10 18:38:57,987 : kivy : GL: NPOT texture support is available
2025-03-10 18:38:57,997 : EventManager : Event: ======'loading_assets'====== Args={'total': 5, 'loaded': 1, 'remaining': 4, 'percent': 20}
2025-03-10 18:38:57,997 : AssetManager : Loading assets: 1/5 (20%)
2025-03-10 18:38:58,011 : EventManager : Event: ======'loading_assets'====== Args={'total': 5, 'loaded': 5, 'remaining': 0, 'percent': 100}
2025-03-10 18:38:58,011 : AssetManager : Asset loading took: 0.07407879829406738
2025-03-10 18:38:58,011 : EventManager : Event: ======'asset_loading_complete'====== Args={}
2025-03-10 18:38:58,011 : AssetManager : Loading assets: 5/5 (100%)
2025-03-10 18:38:58,011 : EventManager : Event: ======'init_done'====== Args={}
2025-03-10 18:38:58,011 : MPF-MC BCP Server : Starting up on localhost port 5050
2025-03-10 18:38:58,016 : MPF-MC BCP Server : Waiting for a connection...
2025-03-10 18:38:58,021 : EventManager : Event: ======'slide_welcome_slide_created'====== Args={}
2025-03-10 18:38:58,022 : EventManager : Event: ======'slide_welcome_slide_active'====== Args={}
2025-03-10 18:38:58,028 : EventManager : Event: ======'client_disconnected'====== Args={'host': '127.0.0.1', 'port': 5050}
2025-03-10 18:38:59,023 : MPF-MC BCP Server : Received connection from: 127.0.0.1:63534
2025-03-10 18:38:59,063 : EventManager : Event: ======'client_connected'====== Args={'host': '127.0.0.1', 'port': 63534}
2025-03-10 18:38:59,843 : kivy : WindowSDL: Window is now on display 1
2025-03-10 18:38:59,843 : EventManager : Event: ======'machine_var_credits_string'====== Args={'value': 'FREE PLAY', 'prev_value': None, 'change': True}
2025-03-10 18:38:59,843 : EventManager : Event: ======'machine_var_master_volume'====== Args={'value': 0.5, 'prev_value': None, 'change': True}
2025-03-10 18:38:59,843 : EventManager : Event: ======'machine_var_player1_score'====== Args={'value': 8000, 'prev_value': None, 'change': True}
2025-03-10 18:38:59,844 : EventManager : Event: ======'machine_var_player2_score'====== Args={'value': 1000, 'prev_value': None, 'change': True}
2025-03-10 18:38:59,844 : EventManager : Event: ======'machine_var_mpf_version'====== Args={'value': 'Mission Pinball Framework v0.57.0', 'prev_value': None, 'change': True}
2025-03-10 18:38:59,844 : EventManager : Event: ======'machine_var_mpf_extended_version'====== Args={'value': 'Mission Pinball Framework v0.57.0, Config version:6, Show version: 6, BCP version:1.1', 'prev_value': None, 'change': True}
2025-03-10 18:38:59,844 : EventManager : Event: ======'machine_var_python_version'====== Args={'value': '3.11.0', 'prev_value': None, 'change': True}
2025-03-10 18:38:59,844 : EventManager : Event: ======'machine_var_platform'====== Args={'value': 'Windows-10-10.0.26100-SP0', 'prev_value': None, 'change': True}
2025-03-10 18:38:59,844 : EventManager : Event: ======'machine_var_platform_system'====== Args={'value': 'Windows', 'prev_value': None, 'change': True}
2025-03-10 18:38:59,844 : EventManager : Event: ======'machine_var_platform_release'====== Args={'value': '10', 'prev_value': None, 'change': True}
2025-03-10 18:38:59,844 : EventManager : Event: ======'machine_var_platform_version'====== Args={'value': '10.0.26100', 'prev_value': None, 'change': True}
2025-03-10 18:38:59,844 : EventManager : Event: ======'machine_var_platform_machine'====== Args={'value': 'AMD64', 'prev_value': None, 'change': True}
2025-03-10 18:38:59,844 : EventManager : Event: ======'machine_var_mc_version'====== Args={'value': 'MPF-MC v0.57.1', 'prev_value': None, 'change': True}
2025-03-10 18:38:59,844 : EventManager : Event: ======'machine_var_mc_extended_version'====== Args={'value': 'MPF-MC v0.57.1 (config_version=6, BCP v1.1,                      Requires MPF API compatibility v0.57.0 or newer)', 'prev_value': None, 'change': True}
2025-03-10 18:38:59,844 : EventManager : Event: ======'machine_var_credits_string'====== Args={'value': 'FREE PLAY', 'prev_value': None, 'change': True}
2025-03-10 18:38:59,844 : EventManager : Event: ======'machine_var_master_volume'====== Args={'value': 0.5, 'prev_value': None, 'change': True}
2025-03-10 18:38:59,845 : EventManager : Event: ======'machine_var_player1_score'====== Args={'value': 8000, 'prev_value': None, 'change': True}
2025-03-10 18:38:59,845 : EventManager : Event: ======'machine_var_player2_score'====== Args={'value': 1000, 'prev_value': None, 'change': True}
2025-03-10 18:38:59,845 : EventManager : Event: ======'machine_var_mpf_version'====== Args={'value': 'Mission Pinball Framework v0.57.0', 'prev_value': None, 'change': True}
2025-03-10 18:38:59,845 : EventManager : Event: ======'machine_var_mpf_extended_version'====== Args={'value': 'Mission Pinball Framework v0.57.0, Config version:6, Show version: 6, BCP version:1.1', 'prev_value': None, 'change': True}
2025-03-10 18:38:59,845 : EventManager : Event: ======'machine_var_python_version'====== Args={'value': '3.11.0', 'prev_value': None, 'change': True}
2025-03-10 18:38:59,845 : EventManager : Event: ======'machine_var_platform'====== Args={'value': 'Windows-10-10.0.26100-SP0', 'prev_value': None, 'change': True}
2025-03-10 18:38:59,845 : EventManager : Event: ======'machine_var_platform_system'====== Args={'value': 'Windows', 'prev_value': None, 'change': True}
2025-03-10 18:38:59,845 : EventManager : Event: ======'machine_var_platform_release'====== Args={'value': '10', 'prev_value': None, 'change': True}
2025-03-10 18:38:59,845 : EventManager : Event: ======'machine_var_platform_version'====== Args={'value': '10.0.26100', 'prev_value': None, 'change': True}
2025-03-10 18:38:59,845 : EventManager : Event: ======'machine_var_platform_machine'====== Args={'value': 'AMD64', 'prev_value': None, 'change': True}
2025-03-10 18:38:59,845 : EventManager : Event: ======'machine_var_mc_version'====== Args={'value': 'MPF-MC v0.57.1', 'prev_value': None, 'change': True}
2025-03-10 18:38:59,845 : EventManager : Event: ======'machine_var_mc_extended_version'====== Args={'value': 'MPF-MC v0.57.1 (config_version=6, BCP v1.1,                      Requires MPF API compatibility v0.57.0 or newer)', 'prev_value': None, 'change': True}
2025-03-10 18:38:59,846 : EventManager : Event: ======'machine_var_credits_string'====== Args={'value': 'FREE PLAY', 'prev_value': None, 'change': True}
2025-03-10 18:38:59,846 : EventManager : Event: ======'machine_var_master_volume'====== Args={'value': 0.5, 'prev_value': None, 'change': True}
2025-03-10 18:38:59,846 : EventManager : Event: ======'machine_var_player1_score'====== Args={'value': 8000, 'prev_value': None, 'change': True}
2025-03-10 18:38:59,846 : EventManager : Event: ======'machine_var_player2_score'====== Args={'value': 1000, 'prev_value': None, 'change': True}
2025-03-10 18:38:59,846 : EventManager : Event: ======'machine_var_mpf_version'====== Args={'value': 'Mission Pinball Framework v0.57.0', 'prev_value': None, 'change': True}
2025-03-10 18:38:59,846 : EventManager : Event: ======'machine_var_mpf_extended_version'====== Args={'value': 'Mission Pinball Framework v0.57.0, Config version:6, Show version: 6, BCP version:1.1', 'prev_value': None, 'change': True}
2025-03-10 18:38:59,846 : EventManager : Event: ======'machine_var_python_version'====== Args={'value': '3.11.0', 'prev_value': None, 'change': True}
2025-03-10 18:38:59,846 : EventManager : Event: ======'machine_var_platform'====== Args={'value': 'Windows-10-10.0.26100-SP0', 'prev_value': None, 'change': True}
2025-03-10 18:38:59,846 : EventManager : Event: ======'machine_var_platform_system'====== Args={'value': 'Windows', 'prev_value': None, 'change': True}
2025-03-10 18:38:59,846 : EventManager : Event: ======'machine_var_platform_release'====== Args={'value': '10', 'prev_value': None, 'change': True}
2025-03-10 18:38:59,846 : EventManager : Event: ======'machine_var_platform_version'====== Args={'value': '10.0.26100', 'prev_value': None, 'change': True}
2025-03-10 18:38:59,846 : EventManager : Event: ======'machine_var_platform_machine'====== Args={'value': 'AMD64', 'prev_value': None, 'change': True}
2025-03-10 18:38:59,846 : EventManager : Event: ======'machine_var_mc_version'====== Args={'value': 'MPF-MC v0.57.1', 'prev_value': None, 'change': True}
2025-03-10 18:38:59,846 : EventManager : Event: ======'machine_var_mc_extended_version'====== Args={'value': 'MPF-MC v0.57.1 (config_version=6, BCP v1.1,                      Requires MPF API compatibility v0.57.0 or newer)', 'prev_value': None, 'change': True}
2025-03-10 18:38:59,847 : EventManager : Event: ======'machine_var_credits_string'====== Args={'value': 'FREE PLAY', 'prev_value': None, 'change': True}
2025-03-10 18:38:59,847 : EventManager : Event: ======'machine_var_master_volume'====== Args={'value': 0.5, 'prev_value': None, 'change': True}
2025-03-10 18:38:59,847 : EventManager : Event: ======'machine_var_player1_score'====== Args={'value': 8000, 'prev_value': None, 'change': True}
2025-03-10 18:38:59,847 : EventManager : Event: ======'machine_var_player2_score'====== Args={'value': 1000, 'prev_value': None, 'change': True}
2025-03-10 18:38:59,847 : EventManager : Event: ======'machine_var_mpf_version'====== Args={'value': 'Mission Pinball Framework v0.57.0', 'prev_value': None, 'change': True}
2025-03-10 18:38:59,847 : EventManager : Event: ======'machine_var_mpf_extended_version'====== Args={'value': 'Mission Pinball Framework v0.57.0, Config version:6, Show version: 6, BCP version:1.1', 'prev_value': None, 'change': True}
2025-03-10 18:38:59,847 : EventManager : Event: ======'machine_var_python_version'====== Args={'value': '3.11.0', 'prev_value': None, 'change': True}
2025-03-10 18:38:59,847 : EventManager : Event: ======'machine_var_platform'====== Args={'value': 'Windows-10-10.0.26100-SP0', 'prev_value': None, 'change': True}
2025-03-10 18:38:59,847 : EventManager : Event: ======'machine_var_platform_system'====== Args={'value': 'Windows', 'prev_value': None, 'change': True}
2025-03-10 18:38:59,847 : EventManager : Event: ======'machine_var_platform_release'====== Args={'value': '10', 'prev_value': None, 'change': True}
2025-03-10 18:38:59,847 : EventManager : Event: ======'machine_var_platform_version'====== Args={'value': '10.0.26100', 'prev_value': None, 'change': True}
2025-03-10 18:38:59,847 : EventManager : Event: ======'machine_var_platform_machine'====== Args={'value': 'AMD64', 'prev_value': None, 'change': True}
2025-03-10 18:38:59,847 : EventManager : Event: ======'machine_var_mc_version'====== Args={'value': 'MPF-MC v0.57.1', 'prev_value': None, 'change': True}
2025-03-10 18:38:59,847 : EventManager : Event: ======'machine_var_mc_extended_version'====== Args={'value': 'MPF-MC v0.57.1 (config_version=6, BCP v1.1,                      Requires MPF API compatibility v0.57.0 or newer)', 'prev_value': None, 'change': True}
2025-03-10 18:38:59,847 : EventManager : Event: ======'machine_var_audits_events_game_ended'====== Args={'value': 13, 'prev_value': None, 'change': True}
2025-03-10 18:38:59,848 : EventManager : Event: ======'machine_var_audits_events_game_started'====== Args={'value': 45, 'prev_value': None, 'change': True}
2025-03-10 18:38:59,848 : EventManager : Event: ======'machine_var_audits_missing_switches_s_Lane2'====== Args={'value': 1, 'prev_value': None, 'change': True}
2025-03-10 18:38:59,848 : EventManager : Event: ======'machine_var_audits_missing_switches_s_Lane3'====== Args={'value': 1, 'prev_value': None, 'change': True}
2025-03-10 18:38:59,848 : EventManager : Event: ======'machine_var_audits_missing_switches_s_drain'====== Args={'value': 6, 'prev_value': None, 'change': True}
2025-03-10 18:38:59,848 : EventManager : Event: ======'machine_var_audits_missing_switches_s_left_flipper'====== Args={'value': 2, 'prev_value': None, 'change': True}
2025-03-10 18:38:59,848 : EventManager : Event: ======'machine_var_audits_missing_switches_s_right_flipper'====== Args={'value': 2, 'prev_value': None, 'change': True}
2025-03-10 18:38:59,848 : EventManager : Event: ======'machine_var_audits_missing_switches_s_trough2'====== Args={'value': 1, 'prev_value': None, 'change': True}
2025-03-10 18:38:59,848 : EventManager : Event: ======'machine_var_audits_missing_switches_s_trough3'====== Args={'value': 5, 'prev_value': None, 'change': True}
2025-03-10 18:38:59,848 : EventManager : Event: ======'machine_var_audits_player_score'====== Args={'value': {'average': 124, 'top': [8000, 1000, 0, 0, 0, 0, 0, 0, 0, 0], 'total': 16}, 'prev_value': None, 'change': True}
2025-03-10 18:38:59,849 : EventManager : Event: ======'machine_var_audits_switches_s_Lane1'====== Args={'value': 34, 'prev_value': None, 'change': True}
2025-03-10 18:38:59,849 : EventManager : Event: ======'machine_var_audits_switches_s_Lane2'====== Args={'value': 23, 'prev_value': None, 'change': True}
2025-03-10 18:38:59,849 : EventManager : Event: ======'machine_var_audits_switches_s_Lane3'====== Args={'value': 20, 'prev_value': None, 'change': True}
2025-03-10 18:38:59,849 : EventManager : Event: ======'machine_var_audits_switches_s_Lane4'====== Args={'value': 24, 'prev_value': None, 'change': True}
2025-03-10 18:38:59,849 : EventManager : Event: ======'machine_var_audits_switches_s_Target1'====== Args={'value': 64, 'prev_value': None, 'change': True}
2025-03-10 18:38:59,849 : EventManager : Event: ======'machine_var_audits_switches_s_Target2'====== Args={'value': 57, 'prev_value': None, 'change': True}
2025-03-10 18:38:59,849 : EventManager : Event: ======'machine_var_audits_switches_s_Target3'====== Args={'value': 62, 'prev_value': None, 'change': True}
2025-03-10 18:38:59,849 : EventManager : Event: ======'machine_var_audits_switches_s_Target4'====== Args={'value': 49, 'prev_value': None, 'change': True}
2025-03-10 18:38:59,849 : EventManager : Event: ======'machine_var_audits_switches_s_drain'====== Args={'value': 0, 'prev_value': None, 'change': True}
2025-03-10 18:38:59,849 : EventManager : Event: ======'machine_var_audits_switches_s_launcher_button'====== Args={'value': 83, 'prev_value': None, 'change': True}
2025-03-10 18:38:59,849 : EventManager : Event: ======'machine_var_audits_switches_s_left_flipper'====== Args={'value': 86, 'prev_value': None, 'change': True}
2025-03-10 18:38:59,849 : EventManager : Event: ======'machine_var_audits_switches_s_playfield_entry'====== Args={'value': 192, 'prev_value': None, 'change': True}
2025-03-10 18:38:59,849 : EventManager : Event: ======'machine_var_audits_switches_s_plunger_lane'====== Args={'value': 125, 'prev_value': None, 'change': True}
2025-03-10 18:38:59,849 : EventManager : Event: ======'machine_var_audits_switches_s_pointTarget'====== Args={'value': 193, 'prev_value': None, 'change': True}
2025-03-10 18:38:59,849 : EventManager : Event: ======'machine_var_audits_switches_s_right_flipper'====== Args={'value': 73, 'prev_value': None, 'change': True}
2025-03-10 18:38:59,850 : EventManager : Event: ======'machine_var_audits_switches_s_trough1'====== Args={'value': 102, 'prev_value': None, 'change': True}
2025-03-10 18:38:59,850 : EventManager : Event: ======'machine_var_audits_switches_s_trough2'====== Args={'value': 17, 'prev_value': None, 'change': True}
2025-03-10 18:38:59,850 : EventManager : Event: ======'machine_var_audits_switches_s_trough3'====== Args={'value': 14, 'prev_value': None, 'change': True}
2025-03-10 18:38:59,850 : EventManager : Event: ======'machine_var_audits_switches_s_trough_enter'====== Args={'value': 1, 'prev_value': None, 'change': True}
2025-03-10 18:38:59,850 : EventManager : Event: ======'slides_play'====== Args={'settings': {'welcome_slide': {'target': None, 'background_color': [0.0, 0.0, 0.0, 1.0], 'priority': None, 'show': True, 'force': False, 'expire': None, 'slide': None, 'tokens': {}, 'action': 'play'}}, 'context': '_global', 'calling_context': 'init_done', 'priority': 0}
2025-03-10 18:38:59,850 : EventManager : Event: ======'mc_reset_phase_1'====== Args={}
2025-03-10 18:38:59,850 : SoundSystem : Setting master volume to 0.5
2025-03-10 18:38:59,850 : SoundSystem : Setting master volume to 0.5
2025-03-10 18:38:59,850 : SoundSystem : Setting master volume to 0.5
2025-03-10 18:38:59,850 : SoundSystem : Setting master volume to 0.5
2025-03-10 18:38:59,850 : EventManager : Event: ======'slide_welcome_slide_removed'====== Args={}
2025-03-10 18:38:59,855 : EventManager : Event: ======'slide_welcome_slide_created'====== Args={}
2025-03-10 18:38:59,855 : EventManager : Event: ======'mc_reset_phase_2'====== Args={}
2025-03-10 18:38:59,856 : EventManager : Event: ======'mc_reset_phase_3'====== Args={}
2025-03-10 18:38:59,856 : EventManager : Event: ======'mc_reset_complete'====== Args={}
2025-03-10 18:38:59,857 : EventManager : Event: ======'slide_welcome_slide_active'====== Args={}
2025-03-10 18:38:59,862 : EventManager : Event: ======'slides_play'====== Args={'settings': {'ship_slide': {'widgets': [{'type': 'image', 'image': 'ship', '_default_settings': ['type', 'image'], 'x': None, 'y': None, 'anchor_x': 'center', 'anchor_y': 'center', 'round_anchor_x': None, 'round_anchor_y': None, 'opacity': 1.0, 'z': 0, 'reset_animations_events': {}, 'color': [1.0, 1.0, 1.0, 1.0], 'style': [], 'adjust_top': 0, 'adjust_bottom': 0, 'adjust_left': 0, 'adjust_right': 0, 'expire': None, 'key': None, 'widget': None, 'events_when_added': [], 'events_when_removed': [], 'fps': 10, 'loops': -1, 'auto_play': True, 'start_frame': 0, 'rotation': 0, 'scale': 1.0, 'animations': None}], 'target': None, 'background_color': [0.0, 0.0, 0.0, 1.0], 'priority': None, 'show': True, 'force': False, 'expire': None, 'slide': None, 'tokens': {}, 'action': 'play'}}, 'context': 'show_1', 'calling_context': 0, 'priority': 10, 'show_tokens': {}, 'start_time': 684570.593}
2025-03-10 18:38:59,862 : EventManager : Event: ======'sounds_play'====== Args={'settings': {'main': {'action': 'play', 'priority': None, 'block': False, 'delay': None, 'track': None, 'volume': None, 'ducking': {}, 'pan': None, 'loops': None, 'start_at': None, 'fade_in': None, 'fade_out': None, 'about_to_finish_time': -1.0, 'max_queue_time': -1.0, 'events_when_played': ['use_sound_setting'], 'events_when_stopped': ['use_sound_setting'], 'events_when_looping': ['use_sound_setting'], 'events_when_about_to_finish': ['use_sound_setting'], 'mode_end_action': 'use_sound_setting', 'key': 'use_sound_setting'}}, 'context': '_global', 'calling_context': 'mode_attract_started', 'priority': 0}
2025-03-10 18:38:59,867 : EventManager : Event: ======'slide_ship_slide_created'====== Args={}
2025-03-10 18:38:59,869 : EventManager : Event: ======'slide_ship_slide_active'====== Args={}
2025-03-10 18:38:59,890 : EventManager : Event: ======'loading_assets'====== Args={'total': 1, 'loaded': 1, 'remaining': 0, 'percent': 100}
2025-03-10 18:38:59,890 : AssetManager : Asset loading took: 1.9530062675476074
2025-03-10 18:38:59,890 : EventManager : Event: ======'asset_loading_complete'====== Args={}
2025-03-10 18:38:59,890 : AssetManager : Loading assets: 1/1 (100%)
2025-03-10 18:39:04,880 : EventManager : Event: ======'slides_play'====== Args={'settings': {'starting_slide': {'widgets': [{'type': 'image', 'image': 'start', 'animations': {'pre_show_slide': [{'property': ['opacity'], 'value': ['0'], 'duration': 0.5, 'relative': False, 'timing': 'after_previous', 'repeat': False, 'easing': 'linear', 'step': 0.0}, {'property': ['opacity'], 'value': ['1'], 'duration': 0.5, 'repeat': True, 'relative': False, 'timing': 'after_previous', 'easing': 'linear', 'step': 0.0}]}, '_default_settings': ['type', 'image', 'animations'], 'x': None, 'y': None, 'anchor_x': 'center', 'anchor_y': 'center', 'round_anchor_x': None, 'round_anchor_y': None, 'opacity': 1.0, 'z': 0, 'reset_animations_events': {}, 'color': [1.0, 1.0, 1.0, 1.0], 'style': [], 'adjust_top': 0, 'adjust_bottom': 0, 'adjust_left': 0, 'adjust_right': 0, 'expire': None, 'key': None, 'widget': None, 'events_when_added': [], 'events_when_removed': [], 'fps': 10, 'loops': -1, 'auto_play': True, 'start_frame': 0, 'rotation': 0, 'scale': 1.0}, {'type': 'image', 'image': 'start_game', '_default_settings': ['type', 'image'], 'x': None, 'y': None, 'anchor_x': 'center', 'anchor_y': 'center', 'round_anchor_x': None, 'round_anchor_y': None, 'opacity': 1.0, 'z': 0, 'reset_animations_events': {}, 'color': [1.0, 1.0, 1.0, 1.0], 'style': [], 'adjust_top': 0, 'adjust_bottom': 0, 'adjust_left': 0, 'adjust_right': 0, 'expire': None, 'key': None, 'widget': None, 'events_when_added': [], 'events_when_removed': [], 'fps': 10, 'loops': -1, 'auto_play': True, 'start_frame': 0, 'rotation': 0, 'scale': 1.0, 'animations': None}], 'transition': {'type': 'push', 'duration': 1.0, 'direction': 'left', 'easing': 'out_quad'}, 'target': None, 'background_color': [0.0, 0.0, 0.0, 1.0], 'priority': None, 'show': True, 'force': False, 'expire': None, 'slide': None, 'tokens': {}, 'action': 'play'}}, 'context': 'show_1', 'calling_context': 1, 'priority': 10, 'show_tokens': {}, 'start_time': 684575.593}
2025-03-10 18:39:04,894 : EventManager : Event: ======'slide_starting_slide_created'====== Args={}
2025-03-10 18:39:04,900 : EventManager : Event: ======'slide_starting_slide_active'====== Args={}
2025-03-10 18:39:09,864 : EventManager : Event: ======'slides_play'====== Args={'settings': {'company_slide': {'widgets': [{'type': 'image', 'image': 'company', '_default_settings': ['type', 'image'], 'x': None, 'y': None, 'anchor_x': 'center', 'anchor_y': 'center', 'round_anchor_x': None, 'round_anchor_y': None, 'opacity': 1.0, 'z': 0, 'reset_animations_events': {}, 'color': [1.0, 1.0, 1.0, 1.0], 'style': [], 'adjust_top': 0, 'adjust_bottom': 0, 'adjust_left': 0, 'adjust_right': 0, 'expire': None, 'key': None, 'widget': None, 'events_when_added': [], 'events_when_removed': [], 'fps': 10, 'loops': -1, 'auto_play': True, 'start_frame': 0, 'rotation': 0, 'scale': 1.0, 'animations': None}, {'type': 'text', 'text': '(machine|player1_score)', 'number_grouping': True, 'min_digits': 2, 'font_size': 50, 'y': '40%', '_default_settings': ['type', 'text', 'number_grouping', 'min_digits', 'font_size', 'y'], 'x': None, 'anchor_x': 'center', 'anchor_y': 'center', 'round_anchor_x': None, 'round_anchor_y': None, 'opacity': 1.0, 'z': 0, 'reset_animations_events': {}, 'color': [1.0, 1.0, 1.0, 1.0], 'style': [], 'adjust_top': 0, 'adjust_bottom': 0, 'adjust_left': 0, 'adjust_right': 0, 'expire': None, 'key': None, 'widget': None, 'events_when_added': [], 'events_when_removed': [], 'bitmap_font': False, 'font_kerning': True, 'bold': False, 'italic': False, 'halign': 'center', 'valign': 'middle', 'rotation': 0, 'scale': 1.0, 'casing': None, 'outline_color': [1.0, 1.0, 1.0, 1.0], 'outline_width': 0, 'animations': None}], 'transition': {'type': 'move_in', 'duration': 1.0, 'direction': 'right', 'easing': 'out_quad'}, 'target': None, 'background_color': [0.0, 0.0, 0.0, 1.0], 'priority': None, 'show': True, 'force': False, 'expire': None, 'slide': None, 'tokens': {}, 'action': 'play'}}, 'context': 'show_1', 'calling_context': 2, 'priority': 10, 'show_tokens': {}, 'start_time': 684580.593}
2025-03-10 18:39:09,869 : EventManager : Event: ======'slide_company_slide_created'====== Args={}
2025-03-10 18:39:09,870 : EventManager : Unordered handler for class <Text Widget text=8,000> on event machine_var_player1_score with priority 1. Handlers: [RegisteredHandler(callback=<bound method Text._machine_var_change of <Text Widget text=8,000>>, priority=1, kwargs={}, key=UUID('87af26c3-ddca-4a80-8665-012f076c5ee4'), condition=None, blocking_facility=None), RegisteredHandler(callback=<bound method Text._machine_var_change of <Text Widget text=8,000>>, priority=1, kwargs={}, key=UUID('63263ffe-644f-43d1-b576-95b635f8c710'), condition=None, blocking_facility=None)]. The order of those handlers is not defined and they will be executed in random order. This might lead to race conditions and potential bugs.
2025-03-10 18:39:09,871 : EventManager : Event: ======'slide_company_slide_active'====== Args={}
2025-03-10 18:39:13,519 : EventManager : Event: ======'game_started'====== Args={}
2025-03-10 18:39:13,531 : EventManager : Event: ======'slides_clear'====== Args={'context': 'show_1'}
2025-03-10 18:39:13,531 : EventManager : Event: ======'sounds_play'====== Args={'settings': {'main': {'action': 'stop', 'priority': None, 'block': False, 'delay': None, 'track': None, 'volume': None, 'ducking': {}, 'pan': None, 'loops': None, 'start_at': None, 'fade_in': None, 'fade_out': None, 'about_to_finish_time': -1.0, 'max_queue_time': -1.0, 'events_when_played': ['use_sound_setting'], 'events_when_stopped': ['use_sound_setting'], 'events_when_looping': ['use_sound_setting'], 'events_when_about_to_finish': ['use_sound_setting'], 'mode_end_action': 'use_sound_setting', 'key': 'use_sound_setting'}}, 'context': '_global', 'calling_context': 'mode_attract_stopped', 'priority': 0}
2025-03-10 18:39:13,531 : EventManager : Event: ======'player_added'====== Args={'player': <Player 1>, 'num': 1}
2025-03-10 18:39:13,531 : EventManager : Event: ======'player_index'====== Args={'value': 0, 'prev_value': 0, 'change': 0, 'player_num': 1}
2025-03-10 18:39:13,531 : EventManager : Event: ======'player_number'====== Args={'value': 1, 'prev_value': 1, 'change': 0, 'player_num': 1}
2025-03-10 18:39:13,532 : EventManager : Event: ======'player_score'====== Args={'value': 0, 'prev_value': 0, 'change': 0, 'player_num': 1}
2025-03-10 18:39:13,532 : EventManager : Event: ======'slide_ship_slide_removed'====== Args={}
2025-03-10 18:39:13,532 : EventManager : Event: ======'slide_starting_slide_removed'====== Args={}
2025-03-10 18:39:13,532 : EventManager : Event: ======'slide_company_slide_removed'====== Args={}
2025-03-10 18:39:13,536 : EventManager : Event: ======'slide_welcome_slide_active'====== Args={}
2025-03-10 18:39:13,569 : EventManager : Event: ======'player_ball'====== Args={'value': 1, 'prev_value': 0, 'change': 1, 'player_num': 1}
2025-03-10 18:39:13,570 : EventManager : Event: ======'player_turn_start'====== Args={'number': 1, 'player': <Player 1>}
2025-03-10 18:39:13,594 : EventManager : Event: ======'slides_play'====== Args={'settings': {'widgets': {'widgets': [{'type': 'text', 'text': '(score)', 'number_grouping': True, 'min_digits': 2, 'font_size': 100, '_default_settings': ['type', 'text', 'number_grouping', 'min_digits', 'font_size'], 'x': None, 'y': None, 'anchor_x': 'center', 'anchor_y': 'center', 'round_anchor_x': None, 'round_anchor_y': None, 'opacity': 1.0, 'z': 0, 'reset_animations_events': {}, 'color': [1.0, 1.0, 1.0, 1.0], 'style': [], 'adjust_top': 0, 'adjust_bottom': 0, 'adjust_left': 0, 'adjust_right': 0, 'expire': None, 'key': None, 'widget': None, 'events_when_added': [], 'events_when_removed': [], 'bitmap_font': False, 'font_kerning': True, 'bold': False, 'italic': False, 'halign': 'center', 'valign': 'middle', 'rotation': 0, 'scale': 1.0, 'casing': None, 'outline_color': [1.0, 1.0, 1.0, 1.0], 'outline_width': 0, 'animations': None}, {'type': 'text', 'text': 'PLAYER (ball)', 'y': '10', 'x': '10', 'font_size': 50, 'anchor_x': 'left', 'anchor_y': 'bottom', '_default_settings': ['type', 'text', 'y', 'x', 'font_size', 'anchor_x', 'anchor_y'], 'round_anchor_x': None, 'round_anchor_y': None, 'opacity': 1.0, 'z': 0, 'reset_animations_events': {}, 'color': [1.0, 1.0, 1.0, 1.0], 'style': [], 'adjust_top': 0, 'adjust_bottom': 0, 'adjust_left': 0, 'adjust_right': 0, 'expire': None, 'key': None, 'widget': None, 'events_when_added': [], 'events_when_removed': [], 'bitmap_font': False, 'font_kerning': True, 'bold': False, 'italic': False, 'number_grouping': False, 'min_digits': 0, 'halign': 'center', 'valign': 'middle', 'rotation': 0, 'scale': 1.0, 'casing': None, 'outline_color': [1.0, 1.0, 1.0, 1.0], 'outline_width': 0, 'animations': None}, {'type': 'text', 'text': 'BALL (number)', 'y': '10', 'x': 'right-10', 'anchor_x': 'right', 'anchor_y': 'bottom', 'font_size': 50, '_default_settings': ['type', 'text', 'y', 'x', 'anchor_x', 'anchor_y', 'font_size'], 'round_anchor_x': None, 'round_anchor_y': None, 'opacity': 1.0, 'z': 0, 'reset_animations_events': {}, 'color': [1.0, 1.0, 1.0, 1.0], 'style': [], 'adjust_top': 0, 'adjust_bottom': 0, 'adjust_left': 0, 'adjust_right': 0, 'expire': None, 'key': None, 'widget': None, 'events_when_added': [], 'events_when_removed': [], 'bitmap_font': False, 'font_kerning': True, 'bold': False, 'italic': False, 'number_grouping': False, 'min_digits': 0, 'halign': 'center', 'valign': 'middle', 'rotation': 0, 'scale': 1.0, 'casing': None, 'outline_color': [1.0, 1.0, 1.0, 1.0], 'outline_width': 0, 'animations': None}], 'target': None, 'background_color': [0.0, 0.0, 0.0, 1.0], 'priority': None, 'show': True, 'force': False, 'expire': None, 'slide': None, 'tokens': {}, 'action': 'play'}}, 'context': 'base', 'calling_context': 'mode_base_started', 'priority': 100, 'player': 1, 'ball': 1, 'balls_remaining': 2, 'is_extra_ball': False}
2025-03-10 18:39:13,606 : EventManager : Event: ======'slide_base.slide_player-mode_base_started_created'====== Args={}
2025-03-10 18:39:13,608 : EventManager : Event: ======'slide_base.slide_player-mode_base_started_active'====== Args={}
2025-03-10 18:39:13,777 : EventManager : Event: ======'machine_var_audits_switches_s_plunger_lane'====== Args={'value': 126, 'prev_value': 125, 'change': 1}
2025-03-10 18:39:21,826 : EventManager : Event: ======'machine_var_audits_switches_s_trough1'====== Args={'value': 103, 'prev_value': 102, 'change': 1}
2025-03-10 18:39:26,001 : EventManager : Event: ======'machine_var_audits_switches_s_launcher_button'====== Args={'value': 84, 'prev_value': 83, 'change': 1}
2025-03-10 18:39:26,013 : EventManager : Event: ======'player_added'====== Args={'player': <Player 2>, 'num': 2}
2025-03-10 18:39:26,014 : EventManager : Event: ======'player_index'====== Args={'value': 1, 'prev_value': 1, 'change': 0, 'player_num': 2}
2025-03-10 18:39:26,014 : EventManager : Event: ======'player_number'====== Args={'value': 2, 'prev_value': 2, 'change': 0, 'player_num': 2}
2025-03-10 18:39:26,015 : EventManager : Event: ======'player_score'====== Args={'value': 0, 'prev_value': 0, 'change': 0, 'player_num': 2}
2025-03-10 18:39:26,141 : EventManager : Event: ======'machine_var_audits_switches_s_playfield_entry'====== Args={'value': 193, 'prev_value': 192, 'change': 1}
2025-03-10 18:39:27,614 : EventManager : Event: ======'machine_var_audits_switches_s_trough1'====== Args={'value': 104, 'prev_value': 103, 'change': 1}
2025-03-10 18:39:30,819 : EventManager : Event: ======'machine_var_audits_switches_s_trough1'====== Args={'value': 105, 'prev_value': 104, 'change': 1}
2025-03-10 18:39:31,143 : EventManager : Event: ======'slides_clear'====== Args={'context': 'base'}
2025-03-10 18:39:31,143 : EventManager : Event: ======'slide_base.slide_player-mode_base_started_removed'====== Args={}
2025-03-10 18:39:31,143 : EventManager : Event: ======'slide_welcome_slide_active'====== Args={}
2025-03-10 18:39:31,205 : EventManager : Event: ======'player_ball'====== Args={'value': 1, 'prev_value': 0, 'change': 1, 'player_num': 2}
2025-03-10 18:39:31,205 : EventManager : Event: ======'player_turn_start'====== Args={'number': 2, 'player': <Player 2>}
2025-03-10 18:39:31,217 : EventManager : Event: ======'slides_play'====== Args={'settings': {'widgets': {'widgets': [{'type': 'text', 'text': '(score)', 'number_grouping': True, 'min_digits': 2, 'font_size': 100, '_default_settings': ['type', 'text', 'number_grouping', 'min_digits', 'font_size'], 'x': None, 'y': None, 'anchor_x': 'center', 'anchor_y': 'center', 'round_anchor_x': None, 'round_anchor_y': None, 'opacity': 1.0, 'z': 0, 'reset_animations_events': {}, 'color': [1.0, 1.0, 1.0, 1.0], 'style': [], 'adjust_top': 0, 'adjust_bottom': 0, 'adjust_left': 0, 'adjust_right': 0, 'expire': None, 'key': None, 'widget': None, 'events_when_added': [], 'events_when_removed': [], 'bitmap_font': False, 'font_kerning': True, 'bold': False, 'italic': False, 'halign': 'center', 'valign': 'middle', 'rotation': 0, 'scale': 1.0, 'casing': None, 'outline_color': [1.0, 1.0, 1.0, 1.0], 'outline_width': 0, 'animations': None}, {'type': 'text', 'text': 'PLAYER (ball)', 'y': '10', 'x': '10', 'font_size': 50, 'anchor_x': 'left', 'anchor_y': 'bottom', '_default_settings': ['type', 'text', 'y', 'x', 'font_size', 'anchor_x', 'anchor_y'], 'round_anchor_x': None, 'round_anchor_y': None, 'opacity': 1.0, 'z': 0, 'reset_animations_events': {}, 'color': [1.0, 1.0, 1.0, 1.0], 'style': [], 'adjust_top': 0, 'adjust_bottom': 0, 'adjust_left': 0, 'adjust_right': 0, 'expire': None, 'key': None, 'widget': None, 'events_when_added': [], 'events_when_removed': [], 'bitmap_font': False, 'font_kerning': True, 'bold': False, 'italic': False, 'number_grouping': False, 'min_digits': 0, 'halign': 'center', 'valign': 'middle', 'rotation': 0, 'scale': 1.0, 'casing': None, 'outline_color': [1.0, 1.0, 1.0, 1.0], 'outline_width': 0, 'animations': None}, {'type': 'text', 'text': 'BALL (number)', 'y': '10', 'x': 'right-10', 'anchor_x': 'right', 'anchor_y': 'bottom', 'font_size': 50, '_default_settings': ['type', 'text', 'y', 'x', 'anchor_x', 'anchor_y', 'font_size'], 'round_anchor_x': None, 'round_anchor_y': None, 'opacity': 1.0, 'z': 0, 'reset_animations_events': {}, 'color': [1.0, 1.0, 1.0, 1.0], 'style': [], 'adjust_top': 0, 'adjust_bottom': 0, 'adjust_left': 0, 'adjust_right': 0, 'expire': None, 'key': None, 'widget': None, 'events_when_added': [], 'events_when_removed': [], 'bitmap_font': False, 'font_kerning': True, 'bold': False, 'italic': False, 'number_grouping': False, 'min_digits': 0, 'halign': 'center', 'valign': 'middle', 'rotation': 0, 'scale': 1.0, 'casing': None, 'outline_color': [1.0, 1.0, 1.0, 1.0], 'outline_width': 0, 'animations': None}], 'target': None, 'background_color': [0.0, 0.0, 0.0, 1.0], 'priority': None, 'show': True, 'force': False, 'expire': None, 'slide': None, 'tokens': {}, 'action': 'play'}}, 'context': 'base', 'calling_context': 'mode_base_started', 'priority': 100, 'player': 2, 'ball': 1, 'balls_remaining': 2, 'is_extra_ball': False}
2025-03-10 18:39:31,224 : EventManager : Event: ======'slide_base.slide_player-mode_base_started_created'====== Args={}
2025-03-10 18:39:31,225 : EventManager : Event: ======'slide_base.slide_player-mode_base_started_active'====== Args={}
2025-03-10 18:39:31,378 : EventManager : Event: ======'machine_var_audits_switches_s_plunger_lane'====== Args={'value': 127, 'prev_value': 126, 'change': 1}
2025-03-10 18:39:33,383 : EventManager : Event: ======'machine_var_audits_switches_s_launcher_button'====== Args={'value': 85, 'prev_value': 84, 'change': 1}
2025-03-10 18:39:33,384 : EventManager : Event: ======'player_added'====== Args={'player': <Player 3>, 'num': 3}
2025-03-10 18:39:33,384 : EventManager : Event: ======'player_index'====== Args={'value': 2, 'prev_value': 2, 'change': 0, 'player_num': 3}
2025-03-10 18:39:33,384 : EventManager : Event: ======'player_number'====== Args={'value': 3, 'prev_value': 3, 'change': 0, 'player_num': 3}
2025-03-10 18:39:33,384 : EventManager : Event: ======'player_score'====== Args={'value': 0, 'prev_value': 0, 'change': 0, 'player_num': 3}
2025-03-10 18:39:33,465 : EventManager : Event: ======'machine_var_audits_switches_s_playfield_entry'====== Args={'value': 194, 'prev_value': 193, 'change': 1}
2025-03-10 18:39:36,429 : EventManager : Event: ======'machine_var_audits_switches_s_trough1'====== Args={'value': 106, 'prev_value': 105, 'change': 1}
2025-03-10 18:39:36,752 : EventManager : Event: ======'slides_clear'====== Args={'context': 'base'}
2025-03-10 18:39:36,752 : EventManager : Event: ======'slide_base.slide_player-mode_base_started_removed'====== Args={}
2025-03-10 18:39:36,752 : EventManager : Event: ======'slide_welcome_slide_active'====== Args={}
2025-03-10 18:39:36,803 : EventManager : Event: ======'player_ball'====== Args={'value': 1, 'prev_value': 0, 'change': 1, 'player_num': 3}
2025-03-10 18:39:36,803 : EventManager : Event: ======'player_turn_start'====== Args={'number': 3, 'player': <Player 3>}
2025-03-10 18:39:36,815 : EventManager : Event: ======'slides_play'====== Args={'settings': {'widgets': {'widgets': [{'type': 'text', 'text': '(score)', 'number_grouping': True, 'min_digits': 2, 'font_size': 100, '_default_settings': ['type', 'text', 'number_grouping', 'min_digits', 'font_size'], 'x': None, 'y': None, 'anchor_x': 'center', 'anchor_y': 'center', 'round_anchor_x': None, 'round_anchor_y': None, 'opacity': 1.0, 'z': 0, 'reset_animations_events': {}, 'color': [1.0, 1.0, 1.0, 1.0], 'style': [], 'adjust_top': 0, 'adjust_bottom': 0, 'adjust_left': 0, 'adjust_right': 0, 'expire': None, 'key': None, 'widget': None, 'events_when_added': [], 'events_when_removed': [], 'bitmap_font': False, 'font_kerning': True, 'bold': False, 'italic': False, 'halign': 'center', 'valign': 'middle', 'rotation': 0, 'scale': 1.0, 'casing': None, 'outline_color': [1.0, 1.0, 1.0, 1.0], 'outline_width': 0, 'animations': None}, {'type': 'text', 'text': 'PLAYER (ball)', 'y': '10', 'x': '10', 'font_size': 50, 'anchor_x': 'left', 'anchor_y': 'bottom', '_default_settings': ['type', 'text', 'y', 'x', 'font_size', 'anchor_x', 'anchor_y'], 'round_anchor_x': None, 'round_anchor_y': None, 'opacity': 1.0, 'z': 0, 'reset_animations_events': {}, 'color': [1.0, 1.0, 1.0, 1.0], 'style': [], 'adjust_top': 0, 'adjust_bottom': 0, 'adjust_left': 0, 'adjust_right': 0, 'expire': None, 'key': None, 'widget': None, 'events_when_added': [], 'events_when_removed': [], 'bitmap_font': False, 'font_kerning': True, 'bold': False, 'italic': False, 'number_grouping': False, 'min_digits': 0, 'halign': 'center', 'valign': 'middle', 'rotation': 0, 'scale': 1.0, 'casing': None, 'outline_color': [1.0, 1.0, 1.0, 1.0], 'outline_width': 0, 'animations': None}, {'type': 'text', 'text': 'BALL (number)', 'y': '10', 'x': 'right-10', 'anchor_x': 'right', 'anchor_y': 'bottom', 'font_size': 50, '_default_settings': ['type', 'text', 'y', 'x', 'anchor_x', 'anchor_y', 'font_size'], 'round_anchor_x': None, 'round_anchor_y': None, 'opacity': 1.0, 'z': 0, 'reset_animations_events': {}, 'color': [1.0, 1.0, 1.0, 1.0], 'style': [], 'adjust_top': 0, 'adjust_bottom': 0, 'adjust_left': 0, 'adjust_right': 0, 'expire': None, 'key': None, 'widget': None, 'events_when_added': [], 'events_when_removed': [], 'bitmap_font': False, 'font_kerning': True, 'bold': False, 'italic': False, 'number_grouping': False, 'min_digits': 0, 'halign': 'center', 'valign': 'middle', 'rotation': 0, 'scale': 1.0, 'casing': None, 'outline_color': [1.0, 1.0, 1.0, 1.0], 'outline_width': 0, 'animations': None}], 'target': None, 'background_color': [0.0, 0.0, 0.0, 1.0], 'priority': None, 'show': True, 'force': False, 'expire': None, 'slide': None, 'tokens': {}, 'action': 'play'}}, 'context': 'base', 'calling_context': 'mode_base_started', 'priority': 100, 'player': 3, 'ball': 1, 'balls_remaining': 2, 'is_extra_ball': False}
2025-03-10 18:39:36,821 : EventManager : Event: ======'slide_base.slide_player-mode_base_started_created'====== Args={}
2025-03-10 18:39:36,824 : EventManager : Event: ======'slide_base.slide_player-mode_base_started_active'====== Args={}
2025-03-10 18:39:36,939 : EventManager : Event: ======'machine_var_audits_switches_s_plunger_lane'====== Args={'value': 128, 'prev_value': 127, 'change': 1}
2025-03-10 18:39:37,828 : EventManager : Event: ======'machine_var_audits_switches_s_launcher_button'====== Args={'value': 86, 'prev_value': 85, 'change': 1}
2025-03-10 18:39:37,828 : EventManager : Event: ======'player_added'====== Args={'player': <Player 4>, 'num': 4}
2025-03-10 18:39:37,828 : EventManager : Event: ======'player_index'====== Args={'value': 3, 'prev_value': 3, 'change': 0, 'player_num': 4}
2025-03-10 18:39:37,828 : EventManager : Event: ======'player_number'====== Args={'value': 4, 'prev_value': 4, 'change': 0, 'player_num': 4}
2025-03-10 18:39:37,828 : EventManager : Event: ======'player_score'====== Args={'value': 0, 'prev_value': 0, 'change': 0, 'player_num': 4}
2025-03-10 18:39:37,918 : EventManager : Event: ======'machine_var_audits_switches_s_playfield_entry'====== Args={'value': 195, 'prev_value': 194, 'change': 1}
2025-03-10 18:39:39,254 : EventManager : Event: ======'machine_var_audits_switches_s_trough1'====== Args={'value': 107, 'prev_value': 106, 'change': 1}
2025-03-10 18:39:39,606 : EventManager : Event: ======'slides_clear'====== Args={'context': 'base'}
2025-03-10 18:39:39,608 : EventManager : Event: ======'slide_base.slide_player-mode_base_started_removed'====== Args={}
2025-03-10 18:39:39,610 : EventManager : Event: ======'slide_welcome_slide_active'====== Args={}
2025-03-10 18:39:39,728 : EventManager : Event: ======'player_ball'====== Args={'value': 1, 'prev_value': 0, 'change': 1, 'player_num': 4}
2025-03-10 18:39:39,728 : EventManager : Event: ======'player_turn_start'====== Args={'number': 4, 'player': <Player 4>}
2025-03-10 18:39:39,740 : EventManager : Event: ======'slides_play'====== Args={'settings': {'widgets': {'widgets': [{'type': 'text', 'text': '(score)', 'number_grouping': True, 'min_digits': 2, 'font_size': 100, '_default_settings': ['type', 'text', 'number_grouping', 'min_digits', 'font_size'], 'x': None, 'y': None, 'anchor_x': 'center', 'anchor_y': 'center', 'round_anchor_x': None, 'round_anchor_y': None, 'opacity': 1.0, 'z': 0, 'reset_animations_events': {}, 'color': [1.0, 1.0, 1.0, 1.0], 'style': [], 'adjust_top': 0, 'adjust_bottom': 0, 'adjust_left': 0, 'adjust_right': 0, 'expire': None, 'key': None, 'widget': None, 'events_when_added': [], 'events_when_removed': [], 'bitmap_font': False, 'font_kerning': True, 'bold': False, 'italic': False, 'halign': 'center', 'valign': 'middle', 'rotation': 0, 'scale': 1.0, 'casing': None, 'outline_color': [1.0, 1.0, 1.0, 1.0], 'outline_width': 0, 'animations': None}, {'type': 'text', 'text': 'PLAYER (ball)', 'y': '10', 'x': '10', 'font_size': 50, 'anchor_x': 'left', 'anchor_y': 'bottom', '_default_settings': ['type', 'text', 'y', 'x', 'font_size', 'anchor_x', 'anchor_y'], 'round_anchor_x': None, 'round_anchor_y': None, 'opacity': 1.0, 'z': 0, 'reset_animations_events': {}, 'color': [1.0, 1.0, 1.0, 1.0], 'style': [], 'adjust_top': 0, 'adjust_bottom': 0, 'adjust_left': 0, 'adjust_right': 0, 'expire': None, 'key': None, 'widget': None, 'events_when_added': [], 'events_when_removed': [], 'bitmap_font': False, 'font_kerning': True, 'bold': False, 'italic': False, 'number_grouping': False, 'min_digits': 0, 'halign': 'center', 'valign': 'middle', 'rotation': 0, 'scale': 1.0, 'casing': None, 'outline_color': [1.0, 1.0, 1.0, 1.0], 'outline_width': 0, 'animations': None}, {'type': 'text', 'text': 'BALL (number)', 'y': '10', 'x': 'right-10', 'anchor_x': 'right', 'anchor_y': 'bottom', 'font_size': 50, '_default_settings': ['type', 'text', 'y', 'x', 'anchor_x', 'anchor_y', 'font_size'], 'round_anchor_x': None, 'round_anchor_y': None, 'opacity': 1.0, 'z': 0, 'reset_animations_events': {}, 'color': [1.0, 1.0, 1.0, 1.0], 'style': [], 'adjust_top': 0, 'adjust_bottom': 0, 'adjust_left': 0, 'adjust_right': 0, 'expire': None, 'key': None, 'widget': None, 'events_when_added': [], 'events_when_removed': [], 'bitmap_font': False, 'font_kerning': True, 'bold': False, 'italic': False, 'number_grouping': False, 'min_digits': 0, 'halign': 'center', 'valign': 'middle', 'rotation': 0, 'scale': 1.0, 'casing': None, 'outline_color': [1.0, 1.0, 1.0, 1.0], 'outline_width': 0, 'animations': None}], 'target': None, 'background_color': [0.0, 0.0, 0.0, 1.0], 'priority': None, 'show': True, 'force': False, 'expire': None, 'slide': None, 'tokens': {}, 'action': 'play'}}, 'context': 'base', 'calling_context': 'mode_base_started', 'priority': 100, 'player': 4, 'ball': 1, 'balls_remaining': 2, 'is_extra_ball': False}
2025-03-10 18:39:39,744 : EventManager : Event: ======'slide_base.slide_player-mode_base_started_created'====== Args={}
2025-03-10 18:39:39,745 : EventManager : Event: ======'slide_base.slide_player-mode_base_started_active'====== Args={}
2025-03-10 18:39:39,888 : EventManager : Event: ======'machine_var_audits_switches_s_plunger_lane'====== Args={'value': 129, 'prev_value': 128, 'change': 1}
2025-03-10 18:39:41,624 : EventManager : Event: ======'machine_var_audits_switches_s_launcher_button'====== Args={'value': 87, 'prev_value': 86, 'change': 1}
2025-03-10 18:39:41,713 : EventManager : Event: ======'machine_var_audits_switches_s_playfield_entry'====== Args={'value': 196, 'prev_value': 195, 'change': 1}
2025-03-10 18:39:42,792 : EventManager : Event: ======'machine_var_audits_switches_s_trough1'====== Args={'value': 108, 'prev_value': 107, 'change': 1}
2025-03-10 18:39:43,131 : EventManager : Event: ======'slides_clear'====== Args={'context': 'base'}
2025-03-10 18:39:43,133 : EventManager : Event: ======'slide_base.slide_player-mode_base_started_removed'====== Args={}
2025-03-10 18:39:43,134 : EventManager : Event: ======'slide_welcome_slide_active'====== Args={}
2025-03-10 18:39:43,243 : EventManager : Event: ======'player_ball'====== Args={'value': 2, 'prev_value': 1, 'change': 1, 'player_num': 1}
2025-03-10 18:39:43,243 : EventManager : Event: ======'player_turn_start'====== Args={'number': 1, 'player': <Player 1>}
2025-03-10 18:39:43,266 : EventManager : Event: ======'slides_play'====== Args={'settings': {'widgets': {'widgets': [{'type': 'text', 'text': '(score)', 'number_grouping': True, 'min_digits': 2, 'font_size': 100, '_default_settings': ['type', 'text', 'number_grouping', 'min_digits', 'font_size'], 'x': None, 'y': None, 'anchor_x': 'center', 'anchor_y': 'center', 'round_anchor_x': None, 'round_anchor_y': None, 'opacity': 1.0, 'z': 0, 'reset_animations_events': {}, 'color': [1.0, 1.0, 1.0, 1.0], 'style': [], 'adjust_top': 0, 'adjust_bottom': 0, 'adjust_left': 0, 'adjust_right': 0, 'expire': None, 'key': None, 'widget': None, 'events_when_added': [], 'events_when_removed': [], 'bitmap_font': False, 'font_kerning': True, 'bold': False, 'italic': False, 'halign': 'center', 'valign': 'middle', 'rotation': 0, 'scale': 1.0, 'casing': None, 'outline_color': [1.0, 1.0, 1.0, 1.0], 'outline_width': 0, 'animations': None}, {'type': 'text', 'text': 'PLAYER (ball)', 'y': '10', 'x': '10', 'font_size': 50, 'anchor_x': 'left', 'anchor_y': 'bottom', '_default_settings': ['type', 'text', 'y', 'x', 'font_size', 'anchor_x', 'anchor_y'], 'round_anchor_x': None, 'round_anchor_y': None, 'opacity': 1.0, 'z': 0, 'reset_animations_events': {}, 'color': [1.0, 1.0, 1.0, 1.0], 'style': [], 'adjust_top': 0, 'adjust_bottom': 0, 'adjust_left': 0, 'adjust_right': 0, 'expire': None, 'key': None, 'widget': None, 'events_when_added': [], 'events_when_removed': [], 'bitmap_font': False, 'font_kerning': True, 'bold': False, 'italic': False, 'number_grouping': False, 'min_digits': 0, 'halign': 'center', 'valign': 'middle', 'rotation': 0, 'scale': 1.0, 'casing': None, 'outline_color': [1.0, 1.0, 1.0, 1.0], 'outline_width': 0, 'animations': None}, {'type': 'text', 'text': 'BALL (number)', 'y': '10', 'x': 'right-10', 'anchor_x': 'right', 'anchor_y': 'bottom', 'font_size': 50, '_default_settings': ['type', 'text', 'y', 'x', 'anchor_x', 'anchor_y', 'font_size'], 'round_anchor_x': None, 'round_anchor_y': None, 'opacity': 1.0, 'z': 0, 'reset_animations_events': {}, 'color': [1.0, 1.0, 1.0, 1.0], 'style': [], 'adjust_top': 0, 'adjust_bottom': 0, 'adjust_left': 0, 'adjust_right': 0, 'expire': None, 'key': None, 'widget': None, 'events_when_added': [], 'events_when_removed': [], 'bitmap_font': False, 'font_kerning': True, 'bold': False, 'italic': False, 'number_grouping': False, 'min_digits': 0, 'halign': 'center', 'valign': 'middle', 'rotation': 0, 'scale': 1.0, 'casing': None, 'outline_color': [1.0, 1.0, 1.0, 1.0], 'outline_width': 0, 'animations': None}], 'target': None, 'background_color': [0.0, 0.0, 0.0, 1.0], 'priority': None, 'show': True, 'force': False, 'expire': None, 'slide': None, 'tokens': {}, 'action': 'play'}}, 'context': 'base', 'calling_context': 'mode_base_started', 'priority': 100, 'player': 1, 'ball': 2, 'balls_remaining': 1, 'is_extra_ball': False}
2025-03-10 18:39:43,271 : EventManager : Event: ======'slide_base.slide_player-mode_base_started_created'====== Args={}
2025-03-10 18:39:43,276 : EventManager : Event: ======'slide_base.slide_player-mode_base_started_active'====== Args={}
2025-03-10 18:39:43,439 : EventManager : Event: ======'machine_var_audits_switches_s_plunger_lane'====== Args={'value': 130, 'prev_value': 129, 'change': 1}
2025-03-10 18:39:47,360 : EventManager : Event: ======'machine_var_audits_switches_s_launcher_button'====== Args={'value': 88, 'prev_value': 87, 'change': 1}
2025-03-10 18:39:47,447 : EventManager : Event: ======'machine_var_audits_switches_s_playfield_entry'====== Args={'value': 197, 'prev_value': 196, 'change': 1}
2025-03-10 18:39:49,911 : kivy : Base: Leaving application in progress...
2025-03-10 18:39:49,911 : mpfmc : Stopping...
2025-03-10 18:39:49,911 : EventManager : Event: ======'shutdown'====== Args={}
2025-03-10 18:39:49,911 : AudioInterface : Disabling audio playback
2025-03-10 18:39:50,037 : mpfmc : Loop rate 78.31 Hz
2025-03-10 18:39:50,038 : root : MC run loop ended.
2025-03-10 18:39:50,039 : root : Stopping child threads... (2 remaining)
2025-03-10 18:39:50,638 : mpfmc : Stopping...
2025-03-10 18:39:50,638 : EventManager : Event: ======'shutdown'====== Args={}
2025-03-10 18:39:50,639 : mpfmc : Loop rate 77.42 Hz
2025-03-10 18:39:50,652 : MPF-MC BCP Server : Stopping BCP sending thread
2025-03-10 18:39:50,745 : root : All child threads stopped.
