2025-03-06 21:37:57,315 : INFO : root : Loading config.
2025-03-06 21:37:57,318 : INFO : YamlMultifileConfigLoader : Machine config file #1: config.yaml
2025-03-06 21:37:57,319 : WARNING : ConfigProcessor : Config file in cache changed: C:\Users\duffb\OneDrive\Documents\Python Envs\PinBallWW1\Machine\config\config.yaml
2025-03-06 21:37:57,319 : INFO : ConfigProcessor : Loading config from file C:\Users\duffb\.pyenv\pyenv-win\versions\3.11.0\Lib\site-packages\mpf\mpfconfig.yaml.
2025-03-06 21:37:57,328 : INFO : ConfigProcessor : Loading config: C:\Users\duffb\.pyenv\pyenv-win\versions\3.11.0\Lib\site-packages\mpf\mpfconfig.yaml
2025-03-06 21:37:57,328 : INFO : ConfigProcessor : Loading config from file C:\Users\duffb\OneDrive\Documents\Python Envs\PinBallWW1\Machine\config\config.yaml.
2025-03-06 21:37:57,345 : INFO : ConfigProcessor : Loading config: C:\Users\duffb\OneDrive\Documents\Python Envs\PinBallWW1\Machine\config\config.yaml
2025-03-06 21:37:57,346 : INFO : ConfigProcessor : Config file cache created: C:\Users\duffb\AppData\Local\Temp\cadfdee4981114acd6fff59d1071b59b.mpf_cache
2025-03-06 21:37:57,419 : INFO : ConfigProcessor : Loading config from cache: C:\Users\duffb\AppData\Local\Temp\2d51d76727b268a801d8dd7a18b89879.mpf_cache
2025-03-06 21:37:57,419 : INFO : ConfigProcessor : Loading config from cache: C:\Users\duffb\AppData\Local\Temp\9f058d482eac17116727d62a93500be7.mpf_cache
2025-03-06 21:37:57,420 : INFO : ConfigProcessor : Loading config from cache: C:\Users\duffb\AppData\Local\Temp\9e006ea23aa21ec68e01f6c49afad9f4.mpf_cache
2025-03-06 21:37:57,421 : INFO : Machine : Mission Pinball Framework Core Engine v0.57.0
2025-03-06 21:37:57,421 : INFO : Machine : Command line arguments: {'no_load_cache': False, 'create_config_cache': True, 'bcp': True, 'configfile': ['config.yaml'], 'force_assets_load': False, 'platform_integration_test': False, 'jsonlogging': False, 'logfile': 'logs\\2025-03-06-21-37-57-mpf-T0SHIII.log', 'pause': False, 'production': False, 'text_ui': True, 'loglevel': 15, 'consoleloglevel': 20, 'force_platform': None, 'syslog_address': None, 'mc_file_name': None, 'no_sound': False}
2025-03-06 21:37:57,421 : INFO : Machine : MPF path: C:\Users\duffb\.pyenv\pyenv-win\versions\3.11.0\Lib\site-packages\mpf
2025-03-06 21:37:57,421 : INFO : Machine : Machine path: C:\Users\duffb\OneDrive\Documents\Python Envs\PinBallWW1\Machine
2025-03-06 21:37:57,421 : INFO : Machine : Platform: win32
2025-03-06 21:37:57,421 : INFO : Machine : Python executable location: C:\Users\duffb\.pyenv\pyenv-win\versions\3.11.0\python.exe
2025-03-06 21:37:57,421 : INFO : Machine : Python version: 3.11.0 (64-bit)
2025-03-06 21:37:57,422 : INFO : Machine : Initializing MPF...
2025-03-06 21:37:57,577 : INFO : EventManager : Event: ======'machine_var_credits_string'====== Args={'value': 'FREE PLAY', 'prev_value': None, 'change': True}
2025-03-06 21:37:57,620 : INFO : EventManager : Event: ======'machine_var_master_volume'====== Args={'value': 0.5, 'prev_value': None, 'change': True}
2025-03-06 21:37:57,620 : INFO : EventManager : Event: ======'machine_var_player1_score'====== Args={'value': 8000, 'prev_value': None, 'change': True}
2025-03-06 21:37:57,620 : INFO : EventManager : Event: ======'machine_var_player2_score'====== Args={'value': 1000, 'prev_value': None, 'change': True}
2025-03-06 21:37:57,620 : INFO : EventManager : Event: ======'machine_var_mpf_version'====== Args={'value': 'Mission Pinball Framework v0.57.0', 'prev_value': None, 'change': True}
2025-03-06 21:37:57,620 : INFO : EventManager : Event: ======'machine_var_mpf_extended_version'====== Args={'value': 'Mission Pinball Framework v0.57.0, Config version:6, Show version: 6, BCP version:1.1', 'prev_value': None, 'change': True}
2025-03-06 21:37:57,620 : INFO : EventManager : Event: ======'machine_var_python_version'====== Args={'value': '3.11.0', 'prev_value': None, 'change': True}
2025-03-06 21:37:57,629 : INFO : EventManager : Event: ======'machine_var_platform'====== Args={'value': 'Windows-10-10.0.26100-SP0', 'prev_value': None, 'change': True}
2025-03-06 21:37:57,629 : INFO : EventManager : Event: ======'machine_var_platform_system'====== Args={'value': 'Windows', 'prev_value': None, 'change': True}
2025-03-06 21:37:57,629 : INFO : EventManager : Event: ======'machine_var_platform_release'====== Args={'value': '10', 'prev_value': None, 'change': True}
2025-03-06 21:37:57,629 : INFO : EventManager : Event: ======'machine_var_platform_version'====== Args={'value': '10.0.26100', 'prev_value': None, 'change': True}
2025-03-06 21:37:57,629 : INFO : EventManager : Event: ======'machine_var_platform_machine'====== Args={'value': 'AMD64', 'prev_value': None, 'change': True}
2025-03-06 21:37:57,629 : INFO : EventManager : Event: ======'init_phase_1'====== Args={}
2025-03-06 21:37:57,641 : INFO : EventManager : Event: ======'init_phase_2'====== Args={}
2025-03-06 21:37:57,641 : INFO : SwitchController : Found active switch: ('3', <Platform.SmartVirtual>) <switch.s_trough1>
2025-03-06 21:37:57,641 : INFO : SwitchController : Found active switch: ('4', <Platform.SmartVirtual>) <switch.s_trough2>
2025-03-06 21:37:57,641 : INFO : SwitchController : Found active switch: ('5', <Platform.SmartVirtual>) <switch.s_trough3>
2025-03-06 21:37:57,642 : INFO : EventManager : Event: ======'bcp_connection_attempt'====== Args={'name': 'local_display', 'host': 'localhost', 'port': 5050}
2025-03-06 21:37:57,644 : INFO : BCPClientSocket : Connecting BCP to 'local_display' at localhost:5050...
2025-03-06 21:37:59,681 : INFO : BCPClientSocket : Connected BCP to 'local_display' localhost:5050
2025-03-06 21:37:59,682 : INFO : EventManager : Event: ======'bcp_clients_connected'====== Args={}
2025-03-06 21:37:59,771 : INFO : ball_device.bd_trough : BCH: Initial count: 3
2025-03-06 21:37:59,771 : INFO : EventManager : Event: ======'machine_var_mc_version'====== Args={'value': 'MPF-MC v0.57.1', 'prev_value': None, 'change': True}
2025-03-06 21:37:59,771 : INFO : EventManager : Event: ======'machine_var_mc_extended_version'====== Args={'value': 'MPF-MC v0.57.1 (config_version=6, BCP v1.1,                      Requires MPF API compatibility v0.57.0 or newer)', 'prev_value': None, 'change': True}
2025-03-06 21:37:59,773 : INFO : ball_device.bd_trough : State: idle
2025-03-06 21:37:59,795 : INFO : ball_device.bd_plunger_lane : BCH: Initial count: 0
2025-03-06 21:37:59,795 : INFO : ball_device.bd_plunger_lane : State: idle
2025-03-06 21:37:59,817 : INFO : EventManager : Event: ======'init_phase_3'====== Args={}
2025-03-06 21:37:59,819 : INFO : EventManager : Event: ======'init_phase_4'====== Args={}
2025-03-06 21:37:59,819 : INFO : BallController : Initial balls found: 3
2025-03-06 21:37:59,820 : INFO : EventManager : Event: ======'machine_var_audits_events_game_ended'====== Args={'value': 13, 'prev_value': None, 'change': True}
2025-03-06 21:37:59,820 : INFO : EventManager : Event: ======'machine_var_audits_events_game_started'====== Args={'value': 26, 'prev_value': None, 'change': True}
2025-03-06 21:37:59,821 : INFO : EventManager : Event: ======'machine_var_audits_missing_switches_s_drain'====== Args={'value': 6, 'prev_value': None, 'change': True}
2025-03-06 21:37:59,821 : INFO : EventManager : Event: ======'machine_var_audits_missing_switches_s_left_flipper'====== Args={'value': 18, 'prev_value': None, 'change': True}
2025-03-06 21:37:59,821 : INFO : EventManager : Event: ======'machine_var_audits_missing_switches_s_right_flipper'====== Args={'value': 19, 'prev_value': None, 'change': True}
2025-03-06 21:37:59,821 : INFO : EventManager : Event: ======'machine_var_audits_missing_switches_s_trough2'====== Args={'value': 12, 'prev_value': None, 'change': True}
2025-03-06 21:37:59,821 : INFO : EventManager : Event: ======'machine_var_audits_missing_switches_s_trough3'====== Args={'value': 19, 'prev_value': None, 'change': True}
2025-03-06 21:37:59,821 : INFO : EventManager : Event: ======'machine_var_audits_missing_switches_s_trough_enter'====== Args={'value': 26, 'prev_value': None, 'change': True}
2025-03-06 21:37:59,821 : INFO : EventManager : Event: ======'machine_var_audits_player_score'====== Args={'value': {'average': 124, 'top': [8000, 1000, 0, 0, 0, 0, 0, 0, 0, 0], 'total': 16}, 'prev_value': None, 'change': True}
2025-03-06 21:37:59,821 : INFO : EventManager : Event: ======'machine_var_audits_switches_s_drain'====== Args={'value': 0, 'prev_value': None, 'change': True}
2025-03-06 21:37:59,821 : INFO : EventManager : Event: ======'machine_var_audits_switches_s_launcher_button'====== Args={'value': 13, 'prev_value': None, 'change': True}
2025-03-06 21:37:59,822 : INFO : EventManager : Event: ======'machine_var_audits_switches_s_left_flipper'====== Args={'value': 14, 'prev_value': None, 'change': True}
2025-03-06 21:37:59,822 : INFO : EventManager : Event: ======'machine_var_audits_switches_s_playfield_entry'====== Args={'value': 151, 'prev_value': None, 'change': True}
2025-03-06 21:37:59,822 : INFO : EventManager : Event: ======'machine_var_audits_switches_s_plunger_lane'====== Args={'value': 73, 'prev_value': None, 'change': True}
2025-03-06 21:37:59,822 : INFO : EventManager : Event: ======'machine_var_audits_switches_s_pointTarget'====== Args={'value': 14, 'prev_value': None, 'change': True}
2025-03-06 21:37:59,822 : INFO : EventManager : Event: ======'machine_var_audits_switches_s_right_flipper'====== Args={'value': 10, 'prev_value': None, 'change': True}
2025-03-06 21:37:59,822 : INFO : EventManager : Event: ======'machine_var_audits_switches_s_trough1'====== Args={'value': 51, 'prev_value': None, 'change': True}
2025-03-06 21:37:59,822 : INFO : EventManager : Event: ======'machine_var_audits_switches_s_trough2'====== Args={'value': 6, 'prev_value': None, 'change': True}
2025-03-06 21:37:59,822 : INFO : EventManager : Event: ======'machine_var_audits_switches_s_trough3'====== Args={'value': 6, 'prev_value': None, 'change': True}
2025-03-06 21:37:59,822 : INFO : EventManager : Event: ======'machine_var_audits_switches_s_trough_enter'====== Args={'value': 0, 'prev_value': None, 'change': True}
2025-03-06 21:37:59,823 : INFO : EventManager : Event: ======'init_phase_5'====== Args={}
2025-03-06 21:37:59,834 : INFO : EventManager : Event: ======'init_done'====== Args={}
2025-03-06 21:37:59,835 : INFO : EventManager : Event: ======'machine_reset_phase_1'====== Args={}
2025-03-06 21:37:59,844 : INFO : EventManager : Event: ======'machine_reset_phase_2'====== Args={}
2025-03-06 21:37:59,844 : INFO : EventManager : Event: ======'machine_reset_phase_3'====== Args={}
2025-03-06 21:37:59,845 : INFO : EventManager : Event: ======'reset_complete'====== Args={}
2025-03-06 21:37:59,845 : INFO : EventManager : Event: ======'mode_attract_will_start'====== Args={}
2025-03-06 21:37:59,845 : INFO : EventManager : Event: ======'mode_attract_starting'====== Args={}
2025-03-06 21:37:59,845 : INFO : Mode.attract : Started. Priority: 10
2025-03-06 21:37:59,845 : INFO : EventManager : Event: ======'modes_active_modes_changed'====== Args={}
2025-03-06 21:37:59,845 : INFO : EventManager : Event: ======'mode_attract_started'====== Args={}
2025-03-06 21:37:59,845 : INFO : EventManager : Event: ======'collecting_balls_complete'====== Args={}
2025-03-06 21:37:59,862 : INFO : EventManager : Event: ======'slide_welcome_slide_created'====== Args={'_from_bcp': True}
2025-03-06 21:37:59,862 : INFO : Machine : Starting the main run loop.
2025-03-06 21:37:59,878 : INFO : EventManager : Event: ======'slide_welcome_slide_active'====== Args={'_from_bcp': True}
2025-03-06 21:38:03,743 : INFO : SwitchController : <<<<<<< 's_launcher_button' active >>>>>>>
2025-03-06 21:38:03,828 : INFO : SwitchController : <<<<<<< 's_launcher_button' inactive >>>>>>>
2025-03-06 21:38:03,829 : INFO : EventManager : Event: ======'request_to_start_game'====== Args={}
2025-03-06 21:38:03,830 : INFO : EventManager : Event: ======'game_start'====== Args={'buttons': [], 'hold_time': 0.07800000003771856}
2025-03-06 21:38:03,830 : INFO : EventManager : Event: ======'mode_game_will_start'====== Args={'buttons': [], 'hold_time': 0.07800000003771856}
2025-03-06 21:38:03,833 : INFO : EventManager : Event: ======'mode_game_starting'====== Args={'buttons': [], 'hold_time': 0.07800000003771856}
2025-03-06 21:38:03,833 : INFO : EventManager : Event: ======'mode_attract_will_stop'====== Args={}
2025-03-06 21:38:03,833 : INFO : EventManager : Event: ======'mode_attract_stopping'====== Args={}
2025-03-06 21:38:03,834 : INFO : Mode.attract : Stopped.
2025-03-06 21:38:03,834 : INFO : EventManager : Event: ======'modes_active_modes_changed'====== Args={}
2025-03-06 21:38:03,834 : INFO : EventManager : Event: ======'mode_attract_stopped'====== Args={}
2025-03-06 21:38:03,835 : INFO : EventManager : Event: ======'clear'====== Args={'key': 'attract'}
2025-03-06 21:38:03,835 : INFO : Mode.game : Started. Priority: 20
2025-03-06 21:38:03,836 : INFO : EventManager : Event: ======'modes_active_modes_changed'====== Args={}
2025-03-06 21:38:03,836 : INFO : EventManager : Event: ======'mode_game_started'====== Args={'buttons': [], 'hold_time': 0.07800000003771856}
2025-03-06 21:38:03,862 : INFO : EventManager : Event: ======'game_will_start'====== Args={}
2025-03-06 21:38:03,863 : INFO : EventManager : Event: ======'game_starting'====== Args={'game': <Mode.game>}
2025-03-06 21:38:03,864 : INFO : EventManager : Unordered handler for class <Auditor> on event game_ended with priority 1. Handlers: [RegisteredHandler(callback=<bound method Auditor.disable of <Auditor>>, priority=1, kwargs={}, key=UUID('0e574375-938e-459a-ae3f-103440ff2dbd'), condition=None, blocking_facility=None), RegisteredHandler(callback=<bound method Auditor._save_audits of <Auditor>>, priority=1, kwargs={}, key=UUID('171f2e2a-6263-4e25-abd4-8d250fbb6eec'), condition=None, blocking_facility=None)]. The order of those handlers is not defined and they will be executed in random order. This might lead to race conditions and potential bugs.
2025-03-06 21:38:03,864 : INFO : EventManager : Event: ======'player_add_request'====== Args={}
2025-03-06 21:38:03,865 : INFO : EventManager : Event: ======'player_will_add'====== Args={'number': 1}
2025-03-06 21:38:03,866 : INFO : EventManager : Event: ======'player_adding'====== Args={'player': <Player 1>, 'number': 1}
2025-03-06 21:38:03,866 : INFO : EventManager : Event: ======'player_added'====== Args={'player': <Player 1>, 'num': 1}
2025-03-06 21:38:03,866 : INFO : Mode.game : Player added successfully. Total players: 1
2025-03-06 21:38:03,866 : INFO : EventManager : Event: ======'player_index'====== Args={'value': 0, 'prev_value': 0, 'change': 0, 'player_num': 1}
2025-03-06 21:38:03,866 : INFO : EventManager : Event: ======'player_number'====== Args={'value': 1, 'prev_value': 1, 'change': 0, 'player_num': 1}
2025-03-06 21:38:03,866 : INFO : EventManager : Event: ======'player_score'====== Args={'value': 0, 'prev_value': 0, 'change': 0, 'player_num': 1}
2025-03-06 21:38:03,866 : INFO : EventManager : Event: ======'game_started'====== Args={}
2025-03-06 21:38:03,878 : INFO : EventManager : Event: ======'player_turn_will_start'====== Args={'player': <Player 1>, 'number': 1}
2025-03-06 21:38:03,879 : INFO : EventManager : Event: ======'player_turn_starting'====== Args={'player': <Player 1>, 'number': 1}
2025-03-06 21:38:03,879 : INFO : EventManager : Event: ======'player_ball'====== Args={'value': 1, 'prev_value': 0, 'change': 1, 'player_num': 1}
2025-03-06 21:38:03,879 : INFO : EventManager : Event: ======'player_turn_started'====== Args={'player': <Player 1>, 'number': 1}
2025-03-06 21:38:03,880 : INFO : EventManager : Event: ======'ball_will_start'====== Args={'player': 1, 'ball': 1, 'balls_remaining': 2, 'is_extra_ball': False}
2025-03-06 21:38:03,882 : INFO : EventManager : Event: ======'ball_starting'====== Args={'player': 1, 'ball': 1, 'balls_remaining': 2, 'is_extra_ball': False}
2025-03-06 21:38:03,883 : INFO : EventManager : Event: ======'balls_in_play'====== Args={'balls': 1}
2025-03-06 21:38:03,883 : INFO : EventManager : Event: ======'ball_started'====== Args={'player': 1, 'ball': 1, 'balls_remaining': 2, 'is_extra_ball': False}
2025-03-06 21:38:03,883 : INFO : EventManager : Event: ======'mode_base_will_start'====== Args={'player': 1, 'ball': 1, 'balls_remaining': 2, 'is_extra_ball': False}
2025-03-06 21:38:03,883 : INFO : EventManager : Event: ======'mode_base_starting'====== Args={'player': 1, 'ball': 1, 'balls_remaining': 2, 'is_extra_ball': False}
2025-03-06 21:38:03,884 : INFO : Mode.base : Started. Priority: 100
2025-03-06 21:38:03,884 : INFO : EventManager : Event: ======'modes_active_modes_changed'====== Args={}
2025-03-06 21:38:03,884 : INFO : EventManager : Event: ======'mode_base_started'====== Args={'player': 1, 'ball': 1, 'balls_remaining': 2, 'is_extra_ball': False}
2025-03-06 21:38:03,884 : INFO : EventManager : Event: ======'single_player_ball_started'====== Args={}
2025-03-06 21:38:03,897 : INFO : EventManager : Event: ======'ball_start_target'====== Args={'target': 'playfield'}
2025-03-06 21:38:03,898 : INFO : EventManager : Event: ======'slide__global.slide_player-ball_started_created'====== Args={'_from_bcp': True}
2025-03-06 21:38:03,899 : INFO : EventManager : Event: ======'slide_base.slide_player-mode_base_started_created'====== Args={'_from_bcp': True}
2025-03-06 21:38:03,899 : INFO : ball_device.bd_plunger_lane : Setting up player-controlled eject. Balls: 1, Target: <playfield.playfield>, player_controlled_eject_event: s_launch_button_active
2025-03-06 21:38:03,899 : INFO : EventManager : Event: ======'balldevice_balls_available'====== Args={}
2025-03-06 21:38:03,899 : INFO : EventManager : Event: ======'slide_base.slide_player-mode_base_started_active'====== Args={'_from_bcp': True}
2025-03-06 21:38:03,900 : INFO : ball_device.bd_trough : State: waiting_for_target_ready
2025-03-06 21:38:03,900 : INFO : EventManager : Event: ======'balldevice_bd_trough_ball_eject_attempt'====== Args={'balls': 1, 'target': <ball_device.bd_plunger_lane>, 'source': <ball_device.bd_trough>, 'mechanical_eject': True, 'num_attempts': 0}
2025-03-06 21:38:03,900 : INFO : ball_device.bd_plunger_lane : State: waiting_for_ball
2025-03-06 21:38:03,900 : INFO : ball_device.bd_trough : State: ejecting
2025-03-06 21:38:03,900 : INFO : ball_device.bd_trough : Ejecting ball to <ball_device.bd_plunger_lane>
2025-03-06 21:38:03,901 : INFO : EventManager : Event: ======'balldevice_bd_trough_ejecting_ball'====== Args={'balls': 1, 'target': <ball_device.bd_plunger_lane>, 'source': <ball_device.bd_trough>, 'mechanical_eject': True, 'num_attempts': 0}
2025-03-06 21:38:03,901 : INFO : ball_device.bd_trough : Wait for ball to leave device
2025-03-06 21:38:03,901 : INFO : coil.c_trough_release : Pulsing Driver for 20ms (1.0 pulse_power)
2025-03-06 21:38:03,901 : INFO : SwitchController : <<<<<<< 's_trough1' inactive >>>>>>>
2025-03-06 21:38:03,904 : INFO : ball_device.bd_trough : State: ball_left
2025-03-06 21:38:03,904 : INFO : ball_device.bd_trough : Ball left
2025-03-06 21:38:03,904 : INFO : ball_device.bd_trough : Wait for confirm with timeout 3.0
2025-03-06 21:38:04,012 : INFO : SwitchController : <<<<<<< 's_plunger_lane' active >>>>>>>
2025-03-06 21:38:04,013 : INFO : EventManager : Event: ======'machine_var_audits_switches_s_plunger_lane'====== Args={'value': 74, 'prev_value': 73, 'change': 1}
2025-03-06 21:38:04,536 : INFO : ball_device.bd_plunger_lane : Received ball from <ball_device.bd_trough>
2025-03-06 21:38:04,536 : INFO : EventManager : Event: ======'balldevice_bd_plunger_lane_ball_enter'====== Args={'new_balls': 1, 'unclaimed_balls': 0, 'new_available_balls': 0, 'device': <ball_device.bd_plunger_lane>}
2025-03-06 21:38:04,536 : INFO : EventManager : Event: ======'balldevice_bd_plunger_lane_ball_entered'====== Args={'new_balls': 0, 'device': <ball_device.bd_plunger_lane>}
2025-03-06 21:38:04,536 : INFO : EventManager : Event: ======'balldevice_bd_plunger_lane_ball_count_changed'====== Args={'balls': 1}
2025-03-06 21:38:04,536 : INFO : ball_device.bd_trough : Got eject confirm
2025-03-06 21:38:04,537 : INFO : ball_device.bd_trough : Eject successful
2025-03-06 21:38:04,537 : INFO : EventManager : Event: ======'balldevice_bd_trough_ball_eject_success'====== Args={'balls': 1, 'target': <ball_device.bd_plunger_lane>}
2025-03-06 21:38:04,537 : INFO : ball_device.bd_plunger_lane : State: waiting_for_target_ready
2025-03-06 21:38:04,537 : INFO : EventManager : Event: ======'balldevice_bd_plunger_lane_ball_eject_attempt'====== Args={'balls': 1, 'target': <playfield.playfield>, 'source': <ball_device.bd_plunger_lane>, 'mechanical_eject': True, 'num_attempts': 0}
2025-03-06 21:38:04,537 : INFO : EventManager : Event: ======'balldevice_bd_trough_ball_count_changed'====== Args={'balls': 2}
2025-03-06 21:38:04,537 : INFO : ball_device.bd_trough : State: idle
2025-03-06 21:38:04,538 : INFO : ball_device.bd_plunger_lane : State: ejecting
2025-03-06 21:38:04,538 : INFO : ball_device.bd_plunger_lane : Ejecting ball to <playfield.playfield>
2025-03-06 21:38:04,538 : INFO : EventManager : Event: ======'balldevice_bd_plunger_lane_ejecting_ball'====== Args={'balls': 1, 'target': <playfield.playfield>, 'source': <ball_device.bd_plunger_lane>, 'mechanical_eject': True, 'num_attempts': 0}
2025-03-06 21:38:04,538 : INFO : ball_device.bd_plunger_lane : Wait for ball to leave device
2025-03-06 21:38:08,220 : INFO : SwitchController : <<<<<<< 's_launcher_button' active >>>>>>>
2025-03-06 21:38:08,221 : INFO : EventManager : Event: ======'sw_start'====== Args={}
2025-03-06 21:38:08,221 : INFO : EventManager : Event: ======'machine_var_audits_switches_s_launcher_button'====== Args={'value': 14, 'prev_value': 13, 'change': 1}
2025-03-06 21:38:08,225 : INFO : EventManager : Event: ======'player_add_request'====== Args={}
2025-03-06 21:38:08,225 : INFO : EventManager : Event: ======'player_will_add'====== Args={'number': 2}
2025-03-06 21:38:08,226 : INFO : EventManager : Event: ======'player_adding'====== Args={'player': <Player 2>, 'number': 2}
2025-03-06 21:38:08,227 : INFO : EventManager : Event: ======'player_added'====== Args={'player': <Player 2>, 'num': 2}
2025-03-06 21:38:08,229 : INFO : Mode.game : Player added successfully. Total players: 2
2025-03-06 21:38:08,230 : INFO : EventManager : Event: ======'multiplayer_game'====== Args={}
2025-03-06 21:38:08,231 : INFO : EventManager : Event: ======'player_index'====== Args={'value': 1, 'prev_value': 1, 'change': 0, 'player_num': 2}
2025-03-06 21:38:08,233 : INFO : EventManager : Event: ======'player_number'====== Args={'value': 2, 'prev_value': 2, 'change': 0, 'player_num': 2}
2025-03-06 21:38:08,233 : INFO : EventManager : Event: ======'player_score'====== Args={'value': 0, 'prev_value': 0, 'change': 0, 'player_num': 2}
2025-03-06 21:38:08,318 : INFO : SwitchController : <<<<<<< 's_launcher_button' inactive >>>>>>>
2025-03-06 21:38:12,089 : INFO : SwitchController : <<<<<<< 's_launcher_button' active >>>>>>>
2025-03-06 21:38:12,090 : INFO : EventManager : Event: ======'sw_start'====== Args={}
2025-03-06 21:38:12,091 : INFO : EventManager : Event: ======'machine_var_audits_switches_s_launcher_button'====== Args={'value': 15, 'prev_value': 14, 'change': 1}
2025-03-06 21:38:12,093 : INFO : EventManager : Event: ======'player_add_request'====== Args={}
2025-03-06 21:38:12,094 : INFO : EventManager : Event: ======'player_will_add'====== Args={'number': 3}
2025-03-06 21:38:12,094 : INFO : EventManager : Event: ======'player_adding'====== Args={'player': <Player 3>, 'number': 3}
2025-03-06 21:38:12,095 : INFO : EventManager : Event: ======'player_added'====== Args={'player': <Player 3>, 'num': 3}
2025-03-06 21:38:12,095 : INFO : Mode.game : Player added successfully. Total players: 3
2025-03-06 21:38:12,095 : INFO : EventManager : Event: ======'player_index'====== Args={'value': 2, 'prev_value': 2, 'change': 0, 'player_num': 3}
2025-03-06 21:38:12,095 : INFO : EventManager : Event: ======'player_number'====== Args={'value': 3, 'prev_value': 3, 'change': 0, 'player_num': 3}
2025-03-06 21:38:12,095 : INFO : EventManager : Event: ======'player_score'====== Args={'value': 0, 'prev_value': 0, 'change': 0, 'player_num': 3}
2025-03-06 21:38:12,283 : INFO : SwitchController : <<<<<<< 's_launcher_button' inactive >>>>>>>
2025-03-06 21:38:15,512 : INFO : Machine : Shutting down...
2025-03-06 21:38:15,512 : INFO : EventManager : Event: ======'shutdown'====== Args={}
2025-03-06 21:38:15,513 : INFO : EventManager : Event: ======'mode_game_will_stop'====== Args={}
2025-03-06 21:38:15,513 : INFO : EventManager : Event: ======'mode_game_stopping'====== Args={}
2025-03-06 21:38:15,514 : INFO : EventManager : Event: ======'mode_base_will_stop'====== Args={}
2025-03-06 21:38:15,514 : INFO : EventManager : Event: ======'mode_base_stopping'====== Args={}
2025-03-06 21:38:15,514 : INFO : Mode.base : Stopped.
2025-03-06 21:38:15,514 : INFO : EventManager : Event: ======'modes_active_modes_changed'====== Args={}
2025-03-06 21:38:15,514 : INFO : EventManager : Event: ======'mode_base_stopped'====== Args={}
2025-03-06 21:38:15,514 : INFO : EventManager : Event: ======'clear'====== Args={'key': 'base'}
2025-03-06 21:38:15,514 : INFO : Mode.game : Stopped.
2025-03-06 21:38:15,515 : INFO : EventManager : Event: ======'modes_active_modes_changed'====== Args={}
2025-03-06 21:38:15,515 : INFO : EventManager : Event: ======'mode_game_stopped'====== Args={}
2025-03-06 21:38:15,515 : INFO : EventManager : Event: ======'clear'====== Args={'key': 'game'}
2025-03-06 21:38:15,517 : INFO : root : MPF run loop ended.
