2025-03-05 20:20:04,062 : INFO : root : Loading config.
2025-03-05 20:20:04,069 : INFO : YamlMultifileConfigLoader : Machine config file #1: config.yaml
2025-03-05 20:20:04,070 : INFO : ConfigProcessor : Loading config from cache: C:\Users\duffb\AppData\Local\Temp\cadfdee4981114acd6fff59d1071b59b.mpf_cache
2025-03-05 20:20:04,332 : DEBUG : YamlMultifileConfigLoader : Loading mode attract from C:\Users\duffb\.pyenv\pyenv-win\versions\3.11.0\Lib\site-packages\mpf\modes\attract\config\attract.yaml
2025-03-05 20:20:04,334 : INFO : ConfigProcessor : Loading config from cache: C:\Users\duffb\AppData\Local\Temp\2d51d76727b268a801d8dd7a18b89879.mpf_cache
2025-03-05 20:20:04,335 : DEBUG : YamlMultifileConfigLoader : Loading mode game from C:\Users\duffb\.pyenv\pyenv-win\versions\3.11.0\Lib\site-packages\mpf\modes\game\config\game.yaml
2025-03-05 20:20:04,336 : INFO : ConfigProcessor : Loading config from cache: C:\Users\duffb\AppData\Local\Temp\9f058d482eac17116727d62a93500be7.mpf_cache
2025-03-05 20:20:04,338 : INFO : Machine : Mission Pinball Framework Core Engine v0.57.0
2025-03-05 20:20:04,338 : INFO : Machine : Command line arguments: {'no_load_cache': False, 'create_config_cache': True, 'bcp': True, 'configfile': ['config.yaml'], 'force_assets_load': False, 'platform_integration_test': False, 'jsonlogging': False, 'logfile': 'logs\\2025-03-05-20-20-04-mpf-T0SHIII.log', 'pause': False, 'production': False, 'text_ui': True, 'loglevel': 10, 'consoleloglevel': 20, 'force_platform': None, 'syslog_address': None, 'mc_file_name': None, 'no_sound': False}
2025-03-05 20:20:04,338 : INFO : Machine : MPF path: C:\Users\duffb\.pyenv\pyenv-win\versions\3.11.0\Lib\site-packages\mpf
2025-03-05 20:20:04,338 : INFO : Machine : Machine path: C:\Users\duffb\OneDrive\Documents\Python Envs\PinBallWW1\Machine
2025-03-05 20:20:04,338 : INFO : Machine : Platform: win32
2025-03-05 20:20:04,338 : INFO : Machine : Python executable location: C:\Users\duffb\.pyenv\pyenv-win\versions\3.11.0\python.exe
2025-03-05 20:20:04,338 : INFO : Machine : Python version: 3.11.0 (64-bit)
2025-03-05 20:20:04,341 : DEBUG : asyncio : Using proactor: IocpProactor
2025-03-05 20:20:04,342 : INFO : Machine : Initializing MPF...
2025-03-05 20:20:04,451 : DEBUG : asciimatics.widgets.layout : Updating: None
2025-03-05 20:20:04,451 : DEBUG : asciimatics.widgets.layout : Updating: None
2025-03-05 20:20:04,451 : DEBUG : asciimatics.widgets.layout : Updating: None
2025-03-05 20:20:04,451 : DEBUG : asciimatics.widgets.layout : Updating: None
2025-03-05 20:20:04,451 : DEBUG : asciimatics.widgets.layout : Updating: None
2025-03-05 20:20:04,451 : DEBUG : asciimatics.widgets.layout : Updating: None
2025-03-05 20:20:04,451 : DEBUG : asciimatics.widgets.layout : Updating: None
2025-03-05 20:20:04,451 : DEBUG : asciimatics.widgets.layout : Updating: None
2025-03-05 20:20:04,451 : DEBUG : asciimatics.widgets.layout : Updating: None
2025-03-05 20:20:04,452 : DEBUG : asciimatics.widgets.layout : Updating: None
2025-03-05 20:20:04,452 : DEBUG : asciimatics.widgets.layout : Updating: None
2025-03-05 20:20:04,452 : DEBUG : asciimatics.widgets.layout : Updating: None
2025-03-05 20:20:04,452 : DEBUG : asciimatics.widgets.widget : Widget blur: <asciimatics.widgets.label.Label object at 0x00000244E7F47B90>
2025-03-05 20:20:04,452 : DEBUG : asciimatics.widgets.widget : Widget blur: <asciimatics.widgets.label.Label object at 0x00000244E8607C60>
2025-03-05 20:20:04,452 : DEBUG : asciimatics.widgets.widget : Widget blur: <asciimatics.widgets.label.Label object at 0x00000244EA025630>
2025-03-05 20:20:04,452 : DEBUG : asciimatics.widgets.layout : Blur: <asciimatics.widgets.layout.Layout object at 0x00000244EB591D80>
2025-03-05 20:20:04,452 : DEBUG : asciimatics.widgets.layout : Blur: <mpf.core.text_ui.MpfLayout object at 0x00000244EB580FD0>
2025-03-05 20:20:04,452 : DEBUG : asciimatics.widgets.layout : Updating: None
2025-03-05 20:20:04,452 : DEBUG : asciimatics.widgets.layout : Updating: None
2025-03-05 20:20:04,452 : DEBUG : asciimatics.widgets.layout : Updating: None
2025-03-05 20:20:04,452 : DEBUG : asciimatics.widgets.layout : Updating: None
2025-03-05 20:20:04,452 : DEBUG : asciimatics.widgets.layout : Updating: None
2025-03-05 20:20:04,452 : DEBUG : asciimatics.widgets.layout : Updating: None
2025-03-05 20:20:04,452 : DEBUG : asciimatics.widgets.widget : Widget blur: <asciimatics.widgets.label.Label object at 0x00000244E7BF8BA0>
2025-03-05 20:20:04,452 : DEBUG : asciimatics.widgets.widget : Widget blur: <asciimatics.widgets.label.Label object at 0x00000244E7BF8C70>
2025-03-05 20:20:04,452 : DEBUG : asciimatics.widgets.widget : Widget blur: <asciimatics.widgets.label.Label object at 0x00000244E7BF86C0>
2025-03-05 20:20:04,452 : DEBUG : asciimatics.widgets.widget : Widget blur: <asciimatics.widgets.label.Label object at 0x00000244EA026810>
2025-03-05 20:20:04,452 : DEBUG : asciimatics.widgets.widget : Widget blur: <asciimatics.widgets.label.Label object at 0x00000244EA026670>
2025-03-05 20:20:04,452 : DEBUG : asciimatics.widgets.widget : Widget blur: <asciimatics.widgets.label.Label object at 0x00000244EA0258A0>
2025-03-05 20:20:04,452 : DEBUG : asciimatics.widgets.layout : Blur: <asciimatics.widgets.layout.Layout object at 0x00000244EB591E40>
2025-03-05 20:20:04,452 : DEBUG : asciimatics.widgets.layout : Focus: <asciimatics.widgets.layout.Layout object at 0x00000244EB591D80>
2025-03-05 20:20:04,452 : DEBUG : asciimatics.widgets.layout : Focus: <mpf.core.text_ui.MpfLayout object at 0x00000244EB580FD0>
2025-03-05 20:20:04,452 : DEBUG : asciimatics.widgets.layout : Focus: <asciimatics.widgets.layout.Layout object at 0x00000244EB591E40>
2025-03-05 20:20:04,452 : DEBUG : asciimatics.widgets.frame : Cloning: Test
2025-03-05 20:20:04,452 : DEBUG : asciimatics.widgets.layout : Updating: None
2025-03-05 20:20:04,452 : DEBUG : asciimatics.widgets.layout : Updating: None
2025-03-05 20:20:04,452 : DEBUG : asciimatics.widgets.layout : Updating: None
2025-03-05 20:20:04,452 : DEBUG : asciimatics.widgets.layout : Updating: None
2025-03-05 20:20:04,452 : DEBUG : asciimatics.widgets.layout : Updating: None
2025-03-05 20:20:04,453 : DEBUG : asciimatics.widgets.layout : Updating: None
2025-03-05 20:20:04,453 : DEBUG : asciimatics.widgets.layout : Updating: None
2025-03-05 20:20:04,453 : DEBUG : asciimatics.widgets.layout : Updating: None
2025-03-05 20:20:04,453 : DEBUG : asciimatics.widgets.layout : Updating: None
2025-03-05 20:20:04,453 : DEBUG : asciimatics.widgets.layout : Updating: None
2025-03-05 20:20:04,453 : DEBUG : asciimatics.widgets.layout : Updating: None
2025-03-05 20:20:04,453 : DEBUG : asciimatics.widgets.layout : Updating: None
2025-03-05 20:20:04,453 : DEBUG : asciimatics.widgets.layout : Updating: None
2025-03-05 20:20:04,453 : DEBUG : asciimatics.widgets.layout : Updating: None
2025-03-05 20:20:04,453 : DEBUG : asciimatics.widgets.layout : Updating: None
2025-03-05 20:20:04,453 : DEBUG : asciimatics.widgets.layout : Updating: None
2025-03-05 20:20:04,453 : DEBUG : asciimatics.widgets.layout : Updating: None
2025-03-05 20:20:04,453 : DEBUG : asciimatics.widgets.layout : Updating: None
2025-03-05 20:20:04,454 : DEBUG : asciimatics.screen : Processing key: d
2025-03-05 20:20:04,541 : INFO : EventManager : Event: ======'machine_var_credits_string'====== Args={'value': 'FREE PLAY', 'prev_value': None, 'change': True}
2025-03-05 20:20:04,579 : INFO : EventManager : Event: ======'machine_var_master_volume'====== Args={'value': 0.5, 'prev_value': None, 'change': True}
2025-03-05 20:20:04,579 : INFO : EventManager : Event: ======'machine_var_mpf_version'====== Args={'value': 'Mission Pinball Framework v0.57.0', 'prev_value': None, 'change': True}
2025-03-05 20:20:04,579 : INFO : EventManager : Event: ======'machine_var_mpf_extended_version'====== Args={'value': 'Mission Pinball Framework v0.57.0, Config version:6, Show version: 6, BCP version:1.1', 'prev_value': None, 'change': True}
2025-03-05 20:20:04,579 : INFO : EventManager : Event: ======'machine_var_python_version'====== Args={'value': '3.11.0', 'prev_value': None, 'change': True}
2025-03-05 20:20:04,589 : INFO : EventManager : Event: ======'machine_var_platform'====== Args={'value': 'Windows-10-10.0.26100-SP0', 'prev_value': None, 'change': True}
2025-03-05 20:20:04,589 : INFO : EventManager : Event: ======'machine_var_platform_system'====== Args={'value': 'Windows', 'prev_value': None, 'change': True}
2025-03-05 20:20:04,589 : INFO : EventManager : Event: ======'machine_var_platform_release'====== Args={'value': '10', 'prev_value': None, 'change': True}
2025-03-05 20:20:04,589 : INFO : EventManager : Event: ======'machine_var_platform_version'====== Args={'value': '10.0.26100', 'prev_value': None, 'change': True}
2025-03-05 20:20:04,589 : INFO : EventManager : Event: ======'machine_var_platform_machine'====== Args={'value': 'AMD64', 'prev_value': None, 'change': True}
2025-03-05 20:20:04,589 : INFO : EventManager : Event: ======'init_phase_1'====== Args={}
2025-03-05 20:20:04,594 : DEBUG : ModeController : Loaded mode game
2025-03-05 20:20:04,596 : DEBUG : ModeController : Loaded mode attract
2025-03-05 20:20:04,598 : DEBUG : ball_device.bd_trough : Configuring device with settings: '{'entrance_switch': 's_trough_enter', 'entrance_switch_full_timeout': '500ms', 'ball_capacity': 3, 'eject_coil': 'c_trough_release', 'eject_targets': [<ball_device.bd_plunger_lane>], 'tags': ['trough', 'home'], 'eject_timeouts': [3000], 'debug': True, 'label': '%', 'console_log': 'full', 'file_log': 'full', 'entrance_events': {}, 'idle_missing_ball_timeout': 5.0, 'confirm_eject_type': 'target', 'captures_from': <playfield.playfield>, 'ball_missing_timeouts': [], 'ball_missing_target': <playfield.playfield>, 'confirm_eject_switch': None, 'confirm_eject_event': None, 'max_eject_attempts': 0, 'request_ball_events': {}, 'eject_events': {}, 'eject_all_events': {}, 'mechanical_eject': False, 'player_controlled_eject_event': None, 'ball_search_order': 200, 'auto_fire_on_unexpected_ball': True, 'target_on_unexpected_ball': None}'
2025-03-05 20:20:04,600 : INFO : EventManager : Event: ======'init_phase_2'====== Args={}
2025-03-05 20:20:04,600 : INFO : SwitchController : Found active switch: ('8', <Platform.SmartVirtual>) <switch.s_trough_enter>
2025-03-05 20:20:04,601 : INFO : EventManager : Event: ======'bcp_connection_attempt'====== Args={'name': 'local_display', 'host': 'localhost', 'port': 5050}
2025-03-05 20:20:04,603 : DEBUG : asciimatics.widgets.layout : Updating: message
2025-03-05 20:20:04,603 : DEBUG : asciimatics.widgets.layout : Updating: message
2025-03-05 20:20:04,603 : DEBUG : asciimatics.widgets.widget : Widget blur: <asciimatics.widgets.textbox.TextBox object at 0x00000244EB59A680>
2025-03-05 20:20:04,603 : DEBUG : asciimatics.widgets.layout : Blur: <asciimatics.widgets.layout.Layout object at 0x00000244EB6C6860>
2025-03-05 20:20:04,603 : DEBUG : asciimatics.widgets.layout : Blur: <asciimatics.widgets.layout.Layout object at 0x00000244EB6C68C0>
2025-03-05 20:20:04,603 : DEBUG : asciimatics.widgets.layout : Focus: <asciimatics.widgets.layout.Layout object at 0x00000244EB6C6860>
2025-03-05 20:20:04,603 : DEBUG : asciimatics.widgets.layout : Focus: <asciimatics.widgets.layout.Layout object at 0x00000244EB6C68C0>
2025-03-05 20:20:04,603 : INFO : BCPClientSocket : Connecting BCP to 'local_display' at localhost:5050...
2025-03-05 20:20:06,472 : DEBUG : asciimatics.screen : Processing mouse: 82, 17
2025-03-05 20:20:06,472 : DEBUG : asciimatics.widgets.frame : New event: MouseEvent (45, 4) 0
2025-03-05 20:20:13,485 : DEBUG : asciimatics.screen : Processing mouse: 81, 17
2025-03-05 20:20:13,485 : DEBUG : asciimatics.widgets.frame : New event: MouseEvent (44, 4) 0
2025-03-05 20:20:14,476 : DEBUG : asciimatics.screen : Processing mouse: 72, 16
2025-03-05 20:20:14,476 : DEBUG : asciimatics.widgets.frame : New event: MouseEvent (35, 3) 0
2025-03-05 20:20:14,478 : DEBUG : asciimatics.screen : Processing mouse: 72, 16
2025-03-05 20:20:14,478 : DEBUG : asciimatics.widgets.frame : New event: MouseEvent (35, 3) 1
2025-03-05 20:20:14,478 : DEBUG : asciimatics.widgets.frame : New event: MouseEvent (72, 16) 1
2025-03-05 20:20:14,479 : DEBUG : asciimatics.widgets.frame : Blurring: [<asciimatics.widgets.popupdialog.PopUpDialog object at 0x00000244EB6EA750>, <asciimatics.widgets.frame.Frame object at 0x00000244EB5C8410>]
2025-03-05 20:20:14,480 : DEBUG : asciimatics.screen : Processing mouse: 72, 16
2025-03-05 20:20:14,481 : DEBUG : asciimatics.widgets.frame : New event: MouseEvent (72, 16) 4
2025-03-05 20:20:14,482 : DEBUG : asciimatics.widgets.frame : Blurring: [<asciimatics.widgets.popupdialog.PopUpDialog object at 0x00000244EB6EA750>, <asciimatics.widgets.frame.Frame object at 0x00000244EB5C8410>]
2025-03-05 20:20:14,483 : DEBUG : asciimatics.screen : Processing mouse: 72, 16
2025-03-05 20:20:14,484 : DEBUG : asciimatics.widgets.frame : New event: MouseEvent (72, 16) 0
2025-03-05 20:20:14,485 : DEBUG : asciimatics.widgets.frame : New event: MouseEvent (35, 3) 0
2025-03-05 20:20:21,491 : DEBUG : asciimatics.screen : Processing mouse: 60, 0
2025-03-05 20:20:21,492 : DEBUG : asciimatics.widgets.frame : New event: MouseEvent (60, 0) 0
2025-03-05 20:20:21,493 : DEBUG : asciimatics.widgets.frame : New event: MouseEvent (23, -13) 0
2025-03-05 20:20:26,499 : DEBUG : asciimatics.screen : Processing mouse: 71, 20
2025-03-05 20:20:26,499 : DEBUG : asciimatics.widgets.frame : New event: MouseEvent (71, 20) 0
2025-03-05 20:20:26,500 : DEBUG : asciimatics.widgets.frame : New event: MouseEvent (34, 7) 0
2025-03-05 20:20:27,496 : DEBUG : asciimatics.screen : Processing mouse: 73, 17
2025-03-05 20:20:27,497 : DEBUG : asciimatics.widgets.frame : New event: MouseEvent (73, 17) 0
2025-03-05 20:20:27,497 : DEBUG : asciimatics.widgets.frame : New event: MouseEvent (36, 4) 0
2025-03-05 20:20:27,497 : DEBUG : asciimatics.screen : Processing mouse: 73, 17
2025-03-05 20:20:27,497 : DEBUG : asciimatics.widgets.frame : New event: MouseEvent (73, 17) 1
2025-03-05 20:20:27,498 : DEBUG : asciimatics.widgets.frame : Blurring: [<asciimatics.widgets.popupdialog.PopUpDialog object at 0x00000244EB6EA750>, <asciimatics.widgets.frame.Frame object at 0x00000244EB5C8410>]
2025-03-05 20:20:27,498 : DEBUG : asciimatics.screen : Processing mouse: 73, 17
2025-03-05 20:20:27,498 : DEBUG : asciimatics.widgets.frame : New event: MouseEvent (73, 17) 0
2025-03-05 20:20:27,499 : DEBUG : asciimatics.widgets.frame : New event: MouseEvent (36, 4) 0
2025-03-05 20:20:27,499 : DEBUG : asciimatics.screen : Processing mouse: 63, 25
2025-03-05 20:20:27,500 : DEBUG : asciimatics.widgets.frame : New event: MouseEvent (63, 25) 0
2025-03-05 20:20:27,500 : DEBUG : asciimatics.widgets.frame : New event: MouseEvent (26, 12) 0
2025-03-05 20:20:28,477 : DEBUG : asciimatics.screen : Processing mouse: 63, 29
2025-03-05 20:20:28,477 : DEBUG : asciimatics.widgets.frame : New event: MouseEvent (63, 29) 0
2025-03-05 20:20:28,478 : DEBUG : asciimatics.widgets.frame : New event: MouseEvent (26, 16) 0
2025-03-05 20:20:30,486 : DEBUG : asciimatics.screen : Processing mouse: 83, 12
2025-03-05 20:20:30,486 : DEBUG : asciimatics.widgets.frame : New event: MouseEvent (83, 12) 0
2025-03-05 20:20:30,486 : DEBUG : asciimatics.widgets.frame : New event: MouseEvent (46, -1) 0
2025-03-05 20:20:30,487 : DEBUG : asciimatics.screen : Processing mouse: 83, 12
2025-03-05 20:20:30,487 : DEBUG : asciimatics.widgets.frame : New event: MouseEvent (83, 12) 1
2025-03-05 20:20:30,487 : DEBUG : asciimatics.widgets.frame : Blurring: [<asciimatics.widgets.popupdialog.PopUpDialog object at 0x00000244EB6EA750>, <asciimatics.widgets.frame.Frame object at 0x00000244EB5C8410>]
2025-03-05 20:20:30,489 : DEBUG : asciimatics.screen : Processing mouse: 83, 12
2025-03-05 20:20:30,489 : DEBUG : asciimatics.widgets.frame : New event: MouseEvent (83, 12) 0
2025-03-05 20:20:30,490 : DEBUG : asciimatics.widgets.frame : New event: MouseEvent (46, -1) 0
2025-03-05 20:20:32,498 : DEBUG : asciimatics.screen : Processing key: 71
2025-03-05 20:20:32,499 : DEBUG : asciimatics.widgets.frame : New event: KeyboardEvent: 113
2025-03-05 20:20:32,499 : DEBUG : asciimatics.screen : Processing key: 71
2025-03-05 20:20:32,501 : DEBUG : asciimatics.screen : Processing key: 65
2025-03-05 20:20:32,501 : DEBUG : asciimatics.widgets.frame : New event: KeyboardEvent: 101
2025-03-05 20:20:32,503 : DEBUG : asciimatics.screen : Processing key: 65
2025-03-05 20:20:33,480 : DEBUG : asciimatics.screen : Processing mouse: 82, 11
2025-03-05 20:20:33,481 : DEBUG : asciimatics.widgets.frame : New event: MouseEvent (82, 11) 0
2025-03-05 20:20:33,481 : DEBUG : asciimatics.widgets.frame : New event: MouseEvent (45, -2) 0
2025-03-05 20:20:35,477 : DEBUG : asciimatics.screen : Processing key: 0
2025-03-05 20:20:35,478 : DEBUG : asciimatics.screen : Processing key: 0
2025-03-05 20:20:35,480 : DEBUG : asciimatics.screen : Processing key: 0
2025-03-05 20:20:35,481 : DEBUG : asciimatics.screen : Processing key: 0
2025-03-05 20:20:35,482 : DEBUG : asciimatics.screen : Processing key: 0
2025-03-05 20:20:35,664 : INFO : Machine : Starting the main run loop.
2025-03-05 20:20:35,665 : INFO : Machine : Shutting down...
2025-03-05 20:20:35,665 : INFO : EventManager : Event: ======'shutdown'====== Args={}
2025-03-05 20:20:35,668 : DEBUG : ball_device.bd_trough : Stopping ball device
2025-03-05 20:20:36,693 : INFO : root : MPF run loop ended.
