2025-03-06 23:00:26,246 : kivy : deps: Successfully imported "kivy_deps.gstreamer" 0.3.3
2025-03-06 23:00:26,246 : kivy : deps: Successfully imported "kivy_deps.angle" 0.3.3
2025-03-06 23:00:26,246 : kivy : deps: Successfully imported "kivy_deps.glew" 0.3.1
2025-03-06 23:00:26,246 : kivy : deps: Successfully imported "kivy_deps.sdl2" 0.6.0
2025-03-06 23:00:26,246 : kivy : Kivy: v2.2.1
2025-03-06 23:00:26,246 : kivy : Kivy: Installed at "C:\Users\duffb\.pyenv\pyenv-win\versions\3.11.0\Lib\site-packages\kivy\__init__.py"
2025-03-06 23:00:26,246 : kivy : Python: v3.11.0 (main, Oct 24 2022, 18:26:48) [MSC v.1933 64 bit (AMD64)]
2025-03-06 23:00:26,247 : kivy : Python: Interpreter at "C:\Users\duffb\.pyenv\pyenv-win\versions\3.11.0\python.exe"
2025-03-06 23:00:26,262 : kivy : Factory: 190 symbols loaded
2025-03-06 23:00:26,418 : kivy : ImageLoaderFFPy: Using ffpyplayer 4.5.1
2025-03-06 23:00:26,418 : kivy : Image: Providers: img_tex, img_dds, img_sdl2, img_pil, img_ffpyplayer 
2025-03-06 23:00:26,624 : kivy : VideoGstplayer: Using Gstreamer 1.18.5.0
2025-03-06 23:00:26,624 : kivy : Video: Provider: gstplayer
2025-03-06 23:00:26,657 : root : Loading MPF-MC controller
2025-03-06 23:00:26,676 : YamlMultifileConfigLoader : Machine config file #1: config
2025-03-06 23:00:26,677 : ConfigProcessor : Config file in cache changed: C:\Users\duffb\OneDrive\Documents\Python Envs\PinBallWW1\Machine\config\config
2025-03-06 23:00:26,677 : ConfigProcessor : Loading config from file C:\Users\duffb\.pyenv\pyenv-win\versions\3.11.0\Lib\site-packages\mpfmc\mcconfig.yaml.
2025-03-06 23:00:26,682 : ConfigProcessor : Loading config: C:\Users\duffb\.pyenv\pyenv-win\versions\3.11.0\Lib\site-packages\mpfmc\mcconfig.yaml
2025-03-06 23:00:26,682 : ConfigProcessor : Loading config from file C:\Users\duffb\OneDrive\Documents\Python Envs\PinBallWW1\Machine\config\config.
2025-03-06 23:00:26,685 : ConfigProcessor : Loading config: C:\Users\duffb\OneDrive\Documents\Python Envs\PinBallWW1\Machine\config\config
2025-03-06 23:00:26,686 : ConfigProcessor : Config file cache created: C:\Users\duffb\AppData\Local\Temp\de7a4651692d89380cb727f0a44dc491.mpf_cache
2025-03-06 23:00:26,687 : ConfigProcessor : Loading config from cache: C:\Users\duffb\AppData\Local\Temp\ee7db1e8d011f44c876692bb4657f2e9.mpf_cache
2025-03-06 23:00:26,688 : ConfigProcessor : Loading config from cache: C:\Users\duffb\AppData\Local\Temp\9f058d482eac17116727d62a93500be7.mpf_cache
2025-03-06 23:00:26,688 : ConfigProcessor : Loading config from cache: C:\Users\duffb\AppData\Local\Temp\9e006ea23aa21ec68e01f6c49afad9f4.mpf_cache
2025-03-06 23:00:26,690 : mpfmc : Mission Pinball Framework Media Controller (MPF-MC) v0.57.1. Requires MPF v0.57.0 or newer.
2025-03-06 23:00:26,690 : mpfmc : Found MPF v0.57.0
2025-03-06 23:00:26,690 : mpfmc : Machine path: C:\Users\duffb\OneDrive\Documents\Python Envs\PinBallWW1\Machine
2025-03-06 23:00:26,690 : mpfmc : Starting clock at 60.0Hz
2025-03-06 23:00:26,708 : kivy : Text: Provider: sdl2
2025-03-06 23:00:26,755 : kivy : Window: Provider: sdl2
2025-03-06 23:00:27,127 : kivy : GL: Using the "OpenGL" graphics system
2025-03-06 23:00:27,129 : kivy : GL: GLEW initialization succeeded
2025-03-06 23:00:27,129 : kivy : GL: Backend used <glew>
2025-03-06 23:00:27,129 : kivy : GL: OpenGL version <b'4.6.0 - Build 31.0.101.5592'>
2025-03-06 23:00:27,130 : kivy : GL: OpenGL vendor <b'Intel'>
2025-03-06 23:00:27,130 : kivy : GL: OpenGL renderer <b'Intel(R) UHD Graphics'>
2025-03-06 23:00:27,130 : kivy : GL: OpenGL parsed version: 4, 6
2025-03-06 23:00:27,130 : kivy : GL: Shading version <b'4.60 - Build 31.0.101.5592'>
2025-03-06 23:00:27,130 : kivy : GL: Texture max size <16384>
2025-03-06 23:00:27,130 : kivy : GL: Texture max units <32>
2025-03-06 23:00:27,166 : kivy : Window: auto add sdl2 input provider
2025-03-06 23:00:27,166 : kivy : Window: virtual keyboard not allowed, single mode, not docked
2025-03-06 23:00:27,745 : AudioInterface : Initialized
2025-03-06 23:00:27,745 : AudioInterface : Loaded SDL 2.26.4
2025-03-06 23:00:27,745 : AudioInterface : Loaded SDL_Mixer 2.6.3
2025-03-06 23:00:27,746 : AudioInterface : Loaded GStreamer 1.18.5.0
2025-03-06 23:00:27,746 : AudioInterface : Loaded GLib 2.62.6
2025-03-06 23:00:27,746 : AudioInterface : Settings requested - rate: 44100, channels: 1, buffer: 2048 samples
2025-03-06 23:00:27,746 : AudioInterface : Settings in use - rate: 44100, channels: 1, buffer: 2048 samples (4096 bytes @ 2 bytes per sample)
2025-03-06 23:00:27,746 : SoundSystem : Setting master volume to 0.0
2025-03-06 23:00:27,746 : AudioInterface : Enabling audio playback
2025-03-06 23:00:27,748 : kivy : Base: Start application main loop
2025-03-06 23:00:27,748 : EventManager : Event: ======'display_window_initialized'====== Args={}
2025-03-06 23:00:27,763 : mpfmc : Display: Setting 'window' as default display
2025-03-06 23:00:27,780 : EventManager : Event: ======'displays_initialized'====== Args={}
2025-03-06 23:00:27,781 : EventManager : Event: ======'slide_window_blank_created'====== Args={}
2025-03-06 23:00:27,781 : EventManager : Event: ======'display_window_ready'====== Args={}
2025-03-06 23:00:27,793 : EventManager : Event: ======'init_phase_1'====== Args={}
2025-03-06 23:00:27,796 : EventManager : Event: ======'mc_ready'====== Args={}
2025-03-06 23:00:27,796 : EventManager : Event: ======'init_phase_2'====== Args={}
2025-03-06 23:00:27,797 : EventManager : Event: ======'init_phase_3'====== Args={}
2025-03-06 23:00:27,799 : EventManager : Event: ======'init_phase_4'====== Args={}
2025-03-06 23:00:27,800 : EventManager : Event: ======'init_phase_5'====== Args={}
2025-03-06 23:00:27,834 : kivy : GL: NPOT texture support is available
2025-03-06 23:00:27,843 : EventManager : Event: ======'loading_assets'====== Args={'total': 5, 'loaded': 1, 'remaining': 4, 'percent': 20}
2025-03-06 23:00:27,843 : AssetManager : Loading assets: 1/5 (20%)
2025-03-06 23:00:27,867 : EventManager : Event: ======'loading_assets'====== Args={'total': 5, 'loaded': 5, 'remaining': 0, 'percent': 100}
2025-03-06 23:00:27,867 : AssetManager : Asset loading took: 0.12106490135192871
2025-03-06 23:00:27,867 : EventManager : Event: ======'asset_loading_complete'====== Args={}
2025-03-06 23:00:27,867 : AssetManager : Loading assets: 5/5 (100%)
2025-03-06 23:00:27,867 : EventManager : Event: ======'init_done'====== Args={}
2025-03-06 23:00:27,867 : MPF-MC BCP Server : Starting up on localhost port 5050
2025-03-06 23:00:27,873 : MPF-MC BCP Server : Waiting for a connection...
2025-03-06 23:00:27,877 : EventManager : Event: ======'slide_welcome_slide_created'====== Args={}
2025-03-06 23:00:27,879 : EventManager : Event: ======'slide_welcome_slide_active'====== Args={}
2025-03-06 23:00:27,883 : EventManager : Event: ======'client_disconnected'====== Args={'host': '127.0.0.1', 'port': 5050}
2025-03-06 23:00:28,599 : MPF-MC BCP Server : Received connection from: 127.0.0.1:51786
2025-03-06 23:00:28,601 : EventManager : Event: ======'client_connected'====== Args={'host': '127.0.0.1', 'port': 51786}
2025-03-06 23:00:29,225 : EventManager : Event: ======'machine_var_credits_string'====== Args={'value': 'FREE PLAY', 'prev_value': None, 'change': True}
2025-03-06 23:00:29,226 : EventManager : Event: ======'machine_var_master_volume'====== Args={'value': 0.5, 'prev_value': None, 'change': True}
2025-03-06 23:00:29,226 : EventManager : Event: ======'machine_var_player1_score'====== Args={'value': 8000, 'prev_value': None, 'change': True}
2025-03-06 23:00:29,226 : EventManager : Event: ======'machine_var_player2_score'====== Args={'value': 1000, 'prev_value': None, 'change': True}
2025-03-06 23:00:29,226 : EventManager : Event: ======'machine_var_mpf_version'====== Args={'value': 'Mission Pinball Framework v0.57.0', 'prev_value': None, 'change': True}
2025-03-06 23:00:29,226 : EventManager : Event: ======'machine_var_mpf_extended_version'====== Args={'value': 'Mission Pinball Framework v0.57.0, Config version:6, Show version: 6, BCP version:1.1', 'prev_value': None, 'change': True}
2025-03-06 23:00:29,227 : EventManager : Event: ======'machine_var_python_version'====== Args={'value': '3.11.0', 'prev_value': None, 'change': True}
2025-03-06 23:00:29,227 : EventManager : Event: ======'machine_var_platform'====== Args={'value': 'Windows-10-10.0.26100-SP0', 'prev_value': None, 'change': True}
2025-03-06 23:00:29,227 : EventManager : Event: ======'machine_var_platform_system'====== Args={'value': 'Windows', 'prev_value': None, 'change': True}
2025-03-06 23:00:29,228 : EventManager : Event: ======'machine_var_platform_release'====== Args={'value': '10', 'prev_value': None, 'change': True}
2025-03-06 23:00:29,228 : EventManager : Event: ======'machine_var_platform_version'====== Args={'value': '10.0.26100', 'prev_value': None, 'change': True}
2025-03-06 23:00:29,228 : EventManager : Event: ======'machine_var_platform_machine'====== Args={'value': 'AMD64', 'prev_value': None, 'change': True}
2025-03-06 23:00:29,228 : EventManager : Event: ======'machine_var_mc_version'====== Args={'value': 'MPF-MC v0.57.1', 'prev_value': None, 'change': True}
2025-03-06 23:00:29,228 : EventManager : Event: ======'machine_var_mc_extended_version'====== Args={'value': 'MPF-MC v0.57.1 (config_version=6, BCP v1.1,                      Requires MPF API compatibility v0.57.0 or newer)', 'prev_value': None, 'change': True}
2025-03-06 23:00:29,228 : EventManager : Event: ======'machine_var_credits_string'====== Args={'value': 'FREE PLAY', 'prev_value': None, 'change': True}
2025-03-06 23:00:29,228 : EventManager : Event: ======'machine_var_master_volume'====== Args={'value': 0.5, 'prev_value': None, 'change': True}
2025-03-06 23:00:29,228 : EventManager : Event: ======'machine_var_player1_score'====== Args={'value': 8000, 'prev_value': None, 'change': True}
2025-03-06 23:00:29,228 : EventManager : Event: ======'machine_var_player2_score'====== Args={'value': 1000, 'prev_value': None, 'change': True}
2025-03-06 23:00:29,229 : EventManager : Event: ======'machine_var_mpf_version'====== Args={'value': 'Mission Pinball Framework v0.57.0', 'prev_value': None, 'change': True}
2025-03-06 23:00:29,229 : EventManager : Event: ======'machine_var_mpf_extended_version'====== Args={'value': 'Mission Pinball Framework v0.57.0, Config version:6, Show version: 6, BCP version:1.1', 'prev_value': None, 'change': True}
2025-03-06 23:00:29,229 : EventManager : Event: ======'machine_var_python_version'====== Args={'value': '3.11.0', 'prev_value': None, 'change': True}
2025-03-06 23:00:29,229 : EventManager : Event: ======'machine_var_platform'====== Args={'value': 'Windows-10-10.0.26100-SP0', 'prev_value': None, 'change': True}
2025-03-06 23:00:29,229 : EventManager : Event: ======'machine_var_platform_system'====== Args={'value': 'Windows', 'prev_value': None, 'change': True}
2025-03-06 23:00:29,229 : EventManager : Event: ======'machine_var_platform_release'====== Args={'value': '10', 'prev_value': None, 'change': True}
2025-03-06 23:00:29,229 : EventManager : Event: ======'machine_var_platform_version'====== Args={'value': '10.0.26100', 'prev_value': None, 'change': True}
2025-03-06 23:00:29,229 : EventManager : Event: ======'machine_var_platform_machine'====== Args={'value': 'AMD64', 'prev_value': None, 'change': True}
2025-03-06 23:00:29,229 : EventManager : Event: ======'machine_var_mc_version'====== Args={'value': 'MPF-MC v0.57.1', 'prev_value': None, 'change': True}
2025-03-06 23:00:29,229 : EventManager : Event: ======'machine_var_mc_extended_version'====== Args={'value': 'MPF-MC v0.57.1 (config_version=6, BCP v1.1,                      Requires MPF API compatibility v0.57.0 or newer)', 'prev_value': None, 'change': True}
2025-03-06 23:00:29,229 : EventManager : Event: ======'machine_var_credits_string'====== Args={'value': 'FREE PLAY', 'prev_value': None, 'change': True}
2025-03-06 23:00:29,229 : EventManager : Event: ======'machine_var_master_volume'====== Args={'value': 0.5, 'prev_value': None, 'change': True}
2025-03-06 23:00:29,229 : EventManager : Event: ======'machine_var_player1_score'====== Args={'value': 8000, 'prev_value': None, 'change': True}
2025-03-06 23:00:29,229 : EventManager : Event: ======'machine_var_player2_score'====== Args={'value': 1000, 'prev_value': None, 'change': True}
2025-03-06 23:00:29,229 : EventManager : Event: ======'machine_var_mpf_version'====== Args={'value': 'Mission Pinball Framework v0.57.0', 'prev_value': None, 'change': True}
2025-03-06 23:00:29,229 : EventManager : Event: ======'machine_var_mpf_extended_version'====== Args={'value': 'Mission Pinball Framework v0.57.0, Config version:6, Show version: 6, BCP version:1.1', 'prev_value': None, 'change': True}
2025-03-06 23:00:29,229 : EventManager : Event: ======'machine_var_python_version'====== Args={'value': '3.11.0', 'prev_value': None, 'change': True}
2025-03-06 23:00:29,230 : EventManager : Event: ======'machine_var_platform'====== Args={'value': 'Windows-10-10.0.26100-SP0', 'prev_value': None, 'change': True}
2025-03-06 23:00:29,230 : EventManager : Event: ======'machine_var_platform_system'====== Args={'value': 'Windows', 'prev_value': None, 'change': True}
2025-03-06 23:00:29,230 : EventManager : Event: ======'machine_var_platform_release'====== Args={'value': '10', 'prev_value': None, 'change': True}
2025-03-06 23:00:29,230 : EventManager : Event: ======'machine_var_platform_version'====== Args={'value': '10.0.26100', 'prev_value': None, 'change': True}
2025-03-06 23:00:29,230 : EventManager : Event: ======'machine_var_platform_machine'====== Args={'value': 'AMD64', 'prev_value': None, 'change': True}
2025-03-06 23:00:29,231 : EventManager : Event: ======'machine_var_mc_version'====== Args={'value': 'MPF-MC v0.57.1', 'prev_value': None, 'change': True}
2025-03-06 23:00:29,231 : EventManager : Event: ======'machine_var_mc_extended_version'====== Args={'value': 'MPF-MC v0.57.1 (config_version=6, BCP v1.1,                      Requires MPF API compatibility v0.57.0 or newer)', 'prev_value': None, 'change': True}
2025-03-06 23:00:29,231 : EventManager : Event: ======'machine_var_credits_string'====== Args={'value': 'FREE PLAY', 'prev_value': None, 'change': True}
2025-03-06 23:00:29,231 : EventManager : Event: ======'machine_var_master_volume'====== Args={'value': 0.5, 'prev_value': None, 'change': True}
2025-03-06 23:00:29,231 : EventManager : Event: ======'machine_var_player1_score'====== Args={'value': 8000, 'prev_value': None, 'change': True}
2025-03-06 23:00:29,231 : EventManager : Event: ======'machine_var_player2_score'====== Args={'value': 1000, 'prev_value': None, 'change': True}
2025-03-06 23:00:29,231 : EventManager : Event: ======'machine_var_mpf_version'====== Args={'value': 'Mission Pinball Framework v0.57.0', 'prev_value': None, 'change': True}
2025-03-06 23:00:29,231 : EventManager : Event: ======'machine_var_mpf_extended_version'====== Args={'value': 'Mission Pinball Framework v0.57.0, Config version:6, Show version: 6, BCP version:1.1', 'prev_value': None, 'change': True}
2025-03-06 23:00:29,231 : EventManager : Event: ======'machine_var_python_version'====== Args={'value': '3.11.0', 'prev_value': None, 'change': True}
2025-03-06 23:00:29,231 : EventManager : Event: ======'machine_var_platform'====== Args={'value': 'Windows-10-10.0.26100-SP0', 'prev_value': None, 'change': True}
2025-03-06 23:00:29,231 : EventManager : Event: ======'machine_var_platform_system'====== Args={'value': 'Windows', 'prev_value': None, 'change': True}
2025-03-06 23:00:29,231 : EventManager : Event: ======'machine_var_platform_release'====== Args={'value': '10', 'prev_value': None, 'change': True}
2025-03-06 23:00:29,231 : EventManager : Event: ======'machine_var_platform_version'====== Args={'value': '10.0.26100', 'prev_value': None, 'change': True}
2025-03-06 23:00:29,231 : EventManager : Event: ======'machine_var_platform_machine'====== Args={'value': 'AMD64', 'prev_value': None, 'change': True}
2025-03-06 23:00:29,231 : EventManager : Event: ======'machine_var_mc_version'====== Args={'value': 'MPF-MC v0.57.1', 'prev_value': None, 'change': True}
2025-03-06 23:00:29,231 : EventManager : Event: ======'machine_var_mc_extended_version'====== Args={'value': 'MPF-MC v0.57.1 (config_version=6, BCP v1.1,                      Requires MPF API compatibility v0.57.0 or newer)', 'prev_value': None, 'change': True}
2025-03-06 23:00:29,231 : SoundSystem : Setting master volume to 0.5
2025-03-06 23:00:29,231 : SoundSystem : Setting master volume to 0.5
2025-03-06 23:00:29,231 : SoundSystem : Setting master volume to 0.5
2025-03-06 23:00:29,231 : SoundSystem : Setting master volume to 0.5
2025-03-06 23:00:29,496 : EventManager : Event: ======'machine_var_audits_events_game_ended'====== Args={'value': 13, 'prev_value': None, 'change': True}
2025-03-06 23:00:29,509 : EventManager : Event: ======'machine_var_audits_events_game_started'====== Args={'value': 33, 'prev_value': None, 'change': True}
2025-03-06 23:00:29,509 : EventManager : Event: ======'machine_var_audits_missing_switches_s_drain'====== Args={'value': 6, 'prev_value': None, 'change': True}
2025-03-06 23:00:29,509 : EventManager : Event: ======'machine_var_audits_missing_switches_s_left_flipper'====== Args={'value': 4, 'prev_value': None, 'change': True}
2025-03-06 23:00:29,509 : EventManager : Event: ======'machine_var_audits_missing_switches_s_right_flipper'====== Args={'value': 4, 'prev_value': None, 'change': True}
2025-03-06 23:00:29,509 : EventManager : Event: ======'machine_var_audits_missing_switches_s_trough_enter'====== Args={'value': 33, 'prev_value': None, 'change': True}
2025-03-06 23:00:29,509 : EventManager : Event: ======'machine_var_audits_player_score'====== Args={'value': {'average': 124, 'top': [8000, 1000, 0, 0, 0, 0, 0, 0, 0, 0], 'total': 16}, 'prev_value': None, 'change': True}
2025-03-06 23:00:29,509 : EventManager : Event: ======'machine_var_audits_switches_s_drain'====== Args={'value': 0, 'prev_value': None, 'change': True}
2025-03-06 23:00:29,509 : EventManager : Event: ======'machine_var_audits_switches_s_launcher_button'====== Args={'value': 50, 'prev_value': None, 'change': True}
2025-03-06 23:00:29,509 : EventManager : Event: ======'machine_var_audits_switches_s_left_flipper'====== Args={'value': 16, 'prev_value': None, 'change': True}
2025-03-06 23:00:29,510 : EventManager : Event: ======'machine_var_audits_switches_s_playfield_entry'====== Args={'value': 171, 'prev_value': None, 'change': True}
2025-03-06 23:00:29,510 : EventManager : Event: ======'machine_var_audits_switches_s_plunger_lane'====== Args={'value': 96, 'prev_value': None, 'change': True}
2025-03-06 23:00:29,510 : EventManager : Event: ======'machine_var_audits_switches_s_pointTarget'====== Args={'value': 109, 'prev_value': None, 'change': True}
2025-03-06 23:00:29,510 : EventManager : Event: ======'machine_var_audits_switches_s_right_flipper'====== Args={'value': 13, 'prev_value': None, 'change': True}
2025-03-06 23:00:29,510 : EventManager : Event: ======'machine_var_audits_switches_s_trough1'====== Args={'value': 77, 'prev_value': None, 'change': True}
2025-03-06 23:00:29,510 : EventManager : Event: ======'machine_var_audits_switches_s_trough2'====== Args={'value': 13, 'prev_value': None, 'change': True}
2025-03-06 23:00:29,510 : EventManager : Event: ======'machine_var_audits_switches_s_trough3'====== Args={'value': 10, 'prev_value': None, 'change': True}
2025-03-06 23:00:29,510 : EventManager : Event: ======'machine_var_audits_switches_s_trough_enter'====== Args={'value': 0, 'prev_value': None, 'change': True}
2025-03-06 23:00:29,547 : EventManager : Event: ======'slides_play'====== Args={'settings': {'welcome_slide': {'target': None, 'background_color': [0.0, 0.0, 0.0, 1.0], 'priority': None, 'show': True, 'force': False, 'expire': None, 'slide': None, 'tokens': {}, 'action': 'play'}}, 'context': '_global', 'calling_context': 'init_done', 'priority': 0}
2025-03-06 23:00:29,547 : EventManager : Event: ======'mc_reset_phase_1'====== Args={}
2025-03-06 23:00:29,548 : EventManager : Event: ======'slide_welcome_slide_removed'====== Args={}
2025-03-06 23:00:29,555 : EventManager : Event: ======'slide_welcome_slide_created'====== Args={}
2025-03-06 23:00:29,556 : EventManager : Event: ======'mc_reset_phase_2'====== Args={}
2025-03-06 23:00:29,556 : EventManager : Event: ======'mc_reset_phase_3'====== Args={}
2025-03-06 23:00:29,557 : EventManager : Event: ======'mc_reset_complete'====== Args={}
2025-03-06 23:00:29,557 : EventManager : Event: ======'slide_welcome_slide_active'====== Args={}
2025-03-06 23:00:29,570 : EventManager : Event: ======'slides_play'====== Args={'settings': {'ship_slide': {'widgets': [{'type': 'image', 'image': 'ship', '_default_settings': ['type', 'image'], 'x': None, 'y': None, 'anchor_x': 'center', 'anchor_y': 'center', 'round_anchor_x': None, 'round_anchor_y': None, 'opacity': 1.0, 'z': 0, 'reset_animations_events': {}, 'color': [1.0, 1.0, 1.0, 1.0], 'style': [], 'adjust_top': 0, 'adjust_bottom': 0, 'adjust_left': 0, 'adjust_right': 0, 'expire': None, 'key': None, 'widget': None, 'events_when_added': [], 'events_when_removed': [], 'fps': 10, 'loops': -1, 'auto_play': True, 'start_frame': 0, 'rotation': 0, 'scale': 1.0, 'animations': None}], 'target': None, 'background_color': [0.0, 0.0, 0.0, 1.0], 'priority': None, 'show': True, 'force': False, 'expire': None, 'slide': None, 'tokens': {}, 'action': 'play'}}, 'context': 'show_1', 'calling_context': 0, 'priority': 10, 'show_tokens': {}, 'start_time': 358263.5}
2025-03-06 23:00:29,571 : EventManager : Event: ======'sounds_play'====== Args={'settings': {'main': {'action': 'play', 'priority': None, 'block': False, 'delay': None, 'track': None, 'volume': None, 'ducking': {}, 'pan': None, 'loops': None, 'start_at': None, 'fade_in': None, 'fade_out': None, 'about_to_finish_time': -1.0, 'max_queue_time': -1.0, 'events_when_played': ['use_sound_setting'], 'events_when_stopped': ['use_sound_setting'], 'events_when_looping': ['use_sound_setting'], 'events_when_about_to_finish': ['use_sound_setting'], 'mode_end_action': 'use_sound_setting', 'key': 'use_sound_setting'}}, 'context': '_global', 'calling_context': 'mode_attract_started', 'priority': 0}
2025-03-06 23:00:29,577 : EventManager : Event: ======'slide_ship_slide_created'====== Args={}
2025-03-06 23:00:29,579 : EventManager : Event: ======'slide_ship_slide_active'====== Args={}
2025-03-06 23:00:29,647 : EventManager : Event: ======'loading_assets'====== Args={'total': 1, 'loaded': 1, 'remaining': 0, 'percent': 100}
2025-03-06 23:00:29,647 : AssetManager : Asset loading took: 1.9007885456085205
2025-03-06 23:00:29,647 : EventManager : Event: ======'asset_loading_complete'====== Args={}
2025-03-06 23:00:29,647 : AssetManager : Loading assets: 1/1 (100%)
2025-03-06 23:00:34,592 : EventManager : Event: ======'slides_play'====== Args={'settings': {'starting_slide': {'widgets': [{'type': 'image', 'image': 'start', 'animations': {'pre_show_slide': [{'property': ['opacity'], 'value': ['0'], 'duration': 0.5, 'relative': False, 'timing': 'after_previous', 'repeat': False, 'easing': 'linear', 'step': 0.0}, {'property': ['opacity'], 'value': ['1'], 'duration': 0.5, 'repeat': True, 'relative': False, 'timing': 'after_previous', 'easing': 'linear', 'step': 0.0}]}, '_default_settings': ['type', 'image', 'animations'], 'x': None, 'y': None, 'anchor_x': 'center', 'anchor_y': 'center', 'round_anchor_x': None, 'round_anchor_y': None, 'opacity': 1.0, 'z': 0, 'reset_animations_events': {}, 'color': [1.0, 1.0, 1.0, 1.0], 'style': [], 'adjust_top': 0, 'adjust_bottom': 0, 'adjust_left': 0, 'adjust_right': 0, 'expire': None, 'key': None, 'widget': None, 'events_when_added': [], 'events_when_removed': [], 'fps': 10, 'loops': -1, 'auto_play': True, 'start_frame': 0, 'rotation': 0, 'scale': 1.0}, {'type': 'image', 'image': 'start_game', '_default_settings': ['type', 'image'], 'x': None, 'y': None, 'anchor_x': 'center', 'anchor_y': 'center', 'round_anchor_x': None, 'round_anchor_y': None, 'opacity': 1.0, 'z': 0, 'reset_animations_events': {}, 'color': [1.0, 1.0, 1.0, 1.0], 'style': [], 'adjust_top': 0, 'adjust_bottom': 0, 'adjust_left': 0, 'adjust_right': 0, 'expire': None, 'key': None, 'widget': None, 'events_when_added': [], 'events_when_removed': [], 'fps': 10, 'loops': -1, 'auto_play': True, 'start_frame': 0, 'rotation': 0, 'scale': 1.0, 'animations': None}], 'transition': {'type': 'push', 'duration': 1.0, 'direction': 'left', 'easing': 'out_quad'}, 'target': None, 'background_color': [0.0, 0.0, 0.0, 1.0], 'priority': None, 'show': True, 'force': False, 'expire': None, 'slide': None, 'tokens': {}, 'action': 'play'}}, 'context': 'show_1', 'calling_context': 1, 'priority': 10, 'show_tokens': {}, 'start_time': 358268.5}
2025-03-06 23:00:34,607 : EventManager : Event: ======'slide_starting_slide_created'====== Args={}
2025-03-06 23:00:34,613 : EventManager : Event: ======'slide_starting_slide_active'====== Args={}
2025-03-06 23:00:39,573 : EventManager : Event: ======'slides_play'====== Args={'settings': {'company_slide': {'widgets': [{'type': 'image', 'image': 'company', '_default_settings': ['type', 'image'], 'x': None, 'y': None, 'anchor_x': 'center', 'anchor_y': 'center', 'round_anchor_x': None, 'round_anchor_y': None, 'opacity': 1.0, 'z': 0, 'reset_animations_events': {}, 'color': [1.0, 1.0, 1.0, 1.0], 'style': [], 'adjust_top': 0, 'adjust_bottom': 0, 'adjust_left': 0, 'adjust_right': 0, 'expire': None, 'key': None, 'widget': None, 'events_when_added': [], 'events_when_removed': [], 'fps': 10, 'loops': -1, 'auto_play': True, 'start_frame': 0, 'rotation': 0, 'scale': 1.0, 'animations': None}, {'type': 'text', 'text': '(machine|player1_score)', 'number_grouping': True, 'min_digits': 2, 'font_size': 50, 'y': '40%', '_default_settings': ['type', 'text', 'number_grouping', 'min_digits', 'font_size', 'y'], 'x': None, 'anchor_x': 'center', 'anchor_y': 'center', 'round_anchor_x': None, 'round_anchor_y': None, 'opacity': 1.0, 'z': 0, 'reset_animations_events': {}, 'color': [1.0, 1.0, 1.0, 1.0], 'style': [], 'adjust_top': 0, 'adjust_bottom': 0, 'adjust_left': 0, 'adjust_right': 0, 'expire': None, 'key': None, 'widget': None, 'events_when_added': [], 'events_when_removed': [], 'bitmap_font': False, 'font_kerning': True, 'bold': False, 'italic': False, 'halign': 'center', 'valign': 'middle', 'rotation': 0, 'scale': 1.0, 'casing': None, 'outline_color': [1.0, 1.0, 1.0, 1.0], 'outline_width': 0, 'animations': None}], 'transition': {'type': 'move_in', 'duration': 1.0, 'direction': 'right', 'easing': 'out_quad'}, 'target': None, 'background_color': [0.0, 0.0, 0.0, 1.0], 'priority': None, 'show': True, 'force': False, 'expire': None, 'slide': None, 'tokens': {}, 'action': 'play'}}, 'context': 'show_1', 'calling_context': 2, 'priority': 10, 'show_tokens': {}, 'start_time': 358273.5}
2025-03-06 23:00:39,587 : EventManager : Event: ======'slide_company_slide_created'====== Args={}
2025-03-06 23:00:39,587 : EventManager : Unordered handler for class <Text Widget text=8,000> on event machine_var_player1_score with priority 1. Handlers: [RegisteredHandler(callback=<bound method Text._machine_var_change of <Text Widget text=8,000>>, priority=1, kwargs={}, key=UUID('71dd3f39-5c61-4f00-8c7d-dd7cb64d1005'), condition=None, blocking_facility=None), RegisteredHandler(callback=<bound method Text._machine_var_change of <Text Widget text=8,000>>, priority=1, kwargs={}, key=UUID('8980a79a-6644-4b3c-9e6f-c8b630b7fb03'), condition=None, blocking_facility=None)]. The order of those handlers is not defined and they will be executed in random order. This might lead to race conditions and potential bugs.
2025-03-06 23:00:39,593 : EventManager : Event: ======'slide_company_slide_active'====== Args={}
2025-03-06 23:00:41,173 : EventManager : Event: ======'game_started'====== Args={}
2025-03-06 23:00:41,173 : EventManager : Event: ======'slides_clear'====== Args={'context': 'show_1'}
2025-03-06 23:00:41,173 : EventManager : Event: ======'sounds_play'====== Args={'settings': {'main': {'action': 'stop', 'priority': None, 'block': False, 'delay': None, 'track': None, 'volume': None, 'ducking': {}, 'pan': None, 'loops': None, 'start_at': None, 'fade_in': None, 'fade_out': None, 'about_to_finish_time': -1.0, 'max_queue_time': -1.0, 'events_when_played': ['use_sound_setting'], 'events_when_stopped': ['use_sound_setting'], 'events_when_looping': ['use_sound_setting'], 'events_when_about_to_finish': ['use_sound_setting'], 'mode_end_action': 'use_sound_setting', 'key': 'use_sound_setting'}}, 'context': '_global', 'calling_context': 'mode_attract_stopped', 'priority': 0}
2025-03-06 23:00:41,173 : EventManager : Event: ======'player_added'====== Args={'player': <Player 1>, 'num': 1}
2025-03-06 23:00:41,174 : EventManager : Event: ======'player_index'====== Args={'value': 0, 'prev_value': 0, 'change': 0, 'player_num': 1}
2025-03-06 23:00:41,174 : EventManager : Event: ======'player_number'====== Args={'value': 1, 'prev_value': 1, 'change': 0, 'player_num': 1}
2025-03-06 23:00:41,174 : EventManager : Event: ======'player_score'====== Args={'value': 0, 'prev_value': 0, 'change': 0, 'player_num': 1}
2025-03-06 23:00:41,174 : EventManager : Event: ======'slide_ship_slide_removed'====== Args={}
2025-03-06 23:00:41,174 : EventManager : Event: ======'slide_starting_slide_removed'====== Args={}
2025-03-06 23:00:41,174 : EventManager : Event: ======'slide_company_slide_removed'====== Args={}
2025-03-06 23:00:41,175 : EventManager : Event: ======'slide_welcome_slide_active'====== Args={}
2025-03-06 23:00:41,199 : EventManager : Event: ======'player_ball'====== Args={'value': 1, 'prev_value': 0, 'change': 1, 'player_num': 1}
2025-03-06 23:00:41,199 : EventManager : Event: ======'player_turn_start'====== Args={'number': 1, 'player': <Player 1>}
2025-03-06 23:00:41,199 : EventManager : Event: ======'slides_play'====== Args={'settings': {'widgets': {'widgets': [{'type': 'text', 'text': '(score)', 'number_grouping': True, 'min_digits': 2, 'font_size': 100, '_default_settings': ['type', 'text', 'number_grouping', 'min_digits', 'font_size'], 'x': None, 'y': None, 'anchor_x': 'center', 'anchor_y': 'center', 'round_anchor_x': None, 'round_anchor_y': None, 'opacity': 1.0, 'z': 0, 'reset_animations_events': {}, 'color': [1.0, 1.0, 1.0, 1.0], 'style': [], 'adjust_top': 0, 'adjust_bottom': 0, 'adjust_left': 0, 'adjust_right': 0, 'expire': None, 'key': None, 'widget': None, 'events_when_added': [], 'events_when_removed': [], 'bitmap_font': False, 'font_kerning': True, 'bold': False, 'italic': False, 'halign': 'center', 'valign': 'middle', 'rotation': 0, 'scale': 1.0, 'casing': None, 'outline_color': [1.0, 1.0, 1.0, 1.0], 'outline_width': 0, 'animations': None}, {'type': 'text', 'text': 'PLAYER (number)', 'y': '10', 'x': '10', 'font_size': 50, 'anchor_x': 'left', 'anchor_y': 'bottom', '_default_settings': ['type', 'text', 'y', 'x', 'font_size', 'anchor_x', 'anchor_y'], 'round_anchor_x': None, 'round_anchor_y': None, 'opacity': 1.0, 'z': 0, 'reset_animations_events': {}, 'color': [1.0, 1.0, 1.0, 1.0], 'style': [], 'adjust_top': 0, 'adjust_bottom': 0, 'adjust_left': 0, 'adjust_right': 0, 'expire': None, 'key': None, 'widget': None, 'events_when_added': [], 'events_when_removed': [], 'bitmap_font': False, 'font_kerning': True, 'bold': False, 'italic': False, 'number_grouping': False, 'min_digits': 0, 'halign': 'center', 'valign': 'middle', 'rotation': 0, 'scale': 1.0, 'casing': None, 'outline_color': [1.0, 1.0, 1.0, 1.0], 'outline_width': 0, 'animations': None}, {'type': 'text', 'text': 'BALL (ball)', 'y': '10', 'x': 'right-10', 'anchor_x': 'right', 'anchor_y': 'bottom', 'font_size': 50, '_default_settings': ['type', 'text', 'y', 'x', 'anchor_x', 'anchor_y', 'font_size'], 'round_anchor_x': None, 'round_anchor_y': None, 'opacity': 1.0, 'z': 0, 'reset_animations_events': {}, 'color': [1.0, 1.0, 1.0, 1.0], 'style': [], 'adjust_top': 0, 'adjust_bottom': 0, 'adjust_left': 0, 'adjust_right': 0, 'expire': None, 'key': None, 'widget': None, 'events_when_added': [], 'events_when_removed': [], 'bitmap_font': False, 'font_kerning': True, 'bold': False, 'italic': False, 'number_grouping': False, 'min_digits': 0, 'halign': 'center', 'valign': 'middle', 'rotation': 0, 'scale': 1.0, 'casing': None, 'outline_color': [1.0, 1.0, 1.0, 1.0], 'outline_width': 0, 'animations': None}], 'target': None, 'background_color': [0.0, 0.0, 0.0, 1.0], 'priority': None, 'show': True, 'force': False, 'expire': None, 'slide': None, 'tokens': {}, 'action': 'play'}}, 'context': 'base', 'calling_context': 'mode_base_started', 'priority': 100, 'player': 1, 'ball': 1, 'balls_remaining': 2, 'is_extra_ball': False}
2025-03-06 23:00:41,206 : EventManager : Event: ======'slide_base.slide_player-mode_base_started_created'====== Args={}
2025-03-06 23:00:41,208 : EventManager : Event: ======'slide_base.slide_player-mode_base_started_active'====== Args={}
2025-03-06 23:00:41,361 : EventManager : Event: ======'machine_var_audits_switches_s_plunger_lane'====== Args={'value': 97, 'prev_value': 96, 'change': 1}
2025-03-06 23:00:43,651 : EventManager : Event: ======'machine_var_audits_switches_s_launcher_button'====== Args={'value': 51, 'prev_value': 50, 'change': 1}
2025-03-06 23:00:43,664 : EventManager : Event: ======'player_added'====== Args={'player': <Player 2>, 'num': 2}
2025-03-06 23:00:43,665 : EventManager : Event: ======'player_index'====== Args={'value': 1, 'prev_value': 1, 'change': 0, 'player_num': 2}
2025-03-06 23:00:43,665 : EventManager : Event: ======'player_number'====== Args={'value': 2, 'prev_value': 2, 'change': 0, 'player_num': 2}
2025-03-06 23:00:43,666 : EventManager : Event: ======'player_score'====== Args={'value': 0, 'prev_value': 0, 'change': 0, 'player_num': 2}
2025-03-06 23:00:43,738 : EventManager : Event: ======'machine_var_audits_switches_s_playfield_entry'====== Args={'value': 172, 'prev_value': 171, 'change': 1}
2025-03-06 23:00:46,106 : EventManager : Event: ======'machine_var_audits_switches_s_trough1'====== Args={'value': 78, 'prev_value': 77, 'change': 1}
2025-03-06 23:00:46,419 : EventManager : Event: ======'slides_clear'====== Args={'context': 'base'}
2025-03-06 23:00:46,419 : EventManager : Event: ======'slide_base.slide_player-mode_base_started_removed'====== Args={}
2025-03-06 23:00:46,420 : EventManager : Event: ======'slide_welcome_slide_active'====== Args={}
2025-03-06 23:00:46,519 : EventManager : Event: ======'player_ball'====== Args={'value': 1, 'prev_value': 0, 'change': 1, 'player_num': 2}
2025-03-06 23:00:46,519 : EventManager : Event: ======'player_turn_start'====== Args={'number': 2, 'player': <Player 2>}
2025-03-06 23:00:46,544 : EventManager : Event: ======'slides_play'====== Args={'settings': {'widgets': {'widgets': [{'type': 'text', 'text': '(score)', 'number_grouping': True, 'min_digits': 2, 'font_size': 100, '_default_settings': ['type', 'text', 'number_grouping', 'min_digits', 'font_size'], 'x': None, 'y': None, 'anchor_x': 'center', 'anchor_y': 'center', 'round_anchor_x': None, 'round_anchor_y': None, 'opacity': 1.0, 'z': 0, 'reset_animations_events': {}, 'color': [1.0, 1.0, 1.0, 1.0], 'style': [], 'adjust_top': 0, 'adjust_bottom': 0, 'adjust_left': 0, 'adjust_right': 0, 'expire': None, 'key': None, 'widget': None, 'events_when_added': [], 'events_when_removed': [], 'bitmap_font': False, 'font_kerning': True, 'bold': False, 'italic': False, 'halign': 'center', 'valign': 'middle', 'rotation': 0, 'scale': 1.0, 'casing': None, 'outline_color': [1.0, 1.0, 1.0, 1.0], 'outline_width': 0, 'animations': None}, {'type': 'text', 'text': 'PLAYER (number)', 'y': '10', 'x': '10', 'font_size': 50, 'anchor_x': 'left', 'anchor_y': 'bottom', '_default_settings': ['type', 'text', 'y', 'x', 'font_size', 'anchor_x', 'anchor_y'], 'round_anchor_x': None, 'round_anchor_y': None, 'opacity': 1.0, 'z': 0, 'reset_animations_events': {}, 'color': [1.0, 1.0, 1.0, 1.0], 'style': [], 'adjust_top': 0, 'adjust_bottom': 0, 'adjust_left': 0, 'adjust_right': 0, 'expire': None, 'key': None, 'widget': None, 'events_when_added': [], 'events_when_removed': [], 'bitmap_font': False, 'font_kerning': True, 'bold': False, 'italic': False, 'number_grouping': False, 'min_digits': 0, 'halign': 'center', 'valign': 'middle', 'rotation': 0, 'scale': 1.0, 'casing': None, 'outline_color': [1.0, 1.0, 1.0, 1.0], 'outline_width': 0, 'animations': None}, {'type': 'text', 'text': 'BALL (ball)', 'y': '10', 'x': 'right-10', 'anchor_x': 'right', 'anchor_y': 'bottom', 'font_size': 50, '_default_settings': ['type', 'text', 'y', 'x', 'anchor_x', 'anchor_y', 'font_size'], 'round_anchor_x': None, 'round_anchor_y': None, 'opacity': 1.0, 'z': 0, 'reset_animations_events': {}, 'color': [1.0, 1.0, 1.0, 1.0], 'style': [], 'adjust_top': 0, 'adjust_bottom': 0, 'adjust_left': 0, 'adjust_right': 0, 'expire': None, 'key': None, 'widget': None, 'events_when_added': [], 'events_when_removed': [], 'bitmap_font': False, 'font_kerning': True, 'bold': False, 'italic': False, 'number_grouping': False, 'min_digits': 0, 'halign': 'center', 'valign': 'middle', 'rotation': 0, 'scale': 1.0, 'casing': None, 'outline_color': [1.0, 1.0, 1.0, 1.0], 'outline_width': 0, 'animations': None}], 'target': None, 'background_color': [0.0, 0.0, 0.0, 1.0], 'priority': None, 'show': True, 'force': False, 'expire': None, 'slide': None, 'tokens': {}, 'action': 'play'}}, 'context': 'base', 'calling_context': 'mode_base_started', 'priority': 100, 'player': 2, 'ball': 1, 'balls_remaining': 2, 'is_extra_ball': False}
2025-03-06 23:00:46,564 : EventManager : Event: ======'slide_base.slide_player-mode_base_started_created'====== Args={}
2025-03-06 23:00:46,565 : EventManager : Event: ======'slide_base.slide_player-mode_base_started_active'====== Args={}
2025-03-06 23:00:46,741 : EventManager : Event: ======'machine_var_audits_switches_s_plunger_lane'====== Args={'value': 98, 'prev_value': 97, 'change': 1}
2025-03-06 23:00:49,490 : EventManager : Event: ======'machine_var_audits_switches_s_launcher_button'====== Args={'value': 52, 'prev_value': 51, 'change': 1}
2025-03-06 23:00:49,491 : EventManager : Event: ======'player_added'====== Args={'player': <Player 3>, 'num': 3}
2025-03-06 23:00:49,492 : EventManager : Event: ======'player_index'====== Args={'value': 2, 'prev_value': 2, 'change': 0, 'player_num': 3}
2025-03-06 23:00:49,492 : EventManager : Event: ======'player_number'====== Args={'value': 3, 'prev_value': 3, 'change': 0, 'player_num': 3}
2025-03-06 23:00:49,493 : EventManager : Event: ======'player_score'====== Args={'value': 0, 'prev_value': 0, 'change': 0, 'player_num': 3}
2025-03-06 23:00:49,582 : EventManager : Event: ======'machine_var_audits_switches_s_playfield_entry'====== Args={'value': 173, 'prev_value': 172, 'change': 1}
2025-03-06 23:00:51,572 : EventManager : Event: ======'machine_var_audits_switches_s_pointTarget'====== Args={'value': 110, 'prev_value': 109, 'change': 1}
2025-03-06 23:00:51,583 : EventManager : Event: ======'player_score'====== Args={'value': 100, 'prev_value': 0, 'change': 100, 'player_num': 2}
2025-03-06 23:00:51,862 : EventManager : Event: ======'machine_var_audits_switches_s_pointTarget'====== Args={'value': 111, 'prev_value': 110, 'change': 1}
2025-03-06 23:00:51,873 : EventManager : Event: ======'player_score'====== Args={'value': 200, 'prev_value': 100, 'change': 100, 'player_num': 2}
2025-03-06 23:00:52,201 : EventManager : Event: ======'machine_var_audits_switches_s_pointTarget'====== Args={'value': 112, 'prev_value': 111, 'change': 1}
2025-03-06 23:00:52,201 : EventManager : Event: ======'player_score'====== Args={'value': 300, 'prev_value': 200, 'change': 100, 'player_num': 2}
2025-03-06 23:00:52,471 : EventManager : Event: ======'machine_var_audits_switches_s_pointTarget'====== Args={'value': 113, 'prev_value': 112, 'change': 1}
2025-03-06 23:00:52,473 : EventManager : Event: ======'player_score'====== Args={'value': 400, 'prev_value': 300, 'change': 100, 'player_num': 2}
2025-03-06 23:00:52,745 : EventManager : Event: ======'machine_var_audits_switches_s_pointTarget'====== Args={'value': 114, 'prev_value': 113, 'change': 1}
2025-03-06 23:00:52,746 : EventManager : Event: ======'player_score'====== Args={'value': 500, 'prev_value': 400, 'change': 100, 'player_num': 2}
2025-03-06 23:00:53,601 : EventManager : Event: ======'machine_var_audits_switches_s_trough1'====== Args={'value': 79, 'prev_value': 78, 'change': 1}
2025-03-06 23:00:53,914 : EventManager : Event: ======'slides_clear'====== Args={'context': 'base'}
2025-03-06 23:00:53,915 : EventManager : Event: ======'slide_base.slide_player-mode_base_started_removed'====== Args={}
2025-03-06 23:00:53,917 : EventManager : Event: ======'slide_welcome_slide_active'====== Args={}
2025-03-06 23:00:54,001 : EventManager : Event: ======'player_ball'====== Args={'value': 1, 'prev_value': 0, 'change': 1, 'player_num': 3}
2025-03-06 23:00:54,002 : EventManager : Event: ======'player_turn_start'====== Args={'number': 3, 'player': <Player 3>}
2025-03-06 23:00:54,014 : EventManager : Event: ======'slides_play'====== Args={'settings': {'widgets': {'widgets': [{'type': 'text', 'text': '(score)', 'number_grouping': True, 'min_digits': 2, 'font_size': 100, '_default_settings': ['type', 'text', 'number_grouping', 'min_digits', 'font_size'], 'x': None, 'y': None, 'anchor_x': 'center', 'anchor_y': 'center', 'round_anchor_x': None, 'round_anchor_y': None, 'opacity': 1.0, 'z': 0, 'reset_animations_events': {}, 'color': [1.0, 1.0, 1.0, 1.0], 'style': [], 'adjust_top': 0, 'adjust_bottom': 0, 'adjust_left': 0, 'adjust_right': 0, 'expire': None, 'key': None, 'widget': None, 'events_when_added': [], 'events_when_removed': [], 'bitmap_font': False, 'font_kerning': True, 'bold': False, 'italic': False, 'halign': 'center', 'valign': 'middle', 'rotation': 0, 'scale': 1.0, 'casing': None, 'outline_color': [1.0, 1.0, 1.0, 1.0], 'outline_width': 0, 'animations': None}, {'type': 'text', 'text': 'PLAYER (number)', 'y': '10', 'x': '10', 'font_size': 50, 'anchor_x': 'left', 'anchor_y': 'bottom', '_default_settings': ['type', 'text', 'y', 'x', 'font_size', 'anchor_x', 'anchor_y'], 'round_anchor_x': None, 'round_anchor_y': None, 'opacity': 1.0, 'z': 0, 'reset_animations_events': {}, 'color': [1.0, 1.0, 1.0, 1.0], 'style': [], 'adjust_top': 0, 'adjust_bottom': 0, 'adjust_left': 0, 'adjust_right': 0, 'expire': None, 'key': None, 'widget': None, 'events_when_added': [], 'events_when_removed': [], 'bitmap_font': False, 'font_kerning': True, 'bold': False, 'italic': False, 'number_grouping': False, 'min_digits': 0, 'halign': 'center', 'valign': 'middle', 'rotation': 0, 'scale': 1.0, 'casing': None, 'outline_color': [1.0, 1.0, 1.0, 1.0], 'outline_width': 0, 'animations': None}, {'type': 'text', 'text': 'BALL (ball)', 'y': '10', 'x': 'right-10', 'anchor_x': 'right', 'anchor_y': 'bottom', 'font_size': 50, '_default_settings': ['type', 'text', 'y', 'x', 'anchor_x', 'anchor_y', 'font_size'], 'round_anchor_x': None, 'round_anchor_y': None, 'opacity': 1.0, 'z': 0, 'reset_animations_events': {}, 'color': [1.0, 1.0, 1.0, 1.0], 'style': [], 'adjust_top': 0, 'adjust_bottom': 0, 'adjust_left': 0, 'adjust_right': 0, 'expire': None, 'key': None, 'widget': None, 'events_when_added': [], 'events_when_removed': [], 'bitmap_font': False, 'font_kerning': True, 'bold': False, 'italic': False, 'number_grouping': False, 'min_digits': 0, 'halign': 'center', 'valign': 'middle', 'rotation': 0, 'scale': 1.0, 'casing': None, 'outline_color': [1.0, 1.0, 1.0, 1.0], 'outline_width': 0, 'animations': None}], 'target': None, 'background_color': [0.0, 0.0, 0.0, 1.0], 'priority': None, 'show': True, 'force': False, 'expire': None, 'slide': None, 'tokens': {}, 'action': 'play'}}, 'context': 'base', 'calling_context': 'mode_base_started', 'priority': 100, 'player': 3, 'ball': 1, 'balls_remaining': 2, 'is_extra_ball': False}
2025-03-06 23:00:54,029 : EventManager : Event: ======'slide_base.slide_player-mode_base_started_created'====== Args={}
2025-03-06 23:00:54,037 : EventManager : Event: ======'slide_base.slide_player-mode_base_started_active'====== Args={}
2025-03-06 23:00:54,178 : EventManager : Event: ======'machine_var_audits_switches_s_plunger_lane'====== Args={'value': 99, 'prev_value': 98, 'change': 1}
2025-03-06 23:00:56,337 : EventManager : Event: ======'machine_var_audits_switches_s_trough1'====== Args={'value': 80, 'prev_value': 79, 'change': 1}
2025-03-06 23:00:56,667 : EventManager : Event: ======'slides_clear'====== Args={'context': 'base'}
2025-03-06 23:00:56,669 : EventManager : Event: ======'slide_base.slide_player-mode_base_started_removed'====== Args={}
2025-03-06 23:00:56,672 : EventManager : Event: ======'slide_welcome_slide_active'====== Args={}
2025-03-06 23:00:56,825 : EventManager : Event: ======'player_ball'====== Args={'value': 2, 'prev_value': 1, 'change': 1, 'player_num': 1}
2025-03-06 23:00:56,826 : EventManager : Event: ======'player_turn_start'====== Args={'number': 1, 'player': <Player 1>}
2025-03-06 23:00:58,366 : EventManager : Event: ======'machine_var_audits_switches_s_launcher_button'====== Args={'value': 53, 'prev_value': 52, 'change': 1}
2025-03-06 23:00:58,456 : EventManager : Event: ======'machine_var_audits_switches_s_playfield_entry'====== Args={'value': 174, 'prev_value': 173, 'change': 1}
2025-03-06 23:01:01,535 : EventManager : Event: ======'machine_var_audits_switches_s_trough1'====== Args={'value': 81, 'prev_value': 80, 'change': 1}
2025-03-06 23:01:04,734 : EventManager : Event: ======'machine_var_audits_switches_s_launcher_button'====== Args={'value': 54, 'prev_value': 53, 'change': 1}
2025-03-06 23:01:05,134 : EventManager : Event: ======'machine_var_audits_switches_s_pointTarget'====== Args={'value': 115, 'prev_value': 114, 'change': 1}
2025-03-06 23:01:05,990 : kivy : Base: Leaving application in progress...
2025-03-06 23:01:06,356 : mpfmc : Stopping...
2025-03-06 23:01:06,356 : EventManager : Event: ======'shutdown'====== Args={}
2025-03-06 23:01:06,356 : AudioInterface : Disabling audio playback
2025-03-06 23:01:06,356 : mpfmc : Loop rate 78.97 Hz
2025-03-06 23:01:06,357 : root : MC run loop ended.
2025-03-06 23:01:06,357 : root : Stopping child threads... (3 remaining)
2025-03-06 23:01:07,224 : mpfmc : Stopping...
2025-03-06 23:01:07,224 : EventManager : Event: ======'shutdown'====== Args={}
2025-03-06 23:01:07,225 : mpfmc : Loop rate 77.24 Hz
2025-03-06 23:01:07,338 : MPF-MC BCP Server : Stopping BCP sending thread
2025-03-06 23:01:07,362 : root : All child threads stopped.
