2025-03-06 20:54:04,548 : INFO : root : Loading config.
2025-03-06 20:54:04,551 : INFO : YamlMultifileConfigLoader : Machine config file #1: config.yaml
2025-03-06 20:54:04,551 : WARNING : ConfigProcessor : Config file in cache changed: C:\Users\duffb\OneDrive\Documents\Python Envs\PinBallWW1\Machine\config\config.yaml
2025-03-06 20:54:04,552 : INFO : ConfigProcessor : Loading config from file C:\Users\duffb\.pyenv\pyenv-win\versions\3.11.0\Lib\site-packages\mpf\mpfconfig.yaml.
2025-03-06 20:54:04,560 : INFO : ConfigProcessor : Loading config: C:\Users\duffb\.pyenv\pyenv-win\versions\3.11.0\Lib\site-packages\mpf\mpfconfig.yaml
2025-03-06 20:54:04,561 : INFO : ConfigProcessor : Loading config from file C:\Users\duffb\OneDrive\Documents\Python Envs\PinBallWW1\Machine\config\config.yaml.
2025-03-06 20:54:04,585 : INFO : ConfigProcessor : Loading config: C:\Users\duffb\OneDrive\Documents\Python Envs\PinBallWW1\Machine\config\config.yaml
2025-03-06 20:54:04,586 : INFO : ConfigProcessor : Config file cache created: C:\Users\duffb\AppData\Local\Temp\cadfdee4981114acd6fff59d1071b59b.mpf_cache
2025-03-06 20:54:04,681 : INFO : ConfigProcessor : Loading config from cache: C:\Users\duffb\AppData\Local\Temp\2d51d76727b268a801d8dd7a18b89879.mpf_cache
2025-03-06 20:54:04,682 : INFO : ConfigProcessor : Loading config from cache: C:\Users\duffb\AppData\Local\Temp\9f058d482eac17116727d62a93500be7.mpf_cache
2025-03-06 20:54:04,683 : INFO : ConfigProcessor : Loading config from cache: C:\Users\duffb\AppData\Local\Temp\9e006ea23aa21ec68e01f6c49afad9f4.mpf_cache
2025-03-06 20:54:04,683 : INFO : Machine : Mission Pinball Framework Core Engine v0.57.0
2025-03-06 20:54:04,684 : INFO : Machine : Command line arguments: {'no_load_cache': False, 'create_config_cache': True, 'bcp': True, 'configfile': ['config.yaml'], 'force_assets_load': False, 'platform_integration_test': False, 'jsonlogging': False, 'logfile': 'logs\\2025-03-06-20-54-04-mpf-T0SHIII.log', 'pause': False, 'production': False, 'text_ui': True, 'loglevel': 15, 'consoleloglevel': 20, 'force_platform': None, 'syslog_address': None, 'mc_file_name': None, 'no_sound': False}
2025-03-06 20:54:04,684 : INFO : Machine : MPF path: C:\Users\duffb\.pyenv\pyenv-win\versions\3.11.0\Lib\site-packages\mpf
2025-03-06 20:54:04,684 : INFO : Machine : Machine path: C:\Users\duffb\OneDrive\Documents\Python Envs\PinBallWW1\Machine
2025-03-06 20:54:04,684 : INFO : Machine : Platform: win32
2025-03-06 20:54:04,684 : INFO : Machine : Python executable location: C:\Users\duffb\.pyenv\pyenv-win\versions\3.11.0\python.exe
2025-03-06 20:54:04,684 : INFO : Machine : Python version: 3.11.0 (64-bit)
2025-03-06 20:54:04,685 : INFO : Machine : Initializing MPF...
2025-03-06 20:54:04,857 : INFO : EventManager : Event: ======'machine_var_credits_string'====== Args={'value': 'FREE PLAY', 'prev_value': None, 'change': True}
2025-03-06 20:54:04,901 : INFO : EventManager : Event: ======'machine_var_master_volume'====== Args={'value': 0.5, 'prev_value': None, 'change': True}
2025-03-06 20:54:04,901 : INFO : EventManager : Event: ======'machine_var_player1_score'====== Args={'value': 0, 'prev_value': None, 'change': True}
2025-03-06 20:54:04,901 : INFO : EventManager : Event: ======'machine_var_player2_score'====== Args={'value': 0, 'prev_value': None, 'change': True}
2025-03-06 20:54:04,902 : INFO : EventManager : Event: ======'machine_var_mpf_version'====== Args={'value': 'Mission Pinball Framework v0.57.0', 'prev_value': None, 'change': True}
2025-03-06 20:54:04,902 : INFO : EventManager : Event: ======'machine_var_mpf_extended_version'====== Args={'value': 'Mission Pinball Framework v0.57.0, Config version:6, Show version: 6, BCP version:1.1', 'prev_value': None, 'change': True}
2025-03-06 20:54:04,902 : INFO : EventManager : Event: ======'machine_var_python_version'====== Args={'value': '3.11.0', 'prev_value': None, 'change': True}
2025-03-06 20:54:04,913 : INFO : EventManager : Event: ======'machine_var_platform'====== Args={'value': 'Windows-10-10.0.26100-SP0', 'prev_value': None, 'change': True}
2025-03-06 20:54:04,913 : INFO : EventManager : Event: ======'machine_var_platform_system'====== Args={'value': 'Windows', 'prev_value': None, 'change': True}
2025-03-06 20:54:04,913 : INFO : EventManager : Event: ======'machine_var_platform_release'====== Args={'value': '10', 'prev_value': None, 'change': True}
2025-03-06 20:54:04,913 : INFO : EventManager : Event: ======'machine_var_platform_version'====== Args={'value': '10.0.26100', 'prev_value': None, 'change': True}
2025-03-06 20:54:04,913 : INFO : EventManager : Event: ======'machine_var_platform_machine'====== Args={'value': 'AMD64', 'prev_value': None, 'change': True}
2025-03-06 20:54:04,913 : INFO : EventManager : Event: ======'init_phase_1'====== Args={}
2025-03-06 20:54:04,931 : INFO : EventManager : Event: ======'init_phase_2'====== Args={}
2025-03-06 20:54:04,931 : INFO : SwitchController : Found active switch: ('3', <Platform.SmartVirtual>) <switch.s_trough1>
2025-03-06 20:54:04,931 : INFO : SwitchController : Found active switch: ('4', <Platform.SmartVirtual>) <switch.s_trough2>
2025-03-06 20:54:04,931 : INFO : SwitchController : Found active switch: ('5', <Platform.SmartVirtual>) <switch.s_trough3>
2025-03-06 20:54:04,932 : INFO : EventManager : Event: ======'bcp_connection_attempt'====== Args={'name': 'local_display', 'host': 'localhost', 'port': 5050}
2025-03-06 20:54:04,935 : INFO : BCPClientSocket : Connecting BCP to 'local_display' at localhost:5050...
2025-03-06 20:54:07,001 : INFO : BCPClientSocket : Connected BCP to 'local_display' localhost:5050
2025-03-06 20:54:07,005 : INFO : EventManager : Event: ======'bcp_clients_connected'====== Args={}
2025-03-06 20:54:07,145 : INFO : EventManager : Event: ======'machine_var_mc_version'====== Args={'value': 'MPF-MC v0.57.1', 'prev_value': None, 'change': True}
2025-03-06 20:54:07,145 : INFO : EventManager : Event: ======'machine_var_mc_extended_version'====== Args={'value': 'MPF-MC v0.57.1 (config_version=6, BCP v1.1,                      Requires MPF API compatibility v0.57.0 or newer)', 'prev_value': None, 'change': True}
2025-03-06 20:54:07,147 : INFO : ball_device.bd_trough : BCH: Initial count: 3
2025-03-06 20:54:07,168 : INFO : ball_device.bd_trough : State: idle
2025-03-06 20:54:07,168 : INFO : ball_device.bd_plunger_lane : BCH: Initial count: 0
2025-03-06 20:54:07,168 : INFO : ball_device.bd_plunger_lane : State: idle
2025-03-06 20:54:07,213 : INFO : EventManager : Event: ======'init_phase_3'====== Args={}
2025-03-06 20:54:07,215 : INFO : EventManager : Event: ======'init_phase_4'====== Args={}
2025-03-06 20:54:07,217 : INFO : BallController : Initial balls found: 3
2025-03-06 20:54:07,218 : INFO : EventManager : Event: ======'machine_var_audits_events_game_ended'====== Args={'value': 9, 'prev_value': None, 'change': True}
2025-03-06 20:54:07,218 : INFO : EventManager : Event: ======'machine_var_audits_events_game_started'====== Args={'value': 11, 'prev_value': None, 'change': True}
2025-03-06 20:54:07,218 : INFO : EventManager : Event: ======'machine_var_audits_missing_switches_s_drain'====== Args={'value': 6, 'prev_value': None, 'change': True}
2025-03-06 20:54:07,219 : INFO : EventManager : Event: ======'machine_var_audits_missing_switches_s_launcher_button'====== Args={'value': 1, 'prev_value': None, 'change': True}
2025-03-06 20:54:07,219 : INFO : EventManager : Event: ======'machine_var_audits_missing_switches_s_left_flipper'====== Args={'value': 3, 'prev_value': None, 'change': True}
2025-03-06 20:54:07,219 : INFO : EventManager : Event: ======'machine_var_audits_missing_switches_s_right_flipper'====== Args={'value': 4, 'prev_value': None, 'change': True}
2025-03-06 20:54:07,219 : INFO : EventManager : Event: ======'machine_var_audits_missing_switches_s_trough1'====== Args={'value': 1, 'prev_value': None, 'change': True}
2025-03-06 20:54:07,219 : INFO : EventManager : Event: ======'machine_var_audits_missing_switches_s_trough2'====== Args={'value': 4, 'prev_value': None, 'change': True}
2025-03-06 20:54:07,219 : INFO : EventManager : Event: ======'machine_var_audits_missing_switches_s_trough3'====== Args={'value': 4, 'prev_value': None, 'change': True}
2025-03-06 20:54:07,219 : INFO : EventManager : Event: ======'machine_var_audits_missing_switches_s_trough_enter'====== Args={'value': 11, 'prev_value': None, 'change': True}
2025-03-06 20:54:07,219 : INFO : EventManager : Event: ======'machine_var_audits_player_score'====== Args={'value': {'average': 0, 'top': [0, 0, 0, 0, 0, 0, 0, 0, 0, 0], 'total': 10}, 'prev_value': None, 'change': True}
2025-03-06 20:54:07,220 : INFO : EventManager : Event: ======'machine_var_audits_switches_s_drain'====== Args={'value': 0, 'prev_value': None, 'change': True}
2025-03-06 20:54:07,220 : INFO : EventManager : Event: ======'machine_var_audits_switches_s_launcher_button'====== Args={'value': 5, 'prev_value': None, 'change': True}
2025-03-06 20:54:07,220 : INFO : EventManager : Event: ======'machine_var_audits_switches_s_left_flipper'====== Args={'value': 14, 'prev_value': None, 'change': True}
2025-03-06 20:54:07,220 : INFO : EventManager : Event: ======'machine_var_audits_switches_s_playfield_entry'====== Args={'value': 33, 'prev_value': None, 'change': True}
2025-03-06 20:54:07,220 : INFO : EventManager : Event: ======'machine_var_audits_switches_s_plunger_lane'====== Args={'value': 48, 'prev_value': None, 'change': True}
2025-03-06 20:54:07,220 : INFO : EventManager : Event: ======'machine_var_audits_switches_s_right_flipper'====== Args={'value': 10, 'prev_value': None, 'change': True}
2025-03-06 20:54:07,220 : INFO : EventManager : Event: ======'machine_var_audits_switches_s_trough1'====== Args={'value': 28, 'prev_value': None, 'change': True}
2025-03-06 20:54:07,220 : INFO : EventManager : Event: ======'machine_var_audits_switches_s_trough2'====== Args={'value': 4, 'prev_value': None, 'change': True}
2025-03-06 20:54:07,221 : INFO : EventManager : Event: ======'machine_var_audits_switches_s_trough3'====== Args={'value': 6, 'prev_value': None, 'change': True}
2025-03-06 20:54:07,221 : INFO : EventManager : Event: ======'machine_var_audits_switches_s_trough_enter'====== Args={'value': 0, 'prev_value': None, 'change': True}
2025-03-06 20:54:07,222 : INFO : EventManager : Event: ======'init_phase_5'====== Args={}
2025-03-06 20:54:07,234 : INFO : EventManager : Event: ======'init_done'====== Args={}
2025-03-06 20:54:07,234 : INFO : EventManager : Event: ======'machine_reset_phase_1'====== Args={}
2025-03-06 20:54:07,236 : INFO : EventManager : Event: ======'machine_reset_phase_2'====== Args={}
2025-03-06 20:54:07,236 : INFO : EventManager : Event: ======'machine_reset_phase_3'====== Args={}
2025-03-06 20:54:07,236 : INFO : EventManager : Event: ======'reset_complete'====== Args={}
2025-03-06 20:54:07,236 : INFO : EventManager : Event: ======'mode_attract_will_start'====== Args={}
2025-03-06 20:54:07,236 : INFO : EventManager : Event: ======'mode_attract_starting'====== Args={}
2025-03-06 20:54:07,236 : INFO : Mode.attract : Started. Priority: 10
2025-03-06 20:54:07,236 : INFO : EventManager : Event: ======'modes_active_modes_changed'====== Args={}
2025-03-06 20:54:07,236 : INFO : EventManager : Event: ======'mode_attract_started'====== Args={}
2025-03-06 20:54:07,237 : INFO : EventManager : Event: ======'collecting_balls_complete'====== Args={}
2025-03-06 20:54:07,252 : INFO : EventManager : Event: ======'slide_welcome_slide_created'====== Args={'_from_bcp': True}
2025-03-06 20:54:07,252 : INFO : EventManager : Event: ======'slide_welcome_slide_active'====== Args={'_from_bcp': True}
2025-03-06 20:54:07,252 : INFO : Machine : Starting the main run loop.
2025-03-06 20:54:08,340 : INFO : SwitchController : <<<<<<< 's_launcher_button' active >>>>>>>
2025-03-06 20:54:08,441 : INFO : SwitchController : <<<<<<< 's_launcher_button' inactive >>>>>>>
2025-03-06 20:54:08,441 : INFO : EventManager : Event: ======'request_to_start_game'====== Args={}
2025-03-06 20:54:08,442 : INFO : EventManager : Event: ======'game_start'====== Args={'buttons': [], 'hold_time': 0.09399999998277053}
2025-03-06 20:54:08,442 : INFO : EventManager : Event: ======'mode_game_will_start'====== Args={'buttons': [], 'hold_time': 0.09399999998277053}
2025-03-06 20:54:08,443 : INFO : EventManager : Event: ======'mode_game_starting'====== Args={'buttons': [], 'hold_time': 0.09399999998277053}
2025-03-06 20:54:08,443 : INFO : EventManager : Event: ======'mode_attract_will_stop'====== Args={}
2025-03-06 20:54:08,443 : INFO : EventManager : Event: ======'mode_attract_stopping'====== Args={}
2025-03-06 20:54:08,443 : INFO : Mode.attract : Stopped.
2025-03-06 20:54:08,443 : INFO : EventManager : Event: ======'modes_active_modes_changed'====== Args={}
2025-03-06 20:54:08,443 : INFO : EventManager : Event: ======'mode_attract_stopped'====== Args={}
2025-03-06 20:54:08,443 : INFO : EventManager : Event: ======'clear'====== Args={'key': 'attract'}
2025-03-06 20:54:08,444 : INFO : Mode.game : Started. Priority: 20
2025-03-06 20:54:08,444 : INFO : EventManager : Event: ======'modes_active_modes_changed'====== Args={}
2025-03-06 20:54:08,444 : INFO : EventManager : Event: ======'mode_game_started'====== Args={'buttons': [], 'hold_time': 0.09399999998277053}
2025-03-06 20:54:08,460 : INFO : EventManager : Event: ======'game_will_start'====== Args={}
2025-03-06 20:54:08,460 : INFO : EventManager : Event: ======'game_starting'====== Args={'game': <Mode.game>}
2025-03-06 20:54:08,461 : INFO : EventManager : Unordered handler for class <Auditor> on event game_ended with priority 1. Handlers: [RegisteredHandler(callback=<bound method Auditor.disable of <Auditor>>, priority=1, kwargs={}, key=UUID('50ad79b0-5a9b-470c-b7c2-3534c2d47c7f'), condition=None, blocking_facility=None), RegisteredHandler(callback=<bound method Auditor._save_audits of <Auditor>>, priority=1, kwargs={}, key=UUID('abc61ff1-cc11-46d5-bae4-04dd7e24072a'), condition=None, blocking_facility=None)]. The order of those handlers is not defined and they will be executed in random order. This might lead to race conditions and potential bugs.
2025-03-06 20:54:08,461 : INFO : EventManager : Event: ======'player_add_request'====== Args={}
2025-03-06 20:54:08,461 : INFO : EventManager : Event: ======'player_will_add'====== Args={'number': 1}
2025-03-06 20:54:08,461 : INFO : EventManager : Event: ======'player_adding'====== Args={'player': <Player 1>, 'number': 1}
2025-03-06 20:54:08,461 : INFO : EventManager : Event: ======'player_added'====== Args={'player': <Player 1>, 'num': 1}
2025-03-06 20:54:08,461 : INFO : Mode.game : Player added successfully. Total players: 1
2025-03-06 20:54:08,461 : INFO : EventManager : Event: ======'player_index'====== Args={'value': 0, 'prev_value': 0, 'change': 0, 'player_num': 1}
2025-03-06 20:54:08,462 : INFO : EventManager : Event: ======'player_number'====== Args={'value': 1, 'prev_value': 1, 'change': 0, 'player_num': 1}
2025-03-06 20:54:08,462 : INFO : EventManager : Event: ======'player_score'====== Args={'value': 0, 'prev_value': 0, 'change': 0, 'player_num': 1}
2025-03-06 20:54:08,462 : INFO : EventManager : Event: ======'game_started'====== Args={}
2025-03-06 20:54:08,468 : INFO : EventManager : Event: ======'player_turn_will_start'====== Args={'player': <Player 1>, 'number': 1}
2025-03-06 20:54:08,468 : INFO : EventManager : Event: ======'player_turn_starting'====== Args={'player': <Player 1>, 'number': 1}
2025-03-06 20:54:08,468 : INFO : EventManager : Event: ======'player_ball'====== Args={'value': 1, 'prev_value': 0, 'change': 1, 'player_num': 1}
2025-03-06 20:54:08,469 : INFO : EventManager : Event: ======'player_turn_started'====== Args={'player': <Player 1>, 'number': 1}
2025-03-06 20:54:08,469 : INFO : EventManager : Event: ======'ball_will_start'====== Args={'player': 1, 'ball': 1, 'balls_remaining': 2, 'is_extra_ball': False}
2025-03-06 20:54:08,473 : INFO : EventManager : Event: ======'ball_starting'====== Args={'player': 1, 'ball': 1, 'balls_remaining': 2, 'is_extra_ball': False}
2025-03-06 20:54:08,473 : INFO : EventManager : Event: ======'balls_in_play'====== Args={'balls': 1}
2025-03-06 20:54:08,473 : INFO : EventManager : Event: ======'ball_started'====== Args={'player': 1, 'ball': 1, 'balls_remaining': 2, 'is_extra_ball': False}
2025-03-06 20:54:08,473 : INFO : EventManager : Event: ======'mode_base_will_start'====== Args={'player': 1, 'ball': 1, 'balls_remaining': 2, 'is_extra_ball': False}
2025-03-06 20:54:08,474 : INFO : EventManager : Event: ======'mode_base_starting'====== Args={'player': 1, 'ball': 1, 'balls_remaining': 2, 'is_extra_ball': False}
2025-03-06 20:54:08,476 : INFO : Mode.base : Started. Priority: 100
2025-03-06 20:54:08,476 : INFO : EventManager : Event: ======'modes_active_modes_changed'====== Args={}
2025-03-06 20:54:08,476 : INFO : EventManager : Event: ======'mode_base_started'====== Args={'player': 1, 'ball': 1, 'balls_remaining': 2, 'is_extra_ball': False}
2025-03-06 20:54:08,476 : INFO : EventManager : Event: ======'single_player_ball_started'====== Args={}
2025-03-06 20:54:08,500 : INFO : EventManager : Event: ======'ball_start_target'====== Args={'target': 'playfield'}
2025-03-06 20:54:08,500 : INFO : EventManager : Event: ======'slide__global.slide_player-ball_started_created'====== Args={'_from_bcp': True}
2025-03-06 20:54:08,501 : INFO : ball_device.bd_plunger_lane : Setting up player-controlled eject. Balls: 1, Target: <playfield.playfield>, player_controlled_eject_event: None
2025-03-06 20:54:08,501 : INFO : ball_device.bd_plunger_lane : Adding 1 ball(s) to the eject_queue with target <playfield.playfield>.
2025-03-06 20:54:08,501 : INFO : EventManager : Event: ======'balldevice_balls_available'====== Args={}
2025-03-06 20:54:08,502 : INFO : ball_device.bd_trough : State: waiting_for_target_ready
2025-03-06 20:54:08,502 : INFO : EventManager : Event: ======'balldevice_bd_trough_ball_eject_attempt'====== Args={'balls': 1, 'target': <ball_device.bd_plunger_lane>, 'source': <ball_device.bd_trough>, 'mechanical_eject': False, 'num_attempts': 0}
2025-03-06 20:54:08,502 : INFO : ball_device.bd_plunger_lane : State: waiting_for_ball
2025-03-06 20:54:08,504 : INFO : EventManager : Event: ======'slide_base.slide_player-mode_base_started_created'====== Args={'_from_bcp': True}
2025-03-06 20:54:08,505 : INFO : ball_device.bd_trough : State: ejecting
2025-03-06 20:54:08,505 : INFO : ball_device.bd_trough : Ejecting ball to <ball_device.bd_plunger_lane>
2025-03-06 20:54:08,505 : INFO : EventManager : Event: ======'balldevice_bd_trough_ejecting_ball'====== Args={'balls': 1, 'target': <ball_device.bd_plunger_lane>, 'source': <ball_device.bd_trough>, 'mechanical_eject': False, 'num_attempts': 0}
2025-03-06 20:54:08,506 : INFO : ball_device.bd_trough : Wait for ball to leave device
2025-03-06 20:54:08,506 : INFO : coil.c_trough_release : Pulsing Driver for 20ms (1.0 pulse_power)
2025-03-06 20:54:08,506 : INFO : SwitchController : <<<<<<< 's_trough1' inactive >>>>>>>
2025-03-06 20:54:08,518 : INFO : EventManager : Event: ======'slide_base.slide_player-mode_base_started_active'====== Args={'_from_bcp': True}
2025-03-06 20:54:08,518 : INFO : ball_device.bd_trough : State: ball_left
2025-03-06 20:54:08,519 : INFO : ball_device.bd_trough : Ball left
2025-03-06 20:54:08,519 : INFO : ball_device.bd_trough : Wait for confirm with timeout 3.0
2025-03-06 20:54:08,605 : INFO : SwitchController : <<<<<<< 's_plunger_lane' active >>>>>>>
2025-03-06 20:54:08,606 : INFO : EventManager : Event: ======'machine_var_audits_switches_s_plunger_lane'====== Args={'value': 49, 'prev_value': 48, 'change': 1}
2025-03-06 20:54:09,118 : INFO : ball_device.bd_plunger_lane : Received ball from <ball_device.bd_trough>
2025-03-06 20:54:09,119 : INFO : EventManager : Event: ======'balldevice_bd_plunger_lane_ball_enter'====== Args={'new_balls': 1, 'unclaimed_balls': 0, 'new_available_balls': 0, 'device': <ball_device.bd_plunger_lane>}
2025-03-06 20:54:09,121 : INFO : EventManager : Event: ======'balldevice_bd_plunger_lane_ball_entered'====== Args={'new_balls': 0, 'device': <ball_device.bd_plunger_lane>}
2025-03-06 20:54:09,121 : INFO : EventManager : Event: ======'balldevice_bd_plunger_lane_ball_count_changed'====== Args={'balls': 1}
2025-03-06 20:54:09,123 : INFO : ball_device.bd_trough : Got eject confirm
2025-03-06 20:54:09,123 : INFO : ball_device.bd_trough : Eject successful
2025-03-06 20:54:09,124 : INFO : EventManager : Event: ======'balldevice_bd_trough_ball_eject_success'====== Args={'balls': 1, 'target': <ball_device.bd_plunger_lane>}
2025-03-06 20:54:09,124 : INFO : ball_device.bd_plunger_lane : State: waiting_for_target_ready
2025-03-06 20:54:09,125 : INFO : EventManager : Event: ======'balldevice_bd_plunger_lane_ball_eject_attempt'====== Args={'balls': 1, 'target': <playfield.playfield>, 'source': <ball_device.bd_plunger_lane>, 'mechanical_eject': False, 'num_attempts': 0}
2025-03-06 20:54:09,126 : INFO : EventManager : Event: ======'balldevice_bd_trough_ball_count_changed'====== Args={'balls': 2}
2025-03-06 20:54:09,126 : INFO : ball_device.bd_trough : State: idle
2025-03-06 20:54:09,127 : INFO : ball_device.bd_plunger_lane : State: ejecting
2025-03-06 20:54:09,127 : INFO : ball_device.bd_plunger_lane : Ejecting ball to <playfield.playfield>
2025-03-06 20:54:09,128 : INFO : EventManager : Event: ======'balldevice_bd_plunger_lane_ejecting_ball'====== Args={'balls': 1, 'target': <playfield.playfield>, 'source': <ball_device.bd_plunger_lane>, 'mechanical_eject': False, 'num_attempts': 0}
2025-03-06 20:54:09,130 : INFO : ball_device.bd_plunger_lane : Wait for ball to leave device
2025-03-06 20:54:09,132 : INFO : coil.c_autolauncher : Pulsing Driver for 20ms (1.0 pulse_power)
2025-03-06 20:54:09,134 : INFO : SwitchController : <<<<<<< 's_plunger_lane' inactive >>>>>>>
2025-03-06 20:54:09,162 : INFO : ball_device.bd_plunger_lane : State: ball_left
2025-03-06 20:54:09,162 : INFO : ball_device.bd_plunger_lane : Ball left
2025-03-06 20:54:09,162 : INFO : ball_device.bd_plunger_lane : Wait for confirm with timeout 3.0
2025-03-06 20:54:09,211 : INFO : SwitchController : <<<<<<< 's_playfield_entry' active >>>>>>>
2025-03-06 20:54:09,211 : INFO : EventManager : Event: ======'sw_playfield_active'====== Args={}
2025-03-06 20:54:09,212 : INFO : EventManager : Event: ======'machine_var_audits_switches_s_playfield_entry'====== Args={'value': 34, 'prev_value': 33, 'change': 1}
2025-03-06 20:54:09,214 : INFO : EventManager : Event: ======'playfield_active'====== Args={}
2025-03-06 20:54:09,231 : INFO : SwitchController : <<<<<<< 's_playfield_entry' inactive >>>>>>>
2025-03-06 20:54:09,242 : INFO : ball_device.bd_plunger_lane : Got eject confirm
2025-03-06 20:54:09,242 : INFO : ball_device.bd_plunger_lane : Eject successful
2025-03-06 20:54:09,242 : INFO : EventManager : Event: ======'balldevice_bd_plunger_lane_ball_eject_success'====== Args={'balls': 1, 'target': <playfield.playfield>}
2025-03-06 20:54:09,243 : INFO : EventManager : Event: ======'balldevice_playfield_ball_enter'====== Args={'new_balls': 1, 'unclaimed_balls': 1, 'device': <playfield.playfield>}
2025-03-06 20:54:09,243 : INFO : EventManager : Event: ======'playfield_ball_count_change'====== Args={'balls': 1, 'change': 1}
2025-03-06 20:54:09,243 : INFO : EventManager : Event: ======'balldevice_bd_plunger_lane_ball_count_changed'====== Args={'balls': 0}
2025-03-06 20:54:09,644 : INFO : ball_device.bd_plunger_lane : State: idle
2025-03-06 20:54:11,545 : INFO : SwitchController : <<<<<<< 's_trough1' active >>>>>>>
2025-03-06 20:54:11,547 : INFO : EventManager : Event: ======'machine_var_audits_switches_s_trough1'====== Args={'value': 29, 'prev_value': 28, 'change': 1}
2025-03-06 20:54:11,859 : INFO : EventManager : Event: ======'balldevice_bd_trough_ball_count_changed'====== Args={'balls': 3}
2025-03-06 20:54:11,859 : INFO : ball_device.bd_trough : Received unexpected ball
2025-03-06 20:54:11,860 : INFO : EventManager : Event: ======'balldevice_captured_from_playfield'====== Args={'balls': 1}
2025-03-06 20:54:11,861 : INFO : EventManager : Event: ======'sw_playfield_active'====== Args={'balls': 1}
2025-03-06 20:54:11,861 : INFO : EventManager : Event: ======'playfield_ball_count_change'====== Args={'balls': 0, 'change': -1}
2025-03-06 20:54:11,862 : INFO : EventManager : Event: ======'balldevice_bd_trough_ball_enter'====== Args={'new_balls': 1, 'unclaimed_balls': 1, 'new_available_balls': 1, 'device': <ball_device.bd_trough>}
2025-03-06 20:54:11,862 : INFO : EventManager : Event: ======'ball_drain'====== Args={'device': <ball_device.bd_trough>, 'balls': 1}
2025-03-06 20:54:11,862 : INFO : EventManager : Event: ======'ball_will_end'====== Args={}
2025-03-06 20:54:11,863 : INFO : EventManager : Event: ======'balldevice_balls_available'====== Args={}
2025-03-06 20:54:11,863 : INFO : EventManager : Event: ======'balldevice_bd_trough_ball_entered'====== Args={'new_balls': 1, 'device': <ball_device.bd_trough>}
2025-03-06 20:54:11,863 : INFO : EventManager : Event: ======'ball_ending'====== Args={}
2025-03-06 20:54:11,865 : INFO : EventManager : Event: ======'mode_base_will_stop'====== Args={}
2025-03-06 20:54:11,865 : INFO : EventManager : Event: ======'mode_base_stopping'====== Args={}
2025-03-06 20:54:11,865 : INFO : Mode.base : Stopped.
2025-03-06 20:54:11,865 : INFO : EventManager : Event: ======'modes_active_modes_changed'====== Args={}
2025-03-06 20:54:11,868 : INFO : EventManager : Event: ======'mode_base_stopped'====== Args={}
2025-03-06 20:54:11,869 : INFO : EventManager : Event: ======'clear'====== Args={'key': 'base'}
2025-03-06 20:54:11,920 : INFO : EventManager : Event: ======'ball_ended'====== Args={}
2025-03-06 20:54:11,921 : INFO : EventManager : Event: ======'slide_base.slide_player-mode_base_started_removed'====== Args={'_from_bcp': True}
2025-03-06 20:54:11,921 : INFO : EventManager : Event: ======'slide__global.slide_player-ball_started_active'====== Args={'_from_bcp': True}
2025-03-06 20:54:11,921 : INFO : EventManager : Event: ======'player_turn_will_end'====== Args={'player': <Player 1>, 'number': 1}
2025-03-06 20:54:11,923 : INFO : EventManager : Event: ======'player_turn_ending'====== Args={'player': <Player 1>, 'number': 1}
2025-03-06 20:54:11,923 : INFO : EventManager : Event: ======'player_turn_ended'====== Args={'player': <Player 1>, 'number': 1}
2025-03-06 20:54:11,923 : INFO : EventManager : Event: ======'player_turn_will_start'====== Args={'player': <Player 1>, 'number': 1}
2025-03-06 20:54:11,923 : INFO : EventManager : Event: ======'player_turn_starting'====== Args={'player': <Player 1>, 'number': 1}
2025-03-06 20:54:11,923 : INFO : EventManager : Event: ======'player_ball'====== Args={'value': 2, 'prev_value': 1, 'change': 1, 'player_num': 1}
2025-03-06 20:54:11,923 : INFO : EventManager : Event: ======'player_turn_started'====== Args={'player': <Player 1>, 'number': 1}
2025-03-06 20:54:11,924 : INFO : EventManager : Event: ======'ball_will_start'====== Args={'player': 1, 'ball': 2, 'balls_remaining': 1, 'is_extra_ball': False}
2025-03-06 20:54:11,925 : INFO : EventManager : Event: ======'ball_starting'====== Args={'player': 1, 'ball': 2, 'balls_remaining': 1, 'is_extra_ball': False}
2025-03-06 20:54:11,925 : INFO : EventManager : Event: ======'balls_in_play'====== Args={'balls': 1}
2025-03-06 20:54:11,925 : INFO : EventManager : Event: ======'ball_started'====== Args={'player': 1, 'ball': 2, 'balls_remaining': 1, 'is_extra_ball': False}
2025-03-06 20:54:11,925 : INFO : EventManager : Event: ======'mode_base_will_start'====== Args={'player': 1, 'ball': 2, 'balls_remaining': 1, 'is_extra_ball': False}
2025-03-06 20:54:11,927 : INFO : EventManager : Event: ======'mode_base_starting'====== Args={'player': 1, 'ball': 2, 'balls_remaining': 1, 'is_extra_ball': False}
2025-03-06 20:54:11,927 : INFO : Mode.base : Started. Priority: 100
2025-03-06 20:54:11,927 : INFO : EventManager : Event: ======'modes_active_modes_changed'====== Args={}
2025-03-06 20:54:11,927 : INFO : EventManager : Event: ======'mode_base_started'====== Args={'player': 1, 'ball': 2, 'balls_remaining': 1, 'is_extra_ball': False}
2025-03-06 20:54:11,927 : INFO : EventManager : Event: ======'single_player_ball_started'====== Args={}
2025-03-06 20:54:11,939 : INFO : EventManager : Event: ======'ball_start_target'====== Args={'target': 'playfield'}
2025-03-06 20:54:11,940 : INFO : EventManager : Event: ======'slide__global.slide_player-ball_started_removed'====== Args={'_from_bcp': True}
2025-03-06 20:54:11,940 : INFO : EventManager : Event: ======'slide__global.slide_player-ball_started_created'====== Args={'_from_bcp': True}
2025-03-06 20:54:11,940 : INFO : ball_device.bd_plunger_lane : Setting up player-controlled eject. Balls: 1, Target: <playfield.playfield>, player_controlled_eject_event: None
2025-03-06 20:54:11,940 : INFO : ball_device.bd_plunger_lane : Adding 1 ball(s) to the eject_queue with target <playfield.playfield>.
2025-03-06 20:54:11,940 : INFO : EventManager : Event: ======'balldevice_balls_available'====== Args={}
2025-03-06 20:54:11,940 : INFO : ball_device.bd_trough : State: waiting_for_target_ready
2025-03-06 20:54:11,940 : INFO : EventManager : Event: ======'balldevice_bd_trough_ball_eject_attempt'====== Args={'balls': 1, 'target': <ball_device.bd_plunger_lane>, 'source': <ball_device.bd_trough>, 'mechanical_eject': False, 'num_attempts': 0}
2025-03-06 20:54:11,940 : INFO : ball_device.bd_plunger_lane : State: waiting_for_ball
2025-03-06 20:54:11,940 : INFO : ball_device.bd_trough : State: ejecting
2025-03-06 20:54:11,940 : INFO : ball_device.bd_trough : Ejecting ball to <ball_device.bd_plunger_lane>
2025-03-06 20:54:11,941 : INFO : EventManager : Event: ======'balldevice_bd_trough_ejecting_ball'====== Args={'balls': 1, 'target': <ball_device.bd_plunger_lane>, 'source': <ball_device.bd_trough>, 'mechanical_eject': False, 'num_attempts': 0}
2025-03-06 20:54:11,941 : INFO : ball_device.bd_trough : Wait for ball to leave device
2025-03-06 20:54:11,941 : INFO : coil.c_trough_release : Pulsing Driver for 20ms (1.0 pulse_power)
2025-03-06 20:54:11,941 : INFO : SwitchController : <<<<<<< 's_trough1' inactive >>>>>>>
2025-03-06 20:54:11,944 : INFO : EventManager : Event: ======'slide_base.slide_player-mode_base_started_created'====== Args={'_from_bcp': True}
2025-03-06 20:54:11,944 : INFO : EventManager : Event: ======'slide_base.slide_player-mode_base_started_active'====== Args={'_from_bcp': True}
2025-03-06 20:54:11,944 : INFO : ball_device.bd_trough : State: ball_left
2025-03-06 20:54:11,944 : INFO : ball_device.bd_trough : Ball left
2025-03-06 20:54:11,944 : INFO : ball_device.bd_trough : Wait for confirm with timeout 3.0
2025-03-06 20:54:12,059 : INFO : SwitchController : <<<<<<< 's_plunger_lane' active >>>>>>>
2025-03-06 20:54:12,062 : INFO : EventManager : Event: ======'machine_var_audits_switches_s_plunger_lane'====== Args={'value': 50, 'prev_value': 49, 'change': 1}
2025-03-06 20:54:12,308 : INFO : SwitchController : <<<<<<< 's_trough1' active >>>>>>>
2025-03-06 20:54:12,309 : INFO : EventManager : Event: ======'machine_var_audits_switches_s_trough1'====== Args={'value': 30, 'prev_value': 29, 'change': 1}
2025-03-06 20:54:12,571 : INFO : ball_device.bd_plunger_lane : Received ball from <ball_device.bd_trough>
2025-03-06 20:54:12,571 : INFO : EventManager : Event: ======'balldevice_bd_plunger_lane_ball_enter'====== Args={'new_balls': 1, 'unclaimed_balls': 0, 'new_available_balls': 0, 'device': <ball_device.bd_plunger_lane>}
2025-03-06 20:54:12,571 : INFO : EventManager : Event: ======'balldevice_bd_plunger_lane_ball_entered'====== Args={'new_balls': 0, 'device': <ball_device.bd_plunger_lane>}
2025-03-06 20:54:12,571 : INFO : EventManager : Event: ======'balldevice_bd_plunger_lane_ball_count_changed'====== Args={'balls': 1}
2025-03-06 20:54:12,571 : INFO : ball_device.bd_trough : Got eject confirm
2025-03-06 20:54:12,571 : INFO : ball_device.bd_trough : Eject successful
2025-03-06 20:54:12,572 : INFO : EventManager : Event: ======'balldevice_bd_trough_ball_eject_success'====== Args={'balls': 1, 'target': <ball_device.bd_plunger_lane>}
2025-03-06 20:54:12,572 : INFO : ball_device.bd_plunger_lane : State: waiting_for_target_ready
2025-03-06 20:54:12,572 : INFO : EventManager : Event: ======'balldevice_bd_plunger_lane_ball_eject_attempt'====== Args={'balls': 1, 'target': <playfield.playfield>, 'source': <ball_device.bd_plunger_lane>, 'mechanical_eject': False, 'num_attempts': 0}
2025-03-06 20:54:12,572 : INFO : EventManager : Event: ======'balldevice_bd_trough_ball_count_changed'====== Args={'balls': 2}
2025-03-06 20:54:12,572 : INFO : ball_device.bd_trough : State: idle
2025-03-06 20:54:12,572 : INFO : ball_device.bd_plunger_lane : State: ejecting
2025-03-06 20:54:12,572 : INFO : ball_device.bd_plunger_lane : Ejecting ball to <playfield.playfield>
2025-03-06 20:54:12,572 : INFO : EventManager : Event: ======'balldevice_bd_plunger_lane_ejecting_ball'====== Args={'balls': 1, 'target': <playfield.playfield>, 'source': <ball_device.bd_plunger_lane>, 'mechanical_eject': False, 'num_attempts': 0}
2025-03-06 20:54:12,572 : INFO : ball_device.bd_plunger_lane : Wait for ball to leave device
2025-03-06 20:54:12,572 : INFO : coil.c_autolauncher : Pulsing Driver for 20ms (1.0 pulse_power)
2025-03-06 20:54:12,572 : INFO : SwitchController : <<<<<<< 's_plunger_lane' inactive >>>>>>>
2025-03-06 20:54:12,588 : INFO : ball_device.bd_plunger_lane : State: ball_left
2025-03-06 20:54:12,588 : INFO : ball_device.bd_plunger_lane : Ball left
2025-03-06 20:54:12,588 : INFO : ball_device.bd_plunger_lane : Wait for confirm with timeout 3.0
2025-03-06 20:54:12,618 : INFO : SwitchController : <<<<<<< 's_playfield_entry' active >>>>>>>
2025-03-06 20:54:12,618 : INFO : EventManager : Event: ======'sw_playfield_active'====== Args={}
2025-03-06 20:54:12,618 : INFO : EventManager : Event: ======'machine_var_audits_switches_s_playfield_entry'====== Args={'value': 35, 'prev_value': 34, 'change': 1}
2025-03-06 20:54:12,619 : INFO : EventManager : Event: ======'playfield_active'====== Args={}
2025-03-06 20:54:12,625 : INFO : SwitchController : <<<<<<< 's_playfield_entry' inactive >>>>>>>
2025-03-06 20:54:12,625 : INFO : EventManager : Event: ======'balldevice_bd_trough_ball_count_changed'====== Args={'balls': 3}
2025-03-06 20:54:12,625 : INFO : ball_device.bd_trough : Received unexpected ball
2025-03-06 20:54:12,625 : INFO : EventManager : Event: ======'balldevice_captured_from_playfield'====== Args={'balls': 1}
2025-03-06 20:54:12,630 : INFO : EventManager : Event: ======'sw_playfield_active'====== Args={'balls': 1}
2025-03-06 20:54:12,630 : INFO : EventManager : Event: ======'playfield_active'====== Args={}
2025-03-06 20:54:12,630 : INFO : EventManager : Event: ======'playfield_ball_count_change'====== Args={'balls': -1, 'change': -1}
2025-03-06 20:54:12,630 : INFO : ball_device.bd_plunger_lane : Got eject confirm
2025-03-06 20:54:12,630 : INFO : ball_device.bd_plunger_lane : Eject successful
2025-03-06 20:54:12,630 : INFO : EventManager : Event: ======'balldevice_bd_plunger_lane_ball_eject_success'====== Args={'balls': 1, 'target': <playfield.playfield>}
2025-03-06 20:54:12,630 : INFO : EventManager : Event: ======'balldevice_playfield_ball_enter'====== Args={'new_balls': 1, 'unclaimed_balls': 1, 'device': <playfield.playfield>}
2025-03-06 20:54:12,630 : INFO : EventManager : Event: ======'playfield_ball_count_change'====== Args={'balls': 0, 'change': 1}
2025-03-06 20:54:12,631 : INFO : EventManager : Event: ======'balldevice_bd_trough_ball_enter'====== Args={'new_balls': 1, 'unclaimed_balls': 1, 'new_available_balls': 1, 'device': <ball_device.bd_trough>}
2025-03-06 20:54:12,631 : INFO : EventManager : Event: ======'ball_drain'====== Args={'device': <ball_device.bd_trough>, 'balls': 1}
2025-03-06 20:54:12,631 : INFO : EventManager : Event: ======'balldevice_bd_plunger_lane_ball_count_changed'====== Args={'balls': 0}
2025-03-06 20:54:12,631 : INFO : EventManager : Event: ======'ball_will_end'====== Args={}
2025-03-06 20:54:12,631 : INFO : EventManager : Event: ======'balldevice_balls_available'====== Args={}
2025-03-06 20:54:12,631 : INFO : EventManager : Event: ======'balldevice_bd_trough_ball_entered'====== Args={'new_balls': 1, 'device': <ball_device.bd_trough>}
2025-03-06 20:54:12,632 : INFO : EventManager : Event: ======'ball_ending'====== Args={}
2025-03-06 20:54:12,632 : INFO : EventManager : Event: ======'mode_base_will_stop'====== Args={}
2025-03-06 20:54:12,632 : INFO : EventManager : Event: ======'mode_base_stopping'====== Args={}
2025-03-06 20:54:12,632 : INFO : Mode.base : Stopped.
2025-03-06 20:54:12,632 : INFO : EventManager : Event: ======'modes_active_modes_changed'====== Args={}
2025-03-06 20:54:12,632 : INFO : EventManager : Event: ======'mode_base_stopped'====== Args={}
2025-03-06 20:54:12,632 : INFO : EventManager : Event: ======'clear'====== Args={'key': 'base'}
2025-03-06 20:54:12,651 : INFO : EventManager : Event: ======'ball_ended'====== Args={}
2025-03-06 20:54:12,652 : INFO : EventManager : Event: ======'slide_base.slide_player-mode_base_started_removed'====== Args={'_from_bcp': True}
2025-03-06 20:54:12,652 : INFO : EventManager : Event: ======'slide__global.slide_player-ball_started_active'====== Args={'_from_bcp': True}
2025-03-06 20:54:12,653 : INFO : EventManager : Event: ======'player_turn_will_end'====== Args={'player': <Player 1>, 'number': 1}
2025-03-06 20:54:12,655 : INFO : EventManager : Event: ======'player_turn_ending'====== Args={'player': <Player 1>, 'number': 1}
2025-03-06 20:54:12,657 : INFO : EventManager : Event: ======'player_turn_ended'====== Args={'player': <Player 1>, 'number': 1}
2025-03-06 20:54:12,657 : INFO : EventManager : Event: ======'player_turn_will_start'====== Args={'player': <Player 1>, 'number': 1}
2025-03-06 20:54:12,657 : INFO : EventManager : Event: ======'player_turn_starting'====== Args={'player': <Player 1>, 'number': 1}
2025-03-06 20:54:12,657 : INFO : EventManager : Event: ======'player_ball'====== Args={'value': 3, 'prev_value': 2, 'change': 1, 'player_num': 1}
2025-03-06 20:54:12,657 : INFO : EventManager : Event: ======'player_turn_started'====== Args={'player': <Player 1>, 'number': 1}
2025-03-06 20:54:12,658 : INFO : EventManager : Event: ======'ball_will_start'====== Args={'player': 1, 'ball': 3, 'balls_remaining': 0, 'is_extra_ball': False}
2025-03-06 20:54:12,661 : INFO : EventManager : Event: ======'ball_starting'====== Args={'player': 1, 'ball': 3, 'balls_remaining': 0, 'is_extra_ball': False}
2025-03-06 20:54:12,662 : INFO : EventManager : Event: ======'balls_in_play'====== Args={'balls': 1}
2025-03-06 20:54:12,662 : INFO : EventManager : Event: ======'ball_started'====== Args={'player': 1, 'ball': 3, 'balls_remaining': 0, 'is_extra_ball': False}
2025-03-06 20:54:12,662 : INFO : EventManager : Event: ======'mode_base_will_start'====== Args={'player': 1, 'ball': 3, 'balls_remaining': 0, 'is_extra_ball': False}
2025-03-06 20:54:12,663 : INFO : EventManager : Event: ======'mode_base_starting'====== Args={'player': 1, 'ball': 3, 'balls_remaining': 0, 'is_extra_ball': False}
2025-03-06 20:54:12,663 : INFO : Mode.base : Started. Priority: 100
2025-03-06 20:54:12,663 : INFO : EventManager : Event: ======'modes_active_modes_changed'====== Args={}
2025-03-06 20:54:12,664 : INFO : EventManager : Event: ======'mode_base_started'====== Args={'player': 1, 'ball': 3, 'balls_remaining': 0, 'is_extra_ball': False}
2025-03-06 20:54:12,664 : INFO : EventManager : Event: ======'single_player_ball_started'====== Args={}
2025-03-06 20:54:12,683 : INFO : EventManager : Event: ======'ball_start_target'====== Args={'target': 'playfield'}
2025-03-06 20:54:12,683 : INFO : EventManager : Event: ======'slide__global.slide_player-ball_started_removed'====== Args={'_from_bcp': True}
2025-03-06 20:54:12,684 : INFO : EventManager : Event: ======'slide__global.slide_player-ball_started_created'====== Args={'_from_bcp': True}
2025-03-06 20:54:12,684 : INFO : ball_device.bd_plunger_lane : Setting up player-controlled eject. Balls: 1, Target: <playfield.playfield>, player_controlled_eject_event: None
2025-03-06 20:54:12,684 : INFO : ball_device.bd_plunger_lane : Adding 1 ball(s) to the eject_queue with target <playfield.playfield>.
2025-03-06 20:54:12,684 : INFO : EventManager : Event: ======'balldevice_balls_available'====== Args={}
2025-03-06 20:54:12,684 : INFO : EventManager : Event: ======'slide_base.slide_player-mode_base_started_created'====== Args={'_from_bcp': True}
2025-03-06 20:54:12,684 : INFO : ball_device.bd_trough : State: waiting_for_target_ready
2025-03-06 20:54:12,684 : INFO : EventManager : Event: ======'balldevice_bd_trough_ball_eject_attempt'====== Args={'balls': 1, 'target': <ball_device.bd_plunger_lane>, 'source': <ball_device.bd_trough>, 'mechanical_eject': False, 'num_attempts': 0}
2025-03-06 20:54:12,685 : INFO : EventManager : Event: ======'slide_base.slide_player-mode_base_started_active'====== Args={'_from_bcp': True}
2025-03-06 20:54:12,950 : INFO : SwitchController : <<<<<<< 's_trough1' inactive >>>>>>>
2025-03-06 20:54:13,100 : INFO : ball_device.bd_plunger_lane : State: idle
2025-03-06 20:54:13,103 : INFO : ball_device.bd_trough : State: ejecting
2025-03-06 20:54:13,104 : INFO : ball_device.bd_trough : Ejecting ball to <ball_device.bd_plunger_lane>
2025-03-06 20:54:13,104 : INFO : EventManager : Event: ======'balldevice_bd_trough_ejecting_ball'====== Args={'balls': 1, 'target': <ball_device.bd_plunger_lane>, 'source': <ball_device.bd_trough>, 'mechanical_eject': False, 'num_attempts': 0}
2025-03-06 20:54:13,107 : INFO : ball_device.bd_plunger_lane : State: waiting_for_ball
2025-03-06 20:54:13,455 : INFO : ball_device.bd_trough : Wait for ball to leave device
2025-03-06 20:54:13,456 : INFO : coil.c_trough_release : Pulsing Driver for 20ms (1.0 pulse_power)
2025-03-06 20:54:13,456 : INFO : SwitchController : <<<<<<< 's_trough2' inactive >>>>>>>
2025-03-06 20:54:13,485 : INFO : ball_device.bd_trough : State: ball_left
2025-03-06 20:54:13,486 : INFO : ball_device.bd_trough : Ball left
2025-03-06 20:54:13,486 : INFO : ball_device.bd_trough : Wait for confirm with timeout 3.0
2025-03-06 20:54:13,564 : INFO : SwitchController : <<<<<<< 's_plunger_lane' active >>>>>>>
2025-03-06 20:54:13,565 : INFO : EventManager : Event: ======'machine_var_audits_switches_s_plunger_lane'====== Args={'value': 51, 'prev_value': 50, 'change': 1}
2025-03-06 20:54:14,065 : INFO : ball_device.bd_plunger_lane : Received ball from <ball_device.bd_trough>
2025-03-06 20:54:14,066 : INFO : EventManager : Event: ======'balldevice_bd_plunger_lane_ball_enter'====== Args={'new_balls': 1, 'unclaimed_balls': 0, 'new_available_balls': 0, 'device': <ball_device.bd_plunger_lane>}
2025-03-06 20:54:14,067 : INFO : EventManager : Event: ======'balldevice_bd_plunger_lane_ball_entered'====== Args={'new_balls': 0, 'device': <ball_device.bd_plunger_lane>}
2025-03-06 20:54:14,067 : INFO : EventManager : Event: ======'balldevice_bd_plunger_lane_ball_count_changed'====== Args={'balls': 1}
2025-03-06 20:54:14,068 : INFO : ball_device.bd_trough : Got eject confirm
2025-03-06 20:54:14,069 : INFO : ball_device.bd_trough : Eject successful
2025-03-06 20:54:14,069 : INFO : EventManager : Event: ======'balldevice_bd_trough_ball_eject_success'====== Args={'balls': 1, 'target': <ball_device.bd_plunger_lane>}
2025-03-06 20:54:14,069 : INFO : ball_device.bd_plunger_lane : State: waiting_for_target_ready
2025-03-06 20:54:14,070 : INFO : EventManager : Event: ======'balldevice_bd_plunger_lane_ball_eject_attempt'====== Args={'balls': 1, 'target': <playfield.playfield>, 'source': <ball_device.bd_plunger_lane>, 'mechanical_eject': False, 'num_attempts': 0}
2025-03-06 20:54:14,070 : INFO : EventManager : Event: ======'balldevice_bd_trough_ball_count_changed'====== Args={'balls': 2}
2025-03-06 20:54:14,070 : INFO : ball_device.bd_trough : State: idle
2025-03-06 20:54:14,071 : INFO : ball_device.bd_plunger_lane : State: ejecting
2025-03-06 20:54:14,071 : INFO : ball_device.bd_plunger_lane : Ejecting ball to <playfield.playfield>
2025-03-06 20:54:14,072 : INFO : EventManager : Event: ======'balldevice_bd_plunger_lane_ejecting_ball'====== Args={'balls': 1, 'target': <playfield.playfield>, 'source': <ball_device.bd_plunger_lane>, 'mechanical_eject': False, 'num_attempts': 0}
2025-03-06 20:54:14,073 : INFO : ball_device.bd_plunger_lane : Wait for ball to leave device
2025-03-06 20:54:14,073 : INFO : coil.c_autolauncher : Pulsing Driver for 20ms (1.0 pulse_power)
2025-03-06 20:54:14,074 : INFO : SwitchController : <<<<<<< 's_plunger_lane' inactive >>>>>>>
2025-03-06 20:54:14,104 : INFO : ball_device.bd_plunger_lane : State: ball_left
2025-03-06 20:54:14,105 : INFO : ball_device.bd_plunger_lane : Ball left
2025-03-06 20:54:14,105 : INFO : ball_device.bd_plunger_lane : Wait for confirm with timeout 3.0
2025-03-06 20:54:14,126 : INFO : SwitchController : <<<<<<< 's_playfield_entry' active >>>>>>>
2025-03-06 20:54:14,126 : INFO : EventManager : Event: ======'sw_playfield_active'====== Args={}
2025-03-06 20:54:14,126 : INFO : EventManager : Event: ======'machine_var_audits_switches_s_playfield_entry'====== Args={'value': 36, 'prev_value': 35, 'change': 1}
2025-03-06 20:54:14,131 : INFO : EventManager : Event: ======'playfield_active'====== Args={}
2025-03-06 20:54:14,161 : INFO : SwitchController : <<<<<<< 's_playfield_entry' inactive >>>>>>>
2025-03-06 20:54:14,178 : INFO : ball_device.bd_plunger_lane : Got eject confirm
2025-03-06 20:54:14,178 : INFO : ball_device.bd_plunger_lane : Eject successful
2025-03-06 20:54:14,179 : INFO : EventManager : Event: ======'balldevice_bd_plunger_lane_ball_eject_success'====== Args={'balls': 1, 'target': <playfield.playfield>}
2025-03-06 20:54:14,179 : INFO : EventManager : Event: ======'balldevice_playfield_ball_enter'====== Args={'new_balls': 1, 'unclaimed_balls': 1, 'device': <playfield.playfield>}
2025-03-06 20:54:14,179 : INFO : EventManager : Event: ======'playfield_ball_count_change'====== Args={'balls': 1, 'change': 1}
2025-03-06 20:54:14,180 : INFO : EventManager : Event: ======'balldevice_bd_plunger_lane_ball_count_changed'====== Args={'balls': 0}
2025-03-06 20:54:14,594 : INFO : ball_device.bd_plunger_lane : State: idle
2025-03-06 20:54:14,683 : INFO : SwitchController : <<<<<<< 's_trough1' active >>>>>>>
2025-03-06 20:54:14,684 : INFO : EventManager : Event: ======'machine_var_audits_switches_s_trough1'====== Args={'value': 31, 'prev_value': 30, 'change': 1}
2025-03-06 20:54:18,986 : INFO : SwitchController : <<<<<<< 's_trough2' active >>>>>>>
2025-03-06 20:54:18,987 : INFO : EventManager : Event: ======'machine_var_audits_switches_s_trough2'====== Args={'value': 5, 'prev_value': 4, 'change': 1}
2025-03-06 20:54:19,300 : INFO : EventManager : Event: ======'balldevice_bd_trough_ball_count_changed'====== Args={'balls': 3}
2025-03-06 20:54:19,301 : INFO : ball_device.bd_trough : Received unexpected ball
2025-03-06 20:54:19,301 : INFO : EventManager : Event: ======'balldevice_captured_from_playfield'====== Args={'balls': 1}
2025-03-06 20:54:19,301 : INFO : EventManager : Event: ======'sw_playfield_active'====== Args={'balls': 1}
2025-03-06 20:54:19,301 : INFO : EventManager : Event: ======'playfield_ball_count_change'====== Args={'balls': 0, 'change': -1}
2025-03-06 20:54:19,303 : INFO : EventManager : Event: ======'balldevice_bd_trough_ball_enter'====== Args={'new_balls': 1, 'unclaimed_balls': 1, 'new_available_balls': 1, 'device': <ball_device.bd_trough>}
2025-03-06 20:54:19,304 : INFO : EventManager : Event: ======'ball_drain'====== Args={'device': <ball_device.bd_trough>, 'balls': 1}
2025-03-06 20:54:19,304 : INFO : EventManager : Event: ======'ball_will_end'====== Args={}
2025-03-06 20:54:19,305 : INFO : EventManager : Event: ======'balldevice_balls_available'====== Args={}
2025-03-06 20:54:19,305 : INFO : EventManager : Event: ======'balldevice_bd_trough_ball_entered'====== Args={'new_balls': 1, 'device': <ball_device.bd_trough>}
2025-03-06 20:54:19,306 : INFO : EventManager : Event: ======'ball_ending'====== Args={}
2025-03-06 20:54:19,306 : INFO : EventManager : Event: ======'mode_base_will_stop'====== Args={}
2025-03-06 20:54:19,306 : INFO : EventManager : Event: ======'mode_base_stopping'====== Args={}
2025-03-06 20:54:19,306 : INFO : Mode.base : Stopped.
2025-03-06 20:54:19,306 : INFO : EventManager : Event: ======'modes_active_modes_changed'====== Args={}
2025-03-06 20:54:19,308 : INFO : EventManager : Event: ======'mode_base_stopped'====== Args={}
2025-03-06 20:54:19,309 : INFO : EventManager : Event: ======'clear'====== Args={'key': 'base'}
2025-03-06 20:54:19,361 : INFO : EventManager : Event: ======'ball_ended'====== Args={}
2025-03-06 20:54:19,362 : INFO : EventManager : Event: ======'slide_base.slide_player-mode_base_started_removed'====== Args={'_from_bcp': True}
2025-03-06 20:54:19,362 : INFO : EventManager : Event: ======'slide__global.slide_player-ball_started_active'====== Args={'_from_bcp': True}
2025-03-06 20:54:19,363 : INFO : EventManager : Event: ======'player_turn_will_end'====== Args={'player': <Player 1>, 'number': 1}
2025-03-06 20:54:19,367 : INFO : EventManager : Event: ======'player_turn_ending'====== Args={'player': <Player 1>, 'number': 1}
2025-03-06 20:54:19,367 : INFO : EventManager : Event: ======'player_turn_ended'====== Args={'player': <Player 1>, 'number': 1}
2025-03-06 20:54:19,367 : INFO : EventManager : Event: ======'game_will_end'====== Args={}
2025-03-06 20:54:19,367 : INFO : EventManager : Event: ======'game_ending'====== Args={}
2025-03-06 20:54:19,369 : INFO : EventManager : Event: ======'game_ended'====== Args={}
2025-03-06 20:54:19,369 : INFO : EventManager : Event: ======'mode_game_will_stop'====== Args={}
2025-03-06 20:54:19,369 : INFO : EventManager : Event: ======'mode_game_stopping'====== Args={}
2025-03-06 20:54:19,369 : INFO : EventManager : Event: ======'mode_attract_will_start'====== Args={}
2025-03-06 20:54:19,370 : INFO : EventManager : Event: ======'mode_attract_starting'====== Args={}
2025-03-06 20:54:19,371 : INFO : Mode.attract : Started. Priority: 10
2025-03-06 20:54:19,371 : INFO : EventManager : Event: ======'modes_active_modes_changed'====== Args={}
2025-03-06 20:54:19,371 : INFO : EventManager : Event: ======'mode_attract_started'====== Args={}
2025-03-06 20:54:19,372 : INFO : EventManager : Event: ======'collecting_balls_complete'====== Args={}
2025-03-06 20:54:19,386 : INFO : Mode.game : Stopped.
2025-03-06 20:54:19,386 : INFO : EventManager : Event: ======'modes_active_modes_changed'====== Args={}
2025-03-06 20:54:19,386 : INFO : EventManager : Event: ======'mode_game_stopped'====== Args={}
2025-03-06 20:54:19,386 : INFO : EventManager : Event: ======'clear'====== Args={'key': 'game'}
2025-03-06 20:54:19,404 : INFO : EventManager : Event: ======'slide_welcome_slide_removed'====== Args={'_from_bcp': True}
2025-03-06 20:54:19,405 : INFO : EventManager : Event: ======'slide_welcome_slide_created'====== Args={'_from_bcp': True}
2025-03-06 20:54:19,405 : INFO : EventManager : Event: ======'slide_welcome_slide_active'====== Args={'_from_bcp': True}
2025-03-06 20:54:25,819 : INFO : SwitchController : <<<<<<< 's_trough1' inactive >>>>>>>
2025-03-06 20:54:26,889 : INFO : SwitchController : <<<<<<< 's_trough1' active >>>>>>>
2025-03-06 20:54:27,752 : INFO : SwitchController : <<<<<<< 's_launcher_button' active >>>>>>>
2025-03-06 20:54:27,865 : INFO : SwitchController : <<<<<<< 's_launcher_button' inactive >>>>>>>
2025-03-06 20:54:27,865 : INFO : EventManager : Event: ======'request_to_start_game'====== Args={}
2025-03-06 20:54:27,866 : INFO : EventManager : Event: ======'game_start'====== Args={'buttons': [], 'hold_time': 0.10899999999674037}
2025-03-06 20:54:27,866 : INFO : EventManager : Event: ======'mode_game_will_start'====== Args={'buttons': [], 'hold_time': 0.10899999999674037}
2025-03-06 20:54:27,868 : INFO : EventManager : Event: ======'mode_game_starting'====== Args={'buttons': [], 'hold_time': 0.10899999999674037}
2025-03-06 20:54:27,868 : INFO : EventManager : Event: ======'mode_attract_will_stop'====== Args={}
2025-03-06 20:54:27,868 : INFO : EventManager : Event: ======'mode_attract_stopping'====== Args={}
2025-03-06 20:54:27,869 : INFO : Mode.attract : Stopped.
2025-03-06 20:54:27,869 : INFO : EventManager : Event: ======'modes_active_modes_changed'====== Args={}
2025-03-06 20:54:27,869 : INFO : EventManager : Event: ======'mode_attract_stopped'====== Args={}
2025-03-06 20:54:27,870 : INFO : EventManager : Event: ======'clear'====== Args={'key': 'attract'}
2025-03-06 20:54:27,870 : INFO : Mode.game : Started. Priority: 20
2025-03-06 20:54:27,871 : INFO : EventManager : Event: ======'modes_active_modes_changed'====== Args={}
2025-03-06 20:54:27,871 : INFO : EventManager : Event: ======'mode_game_started'====== Args={'buttons': [], 'hold_time': 0.10899999999674037}
2025-03-06 20:54:27,896 : INFO : EventManager : Event: ======'game_will_start'====== Args={}
2025-03-06 20:54:27,898 : INFO : EventManager : Event: ======'game_starting'====== Args={'game': <Mode.game>}
2025-03-06 20:54:27,899 : INFO : EventManager : Unordered handler for class <Auditor> on event game_ended with priority 1. Handlers: [RegisteredHandler(callback=<bound method Auditor.disable of <Auditor>>, priority=1, kwargs={}, key=UUID('50ad79b0-5a9b-470c-b7c2-3534c2d47c7f'), condition=None, blocking_facility=None), RegisteredHandler(callback=<bound method Auditor._save_audits of <Auditor>>, priority=1, kwargs={}, key=UUID('d116b035-ed2d-47cd-9c8d-5b9339ab4981'), condition=None, blocking_facility=None)]. The order of those handlers is not defined and they will be executed in random order. This might lead to race conditions and potential bugs.
2025-03-06 20:54:27,899 : INFO : EventManager : Event: ======'player_add_request'====== Args={}
2025-03-06 20:54:27,899 : INFO : EventManager : Event: ======'player_will_add'====== Args={'number': 1}
2025-03-06 20:54:27,899 : INFO : EventManager : Event: ======'player_adding'====== Args={'player': <Player 1>, 'number': 1}
2025-03-06 20:54:27,899 : INFO : EventManager : Event: ======'player_added'====== Args={'player': <Player 1>, 'num': 1}
2025-03-06 20:54:27,900 : INFO : Mode.game : Player added successfully. Total players: 1
2025-03-06 20:54:27,900 : INFO : EventManager : Event: ======'player_index'====== Args={'value': 0, 'prev_value': 0, 'change': 0, 'player_num': 1}
2025-03-06 20:54:27,900 : INFO : EventManager : Event: ======'player_number'====== Args={'value': 1, 'prev_value': 1, 'change': 0, 'player_num': 1}
2025-03-06 20:54:27,901 : INFO : EventManager : Event: ======'player_score'====== Args={'value': 0, 'prev_value': 0, 'change': 0, 'player_num': 1}
2025-03-06 20:54:27,906 : INFO : EventManager : Event: ======'game_started'====== Args={}
2025-03-06 20:54:27,916 : INFO : EventManager : Event: ======'player_turn_will_start'====== Args={'player': <Player 1>, 'number': 1}
2025-03-06 20:54:27,916 : INFO : EventManager : Event: ======'player_turn_starting'====== Args={'player': <Player 1>, 'number': 1}
2025-03-06 20:54:27,917 : INFO : EventManager : Event: ======'player_ball'====== Args={'value': 1, 'prev_value': 0, 'change': 1, 'player_num': 1}
2025-03-06 20:54:27,920 : INFO : EventManager : Event: ======'player_turn_started'====== Args={'player': <Player 1>, 'number': 1}
2025-03-06 20:54:27,935 : INFO : EventManager : Event: ======'ball_will_start'====== Args={'player': 1, 'ball': 1, 'balls_remaining': 2, 'is_extra_ball': False}
2025-03-06 20:54:27,956 : INFO : EventManager : Event: ======'ball_starting'====== Args={'player': 1, 'ball': 1, 'balls_remaining': 2, 'is_extra_ball': False}
2025-03-06 20:54:27,957 : INFO : EventManager : Event: ======'balls_in_play'====== Args={'balls': 1}
2025-03-06 20:54:27,957 : INFO : EventManager : Event: ======'ball_started'====== Args={'player': 1, 'ball': 1, 'balls_remaining': 2, 'is_extra_ball': False}
2025-03-06 20:54:27,958 : INFO : EventManager : Event: ======'mode_base_will_start'====== Args={'player': 1, 'ball': 1, 'balls_remaining': 2, 'is_extra_ball': False}
2025-03-06 20:54:27,960 : INFO : EventManager : Event: ======'mode_base_starting'====== Args={'player': 1, 'ball': 1, 'balls_remaining': 2, 'is_extra_ball': False}
2025-03-06 20:54:27,963 : INFO : Mode.base : Started. Priority: 100
2025-03-06 20:54:27,964 : INFO : EventManager : Event: ======'modes_active_modes_changed'====== Args={}
2025-03-06 20:54:27,965 : INFO : EventManager : Event: ======'mode_base_started'====== Args={'player': 1, 'ball': 1, 'balls_remaining': 2, 'is_extra_ball': False}
2025-03-06 20:54:27,969 : INFO : EventManager : Event: ======'single_player_ball_started'====== Args={}
2025-03-06 20:54:28,074 : INFO : EventManager : Event: ======'ball_start_target'====== Args={'target': 'playfield'}
2025-03-06 20:54:28,074 : INFO : EventManager : Event: ======'slide__global.slide_player-ball_started_removed'====== Args={'_from_bcp': True}
2025-03-06 20:54:28,075 : INFO : EventManager : Event: ======'slide__global.slide_player-ball_started_created'====== Args={'_from_bcp': True}
2025-03-06 20:54:28,075 : INFO : EventManager : Event: ======'slide_base.slide_player-mode_base_started_created'====== Args={'_from_bcp': True}
2025-03-06 20:54:28,075 : INFO : EventManager : Event: ======'slide_base.slide_player-mode_base_started_active'====== Args={'_from_bcp': True}
2025-03-06 20:54:28,075 : INFO : ball_device.bd_plunger_lane : Setting up player-controlled eject. Balls: 1, Target: <playfield.playfield>, player_controlled_eject_event: None
2025-03-06 20:54:28,075 : INFO : ball_device.bd_plunger_lane : Adding 1 ball(s) to the eject_queue with target <playfield.playfield>.
2025-03-06 20:54:28,075 : INFO : EventManager : Event: ======'balldevice_balls_available'====== Args={}
2025-03-06 20:54:28,075 : INFO : ball_device.bd_trough : State: waiting_for_target_ready
2025-03-06 20:54:28,075 : INFO : EventManager : Event: ======'balldevice_bd_trough_ball_eject_attempt'====== Args={'balls': 1, 'target': <ball_device.bd_plunger_lane>, 'source': <ball_device.bd_trough>, 'mechanical_eject': False, 'num_attempts': 0}
2025-03-06 20:54:28,075 : INFO : ball_device.bd_plunger_lane : State: waiting_for_ball
2025-03-06 20:54:28,076 : INFO : ball_device.bd_trough : State: ejecting
2025-03-06 20:54:28,076 : INFO : ball_device.bd_trough : Ejecting ball to <ball_device.bd_plunger_lane>
2025-03-06 20:54:28,076 : INFO : EventManager : Event: ======'balldevice_bd_trough_ejecting_ball'====== Args={'balls': 1, 'target': <ball_device.bd_plunger_lane>, 'source': <ball_device.bd_trough>, 'mechanical_eject': False, 'num_attempts': 0}
2025-03-06 20:54:28,076 : INFO : ball_device.bd_trough : Wait for ball to leave device
2025-03-06 20:54:28,076 : INFO : coil.c_trough_release : Pulsing Driver for 20ms (1.0 pulse_power)
2025-03-06 20:54:28,076 : INFO : SwitchController : <<<<<<< 's_trough1' inactive >>>>>>>
2025-03-06 20:54:28,084 : INFO : ball_device.bd_trough : State: ball_left
2025-03-06 20:54:28,084 : INFO : ball_device.bd_trough : Ball left
2025-03-06 20:54:28,085 : INFO : ball_device.bd_trough : Wait for confirm with timeout 3.0
2025-03-06 20:54:28,199 : INFO : SwitchController : <<<<<<< 's_plunger_lane' active >>>>>>>
2025-03-06 20:54:28,202 : INFO : EventManager : Event: ======'machine_var_audits_switches_s_plunger_lane'====== Args={'value': 52, 'prev_value': 51, 'change': 1}
2025-03-06 20:54:28,702 : INFO : ball_device.bd_plunger_lane : Received ball from <ball_device.bd_trough>
2025-03-06 20:54:28,702 : INFO : EventManager : Event: ======'balldevice_bd_plunger_lane_ball_enter'====== Args={'new_balls': 1, 'unclaimed_balls': 0, 'new_available_balls': 0, 'device': <ball_device.bd_plunger_lane>}
2025-03-06 20:54:28,703 : INFO : EventManager : Event: ======'balldevice_bd_plunger_lane_ball_entered'====== Args={'new_balls': 0, 'device': <ball_device.bd_plunger_lane>}
2025-03-06 20:54:28,703 : INFO : EventManager : Event: ======'balldevice_bd_plunger_lane_ball_count_changed'====== Args={'balls': 1}
2025-03-06 20:54:28,703 : INFO : ball_device.bd_trough : Got eject confirm
2025-03-06 20:54:28,703 : INFO : ball_device.bd_trough : Eject successful
2025-03-06 20:54:28,703 : INFO : EventManager : Event: ======'balldevice_bd_trough_ball_eject_success'====== Args={'balls': 1, 'target': <ball_device.bd_plunger_lane>}
2025-03-06 20:54:28,704 : INFO : ball_device.bd_plunger_lane : State: waiting_for_target_ready
2025-03-06 20:54:28,704 : INFO : EventManager : Event: ======'balldevice_bd_plunger_lane_ball_eject_attempt'====== Args={'balls': 1, 'target': <playfield.playfield>, 'source': <ball_device.bd_plunger_lane>, 'mechanical_eject': False, 'num_attempts': 0}
2025-03-06 20:54:28,704 : INFO : EventManager : Event: ======'balldevice_bd_trough_ball_count_changed'====== Args={'balls': 2}
2025-03-06 20:54:28,704 : INFO : ball_device.bd_trough : State: idle
2025-03-06 20:54:28,705 : INFO : ball_device.bd_plunger_lane : State: ejecting
2025-03-06 20:54:28,705 : INFO : ball_device.bd_plunger_lane : Ejecting ball to <playfield.playfield>
2025-03-06 20:54:28,705 : INFO : EventManager : Event: ======'balldevice_bd_plunger_lane_ejecting_ball'====== Args={'balls': 1, 'target': <playfield.playfield>, 'source': <ball_device.bd_plunger_lane>, 'mechanical_eject': False, 'num_attempts': 0}
2025-03-06 20:54:28,706 : INFO : ball_device.bd_plunger_lane : Wait for ball to leave device
2025-03-06 20:54:28,706 : INFO : coil.c_autolauncher : Pulsing Driver for 20ms (1.0 pulse_power)
2025-03-06 20:54:28,706 : INFO : SwitchController : <<<<<<< 's_plunger_lane' inactive >>>>>>>
2025-03-06 20:54:28,727 : INFO : ball_device.bd_plunger_lane : State: ball_left
2025-03-06 20:54:28,728 : INFO : ball_device.bd_plunger_lane : Ball left
2025-03-06 20:54:28,729 : INFO : ball_device.bd_plunger_lane : Wait for confirm with timeout 3.0
2025-03-06 20:54:28,759 : INFO : SwitchController : <<<<<<< 's_playfield_entry' active >>>>>>>
2025-03-06 20:54:28,759 : INFO : EventManager : Event: ======'sw_playfield_active'====== Args={}
2025-03-06 20:54:28,759 : INFO : EventManager : Event: ======'machine_var_audits_switches_s_playfield_entry'====== Args={'value': 37, 'prev_value': 36, 'change': 1}
2025-03-06 20:54:28,760 : INFO : EventManager : Event: ======'playfield_active'====== Args={}
2025-03-06 20:54:28,774 : INFO : SwitchController : <<<<<<< 's_playfield_entry' inactive >>>>>>>
2025-03-06 20:54:28,784 : INFO : ball_device.bd_plunger_lane : Got eject confirm
2025-03-06 20:54:28,784 : INFO : ball_device.bd_plunger_lane : Eject successful
2025-03-06 20:54:28,784 : INFO : EventManager : Event: ======'balldevice_bd_plunger_lane_ball_eject_success'====== Args={'balls': 1, 'target': <playfield.playfield>}
2025-03-06 20:54:28,784 : INFO : EventManager : Event: ======'balldevice_playfield_ball_enter'====== Args={'new_balls': 1, 'unclaimed_balls': 1, 'device': <playfield.playfield>}
2025-03-06 20:54:28,784 : INFO : EventManager : Event: ======'playfield_ball_count_change'====== Args={'balls': 1, 'change': 1}
2025-03-06 20:54:28,784 : INFO : EventManager : Event: ======'balldevice_bd_plunger_lane_ball_count_changed'====== Args={'balls': 0}
2025-03-06 20:54:29,215 : INFO : ball_device.bd_plunger_lane : State: idle
2025-03-06 20:54:29,718 : INFO : SwitchController : <<<<<<< 's_trough1' active >>>>>>>
2025-03-06 20:54:29,719 : INFO : EventManager : Event: ======'machine_var_audits_switches_s_trough1'====== Args={'value': 32, 'prev_value': 31, 'change': 1}
2025-03-06 20:54:30,027 : INFO : EventManager : Event: ======'balldevice_bd_trough_ball_count_changed'====== Args={'balls': 3}
2025-03-06 20:54:30,027 : INFO : ball_device.bd_trough : Received unexpected ball
2025-03-06 20:54:30,028 : INFO : EventManager : Event: ======'balldevice_captured_from_playfield'====== Args={'balls': 1}
2025-03-06 20:54:30,029 : INFO : EventManager : Event: ======'sw_playfield_active'====== Args={'balls': 1}
2025-03-06 20:54:30,029 : INFO : EventManager : Event: ======'playfield_ball_count_change'====== Args={'balls': 0, 'change': -1}
2025-03-06 20:54:30,029 : INFO : EventManager : Event: ======'balldevice_bd_trough_ball_enter'====== Args={'new_balls': 1, 'unclaimed_balls': 1, 'new_available_balls': 1, 'device': <ball_device.bd_trough>}
2025-03-06 20:54:30,031 : INFO : EventManager : Event: ======'ball_drain'====== Args={'device': <ball_device.bd_trough>, 'balls': 1}
2025-03-06 20:54:30,031 : INFO : EventManager : Event: ======'ball_will_end'====== Args={}
2025-03-06 20:54:30,031 : INFO : EventManager : Event: ======'balldevice_balls_available'====== Args={}
2025-03-06 20:54:30,031 : INFO : EventManager : Event: ======'balldevice_bd_trough_ball_entered'====== Args={'new_balls': 1, 'device': <ball_device.bd_trough>}
2025-03-06 20:54:30,032 : INFO : EventManager : Event: ======'ball_ending'====== Args={}
2025-03-06 20:54:30,032 : INFO : EventManager : Event: ======'mode_base_will_stop'====== Args={}
2025-03-06 20:54:30,032 : INFO : EventManager : Event: ======'mode_base_stopping'====== Args={}
2025-03-06 20:54:30,033 : INFO : Mode.base : Stopped.
2025-03-06 20:54:30,033 : INFO : EventManager : Event: ======'modes_active_modes_changed'====== Args={}
2025-03-06 20:54:30,036 : INFO : EventManager : Event: ======'mode_base_stopped'====== Args={}
2025-03-06 20:54:30,036 : INFO : EventManager : Event: ======'clear'====== Args={'key': 'base'}
2025-03-06 20:54:30,124 : INFO : EventManager : Event: ======'ball_ended'====== Args={}
2025-03-06 20:54:30,126 : INFO : EventManager : Event: ======'slide_base.slide_player-mode_base_started_removed'====== Args={'_from_bcp': True}
2025-03-06 20:54:30,126 : INFO : EventManager : Event: ======'slide__global.slide_player-ball_started_active'====== Args={'_from_bcp': True}
2025-03-06 20:54:30,126 : INFO : EventManager : Event: ======'player_turn_will_end'====== Args={'player': <Player 1>, 'number': 1}
2025-03-06 20:54:30,129 : INFO : EventManager : Event: ======'player_turn_ending'====== Args={'player': <Player 1>, 'number': 1}
2025-03-06 20:54:30,130 : INFO : EventManager : Event: ======'player_turn_ended'====== Args={'player': <Player 1>, 'number': 1}
2025-03-06 20:54:30,130 : INFO : EventManager : Event: ======'player_turn_will_start'====== Args={'player': <Player 1>, 'number': 1}
2025-03-06 20:54:30,130 : INFO : EventManager : Event: ======'player_turn_starting'====== Args={'player': <Player 1>, 'number': 1}
2025-03-06 20:54:30,130 : INFO : EventManager : Event: ======'player_ball'====== Args={'value': 2, 'prev_value': 1, 'change': 1, 'player_num': 1}
2025-03-06 20:54:30,130 : INFO : EventManager : Event: ======'player_turn_started'====== Args={'player': <Player 1>, 'number': 1}
2025-03-06 20:54:30,131 : INFO : EventManager : Event: ======'ball_will_start'====== Args={'player': 1, 'ball': 2, 'balls_remaining': 1, 'is_extra_ball': False}
2025-03-06 20:54:30,135 : INFO : EventManager : Event: ======'ball_starting'====== Args={'player': 1, 'ball': 2, 'balls_remaining': 1, 'is_extra_ball': False}
2025-03-06 20:54:30,136 : INFO : EventManager : Event: ======'balls_in_play'====== Args={'balls': 1}
2025-03-06 20:54:30,136 : INFO : EventManager : Event: ======'ball_started'====== Args={'player': 1, 'ball': 2, 'balls_remaining': 1, 'is_extra_ball': False}
2025-03-06 20:54:30,136 : INFO : EventManager : Event: ======'mode_base_will_start'====== Args={'player': 1, 'ball': 2, 'balls_remaining': 1, 'is_extra_ball': False}
2025-03-06 20:54:30,137 : INFO : EventManager : Event: ======'mode_base_starting'====== Args={'player': 1, 'ball': 2, 'balls_remaining': 1, 'is_extra_ball': False}
2025-03-06 20:54:30,137 : INFO : Mode.base : Started. Priority: 100
2025-03-06 20:54:30,137 : INFO : EventManager : Event: ======'modes_active_modes_changed'====== Args={}
2025-03-06 20:54:30,137 : INFO : EventManager : Event: ======'mode_base_started'====== Args={'player': 1, 'ball': 2, 'balls_remaining': 1, 'is_extra_ball': False}
2025-03-06 20:54:30,138 : INFO : EventManager : Event: ======'single_player_ball_started'====== Args={}
2025-03-06 20:54:30,158 : INFO : EventManager : Event: ======'ball_start_target'====== Args={'target': 'playfield'}
2025-03-06 20:54:30,158 : INFO : EventManager : Event: ======'slide__global.slide_player-ball_started_removed'====== Args={'_from_bcp': True}
2025-03-06 20:54:30,158 : INFO : EventManager : Event: ======'slide__global.slide_player-ball_started_created'====== Args={'_from_bcp': True}
2025-03-06 20:54:30,159 : INFO : ball_device.bd_plunger_lane : Setting up player-controlled eject. Balls: 1, Target: <playfield.playfield>, player_controlled_eject_event: None
2025-03-06 20:54:30,159 : INFO : ball_device.bd_plunger_lane : Adding 1 ball(s) to the eject_queue with target <playfield.playfield>.
2025-03-06 20:54:30,159 : INFO : EventManager : Event: ======'balldevice_balls_available'====== Args={}
2025-03-06 20:54:30,159 : INFO : EventManager : Event: ======'slide_base.slide_player-mode_base_started_created'====== Args={'_from_bcp': True}
2025-03-06 20:54:30,159 : INFO : ball_device.bd_trough : State: waiting_for_target_ready
2025-03-06 20:54:30,159 : INFO : EventManager : Event: ======'balldevice_bd_trough_ball_eject_attempt'====== Args={'balls': 1, 'target': <ball_device.bd_plunger_lane>, 'source': <ball_device.bd_trough>, 'mechanical_eject': False, 'num_attempts': 0}
2025-03-06 20:54:30,160 : INFO : ball_device.bd_plunger_lane : State: waiting_for_ball
2025-03-06 20:54:30,160 : INFO : ball_device.bd_trough : State: ejecting
2025-03-06 20:54:30,160 : INFO : ball_device.bd_trough : Ejecting ball to <ball_device.bd_plunger_lane>
2025-03-06 20:54:30,160 : INFO : EventManager : Event: ======'balldevice_bd_trough_ejecting_ball'====== Args={'balls': 1, 'target': <ball_device.bd_plunger_lane>, 'source': <ball_device.bd_trough>, 'mechanical_eject': False, 'num_attempts': 0}
2025-03-06 20:54:30,160 : INFO : ball_device.bd_trough : Wait for ball to leave device
2025-03-06 20:54:30,160 : INFO : coil.c_trough_release : Pulsing Driver for 20ms (1.0 pulse_power)
2025-03-06 20:54:30,160 : INFO : SwitchController : <<<<<<< 's_trough1' inactive >>>>>>>
2025-03-06 20:54:30,163 : INFO : EventManager : Event: ======'slide_base.slide_player-mode_base_started_active'====== Args={'_from_bcp': True}
2025-03-06 20:54:30,163 : INFO : ball_device.bd_trough : State: ball_left
2025-03-06 20:54:30,163 : INFO : ball_device.bd_trough : Ball left
2025-03-06 20:54:30,163 : INFO : ball_device.bd_trough : Wait for confirm with timeout 3.0
2025-03-06 20:54:30,274 : INFO : SwitchController : <<<<<<< 's_plunger_lane' active >>>>>>>
2025-03-06 20:54:30,275 : INFO : EventManager : Event: ======'machine_var_audits_switches_s_plunger_lane'====== Args={'value': 53, 'prev_value': 52, 'change': 1}
2025-03-06 20:54:30,813 : INFO : ball_device.bd_plunger_lane : Received ball from <ball_device.bd_trough>
2025-03-06 20:54:30,813 : INFO : EventManager : Event: ======'balldevice_bd_plunger_lane_ball_enter'====== Args={'new_balls': 1, 'unclaimed_balls': 0, 'new_available_balls': 0, 'device': <ball_device.bd_plunger_lane>}
2025-03-06 20:54:30,814 : INFO : EventManager : Event: ======'balldevice_bd_plunger_lane_ball_entered'====== Args={'new_balls': 0, 'device': <ball_device.bd_plunger_lane>}
2025-03-06 20:54:30,815 : INFO : EventManager : Event: ======'balldevice_bd_plunger_lane_ball_count_changed'====== Args={'balls': 1}
2025-03-06 20:54:30,815 : INFO : ball_device.bd_trough : Got eject confirm
2025-03-06 20:54:30,815 : INFO : ball_device.bd_trough : Eject successful
2025-03-06 20:54:30,815 : INFO : EventManager : Event: ======'balldevice_bd_trough_ball_eject_success'====== Args={'balls': 1, 'target': <ball_device.bd_plunger_lane>}
2025-03-06 20:54:30,815 : INFO : ball_device.bd_plunger_lane : State: waiting_for_target_ready
2025-03-06 20:54:30,815 : INFO : EventManager : Event: ======'balldevice_bd_plunger_lane_ball_eject_attempt'====== Args={'balls': 1, 'target': <playfield.playfield>, 'source': <ball_device.bd_plunger_lane>, 'mechanical_eject': False, 'num_attempts': 0}
2025-03-06 20:54:30,816 : INFO : EventManager : Event: ======'balldevice_bd_trough_ball_count_changed'====== Args={'balls': 2}
2025-03-06 20:54:30,816 : INFO : ball_device.bd_trough : State: idle
2025-03-06 20:54:30,816 : INFO : ball_device.bd_plunger_lane : State: ejecting
2025-03-06 20:54:30,816 : INFO : ball_device.bd_plunger_lane : Ejecting ball to <playfield.playfield>
2025-03-06 20:54:30,816 : INFO : EventManager : Event: ======'balldevice_bd_plunger_lane_ejecting_ball'====== Args={'balls': 1, 'target': <playfield.playfield>, 'source': <ball_device.bd_plunger_lane>, 'mechanical_eject': False, 'num_attempts': 0}
2025-03-06 20:54:30,817 : INFO : ball_device.bd_plunger_lane : Wait for ball to leave device
2025-03-06 20:54:30,817 : INFO : coil.c_autolauncher : Pulsing Driver for 20ms (1.0 pulse_power)
2025-03-06 20:54:30,817 : INFO : SwitchController : <<<<<<< 's_plunger_lane' inactive >>>>>>>
2025-03-06 20:54:30,826 : INFO : ball_device.bd_plunger_lane : State: ball_left
2025-03-06 20:54:30,826 : INFO : ball_device.bd_plunger_lane : Ball left
2025-03-06 20:54:30,826 : INFO : ball_device.bd_plunger_lane : Wait for confirm with timeout 3.0
2025-03-06 20:54:30,865 : INFO : SwitchController : <<<<<<< 's_playfield_entry' active >>>>>>>
2025-03-06 20:54:30,866 : INFO : EventManager : Event: ======'sw_playfield_active'====== Args={}
2025-03-06 20:54:30,866 : INFO : EventManager : Event: ======'machine_var_audits_switches_s_playfield_entry'====== Args={'value': 38, 'prev_value': 37, 'change': 1}
2025-03-06 20:54:30,869 : INFO : EventManager : Event: ======'playfield_active'====== Args={}
2025-03-06 20:54:30,889 : INFO : SwitchController : <<<<<<< 's_playfield_entry' inactive >>>>>>>
2025-03-06 20:54:30,898 : INFO : ball_device.bd_plunger_lane : Got eject confirm
2025-03-06 20:54:30,898 : INFO : ball_device.bd_plunger_lane : Eject successful
2025-03-06 20:54:30,898 : INFO : EventManager : Event: ======'balldevice_bd_plunger_lane_ball_eject_success'====== Args={'balls': 1, 'target': <playfield.playfield>}
2025-03-06 20:54:30,898 : INFO : EventManager : Event: ======'balldevice_playfield_ball_enter'====== Args={'new_balls': 1, 'unclaimed_balls': 1, 'device': <playfield.playfield>}
2025-03-06 20:54:30,898 : INFO : EventManager : Event: ======'playfield_ball_count_change'====== Args={'balls': 1, 'change': 1}
2025-03-06 20:54:30,899 : INFO : EventManager : Event: ======'balldevice_bd_plunger_lane_ball_count_changed'====== Args={'balls': 0}
2025-03-06 20:54:31,002 : INFO : SwitchController : <<<<<<< 's_trough1' active >>>>>>>
2025-03-06 20:54:31,002 : INFO : EventManager : Event: ======'machine_var_audits_switches_s_trough1'====== Args={'value': 33, 'prev_value': 32, 'change': 1}
2025-03-06 20:54:31,319 : INFO : ball_device.bd_plunger_lane : State: idle
2025-03-06 20:54:31,321 : INFO : EventManager : Event: ======'balldevice_bd_trough_ball_count_changed'====== Args={'balls': 3}
2025-03-06 20:54:31,321 : INFO : ball_device.bd_trough : Received unexpected ball
2025-03-06 20:54:31,322 : INFO : EventManager : Event: ======'balldevice_captured_from_playfield'====== Args={'balls': 1}
2025-03-06 20:54:31,323 : INFO : EventManager : Event: ======'sw_playfield_active'====== Args={'balls': 1}
2025-03-06 20:54:31,324 : INFO : EventManager : Event: ======'playfield_ball_count_change'====== Args={'balls': 0, 'change': -1}
2025-03-06 20:54:31,325 : INFO : EventManager : Event: ======'balldevice_bd_trough_ball_enter'====== Args={'new_balls': 1, 'unclaimed_balls': 1, 'new_available_balls': 1, 'device': <ball_device.bd_trough>}
2025-03-06 20:54:31,326 : INFO : EventManager : Event: ======'ball_drain'====== Args={'device': <ball_device.bd_trough>, 'balls': 1}
2025-03-06 20:54:31,326 : INFO : EventManager : Event: ======'ball_will_end'====== Args={}
2025-03-06 20:54:31,326 : INFO : EventManager : Event: ======'balldevice_balls_available'====== Args={}
2025-03-06 20:54:31,327 : INFO : EventManager : Event: ======'balldevice_bd_trough_ball_entered'====== Args={'new_balls': 1, 'device': <ball_device.bd_trough>}
2025-03-06 20:54:31,328 : INFO : EventManager : Event: ======'ball_ending'====== Args={}
2025-03-06 20:54:31,328 : INFO : EventManager : Event: ======'mode_base_will_stop'====== Args={}
2025-03-06 20:54:31,329 : INFO : EventManager : Event: ======'mode_base_stopping'====== Args={}
2025-03-06 20:54:31,329 : INFO : Mode.base : Stopped.
2025-03-06 20:54:31,329 : INFO : EventManager : Event: ======'modes_active_modes_changed'====== Args={}
2025-03-06 20:54:31,330 : INFO : EventManager : Event: ======'mode_base_stopped'====== Args={}
2025-03-06 20:54:31,330 : INFO : EventManager : Event: ======'clear'====== Args={'key': 'base'}
2025-03-06 20:54:31,461 : INFO : EventManager : Event: ======'ball_ended'====== Args={}
2025-03-06 20:54:31,462 : INFO : EventManager : Event: ======'slide_base.slide_player-mode_base_started_removed'====== Args={'_from_bcp': True}
2025-03-06 20:54:31,462 : INFO : EventManager : Event: ======'slide__global.slide_player-ball_started_active'====== Args={'_from_bcp': True}
2025-03-06 20:54:31,463 : INFO : EventManager : Event: ======'player_turn_will_end'====== Args={'player': <Player 1>, 'number': 1}
2025-03-06 20:54:31,468 : INFO : EventManager : Event: ======'player_turn_ending'====== Args={'player': <Player 1>, 'number': 1}
2025-03-06 20:54:31,468 : INFO : EventManager : Event: ======'player_turn_ended'====== Args={'player': <Player 1>, 'number': 1}
2025-03-06 20:54:31,469 : INFO : EventManager : Event: ======'player_turn_will_start'====== Args={'player': <Player 1>, 'number': 1}
2025-03-06 20:54:31,469 : INFO : EventManager : Event: ======'player_turn_starting'====== Args={'player': <Player 1>, 'number': 1}
2025-03-06 20:54:31,470 : INFO : EventManager : Event: ======'player_ball'====== Args={'value': 3, 'prev_value': 2, 'change': 1, 'player_num': 1}
2025-03-06 20:54:31,471 : INFO : EventManager : Event: ======'player_turn_started'====== Args={'player': <Player 1>, 'number': 1}
2025-03-06 20:54:31,473 : INFO : EventManager : Event: ======'ball_will_start'====== Args={'player': 1, 'ball': 3, 'balls_remaining': 0, 'is_extra_ball': False}
2025-03-06 20:54:31,480 : INFO : EventManager : Event: ======'ball_starting'====== Args={'player': 1, 'ball': 3, 'balls_remaining': 0, 'is_extra_ball': False}
2025-03-06 20:54:31,481 : INFO : EventManager : Event: ======'balls_in_play'====== Args={'balls': 1}
2025-03-06 20:54:31,481 : INFO : EventManager : Event: ======'ball_started'====== Args={'player': 1, 'ball': 3, 'balls_remaining': 0, 'is_extra_ball': False}
2025-03-06 20:54:31,481 : INFO : EventManager : Event: ======'mode_base_will_start'====== Args={'player': 1, 'ball': 3, 'balls_remaining': 0, 'is_extra_ball': False}
2025-03-06 20:54:31,483 : INFO : EventManager : Event: ======'mode_base_starting'====== Args={'player': 1, 'ball': 3, 'balls_remaining': 0, 'is_extra_ball': False}
2025-03-06 20:54:31,484 : INFO : Mode.base : Started. Priority: 100
2025-03-06 20:54:31,484 : INFO : EventManager : Event: ======'modes_active_modes_changed'====== Args={}
2025-03-06 20:54:31,484 : INFO : EventManager : Event: ======'mode_base_started'====== Args={'player': 1, 'ball': 3, 'balls_remaining': 0, 'is_extra_ball': False}
2025-03-06 20:54:31,485 : INFO : EventManager : Event: ======'single_player_ball_started'====== Args={}
2025-03-06 20:54:31,508 : INFO : EventManager : Event: ======'ball_start_target'====== Args={'target': 'playfield'}
2025-03-06 20:54:31,509 : INFO : EventManager : Event: ======'slide__global.slide_player-ball_started_removed'====== Args={'_from_bcp': True}
2025-03-06 20:54:31,509 : INFO : EventManager : Event: ======'slide__global.slide_player-ball_started_created'====== Args={'_from_bcp': True}
2025-03-06 20:54:31,509 : INFO : EventManager : Event: ======'slide_base.slide_player-mode_base_started_created'====== Args={'_from_bcp': True}
2025-03-06 20:54:31,509 : INFO : EventManager : Event: ======'slide_base.slide_player-mode_base_started_active'====== Args={'_from_bcp': True}
2025-03-06 20:54:31,509 : INFO : ball_device.bd_plunger_lane : Setting up player-controlled eject. Balls: 1, Target: <playfield.playfield>, player_controlled_eject_event: None
2025-03-06 20:54:31,509 : INFO : ball_device.bd_plunger_lane : Adding 1 ball(s) to the eject_queue with target <playfield.playfield>.
2025-03-06 20:54:31,509 : INFO : EventManager : Event: ======'balldevice_balls_available'====== Args={}
2025-03-06 20:54:31,509 : INFO : ball_device.bd_trough : State: waiting_for_target_ready
2025-03-06 20:54:31,510 : INFO : EventManager : Event: ======'balldevice_bd_trough_ball_eject_attempt'====== Args={'balls': 1, 'target': <ball_device.bd_plunger_lane>, 'source': <ball_device.bd_trough>, 'mechanical_eject': False, 'num_attempts': 0}
2025-03-06 20:54:31,510 : INFO : ball_device.bd_plunger_lane : State: waiting_for_ball
2025-03-06 20:54:31,510 : INFO : ball_device.bd_trough : State: ejecting
2025-03-06 20:54:31,510 : INFO : ball_device.bd_trough : Ejecting ball to <ball_device.bd_plunger_lane>
2025-03-06 20:54:31,510 : INFO : EventManager : Event: ======'balldevice_bd_trough_ejecting_ball'====== Args={'balls': 1, 'target': <ball_device.bd_plunger_lane>, 'source': <ball_device.bd_trough>, 'mechanical_eject': False, 'num_attempts': 0}
2025-03-06 20:54:31,510 : INFO : ball_device.bd_trough : Wait for ball to leave device
2025-03-06 20:54:31,510 : INFO : coil.c_trough_release : Pulsing Driver for 20ms (1.0 pulse_power)
2025-03-06 20:54:31,510 : INFO : SwitchController : <<<<<<< 's_trough1' inactive >>>>>>>
2025-03-06 20:54:31,514 : INFO : ball_device.bd_trough : State: ball_left
2025-03-06 20:54:31,515 : INFO : ball_device.bd_trough : Ball left
2025-03-06 20:54:31,515 : INFO : ball_device.bd_trough : Wait for confirm with timeout 3.0
2025-03-06 20:54:31,630 : INFO : SwitchController : <<<<<<< 's_plunger_lane' active >>>>>>>
2025-03-06 20:54:31,631 : INFO : EventManager : Event: ======'machine_var_audits_switches_s_plunger_lane'====== Args={'value': 54, 'prev_value': 53, 'change': 1}
2025-03-06 20:54:31,824 : INFO : SwitchController : <<<<<<< 's_trough1' active >>>>>>>
2025-03-06 20:54:31,824 : INFO : EventManager : Event: ======'machine_var_audits_switches_s_trough1'====== Args={'value': 34, 'prev_value': 33, 'change': 1}
2025-03-06 20:54:32,130 : INFO : ball_device.bd_plunger_lane : Received ball from <ball_device.bd_trough>
2025-03-06 20:54:32,131 : INFO : EventManager : Event: ======'balldevice_bd_plunger_lane_ball_enter'====== Args={'new_balls': 1, 'unclaimed_balls': 0, 'new_available_balls': 0, 'device': <ball_device.bd_plunger_lane>}
2025-03-06 20:54:32,131 : INFO : EventManager : Event: ======'balldevice_bd_plunger_lane_ball_entered'====== Args={'new_balls': 0, 'device': <ball_device.bd_plunger_lane>}
2025-03-06 20:54:32,131 : INFO : EventManager : Event: ======'balldevice_bd_plunger_lane_ball_count_changed'====== Args={'balls': 1}
2025-03-06 20:54:32,132 : INFO : ball_device.bd_trough : Got eject confirm
2025-03-06 20:54:32,132 : INFO : ball_device.bd_trough : Eject successful
2025-03-06 20:54:32,132 : INFO : EventManager : Event: ======'balldevice_bd_trough_ball_eject_success'====== Args={'balls': 1, 'target': <ball_device.bd_plunger_lane>}
2025-03-06 20:54:32,132 : INFO : ball_device.bd_plunger_lane : State: waiting_for_target_ready
2025-03-06 20:54:32,132 : INFO : EventManager : Event: ======'balldevice_bd_plunger_lane_ball_eject_attempt'====== Args={'balls': 1, 'target': <playfield.playfield>, 'source': <ball_device.bd_plunger_lane>, 'mechanical_eject': False, 'num_attempts': 0}
2025-03-06 20:54:32,133 : INFO : ball_device.bd_plunger_lane : State: ejecting
2025-03-06 20:54:32,133 : INFO : ball_device.bd_plunger_lane : Ejecting ball to <playfield.playfield>
2025-03-06 20:54:32,133 : INFO : EventManager : Event: ======'balldevice_bd_plunger_lane_ejecting_ball'====== Args={'balls': 1, 'target': <playfield.playfield>, 'source': <ball_device.bd_plunger_lane>, 'mechanical_eject': False, 'num_attempts': 0}
2025-03-06 20:54:32,133 : INFO : EventManager : Event: ======'balldevice_bd_trough_ball_count_changed'====== Args={'balls': 2}
2025-03-06 20:54:32,134 : INFO : ball_device.bd_trough : State: idle
2025-03-06 20:54:32,135 : INFO : EventManager : Event: ======'balldevice_bd_trough_ball_count_changed'====== Args={'balls': 3}
2025-03-06 20:54:32,135 : INFO : ball_device.bd_trough : Received unexpected ball
2025-03-06 20:54:32,135 : INFO : EventManager : Event: ======'balldevice_captured_from_playfield'====== Args={'balls': 1}
2025-03-06 20:54:32,135 : INFO : EventManager : Event: ======'sw_playfield_active'====== Args={'balls': 1}
2025-03-06 20:54:32,135 : INFO : EventManager : Event: ======'playfield_active'====== Args={}
2025-03-06 20:54:32,136 : INFO : EventManager : Event: ======'playfield_ball_count_change'====== Args={'balls': -1, 'change': -1}
2025-03-06 20:54:32,136 : INFO : ball_device.bd_plunger_lane : Wait for ball to leave device
2025-03-06 20:54:32,136 : INFO : coil.c_autolauncher : Pulsing Driver for 20ms (1.0 pulse_power)
2025-03-06 20:54:32,136 : INFO : SwitchController : <<<<<<< 's_plunger_lane' inactive >>>>>>>
2025-03-06 20:54:32,136 : INFO : EventManager : Event: ======'balldevice_bd_trough_ball_enter'====== Args={'new_balls': 1, 'unclaimed_balls': 1, 'new_available_balls': 1, 'device': <ball_device.bd_trough>}
2025-03-06 20:54:32,151 : INFO : EventManager : Event: ======'ball_drain'====== Args={'device': <ball_device.bd_trough>, 'balls': 1}
2025-03-06 20:54:32,151 : INFO : EventManager : Event: ======'ball_will_end'====== Args={}
2025-03-06 20:54:32,151 : INFO : EventManager : Event: ======'balldevice_balls_available'====== Args={}
2025-03-06 20:54:32,151 : INFO : EventManager : Event: ======'balldevice_bd_trough_ball_entered'====== Args={'new_balls': 1, 'device': <ball_device.bd_trough>}
2025-03-06 20:54:32,152 : INFO : EventManager : Event: ======'ball_ending'====== Args={}
2025-03-06 20:54:32,153 : INFO : ball_device.bd_plunger_lane : State: ball_left
2025-03-06 20:54:32,153 : INFO : ball_device.bd_plunger_lane : Ball left
2025-03-06 20:54:32,154 : INFO : ball_device.bd_plunger_lane : Wait for confirm with timeout 3.0
2025-03-06 20:54:32,154 : INFO : EventManager : Event: ======'mode_base_will_stop'====== Args={}
2025-03-06 20:54:32,154 : INFO : EventManager : Event: ======'mode_base_stopping'====== Args={}
2025-03-06 20:54:32,154 : INFO : Mode.base : Stopped.
2025-03-06 20:54:32,154 : INFO : EventManager : Event: ======'modes_active_modes_changed'====== Args={}
2025-03-06 20:54:32,154 : INFO : EventManager : Event: ======'mode_base_stopped'====== Args={}
2025-03-06 20:54:32,154 : INFO : EventManager : Event: ======'clear'====== Args={'key': 'base'}
2025-03-06 20:54:32,183 : INFO : EventManager : Event: ======'ball_ended'====== Args={}
2025-03-06 20:54:32,183 : INFO : SwitchController : <<<<<<< 's_playfield_entry' active >>>>>>>
2025-03-06 20:54:32,183 : INFO : EventManager : Event: ======'sw_playfield_active'====== Args={}
2025-03-06 20:54:32,183 : INFO : EventManager : Event: ======'machine_var_audits_switches_s_playfield_entry'====== Args={'value': 39, 'prev_value': 38, 'change': 1}
2025-03-06 20:54:32,184 : INFO : EventManager : Event: ======'playfield_active'====== Args={}
2025-03-06 20:54:32,184 : INFO : EventManager : Event: ======'slide_base.slide_player-mode_base_started_removed'====== Args={'_from_bcp': True}
2025-03-06 20:54:32,185 : INFO : EventManager : Event: ======'slide__global.slide_player-ball_started_active'====== Args={'_from_bcp': True}
2025-03-06 20:54:32,185 : INFO : EventManager : Event: ======'player_turn_will_end'====== Args={'player': <Player 1>, 'number': 1}
2025-03-06 20:54:32,190 : INFO : SwitchController : <<<<<<< 's_playfield_entry' inactive >>>>>>>
2025-03-06 20:54:32,190 : INFO : EventManager : Event: ======'player_turn_ending'====== Args={'player': <Player 1>, 'number': 1}
2025-03-06 20:54:32,194 : INFO : ball_device.bd_plunger_lane : Got eject confirm
2025-03-06 20:54:32,194 : INFO : ball_device.bd_plunger_lane : Eject successful
2025-03-06 20:54:32,194 : INFO : EventManager : Event: ======'balldevice_bd_plunger_lane_ball_eject_success'====== Args={'balls': 1, 'target': <playfield.playfield>}
2025-03-06 20:54:32,194 : INFO : EventManager : Event: ======'balldevice_playfield_ball_enter'====== Args={'new_balls': 1, 'unclaimed_balls': 1, 'device': <playfield.playfield>}
2025-03-06 20:54:32,194 : INFO : EventManager : Event: ======'playfield_ball_count_change'====== Args={'balls': 0, 'change': 1}
2025-03-06 20:54:32,194 : INFO : EventManager : Event: ======'player_turn_ended'====== Args={'player': <Player 1>, 'number': 1}
2025-03-06 20:54:32,194 : INFO : EventManager : Event: ======'balldevice_bd_plunger_lane_ball_count_changed'====== Args={'balls': 0}
2025-03-06 20:54:32,194 : INFO : EventManager : Event: ======'game_will_end'====== Args={}
2025-03-06 20:54:32,195 : INFO : EventManager : Event: ======'game_ending'====== Args={}
2025-03-06 20:54:32,195 : INFO : EventManager : Event: ======'game_ended'====== Args={}
2025-03-06 20:54:32,195 : INFO : EventManager : Event: ======'mode_game_will_stop'====== Args={}
2025-03-06 20:54:32,195 : INFO : EventManager : Event: ======'mode_game_stopping'====== Args={}
2025-03-06 20:54:32,195 : INFO : EventManager : Event: ======'mode_attract_will_start'====== Args={}
2025-03-06 20:54:32,195 : INFO : EventManager : Event: ======'mode_attract_starting'====== Args={}
2025-03-06 20:54:32,195 : INFO : Mode.attract : Started. Priority: 10
2025-03-06 20:54:32,195 : INFO : EventManager : Event: ======'modes_active_modes_changed'====== Args={}
2025-03-06 20:54:32,196 : INFO : EventManager : Event: ======'mode_attract_started'====== Args={}
2025-03-06 20:54:32,196 : INFO : EventManager : Event: ======'collecting_balls_complete'====== Args={}
2025-03-06 20:54:32,196 : INFO : Mode.game : Stopped.
2025-03-06 20:54:32,196 : INFO : EventManager : Event: ======'modes_active_modes_changed'====== Args={}
2025-03-06 20:54:32,196 : INFO : EventManager : Event: ======'mode_game_stopped'====== Args={}
2025-03-06 20:54:32,196 : INFO : EventManager : Event: ======'clear'====== Args={'key': 'game'}
2025-03-06 20:54:32,201 : INFO : EventManager : Event: ======'slide_welcome_slide_removed'====== Args={'_from_bcp': True}
2025-03-06 20:54:32,203 : INFO : EventManager : Event: ======'slide_welcome_slide_created'====== Args={'_from_bcp': True}
2025-03-06 20:54:32,205 : INFO : EventManager : Event: ======'slide_welcome_slide_active'====== Args={'_from_bcp': True}
2025-03-06 20:54:32,658 : INFO : ball_device.bd_plunger_lane : State: idle
2025-03-06 20:54:33,767 : INFO : Machine : Shutting down...
2025-03-06 20:54:33,767 : INFO : EventManager : Event: ======'shutdown'====== Args={}
2025-03-06 20:54:33,769 : INFO : root : MPF run loop ended.
