2025-03-06 20:42:13,200 : INFO : root : Loading config.
2025-03-06 20:42:13,203 : INFO : YamlMultifileConfigLoader : Machine config file #1: config.yaml
2025-03-06 20:42:13,203 : WARNING : ConfigProcessor : Config file in cache changed: C:\Users\duffb\OneDrive\Documents\Python Envs\PinBallWW1\Machine\config\config.yaml
2025-03-06 20:42:13,203 : INFO : ConfigProcessor : Loading config from file C:\Users\duffb\.pyenv\pyenv-win\versions\3.11.0\Lib\site-packages\mpf\mpfconfig.yaml.
2025-03-06 20:42:13,212 : INFO : ConfigProcessor : Loading config: C:\Users\duffb\.pyenv\pyenv-win\versions\3.11.0\Lib\site-packages\mpf\mpfconfig.yaml
2025-03-06 20:42:13,212 : INFO : ConfigProcessor : Loading config from file C:\Users\duffb\OneDrive\Documents\Python Envs\PinBallWW1\Machine\config\config.yaml.
2025-03-06 20:42:13,228 : INFO : ConfigProcessor : Loading config: C:\Users\duffb\OneDrive\Documents\Python Envs\PinBallWW1\Machine\config\config.yaml
2025-03-06 20:42:13,229 : INFO : ConfigProcessor : Config file cache created: C:\Users\duffb\AppData\Local\Temp\cadfdee4981114acd6fff59d1071b59b.mpf_cache
2025-03-06 20:42:13,305 : INFO : ConfigProcessor : Loading config from cache: C:\Users\duffb\AppData\Local\Temp\2d51d76727b268a801d8dd7a18b89879.mpf_cache
2025-03-06 20:42:13,306 : INFO : ConfigProcessor : Loading config from cache: C:\Users\duffb\AppData\Local\Temp\9f058d482eac17116727d62a93500be7.mpf_cache
2025-03-06 20:42:13,307 : INFO : Machine : Mission Pinball Framework Core Engine v0.57.0
2025-03-06 20:42:13,307 : INFO : Machine : Command line arguments: {'no_load_cache': False, 'create_config_cache': True, 'bcp': True, 'configfile': ['config.yaml'], 'force_assets_load': False, 'platform_integration_test': False, 'jsonlogging': False, 'logfile': 'logs\\2025-03-06-20-42-13-mpf-T0SHIII.log', 'pause': False, 'production': False, 'text_ui': True, 'loglevel': 15, 'consoleloglevel': 20, 'force_platform': None, 'syslog_address': None, 'mc_file_name': None, 'no_sound': False}
2025-03-06 20:42:13,307 : INFO : Machine : MPF path: C:\Users\duffb\.pyenv\pyenv-win\versions\3.11.0\Lib\site-packages\mpf
2025-03-06 20:42:13,307 : INFO : Machine : Machine path: C:\Users\duffb\OneDrive\Documents\Python Envs\PinBallWW1\Machine
2025-03-06 20:42:13,307 : INFO : Machine : Platform: win32
2025-03-06 20:42:13,307 : INFO : Machine : Python executable location: C:\Users\duffb\.pyenv\pyenv-win\versions\3.11.0\python.exe
2025-03-06 20:42:13,307 : INFO : Machine : Python version: 3.11.0 (64-bit)
2025-03-06 20:42:13,309 : INFO : Machine : Initializing MPF...
2025-03-06 20:42:13,466 : INFO : EventManager : Event: ======'machine_var_credits_string'====== Args={'value': 'FREE PLAY', 'prev_value': None, 'change': True}
2025-03-06 20:42:13,510 : INFO : EventManager : Event: ======'machine_var_master_volume'====== Args={'value': 0.5, 'prev_value': None, 'change': True}
2025-03-06 20:42:13,510 : INFO : EventManager : Event: ======'machine_var_player1_score'====== Args={'value': 0, 'prev_value': None, 'change': True}
2025-03-06 20:42:13,510 : INFO : EventManager : Event: ======'machine_var_mpf_version'====== Args={'value': 'Mission Pinball Framework v0.57.0', 'prev_value': None, 'change': True}
2025-03-06 20:42:13,510 : INFO : EventManager : Event: ======'machine_var_mpf_extended_version'====== Args={'value': 'Mission Pinball Framework v0.57.0, Config version:6, Show version: 6, BCP version:1.1', 'prev_value': None, 'change': True}
2025-03-06 20:42:13,511 : INFO : EventManager : Event: ======'machine_var_python_version'====== Args={'value': '3.11.0', 'prev_value': None, 'change': True}
2025-03-06 20:42:13,520 : INFO : EventManager : Event: ======'machine_var_platform'====== Args={'value': 'Windows-10-10.0.26100-SP0', 'prev_value': None, 'change': True}
2025-03-06 20:42:13,520 : INFO : EventManager : Event: ======'machine_var_platform_system'====== Args={'value': 'Windows', 'prev_value': None, 'change': True}
2025-03-06 20:42:13,520 : INFO : EventManager : Event: ======'machine_var_platform_release'====== Args={'value': '10', 'prev_value': None, 'change': True}
2025-03-06 20:42:13,520 : INFO : EventManager : Event: ======'machine_var_platform_version'====== Args={'value': '10.0.26100', 'prev_value': None, 'change': True}
2025-03-06 20:42:13,520 : INFO : EventManager : Event: ======'machine_var_platform_machine'====== Args={'value': 'AMD64', 'prev_value': None, 'change': True}
2025-03-06 20:42:13,520 : INFO : EventManager : Event: ======'init_phase_1'====== Args={}
2025-03-06 20:42:13,534 : INFO : EventManager : Event: ======'init_phase_2'====== Args={}
2025-03-06 20:42:13,535 : INFO : SwitchController : Found active switch: ('3', <Platform.SmartVirtual>) <switch.s_trough1>
2025-03-06 20:42:13,535 : INFO : SwitchController : Found active switch: ('4', <Platform.SmartVirtual>) <switch.s_trough2>
2025-03-06 20:42:13,535 : INFO : SwitchController : Found active switch: ('5', <Platform.SmartVirtual>) <switch.s_trough3>
2025-03-06 20:42:13,536 : INFO : EventManager : Event: ======'bcp_connection_attempt'====== Args={'name': 'local_display', 'host': 'localhost', 'port': 5050}
2025-03-06 20:42:13,538 : INFO : BCPClientSocket : Connecting BCP to 'local_display' at localhost:5050...
2025-03-06 20:42:15,608 : INFO : BCPClientSocket : Connected BCP to 'local_display' localhost:5050
2025-03-06 20:42:15,609 : INFO : EventManager : Event: ======'bcp_clients_connected'====== Args={}
2025-03-06 20:42:15,698 : INFO : ball_device.bd_trough : BCH: Initial count: 3
2025-03-06 20:42:15,699 : INFO : ball_device.bd_trough : State: idle
2025-03-06 20:42:15,699 : INFO : ball_device.bd_plunger_lane : BCH: Initial count: 0
2025-03-06 20:42:15,699 : INFO : ball_device.bd_plunger_lane : State: idle
2025-03-06 20:42:15,719 : INFO : EventManager : Event: ======'init_phase_3'====== Args={}
2025-03-06 20:42:15,721 : INFO : EventManager : Event: ======'init_phase_4'====== Args={}
2025-03-06 20:42:15,721 : INFO : BallController : Initial balls found: 3
2025-03-06 20:42:15,721 : INFO : EventManager : Event: ======'machine_var_audits_events_game_ended'====== Args={'value': 6, 'prev_value': None, 'change': True}
2025-03-06 20:42:15,722 : INFO : EventManager : Event: ======'machine_var_audits_events_game_started'====== Args={'value': 7, 'prev_value': None, 'change': True}
2025-03-06 20:42:15,722 : INFO : EventManager : Event: ======'machine_var_audits_missing_switches_s_drain'====== Args={'value': 6, 'prev_value': None, 'change': True}
2025-03-06 20:42:15,722 : INFO : EventManager : Event: ======'machine_var_audits_missing_switches_s_launcher_button'====== Args={'value': 2, 'prev_value': None, 'change': True}
2025-03-06 20:42:15,722 : INFO : EventManager : Event: ======'machine_var_audits_missing_switches_s_trough_enter'====== Args={'value': 7, 'prev_value': None, 'change': True}
2025-03-06 20:42:15,722 : INFO : EventManager : Event: ======'machine_var_audits_player_score'====== Args={'value': {'average': 0, 'top': [0, 0, 0, 0, 0, 0], 'total': 6}, 'prev_value': None, 'change': True}
2025-03-06 20:42:15,722 : INFO : EventManager : Event: ======'machine_var_audits_switches_s_drain'====== Args={'value': 0, 'prev_value': None, 'change': True}
2025-03-06 20:42:15,722 : INFO : EventManager : Event: ======'machine_var_audits_switches_s_launcher_button'====== Args={'value': 4, 'prev_value': None, 'change': True}
2025-03-06 20:42:15,722 : INFO : EventManager : Event: ======'machine_var_audits_switches_s_left_flipper'====== Args={'value': 13, 'prev_value': None, 'change': True}
2025-03-06 20:42:15,722 : INFO : EventManager : Event: ======'machine_var_audits_switches_s_playfield_entry'====== Args={'value': 20, 'prev_value': None, 'change': True}
2025-03-06 20:42:15,722 : INFO : EventManager : Event: ======'machine_var_audits_switches_s_plunger_lane'====== Args={'value': 35, 'prev_value': None, 'change': True}
2025-03-06 20:42:15,722 : INFO : EventManager : Event: ======'machine_var_audits_switches_s_right_flipper'====== Args={'value': 10, 'prev_value': None, 'change': True}
2025-03-06 20:42:15,722 : INFO : EventManager : Event: ======'machine_var_audits_switches_s_trough1'====== Args={'value': 16, 'prev_value': None, 'change': True}
2025-03-06 20:42:15,722 : INFO : EventManager : Event: ======'machine_var_audits_switches_s_trough2'====== Args={'value': 4, 'prev_value': None, 'change': True}
2025-03-06 20:42:15,722 : INFO : EventManager : Event: ======'machine_var_audits_switches_s_trough3'====== Args={'value': 6, 'prev_value': None, 'change': True}
2025-03-06 20:42:15,723 : INFO : EventManager : Event: ======'machine_var_audits_switches_s_trough_enter'====== Args={'value': 0, 'prev_value': None, 'change': True}
2025-03-06 20:42:15,723 : INFO : EventManager : Event: ======'init_phase_5'====== Args={}
2025-03-06 20:42:15,753 : INFO : EventManager : Event: ======'init_done'====== Args={}
2025-03-06 20:42:15,753 : INFO : EventManager : Event: ======'machine_reset_phase_1'====== Args={}
2025-03-06 20:42:17,000 : INFO : EventManager : Event: ======'machine_var_mc_version'====== Args={'value': 'MPF-MC v0.57.1', 'prev_value': None, 'change': True}
2025-03-06 20:42:17,005 : INFO : EventManager : Event: ======'machine_var_mc_extended_version'====== Args={'value': 'MPF-MC v0.57.1 (config_version=6, BCP v1.1,                      Requires MPF API compatibility v0.57.0 or newer)', 'prev_value': None, 'change': True}
2025-03-06 20:42:17,012 : INFO : EventManager : Event: ======'machine_reset_phase_2'====== Args={}
2025-03-06 20:42:17,012 : INFO : EventManager : Event: ======'machine_reset_phase_3'====== Args={}
2025-03-06 20:42:17,012 : INFO : EventManager : Event: ======'reset_complete'====== Args={}
2025-03-06 20:42:17,012 : INFO : EventManager : Event: ======'mode_attract_will_start'====== Args={}
2025-03-06 20:42:17,013 : INFO : EventManager : Event: ======'mode_attract_starting'====== Args={}
2025-03-06 20:42:17,013 : INFO : Mode.attract : Started. Priority: 10
2025-03-06 20:42:17,013 : INFO : EventManager : Event: ======'modes_active_modes_changed'====== Args={}
2025-03-06 20:42:17,013 : INFO : EventManager : Event: ======'mode_attract_started'====== Args={}
2025-03-06 20:42:17,013 : INFO : EventManager : Event: ======'collecting_balls_complete'====== Args={}
2025-03-06 20:42:17,069 : INFO : EventManager : Event: ======'slide_welcome_slide_created'====== Args={'_from_bcp': True}
2025-03-06 20:42:17,069 : INFO : EventManager : Event: ======'slide_welcome_slide_active'====== Args={'_from_bcp': True}
2025-03-06 20:42:17,070 : INFO : Machine : Starting the main run loop.
2025-03-06 20:42:20,564 : INFO : SwitchController : <<<<<<< 's_launcher_button' active >>>>>>>
2025-03-06 20:42:20,651 : INFO : SwitchController : <<<<<<< 's_launcher_button' inactive >>>>>>>
2025-03-06 20:42:20,651 : INFO : EventManager : Event: ======'request_to_start_game'====== Args={}
2025-03-06 20:42:20,652 : INFO : EventManager : Event: ======'game_start'====== Args={'buttons': [], 'hold_time': 0.09299999999348074}
2025-03-06 20:42:20,652 : INFO : EventManager : Event: ======'mode_game_will_start'====== Args={'buttons': [], 'hold_time': 0.09299999999348074}
2025-03-06 20:42:20,655 : INFO : EventManager : Event: ======'mode_game_starting'====== Args={'buttons': [], 'hold_time': 0.09299999999348074}
2025-03-06 20:42:20,655 : INFO : EventManager : Event: ======'mode_attract_will_stop'====== Args={}
2025-03-06 20:42:20,655 : INFO : EventManager : Event: ======'mode_attract_stopping'====== Args={}
2025-03-06 20:42:20,655 : INFO : Mode.attract : Stopped.
2025-03-06 20:42:20,655 : INFO : EventManager : Event: ======'modes_active_modes_changed'====== Args={}
2025-03-06 20:42:20,657 : INFO : EventManager : Event: ======'mode_attract_stopped'====== Args={}
2025-03-06 20:42:20,657 : INFO : EventManager : Event: ======'clear'====== Args={'key': 'attract'}
2025-03-06 20:42:20,657 : INFO : Mode.game : Started. Priority: 20
2025-03-06 20:42:20,658 : INFO : EventManager : Event: ======'modes_active_modes_changed'====== Args={}
2025-03-06 20:42:20,658 : INFO : EventManager : Event: ======'mode_game_started'====== Args={'buttons': [], 'hold_time': 0.09299999999348074}
2025-03-06 20:42:20,676 : INFO : EventManager : Event: ======'game_will_start'====== Args={}
2025-03-06 20:42:20,676 : INFO : EventManager : Event: ======'game_starting'====== Args={'game': <Mode.game>}
2025-03-06 20:42:20,677 : INFO : EventManager : Unordered handler for class <Auditor> on event game_ended with priority 1. Handlers: [RegisteredHandler(callback=<bound method Auditor.disable of <Auditor>>, priority=1, kwargs={}, key=UUID('50d69c18-a4d0-448a-a9cc-ee3c9253013d'), condition=None, blocking_facility=None), RegisteredHandler(callback=<bound method Auditor._save_audits of <Auditor>>, priority=1, kwargs={}, key=UUID('815f7bab-be1a-4f9c-8308-e673c951bbf9'), condition=None, blocking_facility=None)]. The order of those handlers is not defined and they will be executed in random order. This might lead to race conditions and potential bugs.
2025-03-06 20:42:20,677 : INFO : EventManager : Event: ======'player_add_request'====== Args={}
2025-03-06 20:42:20,677 : INFO : EventManager : Event: ======'player_will_add'====== Args={'number': 1}
2025-03-06 20:42:20,678 : INFO : EventManager : Event: ======'player_adding'====== Args={'player': <Player 1>, 'number': 1}
2025-03-06 20:42:20,678 : INFO : EventManager : Event: ======'player_added'====== Args={'player': <Player 1>, 'num': 1}
2025-03-06 20:42:20,678 : INFO : Mode.game : Player added successfully. Total players: 1
2025-03-06 20:42:20,678 : INFO : EventManager : Event: ======'player_index'====== Args={'value': 0, 'prev_value': 0, 'change': 0, 'player_num': 1}
2025-03-06 20:42:20,678 : INFO : EventManager : Event: ======'player_number'====== Args={'value': 1, 'prev_value': 1, 'change': 0, 'player_num': 1}
2025-03-06 20:42:20,678 : INFO : EventManager : Event: ======'player_score'====== Args={'value': 0, 'prev_value': 0, 'change': 0, 'player_num': 1}
2025-03-06 20:42:20,679 : INFO : EventManager : Event: ======'game_started'====== Args={}
2025-03-06 20:42:20,689 : INFO : EventManager : Event: ======'player_turn_will_start'====== Args={'player': <Player 1>, 'number': 1}
2025-03-06 20:42:20,689 : INFO : EventManager : Event: ======'player_turn_starting'====== Args={'player': <Player 1>, 'number': 1}
2025-03-06 20:42:20,689 : INFO : EventManager : Event: ======'player_ball'====== Args={'value': 1, 'prev_value': 0, 'change': 1, 'player_num': 1}
2025-03-06 20:42:20,691 : INFO : EventManager : Event: ======'player_turn_started'====== Args={'player': <Player 1>, 'number': 1}
2025-03-06 20:42:20,691 : INFO : EventManager : Event: ======'ball_will_start'====== Args={'player': 1, 'ball': 1, 'balls_remaining': 2, 'is_extra_ball': False}
2025-03-06 20:42:20,694 : INFO : EventManager : Event: ======'ball_starting'====== Args={'player': 1, 'ball': 1, 'balls_remaining': 2, 'is_extra_ball': False}
2025-03-06 20:42:20,694 : INFO : EventManager : Event: ======'balls_in_play'====== Args={'balls': 1}
2025-03-06 20:42:20,694 : INFO : EventManager : Event: ======'ball_started'====== Args={'player': 1, 'ball': 1, 'balls_remaining': 2, 'is_extra_ball': False}
2025-03-06 20:42:20,695 : INFO : EventManager : Event: ======'single_player_ball_started'====== Args={}
2025-03-06 20:42:20,695 : INFO : EventManager : Event: ======'ball_start_target'====== Args={'target': 'playfield'}
2025-03-06 20:42:20,695 : INFO : ball_device.bd_plunger_lane : Setting up player-controlled eject. Balls: 1, Target: <playfield.playfield>, player_controlled_eject_event: None
2025-03-06 20:42:20,695 : INFO : ball_device.bd_plunger_lane : Adding 1 ball(s) to the eject_queue with target <playfield.playfield>.
2025-03-06 20:42:20,695 : INFO : EventManager : Event: ======'balldevice_balls_available'====== Args={}
2025-03-06 20:42:20,696 : INFO : ball_device.bd_trough : State: waiting_for_target_ready
2025-03-06 20:42:20,696 : INFO : EventManager : Event: ======'balldevice_bd_trough_ball_eject_attempt'====== Args={'balls': 1, 'target': <ball_device.bd_plunger_lane>, 'source': <ball_device.bd_trough>, 'mechanical_eject': False, 'num_attempts': 0}
2025-03-06 20:42:20,696 : INFO : ball_device.bd_plunger_lane : State: waiting_for_ball
2025-03-06 20:42:20,696 : INFO : ball_device.bd_trough : State: ejecting
2025-03-06 20:42:20,696 : INFO : ball_device.bd_trough : Ejecting ball to <ball_device.bd_plunger_lane>
2025-03-06 20:42:20,696 : INFO : EventManager : Event: ======'balldevice_bd_trough_ejecting_ball'====== Args={'balls': 1, 'target': <ball_device.bd_plunger_lane>, 'source': <ball_device.bd_trough>, 'mechanical_eject': False, 'num_attempts': 0}
2025-03-06 20:42:20,696 : INFO : ball_device.bd_trough : Wait for ball to leave device
2025-03-06 20:42:20,696 : INFO : coil.c_trough_release : Pulsing Driver for 20ms (1.0 pulse_power)
2025-03-06 20:42:20,696 : INFO : SwitchController : <<<<<<< 's_trough1' inactive >>>>>>>
2025-03-06 20:42:20,699 : INFO : ball_device.bd_trough : State: ball_left
2025-03-06 20:42:20,699 : INFO : ball_device.bd_trough : Ball left
2025-03-06 20:42:20,699 : INFO : ball_device.bd_trough : Wait for confirm with timeout 3.0
2025-03-06 20:42:20,702 : INFO : EventManager : Event: ======'slide__global.slide_player-ball_started_created'====== Args={'_from_bcp': True}
2025-03-06 20:42:20,702 : INFO : EventManager : Event: ======'slide__global.slide_player-ball_started_active'====== Args={'_from_bcp': True}
2025-03-06 20:42:20,807 : INFO : SwitchController : <<<<<<< 's_plunger_lane' active >>>>>>>
2025-03-06 20:42:20,808 : INFO : EventManager : Event: ======'machine_var_audits_switches_s_plunger_lane'====== Args={'value': 36, 'prev_value': 35, 'change': 1}
2025-03-06 20:42:21,323 : INFO : ball_device.bd_plunger_lane : Received ball from <ball_device.bd_trough>
2025-03-06 20:42:21,324 : INFO : EventManager : Event: ======'balldevice_bd_plunger_lane_ball_enter'====== Args={'new_balls': 1, 'unclaimed_balls': 0, 'new_available_balls': 0, 'device': <ball_device.bd_plunger_lane>}
2025-03-06 20:42:21,325 : INFO : EventManager : Event: ======'balldevice_bd_plunger_lane_ball_entered'====== Args={'new_balls': 0, 'device': <ball_device.bd_plunger_lane>}
2025-03-06 20:42:21,325 : INFO : EventManager : Event: ======'balldevice_bd_plunger_lane_ball_count_changed'====== Args={'balls': 1}
2025-03-06 20:42:21,325 : INFO : ball_device.bd_trough : Got eject confirm
2025-03-06 20:42:21,327 : INFO : ball_device.bd_trough : Eject successful
2025-03-06 20:42:21,327 : INFO : EventManager : Event: ======'balldevice_bd_trough_ball_eject_success'====== Args={'balls': 1, 'target': <ball_device.bd_plunger_lane>}
2025-03-06 20:42:21,327 : INFO : ball_device.bd_plunger_lane : State: waiting_for_target_ready
2025-03-06 20:42:21,328 : INFO : EventManager : Event: ======'balldevice_bd_plunger_lane_ball_eject_attempt'====== Args={'balls': 1, 'target': <playfield.playfield>, 'source': <ball_device.bd_plunger_lane>, 'mechanical_eject': False, 'num_attempts': 0}
2025-03-06 20:42:21,328 : INFO : EventManager : Event: ======'balldevice_bd_trough_ball_count_changed'====== Args={'balls': 2}
2025-03-06 20:42:21,328 : INFO : ball_device.bd_trough : State: idle
2025-03-06 20:42:21,329 : INFO : ball_device.bd_plunger_lane : State: ejecting
2025-03-06 20:42:21,330 : INFO : ball_device.bd_plunger_lane : Ejecting ball to <playfield.playfield>
2025-03-06 20:42:21,330 : INFO : EventManager : Event: ======'balldevice_bd_plunger_lane_ejecting_ball'====== Args={'balls': 1, 'target': <playfield.playfield>, 'source': <ball_device.bd_plunger_lane>, 'mechanical_eject': False, 'num_attempts': 0}
2025-03-06 20:42:21,331 : INFO : ball_device.bd_plunger_lane : Wait for ball to leave device
2025-03-06 20:42:21,332 : INFO : coil.c_autolauncher : Pulsing Driver for 20ms (1.0 pulse_power)
2025-03-06 20:42:21,332 : INFO : SwitchController : <<<<<<< 's_plunger_lane' inactive >>>>>>>
2025-03-06 20:42:21,375 : INFO : SwitchController : <<<<<<< 's_playfield_entry' active >>>>>>>
2025-03-06 20:42:21,375 : INFO : EventManager : Event: ======'sw_playfield_active'====== Args={}
2025-03-06 20:42:21,375 : INFO : EventManager : Event: ======'machine_var_audits_switches_s_playfield_entry'====== Args={'value': 21, 'prev_value': 20, 'change': 1}
2025-03-06 20:42:21,376 : INFO : EventManager : Event: ======'playfield_active'====== Args={}
2025-03-06 20:42:21,382 : INFO : SwitchController : <<<<<<< 's_playfield_entry' inactive >>>>>>>
2025-03-06 20:42:21,382 : INFO : ball_device.bd_plunger_lane : State: ball_left
2025-03-06 20:42:21,382 : INFO : ball_device.bd_plunger_lane : Ball left
2025-03-06 20:42:21,382 : INFO : ball_device.bd_plunger_lane : Wait for confirm with timeout 3.0
2025-03-06 20:42:21,956 : INFO : SwitchController : <<<<<<< 's_left_flipper' active >>>>>>>
2025-03-06 20:42:21,957 : INFO : EventManager : Event: ======'machine_var_audits_switches_s_left_flipper'====== Args={'value': 14, 'prev_value': 13, 'change': 1}
2025-03-06 20:42:22,071 : INFO : SwitchController : <<<<<<< 's_left_flipper' inactive >>>>>>>
2025-03-06 20:42:23,081 : INFO : SwitchController : <<<<<<< 's_trough1' active >>>>>>>
2025-03-06 20:42:23,082 : INFO : EventManager : Event: ======'machine_var_audits_switches_s_trough1'====== Args={'value': 17, 'prev_value': 16, 'change': 1}
2025-03-06 20:42:23,402 : INFO : EventManager : Event: ======'balldevice_bd_trough_ball_count_changed'====== Args={'balls': 3}
2025-03-06 20:42:23,403 : INFO : ball_device.bd_trough : Received unexpected ball
2025-03-06 20:42:23,403 : INFO : EventManager : Event: ======'balldevice_captured_from_playfield'====== Args={'balls': 1}
2025-03-06 20:42:23,404 : INFO : EventManager : Event: ======'sw_playfield_active'====== Args={'balls': 1}
2025-03-06 20:42:23,404 : INFO : EventManager : Event: ======'playfield_active'====== Args={}
2025-03-06 20:42:23,404 : INFO : EventManager : Event: ======'playfield_ball_count_change'====== Args={'balls': -1, 'change': -1}
2025-03-06 20:42:23,405 : INFO : EventManager : Event: ======'balldevice_bd_trough_ball_enter'====== Args={'new_balls': 1, 'unclaimed_balls': 1, 'new_available_balls': 1, 'device': <ball_device.bd_trough>}
2025-03-06 20:42:23,405 : INFO : EventManager : Event: ======'ball_drain'====== Args={'device': <ball_device.bd_trough>, 'balls': 1}
2025-03-06 20:42:23,405 : INFO : ball_device.bd_plunger_lane : Got eject confirm
2025-03-06 20:42:23,405 : INFO : ball_device.bd_plunger_lane : Eject successful
2025-03-06 20:42:23,406 : INFO : EventManager : Event: ======'balldevice_bd_plunger_lane_ball_eject_success'====== Args={'balls': 1, 'target': <playfield.playfield>}
2025-03-06 20:42:23,406 : INFO : EventManager : Event: ======'balldevice_playfield_ball_enter'====== Args={'new_balls': 1, 'unclaimed_balls': 1, 'device': <playfield.playfield>}
2025-03-06 20:42:23,406 : INFO : EventManager : Event: ======'playfield_ball_count_change'====== Args={'balls': 0, 'change': 1}
2025-03-06 20:42:23,406 : INFO : EventManager : Event: ======'ball_will_end'====== Args={}
2025-03-06 20:42:23,406 : INFO : EventManager : Event: ======'balldevice_balls_available'====== Args={}
2025-03-06 20:42:23,406 : INFO : EventManager : Event: ======'balldevice_bd_trough_ball_entered'====== Args={'new_balls': 1, 'device': <ball_device.bd_trough>}
2025-03-06 20:42:23,407 : INFO : EventManager : Event: ======'balldevice_bd_plunger_lane_ball_count_changed'====== Args={'balls': 0}
2025-03-06 20:42:23,407 : INFO : ball_device.bd_plunger_lane : State: idle
2025-03-06 20:42:23,407 : INFO : EventManager : Event: ======'ball_ending'====== Args={}
2025-03-06 20:42:23,408 : INFO : EventManager : Event: ======'ball_ended'====== Args={}
2025-03-06 20:42:23,410 : INFO : EventManager : Event: ======'player_turn_will_end'====== Args={'player': <Player 1>, 'number': 1}
2025-03-06 20:42:23,417 : INFO : EventManager : Event: ======'player_turn_ending'====== Args={'player': <Player 1>, 'number': 1}
2025-03-06 20:42:23,417 : INFO : EventManager : Event: ======'player_turn_ended'====== Args={'player': <Player 1>, 'number': 1}
2025-03-06 20:42:23,417 : INFO : EventManager : Event: ======'player_turn_will_start'====== Args={'player': <Player 1>, 'number': 1}
2025-03-06 20:42:23,417 : INFO : EventManager : Event: ======'player_turn_starting'====== Args={'player': <Player 1>, 'number': 1}
2025-03-06 20:42:23,417 : INFO : EventManager : Event: ======'player_ball'====== Args={'value': 2, 'prev_value': 1, 'change': 1, 'player_num': 1}
2025-03-06 20:42:23,418 : INFO : EventManager : Event: ======'player_turn_started'====== Args={'player': <Player 1>, 'number': 1}
2025-03-06 20:42:23,418 : INFO : EventManager : Event: ======'ball_will_start'====== Args={'player': 1, 'ball': 2, 'balls_remaining': 1, 'is_extra_ball': False}
2025-03-06 20:42:23,427 : INFO : EventManager : Event: ======'ball_starting'====== Args={'player': 1, 'ball': 2, 'balls_remaining': 1, 'is_extra_ball': False}
2025-03-06 20:42:23,427 : INFO : EventManager : Event: ======'balls_in_play'====== Args={'balls': 1}
2025-03-06 20:42:23,427 : INFO : EventManager : Event: ======'ball_started'====== Args={'player': 1, 'ball': 2, 'balls_remaining': 1, 'is_extra_ball': False}
2025-03-06 20:42:23,428 : INFO : EventManager : Event: ======'single_player_ball_started'====== Args={}
2025-03-06 20:42:23,429 : INFO : EventManager : Event: ======'ball_start_target'====== Args={'target': 'playfield'}
2025-03-06 20:42:23,429 : INFO : ball_device.bd_plunger_lane : Setting up player-controlled eject. Balls: 1, Target: <playfield.playfield>, player_controlled_eject_event: None
2025-03-06 20:42:23,429 : INFO : ball_device.bd_plunger_lane : Adding 1 ball(s) to the eject_queue with target <playfield.playfield>.
2025-03-06 20:42:23,429 : INFO : EventManager : Event: ======'balldevice_balls_available'====== Args={}
2025-03-06 20:42:23,430 : INFO : ball_device.bd_trough : State: waiting_for_target_ready
2025-03-06 20:42:23,430 : INFO : EventManager : Event: ======'balldevice_bd_trough_ball_eject_attempt'====== Args={'balls': 1, 'target': <ball_device.bd_plunger_lane>, 'source': <ball_device.bd_trough>, 'mechanical_eject': False, 'num_attempts': 0}
2025-03-06 20:42:23,430 : INFO : ball_device.bd_plunger_lane : State: waiting_for_ball
2025-03-06 20:42:23,430 : INFO : ball_device.bd_trough : State: ejecting
2025-03-06 20:42:23,430 : INFO : ball_device.bd_trough : Ejecting ball to <ball_device.bd_plunger_lane>
2025-03-06 20:42:23,431 : INFO : EventManager : Event: ======'balldevice_bd_trough_ejecting_ball'====== Args={'balls': 1, 'target': <ball_device.bd_plunger_lane>, 'source': <ball_device.bd_trough>, 'mechanical_eject': False, 'num_attempts': 0}
2025-03-06 20:42:23,431 : INFO : ball_device.bd_trough : Wait for ball to leave device
2025-03-06 20:42:23,431 : INFO : coil.c_trough_release : Pulsing Driver for 20ms (1.0 pulse_power)
2025-03-06 20:42:23,431 : INFO : SwitchController : <<<<<<< 's_trough1' inactive >>>>>>>
2025-03-06 20:42:23,437 : INFO : ball_device.bd_trough : State: ball_left
2025-03-06 20:42:23,437 : INFO : ball_device.bd_trough : Ball left
2025-03-06 20:42:23,437 : INFO : ball_device.bd_trough : Wait for confirm with timeout 3.0
2025-03-06 20:42:23,439 : INFO : EventManager : Event: ======'slide__global.slide_player-ball_started_removed'====== Args={'_from_bcp': True}
2025-03-06 20:42:23,443 : INFO : EventManager : Event: ======'slide__global.slide_player-ball_started_created'====== Args={'_from_bcp': True}
2025-03-06 20:42:23,445 : INFO : EventManager : Event: ======'slide__global.slide_player-ball_started_active'====== Args={'_from_bcp': True}
2025-03-06 20:42:23,548 : INFO : SwitchController : <<<<<<< 's_plunger_lane' active >>>>>>>
2025-03-06 20:42:23,549 : INFO : EventManager : Event: ======'machine_var_audits_switches_s_plunger_lane'====== Args={'value': 37, 'prev_value': 36, 'change': 1}
2025-03-06 20:42:24,065 : INFO : ball_device.bd_plunger_lane : Received ball from <ball_device.bd_trough>
2025-03-06 20:42:24,066 : INFO : EventManager : Event: ======'balldevice_bd_plunger_lane_ball_enter'====== Args={'new_balls': 1, 'unclaimed_balls': 0, 'new_available_balls': 0, 'device': <ball_device.bd_plunger_lane>}
2025-03-06 20:42:24,068 : INFO : EventManager : Event: ======'balldevice_bd_plunger_lane_ball_entered'====== Args={'new_balls': 0, 'device': <ball_device.bd_plunger_lane>}
2025-03-06 20:42:24,069 : INFO : EventManager : Event: ======'balldevice_bd_plunger_lane_ball_count_changed'====== Args={'balls': 1}
2025-03-06 20:42:24,069 : INFO : ball_device.bd_trough : Got eject confirm
2025-03-06 20:42:24,069 : INFO : ball_device.bd_trough : Eject successful
2025-03-06 20:42:24,069 : INFO : EventManager : Event: ======'balldevice_bd_trough_ball_eject_success'====== Args={'balls': 1, 'target': <ball_device.bd_plunger_lane>}
2025-03-06 20:42:24,071 : INFO : ball_device.bd_plunger_lane : State: waiting_for_target_ready
2025-03-06 20:42:24,071 : INFO : EventManager : Event: ======'balldevice_bd_plunger_lane_ball_eject_attempt'====== Args={'balls': 1, 'target': <playfield.playfield>, 'source': <ball_device.bd_plunger_lane>, 'mechanical_eject': False, 'num_attempts': 0}
2025-03-06 20:42:24,073 : INFO : EventManager : Event: ======'balldevice_bd_trough_ball_count_changed'====== Args={'balls': 2}
2025-03-06 20:42:24,073 : INFO : ball_device.bd_trough : State: idle
2025-03-06 20:42:24,074 : INFO : ball_device.bd_plunger_lane : State: ejecting
2025-03-06 20:42:24,074 : INFO : ball_device.bd_plunger_lane : Ejecting ball to <playfield.playfield>
2025-03-06 20:42:24,074 : INFO : EventManager : Event: ======'balldevice_bd_plunger_lane_ejecting_ball'====== Args={'balls': 1, 'target': <playfield.playfield>, 'source': <ball_device.bd_plunger_lane>, 'mechanical_eject': False, 'num_attempts': 0}
2025-03-06 20:42:24,076 : INFO : ball_device.bd_plunger_lane : Wait for ball to leave device
2025-03-06 20:42:24,076 : INFO : coil.c_autolauncher : Pulsing Driver for 20ms (1.0 pulse_power)
2025-03-06 20:42:24,076 : INFO : SwitchController : <<<<<<< 's_plunger_lane' inactive >>>>>>>
2025-03-06 20:42:24,109 : INFO : ball_device.bd_plunger_lane : State: ball_left
2025-03-06 20:42:24,109 : INFO : ball_device.bd_plunger_lane : Ball left
2025-03-06 20:42:24,109 : INFO : ball_device.bd_plunger_lane : Wait for confirm with timeout 3.0
2025-03-06 20:42:24,142 : INFO : SwitchController : <<<<<<< 's_playfield_entry' active >>>>>>>
2025-03-06 20:42:24,143 : INFO : EventManager : Event: ======'sw_playfield_active'====== Args={}
2025-03-06 20:42:24,144 : INFO : EventManager : Event: ======'machine_var_audits_switches_s_playfield_entry'====== Args={'value': 22, 'prev_value': 21, 'change': 1}
2025-03-06 20:42:24,148 : INFO : EventManager : Event: ======'playfield_active'====== Args={}
2025-03-06 20:42:24,183 : INFO : SwitchController : <<<<<<< 's_playfield_entry' inactive >>>>>>>
2025-03-06 20:42:24,204 : INFO : ball_device.bd_plunger_lane : Got eject confirm
2025-03-06 20:42:24,204 : INFO : ball_device.bd_plunger_lane : Eject successful
2025-03-06 20:42:24,205 : INFO : EventManager : Event: ======'balldevice_bd_plunger_lane_ball_eject_success'====== Args={'balls': 1, 'target': <playfield.playfield>}
2025-03-06 20:42:24,205 : INFO : EventManager : Event: ======'balldevice_playfield_ball_enter'====== Args={'new_balls': 1, 'unclaimed_balls': 1, 'device': <playfield.playfield>}
2025-03-06 20:42:24,205 : INFO : EventManager : Event: ======'playfield_ball_count_change'====== Args={'balls': 1, 'change': 1}
2025-03-06 20:42:24,205 : INFO : EventManager : Event: ======'balldevice_bd_plunger_lane_ball_count_changed'====== Args={'balls': 0}
2025-03-06 20:42:24,593 : INFO : ball_device.bd_plunger_lane : State: idle
2025-03-06 20:42:24,955 : INFO : SwitchController : <<<<<<< 's_trough1' active >>>>>>>
2025-03-06 20:42:24,955 : INFO : EventManager : Event: ======'machine_var_audits_switches_s_trough1'====== Args={'value': 18, 'prev_value': 17, 'change': 1}
2025-03-06 20:42:25,263 : INFO : EventManager : Event: ======'balldevice_bd_trough_ball_count_changed'====== Args={'balls': 3}
2025-03-06 20:42:25,263 : INFO : ball_device.bd_trough : Received unexpected ball
2025-03-06 20:42:25,263 : INFO : EventManager : Event: ======'balldevice_captured_from_playfield'====== Args={'balls': 1}
2025-03-06 20:42:25,265 : INFO : EventManager : Event: ======'sw_playfield_active'====== Args={'balls': 1}
2025-03-06 20:42:25,265 : INFO : EventManager : Event: ======'playfield_ball_count_change'====== Args={'balls': 0, 'change': -1}
2025-03-06 20:42:25,266 : INFO : EventManager : Event: ======'balldevice_bd_trough_ball_enter'====== Args={'new_balls': 1, 'unclaimed_balls': 1, 'new_available_balls': 1, 'device': <ball_device.bd_trough>}
2025-03-06 20:42:25,266 : INFO : EventManager : Event: ======'ball_drain'====== Args={'device': <ball_device.bd_trough>, 'balls': 1}
2025-03-06 20:42:25,266 : INFO : EventManager : Event: ======'ball_will_end'====== Args={}
2025-03-06 20:42:25,266 : INFO : EventManager : Event: ======'balldevice_balls_available'====== Args={}
2025-03-06 20:42:25,268 : INFO : EventManager : Event: ======'balldevice_bd_trough_ball_entered'====== Args={'new_balls': 1, 'device': <ball_device.bd_trough>}
2025-03-06 20:42:25,268 : INFO : EventManager : Event: ======'ball_ending'====== Args={}
2025-03-06 20:42:25,269 : INFO : EventManager : Event: ======'ball_ended'====== Args={}
2025-03-06 20:42:25,272 : INFO : EventManager : Event: ======'player_turn_will_end'====== Args={'player': <Player 1>, 'number': 1}
2025-03-06 20:42:25,285 : INFO : EventManager : Event: ======'player_turn_ending'====== Args={'player': <Player 1>, 'number': 1}
2025-03-06 20:42:25,286 : INFO : EventManager : Event: ======'player_turn_ended'====== Args={'player': <Player 1>, 'number': 1}
2025-03-06 20:42:25,286 : INFO : EventManager : Event: ======'player_turn_will_start'====== Args={'player': <Player 1>, 'number': 1}
2025-03-06 20:42:25,287 : INFO : EventManager : Event: ======'player_turn_starting'====== Args={'player': <Player 1>, 'number': 1}
2025-03-06 20:42:25,287 : INFO : EventManager : Event: ======'player_ball'====== Args={'value': 3, 'prev_value': 2, 'change': 1, 'player_num': 1}
2025-03-06 20:42:25,287 : INFO : EventManager : Event: ======'player_turn_started'====== Args={'player': <Player 1>, 'number': 1}
2025-03-06 20:42:25,289 : INFO : EventManager : Event: ======'ball_will_start'====== Args={'player': 1, 'ball': 3, 'balls_remaining': 0, 'is_extra_ball': False}
2025-03-06 20:42:25,298 : INFO : EventManager : Event: ======'ball_starting'====== Args={'player': 1, 'ball': 3, 'balls_remaining': 0, 'is_extra_ball': False}
2025-03-06 20:42:25,299 : INFO : EventManager : Event: ======'balls_in_play'====== Args={'balls': 1}
2025-03-06 20:42:25,299 : INFO : EventManager : Event: ======'ball_started'====== Args={'player': 1, 'ball': 3, 'balls_remaining': 0, 'is_extra_ball': False}
2025-03-06 20:42:25,301 : INFO : EventManager : Event: ======'single_player_ball_started'====== Args={}
2025-03-06 20:42:25,302 : INFO : EventManager : Event: ======'ball_start_target'====== Args={'target': 'playfield'}
2025-03-06 20:42:25,302 : INFO : ball_device.bd_plunger_lane : Setting up player-controlled eject. Balls: 1, Target: <playfield.playfield>, player_controlled_eject_event: None
2025-03-06 20:42:25,302 : INFO : ball_device.bd_plunger_lane : Adding 1 ball(s) to the eject_queue with target <playfield.playfield>.
2025-03-06 20:42:25,302 : INFO : EventManager : Event: ======'balldevice_balls_available'====== Args={}
2025-03-06 20:42:25,303 : INFO : ball_device.bd_trough : State: waiting_for_target_ready
2025-03-06 20:42:25,303 : INFO : EventManager : Event: ======'balldevice_bd_trough_ball_eject_attempt'====== Args={'balls': 1, 'target': <ball_device.bd_plunger_lane>, 'source': <ball_device.bd_trough>, 'mechanical_eject': False, 'num_attempts': 0}
2025-03-06 20:42:25,303 : INFO : ball_device.bd_plunger_lane : State: waiting_for_ball
2025-03-06 20:42:25,304 : INFO : ball_device.bd_trough : State: ejecting
2025-03-06 20:42:25,304 : INFO : ball_device.bd_trough : Ejecting ball to <ball_device.bd_plunger_lane>
2025-03-06 20:42:25,304 : INFO : EventManager : Event: ======'balldevice_bd_trough_ejecting_ball'====== Args={'balls': 1, 'target': <ball_device.bd_plunger_lane>, 'source': <ball_device.bd_trough>, 'mechanical_eject': False, 'num_attempts': 0}
2025-03-06 20:42:25,304 : INFO : ball_device.bd_trough : Wait for ball to leave device
2025-03-06 20:42:25,305 : INFO : coil.c_trough_release : Pulsing Driver for 20ms (1.0 pulse_power)
2025-03-06 20:42:25,305 : INFO : SwitchController : <<<<<<< 's_trough1' inactive >>>>>>>
2025-03-06 20:42:25,318 : INFO : ball_device.bd_trough : State: ball_left
2025-03-06 20:42:25,318 : INFO : ball_device.bd_trough : Ball left
2025-03-06 20:42:25,318 : INFO : ball_device.bd_trough : Wait for confirm with timeout 3.0
2025-03-06 20:42:25,324 : INFO : EventManager : Event: ======'slide__global.slide_player-ball_started_removed'====== Args={'_from_bcp': True}
2025-03-06 20:42:25,324 : INFO : EventManager : Event: ======'slide__global.slide_player-ball_started_created'====== Args={'_from_bcp': True}
2025-03-06 20:42:25,325 : INFO : EventManager : Event: ======'slide__global.slide_player-ball_started_active'====== Args={'_from_bcp': True}
2025-03-06 20:42:25,432 : INFO : SwitchController : <<<<<<< 's_plunger_lane' active >>>>>>>
2025-03-06 20:42:25,433 : INFO : EventManager : Event: ======'machine_var_audits_switches_s_plunger_lane'====== Args={'value': 38, 'prev_value': 37, 'change': 1}
2025-03-06 20:42:25,949 : INFO : ball_device.bd_plunger_lane : Received ball from <ball_device.bd_trough>
2025-03-06 20:42:25,949 : INFO : EventManager : Event: ======'balldevice_bd_plunger_lane_ball_enter'====== Args={'new_balls': 1, 'unclaimed_balls': 0, 'new_available_balls': 0, 'device': <ball_device.bd_plunger_lane>}
2025-03-06 20:42:25,951 : INFO : EventManager : Event: ======'balldevice_bd_plunger_lane_ball_entered'====== Args={'new_balls': 0, 'device': <ball_device.bd_plunger_lane>}
2025-03-06 20:42:25,952 : INFO : EventManager : Event: ======'balldevice_bd_plunger_lane_ball_count_changed'====== Args={'balls': 1}
2025-03-06 20:42:25,952 : INFO : ball_device.bd_trough : Got eject confirm
2025-03-06 20:42:25,952 : INFO : ball_device.bd_trough : Eject successful
2025-03-06 20:42:25,953 : INFO : EventManager : Event: ======'balldevice_bd_trough_ball_eject_success'====== Args={'balls': 1, 'target': <ball_device.bd_plunger_lane>}
2025-03-06 20:42:25,954 : INFO : ball_device.bd_plunger_lane : State: waiting_for_target_ready
2025-03-06 20:42:25,955 : INFO : EventManager : Event: ======'balldevice_bd_plunger_lane_ball_eject_attempt'====== Args={'balls': 1, 'target': <playfield.playfield>, 'source': <ball_device.bd_plunger_lane>, 'mechanical_eject': False, 'num_attempts': 0}
2025-03-06 20:42:25,955 : INFO : EventManager : Event: ======'balldevice_bd_trough_ball_count_changed'====== Args={'balls': 2}
2025-03-06 20:42:25,956 : INFO : ball_device.bd_trough : State: idle
2025-03-06 20:42:25,956 : INFO : ball_device.bd_plunger_lane : State: ejecting
2025-03-06 20:42:25,957 : INFO : ball_device.bd_plunger_lane : Ejecting ball to <playfield.playfield>
2025-03-06 20:42:25,957 : INFO : EventManager : Event: ======'balldevice_bd_plunger_lane_ejecting_ball'====== Args={'balls': 1, 'target': <playfield.playfield>, 'source': <ball_device.bd_plunger_lane>, 'mechanical_eject': False, 'num_attempts': 0}
2025-03-06 20:42:25,958 : INFO : ball_device.bd_plunger_lane : Wait for ball to leave device
2025-03-06 20:42:25,958 : INFO : coil.c_autolauncher : Pulsing Driver for 20ms (1.0 pulse_power)
2025-03-06 20:42:25,958 : INFO : SwitchController : <<<<<<< 's_plunger_lane' inactive >>>>>>>
2025-03-06 20:42:25,987 : INFO : ball_device.bd_plunger_lane : State: ball_left
2025-03-06 20:42:25,987 : INFO : ball_device.bd_plunger_lane : Ball left
2025-03-06 20:42:25,988 : INFO : ball_device.bd_plunger_lane : Wait for confirm with timeout 3.0
2025-03-06 20:42:26,011 : INFO : SwitchController : <<<<<<< 's_playfield_entry' active >>>>>>>
2025-03-06 20:42:26,012 : INFO : EventManager : Event: ======'sw_playfield_active'====== Args={}
2025-03-06 20:42:26,012 : INFO : EventManager : Event: ======'machine_var_audits_switches_s_playfield_entry'====== Args={'value': 23, 'prev_value': 22, 'change': 1}
2025-03-06 20:42:26,014 : INFO : EventManager : Event: ======'playfield_active'====== Args={}
2025-03-06 20:42:26,054 : INFO : SwitchController : <<<<<<< 's_playfield_entry' inactive >>>>>>>
2025-03-06 20:42:26,089 : INFO : ball_device.bd_plunger_lane : Got eject confirm
2025-03-06 20:42:26,091 : INFO : ball_device.bd_plunger_lane : Eject successful
2025-03-06 20:42:26,091 : INFO : EventManager : Event: ======'balldevice_bd_plunger_lane_ball_eject_success'====== Args={'balls': 1, 'target': <playfield.playfield>}
2025-03-06 20:42:26,092 : INFO : EventManager : Event: ======'balldevice_playfield_ball_enter'====== Args={'new_balls': 1, 'unclaimed_balls': 1, 'device': <playfield.playfield>}
2025-03-06 20:42:26,093 : INFO : EventManager : Event: ======'playfield_ball_count_change'====== Args={'balls': 1, 'change': 1}
2025-03-06 20:42:26,093 : INFO : EventManager : Event: ======'balldevice_bd_plunger_lane_ball_count_changed'====== Args={'balls': 0}
2025-03-06 20:42:26,446 : INFO : ball_device.bd_plunger_lane : State: idle
2025-03-06 20:42:27,970 : INFO : SwitchController : <<<<<<< 's_trough1' active >>>>>>>
2025-03-06 20:42:27,971 : INFO : EventManager : Event: ======'machine_var_audits_switches_s_trough1'====== Args={'value': 19, 'prev_value': 18, 'change': 1}
2025-03-06 20:42:28,277 : INFO : EventManager : Event: ======'balldevice_bd_trough_ball_count_changed'====== Args={'balls': 3}
2025-03-06 20:42:28,277 : INFO : ball_device.bd_trough : Received unexpected ball
2025-03-06 20:42:28,277 : INFO : EventManager : Event: ======'balldevice_captured_from_playfield'====== Args={'balls': 1}
2025-03-06 20:42:28,278 : INFO : EventManager : Event: ======'sw_playfield_active'====== Args={'balls': 1}
2025-03-06 20:42:28,278 : INFO : EventManager : Event: ======'playfield_ball_count_change'====== Args={'balls': 0, 'change': -1}
2025-03-06 20:42:28,280 : INFO : EventManager : Event: ======'balldevice_bd_trough_ball_enter'====== Args={'new_balls': 1, 'unclaimed_balls': 1, 'new_available_balls': 1, 'device': <ball_device.bd_trough>}
2025-03-06 20:42:28,280 : INFO : EventManager : Event: ======'ball_drain'====== Args={'device': <ball_device.bd_trough>, 'balls': 1}
2025-03-06 20:42:28,282 : INFO : EventManager : Event: ======'ball_will_end'====== Args={}
2025-03-06 20:42:28,282 : INFO : EventManager : Event: ======'balldevice_balls_available'====== Args={}
2025-03-06 20:42:28,283 : INFO : EventManager : Event: ======'balldevice_bd_trough_ball_entered'====== Args={'new_balls': 1, 'device': <ball_device.bd_trough>}
2025-03-06 20:42:28,284 : INFO : EventManager : Event: ======'ball_ending'====== Args={}
2025-03-06 20:42:28,284 : INFO : EventManager : Event: ======'ball_ended'====== Args={}
2025-03-06 20:42:28,287 : INFO : EventManager : Event: ======'player_turn_will_end'====== Args={'player': <Player 1>, 'number': 1}
2025-03-06 20:42:28,299 : INFO : EventManager : Event: ======'player_turn_ending'====== Args={'player': <Player 1>, 'number': 1}
2025-03-06 20:42:28,300 : INFO : EventManager : Event: ======'player_turn_ended'====== Args={'player': <Player 1>, 'number': 1}
2025-03-06 20:42:28,300 : INFO : EventManager : Event: ======'game_will_end'====== Args={}
2025-03-06 20:42:28,301 : INFO : EventManager : Event: ======'game_ending'====== Args={}
2025-03-06 20:42:28,302 : INFO : EventManager : Event: ======'game_ended'====== Args={}
2025-03-06 20:42:28,302 : INFO : EventManager : Event: ======'mode_game_will_stop'====== Args={}
2025-03-06 20:42:28,303 : INFO : EventManager : Event: ======'mode_game_stopping'====== Args={}
2025-03-06 20:42:28,303 : INFO : EventManager : Event: ======'mode_attract_will_start'====== Args={}
2025-03-06 20:42:28,304 : INFO : EventManager : Event: ======'mode_attract_starting'====== Args={}
2025-03-06 20:42:28,304 : INFO : Mode.attract : Started. Priority: 10
2025-03-06 20:42:28,304 : INFO : EventManager : Event: ======'modes_active_modes_changed'====== Args={}
2025-03-06 20:42:28,304 : INFO : EventManager : Event: ======'mode_attract_started'====== Args={}
2025-03-06 20:42:28,305 : INFO : EventManager : Event: ======'collecting_balls_complete'====== Args={}
2025-03-06 20:42:28,306 : INFO : Mode.game : Stopped.
2025-03-06 20:42:28,306 : INFO : EventManager : Event: ======'modes_active_modes_changed'====== Args={}
2025-03-06 20:42:28,307 : INFO : EventManager : Event: ======'mode_game_stopped'====== Args={}
2025-03-06 20:42:28,307 : INFO : EventManager : Event: ======'clear'====== Args={'key': 'game'}
2025-03-06 20:42:28,318 : INFO : EventManager : Event: ======'slide_welcome_slide_removed'====== Args={'_from_bcp': True}
2025-03-06 20:42:28,323 : INFO : EventManager : Event: ======'slide_welcome_slide_created'====== Args={'_from_bcp': True}
2025-03-06 20:42:28,323 : INFO : EventManager : Event: ======'slide_welcome_slide_active'====== Args={'_from_bcp': True}
2025-03-06 20:42:31,406 : INFO : Machine : Shutting down...
2025-03-06 20:42:31,406 : INFO : EventManager : Event: ======'shutdown'====== Args={}
2025-03-06 20:42:31,415 : INFO : root : MPF run loop ended.
