2025-03-10 18:40:35,688 : INFO : root : Loading config.
2025-03-10 18:40:35,692 : INFO : YamlMultifileConfigLoader : Machine config file #1: config.yaml
2025-03-10 18:40:35,693 : WARNING : ConfigProcessor : Config file in cache changed: C:\Users\duffb\OneDrive\Documents\Python Envs\PinBallWW1\Machine\config\config.yaml
2025-03-10 18:40:35,693 : INFO : ConfigProcessor : Loading config from file C:\Users\duffb\.pyenv\pyenv-win\versions\3.11.0\Lib\site-packages\mpf\mpfconfig.yaml.
2025-03-10 18:40:35,705 : INFO : ConfigProcessor : Loading config: C:\Users\duffb\.pyenv\pyenv-win\versions\3.11.0\Lib\site-packages\mpf\mpfconfig.yaml
2025-03-10 18:40:35,706 : INFO : ConfigProcessor : Loading config from file C:\Users\duffb\OneDrive\Documents\Python Envs\PinBallWW1\Machine\config\config.yaml.
2025-03-10 18:40:35,712 : INFO : ConfigProcessor : Loading config: C:\Users\duffb\OneDrive\Documents\Python Envs\PinBallWW1\Machine\config\config.yaml
2025-03-10 18:40:35,714 : INFO : ConfigProcessor : Config file cache created: C:\Users\duffb\AppData\Local\Temp\cadfdee4981114acd6fff59d1071b59b.mpf_cache
2025-03-10 18:40:35,832 : INFO : ConfigProcessor : Loading config from cache: C:\Users\duffb\AppData\Local\Temp\ee7db1e8d011f44c876692bb4657f2e9.mpf_cache
2025-03-10 18:40:35,834 : INFO : ConfigProcessor : Loading config from cache: C:\Users\duffb\AppData\Local\Temp\9f058d482eac17116727d62a93500be7.mpf_cache
2025-03-10 18:40:35,835 : INFO : ConfigProcessor : Loading config from cache: C:\Users\duffb\AppData\Local\Temp\9e006ea23aa21ec68e01f6c49afad9f4.mpf_cache
2025-03-10 18:40:35,836 : INFO : ConfigProcessor : Loading config from cache: C:\Users\duffb\AppData\Local\Temp\fd253b339e263587268891c4dd997fbd.mpf_cache
2025-03-10 18:40:35,836 : INFO : Machine : Mission Pinball Framework Core Engine v0.57.0
2025-03-10 18:40:35,837 : INFO : Machine : Command line arguments: {'no_load_cache': False, 'create_config_cache': True, 'bcp': True, 'configfile': ['config.yaml'], 'force_assets_load': False, 'platform_integration_test': False, 'jsonlogging': False, 'logfile': 'logs\\2025-03-10-18-40-35-mpf-T0SHIII.log', 'pause': False, 'production': False, 'text_ui': True, 'loglevel': 15, 'consoleloglevel': 20, 'force_platform': None, 'syslog_address': None, 'mc_file_name': None, 'no_sound': False}
2025-03-10 18:40:35,837 : INFO : Machine : MPF path: C:\Users\duffb\.pyenv\pyenv-win\versions\3.11.0\Lib\site-packages\mpf
2025-03-10 18:40:35,837 : INFO : Machine : Machine path: C:\Users\duffb\OneDrive\Documents\Python Envs\PinBallWW1\Machine
2025-03-10 18:40:35,837 : INFO : Machine : Platform: win32
2025-03-10 18:40:35,837 : INFO : Machine : Python executable location: C:\Users\duffb\.pyenv\pyenv-win\versions\3.11.0\python.exe
2025-03-10 18:40:35,837 : INFO : Machine : Python version: 3.11.0 (64-bit)
2025-03-10 18:40:35,839 : INFO : Machine : Initializing MPF...
2025-03-10 18:40:36,460 : INFO : EventManager : Event: ======'machine_var_credits_string'====== Args={'value': 'FREE PLAY', 'prev_value': None, 'change': True}
2025-03-10 18:40:36,539 : INFO : EventManager : Event: ======'machine_var_master_volume'====== Args={'value': 0.5, 'prev_value': None, 'change': True}
2025-03-10 18:40:36,539 : INFO : EventManager : Event: ======'machine_var_player1_score'====== Args={'value': 8000, 'prev_value': None, 'change': True}
2025-03-10 18:40:36,539 : INFO : EventManager : Event: ======'machine_var_player2_score'====== Args={'value': 1000, 'prev_value': None, 'change': True}
2025-03-10 18:40:36,539 : INFO : EventManager : Event: ======'machine_var_mpf_version'====== Args={'value': 'Mission Pinball Framework v0.57.0', 'prev_value': None, 'change': True}
2025-03-10 18:40:36,539 : INFO : EventManager : Event: ======'machine_var_mpf_extended_version'====== Args={'value': 'Mission Pinball Framework v0.57.0, Config version:6, Show version: 6, BCP version:1.1', 'prev_value': None, 'change': True}
2025-03-10 18:40:36,539 : INFO : EventManager : Event: ======'machine_var_python_version'====== Args={'value': '3.11.0', 'prev_value': None, 'change': True}
2025-03-10 18:40:36,552 : INFO : EventManager : Event: ======'machine_var_platform'====== Args={'value': 'Windows-10-10.0.26100-SP0', 'prev_value': None, 'change': True}
2025-03-10 18:40:36,552 : INFO : EventManager : Event: ======'machine_var_platform_system'====== Args={'value': 'Windows', 'prev_value': None, 'change': True}
2025-03-10 18:40:36,552 : INFO : EventManager : Event: ======'machine_var_platform_release'====== Args={'value': '10', 'prev_value': None, 'change': True}
2025-03-10 18:40:36,552 : INFO : EventManager : Event: ======'machine_var_platform_version'====== Args={'value': '10.0.26100', 'prev_value': None, 'change': True}
2025-03-10 18:40:36,552 : INFO : EventManager : Event: ======'machine_var_platform_machine'====== Args={'value': 'AMD64', 'prev_value': None, 'change': True}
2025-03-10 18:40:36,552 : INFO : EventManager : Event: ======'init_phase_1'====== Args={}
2025-03-10 18:40:36,572 : INFO : EventManager : Event: ======'init_phase_2'====== Args={}
2025-03-10 18:40:36,572 : INFO : SwitchController : Found active switch: ('3', <Platform.SmartVirtual>) <switch.s_trough1>
2025-03-10 18:40:36,572 : INFO : SwitchController : Found active switch: ('4', <Platform.SmartVirtual>) <switch.s_trough2>
2025-03-10 18:40:36,572 : INFO : SwitchController : Found active switch: ('5', <Platform.SmartVirtual>) <switch.s_trough3>
2025-03-10 18:40:36,574 : INFO : EventManager : Event: ======'bcp_connection_attempt'====== Args={'name': 'local_display', 'host': 'localhost', 'port': 5050}
2025-03-10 18:40:36,576 : INFO : BCPClientSocket : Connecting BCP to 'local_display' at localhost:5050...
2025-03-10 18:40:38,632 : INFO : BCPClientSocket : Connected BCP to 'local_display' localhost:5050
2025-03-10 18:40:38,632 : INFO : EventManager : Event: ======'bcp_clients_connected'====== Args={}
2025-03-10 18:40:38,944 : INFO : EventManager : Event: ======'machine_var_mc_version'====== Args={'value': 'MPF-MC v0.57.1', 'prev_value': None, 'change': True}
2025-03-10 18:40:38,944 : INFO : EventManager : Event: ======'machine_var_mc_extended_version'====== Args={'value': 'MPF-MC v0.57.1 (config_version=6, BCP v1.1,                      Requires MPF API compatibility v0.57.0 or newer)', 'prev_value': None, 'change': True}
2025-03-10 18:40:38,955 : INFO : ball_device.bd_trough : BCH: Initial count: 3
2025-03-10 18:40:39,109 : INFO : ball_device.bd_trough : State: idle
2025-03-10 18:40:39,109 : INFO : ball_device.bd_plunger_lane : BCH: Initial count: 0
2025-03-10 18:40:39,109 : INFO : ball_device.bd_plunger_lane : State: idle
2025-03-10 18:40:39,148 : INFO : EventManager : Event: ======'init_phase_3'====== Args={}
2025-03-10 18:40:39,155 : INFO : EventManager : Event: ======'init_phase_4'====== Args={}
2025-03-10 18:40:39,156 : INFO : BallController : Initial balls found: 3
2025-03-10 18:40:39,157 : INFO : EventManager : Event: ======'machine_var_audits_events_game_ended'====== Args={'value': 13, 'prev_value': None, 'change': True}
2025-03-10 18:40:39,158 : INFO : EventManager : Event: ======'machine_var_audits_events_game_started'====== Args={'value': 46, 'prev_value': None, 'change': True}
2025-03-10 18:40:39,158 : INFO : EventManager : Event: ======'machine_var_audits_missing_switches_s_Lane1'====== Args={'value': 1, 'prev_value': None, 'change': True}
2025-03-10 18:40:39,158 : INFO : EventManager : Event: ======'machine_var_audits_missing_switches_s_Lane2'====== Args={'value': 2, 'prev_value': None, 'change': True}
2025-03-10 18:40:39,158 : INFO : EventManager : Event: ======'machine_var_audits_missing_switches_s_Lane3'====== Args={'value': 2, 'prev_value': None, 'change': True}
2025-03-10 18:40:39,159 : INFO : EventManager : Event: ======'machine_var_audits_missing_switches_s_Lane4'====== Args={'value': 1, 'prev_value': None, 'change': True}
2025-03-10 18:40:39,159 : INFO : EventManager : Event: ======'machine_var_audits_missing_switches_s_Target1'====== Args={'value': 1, 'prev_value': None, 'change': True}
2025-03-10 18:40:39,159 : INFO : EventManager : Event: ======'machine_var_audits_missing_switches_s_Target2'====== Args={'value': 1, 'prev_value': None, 'change': True}
2025-03-10 18:40:39,159 : INFO : EventManager : Event: ======'machine_var_audits_missing_switches_s_Target3'====== Args={'value': 1, 'prev_value': None, 'change': True}
2025-03-10 18:40:39,159 : INFO : EventManager : Event: ======'machine_var_audits_missing_switches_s_Target4'====== Args={'value': 1, 'prev_value': None, 'change': True}
2025-03-10 18:40:39,159 : INFO : EventManager : Event: ======'machine_var_audits_missing_switches_s_drain'====== Args={'value': 6, 'prev_value': None, 'change': True}
2025-03-10 18:40:39,159 : INFO : EventManager : Event: ======'machine_var_audits_missing_switches_s_left_flipper'====== Args={'value': 3, 'prev_value': None, 'change': True}
2025-03-10 18:40:39,160 : INFO : EventManager : Event: ======'machine_var_audits_missing_switches_s_right_flipper'====== Args={'value': 3, 'prev_value': None, 'change': True}
2025-03-10 18:40:39,160 : INFO : EventManager : Event: ======'machine_var_audits_missing_switches_s_trough2'====== Args={'value': 2, 'prev_value': None, 'change': True}
2025-03-10 18:40:39,160 : INFO : EventManager : Event: ======'machine_var_audits_missing_switches_s_trough3'====== Args={'value': 6, 'prev_value': None, 'change': True}
2025-03-10 18:40:39,160 : INFO : EventManager : Event: ======'machine_var_audits_missing_switches_s_trough_enter'====== Args={'value': 1, 'prev_value': None, 'change': True}
2025-03-10 18:40:39,160 : INFO : EventManager : Event: ======'machine_var_audits_player_score'====== Args={'value': {'average': 124, 'top': [8000, 1000, 0, 0, 0, 0, 0, 0, 0, 0], 'total': 16}, 'prev_value': None, 'change': True}
2025-03-10 18:40:39,160 : INFO : EventManager : Event: ======'machine_var_audits_switches_s_Lane1'====== Args={'value': 34, 'prev_value': None, 'change': True}
2025-03-10 18:40:39,160 : INFO : EventManager : Event: ======'machine_var_audits_switches_s_Lane2'====== Args={'value': 23, 'prev_value': None, 'change': True}
2025-03-10 18:40:39,160 : INFO : EventManager : Event: ======'machine_var_audits_switches_s_Lane3'====== Args={'value': 20, 'prev_value': None, 'change': True}
2025-03-10 18:40:39,161 : INFO : EventManager : Event: ======'machine_var_audits_switches_s_Lane4'====== Args={'value': 24, 'prev_value': None, 'change': True}
2025-03-10 18:40:39,161 : INFO : EventManager : Event: ======'machine_var_audits_switches_s_Target1'====== Args={'value': 64, 'prev_value': None, 'change': True}
2025-03-10 18:40:39,161 : INFO : EventManager : Event: ======'machine_var_audits_switches_s_Target2'====== Args={'value': 57, 'prev_value': None, 'change': True}
2025-03-10 18:40:39,162 : INFO : EventManager : Event: ======'machine_var_audits_switches_s_Target3'====== Args={'value': 62, 'prev_value': None, 'change': True}
2025-03-10 18:40:39,162 : INFO : EventManager : Event: ======'machine_var_audits_switches_s_Target4'====== Args={'value': 49, 'prev_value': None, 'change': True}
2025-03-10 18:40:39,164 : INFO : EventManager : Event: ======'machine_var_audits_switches_s_drain'====== Args={'value': 0, 'prev_value': None, 'change': True}
2025-03-10 18:40:39,165 : INFO : EventManager : Event: ======'machine_var_audits_switches_s_launcher_button'====== Args={'value': 88, 'prev_value': None, 'change': True}
2025-03-10 18:40:39,165 : INFO : EventManager : Event: ======'machine_var_audits_switches_s_left_flipper'====== Args={'value': 86, 'prev_value': None, 'change': True}
2025-03-10 18:40:39,165 : INFO : EventManager : Event: ======'machine_var_audits_switches_s_playfield_entry'====== Args={'value': 197, 'prev_value': None, 'change': True}
2025-03-10 18:40:39,165 : INFO : EventManager : Event: ======'machine_var_audits_switches_s_plunger_lane'====== Args={'value': 130, 'prev_value': None, 'change': True}
2025-03-10 18:40:39,165 : INFO : EventManager : Event: ======'machine_var_audits_switches_s_pointTarget'====== Args={'value': 193, 'prev_value': None, 'change': True}
2025-03-10 18:40:39,166 : INFO : EventManager : Event: ======'machine_var_audits_switches_s_right_flipper'====== Args={'value': 73, 'prev_value': None, 'change': True}
2025-03-10 18:40:39,166 : INFO : EventManager : Event: ======'machine_var_audits_switches_s_trough1'====== Args={'value': 108, 'prev_value': None, 'change': True}
2025-03-10 18:40:39,166 : INFO : EventManager : Event: ======'machine_var_audits_switches_s_trough2'====== Args={'value': 17, 'prev_value': None, 'change': True}
2025-03-10 18:40:39,166 : INFO : EventManager : Event: ======'machine_var_audits_switches_s_trough3'====== Args={'value': 14, 'prev_value': None, 'change': True}
2025-03-10 18:40:39,166 : INFO : EventManager : Event: ======'machine_var_audits_switches_s_trough_enter'====== Args={'value': 1, 'prev_value': None, 'change': True}
2025-03-10 18:40:39,168 : INFO : EventManager : Event: ======'init_phase_5'====== Args={}
2025-03-10 18:40:39,204 : INFO : EventManager : Event: ======'init_done'====== Args={}
2025-03-10 18:40:39,205 : INFO : EventManager : Event: ======'machine_reset_phase_1'====== Args={}
2025-03-10 18:40:39,205 : INFO : BcpServer : New client connected.
2025-03-10 18:40:39,212 : INFO : EventManager : Event: ======'slide_welcome_slide_removed'====== Args={'_from_bcp': True}
2025-03-10 18:40:39,212 : INFO : EventManager : Event: ======'slide_welcome_slide_created'====== Args={'_from_bcp': True}
2025-03-10 18:40:39,213 : INFO : EventManager : Event: ======'slide_welcome_slide_active'====== Args={'_from_bcp': True}
2025-03-10 18:40:39,215 : INFO : EventManager : Event: ======'machine_reset_phase_2'====== Args={}
2025-03-10 18:40:39,215 : INFO : EventManager : Event: ======'machine_reset_phase_3'====== Args={}
2025-03-10 18:40:39,216 : INFO : EventManager : Event: ======'reset_complete'====== Args={}
2025-03-10 18:40:39,216 : INFO : EventManager : Event: ======'mode_attract_will_start'====== Args={}
2025-03-10 18:40:39,217 : INFO : EventManager : Event: ======'mode_attract_starting'====== Args={}
2025-03-10 18:40:39,217 : INFO : Mode.attract : Started. Priority: 10
2025-03-10 18:40:39,217 : INFO : EventManager : Event: ======'modes_active_modes_changed'====== Args={}
2025-03-10 18:40:39,217 : INFO : EventManager : Event: ======'mode_attract_started'====== Args={}
2025-03-10 18:40:39,218 : INFO : EventManager : Event: ======'collecting_balls_complete'====== Args={}
2025-03-10 18:40:39,261 : INFO : EventManager : Event: ======'slide_ship_slide_created'====== Args={'_from_bcp': True}
2025-03-10 18:40:39,261 : INFO : EventManager : Event: ======'slide_ship_slide_active'====== Args={'_from_bcp': True}
2025-03-10 18:40:39,262 : INFO : Machine : Starting the main run loop.
2025-03-10 18:40:44,249 : INFO : EventManager : Event: ======'slide_starting_slide_created'====== Args={'_from_bcp': True}
2025-03-10 18:40:44,254 : INFO : EventManager : Event: ======'slide_starting_slide_active'====== Args={'_from_bcp': True}
2025-03-10 18:40:49,229 : INFO : EventManager : Event: ======'slide_company_slide_created'====== Args={'_from_bcp': True}
2025-03-10 18:40:49,230 : INFO : EventManager : Event: ======'slide_company_slide_active'====== Args={'_from_bcp': True}
2025-03-10 18:40:53,250 : INFO : SwitchController : <<<<<<< 's_launcher_button' active >>>>>>>
2025-03-10 18:40:53,364 : INFO : SwitchController : <<<<<<< 's_launcher_button' inactive >>>>>>>
2025-03-10 18:40:53,364 : INFO : EventManager : Event: ======'request_to_start_game'====== Args={}
2025-03-10 18:40:53,365 : INFO : EventManager : Event: ======'game_start'====== Args={'buttons': [], 'hold_time': 0.10899999993853271}
2025-03-10 18:40:53,365 : INFO : EventManager : Event: ======'mode_game_will_start'====== Args={'buttons': [], 'hold_time': 0.10899999993853271}
2025-03-10 18:40:53,366 : INFO : EventManager : Event: ======'mode_game_starting'====== Args={'buttons': [], 'hold_time': 0.10899999993853271}
2025-03-10 18:40:53,366 : INFO : EventManager : Event: ======'mode_attract_will_stop'====== Args={}
2025-03-10 18:40:53,366 : INFO : EventManager : Event: ======'mode_attract_stopping'====== Args={}
2025-03-10 18:40:53,367 : INFO : Mode.attract : Stopped.
2025-03-10 18:40:53,367 : INFO : EventManager : Event: ======'modes_active_modes_changed'====== Args={}
2025-03-10 18:40:53,367 : INFO : EventManager : Event: ======'mode_attract_stopped'====== Args={}
2025-03-10 18:40:53,367 : INFO : EventManager : Event: ======'clear'====== Args={'key': 'attract'}
2025-03-10 18:40:53,367 : INFO : Mode.game : Started. Priority: 20
2025-03-10 18:40:53,367 : INFO : EventManager : Event: ======'modes_active_modes_changed'====== Args={}
2025-03-10 18:40:53,368 : INFO : EventManager : Event: ======'mode_game_started'====== Args={'buttons': [], 'hold_time': 0.10899999993853271}
2025-03-10 18:40:53,380 : INFO : EventManager : Event: ======'game_will_start'====== Args={}
2025-03-10 18:40:53,381 : INFO : EventManager : Event: ======'game_starting'====== Args={'game': <Mode.game>}
2025-03-10 18:40:53,382 : INFO : EventManager : Unordered handler for class <Auditor> on event game_ended with priority 1. Handlers: [RegisteredHandler(callback=<bound method Auditor.disable of <Auditor>>, priority=1, kwargs={}, key=UUID('57a0d91d-d047-4c06-96c3-ac2b796eb903'), condition=None, blocking_facility=None), RegisteredHandler(callback=<bound method Auditor._save_audits of <Auditor>>, priority=1, kwargs={}, key=UUID('10a24f27-e3ad-412d-8d7e-b7f4ee7ba94f'), condition=None, blocking_facility=None)]. The order of those handlers is not defined and they will be executed in random order. This might lead to race conditions and potential bugs.
2025-03-10 18:40:53,383 : INFO : EventManager : Event: ======'slide_ship_slide_removed'====== Args={'_from_bcp': True}
2025-03-10 18:40:53,384 : INFO : EventManager : Event: ======'slide_starting_slide_removed'====== Args={'_from_bcp': True}
2025-03-10 18:40:53,384 : INFO : EventManager : Event: ======'slide_company_slide_removed'====== Args={'_from_bcp': True}
2025-03-10 18:40:53,385 : INFO : EventManager : Event: ======'player_add_request'====== Args={}
2025-03-10 18:40:53,385 : INFO : EventManager : Event: ======'player_will_add'====== Args={'number': 1}
2025-03-10 18:40:53,386 : INFO : EventManager : Event: ======'player_adding'====== Args={'player': <Player 1>, 'number': 1}
2025-03-10 18:40:53,386 : INFO : EventManager : Event: ======'player_added'====== Args={'player': <Player 1>, 'num': 1}
2025-03-10 18:40:53,387 : INFO : Mode.game : Player added successfully. Total players: 1
2025-03-10 18:40:53,387 : INFO : EventManager : Event: ======'player_index'====== Args={'value': 0, 'prev_value': 0, 'change': 0, 'player_num': 1}
2025-03-10 18:40:53,388 : INFO : EventManager : Event: ======'player_number'====== Args={'value': 1, 'prev_value': 1, 'change': 0, 'player_num': 1}
2025-03-10 18:40:53,388 : INFO : EventManager : Event: ======'player_score'====== Args={'value': 0, 'prev_value': 0, 'change': 0, 'player_num': 1}
2025-03-10 18:40:53,390 : INFO : EventManager : Event: ======'slide_welcome_slide_active'====== Args={'_from_bcp': True}
2025-03-10 18:40:53,390 : INFO : EventManager : Event: ======'game_started'====== Args={}
2025-03-10 18:40:53,405 : INFO : EventManager : Event: ======'player_turn_will_start'====== Args={'player': <Player 1>, 'number': 1}
2025-03-10 18:40:53,407 : INFO : EventManager : Event: ======'player_turn_starting'====== Args={'player': <Player 1>, 'number': 1}
2025-03-10 18:40:53,411 : INFO : EventManager : Event: ======'player_ball'====== Args={'value': 1, 'prev_value': 0, 'change': 1, 'player_num': 1}
2025-03-10 18:40:53,412 : INFO : EventManager : Event: ======'player_turn_started'====== Args={'player': <Player 1>, 'number': 1}
2025-03-10 18:40:53,415 : INFO : EventManager : Event: ======'ball_will_start'====== Args={'player': 1, 'ball': 1, 'balls_remaining': 2, 'is_extra_ball': False}
2025-03-10 18:40:53,423 : INFO : EventManager : Event: ======'ball_starting'====== Args={'player': 1, 'ball': 1, 'balls_remaining': 2, 'is_extra_ball': False}
2025-03-10 18:40:53,426 : INFO : EventManager : Event: ======'balls_in_play'====== Args={'balls': 1}
2025-03-10 18:40:53,426 : INFO : EventManager : Event: ======'ball_started'====== Args={'player': 1, 'ball': 1, 'balls_remaining': 2, 'is_extra_ball': False}
2025-03-10 18:40:53,427 : INFO : EventManager : Event: ======'mode_base_will_start'====== Args={'player': 1, 'ball': 1, 'balls_remaining': 2, 'is_extra_ball': False}
2025-03-10 18:40:53,428 : INFO : EventManager : Event: ======'mode_base_starting'====== Args={'player': 1, 'ball': 1, 'balls_remaining': 2, 'is_extra_ball': False}
2025-03-10 18:40:53,429 : INFO : Mode.base : Started. Priority: 100
2025-03-10 18:40:53,429 : INFO : EventManager : Event: ======'modes_active_modes_changed'====== Args={}
2025-03-10 18:40:53,429 : INFO : EventManager : Event: ======'mode_base_started'====== Args={'player': 1, 'ball': 1, 'balls_remaining': 2, 'is_extra_ball': False}
2025-03-10 18:40:53,431 : INFO : EventManager : Event: ======'single_player_ball_started'====== Args={}
2025-03-10 18:40:53,474 : INFO : EventManager : Event: ======'ball_start_target'====== Args={'target': 'playfield'}
2025-03-10 18:40:53,475 : INFO : EventManager : Event: ======'slide_base.slide_player-mode_base_started_created'====== Args={'_from_bcp': True}
2025-03-10 18:40:53,476 : INFO : EventManager : Event: ======'slide_base.slide_player-mode_base_started_active'====== Args={'_from_bcp': True}
2025-03-10 18:40:53,476 : INFO : ball_device.bd_plunger_lane : Setting up player-controlled eject. Balls: 1, Target: <playfield.playfield>, player_controlled_eject_event: s_launcher_button_active
2025-03-10 18:40:53,477 : INFO : EventManager : Event: ======'balldevice_balls_available'====== Args={}
2025-03-10 18:40:53,479 : INFO : ball_device.bd_trough : State: waiting_for_target_ready
2025-03-10 18:40:53,479 : INFO : EventManager : Event: ======'balldevice_bd_trough_ball_eject_attempt'====== Args={'balls': 1, 'target': <ball_device.bd_plunger_lane>, 'source': <ball_device.bd_trough>, 'mechanical_eject': True, 'num_attempts': 0}
2025-03-10 18:40:53,480 : INFO : ball_device.bd_plunger_lane : State: waiting_for_ball
2025-03-10 18:40:53,481 : INFO : ball_device.bd_trough : State: ejecting
2025-03-10 18:40:53,481 : INFO : ball_device.bd_trough : Ejecting ball to <ball_device.bd_plunger_lane>
2025-03-10 18:40:53,482 : INFO : EventManager : Event: ======'balldevice_bd_trough_ejecting_ball'====== Args={'balls': 1, 'target': <ball_device.bd_plunger_lane>, 'source': <ball_device.bd_trough>, 'mechanical_eject': True, 'num_attempts': 0}
2025-03-10 18:40:53,482 : INFO : ball_device.bd_trough : Wait for ball to leave device
2025-03-10 18:40:53,484 : INFO : coil.c_trough_release : Pulsing Driver for 20ms (1.0 pulse_power)
2025-03-10 18:40:53,484 : INFO : SwitchController : <<<<<<< 's_trough1' inactive >>>>>>>
2025-03-10 18:40:53,494 : INFO : ball_device.bd_trough : State: ball_left
2025-03-10 18:40:53,494 : INFO : ball_device.bd_trough : Ball left
2025-03-10 18:40:53,494 : INFO : ball_device.bd_trough : Wait for confirm with timeout 3.0
2025-03-10 18:40:53,581 : INFO : SwitchController : <<<<<<< 's_plunger_lane' active >>>>>>>
2025-03-10 18:40:53,582 : INFO : EventManager : Event: ======'machine_var_audits_switches_s_plunger_lane'====== Args={'value': 131, 'prev_value': 130, 'change': 1}
2025-03-10 18:40:54,096 : INFO : ball_device.bd_plunger_lane : Received ball from <ball_device.bd_trough>
2025-03-10 18:40:54,097 : INFO : EventManager : Event: ======'balldevice_bd_plunger_lane_ball_enter'====== Args={'new_balls': 1, 'unclaimed_balls': 0, 'new_available_balls': 0, 'device': <ball_device.bd_plunger_lane>}
2025-03-10 18:40:54,102 : INFO : EventManager : Event: ======'balldevice_bd_plunger_lane_ball_entered'====== Args={'new_balls': 0, 'device': <ball_device.bd_plunger_lane>}
2025-03-10 18:40:54,107 : INFO : EventManager : Event: ======'balldevice_bd_plunger_lane_ball_count_changed'====== Args={'balls': 1}
2025-03-10 18:40:54,108 : INFO : ball_device.bd_trough : Got eject confirm
2025-03-10 18:40:54,108 : INFO : ball_device.bd_trough : Eject successful
2025-03-10 18:40:54,109 : INFO : EventManager : Event: ======'balldevice_bd_trough_ball_eject_success'====== Args={'balls': 1, 'target': <ball_device.bd_plunger_lane>}
2025-03-10 18:40:54,113 : INFO : EventManager : Event: ======'balldevice_bd_trough_ball_count_changed'====== Args={'balls': 2}
2025-03-10 18:40:54,115 : INFO : ball_device.bd_trough : State: idle
2025-03-10 18:40:54,120 : INFO : ball_device.bd_plunger_lane : State: waiting_for_target_ready
2025-03-10 18:40:54,122 : INFO : EventManager : Event: ======'balldevice_bd_plunger_lane_ball_eject_attempt'====== Args={'balls': 1, 'target': <playfield.playfield>, 'source': <ball_device.bd_plunger_lane>, 'mechanical_eject': True, 'num_attempts': 0}
2025-03-10 18:40:54,130 : INFO : ball_device.bd_plunger_lane : State: ejecting
2025-03-10 18:40:54,132 : INFO : ball_device.bd_plunger_lane : Ejecting ball to <playfield.playfield>
2025-03-10 18:40:54,134 : INFO : EventManager : Event: ======'balldevice_bd_plunger_lane_ejecting_ball'====== Args={'balls': 1, 'target': <playfield.playfield>, 'source': <ball_device.bd_plunger_lane>, 'mechanical_eject': True, 'num_attempts': 0}
2025-03-10 18:40:54,146 : INFO : ball_device.bd_plunger_lane : Wait for ball to leave device
2025-03-10 18:41:01,219 : INFO : SwitchController : <<<<<<< 's_trough1' active >>>>>>>
2025-03-10 18:41:01,222 : INFO : EventManager : Event: ======'machine_var_audits_switches_s_trough1'====== Args={'value': 109, 'prev_value': 108, 'change': 1}
2025-03-10 18:41:01,521 : INFO : EventManager : Event: ======'balldevice_bd_trough_ball_count_changed'====== Args={'balls': 3}
2025-03-10 18:41:01,522 : INFO : ball_device.bd_trough : Received unexpected ball
2025-03-10 18:41:01,522 : INFO : EventManager : Event: ======'balldevice_captured_from_playfield'====== Args={'balls': 1}
2025-03-10 18:41:01,524 : INFO : EventManager : Event: ======'sw_playfield_active'====== Args={'balls': 1}
2025-03-10 18:41:01,525 : INFO : EventManager : Event: ======'playfield_active'====== Args={}
2025-03-10 18:41:01,527 : INFO : EventManager : Event: ======'playfield_ball_count_change'====== Args={'balls': -1, 'change': -1}
2025-03-10 18:41:01,528 : INFO : EventManager : Event: ======'balldevice_playfield_ball_enter'====== Args={'new_balls': 1, 'unclaimed_balls': 1, 'device': <playfield.playfield>}
2025-03-10 18:41:01,529 : INFO : EventManager : Event: ======'playfield_ball_count_change'====== Args={'balls': 0, 'change': 1}
2025-03-10 18:41:01,529 : INFO : BallController : Found a new ball which was captured from playfield. Known balls: 4
2025-03-10 18:41:01,529 : INFO : EventManager : Event: ======'found_new_ball'====== Args={}
2025-03-10 18:41:01,529 : INFO : EventManager : Event: ======'balldevice_bd_trough_ball_enter'====== Args={'new_balls': 1, 'unclaimed_balls': 1, 'new_available_balls': 1, 'device': <ball_device.bd_trough>}
2025-03-10 18:41:01,531 : INFO : EventManager : Event: ======'ball_drain'====== Args={'device': <ball_device.bd_trough>, 'balls': 1}
2025-03-10 18:41:01,534 : INFO : EventManager : Event: ======'ball_will_end'====== Args={}
2025-03-10 18:41:01,534 : INFO : EventManager : Event: ======'balldevice_balls_available'====== Args={}
2025-03-10 18:41:01,534 : INFO : EventManager : Event: ======'balldevice_bd_trough_ball_entered'====== Args={'new_balls': 1, 'device': <ball_device.bd_trough>}
2025-03-10 18:41:01,537 : INFO : EventManager : Event: ======'ball_ending'====== Args={}
2025-03-10 18:41:01,539 : INFO : EventManager : Event: ======'mode_base_will_stop'====== Args={}
2025-03-10 18:41:01,539 : INFO : EventManager : Event: ======'mode_base_stopping'====== Args={}
2025-03-10 18:41:01,539 : INFO : Mode.base : Stopped.
2025-03-10 18:41:01,540 : INFO : EventManager : Event: ======'modes_active_modes_changed'====== Args={}
2025-03-10 18:41:01,540 : INFO : EventManager : Event: ======'mode_base_stopped'====== Args={}
2025-03-10 18:41:01,540 : INFO : EventManager : Event: ======'clear'====== Args={'key': 'base'}
2025-03-10 18:41:01,589 : INFO : EventManager : Event: ======'ball_ended'====== Args={}
2025-03-10 18:41:01,590 : INFO : EventManager : Event: ======'slide_base.slide_player-mode_base_started_removed'====== Args={'_from_bcp': True}
2025-03-10 18:41:01,590 : INFO : EventManager : Event: ======'slide_welcome_slide_active'====== Args={'_from_bcp': True}
2025-03-10 18:41:01,590 : INFO : EventManager : Event: ======'player_turn_will_end'====== Args={'player': <Player 1>, 'number': 1}
2025-03-10 18:41:01,593 : INFO : EventManager : Event: ======'player_turn_ending'====== Args={'player': <Player 1>, 'number': 1}
2025-03-10 18:41:01,594 : INFO : EventManager : Event: ======'player_turn_ended'====== Args={'player': <Player 1>, 'number': 1}
2025-03-10 18:41:01,594 : INFO : EventManager : Event: ======'player_turn_will_start'====== Args={'player': <Player 1>, 'number': 1}
2025-03-10 18:41:01,594 : INFO : EventManager : Event: ======'player_turn_starting'====== Args={'player': <Player 1>, 'number': 1}
2025-03-10 18:41:01,594 : INFO : EventManager : Event: ======'player_ball'====== Args={'value': 2, 'prev_value': 1, 'change': 1, 'player_num': 1}
2025-03-10 18:41:01,595 : INFO : EventManager : Event: ======'player_turn_started'====== Args={'player': <Player 1>, 'number': 1}
2025-03-10 18:41:01,595 : INFO : EventManager : Event: ======'ball_will_start'====== Args={'player': 1, 'ball': 2, 'balls_remaining': 1, 'is_extra_ball': False}
2025-03-10 18:41:01,598 : INFO : BallController : Found 1 ball(s) on playfield.
2025-03-10 18:41:01,598 : WARNING : BallController : Playfields still contain balls. Waiting for those to drain.
2025-03-10 18:41:02,607 : INFO : BallController : Found 1 ball(s) on playfield.
2025-03-10 18:41:02,607 : WARNING : BallController : Playfields still contain balls. Waiting for those to drain.
2025-03-10 18:41:03,035 : INFO : SwitchController : <<<<<<< 's_launcher_button' active >>>>>>>
2025-03-10 18:41:03,036 : INFO : EventManager : Event: ======'s_launcher_button_active'====== Args={}
2025-03-10 18:41:03,036 : INFO : EventManager : Event: ======'sw_start'====== Args={}
2025-03-10 18:41:03,037 : INFO : EventManager : Event: ======'machine_var_audits_switches_s_launcher_button'====== Args={'value': 89, 'prev_value': 88, 'change': 1}
2025-03-10 18:41:03,063 : INFO : coil.c_autolauncher : Pulsing Driver for 20ms (1.0 pulse_power)
2025-03-10 18:41:03,064 : INFO : SwitchController : <<<<<<< 's_plunger_lane' inactive >>>>>>>
2025-03-10 18:41:03,077 : INFO : ball_device.bd_plunger_lane : State: ball_left
2025-03-10 18:41:03,078 : INFO : ball_device.bd_plunger_lane : Ball left
2025-03-10 18:41:03,079 : INFO : ball_device.bd_plunger_lane : Wait for confirm with timeout 3.0
2025-03-10 18:41:03,138 : INFO : SwitchController : <<<<<<< 's_playfield_entry' active >>>>>>>
2025-03-10 18:41:03,138 : INFO : EventManager : Event: ======'sw_playfield_active'====== Args={}
2025-03-10 18:41:03,139 : INFO : EventManager : Event: ======'machine_var_audits_switches_s_playfield_entry'====== Args={'value': 198, 'prev_value': 197, 'change': 1}
2025-03-10 18:41:03,141 : INFO : EventManager : Event: ======'playfield_active'====== Args={}
2025-03-10 18:41:03,154 : INFO : SwitchController : <<<<<<< 's_playfield_entry' inactive >>>>>>>
2025-03-10 18:41:03,155 : INFO : SwitchController : <<<<<<< 's_launcher_button' inactive >>>>>>>
2025-03-10 18:41:03,166 : INFO : ball_device.bd_plunger_lane : Got eject confirm
2025-03-10 18:41:03,166 : INFO : ball_device.bd_plunger_lane : Eject successful
2025-03-10 18:41:03,167 : INFO : EventManager : Event: ======'balldevice_bd_plunger_lane_ball_eject_success'====== Args={'balls': 1, 'target': <playfield.playfield>}
2025-03-10 18:41:03,167 : INFO : EventManager : Event: ======'balldevice_playfield_ball_enter'====== Args={'new_balls': 1, 'unclaimed_balls': 1, 'device': <playfield.playfield>}
2025-03-10 18:41:03,168 : INFO : EventManager : Event: ======'playfield_ball_count_change'====== Args={'balls': 1, 'change': 1}
2025-03-10 18:41:03,169 : INFO : EventManager : Event: ======'balldevice_bd_plunger_lane_ball_count_changed'====== Args={'balls': 0}
2025-03-10 18:41:03,587 : INFO : ball_device.bd_plunger_lane : State: idle
2025-03-10 18:41:03,619 : INFO : BallController : Found 1 ball(s) on playfield.
2025-03-10 18:41:03,619 : WARNING : BallController : Playfields still contain balls. Waiting for those to drain.
2025-03-10 18:41:04,622 : INFO : BallController : Found 1 ball(s) on playfield.
2025-03-10 18:41:04,622 : WARNING : BallController : Playfields still contain balls. Waiting for those to drain.
2025-03-10 18:41:05,619 : INFO : BallController : Found 1 ball(s) on playfield.
2025-03-10 18:41:05,621 : WARNING : BallController : Playfields still contain balls. Waiting for those to drain.
2025-03-10 18:41:06,619 : INFO : BallController : Found 1 ball(s) on playfield.
2025-03-10 18:41:06,620 : WARNING : BallController : Playfields still contain balls. Waiting for those to drain.
2025-03-10 18:41:07,181 : INFO : SwitchController : <<<<<<< 's_trough1' inactive >>>>>>>
2025-03-10 18:41:07,605 : INFO : BallController : Found 1 ball(s) on playfield.
2025-03-10 18:41:07,607 : WARNING : BallController : Playfields still contain balls. Waiting for those to drain.
2025-03-10 18:41:08,606 : INFO : BallController : Found 1 ball(s) on playfield.
2025-03-10 18:41:08,608 : WARNING : BallController : Playfields still contain balls. Waiting for those to drain.
2025-03-10 18:41:09,619 : INFO : BallController : Found 1 ball(s) on playfield.
2025-03-10 18:41:09,620 : WARNING : BallController : Playfields still contain balls. Waiting for those to drain.
2025-03-10 18:41:10,598 : INFO : BallController : Found 1 ball(s) on playfield.
2025-03-10 18:41:10,599 : WARNING : BallController : Playfields still contain balls. Waiting for those to drain.
2025-03-10 18:41:11,597 : INFO : BallController : Found 1 ball(s) on playfield.
2025-03-10 18:41:11,597 : WARNING : BallController : Playfields still contain balls. Waiting for those to drain.
2025-03-10 18:41:12,593 : INFO : BallController : Found 1 ball(s) on playfield.
2025-03-10 18:41:12,593 : WARNING : BallController : Playfields still contain balls. Waiting for those to drain.
2025-03-10 18:41:12,687 : INFO : EventManager : Event: ======'balldevice_bd_trough_ball_count_changed'====== Args={'balls': 2}
2025-03-10 18:41:12,687 : WARNING : ball_device.bd_trough : Ball disappeared while idle. This should not normally happen.
2025-03-10 18:41:12,688 : INFO : EventManager : Event: ======'balldevice_playfield_ball_enter'====== Args={'new_balls': 1, 'unclaimed_balls': 1, 'device': <playfield.playfield>}
2025-03-10 18:41:12,688 : INFO : EventManager : Event: ======'playfield_ball_count_change'====== Args={'balls': 2, 'change': 1}
2025-03-10 18:41:12,688 : INFO : ball_device.bd_trough : 1 ball(s) missing from device. Mechanical eject? False
2025-03-10 18:41:12,688 : INFO : EventManager : Event: ======'balldevice_bd_trough_ball_missing'====== Args={'balls': 1}
2025-03-10 18:41:12,689 : INFO : EventManager : Event: ======'balldevice_ball_missing'====== Args={'balls': 1, 'name': 'bd_trough'}
2025-03-10 18:41:13,618 : INFO : BallController : Found 2 ball(s) on playfield.
2025-03-10 18:41:13,619 : WARNING : BallController : Playfields still contain balls. Waiting for those to drain.
2025-03-10 18:41:14,600 : INFO : BallController : Found 2 ball(s) on playfield.
2025-03-10 18:41:14,601 : WARNING : BallController : Playfields still contain balls. Waiting for those to drain.
2025-03-10 18:41:14,940 : INFO : Machine : Shutting down...
2025-03-10 18:41:14,940 : INFO : EventManager : Event: ======'shutdown'====== Args={}
2025-03-10 18:41:14,943 : INFO : EventManager : Event: ======'mode_game_will_stop'====== Args={}
2025-03-10 18:41:14,943 : INFO : EventManager : Event: ======'mode_game_stopping'====== Args={}
2025-03-10 18:41:14,944 : INFO : Mode.game : Stopped.
2025-03-10 18:41:14,944 : INFO : EventManager : Event: ======'modes_active_modes_changed'====== Args={}
2025-03-10 18:41:14,944 : INFO : EventManager : Event: ======'mode_game_stopped'====== Args={}
2025-03-10 18:41:14,944 : INFO : EventManager : Event: ======'clear'====== Args={'key': 'game'}
2025-03-10 18:41:14,946 : INFO : root : MPF run loop ended.
