2025-03-10 19:56:24,460 : INFO : root : Loading config.
2025-03-10 19:56:24,463 : INFO : YamlMultifileConfigLoader : Machine config file #1: config.yaml
2025-03-10 19:56:24,464 : INFO : ConfigProcessor : Loading config from cache: C:\Users\duffb\AppData\Local\Temp\cadfdee4981114acd6fff59d1071b59b.mpf_cache
2025-03-10 19:56:24,555 : INFO : ConfigProcessor : Loading config from cache: C:\Users\duffb\AppData\Local\Temp\ee7db1e8d011f44c876692bb4657f2e9.mpf_cache
2025-03-10 19:56:24,555 : INFO : ConfigProcessor : Loading config from cache: C:\Users\duffb\AppData\Local\Temp\9f058d482eac17116727d62a93500be7.mpf_cache
2025-03-10 19:56:24,556 : INFO : ConfigProcessor : Loading config from cache: C:\Users\duffb\AppData\Local\Temp\9e006ea23aa21ec68e01f6c49afad9f4.mpf_cache
2025-03-10 19:56:24,557 : INFO : ConfigProcessor : Loading config from cache: C:\Users\duffb\AppData\Local\Temp\fd253b339e263587268891c4dd997fbd.mpf_cache
2025-03-10 19:56:24,557 : INFO : ConfigProcessor : Loading config from cache: C:\Users\duffb\AppData\Local\Temp\5fa2ea82b8edc9fe8478b9f5dddd5453.mpf_cache
2025-03-10 19:56:24,573 : INFO : Machine : Mission Pinball Framework Core Engine v0.57.0
2025-03-10 19:56:24,573 : INFO : Machine : Command line arguments: {'no_load_cache': False, 'create_config_cache': True, 'bcp': True, 'configfile': ['config.yaml'], 'force_assets_load': False, 'platform_integration_test': False, 'jsonlogging': False, 'logfile': 'logs\\2025-03-10-19-56-24-mpf-T0SHIII.log', 'pause': False, 'production': False, 'text_ui': True, 'loglevel': 15, 'consoleloglevel': 20, 'force_platform': None, 'syslog_address': None, 'mc_file_name': None, 'no_sound': False}
2025-03-10 19:56:24,573 : INFO : Machine : MPF path: C:\Users\duffb\.pyenv\pyenv-win\versions\3.11.0\Lib\site-packages\mpf
2025-03-10 19:56:24,573 : INFO : Machine : Machine path: C:\Users\duffb\OneDrive\Documents\Python Envs\PinBallWW1\Machine
2025-03-10 19:56:24,573 : INFO : Machine : Platform: win32
2025-03-10 19:56:24,573 : INFO : Machine : Python executable location: C:\Users\duffb\.pyenv\pyenv-win\versions\3.11.0\python.exe
2025-03-10 19:56:24,573 : INFO : Machine : Python version: 3.11.0 (64-bit)
2025-03-10 19:56:24,575 : INFO : Machine : Initializing MPF...
2025-03-10 19:56:24,766 : INFO : EventManager : Event: ======'machine_var_credits_string'====== Args={'value': 'FREE PLAY', 'prev_value': None, 'change': True}
2025-03-10 19:56:24,831 : INFO : EventManager : Event: ======'machine_var_master_volume'====== Args={'value': 0.5, 'prev_value': None, 'change': True}
2025-03-10 19:56:24,832 : INFO : EventManager : Event: ======'machine_var_player1_score'====== Args={'value': 8000, 'prev_value': None, 'change': True}
2025-03-10 19:56:24,832 : INFO : EventManager : Event: ======'machine_var_player2_score'====== Args={'value': 1000, 'prev_value': None, 'change': True}
2025-03-10 19:56:24,832 : INFO : EventManager : Event: ======'machine_var_mpf_version'====== Args={'value': 'Mission Pinball Framework v0.57.0', 'prev_value': None, 'change': True}
2025-03-10 19:56:24,832 : INFO : EventManager : Event: ======'machine_var_mpf_extended_version'====== Args={'value': 'Mission Pinball Framework v0.57.0, Config version:6, Show version: 6, BCP version:1.1', 'prev_value': None, 'change': True}
2025-03-10 19:56:24,832 : INFO : EventManager : Event: ======'machine_var_python_version'====== Args={'value': '3.11.0', 'prev_value': None, 'change': True}
2025-03-10 19:56:24,843 : INFO : EventManager : Event: ======'machine_var_platform'====== Args={'value': 'Windows-10-10.0.26100-SP0', 'prev_value': None, 'change': True}
2025-03-10 19:56:24,843 : INFO : EventManager : Event: ======'machine_var_platform_system'====== Args={'value': 'Windows', 'prev_value': None, 'change': True}
2025-03-10 19:56:24,843 : INFO : EventManager : Event: ======'machine_var_platform_release'====== Args={'value': '10', 'prev_value': None, 'change': True}
2025-03-10 19:56:24,843 : INFO : EventManager : Event: ======'machine_var_platform_version'====== Args={'value': '10.0.26100', 'prev_value': None, 'change': True}
2025-03-10 19:56:24,843 : INFO : EventManager : Event: ======'machine_var_platform_machine'====== Args={'value': 'AMD64', 'prev_value': None, 'change': True}
2025-03-10 19:56:24,843 : INFO : EventManager : Event: ======'init_phase_1'====== Args={}
2025-03-10 19:56:24,864 : INFO : EventManager : Event: ======'init_phase_2'====== Args={}
2025-03-10 19:56:24,865 : INFO : SwitchController : Found active switch: ('3', <Platform.SmartVirtual>) <switch.s_trough1>
2025-03-10 19:56:24,865 : INFO : SwitchController : Found active switch: ('4', <Platform.SmartVirtual>) <switch.s_trough2>
2025-03-10 19:56:24,865 : INFO : SwitchController : Found active switch: ('5', <Platform.SmartVirtual>) <switch.s_trough3>
2025-03-10 19:56:24,867 : INFO : EventManager : Event: ======'bcp_connection_attempt'====== Args={'name': 'local_display', 'host': 'localhost', 'port': 5050}
2025-03-10 19:56:24,868 : INFO : BCPClientSocket : Connecting BCP to 'local_display' at localhost:5050...
2025-03-10 19:56:26,898 : INFO : BCPClientSocket : Connected BCP to 'local_display' localhost:5050
2025-03-10 19:56:26,900 : INFO : EventManager : Event: ======'bcp_clients_connected'====== Args={}
2025-03-10 19:56:27,554 : INFO : EventManager : Event: ======'machine_var_mc_version'====== Args={'value': 'MPF-MC v0.57.1', 'prev_value': None, 'change': True}
2025-03-10 19:56:27,555 : INFO : EventManager : Event: ======'machine_var_mc_extended_version'====== Args={'value': 'MPF-MC v0.57.1 (config_version=6, BCP v1.1,                      Requires MPF API compatibility v0.57.0 or newer)', 'prev_value': None, 'change': True}
2025-03-10 19:56:27,562 : INFO : ball_device.bd_trough : BCH: Initial count: 3
2025-03-10 19:56:27,642 : INFO : ball_device.bd_trough : State: idle
2025-03-10 19:56:27,679 : INFO : ball_device.bd_plunger_lane : BCH: Initial count: 0
2025-03-10 19:56:27,679 : INFO : ball_device.bd_plunger_lane : State: idle
2025-03-10 19:56:27,728 : INFO : EventManager : Event: ======'init_phase_3'====== Args={}
2025-03-10 19:56:27,770 : INFO : EventManager : Event: ======'init_phase_4'====== Args={}
2025-03-10 19:56:27,772 : INFO : BallController : Initial balls found: 3
2025-03-10 19:56:27,778 : INFO : EventManager : Event: ======'machine_var_audits_events_game_ended'====== Args={'value': 13, 'prev_value': None, 'change': True}
2025-03-10 19:56:27,782 : INFO : EventManager : Event: ======'machine_var_audits_events_game_started'====== Args={'value': 48, 'prev_value': None, 'change': True}
2025-03-10 19:56:27,783 : INFO : EventManager : Event: ======'machine_var_audits_missing_switches_s_Lane1'====== Args={'value': 3, 'prev_value': None, 'change': True}
2025-03-10 19:56:27,783 : INFO : EventManager : Event: ======'machine_var_audits_missing_switches_s_Lane2'====== Args={'value': 4, 'prev_value': None, 'change': True}
2025-03-10 19:56:27,784 : INFO : EventManager : Event: ======'machine_var_audits_missing_switches_s_Lane3'====== Args={'value': 4, 'prev_value': None, 'change': True}
2025-03-10 19:56:27,785 : INFO : EventManager : Event: ======'machine_var_audits_missing_switches_s_Lane4'====== Args={'value': 3, 'prev_value': None, 'change': True}
2025-03-10 19:56:27,785 : INFO : EventManager : Event: ======'machine_var_audits_missing_switches_s_Target1'====== Args={'value': 3, 'prev_value': None, 'change': True}
2025-03-10 19:56:27,786 : INFO : EventManager : Event: ======'machine_var_audits_missing_switches_s_Target2'====== Args={'value': 3, 'prev_value': None, 'change': True}
2025-03-10 19:56:27,787 : INFO : EventManager : Event: ======'machine_var_audits_missing_switches_s_Target3'====== Args={'value': 3, 'prev_value': None, 'change': True}
2025-03-10 19:56:27,788 : INFO : EventManager : Event: ======'machine_var_audits_missing_switches_s_Target4'====== Args={'value': 3, 'prev_value': None, 'change': True}
2025-03-10 19:56:27,789 : INFO : EventManager : Event: ======'machine_var_audits_missing_switches_s_drain'====== Args={'value': 6, 'prev_value': None, 'change': True}
2025-03-10 19:56:27,790 : INFO : EventManager : Event: ======'machine_var_audits_missing_switches_s_launcher_button'====== Args={'value': 1, 'prev_value': None, 'change': True}
2025-03-10 19:56:27,791 : INFO : EventManager : Event: ======'machine_var_audits_missing_switches_s_playfield_entry'====== Args={'value': 1, 'prev_value': None, 'change': True}
2025-03-10 19:56:27,792 : INFO : EventManager : Event: ======'machine_var_audits_missing_switches_s_trough1'====== Args={'value': 1, 'prev_value': None, 'change': True}
2025-03-10 19:56:27,793 : INFO : EventManager : Event: ======'machine_var_audits_missing_switches_s_trough2'====== Args={'value': 4, 'prev_value': None, 'change': True}
2025-03-10 19:56:27,794 : INFO : EventManager : Event: ======'machine_var_audits_missing_switches_s_trough3'====== Args={'value': 8, 'prev_value': None, 'change': True}
2025-03-10 19:56:27,794 : INFO : EventManager : Event: ======'machine_var_audits_missing_switches_s_trough_enter'====== Args={'value': 3, 'prev_value': None, 'change': True}
2025-03-10 19:56:27,795 : INFO : EventManager : Event: ======'machine_var_audits_player_score'====== Args={'value': {'average': 124, 'top': [8000, 1000, 0, 0, 0, 0, 0, 0, 0, 0], 'total': 16}, 'prev_value': None, 'change': True}
2025-03-10 19:56:27,796 : INFO : EventManager : Event: ======'machine_var_audits_switches_s_Lane1'====== Args={'value': 34, 'prev_value': None, 'change': True}
2025-03-10 19:56:27,799 : INFO : EventManager : Event: ======'machine_var_audits_switches_s_Lane2'====== Args={'value': 23, 'prev_value': None, 'change': True}
2025-03-10 19:56:27,800 : INFO : EventManager : Event: ======'machine_var_audits_switches_s_Lane3'====== Args={'value': 20, 'prev_value': None, 'change': True}
2025-03-10 19:56:27,803 : INFO : EventManager : Event: ======'machine_var_audits_switches_s_Lane4'====== Args={'value': 24, 'prev_value': None, 'change': True}
2025-03-10 19:56:27,803 : INFO : EventManager : Event: ======'machine_var_audits_switches_s_Target1'====== Args={'value': 64, 'prev_value': None, 'change': True}
2025-03-10 19:56:27,804 : INFO : EventManager : Event: ======'machine_var_audits_switches_s_Target2'====== Args={'value': 57, 'prev_value': None, 'change': True}
2025-03-10 19:56:27,806 : INFO : EventManager : Event: ======'machine_var_audits_switches_s_Target3'====== Args={'value': 62, 'prev_value': None, 'change': True}
2025-03-10 19:56:27,806 : INFO : EventManager : Event: ======'machine_var_audits_switches_s_Target4'====== Args={'value': 49, 'prev_value': None, 'change': True}
2025-03-10 19:56:27,807 : INFO : EventManager : Event: ======'machine_var_audits_switches_s_drain'====== Args={'value': 0, 'prev_value': None, 'change': True}
2025-03-10 19:56:27,807 : INFO : EventManager : Event: ======'machine_var_audits_switches_s_launcher_button'====== Args={'value': 89, 'prev_value': None, 'change': True}
2025-03-10 19:56:27,808 : INFO : EventManager : Event: ======'machine_var_audits_switches_s_left_flipper'====== Args={'value': 95, 'prev_value': None, 'change': True}
2025-03-10 19:56:27,810 : INFO : EventManager : Event: ======'machine_var_audits_switches_s_playfield_entry'====== Args={'value': 198, 'prev_value': None, 'change': True}
2025-03-10 19:56:27,811 : INFO : EventManager : Event: ======'machine_var_audits_switches_s_plunger_lane'====== Args={'value': 132, 'prev_value': None, 'change': True}
2025-03-10 19:56:27,813 : INFO : EventManager : Event: ======'machine_var_audits_switches_s_pointTarget'====== Args={'value': 193, 'prev_value': None, 'change': True}
2025-03-10 19:56:27,814 : INFO : EventManager : Event: ======'machine_var_audits_switches_s_right_flipper'====== Args={'value': 88, 'prev_value': None, 'change': True}
2025-03-10 19:56:27,815 : INFO : EventManager : Event: ======'machine_var_audits_switches_s_trough1'====== Args={'value': 109, 'prev_value': None, 'change': True}
2025-03-10 19:56:27,816 : INFO : EventManager : Event: ======'machine_var_audits_switches_s_trough2'====== Args={'value': 17, 'prev_value': None, 'change': True}
2025-03-10 19:56:27,817 : INFO : EventManager : Event: ======'machine_var_audits_switches_s_trough3'====== Args={'value': 14, 'prev_value': None, 'change': True}
2025-03-10 19:56:27,818 : INFO : EventManager : Event: ======'machine_var_audits_switches_s_trough_enter'====== Args={'value': 1, 'prev_value': None, 'change': True}
2025-03-10 19:56:27,823 : INFO : EventManager : Event: ======'init_phase_5'====== Args={}
2025-03-10 19:56:27,924 : INFO : EventManager : Event: ======'init_done'====== Args={}
2025-03-10 19:56:27,926 : INFO : EventManager : Event: ======'machine_reset_phase_1'====== Args={}
2025-03-10 19:56:27,929 : INFO : EventManager : Event: ======'slide_welcome_slide_removed'====== Args={'_from_bcp': True}
2025-03-10 19:56:27,932 : INFO : EventManager : Event: ======'slide_welcome_slide_created'====== Args={'_from_bcp': True}
2025-03-10 19:56:27,934 : INFO : EventManager : Event: ======'machine_reset_phase_2'====== Args={}
2025-03-10 19:56:27,935 : INFO : EventManager : Event: ======'machine_reset_phase_3'====== Args={}
2025-03-10 19:56:27,936 : INFO : EventManager : Event: ======'reset_complete'====== Args={}
2025-03-10 19:56:27,937 : INFO : EventManager : Event: ======'slide_welcome_slide_active'====== Args={'_from_bcp': True}
2025-03-10 19:56:27,937 : INFO : EventManager : Event: ======'mode_attract_will_start'====== Args={}
2025-03-10 19:56:27,941 : INFO : EventManager : Event: ======'mode_attract_starting'====== Args={}
2025-03-10 19:56:27,942 : INFO : Mode.attract : Started. Priority: 10
2025-03-10 19:56:27,942 : INFO : EventManager : Event: ======'modes_active_modes_changed'====== Args={}
2025-03-10 19:56:27,942 : INFO : EventManager : Event: ======'mode_attract_started'====== Args={}
2025-03-10 19:56:27,946 : INFO : EventManager : Event: ======'collecting_balls_complete'====== Args={}
2025-03-10 19:56:28,092 : INFO : EventManager : Event: ======'slide_ship_slide_created'====== Args={'_from_bcp': True}
2025-03-10 19:56:28,095 : INFO : EventManager : Event: ======'slide_ship_slide_active'====== Args={'_from_bcp': True}
2025-03-10 19:56:28,096 : INFO : Machine : Starting the main run loop.
2025-03-10 19:56:28,731 : INFO : BcpServer : New client connected.
2025-03-10 19:56:32,980 : INFO : EventManager : Event: ======'slide_starting_slide_created'====== Args={'_from_bcp': True}
2025-03-10 19:56:32,997 : INFO : EventManager : Event: ======'slide_starting_slide_active'====== Args={'_from_bcp': True}
2025-03-10 19:56:37,969 : INFO : EventManager : Event: ======'slide_company_slide_created'====== Args={'_from_bcp': True}
2025-03-10 19:56:37,974 : INFO : EventManager : Event: ======'slide_company_slide_active'====== Args={'_from_bcp': True}
2025-03-10 19:56:42,949 : INFO : EventManager : Event: ======'slide_lastgame_slide_created'====== Args={'_from_bcp': True}
2025-03-10 19:56:42,951 : INFO : EventManager : Event: ======'slide_lastgame_slide_active'====== Args={'_from_bcp': True}
2025-03-10 19:56:47,952 : INFO : EventManager : Event: ======'slide_ship_slide_removed'====== Args={'_from_bcp': True}
2025-03-10 19:56:47,970 : INFO : EventManager : Event: ======'slide_ship_slide_created'====== Args={'_from_bcp': True}
2025-03-10 19:56:47,980 : INFO : EventManager : Event: ======'slide_ship_slide_active'====== Args={'_from_bcp': True}
2025-03-10 19:56:52,941 : INFO : EventManager : Event: ======'slide_starting_slide_removed'====== Args={'_from_bcp': True}
2025-03-10 19:56:52,947 : INFO : EventManager : Event: ======'slide_starting_slide_created'====== Args={'_from_bcp': True}
2025-03-10 19:56:52,948 : INFO : EventManager : Event: ======'slide_starting_slide_active'====== Args={'_from_bcp': True}
2025-03-10 19:56:57,953 : INFO : EventManager : Event: ======'slide_company_slide_removed'====== Args={'_from_bcp': True}
2025-03-10 19:56:57,974 : INFO : EventManager : Event: ======'slide_company_slide_created'====== Args={'_from_bcp': True}
2025-03-10 19:56:57,977 : INFO : EventManager : Event: ======'slide_company_slide_active'====== Args={'_from_bcp': True}
2025-03-10 19:57:02,947 : INFO : EventManager : Event: ======'slide_lastgame_slide_removed'====== Args={'_from_bcp': True}
2025-03-10 19:57:02,959 : INFO : EventManager : Event: ======'slide_lastgame_slide_created'====== Args={'_from_bcp': True}
2025-03-10 19:57:02,961 : INFO : EventManager : Event: ======'slide_lastgame_slide_active'====== Args={'_from_bcp': True}
2025-03-10 19:57:07,945 : INFO : EventManager : Event: ======'slide_ship_slide_removed'====== Args={'_from_bcp': True}
2025-03-10 19:57:07,951 : INFO : EventManager : Event: ======'slide_ship_slide_created'====== Args={'_from_bcp': True}
2025-03-10 19:57:07,957 : INFO : EventManager : Event: ======'slide_ship_slide_active'====== Args={'_from_bcp': True}
2025-03-10 19:57:10,706 : INFO : Machine : Shutting down...
2025-03-10 19:57:10,707 : INFO : EventManager : Event: ======'shutdown'====== Args={}
2025-03-10 19:57:10,713 : INFO : root : MPF run loop ended.
