2025-03-05 22:14:00,292 : kivy : deps: Successfully imported "kivy_deps.gstreamer" 0.3.3
2025-03-05 22:14:00,292 : kivy : deps: Successfully imported "kivy_deps.angle" 0.3.3
2025-03-05 22:14:00,292 : kivy : deps: Successfully imported "kivy_deps.glew" 0.3.1
2025-03-05 22:14:00,292 : kivy : deps: Successfully imported "kivy_deps.sdl2" 0.6.0
2025-03-05 22:14:00,292 : kivy : Kivy: v2.2.1
2025-03-05 22:14:00,292 : kivy : Kivy: Installed at "C:\Users\duffb\.pyenv\pyenv-win\versions\3.11.0\Lib\site-packages\kivy\__init__.py"
2025-03-05 22:14:00,292 : kivy : Python: v3.11.0 (main, Oct 24 2022, 18:26:48) [MSC v.1933 64 bit (AMD64)]
2025-03-05 22:14:00,293 : kivy : Python: Interpreter at "C:\Users\duffb\.pyenv\pyenv-win\versions\3.11.0\python.exe"
2025-03-05 22:14:00,306 : kivy : Factory: 190 symbols loaded
2025-03-05 22:14:00,446 : kivy : ImageLoaderFFPy: Using ffpyplayer 4.5.1
2025-03-05 22:14:00,447 : kivy : Image: Providers: img_tex, img_dds, img_sdl2, img_pil, img_ffpyplayer 
2025-03-05 22:14:00,631 : kivy : VideoGstplayer: Using Gstreamer 1.18.5.0
2025-03-05 22:14:00,631 : kivy : Video: Provider: gstplayer
2025-03-05 22:14:00,664 : root : Loading MPF-MC controller
2025-03-05 22:14:00,678 : YamlMultifileConfigLoader : Machine config file #1: config
2025-03-05 22:14:00,679 : ConfigProcessor : Config file in cache changed: C:\Users\duffb\OneDrive\Documents\Python Envs\PinBallWW1\Machine\config\config
2025-03-05 22:14:00,679 : ConfigProcessor : Loading config from file C:\Users\duffb\.pyenv\pyenv-win\versions\3.11.0\Lib\site-packages\mpfmc\mcconfig.yaml.
2025-03-05 22:14:00,685 : ConfigProcessor : Loading config: C:\Users\duffb\.pyenv\pyenv-win\versions\3.11.0\Lib\site-packages\mpfmc\mcconfig.yaml
2025-03-05 22:14:00,685 : ConfigProcessor : Loading config from file C:\Users\duffb\OneDrive\Documents\Python Envs\PinBallWW1\Machine\config\config.
2025-03-05 22:14:00,688 : ConfigProcessor : Loading config: C:\Users\duffb\OneDrive\Documents\Python Envs\PinBallWW1\Machine\config\config
2025-03-05 22:14:00,689 : ConfigProcessor : Config file cache created: C:\Users\duffb\AppData\Local\Temp\de7a4651692d89380cb727f0a44dc491.mpf_cache
2025-03-05 22:14:00,689 : ConfigProcessor : Loading config from cache: C:\Users\duffb\AppData\Local\Temp\2d51d76727b268a801d8dd7a18b89879.mpf_cache
2025-03-05 22:14:00,689 : ConfigProcessor : Loading config from cache: C:\Users\duffb\AppData\Local\Temp\9f058d482eac17116727d62a93500be7.mpf_cache
2025-03-05 22:14:00,690 : mpfmc : Mission Pinball Framework Media Controller (MPF-MC) v0.57.1. Requires MPF v0.57.0 or newer.
2025-03-05 22:14:00,690 : mpfmc : Found MPF v0.57.0
2025-03-05 22:14:00,690 : mpfmc : Machine path: C:\Users\duffb\OneDrive\Documents\Python Envs\PinBallWW1\Machine
2025-03-05 22:14:00,690 : mpfmc : Starting clock at 60.0Hz
2025-03-05 22:14:00,704 : kivy : Text: Provider: sdl2
2025-03-05 22:14:00,751 : kivy : Window: Provider: sdl2
2025-03-05 22:14:00,939 : kivy : GL: Using the "OpenGL" graphics system
2025-03-05 22:14:00,941 : kivy : GL: GLEW initialization succeeded
2025-03-05 22:14:00,941 : kivy : GL: Backend used <glew>
2025-03-05 22:14:00,941 : kivy : GL: OpenGL version <b'4.6.0 - Build 31.0.101.5592'>
2025-03-05 22:14:00,941 : kivy : GL: OpenGL vendor <b'Intel'>
2025-03-05 22:14:00,941 : kivy : GL: OpenGL renderer <b'Intel(R) UHD Graphics'>
2025-03-05 22:14:00,941 : kivy : GL: OpenGL parsed version: 4, 6
2025-03-05 22:14:00,941 : kivy : GL: Shading version <b'4.60 - Build 31.0.101.5592'>
2025-03-05 22:14:00,941 : kivy : GL: Texture max size <16384>
2025-03-05 22:14:00,941 : kivy : GL: Texture max units <32>
2025-03-05 22:14:00,964 : kivy : Window: auto add sdl2 input provider
2025-03-05 22:14:00,964 : kivy : Window: virtual keyboard not allowed, single mode, not docked
2025-03-05 22:14:01,421 : AudioInterface : Initialized
2025-03-05 22:14:01,421 : AudioInterface : Loaded SDL 2.26.4
2025-03-05 22:14:01,421 : AudioInterface : Loaded SDL_Mixer 2.6.3
2025-03-05 22:14:01,421 : AudioInterface : Loaded GStreamer 1.18.5.0
2025-03-05 22:14:01,421 : AudioInterface : Loaded GLib 2.62.6
2025-03-05 22:14:01,421 : AudioInterface : Settings requested - rate: 44100, channels: 1, buffer: 2048 samples
2025-03-05 22:14:01,421 : AudioInterface : Settings in use - rate: 44100, channels: 1, buffer: 2048 samples (4096 bytes @ 2 bytes per sample)
2025-03-05 22:14:01,422 : SoundSystem : Setting master volume to 0.0
2025-03-05 22:14:01,422 : AudioInterface : Enabling audio playback
2025-03-05 22:14:01,423 : kivy : Base: Start application main loop
2025-03-05 22:14:01,423 : EventManager : Event: ======'display_window_initialized'====== Args={}
2025-03-05 22:14:01,437 : mpfmc : Display: Setting 'window' as default display
2025-03-05 22:14:01,442 : EventManager : Event: ======'displays_initialized'====== Args={}
2025-03-05 22:14:01,443 : EventManager : Event: ======'slide_window_blank_created'====== Args={}
2025-03-05 22:14:01,443 : EventManager : Event: ======'display_window_ready'====== Args={}
2025-03-05 22:14:01,453 : EventManager : Event: ======'init_phase_1'====== Args={}
2025-03-05 22:14:01,456 : EventManager : Event: ======'mc_ready'====== Args={}
2025-03-05 22:14:01,456 : EventManager : Event: ======'init_phase_2'====== Args={}
2025-03-05 22:14:01,457 : EventManager : Event: ======'init_phase_3'====== Args={}
2025-03-05 22:14:01,458 : EventManager : Event: ======'init_phase_4'====== Args={}
2025-03-05 22:14:01,458 : EventManager : Event: ======'init_phase_5'====== Args={}
2025-03-05 22:14:01,467 : kivy : GL: NPOT texture support is available
2025-03-05 22:14:01,469 : EventManager : Event: ======'loading_assets'====== Args={'total': 1, 'loaded': 1, 'remaining': 0, 'percent': 100}
2025-03-05 22:14:01,469 : AssetManager : Asset loading took: 0.04713582992553711
2025-03-05 22:14:01,469 : EventManager : Event: ======'asset_loading_complete'====== Args={}
2025-03-05 22:14:01,469 : AssetManager : Loading assets: 1/1 (100%)
2025-03-05 22:14:01,469 : EventManager : Event: ======'init_done'====== Args={}
2025-03-05 22:14:01,471 : MPF-MC BCP Server : Starting up on localhost port 5050
2025-03-05 22:14:01,475 : MPF-MC BCP Server : Waiting for a connection...
2025-03-05 22:14:01,477 : EventManager : Event: ======'slide_welcome_slide_created'====== Args={}
2025-03-05 22:14:01,477 : EventManager : Event: ======'slide_welcome_slide_active'====== Args={}
2025-03-05 22:14:01,480 : EventManager : Event: ======'client_disconnected'====== Args={'host': '127.0.0.1', 'port': 5050}
2025-03-05 22:14:02,470 : MPF-MC BCP Server : Received connection from: 127.0.0.1:58571
2025-03-05 22:14:02,480 : EventManager : Event: ======'client_connected'====== Args={'host': '127.0.0.1', 'port': 58571}
2025-03-05 22:14:03,252 : EventManager : Event: ======'machine_var_credits_string'====== Args={'value': 'FREE PLAY', 'prev_value': None, 'change': True}
2025-03-05 22:14:03,252 : EventManager : Event: ======'machine_var_master_volume'====== Args={'value': 0.5, 'prev_value': None, 'change': True}
2025-03-05 22:14:03,252 : EventManager : Event: ======'machine_var_player1_score'====== Args={'value': 0, 'prev_value': None, 'change': True}
2025-03-05 22:14:03,252 : EventManager : Event: ======'machine_var_mpf_version'====== Args={'value': 'Mission Pinball Framework v0.57.0', 'prev_value': None, 'change': True}
2025-03-05 22:14:03,252 : EventManager : Event: ======'machine_var_mpf_extended_version'====== Args={'value': 'Mission Pinball Framework v0.57.0, Config version:6, Show version: 6, BCP version:1.1', 'prev_value': None, 'change': True}
2025-03-05 22:14:03,252 : EventManager : Event: ======'machine_var_python_version'====== Args={'value': '3.11.0', 'prev_value': None, 'change': True}
2025-03-05 22:14:03,252 : EventManager : Event: ======'machine_var_platform'====== Args={'value': 'Windows-10-10.0.26100-SP0', 'prev_value': None, 'change': True}
2025-03-05 22:14:03,252 : EventManager : Event: ======'machine_var_platform_system'====== Args={'value': 'Windows', 'prev_value': None, 'change': True}
2025-03-05 22:14:03,252 : EventManager : Event: ======'machine_var_platform_release'====== Args={'value': '10', 'prev_value': None, 'change': True}
2025-03-05 22:14:03,252 : EventManager : Event: ======'machine_var_platform_version'====== Args={'value': '10.0.26100', 'prev_value': None, 'change': True}
2025-03-05 22:14:03,253 : EventManager : Event: ======'machine_var_platform_machine'====== Args={'value': 'AMD64', 'prev_value': None, 'change': True}
2025-03-05 22:14:03,253 : EventManager : Event: ======'machine_var_mc_version'====== Args={'value': 'MPF-MC v0.57.1', 'prev_value': None, 'change': True}
2025-03-05 22:14:03,253 : EventManager : Event: ======'machine_var_mc_extended_version'====== Args={'value': 'MPF-MC v0.57.1 (config_version=6, BCP v1.1,                      Requires MPF API compatibility v0.57.0 or newer)', 'prev_value': None, 'change': True}
2025-03-05 22:14:03,253 : EventManager : Event: ======'machine_var_credits_string'====== Args={'value': 'FREE PLAY', 'prev_value': None, 'change': True}
2025-03-05 22:14:03,253 : EventManager : Event: ======'machine_var_master_volume'====== Args={'value': 0.5, 'prev_value': None, 'change': True}
2025-03-05 22:14:03,253 : EventManager : Event: ======'machine_var_player1_score'====== Args={'value': 0, 'prev_value': None, 'change': True}
2025-03-05 22:14:03,253 : EventManager : Event: ======'machine_var_mpf_version'====== Args={'value': 'Mission Pinball Framework v0.57.0', 'prev_value': None, 'change': True}
2025-03-05 22:14:03,253 : EventManager : Event: ======'machine_var_mpf_extended_version'====== Args={'value': 'Mission Pinball Framework v0.57.0, Config version:6, Show version: 6, BCP version:1.1', 'prev_value': None, 'change': True}
2025-03-05 22:14:03,253 : EventManager : Event: ======'machine_var_python_version'====== Args={'value': '3.11.0', 'prev_value': None, 'change': True}
2025-03-05 22:14:03,253 : EventManager : Event: ======'machine_var_platform'====== Args={'value': 'Windows-10-10.0.26100-SP0', 'prev_value': None, 'change': True}
2025-03-05 22:14:03,253 : EventManager : Event: ======'machine_var_platform_system'====== Args={'value': 'Windows', 'prev_value': None, 'change': True}
2025-03-05 22:14:03,253 : EventManager : Event: ======'machine_var_platform_release'====== Args={'value': '10', 'prev_value': None, 'change': True}
2025-03-05 22:14:03,253 : EventManager : Event: ======'machine_var_platform_version'====== Args={'value': '10.0.26100', 'prev_value': None, 'change': True}
2025-03-05 22:14:03,254 : EventManager : Event: ======'machine_var_platform_machine'====== Args={'value': 'AMD64', 'prev_value': None, 'change': True}
2025-03-05 22:14:03,254 : EventManager : Event: ======'machine_var_mc_version'====== Args={'value': 'MPF-MC v0.57.1', 'prev_value': None, 'change': True}
2025-03-05 22:14:03,254 : EventManager : Event: ======'machine_var_mc_extended_version'====== Args={'value': 'MPF-MC v0.57.1 (config_version=6, BCP v1.1,                      Requires MPF API compatibility v0.57.0 or newer)', 'prev_value': None, 'change': True}
2025-03-05 22:14:03,254 : EventManager : Event: ======'machine_var_credits_string'====== Args={'value': 'FREE PLAY', 'prev_value': None, 'change': True}
2025-03-05 22:14:03,254 : EventManager : Event: ======'machine_var_master_volume'====== Args={'value': 0.5, 'prev_value': None, 'change': True}
2025-03-05 22:14:03,254 : EventManager : Event: ======'machine_var_player1_score'====== Args={'value': 0, 'prev_value': None, 'change': True}
2025-03-05 22:14:03,254 : EventManager : Event: ======'machine_var_mpf_version'====== Args={'value': 'Mission Pinball Framework v0.57.0', 'prev_value': None, 'change': True}
2025-03-05 22:14:03,254 : EventManager : Event: ======'machine_var_mpf_extended_version'====== Args={'value': 'Mission Pinball Framework v0.57.0, Config version:6, Show version: 6, BCP version:1.1', 'prev_value': None, 'change': True}
2025-03-05 22:14:03,254 : EventManager : Event: ======'machine_var_python_version'====== Args={'value': '3.11.0', 'prev_value': None, 'change': True}
2025-03-05 22:14:03,254 : EventManager : Event: ======'machine_var_platform'====== Args={'value': 'Windows-10-10.0.26100-SP0', 'prev_value': None, 'change': True}
2025-03-05 22:14:03,254 : EventManager : Event: ======'machine_var_platform_system'====== Args={'value': 'Windows', 'prev_value': None, 'change': True}
2025-03-05 22:14:03,254 : EventManager : Event: ======'machine_var_platform_release'====== Args={'value': '10', 'prev_value': None, 'change': True}
2025-03-05 22:14:03,254 : EventManager : Event: ======'machine_var_platform_version'====== Args={'value': '10.0.26100', 'prev_value': None, 'change': True}
2025-03-05 22:14:03,254 : EventManager : Event: ======'machine_var_platform_machine'====== Args={'value': 'AMD64', 'prev_value': None, 'change': True}
2025-03-05 22:14:03,254 : EventManager : Event: ======'machine_var_mc_version'====== Args={'value': 'MPF-MC v0.57.1', 'prev_value': None, 'change': True}
2025-03-05 22:14:03,254 : EventManager : Event: ======'machine_var_mc_extended_version'====== Args={'value': 'MPF-MC v0.57.1 (config_version=6, BCP v1.1,                      Requires MPF API compatibility v0.57.0 or newer)', 'prev_value': None, 'change': True}
2025-03-05 22:14:03,254 : EventManager : Event: ======'machine_var_credits_string'====== Args={'value': 'FREE PLAY', 'prev_value': None, 'change': True}
2025-03-05 22:14:03,254 : EventManager : Event: ======'machine_var_master_volume'====== Args={'value': 0.5, 'prev_value': None, 'change': True}
2025-03-05 22:14:03,254 : EventManager : Event: ======'machine_var_player1_score'====== Args={'value': 0, 'prev_value': None, 'change': True}
2025-03-05 22:14:03,254 : EventManager : Event: ======'machine_var_mpf_version'====== Args={'value': 'Mission Pinball Framework v0.57.0', 'prev_value': None, 'change': True}
2025-03-05 22:14:03,254 : EventManager : Event: ======'machine_var_mpf_extended_version'====== Args={'value': 'Mission Pinball Framework v0.57.0, Config version:6, Show version: 6, BCP version:1.1', 'prev_value': None, 'change': True}
2025-03-05 22:14:03,254 : EventManager : Event: ======'machine_var_python_version'====== Args={'value': '3.11.0', 'prev_value': None, 'change': True}
2025-03-05 22:14:03,254 : EventManager : Event: ======'machine_var_platform'====== Args={'value': 'Windows-10-10.0.26100-SP0', 'prev_value': None, 'change': True}
2025-03-05 22:14:03,254 : EventManager : Event: ======'machine_var_platform_system'====== Args={'value': 'Windows', 'prev_value': None, 'change': True}
2025-03-05 22:14:03,254 : EventManager : Event: ======'machine_var_platform_release'====== Args={'value': '10', 'prev_value': None, 'change': True}
2025-03-05 22:14:03,254 : EventManager : Event: ======'machine_var_platform_version'====== Args={'value': '10.0.26100', 'prev_value': None, 'change': True}
2025-03-05 22:14:03,254 : EventManager : Event: ======'machine_var_platform_machine'====== Args={'value': 'AMD64', 'prev_value': None, 'change': True}
2025-03-05 22:14:03,254 : EventManager : Event: ======'machine_var_mc_version'====== Args={'value': 'MPF-MC v0.57.1', 'prev_value': None, 'change': True}
2025-03-05 22:14:03,254 : EventManager : Event: ======'machine_var_mc_extended_version'====== Args={'value': 'MPF-MC v0.57.1 (config_version=6, BCP v1.1,                      Requires MPF API compatibility v0.57.0 or newer)', 'prev_value': None, 'change': True}
2025-03-05 22:14:03,254 : EventManager : Event: ======'machine_var_audits_events_game_ended'====== Args={'value': 2, 'prev_value': None, 'change': True}
2025-03-05 22:14:03,255 : EventManager : Event: ======'machine_var_audits_events_game_started'====== Args={'value': 3, 'prev_value': None, 'change': True}
2025-03-05 22:14:03,255 : EventManager : Event: ======'machine_var_audits_missing_switches_s_drain'====== Args={'value': 3, 'prev_value': None, 'change': True}
2025-03-05 22:14:03,255 : EventManager : Event: ======'machine_var_audits_missing_switches_s_launcher_button'====== Args={'value': 1, 'prev_value': None, 'change': True}
2025-03-05 22:14:03,255 : EventManager : Event: ======'machine_var_audits_missing_switches_s_left_flipper'====== Args={'value': 2, 'prev_value': None, 'change': True}
2025-03-05 22:14:03,255 : EventManager : Event: ======'machine_var_audits_missing_switches_s_right_flipper'====== Args={'value': 2, 'prev_value': None, 'change': True}
2025-03-05 22:14:03,255 : EventManager : Event: ======'machine_var_audits_missing_switches_s_trough1'====== Args={'value': 1, 'prev_value': None, 'change': True}
2025-03-05 22:14:03,255 : EventManager : Event: ======'machine_var_audits_missing_switches_s_trough2'====== Args={'value': 2, 'prev_value': None, 'change': True}
2025-03-05 22:14:03,255 : EventManager : Event: ======'machine_var_audits_missing_switches_s_trough3'====== Args={'value': 3, 'prev_value': None, 'change': True}
2025-03-05 22:14:03,255 : EventManager : Event: ======'machine_var_audits_missing_switches_s_trough_enter'====== Args={'value': 3, 'prev_value': None, 'change': True}
2025-03-05 22:14:03,255 : EventManager : Event: ======'machine_var_audits_player_score'====== Args={'value': {'average': 0, 'top': [0, 0], 'total': 2}, 'prev_value': None, 'change': True}
2025-03-05 22:14:03,255 : EventManager : Event: ======'machine_var_audits_switches_s_drain'====== Args={'value': 0, 'prev_value': None, 'change': True}
2025-03-05 22:14:03,255 : EventManager : Event: ======'machine_var_audits_switches_s_launcher_button'====== Args={'value': 4, 'prev_value': None, 'change': True}
2025-03-05 22:14:03,255 : EventManager : Event: ======'machine_var_audits_switches_s_left_flipper'====== Args={'value': 9, 'prev_value': None, 'change': True}
2025-03-05 22:14:03,255 : EventManager : Event: ======'machine_var_audits_switches_s_playfield_entry'====== Args={'value': 8, 'prev_value': None, 'change': True}
2025-03-05 22:14:03,255 : EventManager : Event: ======'machine_var_audits_switches_s_plunger_lane'====== Args={'value': 14, 'prev_value': None, 'change': True}
2025-03-05 22:14:03,255 : EventManager : Event: ======'machine_var_audits_switches_s_right_flipper'====== Args={'value': 7, 'prev_value': None, 'change': True}
2025-03-05 22:14:03,255 : EventManager : Event: ======'machine_var_audits_switches_s_trough1'====== Args={'value': 6, 'prev_value': None, 'change': True}
2025-03-05 22:14:03,255 : EventManager : Event: ======'machine_var_audits_switches_s_trough2'====== Args={'value': 1, 'prev_value': None, 'change': True}
2025-03-05 22:14:03,255 : EventManager : Event: ======'machine_var_audits_switches_s_trough3'====== Args={'value': 0, 'prev_value': None, 'change': True}
2025-03-05 22:14:03,255 : EventManager : Event: ======'machine_var_audits_switches_s_trough_enter'====== Args={'value': 0, 'prev_value': None, 'change': True}
2025-03-05 22:14:03,255 : EventManager : Event: ======'slides_play'====== Args={'settings': {'welcome_slide': {'target': None, 'background_color': [0.0, 0.0, 0.0, 1.0], 'priority': None, 'show': True, 'force': False, 'expire': None, 'slide': None, 'tokens': {}, 'action': 'play'}}, 'context': '_global', 'calling_context': 'init_done', 'priority': 0}
2025-03-05 22:14:03,255 : EventManager : Event: ======'mc_reset_phase_1'====== Args={}
2025-03-05 22:14:03,255 : SoundSystem : Setting master volume to 0.5
2025-03-05 22:14:03,255 : SoundSystem : Setting master volume to 0.5
2025-03-05 22:14:03,255 : SoundSystem : Setting master volume to 0.5
2025-03-05 22:14:03,255 : SoundSystem : Setting master volume to 0.5
2025-03-05 22:14:03,256 : EventManager : Event: ======'slide_welcome_slide_removed'====== Args={}
2025-03-05 22:14:03,257 : EventManager : Event: ======'slide_welcome_slide_created'====== Args={}
2025-03-05 22:14:03,257 : EventManager : Event: ======'mc_reset_phase_2'====== Args={}
2025-03-05 22:14:03,257 : EventManager : Event: ======'mc_reset_phase_3'====== Args={}
2025-03-05 22:14:03,257 : EventManager : Event: ======'mc_reset_complete'====== Args={}
2025-03-05 22:14:03,258 : EventManager : Event: ======'slide_welcome_slide_active'====== Args={}
2025-03-05 22:14:03,274 : EventManager : Event: ======'sounds_play'====== Args={'settings': {'main': {'action': 'play', 'priority': None, 'block': False, 'delay': None, 'track': None, 'volume': None, 'ducking': {}, 'pan': None, 'loops': None, 'start_at': None, 'fade_in': None, 'fade_out': None, 'about_to_finish_time': -1.0, 'max_queue_time': -1.0, 'events_when_played': ['use_sound_setting'], 'events_when_stopped': ['use_sound_setting'], 'events_when_looping': ['use_sound_setting'], 'events_when_about_to_finish': ['use_sound_setting'], 'mode_end_action': 'use_sound_setting', 'key': 'use_sound_setting'}}, 'context': '_global', 'calling_context': 'mode_attract_started', 'priority': 0}
2025-03-05 22:14:03,294 : EventManager : Event: ======'loading_assets'====== Args={'total': 1, 'loaded': 1, 'remaining': 0, 'percent': 100}
2025-03-05 22:14:03,294 : AssetManager : Asset loading took: 1.8713057041168213
2025-03-05 22:14:03,294 : EventManager : Event: ======'asset_loading_complete'====== Args={}
2025-03-05 22:14:03,294 : AssetManager : Loading assets: 1/1 (100%)
2025-03-05 22:14:04,767 : EventManager : Event: ======'game_started'====== Args={}
2025-03-05 22:14:04,779 : EventManager : Event: ======'sounds_play'====== Args={'settings': {'main': {'action': 'stop', 'priority': None, 'block': False, 'delay': None, 'track': None, 'volume': None, 'ducking': {}, 'pan': None, 'loops': None, 'start_at': None, 'fade_in': None, 'fade_out': None, 'about_to_finish_time': -1.0, 'max_queue_time': -1.0, 'events_when_played': ['use_sound_setting'], 'events_when_stopped': ['use_sound_setting'], 'events_when_looping': ['use_sound_setting'], 'events_when_about_to_finish': ['use_sound_setting'], 'mode_end_action': 'use_sound_setting', 'key': 'use_sound_setting'}}, 'context': '_global', 'calling_context': 'mode_attract_stopped', 'priority': 0}
2025-03-05 22:14:04,779 : EventManager : Event: ======'player_added'====== Args={'player': <Player 1>, 'num': 1}
2025-03-05 22:14:04,780 : EventManager : Event: ======'player_index'====== Args={'value': 0, 'prev_value': 0, 'change': 0, 'player_num': 1}
2025-03-05 22:14:04,780 : EventManager : Event: ======'player_number'====== Args={'value': 1, 'prev_value': 1, 'change': 0, 'player_num': 1}
2025-03-05 22:14:04,780 : EventManager : Event: ======'player_score'====== Args={'value': 0, 'prev_value': 0, 'change': 0, 'player_num': 1}
2025-03-05 22:14:04,804 : EventManager : Event: ======'player_ball'====== Args={'value': 1, 'prev_value': 0, 'change': 1, 'player_num': 1}
2025-03-05 22:14:04,804 : EventManager : Event: ======'player_turn_start'====== Args={'number': 1, 'player': <Player 1>}
2025-03-05 22:14:04,804 : EventManager : Event: ======'slides_play'====== Args={'settings': {'widgets': {'widgets': [{'type': 'text', 'text': 'PLAYER (number) BALL (ball)', '_default_settings': ['type', 'text'], 'x': None, 'y': None, 'anchor_x': 'center', 'anchor_y': 'center', 'round_anchor_x': None, 'round_anchor_y': None, 'opacity': 1.0, 'z': 0, 'reset_animations_events': {}, 'color': [1.0, 1.0, 1.0, 1.0], 'style': [], 'adjust_top': 0, 'adjust_bottom': 0, 'adjust_left': 0, 'adjust_right': 0, 'expire': None, 'key': None, 'widget': None, 'events_when_added': [], 'events_when_removed': [], 'font_size': 15, 'bitmap_font': False, 'font_kerning': True, 'bold': False, 'italic': False, 'number_grouping': False, 'min_digits': 0, 'halign': 'center', 'valign': 'middle', 'rotation': 0, 'scale': 1.0, 'casing': None, 'outline_color': [1.0, 1.0, 1.0, 1.0], 'outline_width': 0, 'animations': None}], 'target': None, 'background_color': [0.0, 0.0, 0.0, 1.0], 'priority': None, 'show': True, 'force': False, 'expire': None, 'slide': None, 'tokens': {}, 'action': 'play'}}, 'context': '_global', 'calling_context': 'ball_started', 'priority': 0, 'player': 1, 'ball': 1, 'balls_remaining': 2, 'is_extra_ball': False}
2025-03-05 22:14:04,812 : EventManager : Event: ======'slide__global.slide_player-ball_started_created'====== Args={}
2025-03-05 22:14:04,813 : EventManager : Event: ======'slide__global.slide_player-ball_started_active'====== Args={}
2025-03-05 22:14:04,866 : EventManager : Event: ======'machine_var_audits_switches_s_plunger_lane'====== Args={'value': 15, 'prev_value': 14, 'change': 1}
2025-03-05 22:14:04,918 : EventManager : Event: ======'machine_var_audits_switches_s_plunger_lane'====== Args={'value': 16, 'prev_value': 15, 'change': 1}
2025-03-05 22:14:05,517 : EventManager : Event: ======'machine_var_audits_switches_s_playfield_entry'====== Args={'value': 9, 'prev_value': 8, 'change': 1}
2025-03-05 22:14:07,438 : EventManager : Event: ======'machine_var_audits_switches_s_trough1'====== Args={'value': 7, 'prev_value': 6, 'change': 1}
2025-03-05 22:14:07,959 : EventManager : Event: ======'player_ball'====== Args={'value': 2, 'prev_value': 1, 'change': 1, 'player_num': 1}
2025-03-05 22:14:07,984 : EventManager : Event: ======'slides_play'====== Args={'settings': {'widgets': {'widgets': [{'type': 'text', 'text': 'PLAYER (number) BALL (ball)', '_default_settings': ['type', 'text'], 'x': None, 'y': None, 'anchor_x': 'center', 'anchor_y': 'center', 'round_anchor_x': None, 'round_anchor_y': None, 'opacity': 1.0, 'z': 0, 'reset_animations_events': {}, 'color': [1.0, 1.0, 1.0, 1.0], 'style': [], 'adjust_top': 0, 'adjust_bottom': 0, 'adjust_left': 0, 'adjust_right': 0, 'expire': None, 'key': None, 'widget': None, 'events_when_added': [], 'events_when_removed': [], 'font_size': 15, 'bitmap_font': False, 'font_kerning': True, 'bold': False, 'italic': False, 'number_grouping': False, 'min_digits': 0, 'halign': 'center', 'valign': 'middle', 'rotation': 0, 'scale': 1.0, 'casing': None, 'outline_color': [1.0, 1.0, 1.0, 1.0], 'outline_width': 0, 'animations': None}], 'target': None, 'background_color': [0.0, 0.0, 0.0, 1.0], 'priority': None, 'show': True, 'force': False, 'expire': None, 'slide': None, 'tokens': {}, 'action': 'play'}}, 'context': '_global', 'calling_context': 'ball_started', 'priority': 0, 'player': 1, 'ball': 2, 'balls_remaining': 1, 'is_extra_ball': False}
2025-03-05 22:14:07,984 : EventManager : Event: ======'slide__global.slide_player-ball_started_removed'====== Args={}
2025-03-05 22:14:07,988 : EventManager : Event: ======'slide__global.slide_player-ball_started_created'====== Args={}
2025-03-05 22:14:07,990 : EventManager : Event: ======'slide__global.slide_player-ball_started_active'====== Args={}
2025-03-05 22:14:08,044 : EventManager : Event: ======'machine_var_audits_switches_s_plunger_lane'====== Args={'value': 17, 'prev_value': 16, 'change': 1}
2025-03-05 22:14:08,094 : EventManager : Event: ======'machine_var_audits_switches_s_plunger_lane'====== Args={'value': 18, 'prev_value': 17, 'change': 1}
2025-03-05 22:14:08,656 : EventManager : Event: ======'machine_var_audits_switches_s_playfield_entry'====== Args={'value': 10, 'prev_value': 9, 'change': 1}
2025-03-05 22:14:11,475 : EventManager : Event: ======'machine_var_audits_switches_s_trough1'====== Args={'value': 8, 'prev_value': 7, 'change': 1}
2025-03-05 22:14:11,995 : EventManager : Event: ======'player_ball'====== Args={'value': 3, 'prev_value': 2, 'change': 1, 'player_num': 1}
2025-03-05 22:14:12,007 : EventManager : Event: ======'slides_play'====== Args={'settings': {'widgets': {'widgets': [{'type': 'text', 'text': 'PLAYER (number) BALL (ball)', '_default_settings': ['type', 'text'], 'x': None, 'y': None, 'anchor_x': 'center', 'anchor_y': 'center', 'round_anchor_x': None, 'round_anchor_y': None, 'opacity': 1.0, 'z': 0, 'reset_animations_events': {}, 'color': [1.0, 1.0, 1.0, 1.0], 'style': [], 'adjust_top': 0, 'adjust_bottom': 0, 'adjust_left': 0, 'adjust_right': 0, 'expire': None, 'key': None, 'widget': None, 'events_when_added': [], 'events_when_removed': [], 'font_size': 15, 'bitmap_font': False, 'font_kerning': True, 'bold': False, 'italic': False, 'number_grouping': False, 'min_digits': 0, 'halign': 'center', 'valign': 'middle', 'rotation': 0, 'scale': 1.0, 'casing': None, 'outline_color': [1.0, 1.0, 1.0, 1.0], 'outline_width': 0, 'animations': None}], 'target': None, 'background_color': [0.0, 0.0, 0.0, 1.0], 'priority': None, 'show': True, 'force': False, 'expire': None, 'slide': None, 'tokens': {}, 'action': 'play'}}, 'context': '_global', 'calling_context': 'ball_started', 'priority': 0, 'player': 1, 'ball': 3, 'balls_remaining': 0, 'is_extra_ball': False}
2025-03-05 22:14:12,008 : EventManager : Event: ======'slide__global.slide_player-ball_started_removed'====== Args={}
2025-03-05 22:14:12,014 : EventManager : Event: ======'slide__global.slide_player-ball_started_created'====== Args={}
2025-03-05 22:14:12,015 : EventManager : Event: ======'slide__global.slide_player-ball_started_active'====== Args={}
2025-03-05 22:14:12,067 : EventManager : Event: ======'machine_var_audits_switches_s_plunger_lane'====== Args={'value': 19, 'prev_value': 18, 'change': 1}
2025-03-05 22:14:12,119 : EventManager : Event: ======'machine_var_audits_switches_s_plunger_lane'====== Args={'value': 20, 'prev_value': 19, 'change': 1}
2025-03-05 22:14:12,680 : EventManager : Event: ======'machine_var_audits_switches_s_playfield_entry'====== Args={'value': 11, 'prev_value': 10, 'change': 1}
2025-03-05 22:14:22,937 : EventManager : Event: ======'machine_var_audits_switches_s_trough1'====== Args={'value': 9, 'prev_value': 8, 'change': 1}
2025-03-05 22:14:23,488 : EventManager : Event: ======'sounds_play'====== Args={'settings': {'main': {'action': 'play', 'priority': None, 'block': False, 'delay': None, 'track': None, 'volume': None, 'ducking': {}, 'pan': None, 'loops': None, 'start_at': None, 'fade_in': None, 'fade_out': None, 'about_to_finish_time': -1.0, 'max_queue_time': -1.0, 'events_when_played': ['use_sound_setting'], 'events_when_stopped': ['use_sound_setting'], 'events_when_looping': ['use_sound_setting'], 'events_when_about_to_finish': ['use_sound_setting'], 'mode_end_action': 'use_sound_setting', 'key': 'use_sound_setting'}}, 'context': '_global', 'calling_context': 'mode_attract_started', 'priority': 0}
2025-03-05 22:14:23,526 : EventManager : Event: ======'game_ended'====== Args={}
2025-03-05 22:14:29,247 : kivy : Base: Leaving application in progress...
2025-03-05 22:14:29,578 : mpfmc : Stopping...
2025-03-05 22:14:29,578 : EventManager : Event: ======'shutdown'====== Args={}
2025-03-05 22:14:29,578 : AudioInterface : Disabling audio playback
2025-03-05 22:14:29,579 : mpfmc : Loop rate 77.21 Hz
2025-03-05 22:14:29,579 : root : MC run loop ended.
2025-03-05 22:14:29,579 : root : Stopping child threads... (3 remaining)
2025-03-05 22:14:30,242 : MPF-MC BCP Server : Stopping BCP sending thread
2025-03-05 22:14:30,268 : mpfmc : Stopping...
2025-03-05 22:14:30,269 : EventManager : Event: ======'shutdown'====== Args={}
2025-03-05 22:14:30,269 : mpfmc : Loop rate 75.37 Hz
2025-03-05 22:14:30,385 : root : All child threads stopped.
